[2025-05-21T13:16:27.938+0000] {taskinstance.py:1157} INFO - Dependencies all met for dep_context=non-requeueable deps ti=<TaskInstance: gold_news_pipeline.store_news_to_hdfs manual__2025-05-21T13:16:10.802802+00:00 [queued]>
[2025-05-21T13:16:27.962+0000] {taskinstance.py:1157} INFO - Dependencies all met for dep_context=requeueable deps ti=<TaskInstance: gold_news_pipeline.store_news_to_hdfs manual__2025-05-21T13:16:10.802802+00:00 [queued]>
[2025-05-21T13:16:27.963+0000] {taskinstance.py:1359} INFO - Starting attempt 1 of 1
[2025-05-21T13:16:27.987+0000] {taskinstance.py:1380} INFO - Executing <Task(PythonOperator): store_news_to_hdfs> on 2025-05-21 13:16:10.802802+00:00
[2025-05-21T13:16:27.998+0000] {standard_task_runner.py:57} INFO - Started process 4619 to run task
[2025-05-21T13:16:28.002+0000] {standard_task_runner.py:84} INFO - Running: ['***', 'tasks', 'run', 'gold_news_pipeline', 'store_news_to_hdfs', 'manual__2025-05-21T13:16:10.802802+00:00', '--job-id', '148', '--raw', '--subdir', 'DAGS_FOLDER/news_batch.py', '--cfg-path', '/tmp/tmpl3jinkh8']
[2025-05-21T13:16:28.007+0000] {standard_task_runner.py:85} INFO - Job 148: Subtask store_news_to_hdfs
[2025-05-21T13:16:28.080+0000] {task_command.py:415} INFO - Running <TaskInstance: gold_news_pipeline.store_news_to_hdfs manual__2025-05-21T13:16:10.802802+00:00 [running]> on host 5c6832b8ad2a
[2025-05-21T13:16:28.200+0000] {taskinstance.py:1660} INFO - Exporting env vars: AIRFLOW_CTX_DAG_OWNER='***' AIRFLOW_CTX_DAG_ID='gold_news_pipeline' AIRFLOW_CTX_TASK_ID='store_news_to_hdfs' AIRFLOW_CTX_EXECUTION_DATE='2025-05-21T13:16:10.802802+00:00' AIRFLOW_CTX_TRY_NUMBER='1' AIRFLOW_CTX_DAG_RUN_ID='manual__2025-05-21T13:16:10.802802+00:00'
[2025-05-21T13:16:28.254+0000] {news_batch.py:131} INFO - Chargement du fichier /app/news_gold_market_20250521_131615.json dans HDFS à /gold_price/news/raw/year=2025/month=5/day=21...
[2025-05-21T13:16:28.256+0000] {client.py:192} INFO - Instantiated <InsecureClient(url='http://namenode:9870')>.
[2025-05-21T13:16:28.263+0000] {client.py:551} INFO - Uploading '/app/news_gold_market_20250521_131615.json' to '/gold_price/news/raw/year=2025/month=5/day=21/news_data.json'.
[2025-05-21T13:16:28.264+0000] {client.py:1116} INFO - Listing '/gold_price/news/raw/year=2025/month=5/day=21/news_data.json'.
[2025-05-21T13:16:28.295+0000] {client.py:496} INFO - Writing to '/gold_price/news/raw/year=2025/month=5/day=21/news_data.json.temp-1747833388289144'.
[2025-05-21T13:16:28.385+0000] {client.py:902} INFO - Deleting '/gold_price/news/raw/year=2025/month=5/day=21/news_data.json' recursively.
[2025-05-21T13:16:28.397+0000] {client.py:937} INFO - Renaming '/gold_price/news/raw/year=2025/month=5/day=21/news_data.json.temp-1747833388289144' to '/gold_price/news/raw/year=2025/month=5/day=21/news_data.json'.
[2025-05-21T13:16:28.410+0000] {news_batch.py:146} INFO - Fichier JSON stocké dans HDFS : /gold_price/news/raw/year=2025/month=5/day=21/news_data.json
[2025-05-21T13:16:28.413+0000] {python.py:194} INFO - Done. Returned value was: True
[2025-05-21T13:16:28.449+0000] {taskinstance.py:1398} INFO - Marking task as SUCCESS. dag_id=gold_news_pipeline, task_id=store_news_to_hdfs, execution_date=20250521T131610, start_date=20250521T131627, end_date=20250521T131628
[2025-05-21T13:16:28.497+0000] {local_task_job_runner.py:228} INFO - Task exited with return code 0
[2025-05-21T13:16:28.526+0000] {taskinstance.py:2776} INFO - 1 downstream tasks scheduled from follow-on schedule check
