[2025-05-21T13:50:41.626+0000] {taskinstance.py:1157} INFO - Dependencies all met for dep_context=non-requeueable deps ti=<TaskInstance: gold_news_pipeline.analyze_news manual__2025-05-21T13:50:21.386034+00:00 [queued]>
[2025-05-21T13:50:41.644+0000] {taskinstance.py:1157} INFO - Dependencies all met for dep_context=requeueable deps ti=<TaskInstance: gold_news_pipeline.analyze_news manual__2025-05-21T13:50:21.386034+00:00 [queued]>
[2025-05-21T13:50:41.645+0000] {taskinstance.py:1359} INFO - Starting attempt 1 of 1
[2025-05-21T13:50:41.670+0000] {taskinstance.py:1380} INFO - Executing <Task(PythonOperator): analyze_news> on 2025-05-21 13:50:21.386034+00:00
[2025-05-21T13:50:41.679+0000] {standard_task_runner.py:57} INFO - Started process 7527 to run task
[2025-05-21T13:50:41.685+0000] {standard_task_runner.py:84} INFO - Running: ['***', 'tasks', 'run', 'gold_news_pipeline', 'analyze_news', 'manual__2025-05-21T13:50:21.386034+00:00', '--job-id', '164', '--raw', '--subdir', 'DAGS_FOLDER/news_batch.py', '--cfg-path', '/tmp/tmpey847rya']
[2025-05-21T13:50:41.690+0000] {standard_task_runner.py:85} INFO - Job 164: Subtask analyze_news
[2025-05-21T13:50:41.851+0000] {task_command.py:415} INFO - Running <TaskInstance: gold_news_pipeline.analyze_news manual__2025-05-21T13:50:21.386034+00:00 [running]> on host 5c6832b8ad2a
[2025-05-21T13:50:42.048+0000] {taskinstance.py:1660} INFO - Exporting env vars: AIRFLOW_CTX_DAG_OWNER='***' AIRFLOW_CTX_DAG_ID='gold_news_pipeline' AIRFLOW_CTX_TASK_ID='analyze_news' AIRFLOW_CTX_EXECUTION_DATE='2025-05-21T13:50:21.386034+00:00' AIRFLOW_CTX_TRY_NUMBER='1' AIRFLOW_CTX_DAG_RUN_ID='manual__2025-05-21T13:50:21.386034+00:00'
[2025-05-21T13:50:42.072+0000] {news_batch.py:162} INFO - Lecture du fichier JSON depuis HDFS : /gold_price/news/raw/year=2025/month=5/day=21/news_data.json...
[2025-05-21T13:50:42.074+0000] {client.py:192} INFO - Instantiated <InsecureClient(url='http://namenode:9870')>.
[2025-05-21T13:50:42.076+0000] {client.py:724} INFO - Reading file '/gold_price/news/raw/year=2025/month=5/day=21/news_data.json'.
[2025-05-21T13:50:42.122+0000] {news_batch.py:172} WARNING - Cluster.__init__ called with contact_points specified, but no load_balancing_policy. In the next major version, this will raise an error; please specify a load-balancing policy. (contact_points = ['cassandra'], lbp = None)
[2025-05-21T13:50:42.128+0000] {news_batch.py:173} WARNING - Downgrading core protocol version from 66 to 65 for 172.18.0.2:9042. To avoid this, it is best practice to explicitly set Cluster(protocol_version) to the version supported by your cluster. http://datastax.github.io/python-driver/api/cassandra/cluster.html#cassandra.cluster.Cluster.protocol_version
[2025-05-21T13:50:42.131+0000] {news_batch.py:173} WARNING - Downgrading core protocol version from 65 to 5 for 172.18.0.2:9042. To avoid this, it is best practice to explicitly set Cluster(protocol_version) to the version supported by your cluster. http://datastax.github.io/python-driver/api/cassandra/cluster.html#cassandra.cluster.Cluster.protocol_version
[2025-05-21T13:50:42.144+0000] {policies.py:289} INFO - Using datacenter 'DC1' for DCAwareRoundRobinPolicy (via host '172.18.0.2:9042'); if incorrect, please specify a local_dc to the constructor, or limit contact points to local cluster nodes
[2025-05-21T13:50:42.489+0000] {news_batch.py:222} INFO - Nombre total de news à analyser : 99
[2025-05-21T13:50:42.492+0000] {news_batch.py:192} INFO - Analyse de la news : Amber Nigam is CEO and cofounder of basys.ai, a Ha...
[2025-05-21T13:50:48.325+0000] {news_batch.py:192} INFO - Analyse de la news : Advertiser Disclosure
Terms apply to American Expr...
[2025-05-21T13:50:54.071+0000] {news_batch.py:192} INFO - Analyse de la news : Barcelona are supposedly set for a quieter summer ...
[2025-05-21T13:50:59.527+0000] {news_batch.py:192} INFO - Analyse de la news : The American Customer Satisfaction Index released ...
[2025-05-21T13:51:05.503+0000] {news_batch.py:192} INFO - Analyse de la news : The Monster Energy Aesthetic and Branding
Design ...
[2025-05-21T13:51:11.185+0000] {news_batch.py:192} INFO - Analyse de la news : It was just a couple of months ago, as I write thi...
[2025-05-21T13:51:16.887+0000] {news_batch.py:192} INFO - Analyse de la news : Why you can trust Windows Central
Our expert revi...
[2025-05-21T13:51:22.637+0000] {news_batch.py:192} INFO - Analyse de la news : The US Senate has advanced the GENIUS Act, a bill ...
[2025-05-21T13:51:28.671+0000] {news_batch.py:192} INFO - Analyse de la news : China-linked UnsolicitedBooker APT used new backdo...
[2025-05-21T13:51:34.442+0000] {news_batch.py:192} INFO - Analyse de la news : Canada has a flashy new 3D coin that collectors wi...
[2025-05-21T13:51:40.419+0000] {news_batch.py:192} INFO - Analyse de la news : A Look Back: The Genesis of Tie-Dye
Tie-dye, in i...
[2025-05-21T13:51:46.280+0000] {news_batch.py:192} INFO - Analyse de la news : What happens when one of horologys most radical vo...
[2025-05-21T13:51:52.158+0000] {news_batch.py:192} INFO - Analyse de la news : Gaming consoles have come a long way from the days...
[2025-05-21T13:51:58.038+0000] {news_batch.py:192} INFO - Analyse de la news : Amazon has now brought back its all-time low prici...
[2025-05-21T13:52:03.713+0000] {news_batch.py:192} INFO - Analyse de la news : MONTREAL Dynacor Group Inc. (TSX-DNG) (Dynacor or ...
[2025-05-21T13:52:09.655+0000] {news_batch.py:192} INFO - Analyse de la news : Huawei made a stunning entry into the foldable lap...
[2025-05-21T13:52:15.542+0000] {news_batch.py:192} INFO - Analyse de la news : This illustration photograph taken on November 22,...
[2025-05-21T13:52:21.797+0000] {news_batch.py:192} INFO - Analyse de la news : Gold prices in India saw decrease today across all...
[2025-05-21T13:52:27.600+0000] {news_batch.py:192} INFO - Analyse de la news : America’s enemies are gaining ground in the Wester...
[2025-05-21T13:52:33.303+0000] {news_batch.py:192} INFO - Analyse de la news : In brief
<ul><li>Bitcoin ETFs saw their best day ...
[2025-05-21T13:52:39.093+0000] {news_batch.py:192} INFO - Analyse de la news : Australian gold mining company Northern Star Resou...
[2025-05-21T13:52:45.000+0000] {news_batch.py:192} INFO - Analyse de la news : Bitcoin just got a surprising nod from Jamie Dimon...
[2025-05-21T13:52:50.819+0000] {news_batch.py:192} INFO - Analyse de la news : Serialization of selections from my book Our Count...
[2025-05-21T13:52:56.621+0000] {news_batch.py:192} INFO - Analyse de la news : In This Article:Key Points-Economic pressures may ...
[2025-05-21T13:53:02.433+0000] {news_batch.py:192} INFO - Analyse de la news : ASRock is introducing several new motherboards at ...
[2025-05-21T13:53:08.317+0000] {news_batch.py:192} INFO - Analyse de la news : VANCOUVER, British Columbia, May 20, 2025 (GLOBE N...
[2025-05-21T13:53:14.126+0000] {news_batch.py:192} INFO - Analyse de la news : UKs Legal Aid Agency discloses a data breach follo...
[2025-05-21T13:53:20.147+0000] {news_batch.py:192} INFO - Analyse de la news : New York City, May 20, 2025 (GLOBE NEWSWIRE) -- In...
[2025-05-21T13:53:25.863+0000] {news_batch.py:192} INFO - Analyse de la news : The pseudonymous co-founder of ScimitarCapital, Th...
[2025-05-21T13:53:31.719+0000] {news_batch.py:192} INFO - Analyse de la news : Janus Henderson Group PLC lowered its position in ...
[2025-05-21T13:53:37.659+0000] {news_batch.py:192} INFO - Analyse de la news : Graham Capital Management L.P. acquired a new stak...
[2025-05-21T13:53:43.661+0000] {news_batch.py:192} INFO - Analyse de la news : Robinhood Markets, Bitdeer Technologies Group, and...
[2025-05-21T13:53:49.346+0000] {news_batch.py:192} INFO - Analyse de la news : Integra Resources Corp. (CVE:ITR – Free Report) – ...
[2025-05-21T13:53:55.271+0000] {news_batch.py:192} INFO - Analyse de la news : Deutsche Bank AG lifted its holdings in shares of ...
[2025-05-21T13:54:01.157+0000] {news_batch.py:192} INFO - Analyse de la news : Graham Capital Management L.P. acquired a new posi...
[2025-05-21T13:54:07.109+0000] {news_batch.py:192} INFO - Analyse de la news : Graham Capital Management L.P. lowered its positio...
[2025-05-21T13:54:13.086+0000] {news_batch.py:192} INFO - Analyse de la news : Graham Capital Management L.P. purchased a new pos...
[2025-05-21T13:54:19.003+0000] {news_batch.py:192} INFO - Analyse de la news : Gotham Asset Management LLC reduced its stake in s...
[2025-05-21T13:54:24.872+0000] {news_batch.py:192} INFO - Analyse de la news : Gotham Asset Management LLC boosted its stake in s...
[2025-05-21T13:54:30.671+0000] {news_batch.py:192} INFO - Analyse de la news : Gotham Asset Management LLC increased its position...
[2025-05-21T13:54:36.661+0000] {news_batch.py:192} INFO - Analyse de la news : Network expansion of industry leading program brin...
[2025-05-21T13:54:42.448+0000] {news_batch.py:192} INFO - Analyse de la news : Ariana Resources plc (LON:AAU – Get Free Report)’s...
[2025-05-21T13:54:48.409+0000] {news_batch.py:192} INFO - Analyse de la news : Collective Mining Ltd. (TSE:CNL – Get Free Report)...
[2025-05-21T13:54:54.341+0000] {news_batch.py:192} INFO - Analyse de la news : Orlando, FL, May 20, 2025 (GLOBE NEWSWIRE) -- Sign...
[2025-05-21T13:55:00.010+0000] {news_batch.py:192} INFO - Analyse de la news : Focus Partners Wealth lifted its holdings in share...
[2025-05-21T13:55:05.974+0000] {news_batch.py:192} INFO - Analyse de la news : Focus Partners Wealth grew its holdings in Barrick...
[2025-05-21T13:55:12.066+0000] {news_batch.py:192} INFO - Analyse de la news : There is a popular saying, that goes, "If you want...
[2025-05-21T13:55:17.895+0000] {news_batch.py:192} INFO - Analyse de la news : Captrust Financial Advisors lessened its holdings ...
[2025-05-21T13:55:23.713+0000] {news_batch.py:192} INFO - Analyse de la news : <ul><li>News</li>
<li>When theatres became temple...
[2025-05-21T13:55:29.261+0000] {news_batch.py:192} INFO - Analyse de la news : Lundin Mining Co. (TSE:LUN – Get Free Report) pass...
[2025-05-21T13:55:35.070+0000] {news_batch.py:192} INFO - Analyse de la news : Sarcoma Ransomware Unveiled: Anatomy of a Double E...
[2025-05-21T13:55:40.954+0000] {news_batch.py:192} INFO - Analyse de la news : Gold Coverage goes above and beyond the manufactur...
[2025-05-21T13:55:46.774+0000] {news_batch.py:192} INFO - Analyse de la news : Why Paint Matters: The Benefits of a Fresh Look
B...
[2025-05-21T13:55:52.554+0000] {news_batch.py:192} INFO - Analyse de la news : Bank of America Corp DE raised its stake in New Go...
[2025-05-21T13:55:58.351+0000] {news_batch.py:192} INFO - Analyse de la news : Shares of Agnico Eagle Mines Limited (TSE:AEM – Ge...
[2025-05-21T13:56:04.287+0000] {news_batch.py:192} INFO - Analyse de la news : Northern Trust Corp acquired a new stake in AngloG...
[2025-05-21T13:56:10.142+0000] {news_batch.py:192} INFO - Analyse de la news : Technically speaking, last year marked the officia...
[2025-05-21T13:56:15.855+0000] {news_batch.py:192} INFO - Analyse de la news : Shares of Artemis Gold Inc. (OTCMKTS:ARGTF – Get F...
[2025-05-21T13:56:21.976+0000] {news_batch.py:192} INFO - Analyse de la news : Newmont Co. (NYSE:NEM – Get Free Report) has been ...
[2025-05-21T13:56:27.998+0000] {news_batch.py:192} INFO - Analyse de la news : Integra Resources Corp. (NYSEAMERICAN:ITRG – Free ...
[2025-05-21T13:56:33.772+0000] {news_batch.py:192} INFO - Analyse de la news : Dynacor Group Inc. (TSE:DNG – Free Report) – Stock...
[2025-05-21T13:56:39.663+0000] {news_batch.py:192} INFO - Analyse de la news : Avino Silver &amp; Gold Mines Ltd. (TSE:ASM – Free...
[2025-05-21T13:56:45.622+0000] {news_batch.py:192} INFO - Analyse de la news : Altius Minerals Co. (TSE:ALS – Free Report) – Rese...
[2025-05-21T13:56:51.761+0000] {news_batch.py:192} INFO - Analyse de la news : Integra Resources Corp. (NYSEAMERICAN:ITRG – Free ...
[2025-05-21T13:56:57.725+0000] {news_batch.py:192} INFO - Analyse de la news : What happens when a company that once defined an i...
[2025-05-21T13:57:03.476+0000] {news_batch.py:192} INFO - Analyse de la news : Barrick Gold Corp (NYSE:B – Free Report) (TSE:ABX)...
[2025-05-21T13:57:09.425+0000] {news_batch.py:192} INFO - Analyse de la news : Shares of Lumina Gold Corp. (OTCMKTS:LMGDF – Get F...
[2025-05-21T13:57:15.351+0000] {news_batch.py:192} INFO - Analyse de la news : KATHMANDU: The price of gold in the local market h...
[2025-05-21T13:57:21.364+0000] {news_batch.py:192} INFO - Analyse de la news : Defiance Silver Corp. (CVE:DEF – Free Report) – Eq...
[2025-05-21T13:57:27.222+0000] {news_batch.py:192} INFO - Analyse de la news : Integra Resources Corp. (CVE:ITR – Free Report) – ...
[2025-05-21T13:57:33.346+0000] {news_batch.py:192} INFO - Analyse de la news : Mirroring the sentiment in the international marke...
[2025-05-21T13:57:39.253+0000] {news_batch.py:192} INFO - Analyse de la news : Regulus Resources Inc. (CVE:REG – Get Free Report)...
[2025-05-21T13:57:45.211+0000] {news_batch.py:192} INFO - Analyse de la news : First Colombia Gold (OTCMKTS:FCGD – Get Free Repor...
[2025-05-21T13:57:51.402+0000] {news_batch.py:192} INFO - Analyse de la news : Shares of Centerra Gold Inc. (TSE:CG – Get Free Re...
[2025-05-21T13:57:57.093+0000] {news_batch.py:192} INFO - Analyse de la news : ENDEAVOUR ANNOUNCES TRANSACTION IN OWN SHARES
Lon...
[2025-05-21T13:58:03.248+0000] {news_batch.py:192} INFO - Analyse de la news : Capstone Copper Corp. (TSE:CS – Free Report) – Equ...
[2025-05-21T13:58:09.002+0000] {news_batch.py:192} INFO - Analyse de la news : 22  
1 : 8,750 8 : 69,680 10 : 87,100 100 : 8,71,...
[2025-05-21T13:58:14.927+0000] {news_batch.py:192} INFO - Analyse de la news : The Allure of Permanent Jewelry: A Modern Accessor...
[2025-05-21T13:58:20.860+0000] {news_batch.py:192} INFO - Analyse de la news : <ul><li>Bitcoin was de-correlating from Gold, as i...
[2025-05-21T13:58:26.668+0000] {news_batch.py:192} INFO - Analyse de la news : The popularity of the actual play show Critical Ro...
[2025-05-21T13:58:32.587+0000] {news_batch.py:192} INFO - Analyse de la news : The crisp air bites, the sunrise paints the horizo...
[2025-05-21T13:58:38.363+0000] {news_batch.py:192} INFO - Analyse de la news : Data shows the Bitcoin trader sentiment has been t...
[2025-05-21T13:58:44.115+0000] {news_batch.py:192} INFO - Analyse de la news : The world of automotive aesthetics is constantly e...
[2025-05-21T13:58:50.110+0000] {news_batch.py:192} INFO - Analyse de la news : KATHMANDU: Economic Digest offers a concise yet co...
[2025-05-21T13:58:56.000+0000] {news_batch.py:192} INFO - Analyse de la news : Fabric’s Foundation: Understanding the Base
Fabri...
[2025-05-21T13:59:01.761+0000] {news_batch.py:192} INFO - Analyse de la news : (What's moving Sensex and Nifty Track latest marke...
[2025-05-21T13:59:07.687+0000] {news_batch.py:192} INFO - Analyse de la news : [EN] Tokyo, Japan May 2025 INAI WEDDING WASOU, an ...
[2025-05-21T13:59:13.609+0000] {news_batch.py:192} INFO - Analyse de la news : Hardware announcements are already coming in hot a...
[2025-05-21T13:59:19.605+0000] {news_batch.py:192} INFO - Analyse de la news : Hardware announcements are already coming in hot a...
[2025-05-21T13:59:25.424+0000] {news_batch.py:192} INFO - Analyse de la news : Hardware announcements are already coming in hot a...
[2025-05-21T13:59:31.194+0000] {news_batch.py:192} INFO - Analyse de la news : Wall Street is on edge about American investments ...
[2025-05-21T13:59:37.119+0000] {news_batch.py:192} INFO - Analyse de la news : Best Before Date: 31-May-2026
Before submitting t...
[2025-05-21T13:59:42.942+0000] {news_batch.py:192} INFO - Analyse de la news : The Dashawn Jordan x Nike SB Dunk Low will be rele...
[2025-05-21T13:59:48.578+0000] {news_batch.py:192} INFO - Analyse de la news : { window.open(this.href, '_blank'); }, 200); retur...
[2025-05-21T13:59:54.492+0000] {news_batch.py:192} INFO - Analyse de la news : Benzinga and Yahoo Finance LLC may earn commission...
[2025-05-21T14:00:00.291+0000] {news_batch.py:192} INFO - Analyse de la news : Key takeaways:
<ul><li>Bitcoins Sharpe ratio conv...
[2025-05-21T14:00:06.116+0000] {news_batch.py:192} INFO - Analyse de la news : This 1993 Honda Civic Del Sol was initially sold t...
[2025-05-21T14:00:11.888+0000] {news_batch.py:192} INFO - Analyse de la news : While many investors have felt the volatility so f...
[2025-05-21T14:00:17.688+0000] {news_batch.py:192} INFO - Analyse de la news : Austin, TX, USa, May 20, 2025 (GLOBE NEWSWIRE) -- ...
[2025-05-21T14:00:23.442+0000] {news_batch.py:242} INFO - Analyse terminée et résultats stockés dans Cassandra
[2025-05-21T14:00:23.445+0000] {python.py:194} INFO - Done. Returned value was: None
[2025-05-21T14:00:23.463+0000] {taskinstance.py:1398} INFO - Marking task as SUCCESS. dag_id=gold_news_pipeline, task_id=analyze_news, execution_date=20250521T135021, start_date=20250521T135041, end_date=20250521T140023
[2025-05-21T14:00:23.519+0000] {local_task_job_runner.py:228} INFO - Task exited with return code 0
[2025-05-21T14:00:23.542+0000] {taskinstance.py:2776} INFO - 0 downstream tasks scheduled from follow-on schedule check
