[2025-05-12T17:06:35.236+0000] {taskinstance.py:1157} INFO - Dependencies all met for dep_context=non-requeueable deps ti=<TaskInstance: gold_pipeline.load_gold_data manual__2025-05-12T17:05:19.013601+00:00 [queued]>
[2025-05-12T17:06:35.250+0000] {taskinstance.py:1157} INFO - Dependencies all met for dep_context=requeueable deps ti=<TaskInstance: gold_pipeline.load_gold_data manual__2025-05-12T17:05:19.013601+00:00 [queued]>
[2025-05-12T17:06:35.251+0000] {taskinstance.py:1359} INFO - Starting attempt 1 of 1
[2025-05-12T17:06:35.278+0000] {taskinstance.py:1380} INFO - Executing <Task(PythonOperator): load_gold_data> on 2025-05-12 17:05:19.013601+00:00
[2025-05-12T17:06:35.293+0000] {standard_task_runner.py:57} INFO - Started process 722 to run task
[2025-05-12T17:06:35.297+0000] {standard_task_runner.py:84} INFO - Running: ['***', 'tasks', 'run', 'gold_pipeline', 'load_gold_data', 'manual__2025-05-12T17:05:19.013601+00:00', '--job-id', '76', '--raw', '--subdir', 'DAGS_FOLDER/pipeline.py', '--cfg-path', '/tmp/tmpnscnumg1']
[2025-05-12T17:06:35.305+0000] {standard_task_runner.py:85} INFO - Job 76: Subtask load_gold_data
[2025-05-12T17:06:35.372+0000] {task_command.py:415} INFO - Running <TaskInstance: gold_pipeline.load_gold_data manual__2025-05-12T17:05:19.013601+00:00 [running]> on host 51d6065cf9f5
[2025-05-12T17:06:35.488+0000] {taskinstance.py:1660} INFO - Exporting env vars: AIRFLOW_CTX_DAG_OWNER='***' AIRFLOW_CTX_DAG_ID='gold_pipeline' AIRFLOW_CTX_TASK_ID='load_gold_data' AIRFLOW_CTX_EXECUTION_DATE='2025-05-12T17:05:19.013601+00:00' AIRFLOW_CTX_TRY_NUMBER='1' AIRFLOW_CTX_DAG_RUN_ID='manual__2025-05-12T17:05:19.013601+00:00'
[2025-05-12T17:06:38.362+0000] {logging_mixin.py:151} INFO - Permissions définies avec succès sur /gold_datalake/processed (777)
[2025-05-12T17:06:38.364+0000] {client.py:724} INFO - Reading file '/gold_datalake/processed/gold_prices_2025-05-12.parquet'.
[2025-05-12T17:06:38.482+0000] {logging_mixin.py:151} INFO - Fichier Parquet lu avec succès depuis HDFS: /gold_datalake/processed/gold_prices_2025-05-12.parquet
[2025-05-12T17:06:38.483+0000] {client.py:724} INFO - Reading file '/gold_datalake/processed/dim_date_2025-05-12.parquet'.
[2025-05-12T17:06:38.510+0000] {logging_mixin.py:151} INFO - Fichier Parquet lu avec succès depuis HDFS: /gold_datalake/processed/dim_date_2025-05-12.parquet
[2025-05-12T17:06:38.510+0000] {client.py:724} INFO - Reading file '/gold_datalake/processed/dim_marche_2025-05-12.parquet'.
[2025-05-12T17:06:38.534+0000] {logging_mixin.py:151} INFO - Fichier Parquet lu avec succès depuis HDFS: /gold_datalake/processed/dim_marche_2025-05-12.parquet
[2025-05-12T17:06:38.554+0000] {connection.py:314} INFO - Snowflake Connector for Python Version: 3.1.1, Python Version: 3.8.18, Platform: Linux-5.15.167.4-microsoft-standard-WSL2-x86_64-with-glibc2.2.5
[2025-05-12T17:06:38.556+0000] {connection.py:1050} INFO - This connection is in OCSP Fail Open Mode. TLS Certificates would be checked for validity and revocation status. Any other Certificate Revocation related exceptions or OCSP Responder failures would be disregarded in favor of connectivity.
[2025-05-12T17:06:38.556+0000] {connection.py:1068} INFO - Setting use_openssl_only mode to False
[2025-05-12T17:06:43.366+0000] {cursor.py:804} INFO - query: [select current_database(), current_schema();]
[2025-05-12T17:06:43.489+0000] {cursor.py:817} INFO - query execution done
[2025-05-12T17:06:43.491+0000] {cursor.py:959} INFO - Number of results in first chunk: 1
[2025-05-12T17:06:43.515+0000] {cursor.py:804} INFO - query: [ROLLBACK]
[2025-05-12T17:06:43.624+0000] {cursor.py:817} INFO - query execution done
[2025-05-12T17:06:43.626+0000] {cursor.py:959} INFO - Number of results in first chunk: 1
[2025-05-12T17:06:43.627+0000] {cursor.py:804} INFO - query: [TRUNCATE TABLE GOLD_ANALYSIS.MARCHE.DIM_DATE]
[2025-05-12T17:06:44.075+0000] {cursor.py:817} INFO - query execution done
[2025-05-12T17:06:44.077+0000] {cursor.py:959} INFO - Number of results in first chunk: 1
[2025-05-12T17:06:44.090+0000] {cursor.py:804} INFO - query: [DESC TABLE /* sqlalchemy:_has_object */ "GOLD_ANALYSIS"."MARCHE"."DIM_DATE"]
[2025-05-12T17:06:44.210+0000] {cursor.py:817} INFO - query execution done
[2025-05-12T17:06:44.211+0000] {cursor.py:959} INFO - Number of results in first chunk: 6
[2025-05-12T17:06:44.252+0000] {cursor.py:804} INFO - query: [INSERT INTO "GOLD_ANALYSIS"."MARCHE"."DIM_DATE" (date_id, jour, mois, annee, heu...]
[2025-05-12T17:06:46.158+0000] {cursor.py:817} INFO - query execution done
[2025-05-12T17:06:46.161+0000] {cursor.py:804} INFO - query: [SHOW /* sqlalchemy:get_table_names */ TABLES IN "GOLD_ANALYSIS"."MARCHE"]
[2025-05-12T17:06:46.297+0000] {cursor.py:817} INFO - query execution done
[2025-05-12T17:06:46.315+0000] {cursor.py:959} INFO - Number of results in first chunk: 3
[2025-05-12T17:06:46.331+0000] {logging_mixin.py:151} WARNING - /opt/***/dags/load.py:77 UserWarning: The provided table name 'DIM_DATE' is not found exactly as such in the database after writing the table, possibly due to case sensitivity issues. Consider using lower case table names.
[2025-05-12T17:06:46.333+0000] {cursor.py:804} INFO - query: [COMMIT]
[2025-05-12T17:06:46.616+0000] {cursor.py:817} INFO - query execution done
[2025-05-12T17:06:46.637+0000] {cursor.py:959} INFO - Number of results in first chunk: 1
[2025-05-12T17:06:46.639+0000] {logging_mixin.py:151} INFO - Table Dim_Date chargée avec succès dans Snowflake
[2025-05-12T17:06:46.654+0000] {cursor.py:804} INFO - query: [TRUNCATE TABLE GOLD_ANALYSIS.MARCHE.DIM_MARCHE]
[2025-05-12T17:06:46.926+0000] {cursor.py:817} INFO - query execution done
[2025-05-12T17:06:46.927+0000] {cursor.py:959} INFO - Number of results in first chunk: 1
[2025-05-12T17:06:46.934+0000] {cursor.py:804} INFO - query: [DESC TABLE /* sqlalchemy:_has_object */ "GOLD_ANALYSIS"."MARCHE"."DIM_MARCHE"]
[2025-05-12T17:06:47.032+0000] {cursor.py:817} INFO - query execution done
[2025-05-12T17:06:47.034+0000] {cursor.py:959} INFO - Number of results in first chunk: 3
[2025-05-12T17:06:47.059+0000] {cursor.py:804} INFO - query: [INSERT INTO "GOLD_ANALYSIS"."MARCHE"."DIM_MARCHE" (date_id, volume_sp500, marche...]
[2025-05-12T17:06:48.421+0000] {cursor.py:817} INFO - query execution done
[2025-05-12T17:06:48.423+0000] {cursor.py:804} INFO - query: [SHOW /* sqlalchemy:get_table_names */ TABLES IN "GOLD_ANALYSIS"."MARCHE"]
[2025-05-12T17:06:48.524+0000] {cursor.py:817} INFO - query execution done
[2025-05-12T17:06:48.526+0000] {cursor.py:959} INFO - Number of results in first chunk: 3
[2025-05-12T17:06:48.529+0000] {logging_mixin.py:151} WARNING - /opt/***/dags/load.py:82 UserWarning: The provided table name 'DIM_MARCHE' is not found exactly as such in the database after writing the table, possibly due to case sensitivity issues. Consider using lower case table names.
[2025-05-12T17:06:48.530+0000] {cursor.py:804} INFO - query: [COMMIT]
[2025-05-12T17:06:48.813+0000] {cursor.py:817} INFO - query execution done
[2025-05-12T17:06:48.814+0000] {cursor.py:959} INFO - Number of results in first chunk: 1
[2025-05-12T17:06:48.815+0000] {logging_mixin.py:151} INFO - Table Dim_Marche chargée avec succès dans Snowflake
[2025-05-12T17:06:48.816+0000] {cursor.py:804} INFO - query: [TRUNCATE TABLE GOLD_ANALYSIS.MARCHE.FAIT_PRIX_OR]
[2025-05-12T17:06:49.036+0000] {cursor.py:817} INFO - query execution done
[2025-05-12T17:06:49.038+0000] {cursor.py:959} INFO - Number of results in first chunk: 1
[2025-05-12T17:06:49.045+0000] {cursor.py:804} INFO - query: [DESC TABLE /* sqlalchemy:_has_object */ "GOLD_ANALYSIS"."MARCHE"."FAIT_PRIX_OR"]
[2025-05-12T17:06:49.142+0000] {cursor.py:817} INFO - query execution done
[2025-05-12T17:06:49.143+0000] {cursor.py:959} INFO - Number of results in first chunk: 7
[2025-05-12T17:06:49.194+0000] {cursor.py:804} INFO - query: [INSERT INTO "GOLD_ANALYSIS"."MARCHE"."FAIT_PRIX_OR" (date_id, prix_or, volume_or...]
[2025-05-12T17:06:49.720+0000] {cursor.py:817} INFO - query execution done
[2025-05-12T17:06:49.722+0000] {cursor.py:804} INFO - query: [SHOW /* sqlalchemy:get_table_names */ TABLES IN "GOLD_ANALYSIS"."MARCHE"]
[2025-05-12T17:06:49.843+0000] {cursor.py:817} INFO - query execution done
[2025-05-12T17:06:49.844+0000] {cursor.py:959} INFO - Number of results in first chunk: 3
[2025-05-12T17:06:49.848+0000] {logging_mixin.py:151} WARNING - /opt/***/dags/load.py:87 UserWarning: The provided table name 'FAIT_PRIX_OR' is not found exactly as such in the database after writing the table, possibly due to case sensitivity issues. Consider using lower case table names.
[2025-05-12T17:06:49.849+0000] {cursor.py:804} INFO - query: [COMMIT]
[2025-05-12T17:06:50.085+0000] {cursor.py:817} INFO - query execution done
[2025-05-12T17:06:50.085+0000] {cursor.py:959} INFO - Number of results in first chunk: 1
[2025-05-12T17:06:50.086+0000] {logging_mixin.py:151} INFO - Table Fait_Prix_Or chargée avec succès dans Snowflake
[2025-05-12T17:06:50.086+0000] {cursor.py:804} INFO - query: [ROLLBACK]
[2025-05-12T17:06:50.187+0000] {cursor.py:817} INFO - query execution done
[2025-05-12T17:06:50.189+0000] {cursor.py:959} INFO - Number of results in first chunk: 1
[2025-05-12T17:06:50.189+0000] {logging_mixin.py:151} INFO - Connexion Snowflake fermée
[2025-05-12T17:06:50.190+0000] {python.py:194} INFO - Done. Returned value was: None
[2025-05-12T17:06:50.208+0000] {taskinstance.py:1398} INFO - Marking task as SUCCESS. dag_id=gold_pipeline, task_id=load_gold_data, execution_date=20250512T170519, start_date=20250512T170635, end_date=20250512T170650
[2025-05-12T17:06:50.288+0000] {local_task_job_runner.py:228} INFO - Task exited with return code 0
[2025-05-12T17:06:50.316+0000] {taskinstance.py:2776} INFO - 0 downstream tasks scheduled from follow-on schedule check
