[2025-05-20T10:10:59.593+0000] {manager.py:487} INFO - Processing files using up to 2 processes at a time 
[2025-05-20T10:10:59.596+0000] {manager.py:488} INFO - Process each file at most once every 30 seconds
[2025-05-20T10:10:59.597+0000] {manager.py:489} INFO - Checking for new files in /opt/airflow/dags every 300 seconds
[2025-05-20T10:10:59.608+0000] {manager.py:759} INFO - Searching for files in /opt/airflow/dags
[2025-05-20T10:10:59.983+0000] {manager.py:762} INFO - There are 3 files in /opt/airflow/dags
[2025-05-20T10:11:00.748+0000] {manager.py:893} INFO - 
================================================================================
DAG File Processing Stats

File Path                        PID  Runtime      # DAGs    # Errors  Last Runtime    Last Run
-----------------------------  -----  ---------  --------  ----------  --------------  ----------
/opt/airflow/dags/dag_news.py    169  0.37s             0           0
/opt/airflow/dags/pipeline.py    166  0.46s             0           0
/opt/airflow/dags/re_train.py                           0           0
================================================================================
[2025-05-20T10:11:31.363+0000] {manager.py:893} INFO - 
================================================================================
DAG File Processing Stats

File Path                      PID    Runtime      # DAGs    # Errors  Last Runtime    Last Run
-----------------------------  -----  ---------  --------  ----------  --------------  -------------------
/opt/airflow/dags/pipeline.py                           0           1  30.43s          2025-05-20T10:11:30
/opt/airflow/dags/re_train.py                           0           0  0.19s           2025-05-20T10:11:05
/opt/airflow/dags/dag_news.py                           1           0  5.34s           2025-05-20T10:11:05
================================================================================
[2025-05-20T10:12:01.648+0000] {manager.py:893} INFO - 
================================================================================
DAG File Processing Stats

File Path                        PID  Runtime      # DAGs    # Errors  Last Runtime    Last Run
-----------------------------  -----  ---------  --------  ----------  --------------  -------------------
/opt/airflow/dags/pipeline.py    248  0.52s             0           1  30.43s          2025-05-20T10:11:30
/opt/airflow/dags/re_train.py                           0           0  0.38s           2025-05-20T10:11:36
/opt/airflow/dags/dag_news.py                           1           0  1.67s           2025-05-20T10:11:37
================================================================================
[2025-05-20T10:12:31.732+0000] {manager.py:893} INFO - 
================================================================================
DAG File Processing Stats

File Path                      PID    Runtime      # DAGs    # Errors  Last Runtime    Last Run
-----------------------------  -----  ---------  --------  ----------  --------------  -------------------
/opt/airflow/dags/re_train.py                           0           0  0.13s           2025-05-20T10:12:07
/opt/airflow/dags/dag_news.py                           1           0  2.05s           2025-05-20T10:12:10
/opt/airflow/dags/pipeline.py                           1           0  28.57s          2025-05-20T10:12:29
================================================================================
[2025-05-20T10:13:02.045+0000] {manager.py:893} INFO - 
================================================================================
DAG File Processing Stats

File Path                        PID  Runtime      # DAGs    # Errors  Last Runtime    Last Run
-----------------------------  -----  ---------  --------  ----------  --------------  -------------------
/opt/airflow/dags/re_train.py                           0           0  0.06s           2025-05-20T10:12:37
/opt/airflow/dags/dag_news.py                           1           0  0.68s           2025-05-20T10:12:41
/opt/airflow/dags/pipeline.py    363  2.08s             1           0  28.57s          2025-05-20T10:12:29
================================================================================
[2025-05-20T10:13:32.228+0000] {manager.py:893} INFO - 
================================================================================
DAG File Processing Stats

File Path                      PID    Runtime      # DAGs    # Errors  Last Runtime    Last Run
-----------------------------  -----  ---------  --------  ----------  --------------  -------------------
/opt/airflow/dags/pipeline.py                           0           1  30.63s          2025-05-20T10:13:30
/opt/airflow/dags/re_train.py                           0           0  0.50s           2025-05-20T10:13:08
/opt/airflow/dags/dag_news.py                           1           0  9.19s           2025-05-20T10:13:20
================================================================================
[2025-05-20T10:14:02.635+0000] {manager.py:893} INFO - 
================================================================================
DAG File Processing Stats

File Path                        PID  Runtime      # DAGs    # Errors  Last Runtime    Last Run
-----------------------------  -----  ---------  --------  ----------  --------------  -------------------
/opt/airflow/dags/pipeline.py    684  1.71s             0           1  30.63s          2025-05-20T10:13:30
/opt/airflow/dags/re_train.py                           0           0  0.47s           2025-05-20T10:13:38
/opt/airflow/dags/dag_news.py                           1           0  2.68s           2025-05-20T10:13:53
================================================================================
[2025-05-20T10:14:32.580+0000] {manager.py:893} INFO - 
================================================================================
DAG File Processing Stats

File Path                      PID    Runtime      # DAGs    # Errors  Last Runtime    Last Run
-----------------------------  -----  ---------  --------  ----------  --------------  -------------------
/opt/airflow/dags/pipeline.py                           0           1  30.59s          2025-05-20T10:14:31
/opt/airflow/dags/re_train.py                           0           0  0.84s           2025-05-20T10:14:09
/opt/airflow/dags/dag_news.py                           1           0  1.66s           2025-05-20T10:14:25
================================================================================
[2025-05-20T10:15:02.935+0000] {manager.py:893} INFO - 
================================================================================
DAG File Processing Stats

File Path                        PID  Runtime      # DAGs    # Errors  Last Runtime    Last Run
-----------------------------  -----  ---------  --------  ----------  --------------  -------------------
/opt/airflow/dags/pipeline.py   1022  1.01s             0           1  30.59s          2025-05-20T10:14:31
/opt/airflow/dags/re_train.py                           0           0  0.66s           2025-05-20T10:14:40
/opt/airflow/dags/dag_news.py                           1           0  1.56s           2025-05-20T10:14:57
================================================================================
[2025-05-20T10:15:33.113+0000] {manager.py:893} INFO - 
================================================================================
DAG File Processing Stats

File Path                      PID    Runtime      # DAGs    # Errors  Last Runtime    Last Run
-----------------------------  -----  ---------  --------  ----------  --------------  -------------------
/opt/airflow/dags/re_train.py                           0           0  0.11s           2025-05-20T10:15:11
/opt/airflow/dags/dag_news.py                           1           0  0.56s           2025-05-20T10:15:28
/opt/airflow/dags/pipeline.py                           1           0  30.21s          2025-05-20T10:15:32
================================================================================
[2025-05-20T10:15:59.667+0000] {manager.py:759} INFO - Searching for files in /opt/airflow/dags
[2025-05-20T10:16:00.142+0000] {manager.py:762} INFO - There are 3 files in /opt/airflow/dags
[2025-05-20T10:16:03.774+0000] {manager.py:893} INFO - 
================================================================================
DAG File Processing Stats

File Path                        PID  Runtime      # DAGs    # Errors  Last Runtime    Last Run
-----------------------------  -----  ---------  --------  ----------  --------------  -------------------
/opt/airflow/dags/re_train.py                           0           0  0.14s           2025-05-20T10:15:41
/opt/airflow/dags/dag_news.py                           1           0  2.19s           2025-05-20T10:16:01
/opt/airflow/dags/pipeline.py   1248  1.09s             1           0  30.21s          2025-05-20T10:15:32
================================================================================
[2025-05-20T10:16:34.337+0000] {manager.py:893} INFO - 
================================================================================
DAG File Processing Stats

File Path                      PID    Runtime      # DAGs    # Errors  Last Runtime    Last Run
-----------------------------  -----  ---------  --------  ----------  --------------  -------------------
/opt/airflow/dags/pipeline.py                           0           1  30.49s          2025-05-20T10:16:33
/opt/airflow/dags/re_train.py                           0           0  0.14s           2025-05-20T10:16:12
/opt/airflow/dags/dag_news.py                           1           0  1.25s           2025-05-20T10:16:33
================================================================================
[2025-05-20T10:17:04.795+0000] {manager.py:893} INFO - 
================================================================================
DAG File Processing Stats

File Path                        PID  Runtime      # DAGs    # Errors  Last Runtime    Last Run
-----------------------------  -----  ---------  --------  ----------  --------------  -------------------
/opt/airflow/dags/pipeline.py   1725  1.05s             0           1  30.49s          2025-05-20T10:16:33
/opt/airflow/dags/re_train.py                           0           0  0.15s           2025-05-20T10:16:42
/opt/airflow/dags/dag_news.py   1727  1.03s             1           0  1.25s           2025-05-20T10:16:33
================================================================================
[2025-05-20T10:17:35.235+0000] {manager.py:893} INFO - 
================================================================================
DAG File Processing Stats

File Path                        PID  Runtime      # DAGs    # Errors  Last Runtime    Last Run
-----------------------------  -----  ---------  --------  ----------  --------------  -------------------
/opt/airflow/dags/pipeline.py                           0           1  30.29s          2025-05-20T10:17:34
/opt/airflow/dags/re_train.py                           0           0  0.14s           2025-05-20T10:17:13
/opt/airflow/dags/dag_news.py   1988  0.03s             1           0  1.13s           2025-05-20T10:17:04
================================================================================
[2025-05-20T10:18:05.900+0000] {manager.py:893} INFO - 
================================================================================
DAG File Processing Stats

File Path                        PID  Runtime      # DAGs    # Errors  Last Runtime    Last Run
-----------------------------  -----  ---------  --------  ----------  --------------  -------------------
/opt/airflow/dags/pipeline.py   2070  1.02s             0           1  30.29s          2025-05-20T10:17:34
/opt/airflow/dags/re_train.py                           0           0  0.22s           2025-05-20T10:17:43
/opt/airflow/dags/dag_news.py                           1           0  2.16s           2025-05-20T10:17:37
================================================================================
[2025-05-20T10:18:36.157+0000] {manager.py:893} INFO - 
================================================================================
DAG File Processing Stats

File Path                      PID    Runtime      # DAGs    # Errors  Last Runtime    Last Run
-----------------------------  -----  ---------  --------  ----------  --------------  -------------------
/opt/airflow/dags/re_train.py                           0           0  0.12s           2025-05-20T10:18:14
/opt/airflow/dags/dag_news.py                           1           0  0.50s           2025-05-20T10:18:08
/opt/airflow/dags/pipeline.py                           1           0  22.19s          2025-05-20T10:18:27
================================================================================
[2025-05-20T10:19:06.216+0000] {manager.py:893} INFO - 
================================================================================
DAG File Processing Stats

File Path                        PID  Runtime      # DAGs    # Errors  Last Runtime    Last Run
-----------------------------  -----  ---------  --------  ----------  --------------  -------------------
/opt/airflow/dags/re_train.py                           0           0  0.22s           2025-05-20T10:18:44
/opt/airflow/dags/dag_news.py                           1           0  1.76s           2025-05-20T10:18:40
/opt/airflow/dags/pipeline.py   2296  8.31s             1           0  22.19s          2025-05-20T10:18:27
================================================================================
[2025-05-20T10:19:36.324+0000] {manager.py:893} INFO - 
================================================================================
DAG File Processing Stats

File Path                      PID    Runtime      # DAGs    # Errors  Last Runtime    Last Run
-----------------------------  -----  ---------  --------  ----------  --------------  -------------------
/opt/airflow/dags/pipeline.py                           0           1  30.17s          2025-05-20T10:19:28
/opt/airflow/dags/re_train.py                           0           0  0.38s           2025-05-20T10:19:15
/opt/airflow/dags/dag_news.py                           1           0  2.50s           2025-05-20T10:19:13
================================================================================
[2025-05-20T10:20:06.588+0000] {manager.py:893} INFO - 
================================================================================
DAG File Processing Stats

File Path                        PID  Runtime      # DAGs    # Errors  Last Runtime    Last Run
-----------------------------  -----  ---------  --------  ----------  --------------  -------------------
/opt/airflow/dags/pipeline.py   2705  8.35s             0           1  30.17s          2025-05-20T10:19:28
/opt/airflow/dags/re_train.py                           0           0  0.10s           2025-05-20T10:19:46
/opt/airflow/dags/dag_news.py                           1           0  1.58s           2025-05-20T10:19:45
================================================================================
[2025-05-20T10:20:36.562+0000] {manager.py:893} INFO - 
================================================================================
DAG File Processing Stats

File Path                      PID    Runtime      # DAGs    # Errors  Last Runtime    Last Run
-----------------------------  -----  ---------  --------  ----------  --------------  -------------------
/opt/airflow/dags/pipeline.py                           0           1  30.25s          2025-05-20T10:20:28
/opt/airflow/dags/re_train.py                           0           0  0.13s           2025-05-20T10:20:18
/opt/airflow/dags/dag_news.py                           1           0  1.45s           2025-05-20T10:20:18
================================================================================
[2025-05-20T10:20:56.861+0000] {manager.py:469} INFO - Exiting gracefully upon receiving signal 15
[2025-05-20T10:21:09.196+0000] {manager.py:487} INFO - Processing files using up to 2 processes at a time 
[2025-05-20T10:21:09.196+0000] {manager.py:488} INFO - Process each file at most once every 30 seconds
[2025-05-20T10:21:09.197+0000] {manager.py:489} INFO - Checking for new files in /opt/airflow/dags every 300 seconds
[2025-05-20T10:21:09.197+0000] {manager.py:759} INFO - Searching for files in /opt/airflow/dags
[2025-05-20T10:21:09.287+0000] {manager.py:762} INFO - There are 3 files in /opt/airflow/dags
[2025-05-20T10:21:09.434+0000] {manager.py:893} INFO - 
================================================================================
DAG File Processing Stats

File Path                        PID  Runtime      # DAGs    # Errors  Last Runtime    Last Run
-----------------------------  -----  ---------  --------  ----------  --------------  ----------
/opt/airflow/dags/dag_news.py    170  0.06s             0           0
/opt/airflow/dags/pipeline.py    167  0.09s             0           0
/opt/airflow/dags/re_train.py                           0           0
================================================================================
[2025-05-20T10:21:39.510+0000] {manager.py:893} INFO - 
================================================================================
DAG File Processing Stats

File Path                      PID    Runtime      # DAGs    # Errors  Last Runtime    Last Run
-----------------------------  -----  ---------  --------  ----------  --------------  -------------------
/opt/airflow/dags/re_train.py                           0           0  0.08s           2025-05-20T10:21:10
/opt/airflow/dags/dag_news.py                           1           0  0.93s           2025-05-20T10:21:10
/opt/airflow/dags/pipeline.py                           1           0  22.14s          2025-05-20T10:21:31
================================================================================
[2025-05-20T10:22:09.973+0000] {manager.py:893} INFO - 
================================================================================
DAG File Processing Stats

File Path                        PID  Runtime      # DAGs    # Errors  Last Runtime    Last Run
-----------------------------  -----  ---------  --------  ----------  --------------  -------------------
/opt/airflow/dags/re_train.py                           0           0  0.08s           2025-05-20T10:21:40
/opt/airflow/dags/dag_news.py                           1           0  0.53s           2025-05-20T10:21:41
/opt/airflow/dags/pipeline.py    276  8.09s             1           0  22.14s          2025-05-20T10:21:31
================================================================================
[2025-05-20T10:22:40.257+0000] {manager.py:893} INFO - 
================================================================================
DAG File Processing Stats

File Path                      PID    Runtime      # DAGs    # Errors  Last Runtime    Last Run
-----------------------------  -----  ---------  --------  ----------  --------------  -------------------
/opt/airflow/dags/pipeline.py                           0           1  30.19s          2025-05-20T10:22:32
/opt/airflow/dags/re_train.py                           0           0  0.14s           2025-05-20T10:22:11
/opt/airflow/dags/dag_news.py                           1           0  1.17s           2025-05-20T10:22:12
================================================================================
[2025-05-20T10:23:10.345+0000] {manager.py:893} INFO - 
================================================================================
DAG File Processing Stats

File Path                        PID  Runtime      # DAGs    # Errors  Last Runtime    Last Run
-----------------------------  -----  ---------  --------  ----------  --------------  -------------------
/opt/airflow/dags/pipeline.py    672  8.10s             0           1  30.19s          2025-05-20T10:22:32
/opt/airflow/dags/re_train.py                           0           0  0.11s           2025-05-20T10:22:41
/opt/airflow/dags/dag_news.py                           1           0  1.49s           2025-05-20T10:22:43
================================================================================
[2025-05-20T10:23:40.660+0000] {manager.py:893} INFO - 
================================================================================
DAG File Processing Stats

File Path                      PID    Runtime      # DAGs    # Errors  Last Runtime    Last Run
-----------------------------  -----  ---------  --------  ----------  --------------  -------------------
/opt/airflow/dags/pipeline.py                           0           1  30.26s          2025-05-20T10:23:32
/opt/airflow/dags/re_train.py                           0           0  0.14s           2025-05-20T10:23:12
/opt/airflow/dags/dag_news.py                           1           0  1.24s           2025-05-20T10:23:15
================================================================================
[2025-05-20T10:24:10.832+0000] {manager.py:893} INFO - 
================================================================================
DAG File Processing Stats

File Path                      PID    Runtime      # DAGs    # Errors  Last Runtime    Last Run
-----------------------------  -----  ---------  --------  ----------  --------------  -------------------
/opt/airflow/dags/pipeline.py                           0           1  1.53s           2025-05-20T10:24:04
/opt/airflow/dags/re_train.py                           0           0  0.18s           2025-05-20T10:23:42
/opt/airflow/dags/dag_news.py                           1           0  2.07s           2025-05-20T10:23:47
================================================================================
[2025-05-20T10:24:41.629+0000] {manager.py:893} INFO - 
================================================================================
DAG File Processing Stats

File Path                      PID    Runtime      # DAGs    # Errors  Last Runtime    Last Run
-----------------------------  -----  ---------  --------  ----------  --------------  -------------------
/opt/airflow/dags/pipeline.py                           0           1  0.68s           2025-05-20T10:24:35
/opt/airflow/dags/re_train.py                           0           0  0.16s           2025-05-20T10:24:13
/opt/airflow/dags/dag_news.py                           1           0  1.80s           2025-05-20T10:24:20
================================================================================
[2025-05-20T10:25:12.465+0000] {manager.py:893} INFO - 
================================================================================
DAG File Processing Stats

File Path                      PID    Runtime      # DAGs    # Errors  Last Runtime    Last Run
-----------------------------  -----  ---------  --------  ----------  --------------  -------------------
/opt/airflow/dags/pipeline.py                           0           1  0.53s           2025-05-20T10:25:06
/opt/airflow/dags/re_train.py                           0           0  0.07s           2025-05-20T10:24:43
/opt/airflow/dags/dag_news.py                           1           0  0.52s           2025-05-20T10:24:51
================================================================================
[2025-05-20T10:25:42.585+0000] {manager.py:893} INFO - 
================================================================================
DAG File Processing Stats

File Path                      PID    Runtime      # DAGs    # Errors  Last Runtime    Last Run
-----------------------------  -----  ---------  --------  ----------  --------------  -------------------
/opt/airflow/dags/pipeline.py                           0           1  0.90s           2025-05-20T10:25:37
/opt/airflow/dags/re_train.py                           0           0  0.11s           2025-05-20T10:25:14
/opt/airflow/dags/dag_news.py                           1           0  0.76s           2025-05-20T10:25:22
================================================================================
[2025-05-20T10:26:09.246+0000] {manager.py:759} INFO - Searching for files in /opt/airflow/dags
[2025-05-20T10:26:09.320+0000] {manager.py:762} INFO - There are 3 files in /opt/airflow/dags
[2025-05-20T10:26:13.001+0000] {manager.py:893} INFO - 
================================================================================
DAG File Processing Stats

File Path                      PID    Runtime      # DAGs    # Errors  Last Runtime    Last Run
-----------------------------  -----  ---------  --------  ----------  --------------  -------------------
/opt/airflow/dags/pipeline.py                           0           1  0.44s           2025-05-20T10:26:08
/opt/airflow/dags/re_train.py                           0           0  0.06s           2025-05-20T10:25:44
/opt/airflow/dags/dag_news.py                           1           0  0.74s           2025-05-20T10:25:53
================================================================================
[2025-05-20T10:26:43.304+0000] {manager.py:893} INFO - 
================================================================================
DAG File Processing Stats

File Path                      PID    Runtime      # DAGs    # Errors  Last Runtime    Last Run
-----------------------------  -----  ---------  --------  ----------  --------------  -------------------
/opt/airflow/dags/pipeline.py                           0           1  0.40s           2025-05-20T10:26:38
/opt/airflow/dags/re_train.py                           0           0  0.09s           2025-05-20T10:26:15
/opt/airflow/dags/dag_news.py                           1           0  0.56s           2025-05-20T10:26:24
================================================================================
[2025-05-20T10:27:13.467+0000] {manager.py:893} INFO - 
================================================================================
DAG File Processing Stats

File Path                      PID    Runtime      # DAGs    # Errors  Last Runtime    Last Run
-----------------------------  -----  ---------  --------  ----------  --------------  -------------------
/opt/airflow/dags/pipeline.py                           0           1  0.42s           2025-05-20T10:27:09
/opt/airflow/dags/re_train.py                           0           0  0.08s           2025-05-20T10:26:45
/opt/airflow/dags/dag_news.py                           1           0  0.44s           2025-05-20T10:26:55
================================================================================
[2025-05-20T10:27:44.098+0000] {manager.py:893} INFO - 
================================================================================
DAG File Processing Stats

File Path                      PID    Runtime      # DAGs    # Errors  Last Runtime    Last Run
-----------------------------  -----  ---------  --------  ----------  --------------  -------------------
/opt/airflow/dags/pipeline.py                           0           1  0.39s           2025-05-20T10:27:40
/opt/airflow/dags/re_train.py                           0           0  0.07s           2025-05-20T10:27:15
/opt/airflow/dags/dag_news.py                           1           0  0.41s           2025-05-20T10:27:27
================================================================================
[2025-05-20T10:28:14.461+0000] {manager.py:893} INFO - 
================================================================================
DAG File Processing Stats

File Path                      PID    Runtime      # DAGs    # Errors  Last Runtime    Last Run
-----------------------------  -----  ---------  --------  ----------  --------------  -------------------
/opt/airflow/dags/pipeline.py                           0           1  0.61s           2025-05-20T10:28:09
/opt/airflow/dags/re_train.py                           0           0  0.07s           2025-05-20T10:27:46
/opt/airflow/dags/dag_news.py                           1           0  0.47s           2025-05-20T10:27:57
================================================================================
[2025-05-20T10:28:34.961+0000] {manager.py:469} INFO - Exiting gracefully upon receiving signal 15
[2025-05-20T10:29:24.243+0000] {manager.py:487} INFO - Processing files using up to 2 processes at a time 
[2025-05-20T10:29:24.244+0000] {manager.py:488} INFO - Process each file at most once every 30 seconds
[2025-05-20T10:29:24.245+0000] {manager.py:489} INFO - Checking for new files in /opt/airflow/dags every 300 seconds
[2025-05-20T10:29:24.246+0000] {manager.py:759} INFO - Searching for files in /opt/airflow/dags
[2025-05-20T10:29:24.364+0000] {manager.py:762} INFO - There are 3 files in /opt/airflow/dags
[2025-05-20T10:29:24.576+0000] {manager.py:893} INFO - 
================================================================================
DAG File Processing Stats

File Path                        PID  Runtime      # DAGs    # Errors  Last Runtime    Last Run
-----------------------------  -----  ---------  --------  ----------  --------------  ----------
/opt/airflow/dags/dag_news.py    170  0.09s             0           0
/opt/airflow/dags/pipeline.py    167  0.12s             0           0
/opt/airflow/dags/re_train.py                           0           0
================================================================================
[2025-05-20T10:29:54.617+0000] {manager.py:893} INFO - 
================================================================================
DAG File Processing Stats

File Path                      PID    Runtime      # DAGs    # Errors  Last Runtime    Last Run
-----------------------------  -----  ---------  --------  ----------  --------------  -------------------
/opt/airflow/dags/pipeline.py                           0           1  2.93s           2025-05-20T10:29:27
/opt/airflow/dags/re_train.py                           0           0  0.12s           2025-05-20T10:29:26
/opt/airflow/dags/dag_news.py                           1           0  2.16s           2025-05-20T10:29:26
================================================================================
[2025-05-20T10:30:25.541+0000] {manager.py:893} INFO - 
================================================================================
DAG File Processing Stats

File Path                      PID    Runtime      # DAGs    # Errors  Last Runtime    Last Run
-----------------------------  -----  ---------  --------  ----------  --------------  -------------------
/opt/airflow/dags/pipeline.py                           0           1  0.94s           2025-05-20T10:29:59
/opt/airflow/dags/re_train.py                           0           0  0.15s           2025-05-20T10:29:57
/opt/airflow/dags/dag_news.py                           1           0  1.26s           2025-05-20T10:29:58
================================================================================
[2025-05-20T10:30:55.816+0000] {manager.py:893} INFO - 
================================================================================
DAG File Processing Stats

File Path                      PID    Runtime      # DAGs    # Errors  Last Runtime    Last Run
-----------------------------  -----  ---------  --------  ----------  --------------  -------------------
/opt/airflow/dags/pipeline.py                           0           1  0.78s           2025-05-20T10:30:30
/opt/airflow/dags/re_train.py                           0           0  0.06s           2025-05-20T10:30:27
/opt/airflow/dags/dag_news.py                           1           0  0.66s           2025-05-20T10:30:29
================================================================================
[2025-05-20T10:31:26.146+0000] {manager.py:893} INFO - 
================================================================================
DAG File Processing Stats

File Path                      PID    Runtime      # DAGs    # Errors  Last Runtime    Last Run
-----------------------------  -----  ---------  --------  ----------  --------------  -------------------
/opt/airflow/dags/pipeline.py                           0           1  0.97s           2025-05-20T10:31:01
/opt/airflow/dags/re_train.py                           0           0  0.06s           2025-05-20T10:30:57
/opt/airflow/dags/dag_news.py                           1           0  0.68s           2025-05-20T10:31:00
================================================================================
[2025-05-20T10:31:56.420+0000] {manager.py:893} INFO - 
================================================================================
DAG File Processing Stats

File Path                      PID    Runtime      # DAGs    # Errors  Last Runtime    Last Run
-----------------------------  -----  ---------  --------  ----------  --------------  -------------------
/opt/airflow/dags/pipeline.py                           0           1  18.72s          2025-05-20T10:31:50
/opt/airflow/dags/re_train.py                           0           0  0.06s           2025-05-20T10:31:28
/opt/airflow/dags/dag_news.py                           1           0  0.43s           2025-05-20T10:31:31
================================================================================
[2025-05-20T10:32:11.059+0000] {manager.py:469} INFO - Exiting gracefully upon receiving signal 15
[2025-05-20T10:37:48.075+0000] {manager.py:487} INFO - Processing files using up to 2 processes at a time 
[2025-05-20T10:37:48.080+0000] {manager.py:488} INFO - Process each file at most once every 30 seconds
[2025-05-20T10:37:48.081+0000] {manager.py:489} INFO - Checking for new files in /opt/airflow/dags every 300 seconds
[2025-05-20T10:37:48.082+0000] {manager.py:759} INFO - Searching for files in /opt/airflow/dags
[2025-05-20T10:37:48.278+0000] {manager.py:762} INFO - There are 3 files in /opt/airflow/dags
[2025-05-20T10:37:48.623+0000] {manager.py:893} INFO - 
================================================================================
DAG File Processing Stats

File Path                        PID  Runtime      # DAGs    # Errors  Last Runtime    Last Run
-----------------------------  -----  ---------  --------  ----------  --------------  ----------
/opt/airflow/dags/dag_news.py    170  0.19s             0           0
/opt/airflow/dags/pipeline.py    167  0.24s             0           0
/opt/airflow/dags/re_train.py                           0           0
================================================================================
[2025-05-20T10:38:18.153+0000] {manager.py:893} INFO - 
================================================================================
DAG File Processing Stats

File Path                      PID    Runtime      # DAGs    # Errors  Last Runtime    Last Run
-----------------------------  -----  ---------  --------  ----------  --------------  -------------------
/opt/airflow/dags/pipeline.py                           0           1  29.74s          2025-05-20T10:38:18
/opt/airflow/dags/re_train.py                           0           0  0.20s           2025-05-20T10:37:52
/opt/airflow/dags/dag_news.py                           1           0  3.34s           2025-05-20T10:37:51
================================================================================
[2025-05-20T10:38:48.912+0000] {manager.py:893} INFO - 
================================================================================
DAG File Processing Stats

File Path                        PID  Runtime      # DAGs    # Errors  Last Runtime    Last Run
-----------------------------  -----  ---------  --------  ----------  --------------  -------------------
/opt/airflow/dags/pipeline.py    230  0.00s             0           1  29.74s          2025-05-20T10:38:18
/opt/airflow/dags/re_train.py                           0           0  0.12s           2025-05-20T10:38:22
/opt/airflow/dags/dag_news.py                           1           0  1.09s           2025-05-20T10:38:23
================================================================================
[2025-05-20T10:39:19.002+0000] {manager.py:893} INFO - 
================================================================================
DAG File Processing Stats

File Path                      PID    Runtime      # DAGs    # Errors  Last Runtime    Last Run
-----------------------------  -----  ---------  --------  ----------  --------------  -------------------
/opt/airflow/dags/pipeline.py                           0           1  24.05s          2025-05-20T10:39:12
/opt/airflow/dags/re_train.py                           0           0  0.19s           2025-05-20T10:38:53
/opt/airflow/dags/dag_news.py                           1           0  0.78s           2025-05-20T10:38:54
================================================================================
[2025-05-20T10:39:49.231+0000] {manager.py:893} INFO - 
================================================================================
DAG File Processing Stats

File Path                        PID  Runtime      # DAGs    # Errors  Last Runtime    Last Run
-----------------------------  -----  ---------  --------  ----------  --------------  -------------------
/opt/airflow/dags/pipeline.py    343  6.09s             0           1  24.05s          2025-05-20T10:39:12
/opt/airflow/dags/re_train.py                           0           0  0.11s           2025-05-20T10:39:24
/opt/airflow/dags/dag_news.py                           1           0  0.83s           2025-05-20T10:39:25
================================================================================
[2025-05-20T10:40:19.878+0000] {manager.py:893} INFO - 
================================================================================
DAG File Processing Stats

File Path                      PID    Runtime      # DAGs    # Errors  Last Runtime    Last Run
-----------------------------  -----  ---------  --------  ----------  --------------  -------------------
/opt/airflow/dags/pipeline.py                           0           1  25.58s          2025-05-20T10:40:08
/opt/airflow/dags/re_train.py                           0           0  0.19s           2025-05-20T10:39:54
/opt/airflow/dags/dag_news.py                           1           0  1.32s           2025-05-20T10:39:57
================================================================================
[2025-05-20T10:40:50.168+0000] {manager.py:893} INFO - 
================================================================================
DAG File Processing Stats

File Path                        PID  Runtime      # DAGs    # Errors  Last Runtime    Last Run
-----------------------------  -----  ---------  --------  ----------  --------------  -------------------
/opt/airflow/dags/pipeline.py    447  11.11s            0           1  25.58s          2025-05-20T10:40:08
/opt/airflow/dags/re_train.py                           0           0  0.07s           2025-05-20T10:40:24
/opt/airflow/dags/dag_news.py                           1           0  0.95s           2025-05-20T10:40:28
================================================================================
[2025-05-20T10:41:20.819+0000] {manager.py:893} INFO - 
================================================================================
DAG File Processing Stats

File Path                      PID    Runtime      # DAGs    # Errors  Last Runtime    Last Run
-----------------------------  -----  ---------  --------  ----------  --------------  -------------------
/opt/airflow/dags/pipeline.py                           0           1  21.88s          2025-05-20T10:41:00
/opt/airflow/dags/re_train.py                           0           0  0.38s           2025-05-20T10:40:55
/opt/airflow/dags/dag_news.py                           1           0  0.92s           2025-05-20T10:41:00
================================================================================
[2025-05-20T10:41:45.971+0000] {manager.py:469} INFO - Exiting gracefully upon receiving signal 15
[2025-05-20T10:41:45.982+0000] {manager.py:469} INFO - Exiting gracefully upon receiving signal 15
[2025-05-20T10:41:46.735+0000] {manager.py:469} INFO - Exiting gracefully upon receiving signal 15
[2025-05-20T10:42:39.897+0000] {manager.py:487} INFO - Processing files using up to 2 processes at a time 
[2025-05-20T10:42:39.898+0000] {manager.py:488} INFO - Process each file at most once every 30 seconds
[2025-05-20T10:42:39.899+0000] {manager.py:489} INFO - Checking for new files in /opt/airflow/dags every 300 seconds
[2025-05-20T10:42:39.900+0000] {manager.py:759} INFO - Searching for files in /opt/airflow/dags
[2025-05-20T10:42:40.049+0000] {manager.py:762} INFO - There are 3 files in /opt/airflow/dags
[2025-05-20T10:42:40.342+0000] {manager.py:893} INFO - 
================================================================================
DAG File Processing Stats

File Path                        PID  Runtime      # DAGs    # Errors  Last Runtime    Last Run
-----------------------------  -----  ---------  --------  ----------  --------------  ----------
/opt/airflow/dags/dag_news.py    171  0.10s             0           0
/opt/airflow/dags/pipeline.py    168  0.13s             0           0
/opt/airflow/dags/re_train.py                           0           0
================================================================================
[2025-05-20T10:43:10.369+0000] {manager.py:893} INFO - 
================================================================================
DAG File Processing Stats

File Path                      PID    Runtime      # DAGs    # Errors  Last Runtime    Last Run
-----------------------------  -----  ---------  --------  ----------  --------------  -------------------
/opt/airflow/dags/pipeline.py                           0           1  30.15s          2025-05-20T10:43:10
/opt/airflow/dags/re_train.py                           0           0  0.33s           2025-05-20T10:42:42
/opt/airflow/dags/dag_news.py                           1           0  1.89s           2025-05-20T10:42:42
================================================================================
[2025-05-20T10:43:40.833+0000] {manager.py:893} INFO - 
================================================================================
DAG File Processing Stats

File Path                        PID  Runtime      # DAGs    # Errors  Last Runtime    Last Run
-----------------------------  -----  ---------  --------  ----------  --------------  -------------------
/opt/airflow/dags/pipeline.py    277  0.01s             0           1  30.15s          2025-05-20T10:43:10
/opt/airflow/dags/re_train.py                           0           0  0.09s           2025-05-20T10:43:13
/opt/airflow/dags/dag_news.py                           1           0  1.13s           2025-05-20T10:43:13
================================================================================
[2025-05-20T10:44:11.314+0000] {manager.py:893} INFO - 
================================================================================
DAG File Processing Stats

File Path                      PID    Runtime      # DAGs    # Errors  Last Runtime    Last Run
-----------------------------  -----  ---------  --------  ----------  --------------  -------------------
/opt/airflow/dags/re_train.py                           0           0  0.10s           2025-05-20T10:43:43
/opt/airflow/dags/dag_news.py                           1           0  0.78s           2025-05-20T10:43:45
/opt/airflow/dags/pipeline.py                           1           0  20.65s          2025-05-20T10:44:01
================================================================================
[2025-05-20T10:44:41.423+0000] {manager.py:893} INFO - 
================================================================================
DAG File Processing Stats

File Path                        PID  Runtime      # DAGs    # Errors  Last Runtime    Last Run
-----------------------------  -----  ---------  --------  ----------  --------------  -------------------
/opt/airflow/dags/re_train.py                           0           0  0.07s           2025-05-20T10:44:13
/opt/airflow/dags/dag_news.py                           1           0  0.54s           2025-05-20T10:44:16
/opt/airflow/dags/pipeline.py    387  9.66s             1           0  20.65s          2025-05-20T10:44:01
================================================================================
[2025-05-20T10:45:11.992+0000] {manager.py:893} INFO - 
================================================================================
DAG File Processing Stats

File Path                      PID    Runtime      # DAGs    # Errors  Last Runtime    Last Run
-----------------------------  -----  ---------  --------  ----------  --------------  -------------------
/opt/airflow/dags/re_train.py                           0           0  0.11s           2025-05-20T10:44:44
/opt/airflow/dags/dag_news.py                           1           0  0.89s           2025-05-20T10:44:47
/opt/airflow/dags/pipeline.py                           1           0  23.00s          2025-05-20T10:44:54
================================================================================
[2025-05-20T10:45:42.215+0000] {manager.py:893} INFO - 
================================================================================
DAG File Processing Stats

File Path                        PID  Runtime      # DAGs    # Errors  Last Runtime    Last Run
-----------------------------  -----  ---------  --------  ----------  --------------  -------------------
/opt/airflow/dags/re_train.py                           0           0  0.59s           2025-05-20T10:45:14
/opt/airflow/dags/dag_news.py                           1           0  6.62s           2025-05-20T10:45:25
/opt/airflow/dags/pipeline.py    652  17.37s            1           0  23.00s          2025-05-20T10:44:54
================================================================================
[2025-05-20T10:46:12.170+0000] {manager.py:893} INFO - 
================================================================================
DAG File Processing Stats

File Path                      PID    Runtime      # DAGs    # Errors  Last Runtime    Last Run
-----------------------------  -----  ---------  --------  ----------  --------------  -------------------
/opt/airflow/dags/pipeline.py                           0           1  30.16s          2025-05-20T10:45:55
/opt/airflow/dags/re_train.py                           0           0  0.41s           2025-05-20T10:45:45
/opt/airflow/dags/dag_news.py                           1           0  2.02s           2025-05-20T10:45:57
================================================================================
[2025-05-20T10:46:42.728+0000] {manager.py:893} INFO - 
================================================================================
DAG File Processing Stats

File Path                        PID  Runtime      # DAGs    # Errors  Last Runtime    Last Run
-----------------------------  -----  ---------  --------  ----------  --------------  -------------------
/opt/airflow/dags/pipeline.py   1071  17.23s            0           1  30.16s          2025-05-20T10:45:55
/opt/airflow/dags/re_train.py                           0           0  0.18s           2025-05-20T10:46:16
/opt/airflow/dags/dag_news.py                           1           0  1.02s           2025-05-20T10:46:28
================================================================================
[2025-05-20T10:47:12.802+0000] {manager.py:893} INFO - 
================================================================================
DAG File Processing Stats

File Path                      PID    Runtime      # DAGs    # Errors  Last Runtime    Last Run
-----------------------------  -----  ---------  --------  ----------  --------------  -------------------
/opt/airflow/dags/pipeline.py                           0           1  30.18s          2025-05-20T10:46:55
/opt/airflow/dags/re_train.py                           0           0  0.19s           2025-05-20T10:46:46
/opt/airflow/dags/dag_news.py                           1           0  0.94s           2025-05-20T10:47:00
================================================================================
[2025-05-20T10:47:40.194+0000] {manager.py:759} INFO - Searching for files in /opt/airflow/dags
[2025-05-20T10:47:40.275+0000] {manager.py:762} INFO - There are 3 files in /opt/airflow/dags
[2025-05-20T10:47:43.341+0000] {manager.py:893} INFO - 
================================================================================
DAG File Processing Stats

File Path                        PID  Runtime      # DAGs    # Errors  Last Runtime    Last Run
-----------------------------  -----  ---------  --------  ----------  --------------  -------------------
/opt/airflow/dags/pipeline.py   1362  16.92s            0           1  30.18s          2025-05-20T10:46:55
/opt/airflow/dags/re_train.py                           0           0  0.09s           2025-05-20T10:47:17
/opt/airflow/dags/dag_news.py                           1           0  0.64s           2025-05-20T10:47:31
================================================================================
[2025-05-20T10:48:13.667+0000] {manager.py:893} INFO - 
================================================================================
DAG File Processing Stats

File Path                      PID    Runtime      # DAGs    # Errors  Last Runtime    Last Run
-----------------------------  -----  ---------  --------  ----------  --------------  -------------------
/opt/airflow/dags/re_train.py                           0           0  0.09s           2025-05-20T10:47:47
/opt/airflow/dags/dag_news.py                           1           0  0.99s           2025-05-20T10:48:02
/opt/airflow/dags/pipeline.py                           1           0  24.10s          2025-05-20T10:47:50
================================================================================
[2025-05-20T10:48:44.240+0000] {manager.py:893} INFO - 
================================================================================
DAG File Processing Stats

File Path                        PID  Runtime      # DAGs    # Errors  Last Runtime    Last Run
-----------------------------  -----  ---------  --------  ----------  --------------  -------------------
/opt/airflow/dags/re_train.py                           0           0  0.09s           2025-05-20T10:48:18
/opt/airflow/dags/dag_news.py                           1           0  0.95s           2025-05-20T10:48:34
/opt/airflow/dags/pipeline.py   1470  23.23s            1           0  24.10s          2025-05-20T10:47:50
================================================================================
[2025-05-20T10:49:14.540+0000] {manager.py:893} INFO - 
================================================================================
DAG File Processing Stats

File Path                      PID    Runtime      # DAGs    # Errors  Last Runtime    Last Run
-----------------------------  -----  ---------  --------  ----------  --------------  -------------------
/opt/airflow/dags/re_train.py                           0           0  0.07s           2025-05-20T10:48:48
/opt/airflow/dags/dag_news.py                           1           0  0.45s           2025-05-20T10:49:04
/opt/airflow/dags/pipeline.py                           1           0  23.95s          2025-05-20T10:48:44
================================================================================
[2025-05-20T10:49:45.375+0000] {manager.py:893} INFO - 
================================================================================
DAG File Processing Stats

File Path                      PID    Runtime      # DAGs    # Errors  Last Runtime    Last Run
-----------------------------  -----  ---------  --------  ----------  --------------  -------------------
/opt/airflow/dags/re_train.py                           0           0  0.07s           2025-05-20T10:49:18
/opt/airflow/dags/dag_news.py                           1           0  0.56s           2025-05-20T10:49:36
/opt/airflow/dags/pipeline.py                           1           0  20.86s          2025-05-20T10:49:36
================================================================================
[2025-05-20T10:50:10.640+0000] {manager.py:469} INFO - Exiting gracefully upon receiving signal 15
[2025-05-20T10:50:10.640+0000] {manager.py:469} INFO - Exiting gracefully upon receiving signal 15
[2025-05-20T10:50:11.992+0000] {manager.py:469} INFO - Exiting gracefully upon receiving signal 15
[2025-05-20T10:51:11.495+0000] {manager.py:487} INFO - Processing files using up to 2 processes at a time 
[2025-05-20T10:51:11.496+0000] {manager.py:488} INFO - Process each file at most once every 30 seconds
[2025-05-20T10:51:11.498+0000] {manager.py:489} INFO - Checking for new files in /opt/airflow/dags every 300 seconds
[2025-05-20T10:51:11.500+0000] {manager.py:759} INFO - Searching for files in /opt/airflow/dags
[2025-05-20T10:51:11.940+0000] {manager.py:762} INFO - There are 3 files in /opt/airflow/dags
[2025-05-20T10:51:12.626+0000] {manager.py:893} INFO - 
================================================================================
DAG File Processing Stats

File Path                        PID  Runtime      # DAGs    # Errors  Last Runtime    Last Run
-----------------------------  -----  ---------  --------  ----------  --------------  ----------
/opt/airflow/dags/dag_news.py    170  0.24s             0           0
/opt/airflow/dags/pipeline.py    167  0.48s             0           0
/opt/airflow/dags/re_train.py                           0           0
================================================================================
[2025-05-20T10:51:42.719+0000] {manager.py:893} INFO - 
================================================================================
DAG File Processing Stats

File Path                      PID    Runtime      # DAGs    # Errors  Last Runtime    Last Run
-----------------------------  -----  ---------  --------  ----------  --------------  -------------------
/opt/airflow/dags/pipeline.py                           0           1  30.58s          2025-05-20T10:51:42
/opt/airflow/dags/re_train.py                           0           0  0.27s           2025-05-20T10:51:17
/opt/airflow/dags/dag_news.py                           1           0  5.04s           2025-05-20T10:51:17
================================================================================
[2025-05-20T10:52:13.087+0000] {manager.py:893} INFO - 
================================================================================
DAG File Processing Stats

File Path                        PID  Runtime      # DAGs    # Errors  Last Runtime    Last Run
-----------------------------  -----  ---------  --------  ----------  --------------  -------------------
/opt/airflow/dags/pipeline.py    262  0.01s             0           1  30.58s          2025-05-20T10:51:42
/opt/airflow/dags/re_train.py                           0           0  0.10s           2025-05-20T10:51:47
/opt/airflow/dags/dag_news.py                           1           0  0.70s           2025-05-20T10:51:48
================================================================================
[2025-05-20T10:52:43.379+0000] {manager.py:893} INFO - 
================================================================================
DAG File Processing Stats

File Path                      PID    Runtime      # DAGs    # Errors  Last Runtime    Last Run
-----------------------------  -----  ---------  --------  ----------  --------------  -------------------
/opt/airflow/dags/re_train.py                           0           0  0.11s           2025-05-20T10:52:18
/opt/airflow/dags/dag_news.py                           1           0  0.66s           2025-05-20T10:52:19
/opt/airflow/dags/pipeline.py                           1           0  23.24s          2025-05-20T10:52:36
================================================================================
[2025-05-20T10:53:13.673+0000] {manager.py:893} INFO - 
================================================================================
DAG File Processing Stats

File Path                        PID  Runtime      # DAGs    # Errors  Last Runtime    Last Run
-----------------------------  -----  ---------  --------  ----------  --------------  -------------------
/opt/airflow/dags/re_train.py                           0           0  0.07s           2025-05-20T10:52:48
/opt/airflow/dags/dag_news.py                           1           0  0.51s           2025-05-20T10:52:50
/opt/airflow/dags/pipeline.py    369  7.07s             1           0  23.24s          2025-05-20T10:52:36
================================================================================
[2025-05-20T10:53:43.923+0000] {manager.py:893} INFO - 
================================================================================
DAG File Processing Stats

File Path                      PID    Runtime      # DAGs    # Errors  Last Runtime    Last Run
-----------------------------  -----  ---------  --------  ----------  --------------  -------------------
/opt/airflow/dags/re_train.py                           0           0  0.06s           2025-05-20T10:53:18
/opt/airflow/dags/dag_news.py                           1           0  0.87s           2025-05-20T10:53:22
/opt/airflow/dags/pipeline.py                           1           0  19.32s          2025-05-20T10:53:25
================================================================================
[2025-05-20T10:54:14.205+0000] {manager.py:893} INFO - 
================================================================================
DAG File Processing Stats

File Path                        PID  Runtime      # DAGs    # Errors  Last Runtime    Last Run
-----------------------------  -----  ---------  --------  ----------  --------------  -------------------
/opt/airflow/dags/re_train.py                           0           0  0.09s           2025-05-20T10:53:49
/opt/airflow/dags/dag_news.py                           1           0  0.56s           2025-05-20T10:53:53
/opt/airflow/dags/pipeline.py    478  18.09s            1           0  19.32s          2025-05-20T10:53:25
================================================================================
[2025-05-20T10:54:44.189+0000] {manager.py:893} INFO - 
================================================================================
DAG File Processing Stats

File Path                      PID    Runtime      # DAGs    # Errors  Last Runtime    Last Run
-----------------------------  -----  ---------  --------  ----------  --------------  -------------------
/opt/airflow/dags/re_train.py                           0           0  0.07s           2025-05-20T10:54:19
/opt/airflow/dags/dag_news.py                           1           0  0.52s           2025-05-20T10:54:24
/opt/airflow/dags/pipeline.py                           1           0  18.84s          2025-05-20T10:54:14
================================================================================
[2025-05-20T10:55:14.170+0000] {manager.py:893} INFO - 
================================================================================
DAG File Processing Stats

File Path                      PID    Runtime      # DAGs    # Errors  Last Runtime    Last Run
-----------------------------  -----  ---------  --------  ----------  --------------  -------------------
/opt/airflow/dags/re_train.py                           0           0  0.07s           2025-05-20T10:54:50
/opt/airflow/dags/dag_news.py                           1           0  0.80s           2025-05-20T10:54:56
/opt/airflow/dags/pipeline.py                           1           0  18.88s          2025-05-20T10:55:04
================================================================================
[2025-05-20T10:55:44.424+0000] {manager.py:893} INFO - 
================================================================================
DAG File Processing Stats

File Path                        PID  Runtime      # DAGs    # Errors  Last Runtime    Last Run
-----------------------------  -----  ---------  --------  ----------  --------------  -------------------
/opt/airflow/dags/re_train.py                           0           0  0.08s           2025-05-20T10:55:20
/opt/airflow/dags/dag_news.py                           1           0  1.23s           2025-05-20T10:55:27
/opt/airflow/dags/pipeline.py    767  9.63s             1           0  18.88s          2025-05-20T10:55:04
================================================================================
[2025-05-20T10:56:11.923+0000] {manager.py:759} INFO - Searching for files in /opt/airflow/dags
[2025-05-20T10:56:12.005+0000] {manager.py:762} INFO - There are 3 files in /opt/airflow/dags
[2025-05-20T10:56:15.095+0000] {manager.py:893} INFO - 
================================================================================
DAG File Processing Stats

File Path                      PID    Runtime      # DAGs    # Errors  Last Runtime    Last Run
-----------------------------  -----  ---------  --------  ----------  --------------  -------------------
/opt/airflow/dags/pipeline.py                           0           1  30.18s          2025-05-20T10:56:04
/opt/airflow/dags/re_train.py                           0           0  0.14s           2025-05-20T10:55:51
/opt/airflow/dags/dag_news.py                           1           0  1.62s           2025-05-20T10:55:59
================================================================================
[2025-05-20T10:56:45.496+0000] {manager.py:893} INFO - 
================================================================================
DAG File Processing Stats

File Path                        PID  Runtime      # DAGs    # Errors  Last Runtime    Last Run
-----------------------------  -----  ---------  --------  ----------  --------------  -------------------
/opt/airflow/dags/pipeline.py   1272  10.15s            0           1  30.18s          2025-05-20T10:56:04
/opt/airflow/dags/re_train.py                           0           0  0.15s           2025-05-20T10:56:21
/opt/airflow/dags/dag_news.py                           1           0  1.09s           2025-05-20T10:56:31
================================================================================
[2025-05-20T10:57:15.514+0000] {manager.py:893} INFO - 
================================================================================
DAG File Processing Stats

File Path                      PID    Runtime      # DAGs    # Errors  Last Runtime    Last Run
-----------------------------  -----  ---------  --------  ----------  --------------  -------------------
/opt/airflow/dags/pipeline.py                           0           1  30.23s          2025-05-20T10:57:05
/opt/airflow/dags/re_train.py                           0           0  0.14s           2025-05-20T10:56:51
/opt/airflow/dags/dag_news.py                           1           0  1.44s           2025-05-20T10:57:03
================================================================================
[2025-05-20T10:57:46.208+0000] {manager.py:893} INFO - 
================================================================================
DAG File Processing Stats

File Path                        PID  Runtime      # DAGs    # Errors  Last Runtime    Last Run
-----------------------------  -----  ---------  --------  ----------  --------------  -------------------
/opt/airflow/dags/pipeline.py   1685  10.09s            0           1  30.23s          2025-05-20T10:57:05
/opt/airflow/dags/re_train.py                           0           0  0.17s           2025-05-20T10:57:22
/opt/airflow/dags/dag_news.py                           1           0  0.40s           2025-05-20T10:57:34
================================================================================
[2025-05-20T10:58:16.534+0000] {manager.py:893} INFO - 
================================================================================
DAG File Processing Stats

File Path                      PID    Runtime      # DAGs    # Errors  Last Runtime    Last Run
-----------------------------  -----  ---------  --------  ----------  --------------  -------------------
/opt/airflow/dags/re_train.py                           0           0  0.11s           2025-05-20T10:57:52
/opt/airflow/dags/dag_news.py                           1           0  0.44s           2025-05-20T10:58:04
/opt/airflow/dags/pipeline.py                           1           0  18.95s          2025-05-20T10:57:55
================================================================================
[2025-05-20T10:58:46.568+0000] {manager.py:893} INFO - 
================================================================================
DAG File Processing Stats

File Path                      PID    Runtime      # DAGs    # Errors  Last Runtime    Last Run
-----------------------------  -----  ---------  --------  ----------  --------------  -------------------
/opt/airflow/dags/re_train.py                           0           0  0.16s           2025-05-20T10:58:22
/opt/airflow/dags/dag_news.py                           1           0  0.49s           2025-05-20T10:58:36
/opt/airflow/dags/pipeline.py                           1           0  19.90s          2025-05-20T10:58:45
================================================================================
[2025-05-20T10:59:16.785+0000] {manager.py:893} INFO - 
================================================================================
DAG File Processing Stats

File Path                        PID  Runtime      # DAGs    # Errors  Last Runtime    Last Run
-----------------------------  -----  ---------  --------  ----------  --------------  -------------------
/opt/airflow/dags/re_train.py                           0           0  0.07s           2025-05-20T10:58:53
/opt/airflow/dags/dag_news.py                           1           0  0.53s           2025-05-20T10:59:07
/opt/airflow/dags/pipeline.py   1888  1.04s             1           0  19.90s          2025-05-20T10:58:45
================================================================================
[2025-05-20T10:59:47.069+0000] {manager.py:893} INFO - 
================================================================================
DAG File Processing Stats

File Path                      PID    Runtime      # DAGs    # Errors  Last Runtime    Last Run
-----------------------------  -----  ---------  --------  ----------  --------------  -------------------
/opt/airflow/dags/re_train.py                           0           0  0.06s           2025-05-20T10:59:23
/opt/airflow/dags/dag_news.py                           1           0  0.56s           2025-05-20T10:59:38
/opt/airflow/dags/pipeline.py                           1           0  20.91s          2025-05-20T10:59:36
================================================================================
[2025-05-20T11:00:17.412+0000] {manager.py:893} INFO - 
================================================================================
DAG File Processing Stats

File Path                      PID    Runtime      # DAGs    # Errors  Last Runtime    Last Run
-----------------------------  -----  ---------  --------  ----------  --------------  -------------------
/opt/airflow/dags/re_train.py                           0           0  0.06s           2025-05-20T10:59:54
/opt/airflow/dags/dag_news.py                           1           0  0.65s           2025-05-20T11:00:08
/opt/airflow/dags/pipeline.py                           1           0  23.07s          2025-05-20T11:00:13
================================================================================
[2025-05-20T11:00:47.733+0000] {manager.py:893} INFO - 
================================================================================
DAG File Processing Stats

File Path                        PID  Runtime      # DAGs    # Errors  Last Runtime    Last Run
-----------------------------  -----  ---------  --------  ----------  --------------  -------------------
/opt/airflow/dags/re_train.py                           0           0  0.06s           2025-05-20T11:00:24
/opt/airflow/dags/dag_news.py                           1           0  0.64s           2025-05-20T11:00:40
/opt/airflow/dags/pipeline.py   2165  4.04s             1           0  23.07s          2025-05-20T11:00:13
================================================================================
[2025-05-20T11:01:12.228+0000] {manager.py:759} INFO - Searching for files in /opt/airflow/dags
[2025-05-20T11:01:12.319+0000] {manager.py:762} INFO - There are 3 files in /opt/airflow/dags
[2025-05-20T11:01:17.954+0000] {manager.py:893} INFO - 
================================================================================
DAG File Processing Stats

File Path                      PID    Runtime      # DAGs    # Errors  Last Runtime    Last Run
-----------------------------  -----  ---------  --------  ----------  --------------  -------------------
/opt/airflow/dags/re_train.py                           0           0  0.11s           2025-05-20T11:00:55
/opt/airflow/dags/dag_news.py                           1           0  0.94s           2025-05-20T11:01:11
/opt/airflow/dags/pipeline.py                           1           0  26.21s          2025-05-20T11:01:09
================================================================================
[2025-05-20T11:01:48.598+0000] {manager.py:893} INFO - 
================================================================================
DAG File Processing Stats

File Path                        PID  Runtime      # DAGs    # Errors  Last Runtime    Last Run
-----------------------------  -----  ---------  --------  ----------  --------------  -------------------
/opt/airflow/dags/re_train.py                           0           0  0.13s           2025-05-20T11:01:25
/opt/airflow/dags/dag_news.py                           1           0  0.90s           2025-05-20T11:01:43
/opt/airflow/dags/pipeline.py   2424  8.05s             1           0  26.21s          2025-05-20T11:01:09
================================================================================
[2025-05-20T11:02:19.357+0000] {manager.py:893} INFO - 
================================================================================
DAG File Processing Stats

File Path                      PID    Runtime      # DAGs    # Errors  Last Runtime    Last Run
-----------------------------  -----  ---------  --------  ----------  --------------  -------------------
/opt/airflow/dags/re_train.py                           0           0  0.16s           2025-05-20T11:01:55
/opt/airflow/dags/dag_news.py                           1           0  0.46s           2025-05-20T11:02:14
/opt/airflow/dags/pipeline.py                           1           0  23.66s          2025-05-20T11:02:04
================================================================================
[2025-05-20T11:02:49.651+0000] {manager.py:893} INFO - 
================================================================================
DAG File Processing Stats

File Path                        PID  Runtime      # DAGs    # Errors  Last Runtime    Last Run
-----------------------------  -----  ---------  --------  ----------  --------------  -------------------
/opt/airflow/dags/re_train.py                           0           0  0.07s           2025-05-20T11:02:26
/opt/airflow/dags/dag_news.py                           1           0  0.48s           2025-05-20T11:02:45
/opt/airflow/dags/pipeline.py   2591  15.22s            1           0  23.66s          2025-05-20T11:02:04
================================================================================
[2025-05-20T11:03:19.776+0000] {manager.py:893} INFO - 
================================================================================
DAG File Processing Stats

File Path                        PID  Runtime      # DAGs    # Errors  Last Runtime    Last Run
-----------------------------  -----  ---------  --------  ----------  --------------  -------------------
/opt/airflow/dags/re_train.py                           0           0  0.07s           2025-05-20T11:02:56
/opt/airflow/dags/dag_news.py                           1           0  0.55s           2025-05-20T11:03:15
/opt/airflow/dags/pipeline.py   2689  15.05s            1           0  20.47s          2025-05-20T11:02:54
================================================================================
[2025-05-20T11:03:50.140+0000] {manager.py:893} INFO - 
================================================================================
DAG File Processing Stats

File Path                      PID    Runtime      # DAGs    # Errors  Last Runtime    Last Run
-----------------------------  -----  ---------  --------  ----------  --------------  -------------------
/opt/airflow/dags/re_train.py                           0           0  0.10s           2025-05-20T11:03:26
/opt/airflow/dags/dag_news.py                           1           0  1.04s           2025-05-20T11:03:47
/opt/airflow/dags/pipeline.py                           1           0  21.50s          2025-05-20T11:03:26
================================================================================
[2025-05-20T11:04:20.172+0000] {manager.py:893} INFO - 
================================================================================
DAG File Processing Stats

File Path                        PID  Runtime      # DAGs    # Errors  Last Runtime    Last Run
-----------------------------  -----  ---------  --------  ----------  --------------  -------------------
/opt/airflow/dags/re_train.py                           0           0  0.19s           2025-05-20T11:03:57
/opt/airflow/dags/dag_news.py                           1           0  1.26s           2025-05-20T11:04:19
/opt/airflow/dags/pipeline.py   2911  23.89s            1           0  21.50s          2025-05-20T11:03:26
================================================================================
[2025-05-20T11:04:51.051+0000] {manager.py:893} INFO - 
================================================================================
DAG File Processing Stats

File Path                        PID  Runtime      # DAGs    # Errors  Last Runtime    Last Run
-----------------------------  -----  ---------  --------  ----------  --------------  -------------------
/opt/airflow/dags/pipeline.py                           0           1  30.39s          2025-05-20T11:04:26
/opt/airflow/dags/re_train.py                           0           0  0.12s           2025-05-20T11:04:27
/opt/airflow/dags/dag_news.py   3356  1.02s             1           0  1.26s           2025-05-20T11:04:19
================================================================================
[2025-05-20T11:05:21.179+0000] {manager.py:893} INFO - 
================================================================================
DAG File Processing Stats

File Path                        PID  Runtime      # DAGs    # Errors  Last Runtime    Last Run
-----------------------------  -----  ---------  --------  ----------  --------------  -------------------
/opt/airflow/dags/pipeline.py   3400  23.96s            0           1  30.39s          2025-05-20T11:04:26
/opt/airflow/dags/re_train.py                           0           0  0.31s           2025-05-20T11:04:58
/opt/airflow/dags/dag_news.py                           1           0  1.21s           2025-05-20T11:04:51
================================================================================
[2025-05-20T11:05:51.254+0000] {manager.py:893} INFO - 
================================================================================
DAG File Processing Stats

File Path                      PID    Runtime      # DAGs    # Errors  Last Runtime    Last Run
-----------------------------  -----  ---------  --------  ----------  --------------  -------------------
/opt/airflow/dags/pipeline.py                           0           1  30.41s          2025-05-20T11:05:27
/opt/airflow/dags/re_train.py                           0           0  0.20s           2025-05-20T11:05:28
/opt/airflow/dags/dag_news.py                           1           0  1.26s           2025-05-20T11:05:22
================================================================================
[2025-05-20T11:06:12.438+0000] {manager.py:759} INFO - Searching for files in /opt/airflow/dags
[2025-05-20T11:06:12.524+0000] {manager.py:762} INFO - There are 3 files in /opt/airflow/dags
[2025-05-20T11:06:21.641+0000] {manager.py:893} INFO - 
================================================================================
DAG File Processing Stats

File Path                      PID    Runtime      # DAGs    # Errors  Last Runtime    Last Run
-----------------------------  -----  ---------  --------  ----------  --------------  -------------------
/opt/airflow/dags/re_train.py                           0           0  0.07s           2025-05-20T11:05:59
/opt/airflow/dags/dag_news.py                           1           0  0.66s           2025-05-20T11:05:53
/opt/airflow/dags/pipeline.py                           1           0  21.38s          2025-05-20T11:06:19
================================================================================
[2025-05-20T11:06:52.009+0000] {manager.py:893} INFO - 
================================================================================
DAG File Processing Stats

File Path                        PID  Runtime      # DAGs    # Errors  Last Runtime    Last Run
-----------------------------  -----  ---------  --------  ----------  --------------  -------------------
/opt/airflow/dags/re_train.py                           0           0  0.09s           2025-05-20T11:06:29
/opt/airflow/dags/dag_news.py                           1           0  0.49s           2025-05-20T11:06:24
/opt/airflow/dags/pipeline.py   3779  2.04s             1           0  21.38s          2025-05-20T11:06:19
================================================================================
[2025-05-20T11:07:22.291+0000] {manager.py:893} INFO - 
================================================================================
DAG File Processing Stats

File Path                      PID    Runtime      # DAGs    # Errors  Last Runtime    Last Run
-----------------------------  -----  ---------  --------  ----------  --------------  -------------------
/opt/airflow/dags/re_train.py                           0           0  0.13s           2025-05-20T11:07:00
/opt/airflow/dags/dag_news.py                           1           0  0.64s           2025-05-20T11:06:55
/opt/airflow/dags/pipeline.py                           1           0  26.27s          2025-05-20T11:07:16
================================================================================
[2025-05-20T11:07:52.724+0000] {manager.py:893} INFO - 
================================================================================
DAG File Processing Stats

File Path                        PID  Runtime      # DAGs    # Errors  Last Runtime    Last Run
-----------------------------  -----  ---------  --------  ----------  --------------  -------------------
/opt/airflow/dags/re_train.py                           0           0  0.06s           2025-05-20T11:07:30
/opt/airflow/dags/dag_news.py                           1           0  0.54s           2025-05-20T11:07:26
/opt/airflow/dags/pipeline.py   3890  6.06s             1           0  26.27s          2025-05-20T11:07:16
================================================================================
[2025-05-20T11:08:22.779+0000] {manager.py:893} INFO - 
================================================================================
DAG File Processing Stats

File Path                      PID    Runtime      # DAGs    # Errors  Last Runtime    Last Run
-----------------------------  -----  ---------  --------  ----------  --------------  -------------------
/opt/airflow/dags/re_train.py                           0           0  0.06s           2025-05-20T11:08:00
/opt/airflow/dags/dag_news.py                           1           0  0.67s           2025-05-20T11:07:58
/opt/airflow/dags/pipeline.py                           1           0  18.92s          2025-05-20T11:08:05
================================================================================
[2025-05-20T11:08:53.356+0000] {manager.py:893} INFO - 
================================================================================
DAG File Processing Stats

File Path                        PID  Runtime      # DAGs    # Errors  Last Runtime    Last Run
-----------------------------  -----  ---------  --------  ----------  --------------  -------------------
/opt/airflow/dags/re_train.py                           0           0  0.08s           2025-05-20T11:08:31
/opt/airflow/dags/dag_news.py                           1           0  0.36s           2025-05-20T11:08:29
/opt/airflow/dags/pipeline.py   4002  17.25s            1           0  18.92s          2025-05-20T11:08:05
================================================================================
[2025-05-20T11:09:23.940+0000] {manager.py:893} INFO - 
================================================================================
DAG File Processing Stats

File Path                      PID    Runtime      # DAGs    # Errors  Last Runtime    Last Run
-----------------------------  -----  ---------  --------  ----------  --------------  -------------------
/opt/airflow/dags/re_train.py                           0           0  0.06s           2025-05-20T11:09:01
/opt/airflow/dags/dag_news.py                           1           0  0.43s           2025-05-20T11:08:59
/opt/airflow/dags/pipeline.py                           1           0  21.59s          2025-05-20T11:08:57
================================================================================
[2025-05-20T11:09:54.164+0000] {manager.py:893} INFO - 
================================================================================
DAG File Processing Stats

File Path                      PID    Runtime      # DAGs    # Errors  Last Runtime    Last Run
-----------------------------  -----  ---------  --------  ----------  --------------  -------------------
/opt/airflow/dags/re_train.py                           0           0  0.10s           2025-05-20T11:09:31
/opt/airflow/dags/dag_news.py                           1           0  0.83s           2025-05-20T11:09:30
/opt/airflow/dags/pipeline.py                           1           0  20.85s          2025-05-20T11:09:48
================================================================================
[2025-05-20T11:10:24.451+0000] {manager.py:893} INFO - 
================================================================================
DAG File Processing Stats

File Path                        PID  Runtime      # DAGs    # Errors  Last Runtime    Last Run
-----------------------------  -----  ---------  --------  ----------  --------------  -------------------
/opt/airflow/dags/re_train.py                           0           0  0.08s           2025-05-20T11:10:02
/opt/airflow/dags/dag_news.py                           1           0  0.49s           2025-05-20T11:10:01
/opt/airflow/dags/pipeline.py   4209  5.05s             1           0  20.85s          2025-05-20T11:09:48
================================================================================
[2025-05-20T11:10:54.814+0000] {manager.py:893} INFO - 
================================================================================
DAG File Processing Stats

File Path                      PID    Runtime      # DAGs    # Errors  Last Runtime    Last Run
-----------------------------  -----  ---------  --------  ----------  --------------  -------------------
/opt/airflow/dags/re_train.py                           0           0  0.11s           2025-05-20T11:10:32
/opt/airflow/dags/dag_news.py                           1           0  0.58s           2025-05-20T11:10:32
/opt/airflow/dags/pipeline.py                           1           0  19.45s          2025-05-20T11:10:38
================================================================================
[2025-05-20T11:11:13.028+0000] {manager.py:759} INFO - Searching for files in /opt/airflow/dags
[2025-05-20T11:11:14.057+0000] {manager.py:762} INFO - There are 3 files in /opt/airflow/dags
[2025-05-20T11:11:25.269+0000] {manager.py:893} INFO - 
================================================================================
DAG File Processing Stats

File Path                        PID  Runtime      # DAGs    # Errors  Last Runtime    Last Run
-----------------------------  -----  ---------  --------  ----------  --------------  -------------------
/opt/airflow/dags/re_train.py                           0           0  0.07s           2025-05-20T11:11:02
/opt/airflow/dags/dag_news.py                           1           0  0.48s           2025-05-20T11:11:03
/opt/airflow/dags/pipeline.py   4314  16.28s            1           0  19.45s          2025-05-20T11:10:38
================================================================================
[2025-05-20T11:11:55.298+0000] {manager.py:893} INFO - 
================================================================================
DAG File Processing Stats

File Path                      PID    Runtime      # DAGs    # Errors  Last Runtime    Last Run
-----------------------------  -----  ---------  --------  ----------  --------------  -------------------
/opt/airflow/dags/re_train.py                           0           0  0.11s           2025-05-20T11:11:33
/opt/airflow/dags/dag_news.py                           1           0  0.78s           2025-05-20T11:11:34
/opt/airflow/dags/pipeline.py                           1           0  21.18s          2025-05-20T11:11:30
================================================================================
[2025-05-20T11:12:25.692+0000] {manager.py:893} INFO - 
================================================================================
DAG File Processing Stats

File Path                      PID    Runtime      # DAGs    # Errors  Last Runtime    Last Run
-----------------------------  -----  ---------  --------  ----------  --------------  -------------------
/opt/airflow/dags/re_train.py                           0           0  0.15s           2025-05-20T11:12:03
/opt/airflow/dags/dag_news.py                           1           0  0.93s           2025-05-20T11:12:05
/opt/airflow/dags/pipeline.py                           1           0  18.87s          2025-05-20T11:12:19
================================================================================
[2025-05-20T11:12:55.989+0000] {manager.py:893} INFO - 
================================================================================
DAG File Processing Stats

File Path                        PID  Runtime      # DAGs    # Errors  Last Runtime    Last Run
-----------------------------  -----  ---------  --------  ----------  --------------  -------------------
/opt/airflow/dags/re_train.py                           0           0  0.08s           2025-05-20T11:12:33
/opt/airflow/dags/dag_news.py                           1           0  0.49s           2025-05-20T11:12:36
/opt/airflow/dags/pipeline.py   4524  6.63s             1           0  18.87s          2025-05-20T11:12:19
================================================================================
[2025-05-20T11:13:26.014+0000] {manager.py:893} INFO - 
================================================================================
DAG File Processing Stats

File Path                      PID    Runtime      # DAGs    # Errors  Last Runtime    Last Run
-----------------------------  -----  ---------  --------  ----------  --------------  -------------------
/opt/airflow/dags/re_train.py                           0           0  0.07s           2025-05-20T11:13:04
/opt/airflow/dags/dag_news.py                           1           0  0.90s           2025-05-20T11:13:07
/opt/airflow/dags/pipeline.py                           1           0  20.52s          2025-05-20T11:13:09
================================================================================
[2025-05-20T11:13:56.876+0000] {manager.py:893} INFO - 
================================================================================
DAG File Processing Stats

File Path                      PID    Runtime      # DAGs    # Errors  Last Runtime    Last Run
-----------------------------  -----  ---------  --------  ----------  --------------  -------------------
/opt/airflow/dags/re_train.py                           0           0  0.08s           2025-05-20T11:13:34
/opt/airflow/dags/dag_news.py                           1           0  1.23s           2025-05-20T11:13:38
/opt/airflow/dags/pipeline.py                           1           0  0.18s           2025-05-20T11:13:40
================================================================================
[2025-05-20T11:14:27.442+0000] {manager.py:893} INFO - 
================================================================================
DAG File Processing Stats

File Path                      PID    Runtime      # DAGs    # Errors  Last Runtime    Last Run
-----------------------------  -----  ---------  --------  ----------  --------------  -------------------
/opt/airflow/dags/re_train.py                           0           0  0.08s           2025-05-20T11:14:05
/opt/airflow/dags/dag_news.py                           1           0  0.46s           2025-05-20T11:14:09
/opt/airflow/dags/pipeline.py                           1           0  0.25s           2025-05-20T11:14:15
================================================================================
[2025-05-20T11:14:57.687+0000] {manager.py:893} INFO - 
================================================================================
DAG File Processing Stats

File Path                      PID    Runtime      # DAGs    # Errors  Last Runtime    Last Run
-----------------------------  -----  ---------  --------  ----------  --------------  -------------------
/opt/airflow/dags/re_train.py                           0           0  0.06s           2025-05-20T11:14:35
/opt/airflow/dags/dag_news.py                           1           0  0.40s           2025-05-20T11:14:39
/opt/airflow/dags/pipeline.py                           1           0  0.21s           2025-05-20T11:14:45
================================================================================
[2025-05-20T11:15:27.779+0000] {manager.py:893} INFO - 
================================================================================
DAG File Processing Stats

File Path                      PID    Runtime      # DAGs    # Errors  Last Runtime    Last Run
-----------------------------  -----  ---------  --------  ----------  --------------  -------------------
/opt/airflow/dags/re_train.py                           0           0  0.09s           2025-05-20T11:15:05
/opt/airflow/dags/dag_news.py                           1           0  0.62s           2025-05-20T11:15:11
/opt/airflow/dags/pipeline.py                           1           0  0.22s           2025-05-20T11:15:12
================================================================================
[2025-05-20T11:15:57.873+0000] {manager.py:893} INFO - 
================================================================================
DAG File Processing Stats

File Path                      PID    Runtime      # DAGs    # Errors  Last Runtime    Last Run
-----------------------------  -----  ---------  --------  ----------  --------------  -------------------
/opt/airflow/dags/re_train.py                           0           0  0.14s           2025-05-20T11:15:36
/opt/airflow/dags/dag_news.py                           1           0  0.55s           2025-05-20T11:15:42
/opt/airflow/dags/pipeline.py                           1           0  0.48s           2025-05-20T11:15:53
================================================================================
[2025-05-20T11:16:13.072+0000] {manager.py:759} INFO - Searching for files in /opt/airflow/dags
[2025-05-20T11:16:13.126+0000] {manager.py:762} INFO - There are 3 files in /opt/airflow/dags
[2025-05-20T11:16:28.228+0000] {manager.py:893} INFO - 
================================================================================
DAG File Processing Stats

File Path                      PID    Runtime      # DAGs    # Errors  Last Runtime    Last Run
-----------------------------  -----  ---------  --------  ----------  --------------  -------------------
/opt/airflow/dags/re_train.py                           0           0  0.06s           2025-05-20T11:16:07
/opt/airflow/dags/dag_news.py                           1           0  0.45s           2025-05-20T11:16:13
/opt/airflow/dags/pipeline.py                           1           0  0.21s           2025-05-20T11:16:24
================================================================================
[2025-05-20T11:16:58.527+0000] {manager.py:893} INFO - 
================================================================================
DAG File Processing Stats

File Path                      PID    Runtime      # DAGs    # Errors  Last Runtime    Last Run
-----------------------------  -----  ---------  --------  ----------  --------------  -------------------
/opt/airflow/dags/re_train.py                           0           0  0.06s           2025-05-20T11:16:37
/opt/airflow/dags/dag_news.py                           1           0  0.57s           2025-05-20T11:16:45
/opt/airflow/dags/pipeline.py                           1           0  0.19s           2025-05-20T11:16:54
================================================================================
[2025-05-20T11:17:29.177+0000] {manager.py:893} INFO - 
================================================================================
DAG File Processing Stats

File Path                      PID    Runtime      # DAGs    # Errors  Last Runtime    Last Run
-----------------------------  -----  ---------  --------  ----------  --------------  -------------------
/opt/airflow/dags/re_train.py                           0           0  0.27s           2025-05-20T11:17:07
/opt/airflow/dags/dag_news.py                           1           0  0.49s           2025-05-20T11:17:15
/opt/airflow/dags/pipeline.py                           1           0  0.19s           2025-05-20T11:17:25
================================================================================
[2025-05-20T11:17:59.479+0000] {manager.py:893} INFO - 
================================================================================
DAG File Processing Stats

File Path                      PID    Runtime      # DAGs    # Errors  Last Runtime    Last Run
-----------------------------  -----  ---------  --------  ----------  --------------  -------------------
/opt/airflow/dags/re_train.py                           0           0  0.10s           2025-05-20T11:17:38
/opt/airflow/dags/dag_news.py                           1           0  0.52s           2025-05-20T11:17:46
/opt/airflow/dags/pipeline.py                           1           0  0.17s           2025-05-20T11:17:55
================================================================================
[2025-05-20T11:18:30.120+0000] {manager.py:893} INFO - 
================================================================================
DAG File Processing Stats

File Path                      PID    Runtime      # DAGs    # Errors  Last Runtime    Last Run
-----------------------------  -----  ---------  --------  ----------  --------------  -------------------
/opt/airflow/dags/re_train.py                           0           0  0.10s           2025-05-20T11:18:08
/opt/airflow/dags/dag_news.py                           1           0  0.42s           2025-05-20T11:18:18
/opt/airflow/dags/pipeline.py                           1           0  0.35s           2025-05-20T11:18:26
================================================================================
