[2025-05-20T21:50:15.995+0000] {taskinstance.py:1157} INFO - Dependencies all met for dep_context=non-requeueable deps ti=<TaskInstance: gold_model_finetuning_bash_container.deploy_to_hdfs manual__2025-05-20T21:49:22.132126+00:00 [queued]>
[2025-05-20T21:50:16.031+0000] {taskinstance.py:1157} INFO - Dependencies all met for dep_context=requeueable deps ti=<TaskInstance: gold_model_finetuning_bash_container.deploy_to_hdfs manual__2025-05-20T21:49:22.132126+00:00 [queued]>
[2025-05-20T21:50:16.032+0000] {taskinstance.py:1359} INFO - Starting attempt 1 of 1
[2025-05-20T21:50:16.064+0000] {taskinstance.py:1380} INFO - Executing <Task(PythonOperator): deploy_to_hdfs> on 2025-05-20 21:49:22.132126+00:00
[2025-05-20T21:50:16.088+0000] {standard_task_runner.py:57} INFO - Started process 380 to run task
[2025-05-20T21:50:16.097+0000] {standard_task_runner.py:84} INFO - Running: ['***', 'tasks', 'run', 'gold_model_finetuning_bash_container', 'deploy_to_hdfs', 'manual__2025-05-20T21:49:22.132126+00:00', '--job-id', '90', '--raw', '--subdir', 'DAGS_FOLDER/re_train.py', '--cfg-path', '/tmp/tmpeo3hov53']
[2025-05-20T21:50:16.104+0000] {standard_task_runner.py:85} INFO - Job 90: Subtask deploy_to_hdfs
[2025-05-20T21:50:16.213+0000] {task_command.py:415} INFO - Running <TaskInstance: gold_model_finetuning_bash_container.deploy_to_hdfs manual__2025-05-20T21:49:22.132126+00:00 [running]> on host 42b47e174cf2
[2025-05-20T21:50:16.393+0000] {taskinstance.py:1660} INFO - Exporting env vars: AIRFLOW_CTX_DAG_OWNER='***' AIRFLOW_CTX_DAG_ID='gold_model_finetuning_bash_container' AIRFLOW_CTX_TASK_ID='deploy_to_hdfs' AIRFLOW_CTX_EXECUTION_DATE='2025-05-20T21:49:22.132126+00:00' AIRFLOW_CTX_TRY_NUMBER='1' AIRFLOW_CTX_DAG_RUN_ID='manual__2025-05-20T21:49:22.132126+00:00'
[2025-05-20T21:50:16.661+0000] {migration.py:213} INFO - Context impl SQLiteImpl.
[2025-05-20T21:50:16.663+0000] {migration.py:216} INFO - Will assume non-transactional DDL.
[2025-05-20T21:50:18.339+0000] {re_train.py:81} ERROR - Erreur dans deploy_to_hdfs : No module named 'numpy._core'
Traceback (most recent call last):
  File "/opt/airflow/dags/re_train.py", line 67, in deploy_to_hdfs
    model = mlflow.sklearn.load_model(model_uri)
  File "/home/airflow/.local/lib/python3.9/site-packages/mlflow/sklearn/__init__.py", line 638, in load_model
    return _load_model_from_local_file(
  File "/home/airflow/.local/lib/python3.9/site-packages/mlflow/sklearn/__init__.py", line 457, in _load_model_from_local_file
    return cloudpickle.load(f)
ModuleNotFoundError: No module named 'numpy._core'
[2025-05-20T21:50:18.347+0000] {taskinstance.py:1935} ERROR - Task failed with exception
Traceback (most recent call last):
  File "/home/airflow/.local/lib/python3.9/site-packages/airflow/operators/python.py", line 192, in execute
    return_value = self.execute_callable()
  File "/home/airflow/.local/lib/python3.9/site-packages/airflow/operators/python.py", line 209, in execute_callable
    return self.python_callable(*self.op_args, **self.op_kwargs)
  File "/opt/airflow/dags/re_train.py", line 67, in deploy_to_hdfs
    model = mlflow.sklearn.load_model(model_uri)
  File "/home/airflow/.local/lib/python3.9/site-packages/mlflow/sklearn/__init__.py", line 638, in load_model
    return _load_model_from_local_file(
  File "/home/airflow/.local/lib/python3.9/site-packages/mlflow/sklearn/__init__.py", line 457, in _load_model_from_local_file
    return cloudpickle.load(f)
ModuleNotFoundError: No module named 'numpy._core'
[2025-05-20T21:50:18.367+0000] {taskinstance.py:1398} INFO - Marking task as FAILED. dag_id=gold_model_finetuning_bash_container, task_id=deploy_to_hdfs, execution_date=20250520T214922, start_date=20250520T215015, end_date=20250520T215018
[2025-05-20T21:50:18.395+0000] {standard_task_runner.py:104} ERROR - Failed to execute job 90 for task deploy_to_hdfs (No module named 'numpy._core'; 380)
[2025-05-20T21:50:18.440+0000] {local_task_job_runner.py:228} INFO - Task exited with return code 1
[2025-05-20T21:50:18.484+0000] {taskinstance.py:2776} INFO - 0 downstream tasks scheduled from follow-on schedule check
