[2025-05-21T11:44:23.390+0000] {taskinstance.py:1157} INFO - Dependencies all met for dep_context=non-requeueable deps ti=<TaskInstance: gold_news_pipeline.analyze_news manual__2025-05-21T11:43:53.539162+00:00 [queued]>
[2025-05-21T11:44:23.405+0000] {taskinstance.py:1157} INFO - Dependencies all met for dep_context=requeueable deps ti=<TaskInstance: gold_news_pipeline.analyze_news manual__2025-05-21T11:43:53.539162+00:00 [queued]>
[2025-05-21T11:44:23.406+0000] {taskinstance.py:1359} INFO - Starting attempt 1 of 1
[2025-05-21T11:44:23.429+0000] {taskinstance.py:1380} INFO - Executing <Task(BashOperator): analyze_news> on 2025-05-21 11:43:53.539162+00:00
[2025-05-21T11:44:23.439+0000] {standard_task_runner.py:57} INFO - Started process 2549 to run task
[2025-05-21T11:44:23.443+0000] {standard_task_runner.py:84} INFO - Running: ['***', 'tasks', 'run', 'gold_news_pipeline', 'analyze_news', 'manual__2025-05-21T11:43:53.539162+00:00', '--job-id', '124', '--raw', '--subdir', 'DAGS_FOLDER/news_batch.py', '--cfg-path', '/tmp/tmporz3zgfp']
[2025-05-21T11:44:23.447+0000] {standard_task_runner.py:85} INFO - Job 124: Subtask analyze_news
[2025-05-21T11:44:23.510+0000] {task_command.py:415} INFO - Running <TaskInstance: gold_news_pipeline.analyze_news manual__2025-05-21T11:43:53.539162+00:00 [running]> on host 5c6832b8ad2a
[2025-05-21T11:44:23.655+0000] {taskinstance.py:1660} INFO - Exporting env vars: AIRFLOW_CTX_DAG_OWNER='***' AIRFLOW_CTX_DAG_ID='gold_news_pipeline' AIRFLOW_CTX_TASK_ID='analyze_news' AIRFLOW_CTX_EXECUTION_DATE='2025-05-21T11:43:53.539162+00:00' AIRFLOW_CTX_TRY_NUMBER='1' AIRFLOW_CTX_DAG_RUN_ID='manual__2025-05-21T11:43:53.539162+00:00'
[2025-05-21T11:44:23.658+0000] {subprocess.py:63} INFO - Tmp dir root location: /tmp
[2025-05-21T11:44:23.660+0000] {subprocess.py:75} INFO - Running command: ['/bin/bash', '-c', 'docker exec gold_price_project-spark-1 spark-submit /scripts/analyze_news.py hdfs://namenode:9000/gold_price/news/raw/year=2025/month=5/day=21']
[2025-05-21T11:44:23.678+0000] {subprocess.py:86} INFO - Output:
[2025-05-21T11:44:29.209+0000] {subprocess.py:93} INFO - 25/05/21 11:44:29 INFO SparkContext: Running Spark version 3.5.1
[2025-05-21T11:44:29.211+0000] {subprocess.py:93} INFO - 25/05/21 11:44:29 INFO SparkContext: OS info Linux, 5.15.167.4-microsoft-standard-WSL2, amd64
[2025-05-21T11:44:29.212+0000] {subprocess.py:93} INFO - 25/05/21 11:44:29 INFO SparkContext: Java version 11.0.22
[2025-05-21T11:44:29.379+0000] {subprocess.py:93} INFO - 25/05/21 11:44:29 WARN NativeCodeLoader: Unable to load native-hadoop library for your platform... using builtin-java classes where applicable
[2025-05-21T11:44:29.564+0000] {subprocess.py:93} INFO - 25/05/21 11:44:29 INFO ResourceUtils: ==============================================================
[2025-05-21T11:44:29.566+0000] {subprocess.py:93} INFO - 25/05/21 11:44:29 INFO ResourceUtils: No custom resources configured for spark.driver.
[2025-05-21T11:44:29.568+0000] {subprocess.py:93} INFO - 25/05/21 11:44:29 INFO ResourceUtils: ==============================================================
[2025-05-21T11:44:29.569+0000] {subprocess.py:93} INFO - 25/05/21 11:44:29 INFO SparkContext: Submitted application: GoldMarketNewsAnalysis
[2025-05-21T11:44:29.615+0000] {subprocess.py:93} INFO - 25/05/21 11:44:29 INFO ResourceProfile: Default ResourceProfile created, executor resources: Map(cores -> name: cores, amount: 1, script: , vendor: , memory -> name: memory, amount: 1024, script: , vendor: , offHeap -> name: offHeap, amount: 0, script: , vendor: ), task resources: Map(cpus -> name: cpus, amount: 1.0)
[2025-05-21T11:44:29.637+0000] {subprocess.py:93} INFO - 25/05/21 11:44:29 INFO ResourceProfile: Limiting resource is cpu
[2025-05-21T11:44:29.638+0000] {subprocess.py:93} INFO - 25/05/21 11:44:29 INFO ResourceProfileManager: Added ResourceProfile id: 0
[2025-05-21T11:44:29.726+0000] {subprocess.py:93} INFO - 25/05/21 11:44:29 INFO SecurityManager: Changing view acls to: root
[2025-05-21T11:44:29.728+0000] {subprocess.py:93} INFO - 25/05/21 11:44:29 INFO SecurityManager: Changing modify acls to: root
[2025-05-21T11:44:29.728+0000] {subprocess.py:93} INFO - 25/05/21 11:44:29 INFO SecurityManager: Changing view acls groups to:
[2025-05-21T11:44:29.729+0000] {subprocess.py:93} INFO - 25/05/21 11:44:29 INFO SecurityManager: Changing modify acls groups to:
[2025-05-21T11:44:29.730+0000] {subprocess.py:93} INFO - 25/05/21 11:44:29 INFO SecurityManager: SecurityManager: authentication disabled; ui acls disabled; users with view permissions: root; groups with view permissions: EMPTY; users with modify permissions: root; groups with modify permissions: EMPTY
[2025-05-21T11:44:30.318+0000] {subprocess.py:93} INFO - 25/05/21 11:44:30 INFO Utils: Successfully started service 'sparkDriver' on port 43833.
[2025-05-21T11:44:30.429+0000] {subprocess.py:93} INFO - 25/05/21 11:44:30 INFO SparkEnv: Registering MapOutputTracker
[2025-05-21T11:44:30.556+0000] {subprocess.py:93} INFO - 25/05/21 11:44:30 INFO SparkEnv: Registering BlockManagerMaster
[2025-05-21T11:44:30.622+0000] {subprocess.py:93} INFO - 25/05/21 11:44:30 INFO BlockManagerMasterEndpoint: Using org.apache.spark.storage.DefaultTopologyMapper for getting topology information
[2025-05-21T11:44:30.623+0000] {subprocess.py:93} INFO - 25/05/21 11:44:30 INFO BlockManagerMasterEndpoint: BlockManagerMasterEndpoint up
[2025-05-21T11:44:30.633+0000] {subprocess.py:93} INFO - 25/05/21 11:44:30 INFO SparkEnv: Registering BlockManagerMasterHeartbeat
[2025-05-21T11:44:30.691+0000] {subprocess.py:93} INFO - 25/05/21 11:44:30 INFO DiskBlockManager: Created local directory at /tmp/blockmgr-3fb8b8e6-7317-4fe2-9400-c0448bbcb652
[2025-05-21T11:44:30.718+0000] {subprocess.py:93} INFO - 25/05/21 11:44:30 INFO MemoryStore: MemoryStore started with capacity 434.4 MiB
[2025-05-21T11:44:30.781+0000] {subprocess.py:93} INFO - 25/05/21 11:44:30 INFO SparkEnv: Registering OutputCommitCoordinator
[2025-05-21T11:44:31.312+0000] {subprocess.py:93} INFO - 25/05/21 11:44:31 INFO JettyUtils: Start Jetty 0.0.0.0:4040 for SparkUI
[2025-05-21T11:44:31.464+0000] {subprocess.py:93} INFO - 25/05/21 11:44:31 INFO Utils: Successfully started service 'SparkUI' on port 4040.
[2025-05-21T11:44:31.665+0000] {subprocess.py:93} INFO - 25/05/21 11:44:31 INFO Executor: Starting executor ID driver on host 8567accc62ca
[2025-05-21T11:44:31.666+0000] {subprocess.py:93} INFO - 25/05/21 11:44:31 INFO Executor: OS info Linux, 5.15.167.4-microsoft-standard-WSL2, amd64
[2025-05-21T11:44:31.666+0000] {subprocess.py:93} INFO - 25/05/21 11:44:31 INFO Executor: Java version 11.0.22
[2025-05-21T11:44:31.682+0000] {subprocess.py:93} INFO - 25/05/21 11:44:31 INFO Executor: Starting executor with user classpath (userClassPathFirst = false): ''
[2025-05-21T11:44:31.683+0000] {subprocess.py:93} INFO - 25/05/21 11:44:31 INFO Executor: Created or updated repl class loader org.apache.spark.util.MutableURLClassLoader@7728eb92 for default.
[2025-05-21T11:44:31.724+0000] {subprocess.py:93} INFO - 25/05/21 11:44:31 INFO Utils: Successfully started service 'org.apache.spark.network.netty.NettyBlockTransferService' on port 35745.
[2025-05-21T11:44:31.725+0000] {subprocess.py:93} INFO - 25/05/21 11:44:31 INFO NettyBlockTransferService: Server created on 8567accc62ca:35745
[2025-05-21T11:44:31.730+0000] {subprocess.py:93} INFO - 25/05/21 11:44:31 INFO BlockManager: Using org.apache.spark.storage.RandomBlockReplicationPolicy for block replication policy
[2025-05-21T11:44:31.755+0000] {subprocess.py:93} INFO - 25/05/21 11:44:31 INFO BlockManagerMaster: Registering BlockManager BlockManagerId(driver, 8567accc62ca, 35745, None)
[2025-05-21T11:44:31.763+0000] {subprocess.py:93} INFO - 25/05/21 11:44:31 INFO BlockManagerMasterEndpoint: Registering block manager 8567accc62ca:35745 with 434.4 MiB RAM, BlockManagerId(driver, 8567accc62ca, 35745, None)
[2025-05-21T11:44:31.768+0000] {subprocess.py:93} INFO - 25/05/21 11:44:31 INFO BlockManagerMaster: Registered BlockManager BlockManagerId(driver, 8567accc62ca, 35745, None)
[2025-05-21T11:44:31.770+0000] {subprocess.py:93} INFO - 25/05/21 11:44:31 INFO BlockManager: Initialized BlockManager: BlockManagerId(driver, 8567accc62ca, 35745, None)
[2025-05-21T11:44:32.503+0000] {subprocess.py:93} INFO - INFO:__main__:Lecture du fichier JSON depuis : /gold_price/news/raw/year=2025/month=5/day=21/news_data.json
[2025-05-21T11:44:32.606+0000] {subprocess.py:93} INFO - 25/05/21 11:44:32 INFO SharedState: Setting hive.metastore.warehouse.dir ('null') to the value of spark.sql.warehouse.dir.
[2025-05-21T11:44:32.621+0000] {subprocess.py:93} INFO - 25/05/21 11:44:32 INFO SharedState: Warehouse path is 'file:/opt/spark-apps/spark-warehouse'.
[2025-05-21T11:44:36.337+0000] {subprocess.py:93} INFO - 25/05/21 11:44:36 INFO InMemoryFileIndex: It took 110 ms to list leaf files for 1 paths.
[2025-05-21T11:44:36.457+0000] {subprocess.py:93} INFO - 25/05/21 11:44:36 INFO InMemoryFileIndex: It took 14 ms to list leaf files for 1 paths.
[2025-05-21T11:44:41.427+0000] {subprocess.py:93} INFO - 25/05/21 11:44:41 INFO FileSourceStrategy: Pushed Filters:
[2025-05-21T11:44:41.493+0000] {subprocess.py:93} INFO - 25/05/21 11:44:41 INFO FileSourceStrategy: Post-Scan Filters:
[2025-05-21T11:44:42.286+0000] {subprocess.py:93} INFO - 25/05/21 11:44:42 INFO MemoryStore: Block broadcast_0 stored as values in memory (estimated size 199.6 KiB, free 434.2 MiB)
[2025-05-21T11:44:42.470+0000] {subprocess.py:93} INFO - 25/05/21 11:44:42 INFO MemoryStore: Block broadcast_0_piece0 stored as bytes in memory (estimated size 34.3 KiB, free 434.2 MiB)
[2025-05-21T11:44:42.475+0000] {subprocess.py:93} INFO - 25/05/21 11:44:42 INFO BlockManagerInfo: Added broadcast_0_piece0 in memory on 8567accc62ca:35745 (size: 34.3 KiB, free: 434.4 MiB)
[2025-05-21T11:44:42.486+0000] {subprocess.py:93} INFO - 25/05/21 11:44:42 INFO SparkContext: Created broadcast 0 from json at <unknown>:0
[2025-05-21T11:44:42.507+0000] {subprocess.py:93} INFO - 25/05/21 11:44:42 INFO FileSourceScanExec: Planning scan with bin packing, max size: 4194304 bytes, open cost is considered as scanning 4194304 bytes.
[2025-05-21T11:44:42.825+0000] {subprocess.py:93} INFO - 25/05/21 11:44:42 INFO SparkContext: Starting job: json at <unknown>:0
[2025-05-21T11:44:42.864+0000] {subprocess.py:93} INFO - 25/05/21 11:44:42 INFO DAGScheduler: Got job 0 (json at <unknown>:0) with 1 output partitions
[2025-05-21T11:44:42.866+0000] {subprocess.py:93} INFO - 25/05/21 11:44:42 INFO DAGScheduler: Final stage: ResultStage 0 (json at <unknown>:0)
[2025-05-21T11:44:42.867+0000] {subprocess.py:93} INFO - 25/05/21 11:44:42 INFO DAGScheduler: Parents of final stage: List()
[2025-05-21T11:44:42.871+0000] {subprocess.py:93} INFO - 25/05/21 11:44:42 INFO DAGScheduler: Missing parents: List()
[2025-05-21T11:44:42.876+0000] {subprocess.py:93} INFO - 25/05/21 11:44:42 INFO DAGScheduler: Submitting ResultStage 0 (MapPartitionsRDD[3] at json at <unknown>:0), which has no missing parents
[2025-05-21T11:44:43.041+0000] {subprocess.py:93} INFO - 25/05/21 11:44:43 INFO MemoryStore: Block broadcast_1 stored as values in memory (estimated size 16.2 KiB, free 434.2 MiB)
[2025-05-21T11:44:43.093+0000] {subprocess.py:93} INFO - 25/05/21 11:44:43 INFO MemoryStore: Block broadcast_1_piece0 stored as bytes in memory (estimated size 7.6 KiB, free 434.1 MiB)
[2025-05-21T11:44:43.095+0000] {subprocess.py:93} INFO - 25/05/21 11:44:43 INFO BlockManagerInfo: Added broadcast_1_piece0 in memory on 8567accc62ca:35745 (size: 7.6 KiB, free: 434.4 MiB)
[2025-05-21T11:44:43.095+0000] {subprocess.py:93} INFO - 25/05/21 11:44:43 INFO SparkContext: Created broadcast 1 from broadcast at DAGScheduler.scala:1585
[2025-05-21T11:44:43.120+0000] {subprocess.py:93} INFO - 25/05/21 11:44:43 INFO DAGScheduler: Submitting 1 missing tasks from ResultStage 0 (MapPartitionsRDD[3] at json at <unknown>:0) (first 15 tasks are for partitions Vector(0))
[2025-05-21T11:44:43.124+0000] {subprocess.py:93} INFO - 25/05/21 11:44:43 INFO TaskSchedulerImpl: Adding task set 0.0 with 1 tasks resource profile 0
[2025-05-21T11:44:43.283+0000] {subprocess.py:93} INFO - 25/05/21 11:44:43 INFO TaskSetManager: Starting task 0.0 in stage 0.0 (TID 0) (8567accc62ca, executor driver, partition 0, ANY, 8258 bytes)
[2025-05-21T11:44:43.321+0000] {subprocess.py:93} INFO - 25/05/21 11:44:43 INFO Executor: Running task 0.0 in stage 0.0 (TID 0)
[2025-05-21T11:44:43.560+0000] {subprocess.py:93} INFO - 25/05/21 11:44:43 INFO FileScanRDD: Reading File path: hdfs://namenode:9000/gold_price/news/raw/year=2025/month=5/day=21/news_data.json, range: 0-82642, partition values: [empty row]
[2025-05-21T11:44:44.513+0000] {subprocess.py:93} INFO - 25/05/21 11:44:44 INFO CodeGenerator: Code generated in 845.58814 ms
[2025-05-21T11:44:44.865+0000] {subprocess.py:93} INFO - 25/05/21 11:44:44 INFO Executor: Finished task 0.0 in stage 0.0 (TID 0). 2007 bytes result sent to driver
[2025-05-21T11:44:44.882+0000] {subprocess.py:93} INFO - 25/05/21 11:44:44 INFO TaskSetManager: Finished task 0.0 in stage 0.0 (TID 0) in 1631 ms on 8567accc62ca (executor driver) (1/1)
[2025-05-21T11:44:44.886+0000] {subprocess.py:93} INFO - 25/05/21 11:44:44 INFO TaskSchedulerImpl: Removed TaskSet 0.0, whose tasks have all completed, from pool
[2025-05-21T11:44:44.894+0000] {subprocess.py:93} INFO - 25/05/21 11:44:44 INFO DAGScheduler: ResultStage 0 (json at <unknown>:0) finished in 1.995 s
[2025-05-21T11:44:44.901+0000] {subprocess.py:93} INFO - 25/05/21 11:44:44 INFO DAGScheduler: Job 0 is finished. Cancelling potential speculative or zombie tasks for this job
[2025-05-21T11:44:44.903+0000] {subprocess.py:93} INFO - 25/05/21 11:44:44 INFO TaskSchedulerImpl: Killing all running tasks in stage 0: Stage finished
[2025-05-21T11:44:44.907+0000] {subprocess.py:93} INFO - 25/05/21 11:44:44 INFO DAGScheduler: Job 0 finished: json at <unknown>:0, took 2.082197 s
[2025-05-21T11:44:44.978+0000] {subprocess.py:93} INFO - 25/05/21 11:44:44 INFO FileSourceStrategy: Pushed Filters:
[2025-05-21T11:44:44.979+0000] {subprocess.py:93} INFO - 25/05/21 11:44:44 INFO FileSourceStrategy: Post-Scan Filters:
[2025-05-21T11:44:45.614+0000] {subprocess.py:93} INFO - 25/05/21 11:44:45 INFO MemoryStore: Block broadcast_2 stored as values in memory (estimated size 199.5 KiB, free 434.0 MiB)
[2025-05-21T11:44:45.639+0000] {subprocess.py:93} INFO - 25/05/21 11:44:45 INFO MemoryStore: Block broadcast_2_piece0 stored as bytes in memory (estimated size 34.3 KiB, free 433.9 MiB)
[2025-05-21T11:44:45.642+0000] {subprocess.py:93} INFO - 25/05/21 11:44:45 INFO BlockManagerInfo: Added broadcast_2_piece0 in memory on 8567accc62ca:35745 (size: 34.3 KiB, free: 434.3 MiB)
[2025-05-21T11:44:45.644+0000] {subprocess.py:93} INFO - 25/05/21 11:44:45 INFO SparkContext: Created broadcast 2 from count at <unknown>:0
[2025-05-21T11:44:45.986+0000] {subprocess.py:93} INFO - 25/05/21 11:44:45 INFO BlockManagerInfo: Removed broadcast_0_piece0 on 8567accc62ca:35745 in memory (size: 34.3 KiB, free: 434.4 MiB)
[2025-05-21T11:44:46.010+0000] {subprocess.py:93} INFO - 25/05/21 11:44:46 INFO BlockManagerInfo: Removed broadcast_1_piece0 on 8567accc62ca:35745 in memory (size: 7.6 KiB, free: 434.4 MiB)
[2025-05-21T11:44:46.025+0000] {subprocess.py:93} INFO - Traceback (most recent call last):
[2025-05-21T11:44:46.026+0000] {subprocess.py:93} INFO -   File "/scripts/analyze_news.py", line 36, in <module>
[2025-05-21T11:44:46.029+0000] {subprocess.py:93} INFO -     corrupt_count = news_df.filter(news_df._corrupt_record.isNotNull()).count()
[2025-05-21T11:44:46.029+0000] {subprocess.py:93} INFO -   File "/opt/spark/python/lib/pyspark.zip/pyspark/sql/dataframe.py", line 1238, in count
[2025-05-21T11:44:46.030+0000] {subprocess.py:93} INFO -   File "/opt/spark/python/lib/py4j-0.10.9.7-src.zip/py4j/java_gateway.py", line 1322, in __call__
[2025-05-21T11:44:46.031+0000] {subprocess.py:93} INFO -   File "/opt/spark/python/lib/pyspark.zip/pyspark/errors/exceptions/captured.py", line 185, in deco
[2025-05-21T11:44:46.038+0000] {subprocess.py:93} INFO - pyspark.errors.exceptions.captured.AnalysisException: Since Spark 2.3, the queries from raw JSON/CSV files are disallowed when the
[2025-05-21T11:44:46.040+0000] {subprocess.py:93} INFO - referenced columns only include the internal corrupt record column
[2025-05-21T11:44:46.040+0000] {subprocess.py:93} INFO - (named _corrupt_record by default). For example:
[2025-05-21T11:44:46.041+0000] {subprocess.py:93} INFO - spark.read.schema(schema).csv(file).filter($"_corrupt_record".isNotNull).count()
[2025-05-21T11:44:46.042+0000] {subprocess.py:93} INFO - and spark.read.schema(schema).csv(file).select("_corrupt_record").show().
[2025-05-21T11:44:46.042+0000] {subprocess.py:93} INFO - Instead, you can cache or save the parsed results and then send the same query.
[2025-05-21T11:44:46.043+0000] {subprocess.py:93} INFO - For example, val df = spark.read.schema(schema).csv(file).cache() and then
[2025-05-21T11:44:46.043+0000] {subprocess.py:93} INFO - df.filter($"_corrupt_record".isNotNull).count().
[2025-05-21T11:44:46.130+0000] {subprocess.py:93} INFO - 25/05/21 11:44:46 INFO SparkContext: Invoking stop() from shutdown hook
[2025-05-21T11:44:46.131+0000] {subprocess.py:93} INFO - 25/05/21 11:44:46 INFO SparkContext: SparkContext is stopping with exitCode 0.
[2025-05-21T11:44:46.150+0000] {subprocess.py:93} INFO - 25/05/21 11:44:46 INFO SparkUI: Stopped Spark web UI at http://8567accc62ca:4040
[2025-05-21T11:44:46.175+0000] {subprocess.py:93} INFO - 25/05/21 11:44:46 INFO MapOutputTrackerMasterEndpoint: MapOutputTrackerMasterEndpoint stopped!
[2025-05-21T11:44:46.197+0000] {subprocess.py:93} INFO - 25/05/21 11:44:46 INFO MemoryStore: MemoryStore cleared
[2025-05-21T11:44:46.198+0000] {subprocess.py:93} INFO - 25/05/21 11:44:46 INFO BlockManager: BlockManager stopped
[2025-05-21T11:44:46.203+0000] {subprocess.py:93} INFO - 25/05/21 11:44:46 INFO BlockManagerMaster: BlockManagerMaster stopped
[2025-05-21T11:44:46.208+0000] {subprocess.py:93} INFO - 25/05/21 11:44:46 INFO OutputCommitCoordinator$OutputCommitCoordinatorEndpoint: OutputCommitCoordinator stopped!
[2025-05-21T11:44:46.223+0000] {subprocess.py:93} INFO - 25/05/21 11:44:46 INFO SparkContext: Successfully stopped SparkContext
[2025-05-21T11:44:46.224+0000] {subprocess.py:93} INFO - 25/05/21 11:44:46 INFO ShutdownHookManager: Shutdown hook called
[2025-05-21T11:44:46.225+0000] {subprocess.py:93} INFO - 25/05/21 11:44:46 INFO ShutdownHookManager: Deleting directory /tmp/spark-e404a323-0a97-4616-8a59-644e65be2189
[2025-05-21T11:44:46.234+0000] {subprocess.py:93} INFO - 25/05/21 11:44:46 INFO ShutdownHookManager: Deleting directory /tmp/spark-076d2956-4ac8-43a7-96e4-0456ef4a477a/pyspark-d4a5c9c6-3053-4386-a4de-c702172f5c13
[2025-05-21T11:44:46.245+0000] {subprocess.py:93} INFO - 25/05/21 11:44:46 INFO ShutdownHookManager: Deleting directory /tmp/spark-076d2956-4ac8-43a7-96e4-0456ef4a477a
[2025-05-21T11:44:46.328+0000] {subprocess.py:97} INFO - Command exited with return code 1
[2025-05-21T11:44:46.343+0000] {taskinstance.py:1935} ERROR - Task failed with exception
Traceback (most recent call last):
  File "/home/airflow/.local/lib/python3.9/site-packages/airflow/operators/bash.py", line 210, in execute
    raise AirflowException(
airflow.exceptions.AirflowException: Bash command failed. The command returned a non-zero exit code 1.
[2025-05-21T11:44:46.351+0000] {taskinstance.py:1398} INFO - Marking task as FAILED. dag_id=gold_news_pipeline, task_id=analyze_news, execution_date=20250521T114353, start_date=20250521T114423, end_date=20250521T114446
[2025-05-21T11:44:46.352+0000] {news_batch.py:190} ERROR - Tâche échouée : analyze_news, logs : http://localhost:8080/log?execution_date=2025-05-21T11%3A43%3A53.539162%2B00%3A00&task_id=analyze_news&dag_id=gold_news_pipeline&map_index=-1
[2025-05-21T11:44:46.371+0000] {standard_task_runner.py:104} ERROR - Failed to execute job 124 for task analyze_news (Bash command failed. The command returned a non-zero exit code 1.; 2549)
[2025-05-21T11:44:46.418+0000] {local_task_job_runner.py:228} INFO - Task exited with return code 1
[2025-05-21T11:44:46.439+0000] {taskinstance.py:2776} INFO - 0 downstream tasks scheduled from follow-on schedule check
