[2025-05-20T22:12:35.201+0000] {taskinstance.py:1157} INFO - Dependencies all met for dep_context=non-requeueable deps ti=<TaskInstance: gold_model_finetuning_bash_container.prepare_fine_tune manual__2025-05-20T22:12:29.408534+00:00 [queued]>
[2025-05-20T22:12:35.219+0000] {taskinstance.py:1157} INFO - Dependencies all met for dep_context=requeueable deps ti=<TaskInstance: gold_model_finetuning_bash_container.prepare_fine_tune manual__2025-05-20T22:12:29.408534+00:00 [queued]>
[2025-05-20T22:12:35.220+0000] {taskinstance.py:1359} INFO - Starting attempt 1 of 1
[2025-05-20T22:12:35.239+0000] {taskinstance.py:1380} INFO - Executing <Task(PythonOperator): prepare_fine_tune> on 2025-05-20 22:12:29.408534+00:00
[2025-05-20T22:12:35.251+0000] {standard_task_runner.py:57} INFO - Started process 429 to run task
[2025-05-20T22:12:35.255+0000] {standard_task_runner.py:84} INFO - Running: ['***', 'tasks', 'run', 'gold_model_finetuning_bash_container', 'prepare_fine_tune', 'manual__2025-05-20T22:12:29.408534+00:00', '--job-id', '93', '--raw', '--subdir', 'DAGS_FOLDER/re_train.py', '--cfg-path', '/tmp/tmpeajirygu']
[2025-05-20T22:12:35.260+0000] {standard_task_runner.py:85} INFO - Job 93: Subtask prepare_fine_tune
[2025-05-20T22:12:35.328+0000] {task_command.py:415} INFO - Running <TaskInstance: gold_model_finetuning_bash_container.prepare_fine_tune manual__2025-05-20T22:12:29.408534+00:00 [running]> on host a9ad06bbacca
[2025-05-20T22:12:35.463+0000] {taskinstance.py:1660} INFO - Exporting env vars: AIRFLOW_CTX_DAG_OWNER='***' AIRFLOW_CTX_DAG_ID='gold_model_finetuning_bash_container' AIRFLOW_CTX_TASK_ID='prepare_fine_tune' AIRFLOW_CTX_EXECUTION_DATE='2025-05-20T22:12:29.408534+00:00' AIRFLOW_CTX_TRY_NUMBER='1' AIRFLOW_CTX_DAG_RUN_ID='manual__2025-05-20T22:12:29.408534+00:00'
[2025-05-20T22:12:35.467+0000] {re_train.py:22} INFO - Début de la tâche prepare_fine_tune
[2025-05-20T22:12:35.467+0000] {re_train.py:25} INFO - Année et mois actuels : 2025, 5
[2025-05-20T22:12:35.468+0000] {re_train.py:27} INFO - Tracking URI défini avec succès
[2025-05-20T22:12:35.707+0000] {migration.py:213} INFO - Context impl SQLiteImpl.
[2025-05-20T22:12:35.708+0000] {migration.py:216} INFO - Will assume non-transactional DDL.
[2025-05-20T22:12:35.806+0000] {re_train.py:29} INFO - Nombre de runs trouvés : 4
[2025-05-20T22:12:35.810+0000] {re_train.py:32} INFO - Run ID initial sélectionné : 27f32c43894842af9f11fb94b3a21912
[2025-05-20T22:12:35.866+0000] {re_train.py:39} INFO - Paramètres poussés dans XCom avec succès
[2025-05-20T22:12:35.868+0000] {python.py:194} INFO - Done. Returned value was: None
[2025-05-20T22:12:35.882+0000] {taskinstance.py:1398} INFO - Marking task as SUCCESS. dag_id=gold_model_finetuning_bash_container, task_id=prepare_fine_tune, execution_date=20250520T221229, start_date=20250520T221235, end_date=20250520T221235
[2025-05-20T22:12:35.954+0000] {local_task_job_runner.py:228} INFO - Task exited with return code 0
[2025-05-20T22:12:35.989+0000] {taskinstance.py:2776} INFO - 1 downstream tasks scheduled from follow-on schedule check
