[2025-05-12T18:27:40.784+0000] {taskinstance.py:1157} INFO - Dependencies all met for dep_context=non-requeueable deps ti=<TaskInstance: gold_news_pipeline.check_cassandra manual__2025-05-12T18:25:56.496502+00:00 [queued]>
[2025-05-12T18:27:40.797+0000] {taskinstance.py:1157} INFO - Dependencies all met for dep_context=requeueable deps ti=<TaskInstance: gold_news_pipeline.check_cassandra manual__2025-05-12T18:25:56.496502+00:00 [queued]>
[2025-05-12T18:27:40.799+0000] {taskinstance.py:1359} INFO - Starting attempt 1 of 1
[2025-05-12T18:27:40.817+0000] {taskinstance.py:1380} INFO - Executing <Task(PythonOperator): check_cassandra> on 2025-05-12 18:25:56.496502+00:00
[2025-05-12T18:27:40.825+0000] {standard_task_runner.py:57} INFO - Started process 2878 to run task
[2025-05-12T18:27:40.830+0000] {standard_task_runner.py:84} INFO - Running: ['***', 'tasks', 'run', 'gold_news_pipeline', 'check_cassandra', 'manual__2025-05-12T18:25:56.496502+00:00', '--job-id', '109', '--raw', '--subdir', 'DAGS_FOLDER/dag_news.py', '--cfg-path', '/tmp/tmpojxyndja']
[2025-05-12T18:27:40.834+0000] {standard_task_runner.py:85} INFO - Job 109: Subtask check_cassandra
[2025-05-12T18:27:40.887+0000] {task_command.py:415} INFO - Running <TaskInstance: gold_news_pipeline.check_cassandra manual__2025-05-12T18:25:56.496502+00:00 [running]> on host c26e5a949b49
[2025-05-12T18:27:40.976+0000] {taskinstance.py:1660} INFO - Exporting env vars: AIRFLOW_CTX_DAG_OWNER='***' AIRFLOW_CTX_DAG_ID='gold_news_pipeline' AIRFLOW_CTX_TASK_ID='check_cassandra' AIRFLOW_CTX_EXECUTION_DATE='2025-05-12T18:25:56.496502+00:00' AIRFLOW_CTX_TRY_NUMBER='1' AIRFLOW_CTX_DAG_RUN_ID='manual__2025-05-12T18:25:56.496502+00:00'
[2025-05-12T18:27:40.991+0000] {dag_news.py:49} WARNING - Cluster.__init__ called with contact_points specified, but no load_balancing_policy. In the next major version, this will raise an error; please specify a load-balancing policy. (contact_points = ['cassandra'], lbp = None)
[2025-05-12T18:27:41.019+0000] {dag_news.py:50} WARNING - Downgrading core protocol version from 66 to 65 for 172.18.0.4:9042. To avoid this, it is best practice to explicitly set Cluster(protocol_version) to the version supported by your cluster. http://datastax.github.io/python-driver/api/cassandra/cluster.html#cassandra.cluster.Cluster.protocol_version
[2025-05-12T18:27:41.022+0000] {dag_news.py:50} WARNING - Downgrading core protocol version from 65 to 5 for 172.18.0.4:9042. To avoid this, it is best practice to explicitly set Cluster(protocol_version) to the version supported by your cluster. http://datastax.github.io/python-driver/api/cassandra/cluster.html#cassandra.cluster.Cluster.protocol_version
[2025-05-12T18:27:41.075+0000] {policies.py:289} INFO - Using datacenter 'DC1' for DCAwareRoundRobinPolicy (via host '172.18.0.4:9042'); if incorrect, please specify a local_dc to the constructor, or limit contact points to local cluster nodes
[2025-05-12T18:27:41.408+0000] {logging_mixin.py:151} WARNING - /home/***/.local/lib/python3.8/site-packages/***/utils/context.py:314 AirflowContextDeprecationWarning: Accessing 'execution_date' from the template is deprecated and will be removed in a future version. Please use 'data_interval_start' or 'logical_date' instead.
[2025-05-12T18:27:41.674+0000] {asyncorereactor.py:448} WARNING - Server warning: Aggregation query used without partition key
[2025-05-12T18:27:41.676+0000] {logging_mixin.py:151} INFO - Success: Found 40 articles in Cassandra since 2025-05-12T18:10:56.496502+00:00
[2025-05-12T18:27:41.678+0000] {python.py:194} INFO - Done. Returned value was: None
[2025-05-12T18:27:41.696+0000] {taskinstance.py:1398} INFO - Marking task as SUCCESS. dag_id=gold_news_pipeline, task_id=check_cassandra, execution_date=20250512T182556, start_date=20250512T182740, end_date=20250512T182741
[2025-05-12T18:27:41.765+0000] {local_task_job_runner.py:228} INFO - Task exited with return code 0
[2025-05-12T18:27:41.798+0000] {taskinstance.py:2776} INFO - 0 downstream tasks scheduled from follow-on schedule check
