[2025-05-17T15:42:35.858+0000] {taskinstance.py:1157} INFO - Dependencies all met for dep_context=non-requeueable deps ti=<TaskInstance: gold_news_pipeline.run_consumer scheduled__2025-05-17T15:31:58.407469+00:00 [queued]>
[2025-05-17T15:42:35.875+0000] {taskinstance.py:1157} INFO - Dependencies all met for dep_context=requeueable deps ti=<TaskInstance: gold_news_pipeline.run_consumer scheduled__2025-05-17T15:31:58.407469+00:00 [queued]>
[2025-05-17T15:42:35.876+0000] {taskinstance.py:1359} INFO - Starting attempt 1 of 4
[2025-05-17T15:42:35.900+0000] {taskinstance.py:1380} INFO - Executing <Task(BashOperator): run_consumer> on 2025-05-17 15:31:58.407469+00:00
[2025-05-17T15:42:35.911+0000] {standard_task_runner.py:57} INFO - Started process 4671 to run task
[2025-05-17T15:42:35.915+0000] {standard_task_runner.py:84} INFO - Running: ['***', 'tasks', 'run', 'gold_news_pipeline', 'run_consumer', 'scheduled__2025-05-17T15:31:58.407469+00:00', '--job-id', '8', '--raw', '--subdir', 'DAGS_FOLDER/dag_news.py', '--cfg-path', '/tmp/tmpqljbw3ep']
[2025-05-17T15:42:35.922+0000] {standard_task_runner.py:85} INFO - Job 8: Subtask run_consumer
[2025-05-17T15:42:36.000+0000] {task_command.py:415} INFO - Running <TaskInstance: gold_news_pipeline.run_consumer scheduled__2025-05-17T15:31:58.407469+00:00 [running]> on host 75a565b94570
[2025-05-17T15:42:36.115+0000] {taskinstance.py:1660} INFO - Exporting env vars: AIRFLOW_CTX_DAG_OWNER='***' AIRFLOW_CTX_DAG_ID='gold_news_pipeline' AIRFLOW_CTX_TASK_ID='run_consumer' AIRFLOW_CTX_EXECUTION_DATE='2025-05-17T15:31:58.407469+00:00' AIRFLOW_CTX_TRY_NUMBER='1' AIRFLOW_CTX_DAG_RUN_ID='scheduled__2025-05-17T15:31:58.407469+00:00'
[2025-05-17T15:42:36.117+0000] {subprocess.py:63} INFO - Tmp dir root location: /tmp
[2025-05-17T15:42:36.122+0000] {subprocess.py:75} INFO - Running command: ['/bin/bash', '-c', 'docker exec gold_price_project-spark-1 bash -c "export PYSPARK_PYTHON=/usr/bin/python3.8 && spark-submit --conf spark.pyspark.python=/usr/bin/python3.8 --packages org.apache.spark:spark-sql-kafka-0-10_2.12:3.5.0,com.datastax.spark:spark-cassandra-connector_2.12:3.5.0 /scripts/spark_news.py"']
[2025-05-17T15:42:36.139+0000] {subprocess.py:86} INFO - Output:
[2025-05-17T15:42:42.385+0000] {subprocess.py:93} INFO - :: loading settings :: url = jar:file:/opt/spark/jars/ivy-2.5.1.jar!/org/apache/ivy/core/settings/ivysettings.xml
[2025-05-17T15:42:42.736+0000] {subprocess.py:93} INFO - Ivy Default Cache set to: /root/.ivy2/cache
[2025-05-17T15:42:42.737+0000] {subprocess.py:93} INFO - The jars for the packages stored in: /root/.ivy2/jars
[2025-05-17T15:42:42.755+0000] {subprocess.py:93} INFO - org.apache.spark#spark-sql-kafka-0-10_2.12 added as a dependency
[2025-05-17T15:42:42.756+0000] {subprocess.py:93} INFO - com.datastax.spark#spark-cassandra-connector_2.12 added as a dependency
[2025-05-17T15:42:42.759+0000] {subprocess.py:93} INFO - :: resolving dependencies :: org.apache.spark#spark-submit-parent-e011131c-4909-4c03-b6e9-27a59db3c401;1.0
[2025-05-17T15:42:42.760+0000] {subprocess.py:93} INFO - 	confs: [default]
[2025-05-17T15:42:45.429+0000] {subprocess.py:93} INFO - 	found org.apache.spark#spark-sql-kafka-0-10_2.12;3.5.0 in central
[2025-05-17T15:42:45.890+0000] {subprocess.py:93} INFO - 	found org.apache.spark#spark-token-provider-kafka-0-10_2.12;3.5.0 in central
[2025-05-17T15:42:45.989+0000] {subprocess.py:93} INFO - 	found org.apache.kafka#kafka-clients;3.4.1 in central
[2025-05-17T15:42:46.106+0000] {subprocess.py:93} INFO - 	found org.lz4#lz4-java;1.8.0 in central
[2025-05-17T15:42:46.214+0000] {subprocess.py:93} INFO - 	found org.xerial.snappy#snappy-java;1.1.10.3 in central
[2025-05-17T15:42:47.222+0000] {subprocess.py:93} INFO - 	found org.slf4j#slf4j-api;2.0.7 in central
[2025-05-17T15:42:49.083+0000] {subprocess.py:93} INFO - 	found org.apache.hadoop#hadoop-client-runtime;3.3.4 in central
[2025-05-17T15:42:49.314+0000] {subprocess.py:93} INFO - 	found org.apache.hadoop#hadoop-client-api;3.3.4 in central
[2025-05-17T15:42:51.167+0000] {subprocess.py:93} INFO - 	found commons-logging#commons-logging;1.1.3 in central
[2025-05-17T15:42:51.278+0000] {subprocess.py:93} INFO - 	found com.google.code.findbugs#jsr305;3.0.0 in central
[2025-05-17T15:42:52.892+0000] {subprocess.py:93} INFO - 	found org.apache.commons#commons-pool2;2.11.1 in central
[2025-05-17T15:42:52.919+0000] {subprocess.py:93} INFO - 	found com.datastax.spark#spark-cassandra-connector_2.12;3.5.0 in central
[2025-05-17T15:42:52.940+0000] {subprocess.py:93} INFO - 	found com.datastax.spark#spark-cassandra-connector-driver_2.12;3.5.0 in central
[2025-05-17T15:42:52.961+0000] {subprocess.py:93} INFO - 	found org.scala-lang.modules#scala-collection-compat_2.12;2.11.0 in central
[2025-05-17T15:42:52.997+0000] {subprocess.py:93} INFO - 	found com.datastax.oss#java-driver-core-shaded;4.13.0 in central
[2025-05-17T15:42:53.018+0000] {subprocess.py:93} INFO - 	found com.datastax.oss#native-protocol;1.5.0 in central
[2025-05-17T15:42:53.039+0000] {subprocess.py:93} INFO - 	found com.datastax.oss#java-driver-shaded-guava;25.1-jre-graal-sub-1 in central
[2025-05-17T15:42:53.061+0000] {subprocess.py:93} INFO - 	found com.typesafe#config;1.4.1 in central
[2025-05-17T15:42:53.097+0000] {subprocess.py:93} INFO - 	found io.dropwizard.metrics#metrics-core;4.1.18 in central
[2025-05-17T15:42:53.162+0000] {subprocess.py:93} INFO - 	found org.hdrhistogram#HdrHistogram;2.1.12 in central
[2025-05-17T15:42:53.209+0000] {subprocess.py:93} INFO - 	found org.reactivestreams#reactive-streams;1.0.3 in central
[2025-05-17T15:42:53.259+0000] {subprocess.py:93} INFO - 	found com.github.stephenc.jcip#jcip-annotations;1.0-1 in central
[2025-05-17T15:42:53.337+0000] {subprocess.py:93} INFO - 	found com.github.spotbugs#spotbugs-annotations;3.1.12 in central
[2025-05-17T15:42:53.432+0000] {subprocess.py:93} INFO - 	found com.google.code.findbugs#jsr305;3.0.2 in central
[2025-05-17T15:42:53.482+0000] {subprocess.py:93} INFO - 	found com.datastax.oss#java-driver-mapper-runtime;4.13.0 in central
[2025-05-17T15:42:53.561+0000] {subprocess.py:93} INFO - 	found com.datastax.oss#java-driver-query-builder;4.13.0 in central
[2025-05-17T15:42:53.640+0000] {subprocess.py:93} INFO - 	found org.apache.commons#commons-lang3;3.10 in central
[2025-05-17T15:42:54.674+0000] {subprocess.py:93} INFO - 	found com.thoughtworks.paranamer#paranamer;2.8 in central
[2025-05-17T15:42:54.757+0000] {subprocess.py:93} INFO - 	found org.scala-lang#scala-reflect;2.12.11 in central
[2025-05-17T15:42:54.841+0000] {subprocess.py:93} INFO - downloading https://repo1.maven.org/maven2/org/apache/spark/spark-sql-kafka-0-10_2.12/3.5.0/spark-sql-kafka-0-10_2.12-3.5.0.jar ...
[2025-05-17T15:42:57.676+0000] {subprocess.py:93} INFO - 	[SUCCESSFUL ] org.apache.spark#spark-sql-kafka-0-10_2.12;3.5.0!spark-sql-kafka-0-10_2.12.jar (2857ms)
[2025-05-17T15:42:57.716+0000] {subprocess.py:93} INFO - downloading https://repo1.maven.org/maven2/org/apache/spark/spark-token-provider-kafka-0-10_2.12/3.5.0/spark-token-provider-kafka-0-10_2.12-3.5.0.jar ...
[2025-05-17T15:42:58.300+0000] {subprocess.py:93} INFO - 	[SUCCESSFUL ] org.apache.spark#spark-token-provider-kafka-0-10_2.12;3.5.0!spark-token-provider-kafka-0-10_2.12.jar (612ms)
[2025-05-17T15:42:58.381+0000] {subprocess.py:93} INFO - downloading https://repo1.maven.org/maven2/org/apache/kafka/kafka-clients/3.4.1/kafka-clients-3.4.1.jar ...
[2025-05-17T15:43:26.105+0000] {subprocess.py:93} INFO - 	[SUCCESSFUL ] org.apache.kafka#kafka-clients;3.4.1!kafka-clients.jar (27806ms)
[2025-05-17T15:43:26.132+0000] {subprocess.py:93} INFO - downloading https://repo1.maven.org/maven2/org/apache/commons/commons-pool2/2.11.1/commons-pool2-2.11.1.jar ...
[2025-05-17T15:43:26.561+0000] {subprocess.py:93} INFO - 	[SUCCESSFUL ] org.apache.commons#commons-pool2;2.11.1!commons-pool2.jar (456ms)
[2025-05-17T15:43:26.620+0000] {subprocess.py:93} INFO - downloading https://repo1.maven.org/maven2/org/apache/hadoop/hadoop-client-runtime/3.3.4/hadoop-client-runtime-3.3.4.jar ...
[2025-05-17T15:45:43.868+0000] {local_task_job_runner.py:294} WARNING - State of this instance has been externally set to failed. Terminating instance.
[2025-05-17T15:45:43.884+0000] {process_utils.py:131} INFO - Sending 15 to group 4671. PIDs of all processes in the group: [4673, 4671]
[2025-05-17T15:45:43.885+0000] {process_utils.py:86} INFO - Sending the signal 15 to group 4671
[2025-05-17T15:45:43.886+0000] {taskinstance.py:1630} ERROR - Received SIGTERM. Terminating subprocesses.
[2025-05-17T15:45:43.891+0000] {subprocess.py:104} INFO - Sending SIGTERM signal to process group
[2025-05-17T15:45:43.984+0000] {process_utils.py:79} INFO - Process psutil.Process(pid=4673, status='terminated', started='15:42:35') (4673) terminated with exit code None
[2025-05-17T15:45:43.986+0000] {process_utils.py:79} INFO - Process psutil.Process(pid=4671, status='terminated', exitcode=0, started='15:42:35') (4671) terminated with exit code 0
