[2025-05-08T14:06:11.317+0000] {taskinstance.py:1157} INFO - Dependencies all met for dep_context=non-requeueable deps ti=<TaskInstance: gold_pipeline.extract_gold_data manual__2025-05-08T14:05:57.809227+00:00 [queued]>
[2025-05-08T14:06:11.330+0000] {taskinstance.py:1157} INFO - Dependencies all met for dep_context=requeueable deps ti=<TaskInstance: gold_pipeline.extract_gold_data manual__2025-05-08T14:05:57.809227+00:00 [queued]>
[2025-05-08T14:06:11.331+0000] {taskinstance.py:1359} INFO - Starting attempt 1 of 1
[2025-05-08T14:06:11.345+0000] {taskinstance.py:1380} INFO - Executing <Task(PythonOperator): extract_gold_data> on 2025-05-08 14:05:57.809227+00:00
[2025-05-08T14:06:11.358+0000] {standard_task_runner.py:57} INFO - Started process 5707 to run task
[2025-05-08T14:06:11.364+0000] {standard_task_runner.py:84} INFO - Running: ['***', 'tasks', 'run', 'gold_pipeline', 'extract_gold_data', 'manual__2025-05-08T14:05:57.809227+00:00', '--job-id', '34', '--raw', '--subdir', 'DAGS_FOLDER/pipeline.py', '--cfg-path', '/tmp/tmpr8tyk056']
[2025-05-08T14:06:11.368+0000] {standard_task_runner.py:85} INFO - Job 34: Subtask extract_gold_data
[2025-05-08T14:06:11.431+0000] {task_command.py:415} INFO - Running <TaskInstance: gold_pipeline.extract_gold_data manual__2025-05-08T14:05:57.809227+00:00 [running]> on host 223a2d167166
[2025-05-08T14:06:11.530+0000] {taskinstance.py:1660} INFO - Exporting env vars: AIRFLOW_CTX_DAG_OWNER='***' AIRFLOW_CTX_DAG_ID='gold_pipeline' AIRFLOW_CTX_TASK_ID='extract_gold_data' AIRFLOW_CTX_EXECUTION_DATE='2025-05-08T14:05:57.809227+00:00' AIRFLOW_CTX_TRY_NUMBER='1' AIRFLOW_CTX_DAG_RUN_ID='manual__2025-05-08T14:05:57.809227+00:00'
[2025-05-08T14:06:16.439+0000] {logging_mixin.py:151} INFO - Aperçu des données récupérées :
[2025-05-08T14:06:16.452+0000] {logging_mixin.py:151} INFO -                    raw_date source_name  ... volume         ingestion_timestamp
0 2025-04-08 00:00:00-04:00    yfinance  ...  18916  2025-05-08T14:06:16.423742
1 2025-04-08 04:00:00-04:00    yfinance  ...  27702  2025-05-08T14:06:16.423837
2 2025-04-08 08:00:00-04:00    yfinance  ...  63689  2025-05-08T14:06:16.423899
3 2025-04-08 12:00:00-04:00    yfinance  ...  47138  2025-05-08T14:06:16.423961
4 2025-04-08 16:00:00-04:00    yfinance  ...   8421  2025-05-08T14:06:16.424049

[5 rows x 7 columns]
[2025-05-08T14:06:17.139+0000] {client.py:496} INFO - Writing to '/gold_datalake/raw/gold_prices/2025-05-08.csv'.
[2025-05-08T14:06:17.211+0000] {client.py:496} INFO - Writing to '/gold_datalake/raw/fed_rates/2025-05-08.csv'.
[2025-05-08T14:06:17.286+0000] {client.py:496} INFO - Writing to '/gold_datalake/raw/sp500/2025-05-08.csv'.
[2025-05-08T14:06:17.345+0000] {python.py:194} INFO - Done. Returned value was: (                     raw_date source_name  ... volume         ingestion_timestamp
0   2025-04-08 00:00:00-04:00    yfinance  ...  18916  2025-05-08T14:06:16.423742
1   2025-04-08 04:00:00-04:00    yfinance  ...  27702  2025-05-08T14:06:16.423837
2   2025-04-08 08:00:00-04:00    yfinance  ...  63689  2025-05-08T14:06:16.423899
3   2025-04-08 12:00:00-04:00    yfinance  ...  47138  2025-05-08T14:06:16.423961
4   2025-04-08 16:00:00-04:00    yfinance  ...   8421  2025-05-08T14:06:16.424049
..                        ...         ...  ...    ...                         ...
125 2025-05-07 04:00:00-04:00    yfinance  ...  27047  2025-05-08T14:06:16.437399
126 2025-05-07 08:00:00-04:00    yfinance  ...  60384  2025-05-08T14:06:16.437455
127 2025-05-07 12:00:00-04:00    yfinance  ...  73064  2025-05-08T14:06:16.437525
128 2025-05-07 16:00:00-04:00    yfinance  ...   6636  2025-05-08T14:06:16.437581
129 2025-05-07 20:00:00-04:00    yfinance  ...  41933  2025-05-08T14:06:16.437638

[130 rows x 7 columns],          index       date  taux_fed
0   1954-07-01 1954-07-01      0.80
1   1954-08-01 1954-08-01      1.22
2   1954-09-01 1954-09-01      1.07
3   1954-10-01 1954-10-01      0.85
4   1954-11-01 1954-11-01      0.83
..         ...        ...       ...
845 2024-12-01 2024-12-01      4.48
846 2025-01-01 2025-01-01      4.33
847 2025-02-01 2025-02-01      4.33
848 2025-03-01 2025-03-01      4.33
849 2025-04-01 2025-04-01      4.33

[850 rows x 3 columns],                          date   prix_sp500  volume_sp500
0   2025-04-08 09:30:00-04:00  5253.859863             0
1   2025-04-08 10:30:00-04:00  5161.149902     586627925
2   2025-04-08 11:30:00-04:00  5157.040039     438403000
3   2025-04-08 12:30:00-04:00  5042.609863     555797000
4   2025-04-08 13:30:00-04:00  5041.770020     446306000
..                        ...          ...           ...
143 2025-05-07 12:30:00-04:00  5630.029785     242155000
144 2025-05-07 13:30:00-04:00  5596.790039     320622000
145 2025-05-07 14:30:00-04:00  5596.299805     365315000
146 2025-05-07 15:30:00-04:00  5629.750000     537533000
147 2025-05-08 09:30:00-04:00  5660.040039     349224692

[148 rows x 3 columns])
[2025-05-08T14:06:17.538+0000] {taskinstance.py:1398} INFO - Marking task as SUCCESS. dag_id=gold_pipeline, task_id=extract_gold_data, execution_date=20250508T140557, start_date=20250508T140611, end_date=20250508T140617
[2025-05-08T14:06:17.609+0000] {local_task_job_runner.py:228} INFO - Task exited with return code 0
[2025-05-08T14:06:17.660+0000] {taskinstance.py:2776} INFO - 1 downstream tasks scheduled from follow-on schedule check
