[2025-05-17T15:45:48.758+0000] {taskinstance.py:1157} INFO - Dependencies all met for dep_context=non-requeueable deps ti=<TaskInstance: gold_news_pipeline.run_producer manual__2025-05-17T15:45:45.785038+00:00 [queued]>
[2025-05-17T15:45:48.774+0000] {taskinstance.py:1157} INFO - Dependencies all met for dep_context=requeueable deps ti=<TaskInstance: gold_news_pipeline.run_producer manual__2025-05-17T15:45:45.785038+00:00 [queued]>
[2025-05-17T15:45:48.776+0000] {taskinstance.py:1359} INFO - Starting attempt 1 of 1
[2025-05-17T15:45:48.803+0000] {taskinstance.py:1380} INFO - Executing <Task(BashOperator): run_producer> on 2025-05-17 15:45:45.785038+00:00
[2025-05-17T15:45:48.812+0000] {standard_task_runner.py:57} INFO - Started process 5077 to run task
[2025-05-17T15:45:48.817+0000] {standard_task_runner.py:84} INFO - Running: ['***', 'tasks', 'run', 'gold_news_pipeline', 'run_producer', 'manual__2025-05-17T15:45:45.785038+00:00', '--job-id', '9', '--raw', '--subdir', 'DAGS_FOLDER/dag_news.py', '--cfg-path', '/tmp/tmpsw90yl39']
[2025-05-17T15:45:48.822+0000] {standard_task_runner.py:85} INFO - Job 9: Subtask run_producer
[2025-05-17T15:45:48.908+0000] {task_command.py:415} INFO - Running <TaskInstance: gold_news_pipeline.run_producer manual__2025-05-17T15:45:45.785038+00:00 [running]> on host 75a565b94570
[2025-05-17T15:45:49.028+0000] {taskinstance.py:1660} INFO - Exporting env vars: AIRFLOW_CTX_DAG_OWNER='***' AIRFLOW_CTX_DAG_ID='gold_news_pipeline' AIRFLOW_CTX_TASK_ID='run_producer' AIRFLOW_CTX_EXECUTION_DATE='2025-05-17T15:45:45.785038+00:00' AIRFLOW_CTX_TRY_NUMBER='1' AIRFLOW_CTX_DAG_RUN_ID='manual__2025-05-17T15:45:45.785038+00:00'
[2025-05-17T15:45:49.030+0000] {subprocess.py:63} INFO - Tmp dir root location: /tmp
[2025-05-17T15:45:49.033+0000] {subprocess.py:75} INFO - Running command: ['/bin/bash', '-c', 'docker exec gold_price_project-kafka-1 python3 /scripts/news_producer.py']
[2025-05-17T15:45:49.049+0000] {subprocess.py:86} INFO - Output:
[2025-05-17T15:45:50.195+0000] {subprocess.py:93} INFO - Starting news ingestion for gold market...
[2025-05-17T15:45:50.196+0000] {subprocess.py:93} INFO - Searching for keywords: gold price OR XAUUSD OR gold market OR Federal Reserve OR interest rates OR tariffs OR geopolitical tensions OR inflation OR US dollar OR safe-haven assets
[2025-05-17T15:45:50.197+0000] {subprocess.py:93} INFO - 
[2025-05-17T15:45:50.198+0000] {subprocess.py:93} INFO - Fetched 10 articles at 2025-05-17 15:45:50
[2025-05-17T15:45:50.198+0000] {subprocess.py:93} INFO - Sent to Kafka: Trump-tied World Liberty Financial Rebuffs U.S. Se...
[2025-05-17T15:45:50.199+0000] {subprocess.py:93} INFO - Sent to Kafka: America just imported a mountain of gold. Here's w...
[2025-05-17T15:45:50.199+0000] {subprocess.py:93} INFO - Sent to Kafka: America just imported a mountain of gold. Here's w...
[2025-05-17T15:45:50.200+0000] {subprocess.py:93} INFO - Sent to Kafka: How to trade gold and bitcoin after the big stock ...
[2025-05-17T15:45:50.200+0000] {subprocess.py:93} INFO - Sent to Kafka: Why More Americans Are Turning to Gold to Secure T...
[2025-05-17T15:45:50.201+0000] {subprocess.py:93} INFO - Sent to Kafka: Gold declines as traders book profits on U.S.-Chin...
[2025-05-17T15:45:50.201+0000] {subprocess.py:93} INFO - Sent to Kafka: Fidelity macro director recommends 4:1 Gold, Bitco...
[2025-05-17T15:45:50.202+0000] {subprocess.py:93} INFO - Sent to Kafka: Gold declines as traders book profits on U.S.-Chin...
[2025-05-17T15:45:50.202+0000] {subprocess.py:93} INFO - Sent to Kafka: Gold plunges to a 6-month low — is this the golden...
[2025-05-17T15:45:50.203+0000] {subprocess.py:93} INFO - Sent to Kafka: Medallion secures $17m commitments to advance Rave...
[2025-05-17T15:45:50.203+0000] {subprocess.py:93} INFO - 
[2025-05-17T15:45:50.204+0000] {subprocess.py:93} INFO - Waiting for next poll...
[2025-05-17T15:45:50.250+0000] {subprocess.py:97} INFO - Command exited with return code 0
[2025-05-17T15:45:50.299+0000] {taskinstance.py:1398} INFO - Marking task as SUCCESS. dag_id=gold_news_pipeline, task_id=run_producer, execution_date=20250517T154545, start_date=20250517T154548, end_date=20250517T154550
[2025-05-17T15:45:50.361+0000] {local_task_job_runner.py:228} INFO - Task exited with return code 0
[2025-05-17T15:45:50.389+0000] {taskinstance.py:2776} INFO - 1 downstream tasks scheduled from follow-on schedule check
