[2025-05-21T10:22:56.366+0000] {taskinstance.py:1157} INFO - Dependencies all met for dep_context=non-requeueable deps ti=<TaskInstance: gold_news_pipeline.ingest_news manual__2025-05-21T10:22:53.160801+00:00 [queued]>
[2025-05-21T10:22:56.382+0000] {taskinstance.py:1157} INFO - Dependencies all met for dep_context=requeueable deps ti=<TaskInstance: gold_news_pipeline.ingest_news manual__2025-05-21T10:22:53.160801+00:00 [queued]>
[2025-05-21T10:22:56.383+0000] {taskinstance.py:1359} INFO - Starting attempt 1 of 1
[2025-05-21T10:22:56.405+0000] {taskinstance.py:1380} INFO - Executing <Task(PythonOperator): ingest_news> on 2025-05-21 10:22:53.160801+00:00
[2025-05-21T10:22:56.412+0000] {standard_task_runner.py:57} INFO - Started process 1222 to run task
[2025-05-21T10:22:56.417+0000] {standard_task_runner.py:84} INFO - Running: ['***', 'tasks', 'run', 'gold_news_pipeline', 'ingest_news', 'manual__2025-05-21T10:22:53.160801+00:00', '--job-id', '108', '--raw', '--subdir', 'DAGS_FOLDER/news_batch.py', '--cfg-path', '/tmp/tmptohsb1w4']
[2025-05-21T10:22:56.424+0000] {standard_task_runner.py:85} INFO - Job 108: Subtask ingest_news
[2025-05-21T10:22:56.502+0000] {task_command.py:415} INFO - Running <TaskInstance: gold_news_pipeline.ingest_news manual__2025-05-21T10:22:53.160801+00:00 [running]> on host cf1d2898936c
[2025-05-21T10:22:56.617+0000] {taskinstance.py:1660} INFO - Exporting env vars: AIRFLOW_CTX_DAG_OWNER='***' AIRFLOW_CTX_DAG_ID='gold_news_pipeline' AIRFLOW_CTX_TASK_ID='ingest_news' AIRFLOW_CTX_EXECUTION_DATE='2025-05-21T10:22:53.160801+00:00' AIRFLOW_CTX_TRY_NUMBER='1' AIRFLOW_CTX_DAG_RUN_ID='manual__2025-05-21T10:22:53.160801+00:00'
[2025-05-21T10:22:56.621+0000] {news_batch.py:40} INFO - Requête API NewsAPI, page 1...
[2025-05-21T10:22:57.469+0000] {news_batch.py:40} INFO - Requête API NewsAPI, page 2...
[2025-05-21T10:22:57.745+0000] {news_batch.py:82} ERROR - Erreur lors de la requête API NewsAPI : 426 Client Error: Upgrade Required for url: https://newsapi.org/v2/everything?q=gold+market+OR+gold+price&apiKey=a461cd91622142459cf65995e3a403ed&language=en&sortBy=publishedAt&pageSize=100&page=2
[2025-05-21T10:22:57.748+0000] {taskinstance.py:1935} ERROR - Task failed with exception
Traceback (most recent call last):
  File "/home/airflow/.local/lib/python3.9/site-packages/airflow/operators/python.py", line 192, in execute
    return_value = self.execute_callable()
  File "/home/airflow/.local/lib/python3.9/site-packages/airflow/operators/python.py", line 209, in execute_callable
    return self.python_callable(*self.op_args, **self.op_kwargs)
  File "/opt/airflow/dags/news_batch.py", line 42, in ingest_news
    response.raise_for_status()  # Lève une exception si la requête échoue
  File "/home/airflow/.local/lib/python3.9/site-packages/requests/models.py", line 1021, in raise_for_status
    raise HTTPError(http_error_msg, response=self)
requests.exceptions.HTTPError: 426 Client Error: Upgrade Required for url: https://newsapi.org/v2/everything?q=gold+market+OR+gold+price&apiKey=a461cd91622142459cf65995e3a403ed&language=en&sortBy=publishedAt&pageSize=100&page=2
[2025-05-21T10:22:57.768+0000] {taskinstance.py:1398} INFO - Marking task as FAILED. dag_id=gold_news_pipeline, task_id=ingest_news, execution_date=20250521T102253, start_date=20250521T102256, end_date=20250521T102257
[2025-05-21T10:22:57.807+0000] {standard_task_runner.py:104} ERROR - Failed to execute job 108 for task ingest_news (426 Client Error: Upgrade Required for url: https://newsapi.org/v2/everything?q=gold+market+OR+gold+price&apiKey=a461cd91622142459cf65995e3a403ed&language=en&sortBy=publishedAt&pageSize=100&page=2; 1222)
[2025-05-21T10:22:57.839+0000] {local_task_job_runner.py:228} INFO - Task exited with return code 1
[2025-05-21T10:22:57.933+0000] {taskinstance.py:2776} INFO - 0 downstream tasks scheduled from follow-on schedule check
