[2025-05-12T18:03:46.445+0000] {taskinstance.py:1157} INFO - Dependencies all met for dep_context=non-requeueable deps ti=<TaskInstance: gold_news_pipeline.run_producer manual__2025-05-12T18:03:42.950231+00:00 [queued]>
[2025-05-12T18:03:46.465+0000] {taskinstance.py:1157} INFO - Dependencies all met for dep_context=requeueable deps ti=<TaskInstance: gold_news_pipeline.run_producer manual__2025-05-12T18:03:42.950231+00:00 [queued]>
[2025-05-12T18:03:46.466+0000] {taskinstance.py:1359} INFO - Starting attempt 1 of 1
[2025-05-12T18:03:46.496+0000] {taskinstance.py:1380} INFO - Executing <Task(BashOperator): run_producer> on 2025-05-12 18:03:42.950231+00:00
[2025-05-12T18:03:46.509+0000] {standard_task_runner.py:57} INFO - Started process 436 to run task
[2025-05-12T18:03:46.514+0000] {standard_task_runner.py:84} INFO - Running: ['***', 'tasks', 'run', 'gold_news_pipeline', 'run_producer', 'manual__2025-05-12T18:03:42.950231+00:00', '--job-id', '97', '--raw', '--subdir', 'DAGS_FOLDER/dag_news.py', '--cfg-path', '/tmp/tmp_e2srmd9']
[2025-05-12T18:03:46.522+0000] {standard_task_runner.py:85} INFO - Job 97: Subtask run_producer
[2025-05-12T18:03:46.632+0000] {task_command.py:415} INFO - Running <TaskInstance: gold_news_pipeline.run_producer manual__2025-05-12T18:03:42.950231+00:00 [running]> on host c26e5a949b49
[2025-05-12T18:03:46.752+0000] {taskinstance.py:1660} INFO - Exporting env vars: AIRFLOW_CTX_DAG_OWNER='***' AIRFLOW_CTX_DAG_ID='gold_news_pipeline' AIRFLOW_CTX_TASK_ID='run_producer' AIRFLOW_CTX_EXECUTION_DATE='2025-05-12T18:03:42.950231+00:00' AIRFLOW_CTX_TRY_NUMBER='1' AIRFLOW_CTX_DAG_RUN_ID='manual__2025-05-12T18:03:42.950231+00:00'
[2025-05-12T18:03:46.754+0000] {subprocess.py:63} INFO - Tmp dir root location: /tmp
[2025-05-12T18:03:46.755+0000] {subprocess.py:75} INFO - Running command: ['/bin/bash', '-c', 'docker exec gold_price_project-kafka-1 python3 /scripts/news_producer.py']
[2025-05-12T18:03:46.773+0000] {subprocess.py:86} INFO - Output:
[2025-05-12T18:03:47.762+0000] {subprocess.py:93} INFO - Starting news ingestion for gold market...
[2025-05-12T18:03:47.763+0000] {subprocess.py:93} INFO - Searching for keywords: gold price OR XAUUSD OR gold market OR Federal Reserve OR interest rates OR tariffs OR geopolitical tensions OR inflation OR US dollar OR safe-haven assets
[2025-05-12T18:03:47.764+0000] {subprocess.py:93} INFO - 
[2025-05-12T18:03:47.765+0000] {subprocess.py:93} INFO - Fetched 10 articles at 2025-05-12 18:03:47
[2025-05-12T18:03:47.765+0000] {subprocess.py:93} INFO - Sent to Kafka: Crypto Analyst Predicts Bitcoin To Hit $200,000 At...
[2025-05-12T18:03:47.765+0000] {subprocess.py:93} INFO - Sent to Kafka: Best Altcoins to Buy as Bitcoin Nears All-Time Hig...
[2025-05-12T18:03:47.766+0000] {subprocess.py:93} INFO - Sent to Kafka: Google will pay Texas $1.4 billion over its locati...
[2025-05-12T18:03:47.767+0000] {subprocess.py:93} INFO - Sent to Kafka: In Volatile Markets, RWAs Like Gold Are A Lifeline...
[2025-05-12T18:03:47.767+0000] {subprocess.py:93} INFO - Sent to Kafka: Top Blog SEO Tips for Higher Search Rankings | Sim...
[2025-05-12T18:03:47.768+0000] {subprocess.py:93} INFO - Sent to Kafka: George W. Bush Lit The Dollar Fire On Which Trump ...
[2025-05-12T18:03:47.769+0000] {subprocess.py:93} INFO - Sent to Kafka: The 3 Easy New Ways Anyone Can Funnel Money Direct...
[2025-05-12T18:03:47.769+0000] {subprocess.py:93} INFO - Sent to Kafka: How To Invest In Web3 In 2025...
[2025-05-12T18:03:47.771+0000] {subprocess.py:93} INFO - Sent to Kafka: Shodan-Dorks - Dorks for Shodan; a powerful tool u...
[2025-05-12T18:03:47.773+0000] {subprocess.py:93} INFO - Sent to Kafka: A historic hotel might be the spark a California c...
[2025-05-12T18:03:47.774+0000] {subprocess.py:93} INFO - 
[2025-05-12T18:03:47.775+0000] {subprocess.py:93} INFO - Waiting for next poll...
[2025-05-12T18:03:47.812+0000] {subprocess.py:97} INFO - Command exited with return code 0
[2025-05-12T18:03:47.851+0000] {taskinstance.py:1398} INFO - Marking task as SUCCESS. dag_id=gold_news_pipeline, task_id=run_producer, execution_date=20250512T180342, start_date=20250512T180346, end_date=20250512T180347
[2025-05-12T18:03:47.895+0000] {local_task_job_runner.py:228} INFO - Task exited with return code 0
[2025-05-12T18:03:47.935+0000] {taskinstance.py:2776} INFO - 1 downstream tasks scheduled from follow-on schedule check
