[2025-05-21T10:35:33.241+0000] {taskinstance.py:1157} INFO - Dependencies all met for dep_context=non-requeueable deps ti=<TaskInstance: gold_news_pipeline.ingest_news manual__2025-05-21T10:35:30.784132+00:00 [queued]>
[2025-05-21T10:35:33.274+0000] {taskinstance.py:1157} INFO - Dependencies all met for dep_context=requeueable deps ti=<TaskInstance: gold_news_pipeline.ingest_news manual__2025-05-21T10:35:30.784132+00:00 [queued]>
[2025-05-21T10:35:33.275+0000] {taskinstance.py:1359} INFO - Starting attempt 1 of 1
[2025-05-21T10:35:33.316+0000] {taskinstance.py:1380} INFO - Executing <Task(PythonOperator): ingest_news> on 2025-05-21 10:35:30.784132+00:00
[2025-05-21T10:35:33.327+0000] {standard_task_runner.py:57} INFO - Started process 2241 to run task
[2025-05-21T10:35:33.343+0000] {standard_task_runner.py:84} INFO - Running: ['***', 'tasks', 'run', 'gold_news_pipeline', 'ingest_news', 'manual__2025-05-21T10:35:30.784132+00:00', '--job-id', '110', '--raw', '--subdir', 'DAGS_FOLDER/news_batch.py', '--cfg-path', '/tmp/tmp7hv0aldh']
[2025-05-21T10:35:33.359+0000] {standard_task_runner.py:85} INFO - Job 110: Subtask ingest_news
[2025-05-21T10:35:33.694+0000] {task_command.py:415} INFO - Running <TaskInstance: gold_news_pipeline.ingest_news manual__2025-05-21T10:35:30.784132+00:00 [running]> on host cf1d2898936c
[2025-05-21T10:35:34.058+0000] {taskinstance.py:1660} INFO - Exporting env vars: AIRFLOW_CTX_DAG_OWNER='***' AIRFLOW_CTX_DAG_ID='gold_news_pipeline' AIRFLOW_CTX_TASK_ID='ingest_news' AIRFLOW_CTX_EXECUTION_DATE='2025-05-21T10:35:30.784132+00:00' AIRFLOW_CTX_TRY_NUMBER='1' AIRFLOW_CTX_DAG_RUN_ID='manual__2025-05-21T10:35:30.784132+00:00'
[2025-05-21T10:35:34.061+0000] {news_batch.py:41} INFO - Requête API NewsAPI, page 1...
[2025-05-21T10:35:34.446+0000] {news_batch.py:41} INFO - Requête API NewsAPI, page 2...
[2025-05-21T10:35:34.759+0000] {news_batch.py:41} INFO - Requête API NewsAPI, page 3...
[2025-05-21T10:35:35.063+0000] {news_batch.py:41} INFO - Requête API NewsAPI, page 4...
[2025-05-21T10:35:35.377+0000] {news_batch.py:41} INFO - Requête API NewsAPI, page 5...
[2025-05-21T10:35:35.693+0000] {news_batch.py:41} INFO - Requête API NewsAPI, page 6...
[2025-05-21T10:35:36.045+0000] {news_batch.py:41} INFO - Requête API NewsAPI, page 7...
[2025-05-21T10:35:36.716+0000] {news_batch.py:41} INFO - Requête API NewsAPI, page 8...
[2025-05-21T10:35:37.000+0000] {news_batch.py:41} INFO - Requête API NewsAPI, page 9...
[2025-05-21T10:35:37.307+0000] {news_batch.py:41} INFO - Requête API NewsAPI, page 10...
[2025-05-21T10:35:37.601+0000] {news_batch.py:70} INFO - Écriture des données dans /app/news_gold_market_20250521_103537.json...
[2025-05-21T10:35:37.654+0000] {news_batch.py:79} INFO - Total de 100 news ingérées et sauvegardées dans /app/news_gold_market_20250521_103537.json
[2025-05-21T10:35:37.660+0000] {python.py:194} INFO - Done. Returned value was: True
[2025-05-21T10:35:37.703+0000] {taskinstance.py:1398} INFO - Marking task as SUCCESS. dag_id=gold_news_pipeline, task_id=ingest_news, execution_date=20250521T103530, start_date=20250521T103533, end_date=20250521T103537
[2025-05-21T10:35:37.772+0000] {local_task_job_runner.py:228} INFO - Task exited with return code 0
[2025-05-21T10:35:37.825+0000] {taskinstance.py:2776} INFO - 1 downstream tasks scheduled from follow-on schedule check
