[2025-05-20T21:49:34.847+0000] {taskinstance.py:1157} INFO - Dependencies all met for dep_context=non-requeueable deps ti=<TaskInstance: gold_model_finetuning_bash_container.execute_fine_tune_in_container manual__2025-05-20T21:49:22.132126+00:00 [queued]>
[2025-05-20T21:49:34.874+0000] {taskinstance.py:1157} INFO - Dependencies all met for dep_context=requeueable deps ti=<TaskInstance: gold_model_finetuning_bash_container.execute_fine_tune_in_container manual__2025-05-20T21:49:22.132126+00:00 [queued]>
[2025-05-20T21:49:34.877+0000] {taskinstance.py:1359} INFO - Starting attempt 1 of 1
[2025-05-20T21:49:34.914+0000] {taskinstance.py:1380} INFO - Executing <Task(BashOperator): execute_fine_tune_in_container> on 2025-05-20 21:49:22.132126+00:00
[2025-05-20T21:49:34.933+0000] {standard_task_runner.py:57} INFO - Started process 291 to run task
[2025-05-20T21:49:34.937+0000] {standard_task_runner.py:84} INFO - Running: ['***', 'tasks', 'run', 'gold_model_finetuning_bash_container', 'execute_fine_tune_in_container', 'manual__2025-05-20T21:49:22.132126+00:00', '--job-id', '88', '--raw', '--subdir', 'DAGS_FOLDER/re_train.py', '--cfg-path', '/tmp/tmpvlk6uo8c']
[2025-05-20T21:49:34.944+0000] {standard_task_runner.py:85} INFO - Job 88: Subtask execute_fine_tune_in_container
[2025-05-20T21:49:35.039+0000] {task_command.py:415} INFO - Running <TaskInstance: gold_model_finetuning_bash_container.execute_fine_tune_in_container manual__2025-05-20T21:49:22.132126+00:00 [running]> on host 42b47e174cf2
[2025-05-20T21:49:35.268+0000] {taskinstance.py:1660} INFO - Exporting env vars: AIRFLOW_CTX_DAG_OWNER='***' AIRFLOW_CTX_DAG_ID='gold_model_finetuning_bash_container' AIRFLOW_CTX_TASK_ID='execute_fine_tune_in_container' AIRFLOW_CTX_EXECUTION_DATE='2025-05-20T21:49:22.132126+00:00' AIRFLOW_CTX_TRY_NUMBER='1' AIRFLOW_CTX_DAG_RUN_ID='manual__2025-05-20T21:49:22.132126+00:00'
[2025-05-20T21:49:35.270+0000] {subprocess.py:63} INFO - Tmp dir root location: /tmp
[2025-05-20T21:49:35.271+0000] {subprocess.py:75} INFO - Running command: ['/bin/bash', '-c', 'docker exec mlflow-container python3 /app/fine_tune_model.py --year 2025 --month 5 --run_id 05a0bf24015444fdb2f794688ce3524e']
[2025-05-20T21:49:35.296+0000] {subprocess.py:86} INFO - Output:
[2025-05-20T21:49:41.080+0000] {subprocess.py:93} INFO - 2025-05-20 21:49:41,076 - INFO - Utilisation du mois spécifié pour le fine-tuning : 2025-05
[2025-05-20T21:49:41.082+0000] {subprocess.py:93} INFO - 2025-05-20 21:49:41,077 - INFO - Instantiated <InsecureClient(url='http://namenode:9870')>.
[2025-05-20T21:49:41.082+0000] {subprocess.py:93} INFO - 2025-05-20 21:49:41,077 - INFO - Connexion à HDFS réussie
[2025-05-20T21:49:41.083+0000] {subprocess.py:93} INFO - 2025-05-20 21:49:41,081 - INFO - Walking '/gold_price/aggregates/year=2025/month=5' (depth 0).
[2025-05-20T21:49:41.084+0000] {subprocess.py:93} INFO - 2025-05-20 21:49:41,082 - INFO - Fetching status for '/gold_price/aggregates/year=2025/month=5'.
[2025-05-20T21:49:45.001+0000] {subprocess.py:93} INFO - 2025-05-20 21:49:44,998 - INFO - Listing '/gold_price/aggregates/year=2025/month=5'.
[2025-05-20T21:49:45.015+0000] {subprocess.py:93} INFO - 2025-05-20 21:49:45,013 - INFO - Listing '/gold_price/aggregates/year=2025/month=5/day=19'.
[2025-05-20T21:49:45.024+0000] {subprocess.py:93} INFO - 2025-05-20 21:49:45,022 - INFO - Téléchargement de /gold_price/aggregates/year=2025/month=5/day=19/part-00000-7233b45a-f771-4fa6-ba0b-29d0487d32bf.c000.snappy.parquet vers /app/temp_month_data/part-00000-7233b45a-f771-4fa6-ba0b-29d0487d32bf.c000.snappy.parquet
[2025-05-20T21:49:45.025+0000] {subprocess.py:93} INFO - 2025-05-20 21:49:45,022 - INFO - Reading file '/gold_price/aggregates/year=2025/month=5/day=19/part-00000-7233b45a-f771-4fa6-ba0b-29d0487d32bf.c000.snappy.parquet'.
[2025-05-20T21:49:46.634+0000] {subprocess.py:93} INFO - 2025-05-20 21:49:46,632 - INFO - Téléchargement de /gold_price/aggregates/year=2025/month=5/day=19/part-00000-7344ee69-580c-4207-ba94-d88d46337d4a.c000.snappy.parquet vers /app/temp_month_data/part-00000-7344ee69-580c-4207-ba94-d88d46337d4a.c000.snappy.parquet
[2025-05-20T21:49:46.635+0000] {subprocess.py:93} INFO - 2025-05-20 21:49:46,632 - INFO - Reading file '/gold_price/aggregates/year=2025/month=5/day=19/part-00000-7344ee69-580c-4207-ba94-d88d46337d4a.c000.snappy.parquet'.
[2025-05-20T21:49:46.665+0000] {subprocess.py:93} INFO - 2025-05-20 21:49:46,664 - INFO - Téléchargement de /gold_price/aggregates/year=2025/month=5/day=19/part-00000-af46b234-0b9d-4b14-8034-fc147c5e106c.c000.snappy.parquet vers /app/temp_month_data/part-00000-af46b234-0b9d-4b14-8034-fc147c5e106c.c000.snappy.parquet
[2025-05-20T21:49:46.666+0000] {subprocess.py:93} INFO - 2025-05-20 21:49:46,664 - INFO - Reading file '/gold_price/aggregates/year=2025/month=5/day=19/part-00000-af46b234-0b9d-4b14-8034-fc147c5e106c.c000.snappy.parquet'.
[2025-05-20T21:49:46.691+0000] {subprocess.py:93} INFO - 2025-05-20 21:49:46,689 - INFO - Téléchargement de /gold_price/aggregates/year=2025/month=5/day=19/part-00000-daaaaa63-8335-4b1c-ade8-dfb3c7483cc3.c000.snappy.parquet vers /app/temp_month_data/part-00000-daaaaa63-8335-4b1c-ade8-dfb3c7483cc3.c000.snappy.parquet
[2025-05-20T21:49:46.692+0000] {subprocess.py:93} INFO - 2025-05-20 21:49:46,689 - INFO - Reading file '/gold_price/aggregates/year=2025/month=5/day=19/part-00000-daaaaa63-8335-4b1c-ade8-dfb3c7483cc3.c000.snappy.parquet'.
[2025-05-20T21:49:46.720+0000] {subprocess.py:93} INFO - 2025-05-20 21:49:46,717 - INFO - Listing '/gold_price/aggregates/year=2025/month=5/day=20'.
[2025-05-20T21:49:46.747+0000] {subprocess.py:93} INFO - 2025-05-20 21:49:46,745 - INFO - Téléchargement de /gold_price/aggregates/year=2025/month=5/day=20/part-00000-00fc7cff-2ce7-4e83-ad9a-492f561249e6.c000.snappy.parquet vers /app/temp_month_data/part-00000-00fc7cff-2ce7-4e83-ad9a-492f561249e6.c000.snappy.parquet
[2025-05-20T21:49:46.748+0000] {subprocess.py:93} INFO - 2025-05-20 21:49:46,746 - INFO - Reading file '/gold_price/aggregates/year=2025/month=5/day=20/part-00000-00fc7cff-2ce7-4e83-ad9a-492f561249e6.c000.snappy.parquet'.
[2025-05-20T21:49:46.787+0000] {subprocess.py:93} INFO - 2025-05-20 21:49:46,784 - INFO - Téléchargement de /gold_price/aggregates/year=2025/month=5/day=20/part-00000-054a50e7-41b9-4675-9c20-f7aebe0817f9.c000.snappy.parquet vers /app/temp_month_data/part-00000-054a50e7-41b9-4675-9c20-f7aebe0817f9.c000.snappy.parquet
[2025-05-20T21:49:46.788+0000] {subprocess.py:93} INFO - 2025-05-20 21:49:46,784 - INFO - Reading file '/gold_price/aggregates/year=2025/month=5/day=20/part-00000-054a50e7-41b9-4675-9c20-f7aebe0817f9.c000.snappy.parquet'.
[2025-05-20T21:49:46.821+0000] {subprocess.py:93} INFO - 2025-05-20 21:49:46,819 - INFO - Téléchargement de /gold_price/aggregates/year=2025/month=5/day=20/part-00000-05a3e3d0-acb9-4a7a-b444-6f8473b42a83.c000.snappy.parquet vers /app/temp_month_data/part-00000-05a3e3d0-acb9-4a7a-b444-6f8473b42a83.c000.snappy.parquet
[2025-05-20T21:49:46.822+0000] {subprocess.py:93} INFO - 2025-05-20 21:49:46,819 - INFO - Reading file '/gold_price/aggregates/year=2025/month=5/day=20/part-00000-05a3e3d0-acb9-4a7a-b444-6f8473b42a83.c000.snappy.parquet'.
[2025-05-20T21:49:46.874+0000] {subprocess.py:93} INFO - 2025-05-20 21:49:46,868 - INFO - Téléchargement de /gold_price/aggregates/year=2025/month=5/day=20/part-00000-08d703d7-c799-49fe-a086-f75561b038bf.c000.snappy.parquet vers /app/temp_month_data/part-00000-08d703d7-c799-49fe-a086-f75561b038bf.c000.snappy.parquet
[2025-05-20T21:49:46.875+0000] {subprocess.py:93} INFO - 2025-05-20 21:49:46,868 - INFO - Reading file '/gold_price/aggregates/year=2025/month=5/day=20/part-00000-08d703d7-c799-49fe-a086-f75561b038bf.c000.snappy.parquet'.
[2025-05-20T21:49:46.925+0000] {subprocess.py:93} INFO - 2025-05-20 21:49:46,923 - INFO - Téléchargement de /gold_price/aggregates/year=2025/month=5/day=20/part-00000-0c94b998-7e71-439f-9195-88d29f7e23de.c000.snappy.parquet vers /app/temp_month_data/part-00000-0c94b998-7e71-439f-9195-88d29f7e23de.c000.snappy.parquet
[2025-05-20T21:49:46.926+0000] {subprocess.py:93} INFO - 2025-05-20 21:49:46,923 - INFO - Reading file '/gold_price/aggregates/year=2025/month=5/day=20/part-00000-0c94b998-7e71-439f-9195-88d29f7e23de.c000.snappy.parquet'.
[2025-05-20T21:49:46.961+0000] {subprocess.py:93} INFO - 2025-05-20 21:49:46,958 - INFO - Téléchargement de /gold_price/aggregates/year=2025/month=5/day=20/part-00000-0eb651cf-f7cd-4341-a9fd-87ac029349f3.c000.snappy.parquet vers /app/temp_month_data/part-00000-0eb651cf-f7cd-4341-a9fd-87ac029349f3.c000.snappy.parquet
[2025-05-20T21:49:46.963+0000] {subprocess.py:93} INFO - 2025-05-20 21:49:46,959 - INFO - Reading file '/gold_price/aggregates/year=2025/month=5/day=20/part-00000-0eb651cf-f7cd-4341-a9fd-87ac029349f3.c000.snappy.parquet'.
[2025-05-20T21:49:47.017+0000] {subprocess.py:93} INFO - 2025-05-20 21:49:47,013 - INFO - Téléchargement de /gold_price/aggregates/year=2025/month=5/day=20/part-00000-0fbd98bd-d28b-4cf6-9385-1a8b94ca8079.c000.snappy.parquet vers /app/temp_month_data/part-00000-0fbd98bd-d28b-4cf6-9385-1a8b94ca8079.c000.snappy.parquet
[2025-05-20T21:49:47.021+0000] {subprocess.py:93} INFO - 2025-05-20 21:49:47,014 - INFO - Reading file '/gold_price/aggregates/year=2025/month=5/day=20/part-00000-0fbd98bd-d28b-4cf6-9385-1a8b94ca8079.c000.snappy.parquet'.
[2025-05-20T21:49:47.056+0000] {subprocess.py:93} INFO - 2025-05-20 21:49:47,049 - INFO - Téléchargement de /gold_price/aggregates/year=2025/month=5/day=20/part-00000-19ff9577-2ab0-4d92-82c4-836bbe6b2f45.c000.snappy.parquet vers /app/temp_month_data/part-00000-19ff9577-2ab0-4d92-82c4-836bbe6b2f45.c000.snappy.parquet
[2025-05-20T21:49:47.057+0000] {subprocess.py:93} INFO - 2025-05-20 21:49:47,050 - INFO - Reading file '/gold_price/aggregates/year=2025/month=5/day=20/part-00000-19ff9577-2ab0-4d92-82c4-836bbe6b2f45.c000.snappy.parquet'.
[2025-05-20T21:49:47.091+0000] {subprocess.py:93} INFO - 2025-05-20 21:49:47,089 - INFO - Téléchargement de /gold_price/aggregates/year=2025/month=5/day=20/part-00000-1a8df165-6610-4aac-a0be-beaf4560006a.c000.snappy.parquet vers /app/temp_month_data/part-00000-1a8df165-6610-4aac-a0be-beaf4560006a.c000.snappy.parquet
[2025-05-20T21:49:47.092+0000] {subprocess.py:93} INFO - 2025-05-20 21:49:47,089 - INFO - Reading file '/gold_price/aggregates/year=2025/month=5/day=20/part-00000-1a8df165-6610-4aac-a0be-beaf4560006a.c000.snappy.parquet'.
[2025-05-20T21:49:47.142+0000] {subprocess.py:93} INFO - 2025-05-20 21:49:47,129 - INFO - Téléchargement de /gold_price/aggregates/year=2025/month=5/day=20/part-00000-1b81781b-94bc-4f35-88af-775c4a9e4292.c000.snappy.parquet vers /app/temp_month_data/part-00000-1b81781b-94bc-4f35-88af-775c4a9e4292.c000.snappy.parquet
[2025-05-20T21:49:47.143+0000] {subprocess.py:93} INFO - 2025-05-20 21:49:47,129 - INFO - Reading file '/gold_price/aggregates/year=2025/month=5/day=20/part-00000-1b81781b-94bc-4f35-88af-775c4a9e4292.c000.snappy.parquet'.
[2025-05-20T21:49:47.183+0000] {subprocess.py:93} INFO - 2025-05-20 21:49:47,177 - INFO - Téléchargement de /gold_price/aggregates/year=2025/month=5/day=20/part-00000-232bccac-9899-4ad2-bc35-0d615e0aaffd.c000.snappy.parquet vers /app/temp_month_data/part-00000-232bccac-9899-4ad2-bc35-0d615e0aaffd.c000.snappy.parquet
[2025-05-20T21:49:47.184+0000] {subprocess.py:93} INFO - 2025-05-20 21:49:47,178 - INFO - Reading file '/gold_price/aggregates/year=2025/month=5/day=20/part-00000-232bccac-9899-4ad2-bc35-0d615e0aaffd.c000.snappy.parquet'.
[2025-05-20T21:49:47.258+0000] {subprocess.py:93} INFO - 2025-05-20 21:49:47,241 - INFO - Téléchargement de /gold_price/aggregates/year=2025/month=5/day=20/part-00000-2848ff89-42c3-4aef-a1dd-92d5701dcdc4.c000.snappy.parquet vers /app/temp_month_data/part-00000-2848ff89-42c3-4aef-a1dd-92d5701dcdc4.c000.snappy.parquet
[2025-05-20T21:49:47.259+0000] {subprocess.py:93} INFO - 2025-05-20 21:49:47,241 - INFO - Reading file '/gold_price/aggregates/year=2025/month=5/day=20/part-00000-2848ff89-42c3-4aef-a1dd-92d5701dcdc4.c000.snappy.parquet'.
[2025-05-20T21:49:47.307+0000] {subprocess.py:93} INFO - 2025-05-20 21:49:47,301 - INFO - Téléchargement de /gold_price/aggregates/year=2025/month=5/day=20/part-00000-30454c62-6d40-4a23-99f3-96bb181a6d32.c000.snappy.parquet vers /app/temp_month_data/part-00000-30454c62-6d40-4a23-99f3-96bb181a6d32.c000.snappy.parquet
[2025-05-20T21:49:47.309+0000] {subprocess.py:93} INFO - 2025-05-20 21:49:47,302 - INFO - Reading file '/gold_price/aggregates/year=2025/month=5/day=20/part-00000-30454c62-6d40-4a23-99f3-96bb181a6d32.c000.snappy.parquet'.
[2025-05-20T21:49:47.583+0000] {subprocess.py:93} INFO - 2025-05-20 21:49:47,570 - INFO - Téléchargement de /gold_price/aggregates/year=2025/month=5/day=20/part-00000-30dee07d-6a97-45cd-9731-d6ea3d40b3cf.c000.snappy.parquet vers /app/temp_month_data/part-00000-30dee07d-6a97-45cd-9731-d6ea3d40b3cf.c000.snappy.parquet
[2025-05-20T21:49:47.622+0000] {subprocess.py:93} INFO - 2025-05-20 21:49:47,570 - INFO - Reading file '/gold_price/aggregates/year=2025/month=5/day=20/part-00000-30dee07d-6a97-45cd-9731-d6ea3d40b3cf.c000.snappy.parquet'.
[2025-05-20T21:49:47.738+0000] {subprocess.py:93} INFO - 2025-05-20 21:49:47,722 - INFO - Téléchargement de /gold_price/aggregates/year=2025/month=5/day=20/part-00000-3111d7cf-a551-4893-9aac-4a3e6e809c66.c000.snappy.parquet vers /app/temp_month_data/part-00000-3111d7cf-a551-4893-9aac-4a3e6e809c66.c000.snappy.parquet
[2025-05-20T21:49:47.740+0000] {subprocess.py:93} INFO - 2025-05-20 21:49:47,722 - INFO - Reading file '/gold_price/aggregates/year=2025/month=5/day=20/part-00000-3111d7cf-a551-4893-9aac-4a3e6e809c66.c000.snappy.parquet'.
[2025-05-20T21:49:48.595+0000] {subprocess.py:93} INFO - 2025-05-20 21:49:48,502 - INFO - Téléchargement de /gold_price/aggregates/year=2025/month=5/day=20/part-00000-3397e82c-03a9-418d-bc5d-7530ea630e1e.c000.snappy.parquet vers /app/temp_month_data/part-00000-3397e82c-03a9-418d-bc5d-7530ea630e1e.c000.snappy.parquet
[2025-05-20T21:49:48.638+0000] {subprocess.py:93} INFO - 2025-05-20 21:49:48,503 - INFO - Reading file '/gold_price/aggregates/year=2025/month=5/day=20/part-00000-3397e82c-03a9-418d-bc5d-7530ea630e1e.c000.snappy.parquet'.
[2025-05-20T21:49:48.894+0000] {subprocess.py:93} INFO - 2025-05-20 21:49:48,883 - INFO - Téléchargement de /gold_price/aggregates/year=2025/month=5/day=20/part-00000-359b8d05-c681-49dd-a588-0fcbe4457411.c000.snappy.parquet vers /app/temp_month_data/part-00000-359b8d05-c681-49dd-a588-0fcbe4457411.c000.snappy.parquet
[2025-05-20T21:49:48.897+0000] {subprocess.py:93} INFO - 2025-05-20 21:49:48,884 - INFO - Reading file '/gold_price/aggregates/year=2025/month=5/day=20/part-00000-359b8d05-c681-49dd-a588-0fcbe4457411.c000.snappy.parquet'.
[2025-05-20T21:49:48.954+0000] {subprocess.py:93} INFO - 2025-05-20 21:49:48,940 - INFO - Téléchargement de /gold_price/aggregates/year=2025/month=5/day=20/part-00000-370a9407-c0f1-48d5-9488-d3904de1b617.c000.snappy.parquet vers /app/temp_month_data/part-00000-370a9407-c0f1-48d5-9488-d3904de1b617.c000.snappy.parquet
[2025-05-20T21:49:48.957+0000] {subprocess.py:93} INFO - 2025-05-20 21:49:48,940 - INFO - Reading file '/gold_price/aggregates/year=2025/month=5/day=20/part-00000-370a9407-c0f1-48d5-9488-d3904de1b617.c000.snappy.parquet'.
[2025-05-20T21:49:49.165+0000] {subprocess.py:93} INFO - 2025-05-20 21:49:49,148 - INFO - Téléchargement de /gold_price/aggregates/year=2025/month=5/day=20/part-00000-3a073e2e-eb0c-4a03-99f7-f5bc661b0bbc.c000.snappy.parquet vers /app/temp_month_data/part-00000-3a073e2e-eb0c-4a03-99f7-f5bc661b0bbc.c000.snappy.parquet
[2025-05-20T21:49:49.174+0000] {subprocess.py:93} INFO - 2025-05-20 21:49:49,148 - INFO - Reading file '/gold_price/aggregates/year=2025/month=5/day=20/part-00000-3a073e2e-eb0c-4a03-99f7-f5bc661b0bbc.c000.snappy.parquet'.
[2025-05-20T21:49:49.269+0000] {subprocess.py:93} INFO - 2025-05-20 21:49:49,246 - INFO - Téléchargement de /gold_price/aggregates/year=2025/month=5/day=20/part-00000-3ec51940-8354-4800-b4ba-55466bf26702.c000.snappy.parquet vers /app/temp_month_data/part-00000-3ec51940-8354-4800-b4ba-55466bf26702.c000.snappy.parquet
[2025-05-20T21:49:49.274+0000] {subprocess.py:93} INFO - 2025-05-20 21:49:49,246 - INFO - Reading file '/gold_price/aggregates/year=2025/month=5/day=20/part-00000-3ec51940-8354-4800-b4ba-55466bf26702.c000.snappy.parquet'.
[2025-05-20T21:49:49.363+0000] {subprocess.py:93} INFO - 2025-05-20 21:49:49,337 - INFO - Téléchargement de /gold_price/aggregates/year=2025/month=5/day=20/part-00000-40a8a615-ef37-44f1-92e5-c46ab8b9db84.c000.snappy.parquet vers /app/temp_month_data/part-00000-40a8a615-ef37-44f1-92e5-c46ab8b9db84.c000.snappy.parquet
[2025-05-20T21:49:49.379+0000] {subprocess.py:93} INFO - 2025-05-20 21:49:49,339 - INFO - Reading file '/gold_price/aggregates/year=2025/month=5/day=20/part-00000-40a8a615-ef37-44f1-92e5-c46ab8b9db84.c000.snappy.parquet'.
[2025-05-20T21:49:49.413+0000] {subprocess.py:93} INFO - 2025-05-20 21:49:49,410 - INFO - Téléchargement de /gold_price/aggregates/year=2025/month=5/day=20/part-00000-4560068c-2d12-4ab9-a39f-3b6c3d7d7dff.c000.snappy.parquet vers /app/temp_month_data/part-00000-4560068c-2d12-4ab9-a39f-3b6c3d7d7dff.c000.snappy.parquet
[2025-05-20T21:49:49.416+0000] {subprocess.py:93} INFO - 2025-05-20 21:49:49,410 - INFO - Reading file '/gold_price/aggregates/year=2025/month=5/day=20/part-00000-4560068c-2d12-4ab9-a39f-3b6c3d7d7dff.c000.snappy.parquet'.
[2025-05-20T21:49:49.543+0000] {subprocess.py:93} INFO - 2025-05-20 21:49:49,527 - INFO - Téléchargement de /gold_price/aggregates/year=2025/month=5/day=20/part-00000-48356c07-3f29-4fac-a44c-207b648fb385.c000.snappy.parquet vers /app/temp_month_data/part-00000-48356c07-3f29-4fac-a44c-207b648fb385.c000.snappy.parquet
[2025-05-20T21:49:49.545+0000] {subprocess.py:93} INFO - 2025-05-20 21:49:49,527 - INFO - Reading file '/gold_price/aggregates/year=2025/month=5/day=20/part-00000-48356c07-3f29-4fac-a44c-207b648fb385.c000.snappy.parquet'.
[2025-05-20T21:49:49.657+0000] {subprocess.py:93} INFO - 2025-05-20 21:49:49,635 - INFO - Téléchargement de /gold_price/aggregates/year=2025/month=5/day=20/part-00000-489aea54-82e6-4dcb-b921-5f11131feb57.c000.snappy.parquet vers /app/temp_month_data/part-00000-489aea54-82e6-4dcb-b921-5f11131feb57.c000.snappy.parquet
[2025-05-20T21:49:49.658+0000] {subprocess.py:93} INFO - 2025-05-20 21:49:49,635 - INFO - Reading file '/gold_price/aggregates/year=2025/month=5/day=20/part-00000-489aea54-82e6-4dcb-b921-5f11131feb57.c000.snappy.parquet'.
[2025-05-20T21:49:49.731+0000] {subprocess.py:93} INFO - 2025-05-20 21:49:49,723 - INFO - Téléchargement de /gold_price/aggregates/year=2025/month=5/day=20/part-00000-4bf80aa9-f20d-4d7d-9337-d5b384386c02.c000.snappy.parquet vers /app/temp_month_data/part-00000-4bf80aa9-f20d-4d7d-9337-d5b384386c02.c000.snappy.parquet
[2025-05-20T21:49:49.741+0000] {subprocess.py:93} INFO - 2025-05-20 21:49:49,723 - INFO - Reading file '/gold_price/aggregates/year=2025/month=5/day=20/part-00000-4bf80aa9-f20d-4d7d-9337-d5b384386c02.c000.snappy.parquet'.
[2025-05-20T21:49:49.806+0000] {subprocess.py:93} INFO - 2025-05-20 21:49:49,804 - INFO - Téléchargement de /gold_price/aggregates/year=2025/month=5/day=20/part-00000-50973a59-244d-48a0-b62e-bd15997b31c9.c000.snappy.parquet vers /app/temp_month_data/part-00000-50973a59-244d-48a0-b62e-bd15997b31c9.c000.snappy.parquet
[2025-05-20T21:49:49.815+0000] {subprocess.py:93} INFO - 2025-05-20 21:49:49,804 - INFO - Reading file '/gold_price/aggregates/year=2025/month=5/day=20/part-00000-50973a59-244d-48a0-b62e-bd15997b31c9.c000.snappy.parquet'.
[2025-05-20T21:49:49.879+0000] {subprocess.py:93} INFO - 2025-05-20 21:49:49,874 - INFO - Téléchargement de /gold_price/aggregates/year=2025/month=5/day=20/part-00000-53e28f23-aaf9-4ecb-9f91-014d26c53f9b.c000.snappy.parquet vers /app/temp_month_data/part-00000-53e28f23-aaf9-4ecb-9f91-014d26c53f9b.c000.snappy.parquet
[2025-05-20T21:49:49.882+0000] {subprocess.py:93} INFO - 2025-05-20 21:49:49,874 - INFO - Reading file '/gold_price/aggregates/year=2025/month=5/day=20/part-00000-53e28f23-aaf9-4ecb-9f91-014d26c53f9b.c000.snappy.parquet'.
[2025-05-20T21:49:50.017+0000] {subprocess.py:93} INFO - 2025-05-20 21:49:49,983 - INFO - Téléchargement de /gold_price/aggregates/year=2025/month=5/day=20/part-00000-53fcec49-c213-4073-84bb-5f82d58524f3.c000.snappy.parquet vers /app/temp_month_data/part-00000-53fcec49-c213-4073-84bb-5f82d58524f3.c000.snappy.parquet
[2025-05-20T21:49:50.022+0000] {subprocess.py:93} INFO - 2025-05-20 21:49:49,983 - INFO - Reading file '/gold_price/aggregates/year=2025/month=5/day=20/part-00000-53fcec49-c213-4073-84bb-5f82d58524f3.c000.snappy.parquet'.
[2025-05-20T21:49:50.079+0000] {subprocess.py:93} INFO - 2025-05-20 21:49:50,075 - INFO - Téléchargement de /gold_price/aggregates/year=2025/month=5/day=20/part-00000-540e33dc-27e0-445a-be47-5866d30c2485.c000.snappy.parquet vers /app/temp_month_data/part-00000-540e33dc-27e0-445a-be47-5866d30c2485.c000.snappy.parquet
[2025-05-20T21:49:50.085+0000] {subprocess.py:93} INFO - 2025-05-20 21:49:50,076 - INFO - Reading file '/gold_price/aggregates/year=2025/month=5/day=20/part-00000-540e33dc-27e0-445a-be47-5866d30c2485.c000.snappy.parquet'.
[2025-05-20T21:49:50.133+0000] {subprocess.py:93} INFO - 2025-05-20 21:49:50,129 - INFO - Téléchargement de /gold_price/aggregates/year=2025/month=5/day=20/part-00000-5615ad19-f8d5-47ed-8f87-afda31328c5c.c000.snappy.parquet vers /app/temp_month_data/part-00000-5615ad19-f8d5-47ed-8f87-afda31328c5c.c000.snappy.parquet
[2025-05-20T21:49:50.135+0000] {subprocess.py:93} INFO - 2025-05-20 21:49:50,130 - INFO - Reading file '/gold_price/aggregates/year=2025/month=5/day=20/part-00000-5615ad19-f8d5-47ed-8f87-afda31328c5c.c000.snappy.parquet'.
[2025-05-20T21:49:50.184+0000] {subprocess.py:93} INFO - 2025-05-20 21:49:50,179 - INFO - Téléchargement de /gold_price/aggregates/year=2025/month=5/day=20/part-00000-57092bdd-038a-4634-a97f-265d59e86b60.c000.snappy.parquet vers /app/temp_month_data/part-00000-57092bdd-038a-4634-a97f-265d59e86b60.c000.snappy.parquet
[2025-05-20T21:49:50.187+0000] {subprocess.py:93} INFO - 2025-05-20 21:49:50,180 - INFO - Reading file '/gold_price/aggregates/year=2025/month=5/day=20/part-00000-57092bdd-038a-4634-a97f-265d59e86b60.c000.snappy.parquet'.
[2025-05-20T21:49:50.230+0000] {subprocess.py:93} INFO - 2025-05-20 21:49:50,224 - INFO - Téléchargement de /gold_price/aggregates/year=2025/month=5/day=20/part-00000-57701176-bd96-49d0-b68e-e23c7f47a093.c000.snappy.parquet vers /app/temp_month_data/part-00000-57701176-bd96-49d0-b68e-e23c7f47a093.c000.snappy.parquet
[2025-05-20T21:49:50.231+0000] {subprocess.py:93} INFO - 2025-05-20 21:49:50,224 - INFO - Reading file '/gold_price/aggregates/year=2025/month=5/day=20/part-00000-57701176-bd96-49d0-b68e-e23c7f47a093.c000.snappy.parquet'.
[2025-05-20T21:49:50.278+0000] {subprocess.py:93} INFO - 2025-05-20 21:49:50,271 - INFO - Téléchargement de /gold_price/aggregates/year=2025/month=5/day=20/part-00000-59e8edcf-092c-4cbb-8d9b-a231ea20d8f5.c000.snappy.parquet vers /app/temp_month_data/part-00000-59e8edcf-092c-4cbb-8d9b-a231ea20d8f5.c000.snappy.parquet
[2025-05-20T21:49:50.282+0000] {subprocess.py:93} INFO - 2025-05-20 21:49:50,271 - INFO - Reading file '/gold_price/aggregates/year=2025/month=5/day=20/part-00000-59e8edcf-092c-4cbb-8d9b-a231ea20d8f5.c000.snappy.parquet'.
[2025-05-20T21:49:50.355+0000] {subprocess.py:93} INFO - 2025-05-20 21:49:50,351 - INFO - Téléchargement de /gold_price/aggregates/year=2025/month=5/day=20/part-00000-5da2c983-168b-471d-917e-6f6208257995.c000.snappy.parquet vers /app/temp_month_data/part-00000-5da2c983-168b-471d-917e-6f6208257995.c000.snappy.parquet
[2025-05-20T21:49:50.357+0000] {subprocess.py:93} INFO - 2025-05-20 21:49:50,352 - INFO - Reading file '/gold_price/aggregates/year=2025/month=5/day=20/part-00000-5da2c983-168b-471d-917e-6f6208257995.c000.snappy.parquet'.
[2025-05-20T21:49:50.399+0000] {subprocess.py:93} INFO - 2025-05-20 21:49:50,396 - INFO - Téléchargement de /gold_price/aggregates/year=2025/month=5/day=20/part-00000-5e2b5636-93e2-4a0d-ac68-4176deee056f.c000.snappy.parquet vers /app/temp_month_data/part-00000-5e2b5636-93e2-4a0d-ac68-4176deee056f.c000.snappy.parquet
[2025-05-20T21:49:50.400+0000] {subprocess.py:93} INFO - 2025-05-20 21:49:50,397 - INFO - Reading file '/gold_price/aggregates/year=2025/month=5/day=20/part-00000-5e2b5636-93e2-4a0d-ac68-4176deee056f.c000.snappy.parquet'.
[2025-05-20T21:49:50.449+0000] {subprocess.py:93} INFO - 2025-05-20 21:49:50,446 - INFO - Téléchargement de /gold_price/aggregates/year=2025/month=5/day=20/part-00000-5f8b3c70-72e3-48d2-b514-67b9b85c27d8.c000.snappy.parquet vers /app/temp_month_data/part-00000-5f8b3c70-72e3-48d2-b514-67b9b85c27d8.c000.snappy.parquet
[2025-05-20T21:49:50.451+0000] {subprocess.py:93} INFO - 2025-05-20 21:49:50,446 - INFO - Reading file '/gold_price/aggregates/year=2025/month=5/day=20/part-00000-5f8b3c70-72e3-48d2-b514-67b9b85c27d8.c000.snappy.parquet'.
[2025-05-20T21:49:50.498+0000] {subprocess.py:93} INFO - 2025-05-20 21:49:50,496 - INFO - Téléchargement de /gold_price/aggregates/year=2025/month=5/day=20/part-00000-65f63177-ee41-4e10-95c6-3b72caa4a926.c000.snappy.parquet vers /app/temp_month_data/part-00000-65f63177-ee41-4e10-95c6-3b72caa4a926.c000.snappy.parquet
[2025-05-20T21:49:50.499+0000] {subprocess.py:93} INFO - 2025-05-20 21:49:50,496 - INFO - Reading file '/gold_price/aggregates/year=2025/month=5/day=20/part-00000-65f63177-ee41-4e10-95c6-3b72caa4a926.c000.snappy.parquet'.
[2025-05-20T21:49:50.551+0000] {subprocess.py:93} INFO - 2025-05-20 21:49:50,548 - INFO - Téléchargement de /gold_price/aggregates/year=2025/month=5/day=20/part-00000-665e019b-9b50-4591-8615-9e7e45efa1cd.c000.snappy.parquet vers /app/temp_month_data/part-00000-665e019b-9b50-4591-8615-9e7e45efa1cd.c000.snappy.parquet
[2025-05-20T21:49:50.552+0000] {subprocess.py:93} INFO - 2025-05-20 21:49:50,549 - INFO - Reading file '/gold_price/aggregates/year=2025/month=5/day=20/part-00000-665e019b-9b50-4591-8615-9e7e45efa1cd.c000.snappy.parquet'.
[2025-05-20T21:49:50.595+0000] {subprocess.py:93} INFO - 2025-05-20 21:49:50,588 - INFO - Téléchargement de /gold_price/aggregates/year=2025/month=5/day=20/part-00000-66ac463a-f877-43aa-9f3e-361add773121.c000.snappy.parquet vers /app/temp_month_data/part-00000-66ac463a-f877-43aa-9f3e-361add773121.c000.snappy.parquet
[2025-05-20T21:49:50.597+0000] {subprocess.py:93} INFO - 2025-05-20 21:49:50,589 - INFO - Reading file '/gold_price/aggregates/year=2025/month=5/day=20/part-00000-66ac463a-f877-43aa-9f3e-361add773121.c000.snappy.parquet'.
[2025-05-20T21:49:50.646+0000] {subprocess.py:93} INFO - 2025-05-20 21:49:50,633 - INFO - Téléchargement de /gold_price/aggregates/year=2025/month=5/day=20/part-00000-6839d727-09b9-436d-8e8c-0cc1101aa08f.c000.snappy.parquet vers /app/temp_month_data/part-00000-6839d727-09b9-436d-8e8c-0cc1101aa08f.c000.snappy.parquet
[2025-05-20T21:49:50.647+0000] {subprocess.py:93} INFO - 2025-05-20 21:49:50,633 - INFO - Reading file '/gold_price/aggregates/year=2025/month=5/day=20/part-00000-6839d727-09b9-436d-8e8c-0cc1101aa08f.c000.snappy.parquet'.
[2025-05-20T21:49:50.702+0000] {subprocess.py:93} INFO - 2025-05-20 21:49:50,697 - INFO - Téléchargement de /gold_price/aggregates/year=2025/month=5/day=20/part-00000-6901ae1f-5a87-45b9-976e-5025305f711c.c000.snappy.parquet vers /app/temp_month_data/part-00000-6901ae1f-5a87-45b9-976e-5025305f711c.c000.snappy.parquet
[2025-05-20T21:49:50.708+0000] {subprocess.py:93} INFO - 2025-05-20 21:49:50,698 - INFO - Reading file '/gold_price/aggregates/year=2025/month=5/day=20/part-00000-6901ae1f-5a87-45b9-976e-5025305f711c.c000.snappy.parquet'.
[2025-05-20T21:49:50.746+0000] {subprocess.py:93} INFO - 2025-05-20 21:49:50,740 - INFO - Téléchargement de /gold_price/aggregates/year=2025/month=5/day=20/part-00000-691124bb-4c54-4feb-ac00-5ff5651f5710.c000.snappy.parquet vers /app/temp_month_data/part-00000-691124bb-4c54-4feb-ac00-5ff5651f5710.c000.snappy.parquet
[2025-05-20T21:49:50.747+0000] {subprocess.py:93} INFO - 2025-05-20 21:49:50,740 - INFO - Reading file '/gold_price/aggregates/year=2025/month=5/day=20/part-00000-691124bb-4c54-4feb-ac00-5ff5651f5710.c000.snappy.parquet'.
[2025-05-20T21:49:50.793+0000] {subprocess.py:93} INFO - 2025-05-20 21:49:50,789 - INFO - Téléchargement de /gold_price/aggregates/year=2025/month=5/day=20/part-00000-691dc5bf-be53-4b7a-82e6-a03fc9fb26f3.c000.snappy.parquet vers /app/temp_month_data/part-00000-691dc5bf-be53-4b7a-82e6-a03fc9fb26f3.c000.snappy.parquet
[2025-05-20T21:49:50.794+0000] {subprocess.py:93} INFO - 2025-05-20 21:49:50,790 - INFO - Reading file '/gold_price/aggregates/year=2025/month=5/day=20/part-00000-691dc5bf-be53-4b7a-82e6-a03fc9fb26f3.c000.snappy.parquet'.
[2025-05-20T21:49:50.847+0000] {subprocess.py:93} INFO - 2025-05-20 21:49:50,835 - INFO - Téléchargement de /gold_price/aggregates/year=2025/month=5/day=20/part-00000-69c2c7da-f27f-48cd-b4d3-22c543d75bc5.c000.snappy.parquet vers /app/temp_month_data/part-00000-69c2c7da-f27f-48cd-b4d3-22c543d75bc5.c000.snappy.parquet
[2025-05-20T21:49:50.849+0000] {subprocess.py:93} INFO - 2025-05-20 21:49:50,835 - INFO - Reading file '/gold_price/aggregates/year=2025/month=5/day=20/part-00000-69c2c7da-f27f-48cd-b4d3-22c543d75bc5.c000.snappy.parquet'.
[2025-05-20T21:49:50.939+0000] {subprocess.py:93} INFO - 2025-05-20 21:49:50,899 - INFO - Téléchargement de /gold_price/aggregates/year=2025/month=5/day=20/part-00000-6b39b87a-62e4-4082-b244-7d97a98a92c1.c000.snappy.parquet vers /app/temp_month_data/part-00000-6b39b87a-62e4-4082-b244-7d97a98a92c1.c000.snappy.parquet
[2025-05-20T21:49:50.945+0000] {subprocess.py:93} INFO - 2025-05-20 21:49:50,900 - INFO - Reading file '/gold_price/aggregates/year=2025/month=5/day=20/part-00000-6b39b87a-62e4-4082-b244-7d97a98a92c1.c000.snappy.parquet'.
[2025-05-20T21:49:51.037+0000] {subprocess.py:93} INFO - 2025-05-20 21:49:50,989 - INFO - Téléchargement de /gold_price/aggregates/year=2025/month=5/day=20/part-00000-6d972c74-d9b1-4235-bd00-3929f42d6d21.c000.snappy.parquet vers /app/temp_month_data/part-00000-6d972c74-d9b1-4235-bd00-3929f42d6d21.c000.snappy.parquet
[2025-05-20T21:49:51.051+0000] {subprocess.py:93} INFO - 2025-05-20 21:49:50,989 - INFO - Reading file '/gold_price/aggregates/year=2025/month=5/day=20/part-00000-6d972c74-d9b1-4235-bd00-3929f42d6d21.c000.snappy.parquet'.
[2025-05-20T21:49:51.098+0000] {subprocess.py:93} INFO - 2025-05-20 21:49:51,089 - INFO - Téléchargement de /gold_price/aggregates/year=2025/month=5/day=20/part-00000-6e2e718f-64ff-4584-98f7-ef6c0c3e72c2.c000.snappy.parquet vers /app/temp_month_data/part-00000-6e2e718f-64ff-4584-98f7-ef6c0c3e72c2.c000.snappy.parquet
[2025-05-20T21:49:51.113+0000] {subprocess.py:93} INFO - 2025-05-20 21:49:51,090 - INFO - Reading file '/gold_price/aggregates/year=2025/month=5/day=20/part-00000-6e2e718f-64ff-4584-98f7-ef6c0c3e72c2.c000.snappy.parquet'.
[2025-05-20T21:49:51.208+0000] {subprocess.py:93} INFO - 2025-05-20 21:49:51,153 - INFO - Téléchargement de /gold_price/aggregates/year=2025/month=5/day=20/part-00000-70a90f40-bbb8-49e9-ad78-b61e97d0d718.c000.snappy.parquet vers /app/temp_month_data/part-00000-70a90f40-bbb8-49e9-ad78-b61e97d0d718.c000.snappy.parquet
[2025-05-20T21:49:51.236+0000] {subprocess.py:93} INFO - 2025-05-20 21:49:51,153 - INFO - Reading file '/gold_price/aggregates/year=2025/month=5/day=20/part-00000-70a90f40-bbb8-49e9-ad78-b61e97d0d718.c000.snappy.parquet'.
[2025-05-20T21:49:51.307+0000] {subprocess.py:93} INFO - 2025-05-20 21:49:51,218 - INFO - Téléchargement de /gold_price/aggregates/year=2025/month=5/day=20/part-00000-716588f1-b438-4571-ba27-56389082ef11.c000.snappy.parquet vers /app/temp_month_data/part-00000-716588f1-b438-4571-ba27-56389082ef11.c000.snappy.parquet
[2025-05-20T21:49:51.316+0000] {subprocess.py:93} INFO - 2025-05-20 21:49:51,218 - INFO - Reading file '/gold_price/aggregates/year=2025/month=5/day=20/part-00000-716588f1-b438-4571-ba27-56389082ef11.c000.snappy.parquet'.
[2025-05-20T21:49:51.346+0000] {subprocess.py:93} INFO - 2025-05-20 21:49:51,325 - INFO - Téléchargement de /gold_price/aggregates/year=2025/month=5/day=20/part-00000-74be36aa-f52c-4ef8-a363-1ab653c063bc.c000.snappy.parquet vers /app/temp_month_data/part-00000-74be36aa-f52c-4ef8-a363-1ab653c063bc.c000.snappy.parquet
[2025-05-20T21:49:51.348+0000] {subprocess.py:93} INFO - 2025-05-20 21:49:51,326 - INFO - Reading file '/gold_price/aggregates/year=2025/month=5/day=20/part-00000-74be36aa-f52c-4ef8-a363-1ab653c063bc.c000.snappy.parquet'.
[2025-05-20T21:49:51.395+0000] {subprocess.py:93} INFO - 2025-05-20 21:49:51,390 - INFO - Téléchargement de /gold_price/aggregates/year=2025/month=5/day=20/part-00000-7593ec41-e14f-4b1b-a510-148ed20434b4.c000.snappy.parquet vers /app/temp_month_data/part-00000-7593ec41-e14f-4b1b-a510-148ed20434b4.c000.snappy.parquet
[2025-05-20T21:49:51.396+0000] {subprocess.py:93} INFO - 2025-05-20 21:49:51,390 - INFO - Reading file '/gold_price/aggregates/year=2025/month=5/day=20/part-00000-7593ec41-e14f-4b1b-a510-148ed20434b4.c000.snappy.parquet'.
[2025-05-20T21:49:51.445+0000] {subprocess.py:93} INFO - 2025-05-20 21:49:51,437 - INFO - Téléchargement de /gold_price/aggregates/year=2025/month=5/day=20/part-00000-781c218f-b074-4f61-8f8e-4228a56080a8.c000.snappy.parquet vers /app/temp_month_data/part-00000-781c218f-b074-4f61-8f8e-4228a56080a8.c000.snappy.parquet
[2025-05-20T21:49:51.446+0000] {subprocess.py:93} INFO - 2025-05-20 21:49:51,437 - INFO - Reading file '/gold_price/aggregates/year=2025/month=5/day=20/part-00000-781c218f-b074-4f61-8f8e-4228a56080a8.c000.snappy.parquet'.
[2025-05-20T21:49:51.512+0000] {subprocess.py:93} INFO - 2025-05-20 21:49:51,496 - INFO - Téléchargement de /gold_price/aggregates/year=2025/month=5/day=20/part-00000-7a18d5a4-d765-4c15-83aa-78a9d350f6c8.c000.snappy.parquet vers /app/temp_month_data/part-00000-7a18d5a4-d765-4c15-83aa-78a9d350f6c8.c000.snappy.parquet
[2025-05-20T21:49:51.515+0000] {subprocess.py:93} INFO - 2025-05-20 21:49:51,496 - INFO - Reading file '/gold_price/aggregates/year=2025/month=5/day=20/part-00000-7a18d5a4-d765-4c15-83aa-78a9d350f6c8.c000.snappy.parquet'.
[2025-05-20T21:49:51.576+0000] {subprocess.py:93} INFO - 2025-05-20 21:49:51,564 - INFO - Téléchargement de /gold_price/aggregates/year=2025/month=5/day=20/part-00000-7b632149-6169-4a84-aaea-0cfc9593570a.c000.snappy.parquet vers /app/temp_month_data/part-00000-7b632149-6169-4a84-aaea-0cfc9593570a.c000.snappy.parquet
[2025-05-20T21:49:51.577+0000] {subprocess.py:93} INFO - 2025-05-20 21:49:51,565 - INFO - Reading file '/gold_price/aggregates/year=2025/month=5/day=20/part-00000-7b632149-6169-4a84-aaea-0cfc9593570a.c000.snappy.parquet'.
[2025-05-20T21:49:51.624+0000] {subprocess.py:93} INFO - 2025-05-20 21:49:51,614 - INFO - Téléchargement de /gold_price/aggregates/year=2025/month=5/day=20/part-00000-7cc1444d-ad81-471d-a594-d6edf91a59d2.c000.snappy.parquet vers /app/temp_month_data/part-00000-7cc1444d-ad81-471d-a594-d6edf91a59d2.c000.snappy.parquet
[2025-05-20T21:49:51.625+0000] {subprocess.py:93} INFO - 2025-05-20 21:49:51,614 - INFO - Reading file '/gold_price/aggregates/year=2025/month=5/day=20/part-00000-7cc1444d-ad81-471d-a594-d6edf91a59d2.c000.snappy.parquet'.
[2025-05-20T21:49:51.684+0000] {subprocess.py:93} INFO - 2025-05-20 21:49:51,681 - INFO - Téléchargement de /gold_price/aggregates/year=2025/month=5/day=20/part-00000-7e2105a5-e9e5-4a7d-aeed-d994e8f1f652.c000.snappy.parquet vers /app/temp_month_data/part-00000-7e2105a5-e9e5-4a7d-aeed-d994e8f1f652.c000.snappy.parquet
[2025-05-20T21:49:51.694+0000] {subprocess.py:93} INFO - 2025-05-20 21:49:51,681 - INFO - Reading file '/gold_price/aggregates/year=2025/month=5/day=20/part-00000-7e2105a5-e9e5-4a7d-aeed-d994e8f1f652.c000.snappy.parquet'.
[2025-05-20T21:49:51.734+0000] {subprocess.py:93} INFO - 2025-05-20 21:49:51,728 - INFO - Téléchargement de /gold_price/aggregates/year=2025/month=5/day=20/part-00000-8c335616-c1ea-4da6-9b4d-17f714c52d06.c000.snappy.parquet vers /app/temp_month_data/part-00000-8c335616-c1ea-4da6-9b4d-17f714c52d06.c000.snappy.parquet
[2025-05-20T21:49:51.735+0000] {subprocess.py:93} INFO - 2025-05-20 21:49:51,728 - INFO - Reading file '/gold_price/aggregates/year=2025/month=5/day=20/part-00000-8c335616-c1ea-4da6-9b4d-17f714c52d06.c000.snappy.parquet'.
[2025-05-20T21:49:51.798+0000] {subprocess.py:93} INFO - 2025-05-20 21:49:51,796 - INFO - Téléchargement de /gold_price/aggregates/year=2025/month=5/day=20/part-00000-908ae3b1-a017-4c73-b55f-4b899caf2383.c000.snappy.parquet vers /app/temp_month_data/part-00000-908ae3b1-a017-4c73-b55f-4b899caf2383.c000.snappy.parquet
[2025-05-20T21:49:51.800+0000] {subprocess.py:93} INFO - 2025-05-20 21:49:51,796 - INFO - Reading file '/gold_price/aggregates/year=2025/month=5/day=20/part-00000-908ae3b1-a017-4c73-b55f-4b899caf2383.c000.snappy.parquet'.
[2025-05-20T21:49:51.846+0000] {subprocess.py:93} INFO - 2025-05-20 21:49:51,842 - INFO - Téléchargement de /gold_price/aggregates/year=2025/month=5/day=20/part-00000-941eb12e-3203-4dd1-abfd-25aadd74aa17.c000.snappy.parquet vers /app/temp_month_data/part-00000-941eb12e-3203-4dd1-abfd-25aadd74aa17.c000.snappy.parquet
[2025-05-20T21:49:51.848+0000] {subprocess.py:93} INFO - 2025-05-20 21:49:51,843 - INFO - Reading file '/gold_price/aggregates/year=2025/month=5/day=20/part-00000-941eb12e-3203-4dd1-abfd-25aadd74aa17.c000.snappy.parquet'.
[2025-05-20T21:49:51.879+0000] {subprocess.py:93} INFO - 2025-05-20 21:49:51,877 - INFO - Téléchargement de /gold_price/aggregates/year=2025/month=5/day=20/part-00000-94a69233-3b2f-4215-bfd5-4267e233e062.c000.snappy.parquet vers /app/temp_month_data/part-00000-94a69233-3b2f-4215-bfd5-4267e233e062.c000.snappy.parquet
[2025-05-20T21:49:51.880+0000] {subprocess.py:93} INFO - 2025-05-20 21:49:51,877 - INFO - Reading file '/gold_price/aggregates/year=2025/month=5/day=20/part-00000-94a69233-3b2f-4215-bfd5-4267e233e062.c000.snappy.parquet'.
[2025-05-20T21:49:51.925+0000] {subprocess.py:93} INFO - 2025-05-20 21:49:51,922 - INFO - Téléchargement de /gold_price/aggregates/year=2025/month=5/day=20/part-00000-96929d76-c9e7-4574-abd3-ee85004bfeb5.c000.snappy.parquet vers /app/temp_month_data/part-00000-96929d76-c9e7-4574-abd3-ee85004bfeb5.c000.snappy.parquet
[2025-05-20T21:49:51.926+0000] {subprocess.py:93} INFO - 2025-05-20 21:49:51,923 - INFO - Reading file '/gold_price/aggregates/year=2025/month=5/day=20/part-00000-96929d76-c9e7-4574-abd3-ee85004bfeb5.c000.snappy.parquet'.
[2025-05-20T21:49:51.962+0000] {subprocess.py:93} INFO - 2025-05-20 21:49:51,960 - INFO - Téléchargement de /gold_price/aggregates/year=2025/month=5/day=20/part-00000-9b20c8da-0db9-4192-bae6-3d6599ab0433.c000.snappy.parquet vers /app/temp_month_data/part-00000-9b20c8da-0db9-4192-bae6-3d6599ab0433.c000.snappy.parquet
[2025-05-20T21:49:51.963+0000] {subprocess.py:93} INFO - 2025-05-20 21:49:51,960 - INFO - Reading file '/gold_price/aggregates/year=2025/month=5/day=20/part-00000-9b20c8da-0db9-4192-bae6-3d6599ab0433.c000.snappy.parquet'.
[2025-05-20T21:49:51.999+0000] {subprocess.py:93} INFO - 2025-05-20 21:49:51,995 - INFO - Téléchargement de /gold_price/aggregates/year=2025/month=5/day=20/part-00000-a213304c-667d-453f-9bba-c3b2bb9d4790.c000.snappy.parquet vers /app/temp_month_data/part-00000-a213304c-667d-453f-9bba-c3b2bb9d4790.c000.snappy.parquet
[2025-05-20T21:49:52.000+0000] {subprocess.py:93} INFO - 2025-05-20 21:49:51,996 - INFO - Reading file '/gold_price/aggregates/year=2025/month=5/day=20/part-00000-a213304c-667d-453f-9bba-c3b2bb9d4790.c000.snappy.parquet'.
[2025-05-20T21:49:52.040+0000] {subprocess.py:93} INFO - 2025-05-20 21:49:52,035 - INFO - Téléchargement de /gold_price/aggregates/year=2025/month=5/day=20/part-00000-a637e9be-fa3c-4183-9bf6-6898a2e53787.c000.snappy.parquet vers /app/temp_month_data/part-00000-a637e9be-fa3c-4183-9bf6-6898a2e53787.c000.snappy.parquet
[2025-05-20T21:49:52.041+0000] {subprocess.py:93} INFO - 2025-05-20 21:49:52,035 - INFO - Reading file '/gold_price/aggregates/year=2025/month=5/day=20/part-00000-a637e9be-fa3c-4183-9bf6-6898a2e53787.c000.snappy.parquet'.
[2025-05-20T21:49:52.079+0000] {subprocess.py:93} INFO - 2025-05-20 21:49:52,077 - INFO - Téléchargement de /gold_price/aggregates/year=2025/month=5/day=20/part-00000-a64beef1-5798-441d-86b1-ca710d14ac54.c000.snappy.parquet vers /app/temp_month_data/part-00000-a64beef1-5798-441d-86b1-ca710d14ac54.c000.snappy.parquet
[2025-05-20T21:49:52.082+0000] {subprocess.py:93} INFO - 2025-05-20 21:49:52,077 - INFO - Reading file '/gold_price/aggregates/year=2025/month=5/day=20/part-00000-a64beef1-5798-441d-86b1-ca710d14ac54.c000.snappy.parquet'.
[2025-05-20T21:49:52.131+0000] {subprocess.py:93} INFO - 2025-05-20 21:49:52,128 - INFO - Téléchargement de /gold_price/aggregates/year=2025/month=5/day=20/part-00000-a64f288b-1d01-410a-81fd-f1cb3f2a9350.c000.snappy.parquet vers /app/temp_month_data/part-00000-a64f288b-1d01-410a-81fd-f1cb3f2a9350.c000.snappy.parquet
[2025-05-20T21:49:52.133+0000] {subprocess.py:93} INFO - 2025-05-20 21:49:52,128 - INFO - Reading file '/gold_price/aggregates/year=2025/month=5/day=20/part-00000-a64f288b-1d01-410a-81fd-f1cb3f2a9350.c000.snappy.parquet'.
[2025-05-20T21:49:52.178+0000] {subprocess.py:93} INFO - 2025-05-20 21:49:52,168 - INFO - Téléchargement de /gold_price/aggregates/year=2025/month=5/day=20/part-00000-a65443c7-e5e3-4319-962c-5bb1787715b0.c000.snappy.parquet vers /app/temp_month_data/part-00000-a65443c7-e5e3-4319-962c-5bb1787715b0.c000.snappy.parquet
[2025-05-20T21:49:52.187+0000] {subprocess.py:93} INFO - 2025-05-20 21:49:52,168 - INFO - Reading file '/gold_price/aggregates/year=2025/month=5/day=20/part-00000-a65443c7-e5e3-4319-962c-5bb1787715b0.c000.snappy.parquet'.
[2025-05-20T21:49:52.209+0000] {subprocess.py:93} INFO - 2025-05-20 21:49:52,205 - INFO - Téléchargement de /gold_price/aggregates/year=2025/month=5/day=20/part-00000-a65ed42f-7d87-4df9-a03c-a5b9125ce9a8.c000.snappy.parquet vers /app/temp_month_data/part-00000-a65ed42f-7d87-4df9-a03c-a5b9125ce9a8.c000.snappy.parquet
[2025-05-20T21:49:52.210+0000] {subprocess.py:93} INFO - 2025-05-20 21:49:52,205 - INFO - Reading file '/gold_price/aggregates/year=2025/month=5/day=20/part-00000-a65ed42f-7d87-4df9-a03c-a5b9125ce9a8.c000.snappy.parquet'.
[2025-05-20T21:49:52.261+0000] {subprocess.py:93} INFO - 2025-05-20 21:49:52,257 - INFO - Téléchargement de /gold_price/aggregates/year=2025/month=5/day=20/part-00000-ad2b1969-f9ca-4ce2-b252-3ee4887f82c0.c000.snappy.parquet vers /app/temp_month_data/part-00000-ad2b1969-f9ca-4ce2-b252-3ee4887f82c0.c000.snappy.parquet
[2025-05-20T21:49:52.262+0000] {subprocess.py:93} INFO - 2025-05-20 21:49:52,258 - INFO - Reading file '/gold_price/aggregates/year=2025/month=5/day=20/part-00000-ad2b1969-f9ca-4ce2-b252-3ee4887f82c0.c000.snappy.parquet'.
[2025-05-20T21:49:52.304+0000] {subprocess.py:93} INFO - 2025-05-20 21:49:52,301 - INFO - Téléchargement de /gold_price/aggregates/year=2025/month=5/day=20/part-00000-b0153c6f-46d8-449c-a729-3ff44f69bd6b.c000.snappy.parquet vers /app/temp_month_data/part-00000-b0153c6f-46d8-449c-a729-3ff44f69bd6b.c000.snappy.parquet
[2025-05-20T21:49:52.306+0000] {subprocess.py:93} INFO - 2025-05-20 21:49:52,301 - INFO - Reading file '/gold_price/aggregates/year=2025/month=5/day=20/part-00000-b0153c6f-46d8-449c-a729-3ff44f69bd6b.c000.snappy.parquet'.
[2025-05-20T21:49:52.368+0000] {subprocess.py:93} INFO - 2025-05-20 21:49:52,366 - INFO - Téléchargement de /gold_price/aggregates/year=2025/month=5/day=20/part-00000-b16d2a60-e24b-4722-8b69-9460451f1224.c000.snappy.parquet vers /app/temp_month_data/part-00000-b16d2a60-e24b-4722-8b69-9460451f1224.c000.snappy.parquet
[2025-05-20T21:49:52.369+0000] {subprocess.py:93} INFO - 2025-05-20 21:49:52,367 - INFO - Reading file '/gold_price/aggregates/year=2025/month=5/day=20/part-00000-b16d2a60-e24b-4722-8b69-9460451f1224.c000.snappy.parquet'.
[2025-05-20T21:49:52.418+0000] {subprocess.py:93} INFO - 2025-05-20 21:49:52,415 - INFO - Téléchargement de /gold_price/aggregates/year=2025/month=5/day=20/part-00000-b43d9fd6-595c-40f8-9bf3-528bff037df2.c000.snappy.parquet vers /app/temp_month_data/part-00000-b43d9fd6-595c-40f8-9bf3-528bff037df2.c000.snappy.parquet
[2025-05-20T21:49:52.420+0000] {subprocess.py:93} INFO - 2025-05-20 21:49:52,415 - INFO - Reading file '/gold_price/aggregates/year=2025/month=5/day=20/part-00000-b43d9fd6-595c-40f8-9bf3-528bff037df2.c000.snappy.parquet'.
[2025-05-20T21:49:52.460+0000] {subprocess.py:93} INFO - 2025-05-20 21:49:52,457 - INFO - Téléchargement de /gold_price/aggregates/year=2025/month=5/day=20/part-00000-b52138b0-f5a7-4038-883b-0cf40d0fd762.c000.snappy.parquet vers /app/temp_month_data/part-00000-b52138b0-f5a7-4038-883b-0cf40d0fd762.c000.snappy.parquet
[2025-05-20T21:49:52.461+0000] {subprocess.py:93} INFO - 2025-05-20 21:49:52,458 - INFO - Reading file '/gold_price/aggregates/year=2025/month=5/day=20/part-00000-b52138b0-f5a7-4038-883b-0cf40d0fd762.c000.snappy.parquet'.
[2025-05-20T21:49:52.503+0000] {subprocess.py:93} INFO - 2025-05-20 21:49:52,501 - INFO - Téléchargement de /gold_price/aggregates/year=2025/month=5/day=20/part-00000-b8da84ab-83be-4941-a4cd-46ac5caf3b4d.c000.snappy.parquet vers /app/temp_month_data/part-00000-b8da84ab-83be-4941-a4cd-46ac5caf3b4d.c000.snappy.parquet
[2025-05-20T21:49:52.508+0000] {subprocess.py:93} INFO - 2025-05-20 21:49:52,501 - INFO - Reading file '/gold_price/aggregates/year=2025/month=5/day=20/part-00000-b8da84ab-83be-4941-a4cd-46ac5caf3b4d.c000.snappy.parquet'.
[2025-05-20T21:49:52.541+0000] {subprocess.py:93} INFO - 2025-05-20 21:49:52,539 - INFO - Téléchargement de /gold_price/aggregates/year=2025/month=5/day=20/part-00000-c04b2c1f-6166-4602-ad48-e6232be59021.c000.snappy.parquet vers /app/temp_month_data/part-00000-c04b2c1f-6166-4602-ad48-e6232be59021.c000.snappy.parquet
[2025-05-20T21:49:52.543+0000] {subprocess.py:93} INFO - 2025-05-20 21:49:52,539 - INFO - Reading file '/gold_price/aggregates/year=2025/month=5/day=20/part-00000-c04b2c1f-6166-4602-ad48-e6232be59021.c000.snappy.parquet'.
[2025-05-20T21:49:52.577+0000] {subprocess.py:93} INFO - 2025-05-20 21:49:52,574 - INFO - Téléchargement de /gold_price/aggregates/year=2025/month=5/day=20/part-00000-c39ba660-56c5-402c-ba52-e62d070aff5f.c000.snappy.parquet vers /app/temp_month_data/part-00000-c39ba660-56c5-402c-ba52-e62d070aff5f.c000.snappy.parquet
[2025-05-20T21:49:52.579+0000] {subprocess.py:93} INFO - 2025-05-20 21:49:52,575 - INFO - Reading file '/gold_price/aggregates/year=2025/month=5/day=20/part-00000-c39ba660-56c5-402c-ba52-e62d070aff5f.c000.snappy.parquet'.
[2025-05-20T21:49:52.617+0000] {subprocess.py:93} INFO - 2025-05-20 21:49:52,612 - INFO - Téléchargement de /gold_price/aggregates/year=2025/month=5/day=20/part-00000-c8fe8dbe-0ddb-416e-b9f3-1bf78a9afc72.c000.snappy.parquet vers /app/temp_month_data/part-00000-c8fe8dbe-0ddb-416e-b9f3-1bf78a9afc72.c000.snappy.parquet
[2025-05-20T21:49:52.619+0000] {subprocess.py:93} INFO - 2025-05-20 21:49:52,612 - INFO - Reading file '/gold_price/aggregates/year=2025/month=5/day=20/part-00000-c8fe8dbe-0ddb-416e-b9f3-1bf78a9afc72.c000.snappy.parquet'.
[2025-05-20T21:49:52.658+0000] {subprocess.py:93} INFO - 2025-05-20 21:49:52,656 - INFO - Téléchargement de /gold_price/aggregates/year=2025/month=5/day=20/part-00000-cac0e287-507a-43ef-b6b6-7ecb978e8474.c000.snappy.parquet vers /app/temp_month_data/part-00000-cac0e287-507a-43ef-b6b6-7ecb978e8474.c000.snappy.parquet
[2025-05-20T21:49:52.659+0000] {subprocess.py:93} INFO - 2025-05-20 21:49:52,656 - INFO - Reading file '/gold_price/aggregates/year=2025/month=5/day=20/part-00000-cac0e287-507a-43ef-b6b6-7ecb978e8474.c000.snappy.parquet'.
[2025-05-20T21:49:52.710+0000] {subprocess.py:93} INFO - 2025-05-20 21:49:52,696 - INFO - Téléchargement de /gold_price/aggregates/year=2025/month=5/day=20/part-00000-cbd59289-c2b4-4a64-b7f1-666ea816194d.c000.snappy.parquet vers /app/temp_month_data/part-00000-cbd59289-c2b4-4a64-b7f1-666ea816194d.c000.snappy.parquet
[2025-05-20T21:49:52.711+0000] {subprocess.py:93} INFO - 2025-05-20 21:49:52,696 - INFO - Reading file '/gold_price/aggregates/year=2025/month=5/day=20/part-00000-cbd59289-c2b4-4a64-b7f1-666ea816194d.c000.snappy.parquet'.
[2025-05-20T21:49:52.736+0000] {subprocess.py:93} INFO - 2025-05-20 21:49:52,732 - INFO - Téléchargement de /gold_price/aggregates/year=2025/month=5/day=20/part-00000-cc5cc527-3d22-405c-b4c0-24e52084a95c.c000.snappy.parquet vers /app/temp_month_data/part-00000-cc5cc527-3d22-405c-b4c0-24e52084a95c.c000.snappy.parquet
[2025-05-20T21:49:52.739+0000] {subprocess.py:93} INFO - 2025-05-20 21:49:52,732 - INFO - Reading file '/gold_price/aggregates/year=2025/month=5/day=20/part-00000-cc5cc527-3d22-405c-b4c0-24e52084a95c.c000.snappy.parquet'.
[2025-05-20T21:49:52.777+0000] {subprocess.py:93} INFO - 2025-05-20 21:49:52,775 - INFO - Téléchargement de /gold_price/aggregates/year=2025/month=5/day=20/part-00000-ccdb3c8c-0f22-4f1d-940d-f47fbec07c7b.c000.snappy.parquet vers /app/temp_month_data/part-00000-ccdb3c8c-0f22-4f1d-940d-f47fbec07c7b.c000.snappy.parquet
[2025-05-20T21:49:52.778+0000] {subprocess.py:93} INFO - 2025-05-20 21:49:52,775 - INFO - Reading file '/gold_price/aggregates/year=2025/month=5/day=20/part-00000-ccdb3c8c-0f22-4f1d-940d-f47fbec07c7b.c000.snappy.parquet'.
[2025-05-20T21:49:52.844+0000] {subprocess.py:93} INFO - 2025-05-20 21:49:52,839 - INFO - Téléchargement de /gold_price/aggregates/year=2025/month=5/day=20/part-00000-cdc9a0f5-63e3-460e-b7ff-8fad27c9e048.c000.snappy.parquet vers /app/temp_month_data/part-00000-cdc9a0f5-63e3-460e-b7ff-8fad27c9e048.c000.snappy.parquet
[2025-05-20T21:49:52.860+0000] {subprocess.py:93} INFO - 2025-05-20 21:49:52,839 - INFO - Reading file '/gold_price/aggregates/year=2025/month=5/day=20/part-00000-cdc9a0f5-63e3-460e-b7ff-8fad27c9e048.c000.snappy.parquet'.
[2025-05-20T21:49:52.892+0000] {subprocess.py:93} INFO - 2025-05-20 21:49:52,889 - INFO - Téléchargement de /gold_price/aggregates/year=2025/month=5/day=20/part-00000-ce8937da-481d-477e-8f51-a96bb408cb4e.c000.snappy.parquet vers /app/temp_month_data/part-00000-ce8937da-481d-477e-8f51-a96bb408cb4e.c000.snappy.parquet
[2025-05-20T21:49:52.921+0000] {subprocess.py:93} INFO - 2025-05-20 21:49:52,889 - INFO - Reading file '/gold_price/aggregates/year=2025/month=5/day=20/part-00000-ce8937da-481d-477e-8f51-a96bb408cb4e.c000.snappy.parquet'.
[2025-05-20T21:49:52.973+0000] {subprocess.py:93} INFO - 2025-05-20 21:49:52,961 - INFO - Téléchargement de /gold_price/aggregates/year=2025/month=5/day=20/part-00000-cfa69f5f-a68b-411f-8e5e-0be015da9d45.c000.snappy.parquet vers /app/temp_month_data/part-00000-cfa69f5f-a68b-411f-8e5e-0be015da9d45.c000.snappy.parquet
[2025-05-20T21:49:52.975+0000] {subprocess.py:93} INFO - 2025-05-20 21:49:52,961 - INFO - Reading file '/gold_price/aggregates/year=2025/month=5/day=20/part-00000-cfa69f5f-a68b-411f-8e5e-0be015da9d45.c000.snappy.parquet'.
[2025-05-20T21:49:53.033+0000] {subprocess.py:93} INFO - 2025-05-20 21:49:53,027 - INFO - Téléchargement de /gold_price/aggregates/year=2025/month=5/day=20/part-00000-d501bc93-e465-41cb-bf48-c4a3cde8c262.c000.snappy.parquet vers /app/temp_month_data/part-00000-d501bc93-e465-41cb-bf48-c4a3cde8c262.c000.snappy.parquet
[2025-05-20T21:49:53.036+0000] {subprocess.py:93} INFO - 2025-05-20 21:49:53,027 - INFO - Reading file '/gold_price/aggregates/year=2025/month=5/day=20/part-00000-d501bc93-e465-41cb-bf48-c4a3cde8c262.c000.snappy.parquet'.
[2025-05-20T21:49:53.078+0000] {subprocess.py:93} INFO - 2025-05-20 21:49:53,075 - INFO - Téléchargement de /gold_price/aggregates/year=2025/month=5/day=20/part-00000-d9c1655e-ab61-43fc-9af6-5ea41bbbb2f9.c000.snappy.parquet vers /app/temp_month_data/part-00000-d9c1655e-ab61-43fc-9af6-5ea41bbbb2f9.c000.snappy.parquet
[2025-05-20T21:49:53.080+0000] {subprocess.py:93} INFO - 2025-05-20 21:49:53,075 - INFO - Reading file '/gold_price/aggregates/year=2025/month=5/day=20/part-00000-d9c1655e-ab61-43fc-9af6-5ea41bbbb2f9.c000.snappy.parquet'.
[2025-05-20T21:49:53.128+0000] {subprocess.py:93} INFO - 2025-05-20 21:49:53,123 - INFO - Téléchargement de /gold_price/aggregates/year=2025/month=5/day=20/part-00000-daddad1e-6cd2-4fab-a4dc-0974a8db9160.c000.snappy.parquet vers /app/temp_month_data/part-00000-daddad1e-6cd2-4fab-a4dc-0974a8db9160.c000.snappy.parquet
[2025-05-20T21:49:53.129+0000] {subprocess.py:93} INFO - 2025-05-20 21:49:53,126 - INFO - Reading file '/gold_price/aggregates/year=2025/month=5/day=20/part-00000-daddad1e-6cd2-4fab-a4dc-0974a8db9160.c000.snappy.parquet'.
[2025-05-20T21:49:53.175+0000] {subprocess.py:93} INFO - 2025-05-20 21:49:53,167 - INFO - Téléchargement de /gold_price/aggregates/year=2025/month=5/day=20/part-00000-dcc7ca1b-16fd-4e35-9334-6a8c521182db.c000.snappy.parquet vers /app/temp_month_data/part-00000-dcc7ca1b-16fd-4e35-9334-6a8c521182db.c000.snappy.parquet
[2025-05-20T21:49:53.176+0000] {subprocess.py:93} INFO - 2025-05-20 21:49:53,168 - INFO - Reading file '/gold_price/aggregates/year=2025/month=5/day=20/part-00000-dcc7ca1b-16fd-4e35-9334-6a8c521182db.c000.snappy.parquet'.
[2025-05-20T21:49:53.225+0000] {subprocess.py:93} INFO - 2025-05-20 21:49:53,219 - INFO - Téléchargement de /gold_price/aggregates/year=2025/month=5/day=20/part-00000-e25f7c71-2b1a-4f00-8751-d72702776bcb.c000.snappy.parquet vers /app/temp_month_data/part-00000-e25f7c71-2b1a-4f00-8751-d72702776bcb.c000.snappy.parquet
[2025-05-20T21:49:53.234+0000] {subprocess.py:93} INFO - 2025-05-20 21:49:53,220 - INFO - Reading file '/gold_price/aggregates/year=2025/month=5/day=20/part-00000-e25f7c71-2b1a-4f00-8751-d72702776bcb.c000.snappy.parquet'.
[2025-05-20T21:49:53.270+0000] {subprocess.py:93} INFO - 2025-05-20 21:49:53,265 - INFO - Téléchargement de /gold_price/aggregates/year=2025/month=5/day=20/part-00000-e2d363d0-b37e-453c-bf97-7955ae57d87f.c000.snappy.parquet vers /app/temp_month_data/part-00000-e2d363d0-b37e-453c-bf97-7955ae57d87f.c000.snappy.parquet
[2025-05-20T21:49:53.273+0000] {subprocess.py:93} INFO - 2025-05-20 21:49:53,266 - INFO - Reading file '/gold_price/aggregates/year=2025/month=5/day=20/part-00000-e2d363d0-b37e-453c-bf97-7955ae57d87f.c000.snappy.parquet'.
[2025-05-20T21:49:53.307+0000] {subprocess.py:93} INFO - 2025-05-20 21:49:53,303 - INFO - Téléchargement de /gold_price/aggregates/year=2025/month=5/day=20/part-00000-e347b6c4-76b1-4920-85b1-03870146d57d.c000.snappy.parquet vers /app/temp_month_data/part-00000-e347b6c4-76b1-4920-85b1-03870146d57d.c000.snappy.parquet
[2025-05-20T21:49:53.308+0000] {subprocess.py:93} INFO - 2025-05-20 21:49:53,303 - INFO - Reading file '/gold_price/aggregates/year=2025/month=5/day=20/part-00000-e347b6c4-76b1-4920-85b1-03870146d57d.c000.snappy.parquet'.
[2025-05-20T21:49:53.345+0000] {subprocess.py:93} INFO - 2025-05-20 21:49:53,341 - INFO - Téléchargement de /gold_price/aggregates/year=2025/month=5/day=20/part-00000-e99b3527-3f39-4079-9f50-7bc656fef9e3.c000.snappy.parquet vers /app/temp_month_data/part-00000-e99b3527-3f39-4079-9f50-7bc656fef9e3.c000.snappy.parquet
[2025-05-20T21:49:53.347+0000] {subprocess.py:93} INFO - 2025-05-20 21:49:53,341 - INFO - Reading file '/gold_price/aggregates/year=2025/month=5/day=20/part-00000-e99b3527-3f39-4079-9f50-7bc656fef9e3.c000.snappy.parquet'.
[2025-05-20T21:49:53.377+0000] {subprocess.py:93} INFO - 2025-05-20 21:49:53,375 - INFO - Téléchargement de /gold_price/aggregates/year=2025/month=5/day=20/part-00000-ef63f6f8-56f9-47ab-9b88-cba18ae99ed6.c000.snappy.parquet vers /app/temp_month_data/part-00000-ef63f6f8-56f9-47ab-9b88-cba18ae99ed6.c000.snappy.parquet
[2025-05-20T21:49:53.378+0000] {subprocess.py:93} INFO - 2025-05-20 21:49:53,375 - INFO - Reading file '/gold_price/aggregates/year=2025/month=5/day=20/part-00000-ef63f6f8-56f9-47ab-9b88-cba18ae99ed6.c000.snappy.parquet'.
[2025-05-20T21:49:53.428+0000] {subprocess.py:93} INFO - 2025-05-20 21:49:53,422 - INFO - Téléchargement de /gold_price/aggregates/year=2025/month=5/day=20/part-00000-f13b667d-c31f-48fb-8407-1f63e0cf12e7.c000.snappy.parquet vers /app/temp_month_data/part-00000-f13b667d-c31f-48fb-8407-1f63e0cf12e7.c000.snappy.parquet
[2025-05-20T21:49:53.429+0000] {subprocess.py:93} INFO - 2025-05-20 21:49:53,422 - INFO - Reading file '/gold_price/aggregates/year=2025/month=5/day=20/part-00000-f13b667d-c31f-48fb-8407-1f63e0cf12e7.c000.snappy.parquet'.
[2025-05-20T21:49:53.471+0000] {subprocess.py:93} INFO - 2025-05-20 21:49:53,466 - INFO - Téléchargement de /gold_price/aggregates/year=2025/month=5/day=20/part-00000-f338b802-a669-47f2-ad19-b78fe720dfc0.c000.snappy.parquet vers /app/temp_month_data/part-00000-f338b802-a669-47f2-ad19-b78fe720dfc0.c000.snappy.parquet
[2025-05-20T21:49:53.472+0000] {subprocess.py:93} INFO - 2025-05-20 21:49:53,466 - INFO - Reading file '/gold_price/aggregates/year=2025/month=5/day=20/part-00000-f338b802-a669-47f2-ad19-b78fe720dfc0.c000.snappy.parquet'.
[2025-05-20T21:49:53.532+0000] {subprocess.py:93} INFO - 2025-05-20 21:49:53,525 - INFO - Téléchargement de /gold_price/aggregates/year=2025/month=5/day=20/part-00000-f46f8662-7471-45a6-a85a-b63a599d90a3.c000.snappy.parquet vers /app/temp_month_data/part-00000-f46f8662-7471-45a6-a85a-b63a599d90a3.c000.snappy.parquet
[2025-05-20T21:49:53.539+0000] {subprocess.py:93} INFO - 2025-05-20 21:49:53,525 - INFO - Reading file '/gold_price/aggregates/year=2025/month=5/day=20/part-00000-f46f8662-7471-45a6-a85a-b63a599d90a3.c000.snappy.parquet'.
[2025-05-20T21:49:53.586+0000] {subprocess.py:93} INFO - 2025-05-20 21:49:53,579 - INFO - Téléchargement de /gold_price/aggregates/year=2025/month=5/day=20/part-00000-f55d1aff-f404-46d8-b266-8574c7e682e8.c000.snappy.parquet vers /app/temp_month_data/part-00000-f55d1aff-f404-46d8-b266-8574c7e682e8.c000.snappy.parquet
[2025-05-20T21:49:53.590+0000] {subprocess.py:93} INFO - 2025-05-20 21:49:53,579 - INFO - Reading file '/gold_price/aggregates/year=2025/month=5/day=20/part-00000-f55d1aff-f404-46d8-b266-8574c7e682e8.c000.snappy.parquet'.
[2025-05-20T21:49:53.620+0000] {subprocess.py:93} INFO - 2025-05-20 21:49:53,617 - INFO - Téléchargement de /gold_price/aggregates/year=2025/month=5/day=20/part-00000-f5b8f60b-df17-4134-8592-0618701e260a.c000.snappy.parquet vers /app/temp_month_data/part-00000-f5b8f60b-df17-4134-8592-0618701e260a.c000.snappy.parquet
[2025-05-20T21:49:53.622+0000] {subprocess.py:93} INFO - 2025-05-20 21:49:53,618 - INFO - Reading file '/gold_price/aggregates/year=2025/month=5/day=20/part-00000-f5b8f60b-df17-4134-8592-0618701e260a.c000.snappy.parquet'.
[2025-05-20T21:49:53.658+0000] {subprocess.py:93} INFO - 2025-05-20 21:49:53,655 - INFO - Téléchargement de /gold_price/aggregates/year=2025/month=5/day=20/part-00000-f798c244-6a6b-4aef-9cac-a648dc75fcab.c000.snappy.parquet vers /app/temp_month_data/part-00000-f798c244-6a6b-4aef-9cac-a648dc75fcab.c000.snappy.parquet
[2025-05-20T21:49:53.659+0000] {subprocess.py:93} INFO - 2025-05-20 21:49:53,655 - INFO - Reading file '/gold_price/aggregates/year=2025/month=5/day=20/part-00000-f798c244-6a6b-4aef-9cac-a648dc75fcab.c000.snappy.parquet'.
[2025-05-20T21:49:53.693+0000] {subprocess.py:93} INFO - 2025-05-20 21:49:53,690 - INFO - Téléchargement de /gold_price/aggregates/year=2025/month=5/day=20/part-00000-ff18e6d0-aecf-465b-81af-0269494926a2.c000.snappy.parquet vers /app/temp_month_data/part-00000-ff18e6d0-aecf-465b-81af-0269494926a2.c000.snappy.parquet
[2025-05-20T21:49:53.694+0000] {subprocess.py:93} INFO - 2025-05-20 21:49:53,691 - INFO - Reading file '/gold_price/aggregates/year=2025/month=5/day=20/part-00000-ff18e6d0-aecf-465b-81af-0269494926a2.c000.snappy.parquet'.
[2025-05-20T21:49:53.727+0000] {subprocess.py:93} INFO - 2025-05-20 21:49:53,723 - INFO - 104 fichiers téléchargés pour le fine-tuning
[2025-05-20T21:49:53.729+0000] {subprocess.py:93} INFO - 2025-05-20 21:49:53,724 - INFO - Combinaison des fichiers Parquet en un seul fichier...
[2025-05-20T21:49:54.918+0000] {subprocess.py:93} INFO - 2025-05-20 21:49:54,913 - INFO - Fichier combiné sauvegardé à /app/combined_month_data.parquet. Total de lignes : 115
[2025-05-20T21:49:55.159+0000] {subprocess.py:93} INFO - 2025-05-20 21:49:55,157 - INFO - Fichiers temporaires nettoyés
[2025-05-20T21:49:55.175+0000] {subprocess.py:93} INFO - 2025-05-20 21:49:55,171 - INFO - Données de fine-tuning chargées avec succès. Total de lignes : 115
[2025-05-20T21:49:55.195+0000] {subprocess.py:93} INFO - 2025-05-20 21:49:55,193 - INFO - Features préparées pour le fine-tuning. Lignes après ingénierie des features : 55
[2025-05-20T21:49:56.571+0000] {subprocess.py:93} INFO - 2025-05-20 21:49:56,569 - INFO - Context impl SQLiteImpl.
[2025-05-20T21:49:56.573+0000] {subprocess.py:93} INFO - 2025-05-20 21:49:56,569 - INFO - Will assume non-transactional DDL.
[2025-05-20T21:49:56.681+0000] {subprocess.py:93} INFO - 2025-05-20 21:49:56,679 - INFO - Modèle existant chargé avec succès
[2025-05-20T21:50:04.997+0000] {subprocess.py:93} INFO - 2025-05-20 21:50:04,994 - INFO - Modèle fine-tuné et loggé avec MLflow. Nouveau Run ID : 27f32c43894842af9f11fb94b3a21912
[2025-05-20T21:50:06.210+0000] {subprocess.py:97} INFO - Command exited with return code 0
[2025-05-20T21:50:06.265+0000] {taskinstance.py:1398} INFO - Marking task as SUCCESS. dag_id=gold_model_finetuning_bash_container, task_id=execute_fine_tune_in_container, execution_date=20250520T214922, start_date=20250520T214934, end_date=20250520T215006
[2025-05-20T21:50:06.346+0000] {local_task_job_runner.py:228} INFO - Task exited with return code 0
[2025-05-20T21:50:06.380+0000] {taskinstance.py:2776} INFO - 1 downstream tasks scheduled from follow-on schedule check
