[2025-05-20T14:28:31.937+0000] {taskinstance.py:1157} INFO - Dependencies all met for dep_context=non-requeueable deps ti=<TaskInstance: start_kafka_spark.run_spark_script manual__2025-05-20T14:23:14.097650+00:00 [queued]>
[2025-05-20T14:28:31.947+0000] {taskinstance.py:1157} INFO - Dependencies all met for dep_context=requeueable deps ti=<TaskInstance: start_kafka_spark.run_spark_script manual__2025-05-20T14:23:14.097650+00:00 [queued]>
[2025-05-20T14:28:31.948+0000] {taskinstance.py:1359} INFO - Starting attempt 2 of 2
[2025-05-20T14:28:31.963+0000] {taskinstance.py:1380} INFO - Executing <Task(BashOperator): run_spark_script> on 2025-05-20 14:23:14.097650+00:00
[2025-05-20T14:28:31.971+0000] {standard_task_runner.py:57} INFO - Started process 920 to run task
[2025-05-20T14:28:31.976+0000] {standard_task_runner.py:84} INFO - Running: ['***', 'tasks', 'run', 'start_kafka_spark', 'run_spark_script', 'manual__2025-05-20T14:23:14.097650+00:00', '--job-id', '31', '--raw', '--subdir', 'DAGS_FOLDER/streaming_lance.py', '--cfg-path', '/tmp/tmp68gojgm5']
[2025-05-20T14:28:31.987+0000] {standard_task_runner.py:85} INFO - Job 31: Subtask run_spark_script
[2025-05-20T14:28:32.121+0000] {task_command.py:415} INFO - Running <TaskInstance: start_kafka_spark.run_spark_script manual__2025-05-20T14:23:14.097650+00:00 [running]> on host 6bb1f84c11d3
[2025-05-20T14:28:32.254+0000] {taskinstance.py:1660} INFO - Exporting env vars: AIRFLOW_CTX_DAG_OWNER='***' AIRFLOW_CTX_DAG_ID='start_kafka_spark' AIRFLOW_CTX_TASK_ID='run_spark_script' AIRFLOW_CTX_EXECUTION_DATE='2025-05-20T14:23:14.097650+00:00' AIRFLOW_CTX_TRY_NUMBER='2' AIRFLOW_CTX_DAG_RUN_ID='manual__2025-05-20T14:23:14.097650+00:00'
[2025-05-20T14:28:32.256+0000] {subprocess.py:63} INFO - Tmp dir root location: /tmp
[2025-05-20T14:28:32.258+0000] {subprocess.py:75} INFO - Running command: ['/bin/bash', '-c', '\n            docker exec gold_price_project-spark-1 python3 /scripts/gold_price_streaming.py\n        ']
[2025-05-20T14:28:32.272+0000] {subprocess.py:86} INFO - Output:
[2025-05-20T14:28:35.320+0000] {subprocess.py:93} INFO - Setting default log level to "WARN".
[2025-05-20T14:28:35.321+0000] {subprocess.py:93} INFO - To adjust logging level use sc.setLogLevel(newLevel). For SparkR, use setLogLevel(newLevel).
[2025-05-20T14:28:35.719+0000] {subprocess.py:93} INFO - 25/05/20 14:28:35 WARN NativeCodeLoader: Unable to load native-hadoop library for your platform... using builtin-java classes where applicable
[2025-05-20T14:28:39.684+0000] {subprocess.py:93} INFO - Traceback (most recent call last):
[2025-05-20T14:28:39.685+0000] {subprocess.py:93} INFO -   File "/scripts/gold_price_streaming.py", line 23, in <module>
[2025-05-20T14:28:39.686+0000] {subprocess.py:93} INFO -     kafka_df = spark \
[2025-05-20T14:28:39.688+0000] {subprocess.py:93} INFO -   File "/opt/spark/python/pyspark/sql/streaming/readwriter.py", line 304, in load
[2025-05-20T14:28:39.688+0000] {subprocess.py:93} INFO -     return self._df(self._jreader.load())
[2025-05-20T14:28:39.689+0000] {subprocess.py:93} INFO -   File "/opt/spark/python/lib/py4j-0.10.9.7-src.zip/py4j/java_gateway.py", line 1322, in __call__
[2025-05-20T14:28:39.690+0000] {subprocess.py:93} INFO -   File "/opt/spark/python/pyspark/errors/exceptions/captured.py", line 185, in deco
[2025-05-20T14:28:39.690+0000] {subprocess.py:93} INFO -     raise converted from None
[2025-05-20T14:28:39.691+0000] {subprocess.py:93} INFO - pyspark.errors.exceptions.captured.AnalysisException: Failed to find data source: kafka. Please deploy the application as per the deployment section of Structured Streaming + Kafka Integration Guide.
[2025-05-20T14:28:40.260+0000] {subprocess.py:97} INFO - Command exited with return code 1
[2025-05-20T14:28:40.275+0000] {taskinstance.py:1935} ERROR - Task failed with exception
Traceback (most recent call last):
  File "/home/airflow/.local/lib/python3.8/site-packages/airflow/operators/bash.py", line 210, in execute
    raise AirflowException(
airflow.exceptions.AirflowException: Bash command failed. The command returned a non-zero exit code 1.
[2025-05-20T14:28:40.279+0000] {taskinstance.py:1398} INFO - Marking task as FAILED. dag_id=start_kafka_spark, task_id=run_spark_script, execution_date=20250520T142314, start_date=20250520T142831, end_date=20250520T142840
[2025-05-20T14:28:40.299+0000] {standard_task_runner.py:104} ERROR - Failed to execute job 31 for task run_spark_script (Bash command failed. The command returned a non-zero exit code 1.; 920)
[2025-05-20T14:28:40.324+0000] {local_task_job_runner.py:228} INFO - Task exited with return code 1
[2025-05-20T14:28:40.353+0000] {taskinstance.py:2776} INFO - 0 downstream tasks scheduled from follow-on schedule check
