[2025-05-21T10:35:51.321+0000] {taskinstance.py:1157} INFO - Dependencies all met for dep_context=non-requeueable deps ti=<TaskInstance: gold_news_pipeline.store_news_to_hdfs manual__2025-05-21T10:35:30.784132+00:00 [queued]>
[2025-05-21T10:35:51.336+0000] {taskinstance.py:1157} INFO - Dependencies all met for dep_context=requeueable deps ti=<TaskInstance: gold_news_pipeline.store_news_to_hdfs manual__2025-05-21T10:35:30.784132+00:00 [queued]>
[2025-05-21T10:35:51.336+0000] {taskinstance.py:1359} INFO - Starting attempt 1 of 1
[2025-05-21T10:35:51.353+0000] {taskinstance.py:1380} INFO - Executing <Task(BashOperator): store_news_to_hdfs> on 2025-05-21 10:35:30.784132+00:00
[2025-05-21T10:35:51.363+0000] {standard_task_runner.py:57} INFO - Started process 2307 to run task
[2025-05-21T10:35:51.369+0000] {standard_task_runner.py:84} INFO - Running: ['***', 'tasks', 'run', 'gold_news_pipeline', 'store_news_to_hdfs', 'manual__2025-05-21T10:35:30.784132+00:00', '--job-id', '113', '--raw', '--subdir', 'DAGS_FOLDER/news_batch.py', '--cfg-path', '/tmp/tmp6d25lmtf']
[2025-05-21T10:35:51.383+0000] {standard_task_runner.py:85} INFO - Job 113: Subtask store_news_to_hdfs
[2025-05-21T10:35:51.471+0000] {task_command.py:415} INFO - Running <TaskInstance: gold_news_pipeline.store_news_to_hdfs manual__2025-05-21T10:35:30.784132+00:00 [running]> on host cf1d2898936c
[2025-05-21T10:35:51.627+0000] {taskinstance.py:1660} INFO - Exporting env vars: AIRFLOW_CTX_DAG_OWNER='***' AIRFLOW_CTX_DAG_ID='gold_news_pipeline' AIRFLOW_CTX_TASK_ID='store_news_to_hdfs' AIRFLOW_CTX_EXECUTION_DATE='2025-05-21T10:35:30.784132+00:00' AIRFLOW_CTX_TRY_NUMBER='1' AIRFLOW_CTX_DAG_RUN_ID='manual__2025-05-21T10:35:30.784132+00:00'
[2025-05-21T10:35:51.629+0000] {subprocess.py:63} INFO - Tmp dir root location: /tmp
[2025-05-21T10:35:51.631+0000] {subprocess.py:75} INFO - Running command: ['/bin/bash', '-c', 'docker exec gold_price_project-spark-1 spark-submit /scripts/store_news_to_hdfs.py /app/news_gold_market_20250521_103537.json hdfs://namenode:9000/gold_price/news/raw/year=2025/month=5/day=21']
[2025-05-21T10:35:51.648+0000] {subprocess.py:86} INFO - Output:
[2025-05-21T10:35:59.451+0000] {subprocess.py:93} INFO - 25/05/21 10:35:59 INFO SparkContext: Running Spark version 3.5.1
[2025-05-21T10:35:59.456+0000] {subprocess.py:93} INFO - 25/05/21 10:35:59 INFO SparkContext: OS info Linux, 5.15.167.4-microsoft-standard-WSL2, amd64
[2025-05-21T10:35:59.457+0000] {subprocess.py:93} INFO - 25/05/21 10:35:59 INFO SparkContext: Java version 11.0.22
[2025-05-21T10:35:59.625+0000] {subprocess.py:93} INFO - 25/05/21 10:35:59 WARN NativeCodeLoader: Unable to load native-hadoop library for your platform... using builtin-java classes where applicable
[2025-05-21T10:35:59.859+0000] {subprocess.py:93} INFO - 25/05/21 10:35:59 INFO ResourceUtils: ==============================================================
[2025-05-21T10:35:59.861+0000] {subprocess.py:93} INFO - 25/05/21 10:35:59 INFO ResourceUtils: No custom resources configured for spark.driver.
[2025-05-21T10:35:59.864+0000] {subprocess.py:93} INFO - 25/05/21 10:35:59 INFO ResourceUtils: ==============================================================
[2025-05-21T10:35:59.874+0000] {subprocess.py:93} INFO - 25/05/21 10:35:59 INFO SparkContext: Submitted application: GoldMarketNewsProcessing
[2025-05-21T10:36:00.035+0000] {subprocess.py:93} INFO - 25/05/21 10:35:59 INFO ResourceProfile: Default ResourceProfile created, executor resources: Map(cores -> name: cores, amount: 1, script: , vendor: , memory -> name: memory, amount: 1024, script: , vendor: , offHeap -> name: offHeap, amount: 0, script: , vendor: ), task resources: Map(cpus -> name: cpus, amount: 1.0)
[2025-05-21T10:36:00.079+0000] {subprocess.py:93} INFO - 25/05/21 10:36:00 INFO ResourceProfile: Limiting resource is cpu
[2025-05-21T10:36:00.086+0000] {subprocess.py:93} INFO - 25/05/21 10:36:00 INFO ResourceProfileManager: Added ResourceProfile id: 0
[2025-05-21T10:36:00.279+0000] {subprocess.py:93} INFO - 25/05/21 10:36:00 INFO SecurityManager: Changing view acls to: root
[2025-05-21T10:36:00.282+0000] {subprocess.py:93} INFO - 25/05/21 10:36:00 INFO SecurityManager: Changing modify acls to: root
[2025-05-21T10:36:00.283+0000] {subprocess.py:93} INFO - 25/05/21 10:36:00 INFO SecurityManager: Changing view acls groups to:
[2025-05-21T10:36:00.284+0000] {subprocess.py:93} INFO - 25/05/21 10:36:00 INFO SecurityManager: Changing modify acls groups to:
[2025-05-21T10:36:00.286+0000] {subprocess.py:93} INFO - 25/05/21 10:36:00 INFO SecurityManager: SecurityManager: authentication disabled; ui acls disabled; users with view permissions: root; groups with view permissions: EMPTY; users with modify permissions: root; groups with modify permissions: EMPTY
[2025-05-21T10:36:01.451+0000] {subprocess.py:93} INFO - 25/05/21 10:36:01 INFO Utils: Successfully started service 'sparkDriver' on port 33769.
[2025-05-21T10:36:01.554+0000] {subprocess.py:93} INFO - 25/05/21 10:36:01 INFO SparkEnv: Registering MapOutputTracker
[2025-05-21T10:36:01.636+0000] {subprocess.py:93} INFO - 25/05/21 10:36:01 INFO SparkEnv: Registering BlockManagerMaster
[2025-05-21T10:36:01.683+0000] {subprocess.py:93} INFO - 25/05/21 10:36:01 INFO BlockManagerMasterEndpoint: Using org.apache.spark.storage.DefaultTopologyMapper for getting topology information
[2025-05-21T10:36:01.684+0000] {subprocess.py:93} INFO - 25/05/21 10:36:01 INFO BlockManagerMasterEndpoint: BlockManagerMasterEndpoint up
[2025-05-21T10:36:01.695+0000] {subprocess.py:93} INFO - 25/05/21 10:36:01 INFO SparkEnv: Registering BlockManagerMasterHeartbeat
[2025-05-21T10:36:01.798+0000] {subprocess.py:93} INFO - 25/05/21 10:36:01 INFO DiskBlockManager: Created local directory at /tmp/blockmgr-5fa362f2-b51f-4d99-aef9-8107723b38ba
[2025-05-21T10:36:01.839+0000] {subprocess.py:93} INFO - 25/05/21 10:36:01 INFO MemoryStore: MemoryStore started with capacity 434.4 MiB
[2025-05-21T10:36:01.887+0000] {subprocess.py:93} INFO - 25/05/21 10:36:01 INFO SparkEnv: Registering OutputCommitCoordinator
[2025-05-21T10:36:02.274+0000] {subprocess.py:93} INFO - 25/05/21 10:36:02 INFO JettyUtils: Start Jetty 0.0.0.0:4040 for SparkUI
[2025-05-21T10:36:02.507+0000] {subprocess.py:93} INFO - 25/05/21 10:36:02 INFO Utils: Successfully started service 'SparkUI' on port 4040.
[2025-05-21T10:36:02.781+0000] {subprocess.py:93} INFO - 25/05/21 10:36:02 INFO Executor: Starting executor ID driver on host 36a96fd23583
[2025-05-21T10:36:02.782+0000] {subprocess.py:93} INFO - 25/05/21 10:36:02 INFO Executor: OS info Linux, 5.15.167.4-microsoft-standard-WSL2, amd64
[2025-05-21T10:36:02.783+0000] {subprocess.py:93} INFO - 25/05/21 10:36:02 INFO Executor: Java version 11.0.22
[2025-05-21T10:36:02.802+0000] {subprocess.py:93} INFO - 25/05/21 10:36:02 INFO Executor: Starting executor with user classpath (userClassPathFirst = false): ''
[2025-05-21T10:36:02.803+0000] {subprocess.py:93} INFO - 25/05/21 10:36:02 INFO Executor: Created or updated repl class loader org.apache.spark.util.MutableURLClassLoader@3b771890 for default.
[2025-05-21T10:36:02.871+0000] {subprocess.py:93} INFO - 25/05/21 10:36:02 INFO Utils: Successfully started service 'org.apache.spark.network.netty.NettyBlockTransferService' on port 44227.
[2025-05-21T10:36:02.873+0000] {subprocess.py:93} INFO - 25/05/21 10:36:02 INFO NettyBlockTransferService: Server created on 36a96fd23583:44227
[2025-05-21T10:36:02.876+0000] {subprocess.py:93} INFO - 25/05/21 10:36:02 INFO BlockManager: Using org.apache.spark.storage.RandomBlockReplicationPolicy for block replication policy
[2025-05-21T10:36:02.890+0000] {subprocess.py:93} INFO - 25/05/21 10:36:02 INFO BlockManagerMaster: Registering BlockManager BlockManagerId(driver, 36a96fd23583, 44227, None)
[2025-05-21T10:36:02.898+0000] {subprocess.py:93} INFO - 25/05/21 10:36:02 INFO BlockManagerMasterEndpoint: Registering block manager 36a96fd23583:44227 with 434.4 MiB RAM, BlockManagerId(driver, 36a96fd23583, 44227, None)
[2025-05-21T10:36:02.906+0000] {subprocess.py:93} INFO - 25/05/21 10:36:02 INFO BlockManagerMaster: Registered BlockManager BlockManagerId(driver, 36a96fd23583, 44227, None)
[2025-05-21T10:36:02.908+0000] {subprocess.py:93} INFO - 25/05/21 10:36:02 INFO BlockManager: Initialized BlockManager: BlockManagerId(driver, 36a96fd23583, 44227, None)
[2025-05-21T10:36:04.174+0000] {subprocess.py:93} INFO - 25/05/21 10:36:04 INFO SharedState: Setting hive.metastore.warehouse.dir ('null') to the value of spark.sql.warehouse.dir.
[2025-05-21T10:36:04.187+0000] {subprocess.py:93} INFO - 25/05/21 10:36:04 INFO SharedState: Warehouse path is 'file:/opt/spark-apps/spark-warehouse'.
[2025-05-21T10:36:08.992+0000] {subprocess.py:93} INFO - Traceback (most recent call last):
[2025-05-21T10:36:08.993+0000] {subprocess.py:93} INFO -   File "/scripts/store_news_to_hdfs.py", line 17, in <module>
[2025-05-21T10:36:09.004+0000] {subprocess.py:93} INFO -     news_df = spark.read.json(input_file)
[2025-05-21T10:36:09.007+0000] {subprocess.py:93} INFO -   File "/opt/spark/python/lib/pyspark.zip/pyspark/sql/readwriter.py", line 425, in json
[2025-05-21T10:36:09.009+0000] {subprocess.py:93} INFO -   File "/opt/spark/python/lib/py4j-0.10.9.7-src.zip/py4j/java_gateway.py", line 1322, in __call__
[2025-05-21T10:36:09.010+0000] {subprocess.py:93} INFO -   File "/opt/spark/python/lib/pyspark.zip/pyspark/errors/exceptions/captured.py", line 185, in deco
[2025-05-21T10:36:09.030+0000] {subprocess.py:93} INFO - pyspark.errors.exceptions.captured.AnalysisException: [PATH_NOT_FOUND] Path does not exist: hdfs://namenode:9000/app/news_gold_market_20250521_103537.json.
[2025-05-21T10:36:09.134+0000] {subprocess.py:93} INFO - 25/05/21 10:36:09 INFO SparkContext: Invoking stop() from shutdown hook
[2025-05-21T10:36:09.135+0000] {subprocess.py:93} INFO - 25/05/21 10:36:09 INFO SparkContext: SparkContext is stopping with exitCode 0.
[2025-05-21T10:36:09.160+0000] {subprocess.py:93} INFO - 25/05/21 10:36:09 INFO SparkUI: Stopped Spark web UI at http://36a96fd23583:4040
[2025-05-21T10:36:09.193+0000] {subprocess.py:93} INFO - 25/05/21 10:36:09 INFO MapOutputTrackerMasterEndpoint: MapOutputTrackerMasterEndpoint stopped!
[2025-05-21T10:36:09.230+0000] {subprocess.py:93} INFO - 25/05/21 10:36:09 INFO MemoryStore: MemoryStore cleared
[2025-05-21T10:36:09.232+0000] {subprocess.py:93} INFO - 25/05/21 10:36:09 INFO BlockManager: BlockManager stopped
[2025-05-21T10:36:09.286+0000] {subprocess.py:93} INFO - 25/05/21 10:36:09 INFO BlockManagerMaster: BlockManagerMaster stopped
[2025-05-21T10:36:09.306+0000] {subprocess.py:93} INFO - 25/05/21 10:36:09 INFO OutputCommitCoordinator$OutputCommitCoordinatorEndpoint: OutputCommitCoordinator stopped!
[2025-05-21T10:36:09.348+0000] {subprocess.py:93} INFO - 25/05/21 10:36:09 INFO SparkContext: Successfully stopped SparkContext
[2025-05-21T10:36:09.350+0000] {subprocess.py:93} INFO - 25/05/21 10:36:09 INFO ShutdownHookManager: Shutdown hook called
[2025-05-21T10:36:09.351+0000] {subprocess.py:93} INFO - 25/05/21 10:36:09 INFO ShutdownHookManager: Deleting directory /tmp/spark-085a024e-09b5-403e-9d50-c2b19a92c505/pyspark-15a6a910-76b7-46ee-a07c-8865c9256677
[2025-05-21T10:36:09.359+0000] {subprocess.py:93} INFO - 25/05/21 10:36:09 INFO ShutdownHookManager: Deleting directory /tmp/spark-085a024e-09b5-403e-9d50-c2b19a92c505
[2025-05-21T10:36:09.369+0000] {subprocess.py:93} INFO - 25/05/21 10:36:09 INFO ShutdownHookManager: Deleting directory /tmp/spark-aa6f7b99-5019-4f99-9b35-a3b8ce2644f2
[2025-05-21T10:36:09.586+0000] {subprocess.py:97} INFO - Command exited with return code 1
[2025-05-21T10:36:09.610+0000] {taskinstance.py:1935} ERROR - Task failed with exception
Traceback (most recent call last):
  File "/home/airflow/.local/lib/python3.9/site-packages/airflow/operators/bash.py", line 210, in execute
    raise AirflowException(
airflow.exceptions.AirflowException: Bash command failed. The command returned a non-zero exit code 1.
[2025-05-21T10:36:09.619+0000] {taskinstance.py:1398} INFO - Marking task as FAILED. dag_id=gold_news_pipeline, task_id=store_news_to_hdfs, execution_date=20250521T103530, start_date=20250521T103551, end_date=20250521T103609
[2025-05-21T10:36:09.668+0000] {standard_task_runner.py:104} ERROR - Failed to execute job 113 for task store_news_to_hdfs (Bash command failed. The command returned a non-zero exit code 1.; 2307)
[2025-05-21T10:36:09.755+0000] {local_task_job_runner.py:228} INFO - Task exited with return code 1
[2025-05-21T10:36:09.834+0000] {taskinstance.py:2776} INFO - 0 downstream tasks scheduled from follow-on schedule check
