[2025-05-20T22:15:48.256+0000] {taskinstance.py:1157} INFO - Dependencies all met for dep_context=non-requeueable deps ti=<TaskInstance: gold_model_finetuning_bash_container.prepare_fine_tune manual__2025-05-20T22:15:44.081363+00:00 [queued]>
[2025-05-20T22:15:48.274+0000] {taskinstance.py:1157} INFO - Dependencies all met for dep_context=requeueable deps ti=<TaskInstance: gold_model_finetuning_bash_container.prepare_fine_tune manual__2025-05-20T22:15:44.081363+00:00 [queued]>
[2025-05-20T22:15:48.278+0000] {taskinstance.py:1359} INFO - Starting attempt 1 of 1
[2025-05-20T22:15:48.305+0000] {taskinstance.py:1380} INFO - Executing <Task(PythonOperator): prepare_fine_tune> on 2025-05-20 22:15:44.081363+00:00
[2025-05-20T22:15:48.319+0000] {standard_task_runner.py:57} INFO - Started process 748 to run task
[2025-05-20T22:15:48.324+0000] {standard_task_runner.py:84} INFO - Running: ['***', 'tasks', 'run', 'gold_model_finetuning_bash_container', 'prepare_fine_tune', 'manual__2025-05-20T22:15:44.081363+00:00', '--job-id', '97', '--raw', '--subdir', 'DAGS_FOLDER/re_train.py', '--cfg-path', '/tmp/tmpkr_vo9jk']
[2025-05-20T22:15:48.329+0000] {standard_task_runner.py:85} INFO - Job 97: Subtask prepare_fine_tune
[2025-05-20T22:15:48.417+0000] {task_command.py:415} INFO - Running <TaskInstance: gold_model_finetuning_bash_container.prepare_fine_tune manual__2025-05-20T22:15:44.081363+00:00 [running]> on host a9ad06bbacca
[2025-05-20T22:15:48.549+0000] {taskinstance.py:1660} INFO - Exporting env vars: AIRFLOW_CTX_DAG_OWNER='***' AIRFLOW_CTX_DAG_ID='gold_model_finetuning_bash_container' AIRFLOW_CTX_TASK_ID='prepare_fine_tune' AIRFLOW_CTX_EXECUTION_DATE='2025-05-20T22:15:44.081363+00:00' AIRFLOW_CTX_TRY_NUMBER='1' AIRFLOW_CTX_DAG_RUN_ID='manual__2025-05-20T22:15:44.081363+00:00'
[2025-05-20T22:15:48.552+0000] {re_train.py:23} INFO - Début de la tâche prepare_fine_tune
[2025-05-20T22:15:48.553+0000] {re_train.py:26} INFO - Année et mois actuels : 2025, 5
[2025-05-20T22:15:48.553+0000] {re_train.py:28} INFO - Tracking URI défini avec succès
[2025-05-20T22:15:48.709+0000] {migration.py:213} INFO - Context impl SQLiteImpl.
[2025-05-20T22:15:48.710+0000] {migration.py:216} INFO - Will assume non-transactional DDL.
[2025-05-20T22:15:48.794+0000] {re_train.py:30} INFO - Nombre de runs trouvés : 5
[2025-05-20T22:15:48.798+0000] {re_train.py:33} INFO - Run ID initial sélectionné : ed22ea46ca3c4109856a35c5c4a51030
[2025-05-20T22:15:48.855+0000] {re_train.py:40} INFO - Paramètres poussés dans XCom avec succès
[2025-05-20T22:15:48.857+0000] {python.py:194} INFO - Done. Returned value was: None
[2025-05-20T22:15:48.879+0000] {taskinstance.py:1398} INFO - Marking task as SUCCESS. dag_id=gold_model_finetuning_bash_container, task_id=prepare_fine_tune, execution_date=20250520T221544, start_date=20250520T221548, end_date=20250520T221548
[2025-05-20T22:15:48.939+0000] {local_task_job_runner.py:228} INFO - Task exited with return code 0
[2025-05-20T22:15:49.011+0000] {taskinstance.py:2776} INFO - 1 downstream tasks scheduled from follow-on schedule check
