[2025-05-21T11:44:20.028+0000] {taskinstance.py:1157} INFO - Dependencies all met for dep_context=non-requeueable deps ti=<TaskInstance: gold_news_pipeline.store_news_to_hdfs manual__2025-05-21T11:43:53.539162+00:00 [queued]>
[2025-05-21T11:44:20.046+0000] {taskinstance.py:1157} INFO - Dependencies all met for dep_context=requeueable deps ti=<TaskInstance: gold_news_pipeline.store_news_to_hdfs manual__2025-05-21T11:43:53.539162+00:00 [queued]>
[2025-05-21T11:44:20.049+0000] {taskinstance.py:1359} INFO - Starting attempt 1 of 1
[2025-05-21T11:44:20.077+0000] {taskinstance.py:1380} INFO - Executing <Task(PythonOperator): store_news_to_hdfs> on 2025-05-21 11:43:53.539162+00:00
[2025-05-21T11:44:20.085+0000] {standard_task_runner.py:57} INFO - Started process 2547 to run task
[2025-05-21T11:44:20.093+0000] {standard_task_runner.py:84} INFO - Running: ['***', 'tasks', 'run', 'gold_news_pipeline', 'store_news_to_hdfs', 'manual__2025-05-21T11:43:53.539162+00:00', '--job-id', '123', '--raw', '--subdir', 'DAGS_FOLDER/news_batch.py', '--cfg-path', '/tmp/tmp5k9j7reo']
[2025-05-21T11:44:20.099+0000] {standard_task_runner.py:85} INFO - Job 123: Subtask store_news_to_hdfs
[2025-05-21T11:44:20.173+0000] {task_command.py:415} INFO - Running <TaskInstance: gold_news_pipeline.store_news_to_hdfs manual__2025-05-21T11:43:53.539162+00:00 [running]> on host 5c6832b8ad2a
[2025-05-21T11:44:20.323+0000] {taskinstance.py:1660} INFO - Exporting env vars: AIRFLOW_CTX_DAG_OWNER='***' AIRFLOW_CTX_DAG_ID='gold_news_pipeline' AIRFLOW_CTX_TASK_ID='store_news_to_hdfs' AIRFLOW_CTX_EXECUTION_DATE='2025-05-21T11:43:53.539162+00:00' AIRFLOW_CTX_TRY_NUMBER='1' AIRFLOW_CTX_DAG_RUN_ID='manual__2025-05-21T11:43:53.539162+00:00'
[2025-05-21T11:44:20.352+0000] {news_batch.py:131} INFO - Chargement du fichier /app/news_gold_market_20250521_114406.json dans HDFS à /gold_price/news/raw/year=2025/month=5/day=21...
[2025-05-21T11:44:20.353+0000] {client.py:192} INFO - Instantiated <InsecureClient(url='http://namenode:9870')>.
[2025-05-21T11:44:20.356+0000] {client.py:551} INFO - Uploading '/app/news_gold_market_20250521_114406.json' to '/gold_price/news/raw/year=2025/month=5/day=21/news_data.json'.
[2025-05-21T11:44:20.357+0000] {client.py:1116} INFO - Listing '/gold_price/news/raw/year=2025/month=5/day=21/news_data.json'.
[2025-05-21T11:44:20.400+0000] {client.py:496} INFO - Writing to '/gold_price/news/raw/year=2025/month=5/day=21/news_data.json.temp-1747827860397985'.
[2025-05-21T11:44:20.924+0000] {client.py:902} INFO - Deleting '/gold_price/news/raw/year=2025/month=5/day=21/news_data.json' recursively.
[2025-05-21T11:44:21.015+0000] {client.py:937} INFO - Renaming '/gold_price/news/raw/year=2025/month=5/day=21/news_data.json.temp-1747827860397985' to '/gold_price/news/raw/year=2025/month=5/day=21/news_data.json'.
[2025-05-21T11:44:21.055+0000] {news_batch.py:146} INFO - Fichier JSON stocké dans HDFS : /gold_price/news/raw/year=2025/month=5/day=21/news_data.json
[2025-05-21T11:44:21.056+0000] {python.py:194} INFO - Done. Returned value was: True
[2025-05-21T11:44:21.124+0000] {taskinstance.py:1398} INFO - Marking task as SUCCESS. dag_id=gold_news_pipeline, task_id=store_news_to_hdfs, execution_date=20250521T114353, start_date=20250521T114420, end_date=20250521T114421
[2025-05-21T11:44:21.285+0000] {local_task_job_runner.py:228} INFO - Task exited with return code 0
[2025-05-21T11:44:21.348+0000] {taskinstance.py:2776} INFO - 1 downstream tasks scheduled from follow-on schedule check
