[2025-05-20T15:48:15.142+0000] {taskinstance.py:1157} INFO - Dependencies all met for dep_context=non-requeueable deps ti=<TaskInstance: start_kafka_spark.verify_hdfs_data manual__2025-05-20T15:48:05.948771+00:00 [queued]>
[2025-05-20T15:48:15.191+0000] {taskinstance.py:1157} INFO - Dependencies all met for dep_context=requeueable deps ti=<TaskInstance: start_kafka_spark.verify_hdfs_data manual__2025-05-20T15:48:05.948771+00:00 [queued]>
[2025-05-20T15:48:15.193+0000] {taskinstance.py:1359} INFO - Starting attempt 1 of 2
[2025-05-20T15:48:15.331+0000] {taskinstance.py:1380} INFO - Executing <Task(BashOperator): verify_hdfs_data> on 2025-05-20 15:48:05.948771+00:00
[2025-05-20T15:48:15.371+0000] {standard_task_runner.py:57} INFO - Started process 3301 to run task
[2025-05-20T15:48:15.389+0000] {standard_task_runner.py:84} INFO - Running: ['***', 'tasks', 'run', 'start_kafka_spark', 'verify_hdfs_data', 'manual__2025-05-20T15:48:05.948771+00:00', '--job-id', '50', '--raw', '--subdir', 'DAGS_FOLDER/streaming_lance.py', '--cfg-path', '/tmp/tmpj71fqnyr']
[2025-05-20T15:48:15.429+0000] {standard_task_runner.py:85} INFO - Job 50: Subtask verify_hdfs_data
[2025-05-20T15:48:15.667+0000] {task_command.py:415} INFO - Running <TaskInstance: start_kafka_spark.verify_hdfs_data manual__2025-05-20T15:48:05.948771+00:00 [running]> on host 6bb1f84c11d3
[2025-05-20T15:48:15.952+0000] {taskinstance.py:1660} INFO - Exporting env vars: AIRFLOW_CTX_DAG_OWNER='***' AIRFLOW_CTX_DAG_ID='start_kafka_spark' AIRFLOW_CTX_TASK_ID='verify_hdfs_data' AIRFLOW_CTX_EXECUTION_DATE='2025-05-20T15:48:05.948771+00:00' AIRFLOW_CTX_TRY_NUMBER='1' AIRFLOW_CTX_DAG_RUN_ID='manual__2025-05-20T15:48:05.948771+00:00'
[2025-05-20T15:48:15.955+0000] {subprocess.py:63} INFO - Tmp dir root location: /tmp
[2025-05-20T15:48:15.961+0000] {subprocess.py:75} INFO - Running command: ['/bin/bash', '-c', '\n            # Vérifier si des données existent dans HDFS pour aujourd\'hui\n            hdfs_output=$(docker exec -i namenode bash -c "hdfs dfs -ls /gold_price/aggregates/year=2025/month=5/day=20" 2>/dev/null)\n\n            if [ -n "$hdfs_output" ]; then\n                echo "Données HDFS présentes pour aujourd\'hui (2025-05-20)"\n                curl -X POST -H "Content-Type: application/json" -d \'{"content":"✅ Données HDFS présentes pour 2025-05-20 ! Pipeline fonctionne."}\' https://discord.com/api/webhooks/1374382502981931008/BRaqnl_BHNxEep-dItvMinlhhcd9Tk5-sj3RbKdG3qDzLjwfYGRze8IZTxRoaiQj0DE2\n            else\n                echo "Aucune donnée HDFS trouvée pour aujourd\'hui (2025-05-20)"\n                curl -X POST -H "Content-Type: application/json" -d \'{"content":"❌ Aucune donnée HDFS trouvée pour 2025-05-20. Vérifiez le pipeline."}\' https://discord.com/api/webhooks/1374382502981931008/BRaqnl_BHNxEep-dItvMinlhhcd9Tk5-sj3RbKdG3qDzLjwfYGRze8IZTxRoaiQj0DE2\n            fi\n        ']
[2025-05-20T15:48:15.992+0000] {subprocess.py:86} INFO - Output:
[2025-05-20T15:48:20.365+0000] {subprocess.py:93} INFO - Données HDFS présentes pour aujourd'hui (2025-05-20)
[2025-05-20T15:48:20.384+0000] {subprocess.py:93} INFO -   % Total    % Received % Xferd  Average Speed   Time    Time     Time  Current
[2025-05-20T15:48:20.385+0000] {subprocess.py:93} INFO -                                  Dload  Upload   Total   Spent    Left  Speed
[2025-05-20T15:48:20.976+0000] {subprocess.py:93} INFO -   0     0    0     0    0     0      0      0 --:--:-- --:--:-- --:--:--     0100    81    0     0  100    81      0    136 --:--:-- --:--:-- --:--:--   136100    81    0     0  100    81      0    136 --:--:-- --:--:-- --:--:--   136
[2025-05-20T15:48:20.980+0000] {subprocess.py:97} INFO - Command exited with return code 0
[2025-05-20T15:48:21.025+0000] {taskinstance.py:1398} INFO - Marking task as SUCCESS. dag_id=start_kafka_spark, task_id=verify_hdfs_data, execution_date=20250520T154805, start_date=20250520T154815, end_date=20250520T154821
[2025-05-20T15:48:21.077+0000] {local_task_job_runner.py:228} INFO - Task exited with return code 0
[2025-05-20T15:48:21.107+0000] {taskinstance.py:2776} INFO - 0 downstream tasks scheduled from follow-on schedule check
