[2025-05-12T19:32:42.463+0000] {taskinstance.py:1157} INFO - Dependencies all met for dep_context=non-requeueable deps ti=<TaskInstance: gold_news_pipeline.run_consumer manual__2025-05-12T19:32:29.549698+00:00 [queued]>
[2025-05-12T19:32:42.502+0000] {taskinstance.py:1157} INFO - Dependencies all met for dep_context=requeueable deps ti=<TaskInstance: gold_news_pipeline.run_consumer manual__2025-05-12T19:32:29.549698+00:00 [queued]>
[2025-05-12T19:32:42.510+0000] {taskinstance.py:1359} INFO - Starting attempt 1 of 4
[2025-05-12T19:32:42.553+0000] {taskinstance.py:1380} INFO - Executing <Task(BashOperator): run_consumer> on 2025-05-12 19:32:29.549698+00:00
[2025-05-12T19:32:42.566+0000] {standard_task_runner.py:57} INFO - Started process 823 to run task
[2025-05-12T19:32:42.580+0000] {standard_task_runner.py:84} INFO - Running: ['***', 'tasks', 'run', 'gold_news_pipeline', 'run_consumer', 'manual__2025-05-12T19:32:29.549698+00:00', '--job-id', '145', '--raw', '--subdir', 'DAGS_FOLDER/dag_news.py', '--cfg-path', '/tmp/tmpidokye_j']
[2025-05-12T19:32:42.586+0000] {standard_task_runner.py:85} INFO - Job 145: Subtask run_consumer
[2025-05-12T19:32:42.661+0000] {task_command.py:415} INFO - Running <TaskInstance: gold_news_pipeline.run_consumer manual__2025-05-12T19:32:29.549698+00:00 [running]> on host a84f8d9926dd
[2025-05-12T19:32:42.770+0000] {taskinstance.py:1660} INFO - Exporting env vars: AIRFLOW_CTX_DAG_OWNER='***' AIRFLOW_CTX_DAG_ID='gold_news_pipeline' AIRFLOW_CTX_TASK_ID='run_consumer' AIRFLOW_CTX_EXECUTION_DATE='2025-05-12T19:32:29.549698+00:00' AIRFLOW_CTX_TRY_NUMBER='1' AIRFLOW_CTX_DAG_RUN_ID='manual__2025-05-12T19:32:29.549698+00:00'
[2025-05-12T19:32:42.773+0000] {subprocess.py:63} INFO - Tmp dir root location: /tmp
[2025-05-12T19:32:42.774+0000] {subprocess.py:75} INFO - Running command: ['/bin/bash', '-c', 'docker exec gold_price_project-spark-1 bash -c "export PYSPARK_PYTHON=/usr/bin/python3.8 && spark-submit --conf spark.pyspark.python=/usr/bin/python3.8 --packages org.apache.spark:spark-sql-kafka-0-10_2.12:3.5.0,com.datastax.spark:spark-cassandra-connector_2.12:3.5.0 /scripts/spark_news.py"']
[2025-05-12T19:32:42.791+0000] {subprocess.py:86} INFO - Output:
[2025-05-12T19:32:50.966+0000] {subprocess.py:93} INFO - :: loading settings :: url = jar:file:/opt/spark/jars/ivy-2.5.1.jar!/org/apache/ivy/core/settings/ivysettings.xml
[2025-05-12T19:32:51.472+0000] {subprocess.py:93} INFO - Ivy Default Cache set to: /root/.ivy2/cache
[2025-05-12T19:32:51.474+0000] {subprocess.py:93} INFO - The jars for the packages stored in: /root/.ivy2/jars
[2025-05-12T19:32:51.488+0000] {subprocess.py:93} INFO - org.apache.spark#spark-sql-kafka-0-10_2.12 added as a dependency
[2025-05-12T19:32:51.488+0000] {subprocess.py:93} INFO - com.datastax.spark#spark-cassandra-connector_2.12 added as a dependency
[2025-05-12T19:32:51.495+0000] {subprocess.py:93} INFO - :: resolving dependencies :: org.apache.spark#spark-submit-parent-849a607d-fa0a-4e10-affe-22141276904d;1.0
[2025-05-12T19:32:51.496+0000] {subprocess.py:93} INFO - 	confs: [default]
[2025-05-12T19:32:54.569+0000] {subprocess.py:93} INFO - 	found org.apache.spark#spark-sql-kafka-0-10_2.12;3.5.0 in central
[2025-05-12T19:32:55.110+0000] {subprocess.py:93} INFO - 	found org.apache.spark#spark-token-provider-kafka-0-10_2.12;3.5.0 in central
[2025-05-12T19:32:55.237+0000] {subprocess.py:93} INFO - 	found org.apache.kafka#kafka-clients;3.4.1 in central
[2025-05-12T19:32:55.378+0000] {subprocess.py:93} INFO - 	found org.lz4#lz4-java;1.8.0 in central
[2025-05-12T19:32:55.519+0000] {subprocess.py:93} INFO - 	found org.xerial.snappy#snappy-java;1.1.10.3 in central
[2025-05-12T19:32:56.014+0000] {subprocess.py:93} INFO - 	found org.slf4j#slf4j-api;2.0.7 in central
[2025-05-12T19:32:56.592+0000] {subprocess.py:93} INFO - 	found org.apache.hadoop#hadoop-client-runtime;3.3.4 in central
[2025-05-12T19:32:56.782+0000] {subprocess.py:93} INFO - 	found org.apache.hadoop#hadoop-client-api;3.3.4 in central
[2025-05-12T19:32:57.571+0000] {subprocess.py:93} INFO - 	found commons-logging#commons-logging;1.1.3 in central
[2025-05-12T19:32:57.698+0000] {subprocess.py:93} INFO - 	found com.google.code.findbugs#jsr305;3.0.0 in central
[2025-05-12T19:32:58.682+0000] {subprocess.py:93} INFO - 	found org.apache.commons#commons-pool2;2.11.1 in central
[2025-05-12T19:32:58.853+0000] {subprocess.py:93} INFO - 	found com.datastax.spark#spark-cassandra-connector_2.12;3.5.0 in central
[2025-05-12T19:32:58.980+0000] {subprocess.py:93} INFO - 	found com.datastax.spark#spark-cassandra-connector-driver_2.12;3.5.0 in central
[2025-05-12T19:32:59.116+0000] {subprocess.py:93} INFO - 	found org.scala-lang.modules#scala-collection-compat_2.12;2.11.0 in central
[2025-05-12T19:33:01.632+0000] {subprocess.py:93} INFO - 	found com.datastax.oss#java-driver-core-shaded;4.13.0 in central
[2025-05-12T19:33:01.860+0000] {subprocess.py:93} INFO - 	found com.datastax.oss#native-protocol;1.5.0 in central
[2025-05-12T19:33:01.983+0000] {subprocess.py:93} INFO - 	found com.datastax.oss#java-driver-shaded-guava;25.1-jre-graal-sub-1 in central
[2025-05-12T19:33:02.106+0000] {subprocess.py:93} INFO - 	found com.typesafe#config;1.4.1 in central
[2025-05-12T19:33:03.028+0000] {subprocess.py:93} INFO - 	found io.dropwizard.metrics#metrics-core;4.1.18 in central
[2025-05-12T19:33:03.159+0000] {subprocess.py:93} INFO - 	found org.hdrhistogram#HdrHistogram;2.1.12 in central
[2025-05-12T19:33:03.301+0000] {subprocess.py:93} INFO - 	found org.reactivestreams#reactive-streams;1.0.3 in central
[2025-05-12T19:33:03.772+0000] {subprocess.py:93} INFO - 	found com.github.stephenc.jcip#jcip-annotations;1.0-1 in central
[2025-05-12T19:33:03.892+0000] {subprocess.py:93} INFO - 	found com.github.spotbugs#spotbugs-annotations;3.1.12 in central
[2025-05-12T19:33:04.042+0000] {subprocess.py:93} INFO - 	found com.google.code.findbugs#jsr305;3.0.2 in central
[2025-05-12T19:33:04.217+0000] {subprocess.py:93} INFO - 	found com.datastax.oss#java-driver-mapper-runtime;4.13.0 in central
[2025-05-12T19:33:04.500+0000] {subprocess.py:93} INFO - 	found com.datastax.oss#java-driver-query-builder;4.13.0 in central
[2025-05-12T19:33:06.166+0000] {subprocess.py:93} INFO - 	found org.apache.commons#commons-lang3;3.10 in central
[2025-05-12T19:33:07.570+0000] {subprocess.py:93} INFO - 	found com.thoughtworks.paranamer#paranamer;2.8 in central
[2025-05-12T19:33:07.723+0000] {subprocess.py:93} INFO - 	found org.scala-lang#scala-reflect;2.12.11 in central
[2025-05-12T19:33:07.813+0000] {subprocess.py:93} INFO - downloading https://repo1.maven.org/maven2/org/apache/spark/spark-sql-kafka-0-10_2.12/3.5.0/spark-sql-kafka-0-10_2.12-3.5.0.jar ...
[2025-05-12T19:33:08.241+0000] {subprocess.py:93} INFO - 	[SUCCESSFUL ] org.apache.spark#spark-sql-kafka-0-10_2.12;3.5.0!spark-sql-kafka-0-10_2.12.jar (475ms)
[2025-05-12T19:33:08.289+0000] {subprocess.py:93} INFO - downloading https://repo1.maven.org/maven2/com/datastax/spark/spark-cassandra-connector_2.12/3.5.0/spark-cassandra-connector_2.12-3.5.0.jar ...
[2025-05-12T19:33:08.511+0000] {subprocess.py:93} INFO - 	[SUCCESSFUL ] com.datastax.spark#spark-cassandra-connector_2.12;3.5.0!spark-cassandra-connector_2.12.jar (271ms)
[2025-05-12T19:33:08.567+0000] {subprocess.py:93} INFO - downloading https://repo1.maven.org/maven2/org/apache/spark/spark-token-provider-kafka-0-10_2.12/3.5.0/spark-token-provider-kafka-0-10_2.12-3.5.0.jar ...
[2025-05-12T19:33:08.625+0000] {subprocess.py:93} INFO - 	[SUCCESSFUL ] org.apache.spark#spark-token-provider-kafka-0-10_2.12;3.5.0!spark-token-provider-kafka-0-10_2.12.jar (114ms)
[2025-05-12T19:33:08.676+0000] {subprocess.py:93} INFO - downloading https://repo1.maven.org/maven2/org/apache/kafka/kafka-clients/3.4.1/kafka-clients-3.4.1.jar ...
[2025-05-12T19:33:10.013+0000] {subprocess.py:93} INFO - downloading https://repo1.maven.org/maven2/org/apache/commons/commons-pool2/2.11.1/commons-pool2-2.11.1.jar ...
[2025-05-12T19:33:10.077+0000] {subprocess.py:93} INFO - 	[SUCCESSFUL ] org.apache.commons#commons-pool2;2.11.1!commons-pool2.jar (135ms)
[2025-05-12T19:33:10.139+0000] {subprocess.py:93} INFO - downloading https://repo1.maven.org/maven2/org/apache/hadoop/hadoop-client-runtime/3.3.4/hadoop-client-runtime-3.3.4.jar ...
[2025-05-12T19:33:12.086+0000] {subprocess.py:93} INFO - 	[SUCCESSFUL ] org.apache.hadoop#hadoop-client-runtime;3.3.4!hadoop-client-runtime.jar (2002ms)
[2025-05-12T19:33:12.136+0000] {subprocess.py:93} INFO - downloading https://repo1.maven.org/maven2/org/lz4/lz4-java/1.8.0/lz4-java-1.8.0.jar ...
[2025-05-12T19:33:12.256+0000] {subprocess.py:93} INFO - 	[SUCCESSFUL ] org.lz4#lz4-java;1.8.0!lz4-java.jar (173ms)
[2025-05-12T19:33:12.306+0000] {subprocess.py:93} INFO - downloading https://repo1.maven.org/maven2/org/xerial/snappy/snappy-java/1.1.10.3/snappy-java-1.1.10.3.jar ...
[2025-05-12T19:33:12.545+0000] {subprocess.py:93} INFO - 	[SUCCESSFUL ] org.xerial.snappy#snappy-java;1.1.10.3!snappy-java.jar(bundle) (286ms)
[2025-05-12T19:33:12.592+0000] {subprocess.py:93} INFO - downloading https://repo1.maven.org/maven2/org/slf4j/slf4j-api/2.0.7/slf4j-api-2.0.7.jar ...
[2025-05-12T19:33:12.652+0000] {subprocess.py:93} INFO - 	[SUCCESSFUL ] org.slf4j#slf4j-api;2.0.7!slf4j-api.jar (103ms)
[2025-05-12T19:33:12.709+0000] {subprocess.py:93} INFO - downloading https://repo1.maven.org/maven2/org/apache/hadoop/hadoop-client-api/3.3.4/hadoop-client-api-3.3.4.jar ...
[2025-05-12T19:33:13.842+0000] {subprocess.py:93} INFO - 	[SUCCESSFUL ] org.apache.hadoop#hadoop-client-api;3.3.4!hadoop-client-api.jar (1194ms)
[2025-05-12T19:33:13.889+0000] {subprocess.py:93} INFO - downloading https://repo1.maven.org/maven2/commons-logging/commons-logging/1.1.3/commons-logging-1.1.3.jar ...
[2025-05-12T19:33:13.946+0000] {subprocess.py:93} INFO - 	[SUCCESSFUL ] commons-logging#commons-logging;1.1.3!commons-logging.jar (100ms)
[2025-05-12T19:33:13.997+0000] {subprocess.py:93} INFO - downloading https://repo1.maven.org/maven2/com/datastax/spark/spark-cassandra-connector-driver_2.12/3.5.0/spark-cassandra-connector-driver_2.12-3.5.0.jar ...
[2025-05-12T19:33:14.163+0000] {subprocess.py:93} INFO - 	[SUCCESSFUL ] com.datastax.spark#spark-cassandra-connector-driver_2.12;3.5.0!spark-cassandra-connector-driver_2.12.jar (216ms)
[2025-05-12T19:33:14.212+0000] {subprocess.py:93} INFO - downloading https://repo1.maven.org/maven2/org/scala-lang/modules/scala-collection-compat_2.12/2.11.0/scala-collection-compat_2.12-2.11.0.jar ...
[2025-05-12T19:33:14.303+0000] {subprocess.py:93} INFO - 	[SUCCESSFUL ] org.scala-lang.modules#scala-collection-compat_2.12;2.11.0!scala-collection-compat_2.12.jar (137ms)
[2025-05-12T19:33:14.362+0000] {subprocess.py:93} INFO - downloading https://repo1.maven.org/maven2/com/datastax/oss/java-driver-core-shaded/4.13.0/java-driver-core-shaded-4.13.0.jar ...
[2025-05-12T19:33:14.932+0000] {subprocess.py:93} INFO - 	[SUCCESSFUL ] com.datastax.oss#java-driver-core-shaded;4.13.0!java-driver-core-shaded.jar (629ms)
[2025-05-12T19:33:14.985+0000] {subprocess.py:93} INFO - downloading https://repo1.maven.org/maven2/com/datastax/oss/java-driver-mapper-runtime/4.13.0/java-driver-mapper-runtime-4.13.0.jar ...
[2025-05-12T19:33:15.040+0000] {subprocess.py:93} INFO - 	[SUCCESSFUL ] com.datastax.oss#java-driver-mapper-runtime;4.13.0!java-driver-mapper-runtime.jar(bundle) (105ms)
[2025-05-12T19:33:15.092+0000] {subprocess.py:93} INFO - downloading https://repo1.maven.org/maven2/org/apache/commons/commons-lang3/3.10/commons-lang3-3.10.jar ...
[2025-05-12T19:33:15.174+0000] {subprocess.py:93} INFO - 	[SUCCESSFUL ] org.apache.commons#commons-lang3;3.10!commons-lang3.jar (132ms)
[2025-05-12T19:33:15.231+0000] {subprocess.py:93} INFO - downloading https://repo1.maven.org/maven2/com/thoughtworks/paranamer/paranamer/2.8/paranamer-2.8.jar ...
[2025-05-12T19:33:15.390+0000] {subprocess.py:93} INFO - 	[SUCCESSFUL ] com.thoughtworks.paranamer#paranamer;2.8!paranamer.jar(bundle) (202ms)
[2025-05-12T19:33:15.432+0000] {subprocess.py:93} INFO - downloading https://repo1.maven.org/maven2/org/scala-lang/scala-reflect/2.12.11/scala-reflect-2.12.11.jar ...
[2025-05-12T19:33:15.769+0000] {subprocess.py:93} INFO - 	[SUCCESSFUL ] org.scala-lang#scala-reflect;2.12.11!scala-reflect.jar (378ms)
[2025-05-12T19:33:15.818+0000] {subprocess.py:93} INFO - downloading https://repo1.maven.org/maven2/com/datastax/oss/native-protocol/1.5.0/native-protocol-1.5.0.jar ...
[2025-05-12T19:33:15.900+0000] {subprocess.py:93} INFO - 	[SUCCESSFUL ] com.datastax.oss#native-protocol;1.5.0!native-protocol.jar(bundle) (135ms)
[2025-05-12T19:33:15.949+0000] {subprocess.py:93} INFO - downloading https://repo1.maven.org/maven2/com/datastax/oss/java-driver-shaded-guava/25.1-jre-graal-sub-1/java-driver-shaded-guava-25.1-jre-graal-sub-1.jar ...
[2025-05-12T19:33:16.161+0000] {subprocess.py:93} INFO - 	[SUCCESSFUL ] com.datastax.oss#java-driver-shaded-guava;25.1-jre-graal-sub-1!java-driver-shaded-guava.jar (259ms)
[2025-05-12T19:33:16.440+0000] {subprocess.py:93} INFO - downloading https://repo1.maven.org/maven2/com/typesafe/config/1.4.1/config-1.4.1.jar ...
[2025-05-12T19:33:16.515+0000] {subprocess.py:93} INFO - 	[SUCCESSFUL ] com.typesafe#config;1.4.1!config.jar(bundle) (353ms)
[2025-05-12T19:33:16.566+0000] {subprocess.py:93} INFO - downloading https://repo1.maven.org/maven2/io/dropwizard/metrics/metrics-core/4.1.18/metrics-core-4.1.18.jar ...
[2025-05-12T19:33:16.627+0000] {subprocess.py:93} INFO - 	[SUCCESSFUL ] io.dropwizard.metrics#metrics-core;4.1.18!metrics-core.jar(bundle) (110ms)
[2025-05-12T19:33:16.680+0000] {subprocess.py:93} INFO - downloading https://repo1.maven.org/maven2/org/hdrhistogram/HdrHistogram/2.1.12/HdrHistogram-2.1.12.jar ...
[2025-05-12T19:33:19.474+0000] {subprocess.py:93} INFO - 	[SUCCESSFUL ] org.hdrhistogram#HdrHistogram;2.1.12!HdrHistogram.jar(bundle) (2846ms)
[2025-05-12T19:33:19.532+0000] {subprocess.py:93} INFO - downloading https://repo1.maven.org/maven2/org/reactivestreams/reactive-streams/1.0.3/reactive-streams-1.0.3.jar ...
[2025-05-12T19:33:19.583+0000] {subprocess.py:93} INFO - 	[SUCCESSFUL ] org.reactivestreams#reactive-streams;1.0.3!reactive-streams.jar (106ms)
[2025-05-12T19:33:19.637+0000] {subprocess.py:93} INFO - downloading https://repo1.maven.org/maven2/com/github/stephenc/jcip/jcip-annotations/1.0-1/jcip-annotations-1.0-1.jar ...
[2025-05-12T19:33:19.685+0000] {subprocess.py:93} INFO - 	[SUCCESSFUL ] com.github.stephenc.jcip#jcip-annotations;1.0-1!jcip-annotations.jar (101ms)
[2025-05-12T19:33:19.736+0000] {subprocess.py:93} INFO - downloading https://repo1.maven.org/maven2/com/github/spotbugs/spotbugs-annotations/3.1.12/spotbugs-annotations-3.1.12.jar ...
[2025-05-12T19:33:19.794+0000] {subprocess.py:93} INFO - 	[SUCCESSFUL ] com.github.spotbugs#spotbugs-annotations;3.1.12!spotbugs-annotations.jar (106ms)
[2025-05-12T19:33:20.115+0000] {subprocess.py:93} INFO - downloading https://repo1.maven.org/maven2/com/google/code/findbugs/jsr305/3.0.2/jsr305-3.0.2.jar ...
[2025-05-12T19:33:20.164+0000] {subprocess.py:93} INFO - 	[SUCCESSFUL ] com.google.code.findbugs#jsr305;3.0.2!jsr305.jar (368ms)
[2025-05-12T19:33:20.409+0000] {subprocess.py:93} INFO - downloading https://repo1.maven.org/maven2/com/datastax/oss/java-driver-query-builder/4.13.0/java-driver-query-builder-4.13.0.jar ...
[2025-05-12T19:33:20.485+0000] {subprocess.py:93} INFO - 	[SUCCESSFUL ] com.datastax.oss#java-driver-query-builder;4.13.0!java-driver-query-builder.jar(bundle) (319ms)
[2025-05-12T19:33:20.491+0000] {subprocess.py:93} INFO - :: resolution report :: resolve 16270ms :: artifacts dl 12728ms
[2025-05-12T19:33:20.494+0000] {subprocess.py:93} INFO - 	:: modules in use:
[2025-05-12T19:33:20.496+0000] {subprocess.py:93} INFO - 	com.datastax.oss#java-driver-core-shaded;4.13.0 from central in [default]
[2025-05-12T19:33:20.497+0000] {subprocess.py:93} INFO - 	com.datastax.oss#java-driver-mapper-runtime;4.13.0 from central in [default]
[2025-05-12T19:33:20.498+0000] {subprocess.py:93} INFO - 	com.datastax.oss#java-driver-query-builder;4.13.0 from central in [default]
[2025-05-12T19:33:20.499+0000] {subprocess.py:93} INFO - 	com.datastax.oss#java-driver-shaded-guava;25.1-jre-graal-sub-1 from central in [default]
[2025-05-12T19:33:20.500+0000] {subprocess.py:93} INFO - 	com.datastax.oss#native-protocol;1.5.0 from central in [default]
[2025-05-12T19:33:20.500+0000] {subprocess.py:93} INFO - 	com.datastax.spark#spark-cassandra-connector-driver_2.12;3.5.0 from central in [default]
[2025-05-12T19:33:20.507+0000] {subprocess.py:93} INFO - 	com.datastax.spark#spark-cassandra-connector_2.12;3.5.0 from central in [default]
[2025-05-12T19:33:20.509+0000] {subprocess.py:93} INFO - 	com.github.spotbugs#spotbugs-annotations;3.1.12 from central in [default]
[2025-05-12T19:33:20.510+0000] {subprocess.py:93} INFO - 	com.github.stephenc.jcip#jcip-annotations;1.0-1 from central in [default]
[2025-05-12T19:33:20.511+0000] {subprocess.py:93} INFO - 	com.google.code.findbugs#jsr305;3.0.2 from central in [default]
[2025-05-12T19:33:20.512+0000] {subprocess.py:93} INFO - 	com.thoughtworks.paranamer#paranamer;2.8 from central in [default]
[2025-05-12T19:33:20.514+0000] {subprocess.py:93} INFO - 	com.typesafe#config;1.4.1 from central in [default]
[2025-05-12T19:33:20.515+0000] {subprocess.py:93} INFO - 	commons-logging#commons-logging;1.1.3 from central in [default]
[2025-05-12T19:33:20.521+0000] {subprocess.py:93} INFO - 	io.dropwizard.metrics#metrics-core;4.1.18 from central in [default]
[2025-05-12T19:33:20.523+0000] {subprocess.py:93} INFO - 	org.apache.commons#commons-lang3;3.10 from central in [default]
[2025-05-12T19:33:20.524+0000] {subprocess.py:93} INFO - 	org.apache.commons#commons-pool2;2.11.1 from central in [default]
[2025-05-12T19:33:20.525+0000] {subprocess.py:93} INFO - 	org.apache.hadoop#hadoop-client-api;3.3.4 from central in [default]
[2025-05-12T19:33:20.527+0000] {subprocess.py:93} INFO - 	org.apache.hadoop#hadoop-client-runtime;3.3.4 from central in [default]
[2025-05-12T19:33:20.528+0000] {subprocess.py:93} INFO - 	org.apache.kafka#kafka-clients;3.4.1 from central in [default]
[2025-05-12T19:33:20.529+0000] {subprocess.py:93} INFO - 	org.apache.spark#spark-sql-kafka-0-10_2.12;3.5.0 from central in [default]
[2025-05-12T19:33:20.530+0000] {subprocess.py:93} INFO - 	org.apache.spark#spark-token-provider-kafka-0-10_2.12;3.5.0 from central in [default]
[2025-05-12T19:33:20.536+0000] {subprocess.py:93} INFO - 	org.hdrhistogram#HdrHistogram;2.1.12 from central in [default]
[2025-05-12T19:33:20.537+0000] {subprocess.py:93} INFO - 	org.lz4#lz4-java;1.8.0 from central in [default]
[2025-05-12T19:33:20.545+0000] {subprocess.py:93} INFO - 	org.reactivestreams#reactive-streams;1.0.3 from central in [default]
[2025-05-12T19:33:20.567+0000] {subprocess.py:93} INFO - 	org.scala-lang#scala-reflect;2.12.11 from central in [default]
[2025-05-12T19:33:20.568+0000] {subprocess.py:93} INFO - 	org.scala-lang.modules#scala-collection-compat_2.12;2.11.0 from central in [default]
[2025-05-12T19:33:20.569+0000] {subprocess.py:93} INFO - 	org.slf4j#slf4j-api;2.0.7 from central in [default]
[2025-05-12T19:33:20.570+0000] {subprocess.py:93} INFO - 	org.xerial.snappy#snappy-java;1.1.10.3 from central in [default]
[2025-05-12T19:33:20.571+0000] {subprocess.py:93} INFO - 	:: evicted modules:
[2025-05-12T19:33:20.572+0000] {subprocess.py:93} INFO - 	com.google.code.findbugs#jsr305;3.0.0 by [com.google.code.findbugs#jsr305;3.0.2] in [default]
[2025-05-12T19:33:20.573+0000] {subprocess.py:93} INFO - 	org.slf4j#slf4j-api;1.7.26 by [org.slf4j#slf4j-api;2.0.7] in [default]
[2025-05-12T19:33:20.576+0000] {subprocess.py:93} INFO - 	---------------------------------------------------------------------
[2025-05-12T19:33:20.584+0000] {subprocess.py:93} INFO - 	|                  |            modules            ||   artifacts   |
[2025-05-12T19:33:20.585+0000] {subprocess.py:93} INFO - 	|       conf       | number| search|dwnlded|evicted|| number|dwnlded|
[2025-05-12T19:33:20.585+0000] {subprocess.py:93} INFO - 	---------------------------------------------------------------------
[2025-05-12T19:33:20.586+0000] {subprocess.py:93} INFO - 	|      default     |   30  |   29  |   29  |   2   ||   28  |   27  |
[2025-05-12T19:33:20.587+0000] {subprocess.py:93} INFO - 	---------------------------------------------------------------------
[2025-05-12T19:33:20.587+0000] {subprocess.py:93} INFO - 
[2025-05-12T19:33:20.591+0000] {subprocess.py:93} INFO - :: problems summary ::
[2025-05-12T19:33:20.597+0000] {subprocess.py:93} INFO - :::: WARNINGS
[2025-05-12T19:33:20.599+0000] {subprocess.py:93} INFO - 		[FAILED     ] org.apache.kafka#kafka-clients;3.4.1!kafka-clients.jar: Downloaded file size (0) doesn't match expected Content Length (5050443) for https://repo1.maven.org/maven2/org/apache/kafka/kafka-clients/3.4.1/kafka-clients-3.4.1.jar. Please retry. (1315ms)
[2025-05-12T19:33:20.601+0000] {subprocess.py:93} INFO - 
[2025-05-12T19:33:20.602+0000] {subprocess.py:93} INFO - 		[FAILED     ] org.apache.kafka#kafka-clients;3.4.1!kafka-clients.jar: Downloaded file size (0) doesn't match expected Content Length (5050443) for https://repo1.maven.org/maven2/org/apache/kafka/kafka-clients/3.4.1/kafka-clients-3.4.1.jar. Please retry. (1315ms)
[2025-05-12T19:33:20.603+0000] {subprocess.py:93} INFO - 
[2025-05-12T19:33:20.604+0000] {subprocess.py:93} INFO - 	==== central: tried
[2025-05-12T19:33:20.604+0000] {subprocess.py:93} INFO - 
[2025-05-12T19:33:20.605+0000] {subprocess.py:93} INFO - 	  https://repo1.maven.org/maven2/org/apache/kafka/kafka-clients/3.4.1/kafka-clients-3.4.1.jar
[2025-05-12T19:33:20.606+0000] {subprocess.py:93} INFO - 
[2025-05-12T19:33:20.613+0000] {subprocess.py:93} INFO - 		::::::::::::::::::::::::::::::::::::::::::::::
[2025-05-12T19:33:20.614+0000] {subprocess.py:93} INFO - 
[2025-05-12T19:33:20.615+0000] {subprocess.py:93} INFO - 		::              FAILED DOWNLOADS            ::
[2025-05-12T19:33:20.615+0000] {subprocess.py:93} INFO - 
[2025-05-12T19:33:20.616+0000] {subprocess.py:93} INFO - 		:: ^ see resolution messages for details  ^ ::
[2025-05-12T19:33:20.616+0000] {subprocess.py:93} INFO - 
[2025-05-12T19:33:20.617+0000] {subprocess.py:93} INFO - 		::::::::::::::::::::::::::::::::::::::::::::::
[2025-05-12T19:33:20.618+0000] {subprocess.py:93} INFO - 
[2025-05-12T19:33:20.618+0000] {subprocess.py:93} INFO - 		:: org.apache.kafka#kafka-clients;3.4.1!kafka-clients.jar
[2025-05-12T19:33:20.619+0000] {subprocess.py:93} INFO - 
[2025-05-12T19:33:20.619+0000] {subprocess.py:93} INFO - 		::::::::::::::::::::::::::::::::::::::::::::::
[2025-05-12T19:33:20.620+0000] {subprocess.py:93} INFO - 
[2025-05-12T19:33:20.621+0000] {subprocess.py:93} INFO - 
[2025-05-12T19:33:20.621+0000] {subprocess.py:93} INFO - 
[2025-05-12T19:33:20.622+0000] {subprocess.py:93} INFO - :: USE VERBOSE OR DEBUG MESSAGE LEVEL FOR MORE DETAILS
[2025-05-12T19:33:20.622+0000] {subprocess.py:93} INFO - Exception in thread "main" java.lang.RuntimeException: [download failed: org.apache.kafka#kafka-clients;3.4.1!kafka-clients.jar]
[2025-05-12T19:33:20.628+0000] {subprocess.py:93} INFO - 	at org.apache.spark.deploy.SparkSubmitUtils$.resolveMavenCoordinates(SparkSubmit.scala:1608)
[2025-05-12T19:33:20.630+0000] {subprocess.py:93} INFO - 	at org.apache.spark.util.DependencyUtils$.resolveMavenDependencies(DependencyUtils.scala:185)
[2025-05-12T19:33:20.631+0000] {subprocess.py:93} INFO - 	at org.apache.spark.deploy.SparkSubmit.prepareSubmitEnvironment(SparkSubmit.scala:334)
[2025-05-12T19:33:20.632+0000] {subprocess.py:93} INFO - 	at org.apache.spark.deploy.SparkSubmit.org$apache$spark$deploy$SparkSubmit$$runMain(SparkSubmit.scala:964)
[2025-05-12T19:33:20.632+0000] {subprocess.py:93} INFO - 	at org.apache.spark.deploy.SparkSubmit.doRunMain$1(SparkSubmit.scala:194)
[2025-05-12T19:33:20.633+0000] {subprocess.py:93} INFO - 	at org.apache.spark.deploy.SparkSubmit.submit(SparkSubmit.scala:217)
[2025-05-12T19:33:20.634+0000] {subprocess.py:93} INFO - 	at org.apache.spark.deploy.SparkSubmit.doSubmit(SparkSubmit.scala:91)
[2025-05-12T19:33:20.634+0000] {subprocess.py:93} INFO - 	at org.apache.spark.deploy.SparkSubmit$$anon$2.doSubmit(SparkSubmit.scala:1120)
[2025-05-12T19:33:20.635+0000] {subprocess.py:93} INFO - 	at org.apache.spark.deploy.SparkSubmit$.main(SparkSubmit.scala:1129)
[2025-05-12T19:33:20.640+0000] {subprocess.py:93} INFO - 	at org.apache.spark.deploy.SparkSubmit.main(SparkSubmit.scala)
[2025-05-12T19:33:20.727+0000] {subprocess.py:97} INFO - Command exited with return code 1
[2025-05-12T19:33:20.770+0000] {taskinstance.py:1935} ERROR - Task failed with exception
Traceback (most recent call last):
  File "/home/airflow/.local/lib/python3.8/site-packages/airflow/operators/bash.py", line 210, in execute
    raise AirflowException(
airflow.exceptions.AirflowException: Bash command failed. The command returned a non-zero exit code 1.
[2025-05-12T19:33:20.782+0000] {taskinstance.py:1398} INFO - Marking task as UP_FOR_RETRY. dag_id=gold_news_pipeline, task_id=run_consumer, execution_date=20250512T193229, start_date=20250512T193242, end_date=20250512T193320
[2025-05-12T19:33:20.815+0000] {standard_task_runner.py:104} ERROR - Failed to execute job 145 for task run_consumer (Bash command failed. The command returned a non-zero exit code 1.; 823)
[2025-05-12T19:33:20.880+0000] {local_task_job_runner.py:228} INFO - Task exited with return code 1
[2025-05-12T19:33:20.922+0000] {taskinstance.py:2776} INFO - 0 downstream tasks scheduled from follow-on schedule check
