[2025-05-09T19:41:58.680+0000] {taskinstance.py:1157} INFO - Dependencies all met for dep_context=non-requeueable deps ti=<TaskInstance: gold_news_pipeline.run_producer scheduled__2025-05-09T19:31:57.104967+00:00 [queued]>
[2025-05-09T19:41:58.688+0000] {taskinstance.py:1157} INFO - Dependencies all met for dep_context=requeueable deps ti=<TaskInstance: gold_news_pipeline.run_producer scheduled__2025-05-09T19:31:57.104967+00:00 [queued]>
[2025-05-09T19:41:58.689+0000] {taskinstance.py:1359} INFO - Starting attempt 1 of 1
[2025-05-09T19:41:58.704+0000] {taskinstance.py:1380} INFO - Executing <Task(BashOperator): run_producer> on 2025-05-09 19:31:57.104967+00:00
[2025-05-09T19:41:58.709+0000] {standard_task_runner.py:57} INFO - Started process 1390 to run task
[2025-05-09T19:41:58.713+0000] {standard_task_runner.py:84} INFO - Running: ['***', 'tasks', 'run', 'gold_news_pipeline', 'run_producer', 'scheduled__2025-05-09T19:31:57.104967+00:00', '--job-id', '69', '--raw', '--subdir', 'DAGS_FOLDER/dag_streaming.py', '--cfg-path', '/tmp/tmp9f3w518b']
[2025-05-09T19:41:58.715+0000] {standard_task_runner.py:85} INFO - Job 69: Subtask run_producer
[2025-05-09T19:41:58.778+0000] {task_command.py:415} INFO - Running <TaskInstance: gold_news_pipeline.run_producer scheduled__2025-05-09T19:31:57.104967+00:00 [running]> on host 6df022cfc9bf
[2025-05-09T19:41:58.872+0000] {taskinstance.py:1660} INFO - Exporting env vars: AIRFLOW_CTX_DAG_OWNER='***' AIRFLOW_CTX_DAG_ID='gold_news_pipeline' AIRFLOW_CTX_TASK_ID='run_producer' AIRFLOW_CTX_EXECUTION_DATE='2025-05-09T19:31:57.104967+00:00' AIRFLOW_CTX_TRY_NUMBER='1' AIRFLOW_CTX_DAG_RUN_ID='scheduled__2025-05-09T19:31:57.104967+00:00'
[2025-05-09T19:41:58.874+0000] {subprocess.py:63} INFO - Tmp dir root location: /tmp
[2025-05-09T19:41:58.875+0000] {subprocess.py:75} INFO - Running command: ['/bin/bash', '-c', 'docker exec gold_price_project-kafka-1 python3 /scripts/news_producer.py']
[2025-05-09T19:41:58.890+0000] {subprocess.py:86} INFO - Output:
[2025-05-09T19:41:59.965+0000] {subprocess.py:93} INFO - Starting news ingestion for gold market...
[2025-05-09T19:41:59.966+0000] {subprocess.py:93} INFO - Searching for keywords: gold price OR XAUUSD OR gold market OR Federal Reserve OR interest rates OR tariffs OR geopolitical tensions OR inflation OR US dollar OR safe-haven assets
[2025-05-09T19:41:59.966+0000] {subprocess.py:93} INFO - 
[2025-05-09T19:41:59.966+0000] {subprocess.py:93} INFO - Fetched 10 articles at 2025-05-09 19:41:59
[2025-05-09T19:41:59.967+0000] {subprocess.py:93} INFO - Sent to Kafka: How Is AI Redefining Content in the Attention Econ...
[2025-05-09T19:41:59.967+0000] {subprocess.py:93} INFO - Sent to Kafka: Latin Metals Appoints Eduardo Leon as Vice Preside...
[2025-05-09T19:41:59.967+0000] {subprocess.py:93} INFO - Sent to Kafka: The LockBit ransomware site was breached, database...
[2025-05-09T19:41:59.968+0000] {subprocess.py:93} INFO - Sent to Kafka: Trump Says Fed Chair 'Is Not in Love With Me' as C...
[2025-05-09T19:41:59.968+0000] {subprocess.py:93} INFO - Sent to Kafka: Is US President Trump A Bitcoin Whale? Son Eric Sa...
[2025-05-09T19:41:59.968+0000] {subprocess.py:93} INFO - Sent to Kafka: RFK Jr.’s Former Running Mate Shanahan Says He ‘Li...
[2025-05-09T19:41:59.969+0000] {subprocess.py:93} INFO - Sent to Kafka: McEwen Mining: Q1 2025 Results...
[2025-05-09T19:41:59.969+0000] {subprocess.py:93} INFO - Sent to Kafka: IIFL Finance Q4 Results: Profit falls 42% to Rs 25...
[2025-05-09T19:41:59.969+0000] {subprocess.py:93} INFO - Sent to Kafka: Gold ETFs Record Strongest Inflows Since 2022, Say...
[2025-05-09T19:41:59.970+0000] {subprocess.py:93} INFO - Sent to Kafka: (PR) Lenovo Unveils the New Legion 9i (18", 10) Ga...
[2025-05-09T19:41:59.970+0000] {subprocess.py:93} INFO - 
[2025-05-09T19:41:59.971+0000] {subprocess.py:93} INFO - Waiting for next poll...
[2025-05-09T19:41:59.998+0000] {subprocess.py:97} INFO - Command exited with return code 0
[2025-05-09T19:42:00.022+0000] {taskinstance.py:1398} INFO - Marking task as SUCCESS. dag_id=gold_news_pipeline, task_id=run_producer, execution_date=20250509T193157, start_date=20250509T194158, end_date=20250509T194200
[2025-05-09T19:42:00.049+0000] {local_task_job_runner.py:228} INFO - Task exited with return code 0
[2025-05-09T19:42:00.075+0000] {taskinstance.py:2776} INFO - 1 downstream tasks scheduled from follow-on schedule check
