[2025-05-20T14:34:55.245+0000] {taskinstance.py:1157} INFO - Dependencies all met for dep_context=non-requeueable deps ti=<TaskInstance: start_kafka_spark.run_spark_script manual__2025-05-20T14:34:53.018792+00:00 [queued]>
[2025-05-20T14:34:55.258+0000] {taskinstance.py:1157} INFO - Dependencies all met for dep_context=requeueable deps ti=<TaskInstance: start_kafka_spark.run_spark_script manual__2025-05-20T14:34:53.018792+00:00 [queued]>
[2025-05-20T14:34:55.259+0000] {taskinstance.py:1359} INFO - Starting attempt 1 of 2
[2025-05-20T14:34:55.278+0000] {taskinstance.py:1380} INFO - Executing <Task(BashOperator): run_spark_script> on 2025-05-20 14:34:53.018792+00:00
[2025-05-20T14:34:55.287+0000] {standard_task_runner.py:57} INFO - Started process 1209 to run task
[2025-05-20T14:34:55.291+0000] {standard_task_runner.py:84} INFO - Running: ['***', 'tasks', 'run', 'start_kafka_spark', 'run_spark_script', 'manual__2025-05-20T14:34:53.018792+00:00', '--job-id', '34', '--raw', '--subdir', 'DAGS_FOLDER/streaming_lance.py', '--cfg-path', '/tmp/tmplnd5umh3']
[2025-05-20T14:34:55.296+0000] {standard_task_runner.py:85} INFO - Job 34: Subtask run_spark_script
[2025-05-20T14:34:55.384+0000] {task_command.py:415} INFO - Running <TaskInstance: start_kafka_spark.run_spark_script manual__2025-05-20T14:34:53.018792+00:00 [running]> on host 6bb1f84c11d3
[2025-05-20T14:34:55.573+0000] {taskinstance.py:1660} INFO - Exporting env vars: AIRFLOW_CTX_DAG_OWNER='***' AIRFLOW_CTX_DAG_ID='start_kafka_spark' AIRFLOW_CTX_TASK_ID='run_spark_script' AIRFLOW_CTX_EXECUTION_DATE='2025-05-20T14:34:53.018792+00:00' AIRFLOW_CTX_TRY_NUMBER='1' AIRFLOW_CTX_DAG_RUN_ID='manual__2025-05-20T14:34:53.018792+00:00'
[2025-05-20T14:34:55.579+0000] {subprocess.py:63} INFO - Tmp dir root location: /tmp
[2025-05-20T14:34:55.584+0000] {subprocess.py:75} INFO - Running command: ['/bin/bash', '-c', '\n        docker exec gold_price_project-spark-1 spark-submit --packages org.apache.spark:spark-sql-kafka-0-10_2.12:3.5.1 /scripts/gold_price_streaming.py\n    ']
[2025-05-20T14:34:55.623+0000] {subprocess.py:86} INFO - Output:
[2025-05-20T14:34:59.354+0000] {subprocess.py:93} INFO - :: loading settings :: url = jar:file:/opt/spark/jars/ivy-2.5.1.jar!/org/apache/ivy/core/settings/ivysettings.xml
[2025-05-20T14:34:59.581+0000] {subprocess.py:93} INFO - Ivy Default Cache set to: /root/.ivy2/cache
[2025-05-20T14:34:59.583+0000] {subprocess.py:93} INFO - The jars for the packages stored in: /root/.ivy2/jars
[2025-05-20T14:34:59.592+0000] {subprocess.py:93} INFO - org.apache.spark#spark-sql-kafka-0-10_2.12 added as a dependency
[2025-05-20T14:34:59.595+0000] {subprocess.py:93} INFO - :: resolving dependencies :: org.apache.spark#spark-submit-parent-1c0ae5b2-ad6c-4fce-97b5-51b8d28c1589;1.0
[2025-05-20T14:34:59.596+0000] {subprocess.py:93} INFO - 	confs: [default]
[2025-05-20T14:35:00.037+0000] {subprocess.py:93} INFO - 	found org.apache.spark#spark-sql-kafka-0-10_2.12;3.5.1 in central
[2025-05-20T14:35:00.164+0000] {subprocess.py:93} INFO - 	found org.apache.spark#spark-token-provider-kafka-0-10_2.12;3.5.1 in central
[2025-05-20T14:35:00.219+0000] {subprocess.py:93} INFO - 	found org.apache.kafka#kafka-clients;3.4.1 in central
[2025-05-20T14:35:00.267+0000] {subprocess.py:93} INFO - 	found org.lz4#lz4-java;1.8.0 in central
[2025-05-20T14:35:00.329+0000] {subprocess.py:93} INFO - 	found org.xerial.snappy#snappy-java;1.1.10.3 in central
[2025-05-20T14:35:00.377+0000] {subprocess.py:93} INFO - 	found org.slf4j#slf4j-api;2.0.7 in central
[2025-05-20T14:35:00.443+0000] {subprocess.py:93} INFO - 	found org.apache.hadoop#hadoop-client-runtime;3.3.4 in central
[2025-05-20T14:35:00.496+0000] {subprocess.py:93} INFO - 	found org.apache.hadoop#hadoop-client-api;3.3.4 in central
[2025-05-20T14:35:00.532+0000] {subprocess.py:93} INFO - 	found commons-logging#commons-logging;1.1.3 in central
[2025-05-20T14:35:00.555+0000] {subprocess.py:93} INFO - 	found com.google.code.findbugs#jsr305;3.0.0 in central
[2025-05-20T14:35:00.578+0000] {subprocess.py:93} INFO - 	found org.apache.commons#commons-pool2;2.11.1 in central
[2025-05-20T14:35:00.631+0000] {subprocess.py:93} INFO - :: resolution report :: resolve 1004ms :: artifacts dl 32ms
[2025-05-20T14:35:00.632+0000] {subprocess.py:93} INFO - 	:: modules in use:
[2025-05-20T14:35:00.634+0000] {subprocess.py:93} INFO - 	com.google.code.findbugs#jsr305;3.0.0 from central in [default]
[2025-05-20T14:35:00.641+0000] {subprocess.py:93} INFO - 	commons-logging#commons-logging;1.1.3 from central in [default]
[2025-05-20T14:35:00.643+0000] {subprocess.py:93} INFO - 	org.apache.commons#commons-pool2;2.11.1 from central in [default]
[2025-05-20T14:35:00.644+0000] {subprocess.py:93} INFO - 	org.apache.hadoop#hadoop-client-api;3.3.4 from central in [default]
[2025-05-20T14:35:00.645+0000] {subprocess.py:93} INFO - 	org.apache.hadoop#hadoop-client-runtime;3.3.4 from central in [default]
[2025-05-20T14:35:00.646+0000] {subprocess.py:93} INFO - 	org.apache.kafka#kafka-clients;3.4.1 from central in [default]
[2025-05-20T14:35:00.647+0000] {subprocess.py:93} INFO - 	org.apache.spark#spark-sql-kafka-0-10_2.12;3.5.1 from central in [default]
[2025-05-20T14:35:00.648+0000] {subprocess.py:93} INFO - 	org.apache.spark#spark-token-provider-kafka-0-10_2.12;3.5.1 from central in [default]
[2025-05-20T14:35:00.648+0000] {subprocess.py:93} INFO - 	org.lz4#lz4-java;1.8.0 from central in [default]
[2025-05-20T14:35:00.649+0000] {subprocess.py:93} INFO - 	org.slf4j#slf4j-api;2.0.7 from central in [default]
[2025-05-20T14:35:00.650+0000] {subprocess.py:93} INFO - 	org.xerial.snappy#snappy-java;1.1.10.3 from central in [default]
[2025-05-20T14:35:00.650+0000] {subprocess.py:93} INFO - 	---------------------------------------------------------------------
[2025-05-20T14:35:00.656+0000] {subprocess.py:93} INFO - 	|                  |            modules            ||   artifacts   |
[2025-05-20T14:35:00.660+0000] {subprocess.py:93} INFO - 	|       conf       | number| search|dwnlded|evicted|| number|dwnlded|
[2025-05-20T14:35:00.661+0000] {subprocess.py:93} INFO - 	---------------------------------------------------------------------
[2025-05-20T14:35:00.662+0000] {subprocess.py:93} INFO - 	|      default     |   11  |   0   |   0   |   0   ||   11  |   0   |
[2025-05-20T14:35:00.663+0000] {subprocess.py:93} INFO - 	---------------------------------------------------------------------
[2025-05-20T14:35:00.670+0000] {subprocess.py:93} INFO - :: retrieving :: org.apache.spark#spark-submit-parent-1c0ae5b2-ad6c-4fce-97b5-51b8d28c1589
[2025-05-20T14:35:00.672+0000] {subprocess.py:93} INFO - 	confs: [default]
[2025-05-20T14:35:00.690+0000] {subprocess.py:93} INFO - 	0 artifacts copied, 11 already retrieved (0kB/18ms)
[2025-05-20T14:35:01.146+0000] {subprocess.py:93} INFO - 25/05/20 14:35:01 WARN NativeCodeLoader: Unable to load native-hadoop library for your platform... using builtin-java classes where applicable
[2025-05-20T14:35:02.789+0000] {subprocess.py:93} INFO - 25/05/20 14:35:02 INFO SparkContext: Running Spark version 3.5.1
[2025-05-20T14:35:02.790+0000] {subprocess.py:93} INFO - 25/05/20 14:35:02 INFO SparkContext: OS info Linux, 5.15.167.4-microsoft-standard-WSL2, amd64
[2025-05-20T14:35:02.790+0000] {subprocess.py:93} INFO - 25/05/20 14:35:02 INFO SparkContext: Java version 11.0.22
[2025-05-20T14:35:02.820+0000] {subprocess.py:93} INFO - 25/05/20 14:35:02 INFO ResourceUtils: ==============================================================
[2025-05-20T14:35:02.821+0000] {subprocess.py:93} INFO - 25/05/20 14:35:02 INFO ResourceUtils: No custom resources configured for spark.driver.
[2025-05-20T14:35:02.822+0000] {subprocess.py:93} INFO - 25/05/20 14:35:02 INFO ResourceUtils: ==============================================================
[2025-05-20T14:35:02.823+0000] {subprocess.py:93} INFO - 25/05/20 14:35:02 INFO SparkContext: Submitted application: GoldPriceStreaming
[2025-05-20T14:35:02.868+0000] {subprocess.py:93} INFO - 25/05/20 14:35:02 INFO ResourceProfile: Default ResourceProfile created, executor resources: Map(cores -> name: cores, amount: 1, script: , vendor: , memory -> name: memory, amount: 1024, script: , vendor: , offHeap -> name: offHeap, amount: 0, script: , vendor: ), task resources: Map(cpus -> name: cpus, amount: 1.0)
[2025-05-20T14:35:02.902+0000] {subprocess.py:93} INFO - 25/05/20 14:35:02 INFO ResourceProfile: Limiting resource is cpu
[2025-05-20T14:35:02.903+0000] {subprocess.py:93} INFO - 25/05/20 14:35:02 INFO ResourceProfileManager: Added ResourceProfile id: 0
[2025-05-20T14:35:03.016+0000] {subprocess.py:93} INFO - 25/05/20 14:35:03 INFO SecurityManager: Changing view acls to: root
[2025-05-20T14:35:03.017+0000] {subprocess.py:93} INFO - 25/05/20 14:35:03 INFO SecurityManager: Changing modify acls to: root
[2025-05-20T14:35:03.018+0000] {subprocess.py:93} INFO - 25/05/20 14:35:03 INFO SecurityManager: Changing view acls groups to:
[2025-05-20T14:35:03.019+0000] {subprocess.py:93} INFO - 25/05/20 14:35:03 INFO SecurityManager: Changing modify acls groups to:
[2025-05-20T14:35:03.020+0000] {subprocess.py:93} INFO - 25/05/20 14:35:03 INFO SecurityManager: SecurityManager: authentication disabled; ui acls disabled; users with view permissions: root; groups with view permissions: EMPTY; users with modify permissions: root; groups with modify permissions: EMPTY
[2025-05-20T14:35:03.536+0000] {subprocess.py:93} INFO - 25/05/20 14:35:03 INFO Utils: Successfully started service 'sparkDriver' on port 42273.
[2025-05-20T14:35:03.606+0000] {subprocess.py:93} INFO - 25/05/20 14:35:03 INFO SparkEnv: Registering MapOutputTracker
[2025-05-20T14:35:03.667+0000] {subprocess.py:93} INFO - 25/05/20 14:35:03 INFO SparkEnv: Registering BlockManagerMaster
[2025-05-20T14:35:03.696+0000] {subprocess.py:93} INFO - 25/05/20 14:35:03 INFO BlockManagerMasterEndpoint: Using org.apache.spark.storage.DefaultTopologyMapper for getting topology information
[2025-05-20T14:35:03.698+0000] {subprocess.py:93} INFO - 25/05/20 14:35:03 INFO BlockManagerMasterEndpoint: BlockManagerMasterEndpoint up
[2025-05-20T14:35:03.711+0000] {subprocess.py:93} INFO - 25/05/20 14:35:03 INFO SparkEnv: Registering BlockManagerMasterHeartbeat
[2025-05-20T14:35:03.754+0000] {subprocess.py:93} INFO - 25/05/20 14:35:03 INFO DiskBlockManager: Created local directory at /tmp/blockmgr-4fce0ca5-20e6-4bbd-b012-a5913aca9b9c
[2025-05-20T14:35:03.782+0000] {subprocess.py:93} INFO - 25/05/20 14:35:03 INFO MemoryStore: MemoryStore started with capacity 434.4 MiB
[2025-05-20T14:35:03.820+0000] {subprocess.py:93} INFO - 25/05/20 14:35:03 INFO SparkEnv: Registering OutputCommitCoordinator
[2025-05-20T14:35:04.065+0000] {subprocess.py:93} INFO - 25/05/20 14:35:04 INFO JettyUtils: Start Jetty 0.0.0.0:4040 for SparkUI
[2025-05-20T14:35:04.202+0000] {subprocess.py:93} INFO - 25/05/20 14:35:04 INFO Utils: Successfully started service 'SparkUI' on port 4040.
[2025-05-20T14:35:04.307+0000] {subprocess.py:93} INFO - 25/05/20 14:35:04 INFO SparkContext: Added JAR file:///root/.ivy2/jars/org.apache.spark_spark-sql-kafka-0-10_2.12-3.5.1.jar at spark://f1dad95963cc:42273/jars/org.apache.spark_spark-sql-kafka-0-10_2.12-3.5.1.jar with timestamp 1747751702774
[2025-05-20T14:35:04.309+0000] {subprocess.py:93} INFO - 25/05/20 14:35:04 INFO SparkContext: Added JAR file:///root/.ivy2/jars/org.apache.spark_spark-token-provider-kafka-0-10_2.12-3.5.1.jar at spark://f1dad95963cc:42273/jars/org.apache.spark_spark-token-provider-kafka-0-10_2.12-3.5.1.jar with timestamp 1747751702774
[2025-05-20T14:35:04.310+0000] {subprocess.py:93} INFO - 25/05/20 14:35:04 INFO SparkContext: Added JAR file:///root/.ivy2/jars/org.apache.kafka_kafka-clients-3.4.1.jar at spark://f1dad95963cc:42273/jars/org.apache.kafka_kafka-clients-3.4.1.jar with timestamp 1747751702774
[2025-05-20T14:35:04.311+0000] {subprocess.py:93} INFO - 25/05/20 14:35:04 INFO SparkContext: Added JAR file:///root/.ivy2/jars/com.google.code.findbugs_jsr305-3.0.0.jar at spark://f1dad95963cc:42273/jars/com.google.code.findbugs_jsr305-3.0.0.jar with timestamp 1747751702774
[2025-05-20T14:35:04.312+0000] {subprocess.py:93} INFO - 25/05/20 14:35:04 INFO SparkContext: Added JAR file:///root/.ivy2/jars/org.apache.commons_commons-pool2-2.11.1.jar at spark://f1dad95963cc:42273/jars/org.apache.commons_commons-pool2-2.11.1.jar with timestamp 1747751702774
[2025-05-20T14:35:04.312+0000] {subprocess.py:93} INFO - 25/05/20 14:35:04 INFO SparkContext: Added JAR file:///root/.ivy2/jars/org.apache.hadoop_hadoop-client-runtime-3.3.4.jar at spark://f1dad95963cc:42273/jars/org.apache.hadoop_hadoop-client-runtime-3.3.4.jar with timestamp 1747751702774
[2025-05-20T14:35:04.313+0000] {subprocess.py:93} INFO - 25/05/20 14:35:04 INFO SparkContext: Added JAR file:///root/.ivy2/jars/org.lz4_lz4-java-1.8.0.jar at spark://f1dad95963cc:42273/jars/org.lz4_lz4-java-1.8.0.jar with timestamp 1747751702774
[2025-05-20T14:35:04.314+0000] {subprocess.py:93} INFO - 25/05/20 14:35:04 INFO SparkContext: Added JAR file:///root/.ivy2/jars/org.xerial.snappy_snappy-java-1.1.10.3.jar at spark://f1dad95963cc:42273/jars/org.xerial.snappy_snappy-java-1.1.10.3.jar with timestamp 1747751702774
[2025-05-20T14:35:04.315+0000] {subprocess.py:93} INFO - 25/05/20 14:35:04 INFO SparkContext: Added JAR file:///root/.ivy2/jars/org.slf4j_slf4j-api-2.0.7.jar at spark://f1dad95963cc:42273/jars/org.slf4j_slf4j-api-2.0.7.jar with timestamp 1747751702774
[2025-05-20T14:35:04.315+0000] {subprocess.py:93} INFO - 25/05/20 14:35:04 INFO SparkContext: Added JAR file:///root/.ivy2/jars/org.apache.hadoop_hadoop-client-api-3.3.4.jar at spark://f1dad95963cc:42273/jars/org.apache.hadoop_hadoop-client-api-3.3.4.jar with timestamp 1747751702774
[2025-05-20T14:35:04.316+0000] {subprocess.py:93} INFO - 25/05/20 14:35:04 INFO SparkContext: Added JAR file:///root/.ivy2/jars/commons-logging_commons-logging-1.1.3.jar at spark://f1dad95963cc:42273/jars/commons-logging_commons-logging-1.1.3.jar with timestamp 1747751702774
[2025-05-20T14:35:04.317+0000] {subprocess.py:93} INFO - 25/05/20 14:35:04 INFO SparkContext: Added file file:///root/.ivy2/jars/org.apache.spark_spark-sql-kafka-0-10_2.12-3.5.1.jar at file:///root/.ivy2/jars/org.apache.spark_spark-sql-kafka-0-10_2.12-3.5.1.jar with timestamp 1747751702774
[2025-05-20T14:35:04.321+0000] {subprocess.py:93} INFO - 25/05/20 14:35:04 INFO Utils: Copying /root/.ivy2/jars/org.apache.spark_spark-sql-kafka-0-10_2.12-3.5.1.jar to /tmp/spark-10a1dbbe-14b1-410f-a4e5-efe2fb8c1c73/userFiles-b6decc22-0a7f-4871-a79a-fb4c8b141976/org.apache.spark_spark-sql-kafka-0-10_2.12-3.5.1.jar
[2025-05-20T14:35:04.342+0000] {subprocess.py:93} INFO - 25/05/20 14:35:04 INFO SparkContext: Added file file:///root/.ivy2/jars/org.apache.spark_spark-token-provider-kafka-0-10_2.12-3.5.1.jar at file:///root/.ivy2/jars/org.apache.spark_spark-token-provider-kafka-0-10_2.12-3.5.1.jar with timestamp 1747751702774
[2025-05-20T14:35:04.343+0000] {subprocess.py:93} INFO - 25/05/20 14:35:04 INFO Utils: Copying /root/.ivy2/jars/org.apache.spark_spark-token-provider-kafka-0-10_2.12-3.5.1.jar to /tmp/spark-10a1dbbe-14b1-410f-a4e5-efe2fb8c1c73/userFiles-b6decc22-0a7f-4871-a79a-fb4c8b141976/org.apache.spark_spark-token-provider-kafka-0-10_2.12-3.5.1.jar
[2025-05-20T14:35:04.351+0000] {subprocess.py:93} INFO - 25/05/20 14:35:04 INFO SparkContext: Added file file:///root/.ivy2/jars/org.apache.kafka_kafka-clients-3.4.1.jar at file:///root/.ivy2/jars/org.apache.kafka_kafka-clients-3.4.1.jar with timestamp 1747751702774
[2025-05-20T14:35:04.352+0000] {subprocess.py:93} INFO - 25/05/20 14:35:04 INFO Utils: Copying /root/.ivy2/jars/org.apache.kafka_kafka-clients-3.4.1.jar to /tmp/spark-10a1dbbe-14b1-410f-a4e5-efe2fb8c1c73/userFiles-b6decc22-0a7f-4871-a79a-fb4c8b141976/org.apache.kafka_kafka-clients-3.4.1.jar
[2025-05-20T14:35:04.417+0000] {subprocess.py:93} INFO - 25/05/20 14:35:04 INFO SparkContext: Added file file:///root/.ivy2/jars/com.google.code.findbugs_jsr305-3.0.0.jar at file:///root/.ivy2/jars/com.google.code.findbugs_jsr305-3.0.0.jar with timestamp 1747751702774
[2025-05-20T14:35:04.417+0000] {subprocess.py:93} INFO - 25/05/20 14:35:04 INFO Utils: Copying /root/.ivy2/jars/com.google.code.findbugs_jsr305-3.0.0.jar to /tmp/spark-10a1dbbe-14b1-410f-a4e5-efe2fb8c1c73/userFiles-b6decc22-0a7f-4871-a79a-fb4c8b141976/com.google.code.findbugs_jsr305-3.0.0.jar
[2025-05-20T14:35:04.425+0000] {subprocess.py:93} INFO - 25/05/20 14:35:04 INFO SparkContext: Added file file:///root/.ivy2/jars/org.apache.commons_commons-pool2-2.11.1.jar at file:///root/.ivy2/jars/org.apache.commons_commons-pool2-2.11.1.jar with timestamp 1747751702774
[2025-05-20T14:35:04.426+0000] {subprocess.py:93} INFO - 25/05/20 14:35:04 INFO Utils: Copying /root/.ivy2/jars/org.apache.commons_commons-pool2-2.11.1.jar to /tmp/spark-10a1dbbe-14b1-410f-a4e5-efe2fb8c1c73/userFiles-b6decc22-0a7f-4871-a79a-fb4c8b141976/org.apache.commons_commons-pool2-2.11.1.jar
[2025-05-20T14:35:04.435+0000] {subprocess.py:93} INFO - 25/05/20 14:35:04 INFO SparkContext: Added file file:///root/.ivy2/jars/org.apache.hadoop_hadoop-client-runtime-3.3.4.jar at file:///root/.ivy2/jars/org.apache.hadoop_hadoop-client-runtime-3.3.4.jar with timestamp 1747751702774
[2025-05-20T14:35:04.436+0000] {subprocess.py:93} INFO - 25/05/20 14:35:04 INFO Utils: Copying /root/.ivy2/jars/org.apache.hadoop_hadoop-client-runtime-3.3.4.jar to /tmp/spark-10a1dbbe-14b1-410f-a4e5-efe2fb8c1c73/userFiles-b6decc22-0a7f-4871-a79a-fb4c8b141976/org.apache.hadoop_hadoop-client-runtime-3.3.4.jar
[2025-05-20T14:35:04.664+0000] {subprocess.py:93} INFO - 25/05/20 14:35:04 INFO SparkContext: Added file file:///root/.ivy2/jars/org.lz4_lz4-java-1.8.0.jar at file:///root/.ivy2/jars/org.lz4_lz4-java-1.8.0.jar with timestamp 1747751702774
[2025-05-20T14:35:04.665+0000] {subprocess.py:93} INFO - 25/05/20 14:35:04 INFO Utils: Copying /root/.ivy2/jars/org.lz4_lz4-java-1.8.0.jar to /tmp/spark-10a1dbbe-14b1-410f-a4e5-efe2fb8c1c73/userFiles-b6decc22-0a7f-4871-a79a-fb4c8b141976/org.lz4_lz4-java-1.8.0.jar
[2025-05-20T14:35:04.672+0000] {subprocess.py:93} INFO - 25/05/20 14:35:04 INFO SparkContext: Added file file:///root/.ivy2/jars/org.xerial.snappy_snappy-java-1.1.10.3.jar at file:///root/.ivy2/jars/org.xerial.snappy_snappy-java-1.1.10.3.jar with timestamp 1747751702774
[2025-05-20T14:35:04.673+0000] {subprocess.py:93} INFO - 25/05/20 14:35:04 INFO Utils: Copying /root/.ivy2/jars/org.xerial.snappy_snappy-java-1.1.10.3.jar to /tmp/spark-10a1dbbe-14b1-410f-a4e5-efe2fb8c1c73/userFiles-b6decc22-0a7f-4871-a79a-fb4c8b141976/org.xerial.snappy_snappy-java-1.1.10.3.jar
[2025-05-20T14:35:04.688+0000] {subprocess.py:93} INFO - 25/05/20 14:35:04 INFO SparkContext: Added file file:///root/.ivy2/jars/org.slf4j_slf4j-api-2.0.7.jar at file:///root/.ivy2/jars/org.slf4j_slf4j-api-2.0.7.jar with timestamp 1747751702774
[2025-05-20T14:35:04.688+0000] {subprocess.py:93} INFO - 25/05/20 14:35:04 INFO Utils: Copying /root/.ivy2/jars/org.slf4j_slf4j-api-2.0.7.jar to /tmp/spark-10a1dbbe-14b1-410f-a4e5-efe2fb8c1c73/userFiles-b6decc22-0a7f-4871-a79a-fb4c8b141976/org.slf4j_slf4j-api-2.0.7.jar
[2025-05-20T14:35:04.694+0000] {subprocess.py:93} INFO - 25/05/20 14:35:04 INFO SparkContext: Added file file:///root/.ivy2/jars/org.apache.hadoop_hadoop-client-api-3.3.4.jar at file:///root/.ivy2/jars/org.apache.hadoop_hadoop-client-api-3.3.4.jar with timestamp 1747751702774
[2025-05-20T14:35:04.695+0000] {subprocess.py:93} INFO - 25/05/20 14:35:04 INFO Utils: Copying /root/.ivy2/jars/org.apache.hadoop_hadoop-client-api-3.3.4.jar to /tmp/spark-10a1dbbe-14b1-410f-a4e5-efe2fb8c1c73/userFiles-b6decc22-0a7f-4871-a79a-fb4c8b141976/org.apache.hadoop_hadoop-client-api-3.3.4.jar
[2025-05-20T14:35:04.814+0000] {subprocess.py:93} INFO - 25/05/20 14:35:04 INFO SparkContext: Added file file:///root/.ivy2/jars/commons-logging_commons-logging-1.1.3.jar at file:///root/.ivy2/jars/commons-logging_commons-logging-1.1.3.jar with timestamp 1747751702774
[2025-05-20T14:35:04.815+0000] {subprocess.py:93} INFO - 25/05/20 14:35:04 INFO Utils: Copying /root/.ivy2/jars/commons-logging_commons-logging-1.1.3.jar to /tmp/spark-10a1dbbe-14b1-410f-a4e5-efe2fb8c1c73/userFiles-b6decc22-0a7f-4871-a79a-fb4c8b141976/commons-logging_commons-logging-1.1.3.jar
[2025-05-20T14:35:04.926+0000] {subprocess.py:93} INFO - 25/05/20 14:35:04 INFO Executor: Starting executor ID driver on host f1dad95963cc
[2025-05-20T14:35:04.927+0000] {subprocess.py:93} INFO - 25/05/20 14:35:04 INFO Executor: OS info Linux, 5.15.167.4-microsoft-standard-WSL2, amd64
[2025-05-20T14:35:04.928+0000] {subprocess.py:93} INFO - 25/05/20 14:35:04 INFO Executor: Java version 11.0.22
[2025-05-20T14:35:04.939+0000] {subprocess.py:93} INFO - 25/05/20 14:35:04 INFO Executor: Starting executor with user classpath (userClassPathFirst = false): ''
[2025-05-20T14:35:04.940+0000] {subprocess.py:93} INFO - 25/05/20 14:35:04 INFO Executor: Created or updated repl class loader org.apache.spark.util.MutableURLClassLoader@6baa5c8e for default.
[2025-05-20T14:35:04.960+0000] {subprocess.py:93} INFO - 25/05/20 14:35:04 INFO Executor: Fetching file:///root/.ivy2/jars/org.apache.hadoop_hadoop-client-api-3.3.4.jar with timestamp 1747751702774
[2025-05-20T14:35:05.013+0000] {subprocess.py:93} INFO - 25/05/20 14:35:05 INFO Utils: /root/.ivy2/jars/org.apache.hadoop_hadoop-client-api-3.3.4.jar has been previously copied to /tmp/spark-10a1dbbe-14b1-410f-a4e5-efe2fb8c1c73/userFiles-b6decc22-0a7f-4871-a79a-fb4c8b141976/org.apache.hadoop_hadoop-client-api-3.3.4.jar
[2025-05-20T14:35:05.020+0000] {subprocess.py:93} INFO - 25/05/20 14:35:05 INFO Executor: Fetching file:///root/.ivy2/jars/com.google.code.findbugs_jsr305-3.0.0.jar with timestamp 1747751702774
[2025-05-20T14:35:05.021+0000] {subprocess.py:93} INFO - 25/05/20 14:35:05 INFO Utils: /root/.ivy2/jars/com.google.code.findbugs_jsr305-3.0.0.jar has been previously copied to /tmp/spark-10a1dbbe-14b1-410f-a4e5-efe2fb8c1c73/userFiles-b6decc22-0a7f-4871-a79a-fb4c8b141976/com.google.code.findbugs_jsr305-3.0.0.jar
[2025-05-20T14:35:05.027+0000] {subprocess.py:93} INFO - 25/05/20 14:35:05 INFO Executor: Fetching file:///root/.ivy2/jars/org.apache.hadoop_hadoop-client-runtime-3.3.4.jar with timestamp 1747751702774
[2025-05-20T14:35:05.051+0000] {subprocess.py:93} INFO - 25/05/20 14:35:05 INFO Utils: /root/.ivy2/jars/org.apache.hadoop_hadoop-client-runtime-3.3.4.jar has been previously copied to /tmp/spark-10a1dbbe-14b1-410f-a4e5-efe2fb8c1c73/userFiles-b6decc22-0a7f-4871-a79a-fb4c8b141976/org.apache.hadoop_hadoop-client-runtime-3.3.4.jar
[2025-05-20T14:35:05.055+0000] {subprocess.py:93} INFO - 25/05/20 14:35:05 INFO Executor: Fetching file:///root/.ivy2/jars/org.xerial.snappy_snappy-java-1.1.10.3.jar with timestamp 1747751702774
[2025-05-20T14:35:05.059+0000] {subprocess.py:93} INFO - 25/05/20 14:35:05 INFO Utils: /root/.ivy2/jars/org.xerial.snappy_snappy-java-1.1.10.3.jar has been previously copied to /tmp/spark-10a1dbbe-14b1-410f-a4e5-efe2fb8c1c73/userFiles-b6decc22-0a7f-4871-a79a-fb4c8b141976/org.xerial.snappy_snappy-java-1.1.10.3.jar
[2025-05-20T14:35:05.063+0000] {subprocess.py:93} INFO - 25/05/20 14:35:05 INFO Executor: Fetching file:///root/.ivy2/jars/org.slf4j_slf4j-api-2.0.7.jar with timestamp 1747751702774
[2025-05-20T14:35:05.064+0000] {subprocess.py:93} INFO - 25/05/20 14:35:05 INFO Utils: /root/.ivy2/jars/org.slf4j_slf4j-api-2.0.7.jar has been previously copied to /tmp/spark-10a1dbbe-14b1-410f-a4e5-efe2fb8c1c73/userFiles-b6decc22-0a7f-4871-a79a-fb4c8b141976/org.slf4j_slf4j-api-2.0.7.jar
[2025-05-20T14:35:05.071+0000] {subprocess.py:93} INFO - 25/05/20 14:35:05 INFO Executor: Fetching file:///root/.ivy2/jars/org.apache.commons_commons-pool2-2.11.1.jar with timestamp 1747751702774
[2025-05-20T14:35:05.072+0000] {subprocess.py:93} INFO - 25/05/20 14:35:05 INFO Utils: /root/.ivy2/jars/org.apache.commons_commons-pool2-2.11.1.jar has been previously copied to /tmp/spark-10a1dbbe-14b1-410f-a4e5-efe2fb8c1c73/userFiles-b6decc22-0a7f-4871-a79a-fb4c8b141976/org.apache.commons_commons-pool2-2.11.1.jar
[2025-05-20T14:35:05.076+0000] {subprocess.py:93} INFO - 25/05/20 14:35:05 INFO Executor: Fetching file:///root/.ivy2/jars/org.apache.spark_spark-sql-kafka-0-10_2.12-3.5.1.jar with timestamp 1747751702774
[2025-05-20T14:35:05.077+0000] {subprocess.py:93} INFO - 25/05/20 14:35:05 INFO Utils: /root/.ivy2/jars/org.apache.spark_spark-sql-kafka-0-10_2.12-3.5.1.jar has been previously copied to /tmp/spark-10a1dbbe-14b1-410f-a4e5-efe2fb8c1c73/userFiles-b6decc22-0a7f-4871-a79a-fb4c8b141976/org.apache.spark_spark-sql-kafka-0-10_2.12-3.5.1.jar
[2025-05-20T14:35:05.086+0000] {subprocess.py:93} INFO - 25/05/20 14:35:05 INFO Executor: Fetching file:///root/.ivy2/jars/commons-logging_commons-logging-1.1.3.jar with timestamp 1747751702774
[2025-05-20T14:35:05.087+0000] {subprocess.py:93} INFO - 25/05/20 14:35:05 INFO Utils: /root/.ivy2/jars/commons-logging_commons-logging-1.1.3.jar has been previously copied to /tmp/spark-10a1dbbe-14b1-410f-a4e5-efe2fb8c1c73/userFiles-b6decc22-0a7f-4871-a79a-fb4c8b141976/commons-logging_commons-logging-1.1.3.jar
[2025-05-20T14:35:05.094+0000] {subprocess.py:93} INFO - 25/05/20 14:35:05 INFO Executor: Fetching file:///root/.ivy2/jars/org.lz4_lz4-java-1.8.0.jar with timestamp 1747751702774
[2025-05-20T14:35:05.095+0000] {subprocess.py:93} INFO - 25/05/20 14:35:05 INFO Utils: /root/.ivy2/jars/org.lz4_lz4-java-1.8.0.jar has been previously copied to /tmp/spark-10a1dbbe-14b1-410f-a4e5-efe2fb8c1c73/userFiles-b6decc22-0a7f-4871-a79a-fb4c8b141976/org.lz4_lz4-java-1.8.0.jar
[2025-05-20T14:35:05.101+0000] {subprocess.py:93} INFO - 25/05/20 14:35:05 INFO Executor: Fetching file:///root/.ivy2/jars/org.apache.kafka_kafka-clients-3.4.1.jar with timestamp 1747751702774
[2025-05-20T14:35:05.107+0000] {subprocess.py:93} INFO - 25/05/20 14:35:05 INFO Utils: /root/.ivy2/jars/org.apache.kafka_kafka-clients-3.4.1.jar has been previously copied to /tmp/spark-10a1dbbe-14b1-410f-a4e5-efe2fb8c1c73/userFiles-b6decc22-0a7f-4871-a79a-fb4c8b141976/org.apache.kafka_kafka-clients-3.4.1.jar
[2025-05-20T14:35:05.113+0000] {subprocess.py:93} INFO - 25/05/20 14:35:05 INFO Executor: Fetching file:///root/.ivy2/jars/org.apache.spark_spark-token-provider-kafka-0-10_2.12-3.5.1.jar with timestamp 1747751702774
[2025-05-20T14:35:05.114+0000] {subprocess.py:93} INFO - 25/05/20 14:35:05 INFO Utils: /root/.ivy2/jars/org.apache.spark_spark-token-provider-kafka-0-10_2.12-3.5.1.jar has been previously copied to /tmp/spark-10a1dbbe-14b1-410f-a4e5-efe2fb8c1c73/userFiles-b6decc22-0a7f-4871-a79a-fb4c8b141976/org.apache.spark_spark-token-provider-kafka-0-10_2.12-3.5.1.jar
[2025-05-20T14:35:05.124+0000] {subprocess.py:93} INFO - 25/05/20 14:35:05 INFO Executor: Fetching spark://f1dad95963cc:42273/jars/commons-logging_commons-logging-1.1.3.jar with timestamp 1747751702774
[2025-05-20T14:35:05.181+0000] {subprocess.py:93} INFO - 25/05/20 14:35:05 INFO TransportClientFactory: Successfully created connection to f1dad95963cc/172.18.0.10:42273 after 39 ms (0 ms spent in bootstraps)
[2025-05-20T14:35:05.194+0000] {subprocess.py:93} INFO - 25/05/20 14:35:05 INFO Utils: Fetching spark://f1dad95963cc:42273/jars/commons-logging_commons-logging-1.1.3.jar to /tmp/spark-10a1dbbe-14b1-410f-a4e5-efe2fb8c1c73/userFiles-b6decc22-0a7f-4871-a79a-fb4c8b141976/fetchFileTemp8339101273271972823.tmp
[2025-05-20T14:35:05.316+0000] {subprocess.py:93} INFO - 25/05/20 14:35:05 INFO Utils: /tmp/spark-10a1dbbe-14b1-410f-a4e5-efe2fb8c1c73/userFiles-b6decc22-0a7f-4871-a79a-fb4c8b141976/fetchFileTemp8339101273271972823.tmp has been previously copied to /tmp/spark-10a1dbbe-14b1-410f-a4e5-efe2fb8c1c73/userFiles-b6decc22-0a7f-4871-a79a-fb4c8b141976/commons-logging_commons-logging-1.1.3.jar
[2025-05-20T14:35:05.323+0000] {subprocess.py:93} INFO - 25/05/20 14:35:05 INFO Executor: Adding file:/tmp/spark-10a1dbbe-14b1-410f-a4e5-efe2fb8c1c73/userFiles-b6decc22-0a7f-4871-a79a-fb4c8b141976/commons-logging_commons-logging-1.1.3.jar to class loader default
[2025-05-20T14:35:05.324+0000] {subprocess.py:93} INFO - 25/05/20 14:35:05 INFO Executor: Fetching spark://f1dad95963cc:42273/jars/org.apache.hadoop_hadoop-client-runtime-3.3.4.jar with timestamp 1747751702774
[2025-05-20T14:35:05.325+0000] {subprocess.py:93} INFO - 25/05/20 14:35:05 INFO Utils: Fetching spark://f1dad95963cc:42273/jars/org.apache.hadoop_hadoop-client-runtime-3.3.4.jar to /tmp/spark-10a1dbbe-14b1-410f-a4e5-efe2fb8c1c73/userFiles-b6decc22-0a7f-4871-a79a-fb4c8b141976/fetchFileTemp976111846593502666.tmp
[2025-05-20T14:35:05.655+0000] {subprocess.py:93} INFO - 25/05/20 14:35:05 INFO Utils: /tmp/spark-10a1dbbe-14b1-410f-a4e5-efe2fb8c1c73/userFiles-b6decc22-0a7f-4871-a79a-fb4c8b141976/fetchFileTemp976111846593502666.tmp has been previously copied to /tmp/spark-10a1dbbe-14b1-410f-a4e5-efe2fb8c1c73/userFiles-b6decc22-0a7f-4871-a79a-fb4c8b141976/org.apache.hadoop_hadoop-client-runtime-3.3.4.jar
[2025-05-20T14:35:05.664+0000] {subprocess.py:93} INFO - 25/05/20 14:35:05 INFO Executor: Adding file:/tmp/spark-10a1dbbe-14b1-410f-a4e5-efe2fb8c1c73/userFiles-b6decc22-0a7f-4871-a79a-fb4c8b141976/org.apache.hadoop_hadoop-client-runtime-3.3.4.jar to class loader default
[2025-05-20T14:35:05.665+0000] {subprocess.py:93} INFO - 25/05/20 14:35:05 INFO Executor: Fetching spark://f1dad95963cc:42273/jars/org.apache.commons_commons-pool2-2.11.1.jar with timestamp 1747751702774
[2025-05-20T14:35:05.666+0000] {subprocess.py:93} INFO - 25/05/20 14:35:05 INFO Utils: Fetching spark://f1dad95963cc:42273/jars/org.apache.commons_commons-pool2-2.11.1.jar to /tmp/spark-10a1dbbe-14b1-410f-a4e5-efe2fb8c1c73/userFiles-b6decc22-0a7f-4871-a79a-fb4c8b141976/fetchFileTemp5562332590529579592.tmp
[2025-05-20T14:35:05.670+0000] {subprocess.py:93} INFO - 25/05/20 14:35:05 INFO Utils: /tmp/spark-10a1dbbe-14b1-410f-a4e5-efe2fb8c1c73/userFiles-b6decc22-0a7f-4871-a79a-fb4c8b141976/fetchFileTemp5562332590529579592.tmp has been previously copied to /tmp/spark-10a1dbbe-14b1-410f-a4e5-efe2fb8c1c73/userFiles-b6decc22-0a7f-4871-a79a-fb4c8b141976/org.apache.commons_commons-pool2-2.11.1.jar
[2025-05-20T14:35:05.676+0000] {subprocess.py:93} INFO - 25/05/20 14:35:05 INFO Executor: Adding file:/tmp/spark-10a1dbbe-14b1-410f-a4e5-efe2fb8c1c73/userFiles-b6decc22-0a7f-4871-a79a-fb4c8b141976/org.apache.commons_commons-pool2-2.11.1.jar to class loader default
[2025-05-20T14:35:05.677+0000] {subprocess.py:93} INFO - 25/05/20 14:35:05 INFO Executor: Fetching spark://f1dad95963cc:42273/jars/org.slf4j_slf4j-api-2.0.7.jar with timestamp 1747751702774
[2025-05-20T14:35:05.678+0000] {subprocess.py:93} INFO - 25/05/20 14:35:05 INFO Utils: Fetching spark://f1dad95963cc:42273/jars/org.slf4j_slf4j-api-2.0.7.jar to /tmp/spark-10a1dbbe-14b1-410f-a4e5-efe2fb8c1c73/userFiles-b6decc22-0a7f-4871-a79a-fb4c8b141976/fetchFileTemp8530204851351283679.tmp
[2025-05-20T14:35:05.680+0000] {subprocess.py:93} INFO - 25/05/20 14:35:05 INFO Utils: /tmp/spark-10a1dbbe-14b1-410f-a4e5-efe2fb8c1c73/userFiles-b6decc22-0a7f-4871-a79a-fb4c8b141976/fetchFileTemp8530204851351283679.tmp has been previously copied to /tmp/spark-10a1dbbe-14b1-410f-a4e5-efe2fb8c1c73/userFiles-b6decc22-0a7f-4871-a79a-fb4c8b141976/org.slf4j_slf4j-api-2.0.7.jar
[2025-05-20T14:35:05.685+0000] {subprocess.py:93} INFO - 25/05/20 14:35:05 INFO Executor: Adding file:/tmp/spark-10a1dbbe-14b1-410f-a4e5-efe2fb8c1c73/userFiles-b6decc22-0a7f-4871-a79a-fb4c8b141976/org.slf4j_slf4j-api-2.0.7.jar to class loader default
[2025-05-20T14:35:05.687+0000] {subprocess.py:93} INFO - 25/05/20 14:35:05 INFO Executor: Fetching spark://f1dad95963cc:42273/jars/org.xerial.snappy_snappy-java-1.1.10.3.jar with timestamp 1747751702774
[2025-05-20T14:35:05.687+0000] {subprocess.py:93} INFO - 25/05/20 14:35:05 INFO Utils: Fetching spark://f1dad95963cc:42273/jars/org.xerial.snappy_snappy-java-1.1.10.3.jar to /tmp/spark-10a1dbbe-14b1-410f-a4e5-efe2fb8c1c73/userFiles-b6decc22-0a7f-4871-a79a-fb4c8b141976/fetchFileTemp17104603765680620428.tmp
[2025-05-20T14:35:05.706+0000] {subprocess.py:93} INFO - 25/05/20 14:35:05 INFO Utils: /tmp/spark-10a1dbbe-14b1-410f-a4e5-efe2fb8c1c73/userFiles-b6decc22-0a7f-4871-a79a-fb4c8b141976/fetchFileTemp17104603765680620428.tmp has been previously copied to /tmp/spark-10a1dbbe-14b1-410f-a4e5-efe2fb8c1c73/userFiles-b6decc22-0a7f-4871-a79a-fb4c8b141976/org.xerial.snappy_snappy-java-1.1.10.3.jar
[2025-05-20T14:35:05.713+0000] {subprocess.py:93} INFO - 25/05/20 14:35:05 INFO Executor: Adding file:/tmp/spark-10a1dbbe-14b1-410f-a4e5-efe2fb8c1c73/userFiles-b6decc22-0a7f-4871-a79a-fb4c8b141976/org.xerial.snappy_snappy-java-1.1.10.3.jar to class loader default
[2025-05-20T14:35:05.714+0000] {subprocess.py:93} INFO - 25/05/20 14:35:05 INFO Executor: Fetching spark://f1dad95963cc:42273/jars/org.apache.kafka_kafka-clients-3.4.1.jar with timestamp 1747751702774
[2025-05-20T14:35:05.715+0000] {subprocess.py:93} INFO - 25/05/20 14:35:05 INFO Utils: Fetching spark://f1dad95963cc:42273/jars/org.apache.kafka_kafka-clients-3.4.1.jar to /tmp/spark-10a1dbbe-14b1-410f-a4e5-efe2fb8c1c73/userFiles-b6decc22-0a7f-4871-a79a-fb4c8b141976/fetchFileTemp1248627730766800268.tmp
[2025-05-20T14:35:05.750+0000] {subprocess.py:93} INFO - 25/05/20 14:35:05 INFO Utils: /tmp/spark-10a1dbbe-14b1-410f-a4e5-efe2fb8c1c73/userFiles-b6decc22-0a7f-4871-a79a-fb4c8b141976/fetchFileTemp1248627730766800268.tmp has been previously copied to /tmp/spark-10a1dbbe-14b1-410f-a4e5-efe2fb8c1c73/userFiles-b6decc22-0a7f-4871-a79a-fb4c8b141976/org.apache.kafka_kafka-clients-3.4.1.jar
[2025-05-20T14:35:05.756+0000] {subprocess.py:93} INFO - 25/05/20 14:35:05 INFO Executor: Adding file:/tmp/spark-10a1dbbe-14b1-410f-a4e5-efe2fb8c1c73/userFiles-b6decc22-0a7f-4871-a79a-fb4c8b141976/org.apache.kafka_kafka-clients-3.4.1.jar to class loader default
[2025-05-20T14:35:05.757+0000] {subprocess.py:93} INFO - 25/05/20 14:35:05 INFO Executor: Fetching spark://f1dad95963cc:42273/jars/org.lz4_lz4-java-1.8.0.jar with timestamp 1747751702774
[2025-05-20T14:35:05.758+0000] {subprocess.py:93} INFO - 25/05/20 14:35:05 INFO Utils: Fetching spark://f1dad95963cc:42273/jars/org.lz4_lz4-java-1.8.0.jar to /tmp/spark-10a1dbbe-14b1-410f-a4e5-efe2fb8c1c73/userFiles-b6decc22-0a7f-4871-a79a-fb4c8b141976/fetchFileTemp11799615055786423551.tmp
[2025-05-20T14:35:05.762+0000] {subprocess.py:93} INFO - 25/05/20 14:35:05 INFO Utils: /tmp/spark-10a1dbbe-14b1-410f-a4e5-efe2fb8c1c73/userFiles-b6decc22-0a7f-4871-a79a-fb4c8b141976/fetchFileTemp11799615055786423551.tmp has been previously copied to /tmp/spark-10a1dbbe-14b1-410f-a4e5-efe2fb8c1c73/userFiles-b6decc22-0a7f-4871-a79a-fb4c8b141976/org.lz4_lz4-java-1.8.0.jar
[2025-05-20T14:35:05.767+0000] {subprocess.py:93} INFO - 25/05/20 14:35:05 INFO Executor: Adding file:/tmp/spark-10a1dbbe-14b1-410f-a4e5-efe2fb8c1c73/userFiles-b6decc22-0a7f-4871-a79a-fb4c8b141976/org.lz4_lz4-java-1.8.0.jar to class loader default
[2025-05-20T14:35:05.768+0000] {subprocess.py:93} INFO - 25/05/20 14:35:05 INFO Executor: Fetching spark://f1dad95963cc:42273/jars/org.apache.hadoop_hadoop-client-api-3.3.4.jar with timestamp 1747751702774
[2025-05-20T14:35:05.769+0000] {subprocess.py:93} INFO - 25/05/20 14:35:05 INFO Utils: Fetching spark://f1dad95963cc:42273/jars/org.apache.hadoop_hadoop-client-api-3.3.4.jar to /tmp/spark-10a1dbbe-14b1-410f-a4e5-efe2fb8c1c73/userFiles-b6decc22-0a7f-4871-a79a-fb4c8b141976/fetchFileTemp1149125942801682714.tmp
[2025-05-20T14:35:05.858+0000] {subprocess.py:93} INFO - 25/05/20 14:35:05 INFO Utils: /tmp/spark-10a1dbbe-14b1-410f-a4e5-efe2fb8c1c73/userFiles-b6decc22-0a7f-4871-a79a-fb4c8b141976/fetchFileTemp1149125942801682714.tmp has been previously copied to /tmp/spark-10a1dbbe-14b1-410f-a4e5-efe2fb8c1c73/userFiles-b6decc22-0a7f-4871-a79a-fb4c8b141976/org.apache.hadoop_hadoop-client-api-3.3.4.jar
[2025-05-20T14:35:05.874+0000] {subprocess.py:93} INFO - 25/05/20 14:35:05 INFO Executor: Adding file:/tmp/spark-10a1dbbe-14b1-410f-a4e5-efe2fb8c1c73/userFiles-b6decc22-0a7f-4871-a79a-fb4c8b141976/org.apache.hadoop_hadoop-client-api-3.3.4.jar to class loader default
[2025-05-20T14:35:05.875+0000] {subprocess.py:93} INFO - 25/05/20 14:35:05 INFO Executor: Fetching spark://f1dad95963cc:42273/jars/org.apache.spark_spark-sql-kafka-0-10_2.12-3.5.1.jar with timestamp 1747751702774
[2025-05-20T14:35:05.876+0000] {subprocess.py:93} INFO - 25/05/20 14:35:05 INFO Utils: Fetching spark://f1dad95963cc:42273/jars/org.apache.spark_spark-sql-kafka-0-10_2.12-3.5.1.jar to /tmp/spark-10a1dbbe-14b1-410f-a4e5-efe2fb8c1c73/userFiles-b6decc22-0a7f-4871-a79a-fb4c8b141976/fetchFileTemp4950928209861914385.tmp
[2025-05-20T14:35:05.882+0000] {subprocess.py:93} INFO - 25/05/20 14:35:05 INFO Utils: /tmp/spark-10a1dbbe-14b1-410f-a4e5-efe2fb8c1c73/userFiles-b6decc22-0a7f-4871-a79a-fb4c8b141976/fetchFileTemp4950928209861914385.tmp has been previously copied to /tmp/spark-10a1dbbe-14b1-410f-a4e5-efe2fb8c1c73/userFiles-b6decc22-0a7f-4871-a79a-fb4c8b141976/org.apache.spark_spark-sql-kafka-0-10_2.12-3.5.1.jar
[2025-05-20T14:35:05.888+0000] {subprocess.py:93} INFO - 25/05/20 14:35:05 INFO Executor: Adding file:/tmp/spark-10a1dbbe-14b1-410f-a4e5-efe2fb8c1c73/userFiles-b6decc22-0a7f-4871-a79a-fb4c8b141976/org.apache.spark_spark-sql-kafka-0-10_2.12-3.5.1.jar to class loader default
[2025-05-20T14:35:05.890+0000] {subprocess.py:93} INFO - 25/05/20 14:35:05 INFO Executor: Fetching spark://f1dad95963cc:42273/jars/com.google.code.findbugs_jsr305-3.0.0.jar with timestamp 1747751702774
[2025-05-20T14:35:05.890+0000] {subprocess.py:93} INFO - 25/05/20 14:35:05 INFO Utils: Fetching spark://f1dad95963cc:42273/jars/com.google.code.findbugs_jsr305-3.0.0.jar to /tmp/spark-10a1dbbe-14b1-410f-a4e5-efe2fb8c1c73/userFiles-b6decc22-0a7f-4871-a79a-fb4c8b141976/fetchFileTemp17969476326213681034.tmp
[2025-05-20T14:35:05.893+0000] {subprocess.py:93} INFO - 25/05/20 14:35:05 INFO Utils: /tmp/spark-10a1dbbe-14b1-410f-a4e5-efe2fb8c1c73/userFiles-b6decc22-0a7f-4871-a79a-fb4c8b141976/fetchFileTemp17969476326213681034.tmp has been previously copied to /tmp/spark-10a1dbbe-14b1-410f-a4e5-efe2fb8c1c73/userFiles-b6decc22-0a7f-4871-a79a-fb4c8b141976/com.google.code.findbugs_jsr305-3.0.0.jar
[2025-05-20T14:35:05.900+0000] {subprocess.py:93} INFO - 25/05/20 14:35:05 INFO Executor: Adding file:/tmp/spark-10a1dbbe-14b1-410f-a4e5-efe2fb8c1c73/userFiles-b6decc22-0a7f-4871-a79a-fb4c8b141976/com.google.code.findbugs_jsr305-3.0.0.jar to class loader default
[2025-05-20T14:35:05.901+0000] {subprocess.py:93} INFO - 25/05/20 14:35:05 INFO Executor: Fetching spark://f1dad95963cc:42273/jars/org.apache.spark_spark-token-provider-kafka-0-10_2.12-3.5.1.jar with timestamp 1747751702774
[2025-05-20T14:35:05.902+0000] {subprocess.py:93} INFO - 25/05/20 14:35:05 INFO Utils: Fetching spark://f1dad95963cc:42273/jars/org.apache.spark_spark-token-provider-kafka-0-10_2.12-3.5.1.jar to /tmp/spark-10a1dbbe-14b1-410f-a4e5-efe2fb8c1c73/userFiles-b6decc22-0a7f-4871-a79a-fb4c8b141976/fetchFileTemp11172879924403476614.tmp
[2025-05-20T14:35:05.905+0000] {subprocess.py:93} INFO - 25/05/20 14:35:05 INFO Utils: /tmp/spark-10a1dbbe-14b1-410f-a4e5-efe2fb8c1c73/userFiles-b6decc22-0a7f-4871-a79a-fb4c8b141976/fetchFileTemp11172879924403476614.tmp has been previously copied to /tmp/spark-10a1dbbe-14b1-410f-a4e5-efe2fb8c1c73/userFiles-b6decc22-0a7f-4871-a79a-fb4c8b141976/org.apache.spark_spark-token-provider-kafka-0-10_2.12-3.5.1.jar
[2025-05-20T14:35:05.909+0000] {subprocess.py:93} INFO - 25/05/20 14:35:05 INFO Executor: Adding file:/tmp/spark-10a1dbbe-14b1-410f-a4e5-efe2fb8c1c73/userFiles-b6decc22-0a7f-4871-a79a-fb4c8b141976/org.apache.spark_spark-token-provider-kafka-0-10_2.12-3.5.1.jar to class loader default
[2025-05-20T14:35:05.926+0000] {subprocess.py:93} INFO - 25/05/20 14:35:05 INFO Utils: Successfully started service 'org.apache.spark.network.netty.NettyBlockTransferService' on port 40341.
[2025-05-20T14:35:05.926+0000] {subprocess.py:93} INFO - 25/05/20 14:35:05 INFO NettyBlockTransferService: Server created on f1dad95963cc:40341
[2025-05-20T14:35:05.930+0000] {subprocess.py:93} INFO - 25/05/20 14:35:05 INFO BlockManager: Using org.apache.spark.storage.RandomBlockReplicationPolicy for block replication policy
[2025-05-20T14:35:05.937+0000] {subprocess.py:93} INFO - 25/05/20 14:35:05 INFO BlockManagerMaster: Registering BlockManager BlockManagerId(driver, f1dad95963cc, 40341, None)
[2025-05-20T14:35:05.943+0000] {subprocess.py:93} INFO - 25/05/20 14:35:05 INFO BlockManagerMasterEndpoint: Registering block manager f1dad95963cc:40341 with 434.4 MiB RAM, BlockManagerId(driver, f1dad95963cc, 40341, None)
[2025-05-20T14:35:05.948+0000] {subprocess.py:93} INFO - 25/05/20 14:35:05 INFO BlockManagerMaster: Registered BlockManager BlockManagerId(driver, f1dad95963cc, 40341, None)
[2025-05-20T14:35:05.949+0000] {subprocess.py:93} INFO - 25/05/20 14:35:05 INFO BlockManager: Initialized BlockManager: BlockManagerId(driver, f1dad95963cc, 40341, None)
[2025-05-20T14:35:06.689+0000] {subprocess.py:93} INFO - 25/05/20 14:35:06 INFO SharedState: Setting hive.metastore.warehouse.dir ('null') to the value of spark.sql.warehouse.dir.
[2025-05-20T14:35:06.692+0000] {subprocess.py:93} INFO - 25/05/20 14:35:06 INFO SharedState: Warehouse path is 'file:/opt/spark-apps/spark-warehouse'.
[2025-05-20T14:35:11.039+0000] {subprocess.py:93} INFO - 25/05/20 14:35:11 INFO StateStoreCoordinatorRef: Registered StateStoreCoordinator endpoint
[2025-05-20T14:35:11.087+0000] {subprocess.py:93} INFO - 25/05/20 14:35:11 INFO ResolveWriteToStream: Checkpoint root hdfs://namenode:9000/gold_price/checkpoints resolved to hdfs://namenode:9000/gold_price/checkpoints.
[2025-05-20T14:35:11.088+0000] {subprocess.py:93} INFO - 25/05/20 14:35:11 WARN ResolveWriteToStream: spark.sql.adaptive.enabled is not supported in streaming DataFrames/Datasets and will be disabled.
[2025-05-20T14:35:11.491+0000] {subprocess.py:93} INFO - 25/05/20 14:35:11 INFO MicroBatchExecution: Starting [id = 471d967c-db99-4f07-a177-5ee18893ca60, runId = 6cf5033c-8af4-4d69-9faf-5ef693fab4cd]. Use hdfs://namenode:9000/gold_price/checkpoints to store the query checkpoint.
[2025-05-20T14:35:11.518+0000] {subprocess.py:93} INFO - 25/05/20 14:35:11 INFO MicroBatchExecution: Reading table [org.apache.spark.sql.kafka010.KafkaSourceProvider$KafkaTable@1c8046be] from DataSourceV2 named 'kafka' [org.apache.spark.sql.kafka010.KafkaSourceProvider@374ad865]
[2025-05-20T14:35:11.613+0000] {subprocess.py:93} INFO - 25/05/20 14:35:11 INFO OffsetSeqLog: BatchIds found from listing: 0, 1, 2, 3, 4, 5, 6, 7, 8, 9, 10, 11, 12, 13, 14, 15, 16, 17, 18, 19, 20, 21, 22, 23, 24, 25, 26, 27, 28, 29, 30, 31, 32, 33, 34, 35, 36, 37, 38, 39, 40, 41, 42, 43, 44, 45, 46, 47, 48, 49, 50, 51, 52, 53, 54, 55, 56, 57, 58, 59, 60, 61, 62, 63, 64, 65, 66, 67, 68, 69, 70
[2025-05-20T14:35:11.638+0000] {subprocess.py:93} INFO - 25/05/20 14:35:11 INFO OffsetSeqLog: Getting latest batch 70
[2025-05-20T14:35:11.704+0000] {subprocess.py:93} INFO - 25/05/20 14:35:11 INFO OffsetSeqLog: BatchIds found from listing: 0, 1, 2, 3, 4, 5, 6, 7, 8, 9, 10, 11, 12, 13, 14, 15, 16, 17, 18, 19, 20, 21, 22, 23, 24, 25, 26, 27, 28, 29, 30, 31, 32, 33, 34, 35, 36, 37, 38, 39, 40, 41, 42, 43, 44, 45, 46, 47, 48, 49, 50, 51, 52, 53, 54, 55, 56, 57, 58, 59, 60, 61, 62, 63, 64, 65, 66, 67, 68, 69, 70
[2025-05-20T14:35:11.705+0000] {subprocess.py:93} INFO - 25/05/20 14:35:11 INFO OffsetSeqLog: Getting latest batch 70
[2025-05-20T14:35:11.742+0000] {subprocess.py:93} INFO - 25/05/20 14:35:11 INFO CommitLog: BatchIds found from listing: 0, 1, 2, 3, 4, 5, 6, 7, 8, 9, 10, 11, 12, 13, 14, 15, 16, 17, 18, 19, 20, 21, 22, 23, 24, 25, 26, 27, 28, 29, 30, 31, 32, 33, 34, 35, 36, 37, 38, 39, 40, 41, 42, 43, 44, 45, 46, 47, 48, 49, 50, 51, 52, 53, 54, 55, 56, 57, 58, 59, 60, 61, 62, 63, 64, 65, 66, 67, 68, 69, 70
[2025-05-20T14:35:11.743+0000] {subprocess.py:93} INFO - 25/05/20 14:35:11 INFO CommitLog: Getting latest batch 70
[2025-05-20T14:35:11.760+0000] {subprocess.py:93} INFO - 25/05/20 14:35:11 INFO MicroBatchExecution: Resuming at batch 71 with committed offsets {KafkaV2[Subscribe[gold-price]]: {"gold-price":{"0":71}}} and available offsets {KafkaV2[Subscribe[gold-price]]: {"gold-price":{"0":71}}}
[2025-05-20T14:35:11.761+0000] {subprocess.py:93} INFO - 25/05/20 14:35:11 INFO MicroBatchExecution: Stream started from {KafkaV2[Subscribe[gold-price]]: {"gold-price":{"0":71}}}
[2025-05-20T14:35:11.821+0000] {subprocess.py:93} INFO - 25/05/20 14:35:11 INFO AdminClientConfig: AdminClientConfig values:
[2025-05-20T14:35:11.822+0000] {subprocess.py:93} INFO - 	auto.include.jmx.reporter = true
[2025-05-20T14:35:11.822+0000] {subprocess.py:93} INFO - 	bootstrap.servers = [kafka:9092]
[2025-05-20T14:35:11.823+0000] {subprocess.py:93} INFO - 	client.dns.lookup = use_all_dns_ips
[2025-05-20T14:35:11.824+0000] {subprocess.py:93} INFO - 	client.id =
[2025-05-20T14:35:11.824+0000] {subprocess.py:93} INFO - 	connections.max.idle.ms = 300000
[2025-05-20T14:35:11.825+0000] {subprocess.py:93} INFO - 	default.api.timeout.ms = 60000
[2025-05-20T14:35:11.825+0000] {subprocess.py:93} INFO - 	metadata.max.age.ms = 300000
[2025-05-20T14:35:11.826+0000] {subprocess.py:93} INFO - 	metric.reporters = []
[2025-05-20T14:35:11.826+0000] {subprocess.py:93} INFO - 	metrics.num.samples = 2
[2025-05-20T14:35:11.826+0000] {subprocess.py:93} INFO - 	metrics.recording.level = INFO
[2025-05-20T14:35:11.827+0000] {subprocess.py:93} INFO - 	metrics.sample.window.ms = 30000
[2025-05-20T14:35:11.827+0000] {subprocess.py:93} INFO - 	receive.buffer.bytes = 65536
[2025-05-20T14:35:11.828+0000] {subprocess.py:93} INFO - 	reconnect.backoff.max.ms = 1000
[2025-05-20T14:35:11.828+0000] {subprocess.py:93} INFO - 	reconnect.backoff.ms = 50
[2025-05-20T14:35:11.828+0000] {subprocess.py:93} INFO - 	request.timeout.ms = 30000
[2025-05-20T14:35:11.829+0000] {subprocess.py:93} INFO - 	retries = 2147483647
[2025-05-20T14:35:11.829+0000] {subprocess.py:93} INFO - 	retry.backoff.ms = 100
[2025-05-20T14:35:11.829+0000] {subprocess.py:93} INFO - 	sasl.client.callback.handler.class = null
[2025-05-20T14:35:11.830+0000] {subprocess.py:93} INFO - 	sasl.jaas.config = null
[2025-05-20T14:35:11.830+0000] {subprocess.py:93} INFO - 	sasl.kerberos.kinit.cmd = /usr/bin/kinit
[2025-05-20T14:35:11.830+0000] {subprocess.py:93} INFO - 	sasl.kerberos.min.time.before.relogin = 60000
[2025-05-20T14:35:11.831+0000] {subprocess.py:93} INFO - 	sasl.kerberos.service.name = null
[2025-05-20T14:35:11.831+0000] {subprocess.py:93} INFO - 	sasl.kerberos.ticket.renew.jitter = 0.05
[2025-05-20T14:35:11.831+0000] {subprocess.py:93} INFO - 	sasl.kerberos.ticket.renew.window.factor = 0.8
[2025-05-20T14:35:11.831+0000] {subprocess.py:93} INFO - 	sasl.login.callback.handler.class = null
[2025-05-20T14:35:11.832+0000] {subprocess.py:93} INFO - 	sasl.login.class = null
[2025-05-20T14:35:11.832+0000] {subprocess.py:93} INFO - 	sasl.login.connect.timeout.ms = null
[2025-05-20T14:35:11.832+0000] {subprocess.py:93} INFO - 	sasl.login.read.timeout.ms = null
[2025-05-20T14:35:11.833+0000] {subprocess.py:93} INFO - 	sasl.login.refresh.buffer.seconds = 300
[2025-05-20T14:35:11.833+0000] {subprocess.py:93} INFO - 	sasl.login.refresh.min.period.seconds = 60
[2025-05-20T14:35:11.833+0000] {subprocess.py:93} INFO - 	sasl.login.refresh.window.factor = 0.8
[2025-05-20T14:35:11.834+0000] {subprocess.py:93} INFO - 	sasl.login.refresh.window.jitter = 0.05
[2025-05-20T14:35:11.834+0000] {subprocess.py:93} INFO - 	sasl.login.retry.backoff.max.ms = 10000
[2025-05-20T14:35:11.834+0000] {subprocess.py:93} INFO - 	sasl.login.retry.backoff.ms = 100
[2025-05-20T14:35:11.834+0000] {subprocess.py:93} INFO - 	sasl.mechanism = GSSAPI
[2025-05-20T14:35:11.835+0000] {subprocess.py:93} INFO - 	sasl.oauthbearer.clock.skew.seconds = 30
[2025-05-20T14:35:11.835+0000] {subprocess.py:93} INFO - 	sasl.oauthbearer.expected.audience = null
[2025-05-20T14:35:11.835+0000] {subprocess.py:93} INFO - 	sasl.oauthbearer.expected.issuer = null
[2025-05-20T14:35:11.836+0000] {subprocess.py:93} INFO - 	sasl.oauthbearer.jwks.endpoint.refresh.ms = 3600000
[2025-05-20T14:35:11.836+0000] {subprocess.py:93} INFO - 	sasl.oauthbearer.jwks.endpoint.retry.backoff.max.ms = 10000
[2025-05-20T14:35:11.836+0000] {subprocess.py:93} INFO - 	sasl.oauthbearer.jwks.endpoint.retry.backoff.ms = 100
[2025-05-20T14:35:11.836+0000] {subprocess.py:93} INFO - 	sasl.oauthbearer.jwks.endpoint.url = null
[2025-05-20T14:35:11.837+0000] {subprocess.py:93} INFO - 	sasl.oauthbearer.scope.claim.name = scope
[2025-05-20T14:35:11.837+0000] {subprocess.py:93} INFO - 	sasl.oauthbearer.sub.claim.name = sub
[2025-05-20T14:35:11.837+0000] {subprocess.py:93} INFO - 	sasl.oauthbearer.token.endpoint.url = null
[2025-05-20T14:35:11.837+0000] {subprocess.py:93} INFO - 	security.protocol = PLAINTEXT
[2025-05-20T14:35:11.838+0000] {subprocess.py:93} INFO - 	security.providers = null
[2025-05-20T14:35:11.838+0000] {subprocess.py:93} INFO - 	send.buffer.bytes = 131072
[2025-05-20T14:35:11.838+0000] {subprocess.py:93} INFO - 	socket.connection.setup.timeout.max.ms = 30000
[2025-05-20T14:35:11.839+0000] {subprocess.py:93} INFO - 	socket.connection.setup.timeout.ms = 10000
[2025-05-20T14:35:11.839+0000] {subprocess.py:93} INFO - 	ssl.cipher.suites = null
[2025-05-20T14:35:11.840+0000] {subprocess.py:93} INFO - 	ssl.enabled.protocols = [TLSv1.2, TLSv1.3]
[2025-05-20T14:35:11.840+0000] {subprocess.py:93} INFO - 	ssl.endpoint.identification.algorithm = https
[2025-05-20T14:35:11.840+0000] {subprocess.py:93} INFO - 	ssl.engine.factory.class = null
[2025-05-20T14:35:11.841+0000] {subprocess.py:93} INFO - 	ssl.key.password = null
[2025-05-20T14:35:11.841+0000] {subprocess.py:93} INFO - 	ssl.keymanager.algorithm = SunX509
[2025-05-20T14:35:11.842+0000] {subprocess.py:93} INFO - 	ssl.keystore.certificate.chain = null
[2025-05-20T14:35:11.842+0000] {subprocess.py:93} INFO - 	ssl.keystore.key = null
[2025-05-20T14:35:11.842+0000] {subprocess.py:93} INFO - 	ssl.keystore.location = null
[2025-05-20T14:35:11.843+0000] {subprocess.py:93} INFO - 	ssl.keystore.password = null
[2025-05-20T14:35:11.843+0000] {subprocess.py:93} INFO - 	ssl.keystore.type = JKS
[2025-05-20T14:35:11.843+0000] {subprocess.py:93} INFO - 	ssl.protocol = TLSv1.3
[2025-05-20T14:35:11.844+0000] {subprocess.py:93} INFO - 	ssl.provider = null
[2025-05-20T14:35:11.844+0000] {subprocess.py:93} INFO - 	ssl.secure.random.implementation = null
[2025-05-20T14:35:11.844+0000] {subprocess.py:93} INFO - 	ssl.trustmanager.algorithm = PKIX
[2025-05-20T14:35:11.845+0000] {subprocess.py:93} INFO - 	ssl.truststore.certificates = null
[2025-05-20T14:35:11.845+0000] {subprocess.py:93} INFO - 	ssl.truststore.location = null
[2025-05-20T14:35:11.845+0000] {subprocess.py:93} INFO - 	ssl.truststore.password = null
[2025-05-20T14:35:11.846+0000] {subprocess.py:93} INFO - 	ssl.truststore.type = JKS
[2025-05-20T14:35:11.846+0000] {subprocess.py:93} INFO - 
[2025-05-20T14:35:11.934+0000] {subprocess.py:93} INFO - 25/05/20 14:35:11 WARN AdminClientConfig: These configurations '[key.deserializer, value.deserializer, enable.auto.commit, max.poll.records, auto.offset.reset]' were supplied but are not used yet.
[2025-05-20T14:35:11.938+0000] {subprocess.py:93} INFO - 25/05/20 14:35:11 INFO AppInfoParser: Kafka version: 3.4.1
[2025-05-20T14:35:11.939+0000] {subprocess.py:93} INFO - 25/05/20 14:35:11 INFO AppInfoParser: Kafka commitId: 8a516edc2755df89
[2025-05-20T14:35:11.941+0000] {subprocess.py:93} INFO - 25/05/20 14:35:11 INFO AppInfoParser: Kafka startTimeMs: 1747751711933
[2025-05-20T14:35:12.536+0000] {subprocess.py:93} INFO - 25/05/20 14:35:12 WARN KafkaOffsetReaderAdmin: Found incorrect offsets in some partitions (partition, previous offset, fetched offset): ArrayBuffer((gold-price-0,71,41))
[2025-05-20T14:35:12.536+0000] {subprocess.py:93} INFO - 25/05/20 14:35:12 WARN KafkaOffsetReaderAdmin: Retrying to fetch latest offsets because of incorrect offsets
[2025-05-20T14:35:13.544+0000] {subprocess.py:93} INFO - 25/05/20 14:35:13 WARN KafkaOffsetReaderAdmin: Found incorrect offsets in some partitions (partition, previous offset, fetched offset): ArrayBuffer((gold-price-0,71,41))
[2025-05-20T14:35:13.545+0000] {subprocess.py:93} INFO - 25/05/20 14:35:13 WARN KafkaOffsetReaderAdmin: Retrying to fetch latest offsets because of incorrect offsets
[2025-05-20T14:35:14.550+0000] {subprocess.py:93} INFO - 25/05/20 14:35:14 WARN KafkaOffsetReaderAdmin: Found incorrect offsets in some partitions (partition, previous offset, fetched offset): ArrayBuffer((gold-price-0,71,41))
[2025-05-20T14:35:14.652+0000] {subprocess.py:93} INFO - 25/05/20 14:35:14 INFO CheckpointFileManager: Writing atomically to hdfs://namenode:9000/gold_price/checkpoints/offsets/71 using temp file hdfs://namenode:9000/gold_price/checkpoints/offsets/.71.6258f385-80eb-4f54-b540-c8bcbf69f3a8.tmp
[2025-05-20T14:35:15.287+0000] {subprocess.py:93} INFO - 25/05/20 14:35:15 INFO CheckpointFileManager: Renamed temp file hdfs://namenode:9000/gold_price/checkpoints/offsets/.71.6258f385-80eb-4f54-b540-c8bcbf69f3a8.tmp to hdfs://namenode:9000/gold_price/checkpoints/offsets/71
[2025-05-20T14:35:15.288+0000] {subprocess.py:93} INFO - 25/05/20 14:35:15 INFO MicroBatchExecution: Committed offsets for batch 71. Metadata OffsetSeqMetadata(0,1747751714554,Map(spark.sql.streaming.stateStore.providerClass -> org.apache.spark.sql.execution.streaming.state.HDFSBackedStateStoreProvider, spark.sql.streaming.join.stateFormatVersion -> 2, spark.sql.streaming.stateStore.compression.codec -> lz4, spark.sql.streaming.stateStore.rocksdb.formatVersion -> 5, spark.sql.streaming.statefulOperator.useStrictDistribution -> true, spark.sql.streaming.flatMapGroupsWithState.stateFormatVersion -> 2, spark.sql.streaming.multipleWatermarkPolicy -> min, spark.sql.streaming.aggregation.stateFormatVersion -> 2, spark.sql.shuffle.partitions -> 200))
[2025-05-20T14:35:16.033+0000] {subprocess.py:93} INFO - 25/05/20 14:35:16 INFO KafkaOffsetReaderAdmin: Partitions added: Map()
[2025-05-20T14:35:16.468+0000] {subprocess.py:93} INFO - 25/05/20 14:35:16 ERROR MicroBatchExecution: Query [id = 471d967c-db99-4f07-a177-5ee18893ca60, runId = 6cf5033c-8af4-4d69-9faf-5ef693fab4cd] terminated with error
[2025-05-20T14:35:16.470+0000] {subprocess.py:93} INFO - java.lang.IllegalStateException: Partition gold-price-0's offset was changed from 71 to 41, some data may have been missed.
[2025-05-20T14:35:16.471+0000] {subprocess.py:93} INFO - Some data may have been lost because they are not available in Kafka any more; either the
[2025-05-20T14:35:16.471+0000] {subprocess.py:93} INFO -  data was aged out by Kafka or the topic may have been deleted before all the data in the
[2025-05-20T14:35:16.472+0000] {subprocess.py:93} INFO -  topic was processed. If you don't want your streaming query to fail on such cases, set the
[2025-05-20T14:35:16.473+0000] {subprocess.py:93} INFO -  source option "failOnDataLoss" to "false".
[2025-05-20T14:35:16.473+0000] {subprocess.py:93} INFO - 
[2025-05-20T14:35:16.474+0000] {subprocess.py:93} INFO - 	at org.apache.spark.sql.kafka010.KafkaMicroBatchStream.reportDataLoss(KafkaMicroBatchStream.scala:309)
[2025-05-20T14:35:16.474+0000] {subprocess.py:93} INFO - 	at org.apache.spark.sql.kafka010.KafkaMicroBatchStream.$anonfun$planInputPartitions$1(KafkaMicroBatchStream.scala:201)
[2025-05-20T14:35:16.475+0000] {subprocess.py:93} INFO - 	at org.apache.spark.sql.kafka010.KafkaMicroBatchStream.$anonfun$planInputPartitions$1$adapted(KafkaMicroBatchStream.scala:201)
[2025-05-20T14:35:16.475+0000] {subprocess.py:93} INFO - 	at org.apache.spark.sql.kafka010.KafkaOffsetReaderAdmin.$anonfun$getOffsetRangesFromResolvedOffsets$6(KafkaOffsetReaderAdmin.scala:487)
[2025-05-20T14:35:16.476+0000] {subprocess.py:93} INFO - 	at scala.collection.TraversableLike.$anonfun$map$1(TraversableLike.scala:286)
[2025-05-20T14:35:16.476+0000] {subprocess.py:93} INFO - 	at scala.collection.Iterator.foreach(Iterator.scala:943)
[2025-05-20T14:35:16.477+0000] {subprocess.py:93} INFO - 	at scala.collection.Iterator.foreach$(Iterator.scala:943)
[2025-05-20T14:35:16.478+0000] {subprocess.py:93} INFO - 	at scala.collection.AbstractIterator.foreach(Iterator.scala:1431)
[2025-05-20T14:35:16.478+0000] {subprocess.py:93} INFO - 	at scala.collection.IterableLike.foreach(IterableLike.scala:74)
[2025-05-20T14:35:16.479+0000] {subprocess.py:93} INFO - 	at scala.collection.IterableLike.foreach$(IterableLike.scala:73)
[2025-05-20T14:35:16.479+0000] {subprocess.py:93} INFO - 	at scala.collection.AbstractIterable.foreach(Iterable.scala:56)
[2025-05-20T14:35:16.480+0000] {subprocess.py:93} INFO - 	at scala.collection.TraversableLike.map(TraversableLike.scala:286)
[2025-05-20T14:35:16.480+0000] {subprocess.py:93} INFO - 	at scala.collection.TraversableLike.map$(TraversableLike.scala:279)
[2025-05-20T14:35:16.481+0000] {subprocess.py:93} INFO - 	at scala.collection.AbstractTraversable.map(Traversable.scala:108)
[2025-05-20T14:35:16.481+0000] {subprocess.py:93} INFO - 	at org.apache.spark.sql.kafka010.KafkaOffsetReaderAdmin.getOffsetRangesFromResolvedOffsets(KafkaOffsetReaderAdmin.scala:482)
[2025-05-20T14:35:16.482+0000] {subprocess.py:93} INFO - 	at org.apache.spark.sql.kafka010.KafkaMicroBatchStream.planInputPartitions(KafkaMicroBatchStream.scala:201)
[2025-05-20T14:35:16.482+0000] {subprocess.py:93} INFO - 	at org.apache.spark.sql.execution.datasources.v2.MicroBatchScanExec.inputPartitions$lzycompute(MicroBatchScanExec.scala:46)
[2025-05-20T14:35:16.483+0000] {subprocess.py:93} INFO - 	at org.apache.spark.sql.execution.datasources.v2.MicroBatchScanExec.inputPartitions(MicroBatchScanExec.scala:46)
[2025-05-20T14:35:16.483+0000] {subprocess.py:93} INFO - 	at org.apache.spark.sql.execution.datasources.v2.DataSourceV2ScanExecBase.supportsColumnar(DataSourceV2ScanExecBase.scala:179)
[2025-05-20T14:35:16.484+0000] {subprocess.py:93} INFO - 	at org.apache.spark.sql.execution.datasources.v2.DataSourceV2ScanExecBase.supportsColumnar$(DataSourceV2ScanExecBase.scala:175)
[2025-05-20T14:35:16.484+0000] {subprocess.py:93} INFO - 	at org.apache.spark.sql.execution.datasources.v2.MicroBatchScanExec.supportsColumnar(MicroBatchScanExec.scala:29)
[2025-05-20T14:35:16.485+0000] {subprocess.py:93} INFO - 	at org.apache.spark.sql.execution.datasources.v2.DataSourceV2Strategy.apply(DataSourceV2Strategy.scala:157)
[2025-05-20T14:35:16.485+0000] {subprocess.py:93} INFO - 	at org.apache.spark.sql.catalyst.planning.QueryPlanner.$anonfun$plan$1(QueryPlanner.scala:63)
[2025-05-20T14:35:16.486+0000] {subprocess.py:93} INFO - 	at scala.collection.Iterator$$anon$11.nextCur(Iterator.scala:486)
[2025-05-20T14:35:16.486+0000] {subprocess.py:93} INFO - 	at scala.collection.Iterator$$anon$11.hasNext(Iterator.scala:492)
[2025-05-20T14:35:16.487+0000] {subprocess.py:93} INFO - 	at scala.collection.Iterator$$anon$11.hasNext(Iterator.scala:491)
[2025-05-20T14:35:16.488+0000] {subprocess.py:93} INFO - 	at org.apache.spark.sql.catalyst.planning.QueryPlanner.plan(QueryPlanner.scala:93)
[2025-05-20T14:35:16.488+0000] {subprocess.py:93} INFO - 	at org.apache.spark.sql.execution.SparkStrategies.plan(SparkStrategies.scala:70)
[2025-05-20T14:35:16.489+0000] {subprocess.py:93} INFO - 	at org.apache.spark.sql.catalyst.planning.QueryPlanner.$anonfun$plan$3(QueryPlanner.scala:78)
[2025-05-20T14:35:16.489+0000] {subprocess.py:93} INFO - 	at scala.collection.TraversableOnce$folder$1.apply(TraversableOnce.scala:196)
[2025-05-20T14:35:16.490+0000] {subprocess.py:93} INFO - 	at scala.collection.TraversableOnce$folder$1.apply(TraversableOnce.scala:194)
[2025-05-20T14:35:16.490+0000] {subprocess.py:93} INFO - 	at scala.collection.Iterator.foreach(Iterator.scala:943)
[2025-05-20T14:35:16.491+0000] {subprocess.py:93} INFO - 	at scala.collection.Iterator.foreach$(Iterator.scala:943)
[2025-05-20T14:35:16.491+0000] {subprocess.py:93} INFO - 	at scala.collection.AbstractIterator.foreach(Iterator.scala:1431)
[2025-05-20T14:35:16.492+0000] {subprocess.py:93} INFO - 	at scala.collection.TraversableOnce.foldLeft(TraversableOnce.scala:199)
[2025-05-20T14:35:16.492+0000] {subprocess.py:93} INFO - 	at scala.collection.TraversableOnce.foldLeft$(TraversableOnce.scala:192)
[2025-05-20T14:35:16.493+0000] {subprocess.py:93} INFO - 	at scala.collection.AbstractIterator.foldLeft(Iterator.scala:1431)
[2025-05-20T14:35:16.493+0000] {subprocess.py:93} INFO - 	at org.apache.spark.sql.catalyst.planning.QueryPlanner.$anonfun$plan$2(QueryPlanner.scala:75)
[2025-05-20T14:35:16.494+0000] {subprocess.py:93} INFO - 	at scala.collection.Iterator$$anon$11.nextCur(Iterator.scala:486)
[2025-05-20T14:35:16.495+0000] {subprocess.py:93} INFO - 	at scala.collection.Iterator$$anon$11.hasNext(Iterator.scala:492)
[2025-05-20T14:35:16.495+0000] {subprocess.py:93} INFO - 	at org.apache.spark.sql.catalyst.planning.QueryPlanner.plan(QueryPlanner.scala:93)
[2025-05-20T14:35:16.496+0000] {subprocess.py:93} INFO - 	at org.apache.spark.sql.execution.SparkStrategies.plan(SparkStrategies.scala:70)
[2025-05-20T14:35:16.496+0000] {subprocess.py:93} INFO - 	at org.apache.spark.sql.catalyst.planning.QueryPlanner.$anonfun$plan$3(QueryPlanner.scala:78)
[2025-05-20T14:35:16.497+0000] {subprocess.py:93} INFO - 	at scala.collection.TraversableOnce$folder$1.apply(TraversableOnce.scala:196)
[2025-05-20T14:35:16.497+0000] {subprocess.py:93} INFO - 	at scala.collection.TraversableOnce$folder$1.apply(TraversableOnce.scala:194)
[2025-05-20T14:35:16.498+0000] {subprocess.py:93} INFO - 	at scala.collection.Iterator.foreach(Iterator.scala:943)
[2025-05-20T14:35:16.498+0000] {subprocess.py:93} INFO - 	at scala.collection.Iterator.foreach$(Iterator.scala:943)
[2025-05-20T14:35:16.499+0000] {subprocess.py:93} INFO - 	at scala.collection.AbstractIterator.foreach(Iterator.scala:1431)
[2025-05-20T14:35:16.499+0000] {subprocess.py:93} INFO - 	at scala.collection.TraversableOnce.foldLeft(TraversableOnce.scala:199)
[2025-05-20T14:35:16.500+0000] {subprocess.py:93} INFO - 	at scala.collection.TraversableOnce.foldLeft$(TraversableOnce.scala:192)
[2025-05-20T14:35:16.500+0000] {subprocess.py:93} INFO - 	at scala.collection.AbstractIterator.foldLeft(Iterator.scala:1431)
[2025-05-20T14:35:16.501+0000] {subprocess.py:93} INFO - 	at org.apache.spark.sql.catalyst.planning.QueryPlanner.$anonfun$plan$2(QueryPlanner.scala:75)
[2025-05-20T14:35:16.501+0000] {subprocess.py:93} INFO - 	at scala.collection.Iterator$$anon$11.nextCur(Iterator.scala:486)
[2025-05-20T14:35:16.502+0000] {subprocess.py:93} INFO - 	at scala.collection.Iterator$$anon$11.hasNext(Iterator.scala:492)
[2025-05-20T14:35:16.503+0000] {subprocess.py:93} INFO - 	at org.apache.spark.sql.catalyst.planning.QueryPlanner.plan(QueryPlanner.scala:93)
[2025-05-20T14:35:16.503+0000] {subprocess.py:93} INFO - 	at org.apache.spark.sql.execution.SparkStrategies.plan(SparkStrategies.scala:70)
[2025-05-20T14:35:16.504+0000] {subprocess.py:93} INFO - 	at org.apache.spark.sql.execution.QueryExecution$.createSparkPlan(QueryExecution.scala:496)
[2025-05-20T14:35:16.504+0000] {subprocess.py:93} INFO - 	at org.apache.spark.sql.execution.QueryExecution.$anonfun$sparkPlan$1(QueryExecution.scala:171)
[2025-05-20T14:35:16.505+0000] {subprocess.py:93} INFO - 	at org.apache.spark.sql.catalyst.QueryPlanningTracker.measurePhase(QueryPlanningTracker.scala:138)
[2025-05-20T14:35:16.505+0000] {subprocess.py:93} INFO - 	at org.apache.spark.sql.execution.QueryExecution.$anonfun$executePhase$2(QueryExecution.scala:219)
[2025-05-20T14:35:16.506+0000] {subprocess.py:93} INFO - 	at org.apache.spark.sql.execution.QueryExecution$.withInternalError(QueryExecution.scala:546)
[2025-05-20T14:35:16.506+0000] {subprocess.py:93} INFO - 	at org.apache.spark.sql.execution.QueryExecution.$anonfun$executePhase$1(QueryExecution.scala:219)
[2025-05-20T14:35:16.507+0000] {subprocess.py:93} INFO - 	at org.apache.spark.sql.SparkSession.withActive(SparkSession.scala:900)
[2025-05-20T14:35:16.507+0000] {subprocess.py:93} INFO - 	at org.apache.spark.sql.execution.QueryExecution.executePhase(QueryExecution.scala:218)
[2025-05-20T14:35:16.508+0000] {subprocess.py:93} INFO - 	at org.apache.spark.sql.execution.QueryExecution.sparkPlan$lzycompute(QueryExecution.scala:171)
[2025-05-20T14:35:16.508+0000] {subprocess.py:93} INFO - 	at org.apache.spark.sql.execution.QueryExecution.sparkPlan(QueryExecution.scala:164)
[2025-05-20T14:35:16.509+0000] {subprocess.py:93} INFO - 	at org.apache.spark.sql.execution.QueryExecution.$anonfun$executedPlan$1(QueryExecution.scala:186)
[2025-05-20T14:35:16.509+0000] {subprocess.py:93} INFO - 	at org.apache.spark.sql.catalyst.QueryPlanningTracker.measurePhase(QueryPlanningTracker.scala:138)
[2025-05-20T14:35:16.509+0000] {subprocess.py:93} INFO - 	at org.apache.spark.sql.execution.QueryExecution.$anonfun$executePhase$2(QueryExecution.scala:219)
[2025-05-20T14:35:16.510+0000] {subprocess.py:93} INFO - 	at org.apache.spark.sql.execution.QueryExecution$.withInternalError(QueryExecution.scala:546)
[2025-05-20T14:35:16.510+0000] {subprocess.py:93} INFO - 	at org.apache.spark.sql.execution.QueryExecution.$anonfun$executePhase$1(QueryExecution.scala:219)
[2025-05-20T14:35:16.511+0000] {subprocess.py:93} INFO - 	at org.apache.spark.sql.SparkSession.withActive(SparkSession.scala:900)
[2025-05-20T14:35:16.511+0000] {subprocess.py:93} INFO - 	at org.apache.spark.sql.execution.QueryExecution.executePhase(QueryExecution.scala:218)
[2025-05-20T14:35:16.512+0000] {subprocess.py:93} INFO - 	at org.apache.spark.sql.execution.QueryExecution.executedPlan$lzycompute(QueryExecution.scala:186)
[2025-05-20T14:35:16.512+0000] {subprocess.py:93} INFO - 	at org.apache.spark.sql.execution.QueryExecution.executedPlan(QueryExecution.scala:179)
[2025-05-20T14:35:16.513+0000] {subprocess.py:93} INFO - 	at org.apache.spark.sql.execution.streaming.MicroBatchExecution.$anonfun$runBatch$15(MicroBatchExecution.scala:720)
[2025-05-20T14:35:16.513+0000] {subprocess.py:93} INFO - 	at org.apache.spark.sql.execution.streaming.ProgressReporter.reportTimeTaken(ProgressReporter.scala:427)
[2025-05-20T14:35:16.514+0000] {subprocess.py:93} INFO - 	at org.apache.spark.sql.execution.streaming.ProgressReporter.reportTimeTaken$(ProgressReporter.scala:425)
[2025-05-20T14:35:16.514+0000] {subprocess.py:93} INFO - 	at org.apache.spark.sql.execution.streaming.StreamExecution.reportTimeTaken(StreamExecution.scala:67)
[2025-05-20T14:35:16.515+0000] {subprocess.py:93} INFO - 	at org.apache.spark.sql.execution.streaming.MicroBatchExecution.runBatch(MicroBatchExecution.scala:708)
[2025-05-20T14:35:16.515+0000] {subprocess.py:93} INFO - 	at org.apache.spark.sql.execution.streaming.MicroBatchExecution.$anonfun$runActivatedStream$2(MicroBatchExecution.scala:286)
[2025-05-20T14:35:16.516+0000] {subprocess.py:93} INFO - 	at scala.runtime.java8.JFunction0$mcV$sp.apply(JFunction0$mcV$sp.java:23)
[2025-05-20T14:35:16.516+0000] {subprocess.py:93} INFO - 	at org.apache.spark.sql.execution.streaming.ProgressReporter.reportTimeTaken(ProgressReporter.scala:427)
[2025-05-20T14:35:16.517+0000] {subprocess.py:93} INFO - 	at org.apache.spark.sql.execution.streaming.ProgressReporter.reportTimeTaken$(ProgressReporter.scala:425)
[2025-05-20T14:35:16.517+0000] {subprocess.py:93} INFO - 	at org.apache.spark.sql.execution.streaming.StreamExecution.reportTimeTaken(StreamExecution.scala:67)
[2025-05-20T14:35:16.517+0000] {subprocess.py:93} INFO - 	at org.apache.spark.sql.execution.streaming.MicroBatchExecution.$anonfun$runActivatedStream$1(MicroBatchExecution.scala:249)
[2025-05-20T14:35:16.518+0000] {subprocess.py:93} INFO - 	at org.apache.spark.sql.execution.streaming.ProcessingTimeExecutor.execute(TriggerExecutor.scala:67)
[2025-05-20T14:35:16.518+0000] {subprocess.py:93} INFO - 	at org.apache.spark.sql.execution.streaming.MicroBatchExecution.runActivatedStream(MicroBatchExecution.scala:239)
[2025-05-20T14:35:16.519+0000] {subprocess.py:93} INFO - 	at org.apache.spark.sql.execution.streaming.StreamExecution.$anonfun$runStream$1(StreamExecution.scala:311)
[2025-05-20T14:35:16.520+0000] {subprocess.py:93} INFO - 	at scala.runtime.java8.JFunction0$mcV$sp.apply(JFunction0$mcV$sp.java:23)
[2025-05-20T14:35:16.520+0000] {subprocess.py:93} INFO - 	at org.apache.spark.sql.SparkSession.withActive(SparkSession.scala:900)
[2025-05-20T14:35:16.521+0000] {subprocess.py:93} INFO - 	at org.apache.spark.sql.execution.streaming.StreamExecution.org$apache$spark$sql$execution$streaming$StreamExecution$$runStream(StreamExecution.scala:289)
[2025-05-20T14:35:16.521+0000] {subprocess.py:93} INFO - 	at org.apache.spark.sql.execution.streaming.StreamExecution$$anon$1.$anonfun$run$1(StreamExecution.scala:211)
[2025-05-20T14:35:16.522+0000] {subprocess.py:93} INFO - 	at scala.runtime.java8.JFunction0$mcV$sp.apply(JFunction0$mcV$sp.java:23)
[2025-05-20T14:35:16.522+0000] {subprocess.py:93} INFO - 	at org.apache.spark.JobArtifactSet$.withActiveJobArtifactState(JobArtifactSet.scala:94)
[2025-05-20T14:35:16.523+0000] {subprocess.py:93} INFO - 	at org.apache.spark.sql.execution.streaming.StreamExecution$$anon$1.run(StreamExecution.scala:211)
[2025-05-20T14:35:16.523+0000] {subprocess.py:93} INFO - 25/05/20 14:35:16 INFO AppInfoParser: App info kafka.admin.client for adminclient-1 unregistered
[2025-05-20T14:35:16.524+0000] {subprocess.py:93} INFO - 25/05/20 14:35:16 INFO Metrics: Metrics scheduler closed
[2025-05-20T14:35:16.524+0000] {subprocess.py:93} INFO - 25/05/20 14:35:16 INFO Metrics: Closing reporter org.apache.kafka.common.metrics.JmxReporter
[2025-05-20T14:35:16.524+0000] {subprocess.py:93} INFO - 25/05/20 14:35:16 INFO Metrics: Metrics reporters closed
[2025-05-20T14:35:16.525+0000] {subprocess.py:93} INFO - 25/05/20 14:35:16 INFO MicroBatchExecution: Async log purge executor pool for query [id = 471d967c-db99-4f07-a177-5ee18893ca60, runId = 6cf5033c-8af4-4d69-9faf-5ef693fab4cd] has been shutdown
[2025-05-20T14:35:16.672+0000] {subprocess.py:93} INFO - Traceback (most recent call last):
[2025-05-20T14:35:16.673+0000] {subprocess.py:93} INFO -   File "/scripts/gold_price_streaming.py", line 55, in <module>
[2025-05-20T14:35:16.675+0000] {subprocess.py:93} INFO -     query.awaitTermination()
[2025-05-20T14:35:16.676+0000] {subprocess.py:93} INFO -   File "/opt/spark/python/lib/pyspark.zip/pyspark/sql/streaming/query.py", line 221, in awaitTermination
[2025-05-20T14:35:16.678+0000] {subprocess.py:93} INFO -   File "/opt/spark/python/lib/py4j-0.10.9.7-src.zip/py4j/java_gateway.py", line 1322, in __call__
[2025-05-20T14:35:16.679+0000] {subprocess.py:93} INFO -   File "/opt/spark/python/lib/pyspark.zip/pyspark/errors/exceptions/captured.py", line 185, in deco
[2025-05-20T14:35:16.689+0000] {subprocess.py:93} INFO - pyspark.errors.exceptions.captured.StreamingQueryException: [STREAM_FAILED] Query [id = 471d967c-db99-4f07-a177-5ee18893ca60, runId = 6cf5033c-8af4-4d69-9faf-5ef693fab4cd] terminated with exception: Partition gold-price-0's offset was changed from 71 to 41, some data may have been missed.
[2025-05-20T14:35:16.690+0000] {subprocess.py:93} INFO - Some data may have been lost because they are not available in Kafka any more; either the
[2025-05-20T14:35:16.691+0000] {subprocess.py:93} INFO -  data was aged out by Kafka or the topic may have been deleted before all the data in the
[2025-05-20T14:35:16.692+0000] {subprocess.py:93} INFO -  topic was processed. If you don't want your streaming query to fail on such cases, set the
[2025-05-20T14:35:16.692+0000] {subprocess.py:93} INFO -  source option "failOnDataLoss" to "false".
[2025-05-20T14:35:16.693+0000] {subprocess.py:93} INFO - 
[2025-05-20T14:35:16.755+0000] {subprocess.py:93} INFO - 25/05/20 14:35:16 INFO SparkContext: Invoking stop() from shutdown hook
[2025-05-20T14:35:16.757+0000] {subprocess.py:93} INFO - 25/05/20 14:35:16 INFO SparkContext: SparkContext is stopping with exitCode 0.
[2025-05-20T14:35:16.779+0000] {subprocess.py:93} INFO - 25/05/20 14:35:16 INFO SparkUI: Stopped Spark web UI at http://f1dad95963cc:4040
[2025-05-20T14:35:16.802+0000] {subprocess.py:93} INFO - 25/05/20 14:35:16 INFO MapOutputTrackerMasterEndpoint: MapOutputTrackerMasterEndpoint stopped!
[2025-05-20T14:35:16.822+0000] {subprocess.py:93} INFO - 25/05/20 14:35:16 INFO MemoryStore: MemoryStore cleared
[2025-05-20T14:35:16.824+0000] {subprocess.py:93} INFO - 25/05/20 14:35:16 INFO BlockManager: BlockManager stopped
[2025-05-20T14:35:16.832+0000] {subprocess.py:93} INFO - 25/05/20 14:35:16 INFO BlockManagerMaster: BlockManagerMaster stopped
[2025-05-20T14:35:16.838+0000] {subprocess.py:93} INFO - 25/05/20 14:35:16 INFO OutputCommitCoordinator$OutputCommitCoordinatorEndpoint: OutputCommitCoordinator stopped!
[2025-05-20T14:35:16.862+0000] {subprocess.py:93} INFO - 25/05/20 14:35:16 INFO SparkContext: Successfully stopped SparkContext
[2025-05-20T14:35:16.863+0000] {subprocess.py:93} INFO - 25/05/20 14:35:16 INFO ShutdownHookManager: Shutdown hook called
[2025-05-20T14:35:16.864+0000] {subprocess.py:93} INFO - 25/05/20 14:35:16 INFO ShutdownHookManager: Deleting directory /tmp/spark-10a1dbbe-14b1-410f-a4e5-efe2fb8c1c73/pyspark-c5138c68-f7ba-4623-9aea-cffe76d2d944
[2025-05-20T14:35:16.868+0000] {subprocess.py:93} INFO - 25/05/20 14:35:16 INFO ShutdownHookManager: Deleting directory /tmp/spark-05756940-128d-42a8-9b3b-34e65fbd8001
[2025-05-20T14:35:16.873+0000] {subprocess.py:93} INFO - 25/05/20 14:35:16 INFO ShutdownHookManager: Deleting directory /tmp/spark-10a1dbbe-14b1-410f-a4e5-efe2fb8c1c73
[2025-05-20T14:35:16.999+0000] {subprocess.py:97} INFO - Command exited with return code 1
[2025-05-20T14:35:17.016+0000] {taskinstance.py:1935} ERROR - Task failed with exception
Traceback (most recent call last):
  File "/home/airflow/.local/lib/python3.8/site-packages/airflow/operators/bash.py", line 210, in execute
    raise AirflowException(
airflow.exceptions.AirflowException: Bash command failed. The command returned a non-zero exit code 1.
[2025-05-20T14:35:17.023+0000] {taskinstance.py:1398} INFO - Marking task as UP_FOR_RETRY. dag_id=start_kafka_spark, task_id=run_spark_script, execution_date=20250520T143453, start_date=20250520T143455, end_date=20250520T143517
[2025-05-20T14:35:17.044+0000] {standard_task_runner.py:104} ERROR - Failed to execute job 34 for task run_spark_script (Bash command failed. The command returned a non-zero exit code 1.; 1209)
[2025-05-20T14:35:17.078+0000] {local_task_job_runner.py:228} INFO - Task exited with return code 1
[2025-05-20T14:35:17.109+0000] {taskinstance.py:2776} INFO - 0 downstream tasks scheduled from follow-on schedule check
