[2025-05-12T19:22:55.159+0000] {taskinstance.py:1157} INFO - Dependencies all met for dep_context=non-requeueable deps ti=<TaskInstance: gold_news_pipeline.run_consumer scheduled__2025-05-12T19:12:49.609919+00:00 [queued]>
[2025-05-12T19:22:55.174+0000] {taskinstance.py:1157} INFO - Dependencies all met for dep_context=requeueable deps ti=<TaskInstance: gold_news_pipeline.run_consumer scheduled__2025-05-12T19:12:49.609919+00:00 [queued]>
[2025-05-12T19:22:55.175+0000] {taskinstance.py:1359} INFO - Starting attempt 1 of 4
[2025-05-12T19:22:55.202+0000] {taskinstance.py:1380} INFO - Executing <Task(BashOperator): run_consumer> on 2025-05-12 19:12:49.609919+00:00
[2025-05-12T19:22:55.210+0000] {standard_task_runner.py:57} INFO - Started process 2638 to run task
[2025-05-12T19:22:55.218+0000] {standard_task_runner.py:84} INFO - Running: ['***', 'tasks', 'run', 'gold_news_pipeline', 'run_consumer', 'scheduled__2025-05-12T19:12:49.609919+00:00', '--job-id', '142', '--raw', '--subdir', 'DAGS_FOLDER/dag_news.py', '--cfg-path', '/tmp/tmpsrw8jhdg']
[2025-05-12T19:22:55.222+0000] {standard_task_runner.py:85} INFO - Job 142: Subtask run_consumer
[2025-05-12T19:22:55.294+0000] {task_command.py:415} INFO - Running <TaskInstance: gold_news_pipeline.run_consumer scheduled__2025-05-12T19:12:49.609919+00:00 [running]> on host 15c1ad31969b
[2025-05-12T19:22:55.393+0000] {taskinstance.py:1660} INFO - Exporting env vars: AIRFLOW_CTX_DAG_OWNER='***' AIRFLOW_CTX_DAG_ID='gold_news_pipeline' AIRFLOW_CTX_TASK_ID='run_consumer' AIRFLOW_CTX_EXECUTION_DATE='2025-05-12T19:12:49.609919+00:00' AIRFLOW_CTX_TRY_NUMBER='1' AIRFLOW_CTX_DAG_RUN_ID='scheduled__2025-05-12T19:12:49.609919+00:00'
[2025-05-12T19:22:55.395+0000] {subprocess.py:63} INFO - Tmp dir root location: /tmp
[2025-05-12T19:22:55.397+0000] {subprocess.py:75} INFO - Running command: ['/bin/bash', '-c', 'docker exec gold_price_project-spark-1 bash -c "export PYSPARK_PYTHON=/usr/bin/python3.8 && spark-submit --conf spark.pyspark.python=/usr/bin/python3.8 --packages org.apache.spark:spark-sql-kafka-0-10_2.12:3.5.0,com.datastax.spark:spark-cassandra-connector_2.12:3.5.0 /scripts/spark_news.py"']
[2025-05-12T19:22:55.417+0000] {subprocess.py:86} INFO - Output:
[2025-05-12T19:22:55.461+0000] {subprocess.py:93} INFO - Error: No such container: gold_price_project-spark-1
[2025-05-12T19:22:55.465+0000] {subprocess.py:97} INFO - Command exited with return code 1
[2025-05-12T19:22:55.487+0000] {taskinstance.py:1935} ERROR - Task failed with exception
Traceback (most recent call last):
  File "/home/airflow/.local/lib/python3.8/site-packages/airflow/operators/bash.py", line 210, in execute
    raise AirflowException(
airflow.exceptions.AirflowException: Bash command failed. The command returned a non-zero exit code 1.
[2025-05-12T19:22:55.495+0000] {taskinstance.py:1398} INFO - Marking task as UP_FOR_RETRY. dag_id=gold_news_pipeline, task_id=run_consumer, execution_date=20250512T191249, start_date=20250512T192255, end_date=20250512T192255
[2025-05-12T19:22:55.515+0000] {standard_task_runner.py:104} ERROR - Failed to execute job 142 for task run_consumer (Bash command failed. The command returned a non-zero exit code 1.; 2638)
[2025-05-12T19:22:55.553+0000] {local_task_job_runner.py:228} INFO - Task exited with return code 1
[2025-05-12T19:22:55.590+0000] {taskinstance.py:2776} INFO - 0 downstream tasks scheduled from follow-on schedule check
