[2025-05-20T22:12:39.612+0000] {taskinstance.py:1157} INFO - Dependencies all met for dep_context=non-requeueable deps ti=<TaskInstance: gold_model_finetuning_bash_container.execute_fine_tune_in_container manual__2025-05-20T22:12:29.408534+00:00 [queued]>
[2025-05-20T22:12:39.630+0000] {taskinstance.py:1157} INFO - Dependencies all met for dep_context=requeueable deps ti=<TaskInstance: gold_model_finetuning_bash_container.execute_fine_tune_in_container manual__2025-05-20T22:12:29.408534+00:00 [queued]>
[2025-05-20T22:12:39.631+0000] {taskinstance.py:1359} INFO - Starting attempt 1 of 1
[2025-05-20T22:12:39.651+0000] {taskinstance.py:1380} INFO - Executing <Task(BashOperator): execute_fine_tune_in_container> on 2025-05-20 22:12:29.408534+00:00
[2025-05-20T22:12:39.664+0000] {standard_task_runner.py:57} INFO - Started process 443 to run task
[2025-05-20T22:12:39.667+0000] {standard_task_runner.py:84} INFO - Running: ['***', 'tasks', 'run', 'gold_model_finetuning_bash_container', 'execute_fine_tune_in_container', 'manual__2025-05-20T22:12:29.408534+00:00', '--job-id', '94', '--raw', '--subdir', 'DAGS_FOLDER/re_train.py', '--cfg-path', '/tmp/tmpipfuh3_5']
[2025-05-20T22:12:39.672+0000] {standard_task_runner.py:85} INFO - Job 94: Subtask execute_fine_tune_in_container
[2025-05-20T22:12:39.739+0000] {task_command.py:415} INFO - Running <TaskInstance: gold_model_finetuning_bash_container.execute_fine_tune_in_container manual__2025-05-20T22:12:29.408534+00:00 [running]> on host a9ad06bbacca
[2025-05-20T22:12:39.978+0000] {taskinstance.py:1660} INFO - Exporting env vars: AIRFLOW_CTX_DAG_OWNER='***' AIRFLOW_CTX_DAG_ID='gold_model_finetuning_bash_container' AIRFLOW_CTX_TASK_ID='execute_fine_tune_in_container' AIRFLOW_CTX_EXECUTION_DATE='2025-05-20T22:12:29.408534+00:00' AIRFLOW_CTX_TRY_NUMBER='1' AIRFLOW_CTX_DAG_RUN_ID='manual__2025-05-20T22:12:29.408534+00:00'
[2025-05-20T22:12:39.985+0000] {subprocess.py:63} INFO - Tmp dir root location: /tmp
[2025-05-20T22:12:39.986+0000] {subprocess.py:75} INFO - Running command: ['/bin/bash', '-c', 'docker exec mlflow-container python3 /app/fine_tune_model.py --year 2025 --month 5 --run_id 27f32c43894842af9f11fb94b3a21912']
[2025-05-20T22:12:40.034+0000] {subprocess.py:86} INFO - Output:
[2025-05-20T22:12:45.879+0000] {subprocess.py:93} INFO - 2025-05-20 22:12:45,874 - INFO - Utilisation du mois spécifié pour le fine-tuning : 2025-05
[2025-05-20T22:12:45.882+0000] {subprocess.py:93} INFO - 2025-05-20 22:12:45,875 - INFO - Instantiated <InsecureClient(url='http://namenode:9870')>.
[2025-05-20T22:12:45.885+0000] {subprocess.py:93} INFO - 2025-05-20 22:12:45,875 - INFO - Connexion à HDFS réussie
[2025-05-20T22:12:45.890+0000] {subprocess.py:93} INFO - 2025-05-20 22:12:45,884 - INFO - Walking '/gold_price/aggregates/year=2025/month=5' (depth 0).
[2025-05-20T22:12:45.894+0000] {subprocess.py:93} INFO - 2025-05-20 22:12:45,886 - INFO - Fetching status for '/gold_price/aggregates/year=2025/month=5'.
[2025-05-20T22:12:50.101+0000] {subprocess.py:93} INFO - 2025-05-20 22:12:50,099 - INFO - Listing '/gold_price/aggregates/year=2025/month=5'.
[2025-05-20T22:12:50.128+0000] {subprocess.py:93} INFO - 2025-05-20 22:12:50,122 - INFO - Listing '/gold_price/aggregates/year=2025/month=5/day=19'.
[2025-05-20T22:12:50.144+0000] {subprocess.py:93} INFO - 2025-05-20 22:12:50,141 - INFO - Téléchargement de /gold_price/aggregates/year=2025/month=5/day=19/part-00000-7233b45a-f771-4fa6-ba0b-29d0487d32bf.c000.snappy.parquet vers /app/temp_month_data/part-00000-7233b45a-f771-4fa6-ba0b-29d0487d32bf.c000.snappy.parquet
[2025-05-20T22:12:50.146+0000] {subprocess.py:93} INFO - 2025-05-20 22:12:50,142 - INFO - Reading file '/gold_price/aggregates/year=2025/month=5/day=19/part-00000-7233b45a-f771-4fa6-ba0b-29d0487d32bf.c000.snappy.parquet'.
[2025-05-20T22:12:51.672+0000] {subprocess.py:93} INFO - 2025-05-20 22:12:51,669 - INFO - Téléchargement de /gold_price/aggregates/year=2025/month=5/day=19/part-00000-7344ee69-580c-4207-ba94-d88d46337d4a.c000.snappy.parquet vers /app/temp_month_data/part-00000-7344ee69-580c-4207-ba94-d88d46337d4a.c000.snappy.parquet
[2025-05-20T22:12:51.673+0000] {subprocess.py:93} INFO - 2025-05-20 22:12:51,670 - INFO - Reading file '/gold_price/aggregates/year=2025/month=5/day=19/part-00000-7344ee69-580c-4207-ba94-d88d46337d4a.c000.snappy.parquet'.
[2025-05-20T22:12:51.713+0000] {subprocess.py:93} INFO - 2025-05-20 22:12:51,711 - INFO - Téléchargement de /gold_price/aggregates/year=2025/month=5/day=19/part-00000-af46b234-0b9d-4b14-8034-fc147c5e106c.c000.snappy.parquet vers /app/temp_month_data/part-00000-af46b234-0b9d-4b14-8034-fc147c5e106c.c000.snappy.parquet
[2025-05-20T22:12:51.714+0000] {subprocess.py:93} INFO - 2025-05-20 22:12:51,711 - INFO - Reading file '/gold_price/aggregates/year=2025/month=5/day=19/part-00000-af46b234-0b9d-4b14-8034-fc147c5e106c.c000.snappy.parquet'.
[2025-05-20T22:12:51.763+0000] {subprocess.py:93} INFO - 2025-05-20 22:12:51,761 - INFO - Téléchargement de /gold_price/aggregates/year=2025/month=5/day=19/part-00000-daaaaa63-8335-4b1c-ade8-dfb3c7483cc3.c000.snappy.parquet vers /app/temp_month_data/part-00000-daaaaa63-8335-4b1c-ade8-dfb3c7483cc3.c000.snappy.parquet
[2025-05-20T22:12:51.765+0000] {subprocess.py:93} INFO - 2025-05-20 22:12:51,762 - INFO - Reading file '/gold_price/aggregates/year=2025/month=5/day=19/part-00000-daaaaa63-8335-4b1c-ade8-dfb3c7483cc3.c000.snappy.parquet'.
[2025-05-20T22:12:51.808+0000] {subprocess.py:93} INFO - 2025-05-20 22:12:51,805 - INFO - Listing '/gold_price/aggregates/year=2025/month=5/day=20'.
[2025-05-20T22:12:51.847+0000] {subprocess.py:93} INFO - 2025-05-20 22:12:51,844 - INFO - Téléchargement de /gold_price/aggregates/year=2025/month=5/day=20/part-00000-00fc7cff-2ce7-4e83-ad9a-492f561249e6.c000.snappy.parquet vers /app/temp_month_data/part-00000-00fc7cff-2ce7-4e83-ad9a-492f561249e6.c000.snappy.parquet
[2025-05-20T22:12:51.848+0000] {subprocess.py:93} INFO - 2025-05-20 22:12:51,845 - INFO - Reading file '/gold_price/aggregates/year=2025/month=5/day=20/part-00000-00fc7cff-2ce7-4e83-ad9a-492f561249e6.c000.snappy.parquet'.
[2025-05-20T22:12:51.882+0000] {subprocess.py:93} INFO - 2025-05-20 22:12:51,879 - INFO - Téléchargement de /gold_price/aggregates/year=2025/month=5/day=20/part-00000-054a50e7-41b9-4675-9c20-f7aebe0817f9.c000.snappy.parquet vers /app/temp_month_data/part-00000-054a50e7-41b9-4675-9c20-f7aebe0817f9.c000.snappy.parquet
[2025-05-20T22:12:51.885+0000] {subprocess.py:93} INFO - 2025-05-20 22:12:51,879 - INFO - Reading file '/gold_price/aggregates/year=2025/month=5/day=20/part-00000-054a50e7-41b9-4675-9c20-f7aebe0817f9.c000.snappy.parquet'.
[2025-05-20T22:12:51.922+0000] {subprocess.py:93} INFO - 2025-05-20 22:12:51,920 - INFO - Téléchargement de /gold_price/aggregates/year=2025/month=5/day=20/part-00000-05a3e3d0-acb9-4a7a-b444-6f8473b42a83.c000.snappy.parquet vers /app/temp_month_data/part-00000-05a3e3d0-acb9-4a7a-b444-6f8473b42a83.c000.snappy.parquet
[2025-05-20T22:12:51.923+0000] {subprocess.py:93} INFO - 2025-05-20 22:12:51,921 - INFO - Reading file '/gold_price/aggregates/year=2025/month=5/day=20/part-00000-05a3e3d0-acb9-4a7a-b444-6f8473b42a83.c000.snappy.parquet'.
[2025-05-20T22:12:51.959+0000] {subprocess.py:93} INFO - 2025-05-20 22:12:51,956 - INFO - Téléchargement de /gold_price/aggregates/year=2025/month=5/day=20/part-00000-08d703d7-c799-49fe-a086-f75561b038bf.c000.snappy.parquet vers /app/temp_month_data/part-00000-08d703d7-c799-49fe-a086-f75561b038bf.c000.snappy.parquet
[2025-05-20T22:12:51.960+0000] {subprocess.py:93} INFO - 2025-05-20 22:12:51,957 - INFO - Reading file '/gold_price/aggregates/year=2025/month=5/day=20/part-00000-08d703d7-c799-49fe-a086-f75561b038bf.c000.snappy.parquet'.
[2025-05-20T22:12:52.004+0000] {subprocess.py:93} INFO - 2025-05-20 22:12:51,990 - INFO - Téléchargement de /gold_price/aggregates/year=2025/month=5/day=20/part-00000-0c94b998-7e71-439f-9195-88d29f7e23de.c000.snappy.parquet vers /app/temp_month_data/part-00000-0c94b998-7e71-439f-9195-88d29f7e23de.c000.snappy.parquet
[2025-05-20T22:12:52.005+0000] {subprocess.py:93} INFO - 2025-05-20 22:12:51,991 - INFO - Reading file '/gold_price/aggregates/year=2025/month=5/day=20/part-00000-0c94b998-7e71-439f-9195-88d29f7e23de.c000.snappy.parquet'.
[2025-05-20T22:12:52.039+0000] {subprocess.py:93} INFO - 2025-05-20 22:12:52,037 - INFO - Téléchargement de /gold_price/aggregates/year=2025/month=5/day=20/part-00000-0eb651cf-f7cd-4341-a9fd-87ac029349f3.c000.snappy.parquet vers /app/temp_month_data/part-00000-0eb651cf-f7cd-4341-a9fd-87ac029349f3.c000.snappy.parquet
[2025-05-20T22:12:52.040+0000] {subprocess.py:93} INFO - 2025-05-20 22:12:52,037 - INFO - Reading file '/gold_price/aggregates/year=2025/month=5/day=20/part-00000-0eb651cf-f7cd-4341-a9fd-87ac029349f3.c000.snappy.parquet'.
[2025-05-20T22:12:52.073+0000] {subprocess.py:93} INFO - 2025-05-20 22:12:52,070 - INFO - Téléchargement de /gold_price/aggregates/year=2025/month=5/day=20/part-00000-0fbd98bd-d28b-4cf6-9385-1a8b94ca8079.c000.snappy.parquet vers /app/temp_month_data/part-00000-0fbd98bd-d28b-4cf6-9385-1a8b94ca8079.c000.snappy.parquet
[2025-05-20T22:12:52.074+0000] {subprocess.py:93} INFO - 2025-05-20 22:12:52,071 - INFO - Reading file '/gold_price/aggregates/year=2025/month=5/day=20/part-00000-0fbd98bd-d28b-4cf6-9385-1a8b94ca8079.c000.snappy.parquet'.
[2025-05-20T22:12:52.106+0000] {subprocess.py:93} INFO - 2025-05-20 22:12:52,104 - INFO - Téléchargement de /gold_price/aggregates/year=2025/month=5/day=20/part-00000-19ff9577-2ab0-4d92-82c4-836bbe6b2f45.c000.snappy.parquet vers /app/temp_month_data/part-00000-19ff9577-2ab0-4d92-82c4-836bbe6b2f45.c000.snappy.parquet
[2025-05-20T22:12:52.107+0000] {subprocess.py:93} INFO - 2025-05-20 22:12:52,104 - INFO - Reading file '/gold_price/aggregates/year=2025/month=5/day=20/part-00000-19ff9577-2ab0-4d92-82c4-836bbe6b2f45.c000.snappy.parquet'.
[2025-05-20T22:12:52.139+0000] {subprocess.py:93} INFO - 2025-05-20 22:12:52,136 - INFO - Téléchargement de /gold_price/aggregates/year=2025/month=5/day=20/part-00000-1a8df165-6610-4aac-a0be-beaf4560006a.c000.snappy.parquet vers /app/temp_month_data/part-00000-1a8df165-6610-4aac-a0be-beaf4560006a.c000.snappy.parquet
[2025-05-20T22:12:52.140+0000] {subprocess.py:93} INFO - 2025-05-20 22:12:52,137 - INFO - Reading file '/gold_price/aggregates/year=2025/month=5/day=20/part-00000-1a8df165-6610-4aac-a0be-beaf4560006a.c000.snappy.parquet'.
[2025-05-20T22:12:52.178+0000] {subprocess.py:93} INFO - 2025-05-20 22:12:52,176 - INFO - Téléchargement de /gold_price/aggregates/year=2025/month=5/day=20/part-00000-1b81781b-94bc-4f35-88af-775c4a9e4292.c000.snappy.parquet vers /app/temp_month_data/part-00000-1b81781b-94bc-4f35-88af-775c4a9e4292.c000.snappy.parquet
[2025-05-20T22:12:52.179+0000] {subprocess.py:93} INFO - 2025-05-20 22:12:52,176 - INFO - Reading file '/gold_price/aggregates/year=2025/month=5/day=20/part-00000-1b81781b-94bc-4f35-88af-775c4a9e4292.c000.snappy.parquet'.
[2025-05-20T22:12:52.216+0000] {subprocess.py:93} INFO - 2025-05-20 22:12:52,214 - INFO - Téléchargement de /gold_price/aggregates/year=2025/month=5/day=20/part-00000-232bccac-9899-4ad2-bc35-0d615e0aaffd.c000.snappy.parquet vers /app/temp_month_data/part-00000-232bccac-9899-4ad2-bc35-0d615e0aaffd.c000.snappy.parquet
[2025-05-20T22:12:52.217+0000] {subprocess.py:93} INFO - 2025-05-20 22:12:52,214 - INFO - Reading file '/gold_price/aggregates/year=2025/month=5/day=20/part-00000-232bccac-9899-4ad2-bc35-0d615e0aaffd.c000.snappy.parquet'.
[2025-05-20T22:12:52.324+0000] {subprocess.py:93} INFO - 2025-05-20 22:12:52,320 - INFO - Téléchargement de /gold_price/aggregates/year=2025/month=5/day=20/part-00000-2848ff89-42c3-4aef-a1dd-92d5701dcdc4.c000.snappy.parquet vers /app/temp_month_data/part-00000-2848ff89-42c3-4aef-a1dd-92d5701dcdc4.c000.snappy.parquet
[2025-05-20T22:12:52.325+0000] {subprocess.py:93} INFO - 2025-05-20 22:12:52,321 - INFO - Reading file '/gold_price/aggregates/year=2025/month=5/day=20/part-00000-2848ff89-42c3-4aef-a1dd-92d5701dcdc4.c000.snappy.parquet'.
[2025-05-20T22:12:52.375+0000] {subprocess.py:93} INFO - 2025-05-20 22:12:52,372 - INFO - Téléchargement de /gold_price/aggregates/year=2025/month=5/day=20/part-00000-30454c62-6d40-4a23-99f3-96bb181a6d32.c000.snappy.parquet vers /app/temp_month_data/part-00000-30454c62-6d40-4a23-99f3-96bb181a6d32.c000.snappy.parquet
[2025-05-20T22:12:52.376+0000] {subprocess.py:93} INFO - 2025-05-20 22:12:52,372 - INFO - Reading file '/gold_price/aggregates/year=2025/month=5/day=20/part-00000-30454c62-6d40-4a23-99f3-96bb181a6d32.c000.snappy.parquet'.
[2025-05-20T22:12:52.411+0000] {subprocess.py:93} INFO - 2025-05-20 22:12:52,408 - INFO - Téléchargement de /gold_price/aggregates/year=2025/month=5/day=20/part-00000-30dee07d-6a97-45cd-9731-d6ea3d40b3cf.c000.snappy.parquet vers /app/temp_month_data/part-00000-30dee07d-6a97-45cd-9731-d6ea3d40b3cf.c000.snappy.parquet
[2025-05-20T22:12:52.413+0000] {subprocess.py:93} INFO - 2025-05-20 22:12:52,409 - INFO - Reading file '/gold_price/aggregates/year=2025/month=5/day=20/part-00000-30dee07d-6a97-45cd-9731-d6ea3d40b3cf.c000.snappy.parquet'.
[2025-05-20T22:12:52.438+0000] {subprocess.py:93} INFO - 2025-05-20 22:12:52,436 - INFO - Téléchargement de /gold_price/aggregates/year=2025/month=5/day=20/part-00000-3111d7cf-a551-4893-9aac-4a3e6e809c66.c000.snappy.parquet vers /app/temp_month_data/part-00000-3111d7cf-a551-4893-9aac-4a3e6e809c66.c000.snappy.parquet
[2025-05-20T22:12:52.439+0000] {subprocess.py:93} INFO - 2025-05-20 22:12:52,436 - INFO - Reading file '/gold_price/aggregates/year=2025/month=5/day=20/part-00000-3111d7cf-a551-4893-9aac-4a3e6e809c66.c000.snappy.parquet'.
[2025-05-20T22:12:52.465+0000] {subprocess.py:93} INFO - 2025-05-20 22:12:52,463 - INFO - Téléchargement de /gold_price/aggregates/year=2025/month=5/day=20/part-00000-3397e82c-03a9-418d-bc5d-7530ea630e1e.c000.snappy.parquet vers /app/temp_month_data/part-00000-3397e82c-03a9-418d-bc5d-7530ea630e1e.c000.snappy.parquet
[2025-05-20T22:12:52.466+0000] {subprocess.py:93} INFO - 2025-05-20 22:12:52,463 - INFO - Reading file '/gold_price/aggregates/year=2025/month=5/day=20/part-00000-3397e82c-03a9-418d-bc5d-7530ea630e1e.c000.snappy.parquet'.
[2025-05-20T22:12:52.498+0000] {subprocess.py:93} INFO - 2025-05-20 22:12:52,496 - INFO - Téléchargement de /gold_price/aggregates/year=2025/month=5/day=20/part-00000-359b8d05-c681-49dd-a588-0fcbe4457411.c000.snappy.parquet vers /app/temp_month_data/part-00000-359b8d05-c681-49dd-a588-0fcbe4457411.c000.snappy.parquet
[2025-05-20T22:12:52.499+0000] {subprocess.py:93} INFO - 2025-05-20 22:12:52,496 - INFO - Reading file '/gold_price/aggregates/year=2025/month=5/day=20/part-00000-359b8d05-c681-49dd-a588-0fcbe4457411.c000.snappy.parquet'.
[2025-05-20T22:12:52.528+0000] {subprocess.py:93} INFO - 2025-05-20 22:12:52,526 - INFO - Téléchargement de /gold_price/aggregates/year=2025/month=5/day=20/part-00000-370a9407-c0f1-48d5-9488-d3904de1b617.c000.snappy.parquet vers /app/temp_month_data/part-00000-370a9407-c0f1-48d5-9488-d3904de1b617.c000.snappy.parquet
[2025-05-20T22:12:52.530+0000] {subprocess.py:93} INFO - 2025-05-20 22:12:52,526 - INFO - Reading file '/gold_price/aggregates/year=2025/month=5/day=20/part-00000-370a9407-c0f1-48d5-9488-d3904de1b617.c000.snappy.parquet'.
[2025-05-20T22:12:52.560+0000] {subprocess.py:93} INFO - 2025-05-20 22:12:52,557 - INFO - Téléchargement de /gold_price/aggregates/year=2025/month=5/day=20/part-00000-3a073e2e-eb0c-4a03-99f7-f5bc661b0bbc.c000.snappy.parquet vers /app/temp_month_data/part-00000-3a073e2e-eb0c-4a03-99f7-f5bc661b0bbc.c000.snappy.parquet
[2025-05-20T22:12:52.562+0000] {subprocess.py:93} INFO - 2025-05-20 22:12:52,558 - INFO - Reading file '/gold_price/aggregates/year=2025/month=5/day=20/part-00000-3a073e2e-eb0c-4a03-99f7-f5bc661b0bbc.c000.snappy.parquet'.
[2025-05-20T22:12:52.588+0000] {subprocess.py:93} INFO - 2025-05-20 22:12:52,586 - INFO - Téléchargement de /gold_price/aggregates/year=2025/month=5/day=20/part-00000-3ec51940-8354-4800-b4ba-55466bf26702.c000.snappy.parquet vers /app/temp_month_data/part-00000-3ec51940-8354-4800-b4ba-55466bf26702.c000.snappy.parquet
[2025-05-20T22:12:52.589+0000] {subprocess.py:93} INFO - 2025-05-20 22:12:52,586 - INFO - Reading file '/gold_price/aggregates/year=2025/month=5/day=20/part-00000-3ec51940-8354-4800-b4ba-55466bf26702.c000.snappy.parquet'.
[2025-05-20T22:12:52.615+0000] {subprocess.py:93} INFO - 2025-05-20 22:12:52,613 - INFO - Téléchargement de /gold_price/aggregates/year=2025/month=5/day=20/part-00000-40a8a615-ef37-44f1-92e5-c46ab8b9db84.c000.snappy.parquet vers /app/temp_month_data/part-00000-40a8a615-ef37-44f1-92e5-c46ab8b9db84.c000.snappy.parquet
[2025-05-20T22:12:52.616+0000] {subprocess.py:93} INFO - 2025-05-20 22:12:52,613 - INFO - Reading file '/gold_price/aggregates/year=2025/month=5/day=20/part-00000-40a8a615-ef37-44f1-92e5-c46ab8b9db84.c000.snappy.parquet'.
[2025-05-20T22:12:52.642+0000] {subprocess.py:93} INFO - 2025-05-20 22:12:52,639 - INFO - Téléchargement de /gold_price/aggregates/year=2025/month=5/day=20/part-00000-4560068c-2d12-4ab9-a39f-3b6c3d7d7dff.c000.snappy.parquet vers /app/temp_month_data/part-00000-4560068c-2d12-4ab9-a39f-3b6c3d7d7dff.c000.snappy.parquet
[2025-05-20T22:12:52.643+0000] {subprocess.py:93} INFO - 2025-05-20 22:12:52,640 - INFO - Reading file '/gold_price/aggregates/year=2025/month=5/day=20/part-00000-4560068c-2d12-4ab9-a39f-3b6c3d7d7dff.c000.snappy.parquet'.
[2025-05-20T22:12:52.676+0000] {subprocess.py:93} INFO - 2025-05-20 22:12:52,674 - INFO - Téléchargement de /gold_price/aggregates/year=2025/month=5/day=20/part-00000-48356c07-3f29-4fac-a44c-207b648fb385.c000.snappy.parquet vers /app/temp_month_data/part-00000-48356c07-3f29-4fac-a44c-207b648fb385.c000.snappy.parquet
[2025-05-20T22:12:52.678+0000] {subprocess.py:93} INFO - 2025-05-20 22:12:52,675 - INFO - Reading file '/gold_price/aggregates/year=2025/month=5/day=20/part-00000-48356c07-3f29-4fac-a44c-207b648fb385.c000.snappy.parquet'.
[2025-05-20T22:12:52.708+0000] {subprocess.py:93} INFO - 2025-05-20 22:12:52,705 - INFO - Téléchargement de /gold_price/aggregates/year=2025/month=5/day=20/part-00000-489aea54-82e6-4dcb-b921-5f11131feb57.c000.snappy.parquet vers /app/temp_month_data/part-00000-489aea54-82e6-4dcb-b921-5f11131feb57.c000.snappy.parquet
[2025-05-20T22:12:52.709+0000] {subprocess.py:93} INFO - 2025-05-20 22:12:52,706 - INFO - Reading file '/gold_price/aggregates/year=2025/month=5/day=20/part-00000-489aea54-82e6-4dcb-b921-5f11131feb57.c000.snappy.parquet'.
[2025-05-20T22:12:52.734+0000] {subprocess.py:93} INFO - 2025-05-20 22:12:52,731 - INFO - Téléchargement de /gold_price/aggregates/year=2025/month=5/day=20/part-00000-4bf80aa9-f20d-4d7d-9337-d5b384386c02.c000.snappy.parquet vers /app/temp_month_data/part-00000-4bf80aa9-f20d-4d7d-9337-d5b384386c02.c000.snappy.parquet
[2025-05-20T22:12:52.735+0000] {subprocess.py:93} INFO - 2025-05-20 22:12:52,732 - INFO - Reading file '/gold_price/aggregates/year=2025/month=5/day=20/part-00000-4bf80aa9-f20d-4d7d-9337-d5b384386c02.c000.snappy.parquet'.
[2025-05-20T22:12:52.758+0000] {subprocess.py:93} INFO - 2025-05-20 22:12:52,757 - INFO - Téléchargement de /gold_price/aggregates/year=2025/month=5/day=20/part-00000-50973a59-244d-48a0-b62e-bd15997b31c9.c000.snappy.parquet vers /app/temp_month_data/part-00000-50973a59-244d-48a0-b62e-bd15997b31c9.c000.snappy.parquet
[2025-05-20T22:12:52.759+0000] {subprocess.py:93} INFO - 2025-05-20 22:12:52,757 - INFO - Reading file '/gold_price/aggregates/year=2025/month=5/day=20/part-00000-50973a59-244d-48a0-b62e-bd15997b31c9.c000.snappy.parquet'.
[2025-05-20T22:12:52.782+0000] {subprocess.py:93} INFO - 2025-05-20 22:12:52,780 - INFO - Téléchargement de /gold_price/aggregates/year=2025/month=5/day=20/part-00000-53e28f23-aaf9-4ecb-9f91-014d26c53f9b.c000.snappy.parquet vers /app/temp_month_data/part-00000-53e28f23-aaf9-4ecb-9f91-014d26c53f9b.c000.snappy.parquet
[2025-05-20T22:12:52.783+0000] {subprocess.py:93} INFO - 2025-05-20 22:12:52,781 - INFO - Reading file '/gold_price/aggregates/year=2025/month=5/day=20/part-00000-53e28f23-aaf9-4ecb-9f91-014d26c53f9b.c000.snappy.parquet'.
[2025-05-20T22:12:52.804+0000] {subprocess.py:93} INFO - 2025-05-20 22:12:52,802 - INFO - Téléchargement de /gold_price/aggregates/year=2025/month=5/day=20/part-00000-53fcec49-c213-4073-84bb-5f82d58524f3.c000.snappy.parquet vers /app/temp_month_data/part-00000-53fcec49-c213-4073-84bb-5f82d58524f3.c000.snappy.parquet
[2025-05-20T22:12:52.805+0000] {subprocess.py:93} INFO - 2025-05-20 22:12:52,802 - INFO - Reading file '/gold_price/aggregates/year=2025/month=5/day=20/part-00000-53fcec49-c213-4073-84bb-5f82d58524f3.c000.snappy.parquet'.
[2025-05-20T22:12:52.831+0000] {subprocess.py:93} INFO - 2025-05-20 22:12:52,829 - INFO - Téléchargement de /gold_price/aggregates/year=2025/month=5/day=20/part-00000-540e33dc-27e0-445a-be47-5866d30c2485.c000.snappy.parquet vers /app/temp_month_data/part-00000-540e33dc-27e0-445a-be47-5866d30c2485.c000.snappy.parquet
[2025-05-20T22:12:52.832+0000] {subprocess.py:93} INFO - 2025-05-20 22:12:52,830 - INFO - Reading file '/gold_price/aggregates/year=2025/month=5/day=20/part-00000-540e33dc-27e0-445a-be47-5866d30c2485.c000.snappy.parquet'.
[2025-05-20T22:12:52.856+0000] {subprocess.py:93} INFO - 2025-05-20 22:12:52,854 - INFO - Téléchargement de /gold_price/aggregates/year=2025/month=5/day=20/part-00000-5615ad19-f8d5-47ed-8f87-afda31328c5c.c000.snappy.parquet vers /app/temp_month_data/part-00000-5615ad19-f8d5-47ed-8f87-afda31328c5c.c000.snappy.parquet
[2025-05-20T22:12:52.857+0000] {subprocess.py:93} INFO - 2025-05-20 22:12:52,855 - INFO - Reading file '/gold_price/aggregates/year=2025/month=5/day=20/part-00000-5615ad19-f8d5-47ed-8f87-afda31328c5c.c000.snappy.parquet'.
[2025-05-20T22:12:52.878+0000] {subprocess.py:93} INFO - 2025-05-20 22:12:52,876 - INFO - Téléchargement de /gold_price/aggregates/year=2025/month=5/day=20/part-00000-57092bdd-038a-4634-a97f-265d59e86b60.c000.snappy.parquet vers /app/temp_month_data/part-00000-57092bdd-038a-4634-a97f-265d59e86b60.c000.snappy.parquet
[2025-05-20T22:12:52.879+0000] {subprocess.py:93} INFO - 2025-05-20 22:12:52,876 - INFO - Reading file '/gold_price/aggregates/year=2025/month=5/day=20/part-00000-57092bdd-038a-4634-a97f-265d59e86b60.c000.snappy.parquet'.
[2025-05-20T22:12:52.899+0000] {subprocess.py:93} INFO - 2025-05-20 22:12:52,898 - INFO - Téléchargement de /gold_price/aggregates/year=2025/month=5/day=20/part-00000-57701176-bd96-49d0-b68e-e23c7f47a093.c000.snappy.parquet vers /app/temp_month_data/part-00000-57701176-bd96-49d0-b68e-e23c7f47a093.c000.snappy.parquet
[2025-05-20T22:12:52.900+0000] {subprocess.py:93} INFO - 2025-05-20 22:12:52,898 - INFO - Reading file '/gold_price/aggregates/year=2025/month=5/day=20/part-00000-57701176-bd96-49d0-b68e-e23c7f47a093.c000.snappy.parquet'.
[2025-05-20T22:12:52.928+0000] {subprocess.py:93} INFO - 2025-05-20 22:12:52,924 - INFO - Téléchargement de /gold_price/aggregates/year=2025/month=5/day=20/part-00000-59e8edcf-092c-4cbb-8d9b-a231ea20d8f5.c000.snappy.parquet vers /app/temp_month_data/part-00000-59e8edcf-092c-4cbb-8d9b-a231ea20d8f5.c000.snappy.parquet
[2025-05-20T22:12:52.930+0000] {subprocess.py:93} INFO - 2025-05-20 22:12:52,925 - INFO - Reading file '/gold_price/aggregates/year=2025/month=5/day=20/part-00000-59e8edcf-092c-4cbb-8d9b-a231ea20d8f5.c000.snappy.parquet'.
[2025-05-20T22:12:52.968+0000] {subprocess.py:93} INFO - 2025-05-20 22:12:52,965 - INFO - Téléchargement de /gold_price/aggregates/year=2025/month=5/day=20/part-00000-5da2c983-168b-471d-917e-6f6208257995.c000.snappy.parquet vers /app/temp_month_data/part-00000-5da2c983-168b-471d-917e-6f6208257995.c000.snappy.parquet
[2025-05-20T22:12:52.978+0000] {subprocess.py:93} INFO - 2025-05-20 22:12:52,966 - INFO - Reading file '/gold_price/aggregates/year=2025/month=5/day=20/part-00000-5da2c983-168b-471d-917e-6f6208257995.c000.snappy.parquet'.
[2025-05-20T22:12:53.017+0000] {subprocess.py:93} INFO - 2025-05-20 22:12:53,015 - INFO - Téléchargement de /gold_price/aggregates/year=2025/month=5/day=20/part-00000-5e2b5636-93e2-4a0d-ac68-4176deee056f.c000.snappy.parquet vers /app/temp_month_data/part-00000-5e2b5636-93e2-4a0d-ac68-4176deee056f.c000.snappy.parquet
[2025-05-20T22:12:53.018+0000] {subprocess.py:93} INFO - 2025-05-20 22:12:53,015 - INFO - Reading file '/gold_price/aggregates/year=2025/month=5/day=20/part-00000-5e2b5636-93e2-4a0d-ac68-4176deee056f.c000.snappy.parquet'.
[2025-05-20T22:12:53.048+0000] {subprocess.py:93} INFO - 2025-05-20 22:12:53,044 - INFO - Téléchargement de /gold_price/aggregates/year=2025/month=5/day=20/part-00000-5f8b3c70-72e3-48d2-b514-67b9b85c27d8.c000.snappy.parquet vers /app/temp_month_data/part-00000-5f8b3c70-72e3-48d2-b514-67b9b85c27d8.c000.snappy.parquet
[2025-05-20T22:12:53.049+0000] {subprocess.py:93} INFO - 2025-05-20 22:12:53,044 - INFO - Reading file '/gold_price/aggregates/year=2025/month=5/day=20/part-00000-5f8b3c70-72e3-48d2-b514-67b9b85c27d8.c000.snappy.parquet'.
[2025-05-20T22:12:53.077+0000] {subprocess.py:93} INFO - 2025-05-20 22:12:53,075 - INFO - Téléchargement de /gold_price/aggregates/year=2025/month=5/day=20/part-00000-65f63177-ee41-4e10-95c6-3b72caa4a926.c000.snappy.parquet vers /app/temp_month_data/part-00000-65f63177-ee41-4e10-95c6-3b72caa4a926.c000.snappy.parquet
[2025-05-20T22:12:53.078+0000] {subprocess.py:93} INFO - 2025-05-20 22:12:53,075 - INFO - Reading file '/gold_price/aggregates/year=2025/month=5/day=20/part-00000-65f63177-ee41-4e10-95c6-3b72caa4a926.c000.snappy.parquet'.
[2025-05-20T22:12:53.106+0000] {subprocess.py:93} INFO - 2025-05-20 22:12:53,103 - INFO - Téléchargement de /gold_price/aggregates/year=2025/month=5/day=20/part-00000-665e019b-9b50-4591-8615-9e7e45efa1cd.c000.snappy.parquet vers /app/temp_month_data/part-00000-665e019b-9b50-4591-8615-9e7e45efa1cd.c000.snappy.parquet
[2025-05-20T22:12:53.107+0000] {subprocess.py:93} INFO - 2025-05-20 22:12:53,104 - INFO - Reading file '/gold_price/aggregates/year=2025/month=5/day=20/part-00000-665e019b-9b50-4591-8615-9e7e45efa1cd.c000.snappy.parquet'.
[2025-05-20T22:12:53.139+0000] {subprocess.py:93} INFO - 2025-05-20 22:12:53,137 - INFO - Téléchargement de /gold_price/aggregates/year=2025/month=5/day=20/part-00000-66ac463a-f877-43aa-9f3e-361add773121.c000.snappy.parquet vers /app/temp_month_data/part-00000-66ac463a-f877-43aa-9f3e-361add773121.c000.snappy.parquet
[2025-05-20T22:12:53.140+0000] {subprocess.py:93} INFO - 2025-05-20 22:12:53,137 - INFO - Reading file '/gold_price/aggregates/year=2025/month=5/day=20/part-00000-66ac463a-f877-43aa-9f3e-361add773121.c000.snappy.parquet'.
[2025-05-20T22:12:53.172+0000] {subprocess.py:93} INFO - 2025-05-20 22:12:53,170 - INFO - Téléchargement de /gold_price/aggregates/year=2025/month=5/day=20/part-00000-6839d727-09b9-436d-8e8c-0cc1101aa08f.c000.snappy.parquet vers /app/temp_month_data/part-00000-6839d727-09b9-436d-8e8c-0cc1101aa08f.c000.snappy.parquet
[2025-05-20T22:12:53.173+0000] {subprocess.py:93} INFO - 2025-05-20 22:12:53,170 - INFO - Reading file '/gold_price/aggregates/year=2025/month=5/day=20/part-00000-6839d727-09b9-436d-8e8c-0cc1101aa08f.c000.snappy.parquet'.
[2025-05-20T22:12:53.205+0000] {subprocess.py:93} INFO - 2025-05-20 22:12:53,203 - INFO - Téléchargement de /gold_price/aggregates/year=2025/month=5/day=20/part-00000-6901ae1f-5a87-45b9-976e-5025305f711c.c000.snappy.parquet vers /app/temp_month_data/part-00000-6901ae1f-5a87-45b9-976e-5025305f711c.c000.snappy.parquet
[2025-05-20T22:12:53.206+0000] {subprocess.py:93} INFO - 2025-05-20 22:12:53,203 - INFO - Reading file '/gold_price/aggregates/year=2025/month=5/day=20/part-00000-6901ae1f-5a87-45b9-976e-5025305f711c.c000.snappy.parquet'.
[2025-05-20T22:12:53.237+0000] {subprocess.py:93} INFO - 2025-05-20 22:12:53,235 - INFO - Téléchargement de /gold_price/aggregates/year=2025/month=5/day=20/part-00000-691124bb-4c54-4feb-ac00-5ff5651f5710.c000.snappy.parquet vers /app/temp_month_data/part-00000-691124bb-4c54-4feb-ac00-5ff5651f5710.c000.snappy.parquet
[2025-05-20T22:12:53.238+0000] {subprocess.py:93} INFO - 2025-05-20 22:12:53,235 - INFO - Reading file '/gold_price/aggregates/year=2025/month=5/day=20/part-00000-691124bb-4c54-4feb-ac00-5ff5651f5710.c000.snappy.parquet'.
[2025-05-20T22:12:53.272+0000] {subprocess.py:93} INFO - 2025-05-20 22:12:53,270 - INFO - Téléchargement de /gold_price/aggregates/year=2025/month=5/day=20/part-00000-691dc5bf-be53-4b7a-82e6-a03fc9fb26f3.c000.snappy.parquet vers /app/temp_month_data/part-00000-691dc5bf-be53-4b7a-82e6-a03fc9fb26f3.c000.snappy.parquet
[2025-05-20T22:12:53.272+0000] {subprocess.py:93} INFO - 2025-05-20 22:12:53,270 - INFO - Reading file '/gold_price/aggregates/year=2025/month=5/day=20/part-00000-691dc5bf-be53-4b7a-82e6-a03fc9fb26f3.c000.snappy.parquet'.
[2025-05-20T22:12:53.304+0000] {subprocess.py:93} INFO - 2025-05-20 22:12:53,301 - INFO - Téléchargement de /gold_price/aggregates/year=2025/month=5/day=20/part-00000-69c2c7da-f27f-48cd-b4d3-22c543d75bc5.c000.snappy.parquet vers /app/temp_month_data/part-00000-69c2c7da-f27f-48cd-b4d3-22c543d75bc5.c000.snappy.parquet
[2025-05-20T22:12:53.305+0000] {subprocess.py:93} INFO - 2025-05-20 22:12:53,301 - INFO - Reading file '/gold_price/aggregates/year=2025/month=5/day=20/part-00000-69c2c7da-f27f-48cd-b4d3-22c543d75bc5.c000.snappy.parquet'.
[2025-05-20T22:12:53.340+0000] {subprocess.py:93} INFO - 2025-05-20 22:12:53,338 - INFO - Téléchargement de /gold_price/aggregates/year=2025/month=5/day=20/part-00000-6b39b87a-62e4-4082-b244-7d97a98a92c1.c000.snappy.parquet vers /app/temp_month_data/part-00000-6b39b87a-62e4-4082-b244-7d97a98a92c1.c000.snappy.parquet
[2025-05-20T22:12:53.341+0000] {subprocess.py:93} INFO - 2025-05-20 22:12:53,339 - INFO - Reading file '/gold_price/aggregates/year=2025/month=5/day=20/part-00000-6b39b87a-62e4-4082-b244-7d97a98a92c1.c000.snappy.parquet'.
[2025-05-20T22:12:53.371+0000] {subprocess.py:93} INFO - 2025-05-20 22:12:53,366 - INFO - Téléchargement de /gold_price/aggregates/year=2025/month=5/day=20/part-00000-6d972c74-d9b1-4235-bd00-3929f42d6d21.c000.snappy.parquet vers /app/temp_month_data/part-00000-6d972c74-d9b1-4235-bd00-3929f42d6d21.c000.snappy.parquet
[2025-05-20T22:12:53.372+0000] {subprocess.py:93} INFO - 2025-05-20 22:12:53,367 - INFO - Reading file '/gold_price/aggregates/year=2025/month=5/day=20/part-00000-6d972c74-d9b1-4235-bd00-3929f42d6d21.c000.snappy.parquet'.
[2025-05-20T22:12:53.403+0000] {subprocess.py:93} INFO - 2025-05-20 22:12:53,398 - INFO - Téléchargement de /gold_price/aggregates/year=2025/month=5/day=20/part-00000-6e2e718f-64ff-4584-98f7-ef6c0c3e72c2.c000.snappy.parquet vers /app/temp_month_data/part-00000-6e2e718f-64ff-4584-98f7-ef6c0c3e72c2.c000.snappy.parquet
[2025-05-20T22:12:53.404+0000] {subprocess.py:93} INFO - 2025-05-20 22:12:53,398 - INFO - Reading file '/gold_price/aggregates/year=2025/month=5/day=20/part-00000-6e2e718f-64ff-4584-98f7-ef6c0c3e72c2.c000.snappy.parquet'.
[2025-05-20T22:12:53.428+0000] {subprocess.py:93} INFO - 2025-05-20 22:12:53,424 - INFO - Téléchargement de /gold_price/aggregates/year=2025/month=5/day=20/part-00000-70a90f40-bbb8-49e9-ad78-b61e97d0d718.c000.snappy.parquet vers /app/temp_month_data/part-00000-70a90f40-bbb8-49e9-ad78-b61e97d0d718.c000.snappy.parquet
[2025-05-20T22:12:53.429+0000] {subprocess.py:93} INFO - 2025-05-20 22:12:53,425 - INFO - Reading file '/gold_price/aggregates/year=2025/month=5/day=20/part-00000-70a90f40-bbb8-49e9-ad78-b61e97d0d718.c000.snappy.parquet'.
[2025-05-20T22:12:53.464+0000] {subprocess.py:93} INFO - 2025-05-20 22:12:53,460 - INFO - Téléchargement de /gold_price/aggregates/year=2025/month=5/day=20/part-00000-716588f1-b438-4571-ba27-56389082ef11.c000.snappy.parquet vers /app/temp_month_data/part-00000-716588f1-b438-4571-ba27-56389082ef11.c000.snappy.parquet
[2025-05-20T22:12:53.466+0000] {subprocess.py:93} INFO - 2025-05-20 22:12:53,461 - INFO - Reading file '/gold_price/aggregates/year=2025/month=5/day=20/part-00000-716588f1-b438-4571-ba27-56389082ef11.c000.snappy.parquet'.
[2025-05-20T22:12:53.506+0000] {subprocess.py:93} INFO - 2025-05-20 22:12:53,499 - INFO - Téléchargement de /gold_price/aggregates/year=2025/month=5/day=20/part-00000-74be36aa-f52c-4ef8-a363-1ab653c063bc.c000.snappy.parquet vers /app/temp_month_data/part-00000-74be36aa-f52c-4ef8-a363-1ab653c063bc.c000.snappy.parquet
[2025-05-20T22:12:53.510+0000] {subprocess.py:93} INFO - 2025-05-20 22:12:53,499 - INFO - Reading file '/gold_price/aggregates/year=2025/month=5/day=20/part-00000-74be36aa-f52c-4ef8-a363-1ab653c063bc.c000.snappy.parquet'.
[2025-05-20T22:12:53.537+0000] {subprocess.py:93} INFO - 2025-05-20 22:12:53,535 - INFO - Téléchargement de /gold_price/aggregates/year=2025/month=5/day=20/part-00000-7593ec41-e14f-4b1b-a510-148ed20434b4.c000.snappy.parquet vers /app/temp_month_data/part-00000-7593ec41-e14f-4b1b-a510-148ed20434b4.c000.snappy.parquet
[2025-05-20T22:12:53.538+0000] {subprocess.py:93} INFO - 2025-05-20 22:12:53,535 - INFO - Reading file '/gold_price/aggregates/year=2025/month=5/day=20/part-00000-7593ec41-e14f-4b1b-a510-148ed20434b4.c000.snappy.parquet'.
[2025-05-20T22:12:53.569+0000] {subprocess.py:93} INFO - 2025-05-20 22:12:53,566 - INFO - Téléchargement de /gold_price/aggregates/year=2025/month=5/day=20/part-00000-781c218f-b074-4f61-8f8e-4228a56080a8.c000.snappy.parquet vers /app/temp_month_data/part-00000-781c218f-b074-4f61-8f8e-4228a56080a8.c000.snappy.parquet
[2025-05-20T22:12:53.570+0000] {subprocess.py:93} INFO - 2025-05-20 22:12:53,567 - INFO - Reading file '/gold_price/aggregates/year=2025/month=5/day=20/part-00000-781c218f-b074-4f61-8f8e-4228a56080a8.c000.snappy.parquet'.
[2025-05-20T22:12:53.601+0000] {subprocess.py:93} INFO - 2025-05-20 22:12:53,599 - INFO - Téléchargement de /gold_price/aggregates/year=2025/month=5/day=20/part-00000-7a18d5a4-d765-4c15-83aa-78a9d350f6c8.c000.snappy.parquet vers /app/temp_month_data/part-00000-7a18d5a4-d765-4c15-83aa-78a9d350f6c8.c000.snappy.parquet
[2025-05-20T22:12:53.602+0000] {subprocess.py:93} INFO - 2025-05-20 22:12:53,599 - INFO - Reading file '/gold_price/aggregates/year=2025/month=5/day=20/part-00000-7a18d5a4-d765-4c15-83aa-78a9d350f6c8.c000.snappy.parquet'.
[2025-05-20T22:12:53.637+0000] {subprocess.py:93} INFO - 2025-05-20 22:12:53,633 - INFO - Téléchargement de /gold_price/aggregates/year=2025/month=5/day=20/part-00000-7b632149-6169-4a84-aaea-0cfc9593570a.c000.snappy.parquet vers /app/temp_month_data/part-00000-7b632149-6169-4a84-aaea-0cfc9593570a.c000.snappy.parquet
[2025-05-20T22:12:53.638+0000] {subprocess.py:93} INFO - 2025-05-20 22:12:53,634 - INFO - Reading file '/gold_price/aggregates/year=2025/month=5/day=20/part-00000-7b632149-6169-4a84-aaea-0cfc9593570a.c000.snappy.parquet'.
[2025-05-20T22:12:53.676+0000] {subprocess.py:93} INFO - 2025-05-20 22:12:53,673 - INFO - Téléchargement de /gold_price/aggregates/year=2025/month=5/day=20/part-00000-7cc1444d-ad81-471d-a594-d6edf91a59d2.c000.snappy.parquet vers /app/temp_month_data/part-00000-7cc1444d-ad81-471d-a594-d6edf91a59d2.c000.snappy.parquet
[2025-05-20T22:12:53.677+0000] {subprocess.py:93} INFO - 2025-05-20 22:12:53,673 - INFO - Reading file '/gold_price/aggregates/year=2025/month=5/day=20/part-00000-7cc1444d-ad81-471d-a594-d6edf91a59d2.c000.snappy.parquet'.
[2025-05-20T22:12:53.710+0000] {subprocess.py:93} INFO - 2025-05-20 22:12:53,708 - INFO - Téléchargement de /gold_price/aggregates/year=2025/month=5/day=20/part-00000-7e2105a5-e9e5-4a7d-aeed-d994e8f1f652.c000.snappy.parquet vers /app/temp_month_data/part-00000-7e2105a5-e9e5-4a7d-aeed-d994e8f1f652.c000.snappy.parquet
[2025-05-20T22:12:53.711+0000] {subprocess.py:93} INFO - 2025-05-20 22:12:53,708 - INFO - Reading file '/gold_price/aggregates/year=2025/month=5/day=20/part-00000-7e2105a5-e9e5-4a7d-aeed-d994e8f1f652.c000.snappy.parquet'.
[2025-05-20T22:12:53.746+0000] {subprocess.py:93} INFO - 2025-05-20 22:12:53,743 - INFO - Téléchargement de /gold_price/aggregates/year=2025/month=5/day=20/part-00000-8c335616-c1ea-4da6-9b4d-17f714c52d06.c000.snappy.parquet vers /app/temp_month_data/part-00000-8c335616-c1ea-4da6-9b4d-17f714c52d06.c000.snappy.parquet
[2025-05-20T22:12:53.747+0000] {subprocess.py:93} INFO - 2025-05-20 22:12:53,744 - INFO - Reading file '/gold_price/aggregates/year=2025/month=5/day=20/part-00000-8c335616-c1ea-4da6-9b4d-17f714c52d06.c000.snappy.parquet'.
[2025-05-20T22:12:53.774+0000] {subprocess.py:93} INFO - 2025-05-20 22:12:53,772 - INFO - Téléchargement de /gold_price/aggregates/year=2025/month=5/day=20/part-00000-908ae3b1-a017-4c73-b55f-4b899caf2383.c000.snappy.parquet vers /app/temp_month_data/part-00000-908ae3b1-a017-4c73-b55f-4b899caf2383.c000.snappy.parquet
[2025-05-20T22:12:53.775+0000] {subprocess.py:93} INFO - 2025-05-20 22:12:53,772 - INFO - Reading file '/gold_price/aggregates/year=2025/month=5/day=20/part-00000-908ae3b1-a017-4c73-b55f-4b899caf2383.c000.snappy.parquet'.
[2025-05-20T22:12:53.799+0000] {subprocess.py:93} INFO - 2025-05-20 22:12:53,797 - INFO - Téléchargement de /gold_price/aggregates/year=2025/month=5/day=20/part-00000-941eb12e-3203-4dd1-abfd-25aadd74aa17.c000.snappy.parquet vers /app/temp_month_data/part-00000-941eb12e-3203-4dd1-abfd-25aadd74aa17.c000.snappy.parquet
[2025-05-20T22:12:53.800+0000] {subprocess.py:93} INFO - 2025-05-20 22:12:53,797 - INFO - Reading file '/gold_price/aggregates/year=2025/month=5/day=20/part-00000-941eb12e-3203-4dd1-abfd-25aadd74aa17.c000.snappy.parquet'.
[2025-05-20T22:12:53.824+0000] {subprocess.py:93} INFO - 2025-05-20 22:12:53,822 - INFO - Téléchargement de /gold_price/aggregates/year=2025/month=5/day=20/part-00000-94a69233-3b2f-4215-bfd5-4267e233e062.c000.snappy.parquet vers /app/temp_month_data/part-00000-94a69233-3b2f-4215-bfd5-4267e233e062.c000.snappy.parquet
[2025-05-20T22:12:53.825+0000] {subprocess.py:93} INFO - 2025-05-20 22:12:53,822 - INFO - Reading file '/gold_price/aggregates/year=2025/month=5/day=20/part-00000-94a69233-3b2f-4215-bfd5-4267e233e062.c000.snappy.parquet'.
[2025-05-20T22:12:53.850+0000] {subprocess.py:93} INFO - 2025-05-20 22:12:53,847 - INFO - Téléchargement de /gold_price/aggregates/year=2025/month=5/day=20/part-00000-96929d76-c9e7-4574-abd3-ee85004bfeb5.c000.snappy.parquet vers /app/temp_month_data/part-00000-96929d76-c9e7-4574-abd3-ee85004bfeb5.c000.snappy.parquet
[2025-05-20T22:12:53.851+0000] {subprocess.py:93} INFO - 2025-05-20 22:12:53,847 - INFO - Reading file '/gold_price/aggregates/year=2025/month=5/day=20/part-00000-96929d76-c9e7-4574-abd3-ee85004bfeb5.c000.snappy.parquet'.
[2025-05-20T22:12:53.881+0000] {subprocess.py:93} INFO - 2025-05-20 22:12:53,879 - INFO - Téléchargement de /gold_price/aggregates/year=2025/month=5/day=20/part-00000-9b20c8da-0db9-4192-bae6-3d6599ab0433.c000.snappy.parquet vers /app/temp_month_data/part-00000-9b20c8da-0db9-4192-bae6-3d6599ab0433.c000.snappy.parquet
[2025-05-20T22:12:53.882+0000] {subprocess.py:93} INFO - 2025-05-20 22:12:53,879 - INFO - Reading file '/gold_price/aggregates/year=2025/month=5/day=20/part-00000-9b20c8da-0db9-4192-bae6-3d6599ab0433.c000.snappy.parquet'.
[2025-05-20T22:12:53.908+0000] {subprocess.py:93} INFO - 2025-05-20 22:12:53,906 - INFO - Téléchargement de /gold_price/aggregates/year=2025/month=5/day=20/part-00000-a213304c-667d-453f-9bba-c3b2bb9d4790.c000.snappy.parquet vers /app/temp_month_data/part-00000-a213304c-667d-453f-9bba-c3b2bb9d4790.c000.snappy.parquet
[2025-05-20T22:12:53.909+0000] {subprocess.py:93} INFO - 2025-05-20 22:12:53,906 - INFO - Reading file '/gold_price/aggregates/year=2025/month=5/day=20/part-00000-a213304c-667d-453f-9bba-c3b2bb9d4790.c000.snappy.parquet'.
[2025-05-20T22:12:53.939+0000] {subprocess.py:93} INFO - 2025-05-20 22:12:53,935 - INFO - Téléchargement de /gold_price/aggregates/year=2025/month=5/day=20/part-00000-a637e9be-fa3c-4183-9bf6-6898a2e53787.c000.snappy.parquet vers /app/temp_month_data/part-00000-a637e9be-fa3c-4183-9bf6-6898a2e53787.c000.snappy.parquet
[2025-05-20T22:12:53.941+0000] {subprocess.py:93} INFO - 2025-05-20 22:12:53,936 - INFO - Reading file '/gold_price/aggregates/year=2025/month=5/day=20/part-00000-a637e9be-fa3c-4183-9bf6-6898a2e53787.c000.snappy.parquet'.
[2025-05-20T22:12:53.987+0000] {subprocess.py:93} INFO - 2025-05-20 22:12:53,979 - INFO - Téléchargement de /gold_price/aggregates/year=2025/month=5/day=20/part-00000-a64beef1-5798-441d-86b1-ca710d14ac54.c000.snappy.parquet vers /app/temp_month_data/part-00000-a64beef1-5798-441d-86b1-ca710d14ac54.c000.snappy.parquet
[2025-05-20T22:12:53.989+0000] {subprocess.py:93} INFO - 2025-05-20 22:12:53,979 - INFO - Reading file '/gold_price/aggregates/year=2025/month=5/day=20/part-00000-a64beef1-5798-441d-86b1-ca710d14ac54.c000.snappy.parquet'.
[2025-05-20T22:12:54.020+0000] {subprocess.py:93} INFO - 2025-05-20 22:12:54,016 - INFO - Téléchargement de /gold_price/aggregates/year=2025/month=5/day=20/part-00000-a64f288b-1d01-410a-81fd-f1cb3f2a9350.c000.snappy.parquet vers /app/temp_month_data/part-00000-a64f288b-1d01-410a-81fd-f1cb3f2a9350.c000.snappy.parquet
[2025-05-20T22:12:54.021+0000] {subprocess.py:93} INFO - 2025-05-20 22:12:54,017 - INFO - Reading file '/gold_price/aggregates/year=2025/month=5/day=20/part-00000-a64f288b-1d01-410a-81fd-f1cb3f2a9350.c000.snappy.parquet'.
[2025-05-20T22:12:54.052+0000] {subprocess.py:93} INFO - 2025-05-20 22:12:54,047 - INFO - Téléchargement de /gold_price/aggregates/year=2025/month=5/day=20/part-00000-a65443c7-e5e3-4319-962c-5bb1787715b0.c000.snappy.parquet vers /app/temp_month_data/part-00000-a65443c7-e5e3-4319-962c-5bb1787715b0.c000.snappy.parquet
[2025-05-20T22:12:54.053+0000] {subprocess.py:93} INFO - 2025-05-20 22:12:54,048 - INFO - Reading file '/gold_price/aggregates/year=2025/month=5/day=20/part-00000-a65443c7-e5e3-4319-962c-5bb1787715b0.c000.snappy.parquet'.
[2025-05-20T22:12:54.083+0000] {subprocess.py:93} INFO - 2025-05-20 22:12:54,079 - INFO - Téléchargement de /gold_price/aggregates/year=2025/month=5/day=20/part-00000-a65ed42f-7d87-4df9-a03c-a5b9125ce9a8.c000.snappy.parquet vers /app/temp_month_data/part-00000-a65ed42f-7d87-4df9-a03c-a5b9125ce9a8.c000.snappy.parquet
[2025-05-20T22:12:54.084+0000] {subprocess.py:93} INFO - 2025-05-20 22:12:54,080 - INFO - Reading file '/gold_price/aggregates/year=2025/month=5/day=20/part-00000-a65ed42f-7d87-4df9-a03c-a5b9125ce9a8.c000.snappy.parquet'.
[2025-05-20T22:12:54.111+0000] {subprocess.py:93} INFO - 2025-05-20 22:12:54,109 - INFO - Téléchargement de /gold_price/aggregates/year=2025/month=5/day=20/part-00000-ad2b1969-f9ca-4ce2-b252-3ee4887f82c0.c000.snappy.parquet vers /app/temp_month_data/part-00000-ad2b1969-f9ca-4ce2-b252-3ee4887f82c0.c000.snappy.parquet
[2025-05-20T22:12:54.112+0000] {subprocess.py:93} INFO - 2025-05-20 22:12:54,110 - INFO - Reading file '/gold_price/aggregates/year=2025/month=5/day=20/part-00000-ad2b1969-f9ca-4ce2-b252-3ee4887f82c0.c000.snappy.parquet'.
[2025-05-20T22:12:54.139+0000] {subprocess.py:93} INFO - 2025-05-20 22:12:54,136 - INFO - Téléchargement de /gold_price/aggregates/year=2025/month=5/day=20/part-00000-b0153c6f-46d8-449c-a729-3ff44f69bd6b.c000.snappy.parquet vers /app/temp_month_data/part-00000-b0153c6f-46d8-449c-a729-3ff44f69bd6b.c000.snappy.parquet
[2025-05-20T22:12:54.140+0000] {subprocess.py:93} INFO - 2025-05-20 22:12:54,136 - INFO - Reading file '/gold_price/aggregates/year=2025/month=5/day=20/part-00000-b0153c6f-46d8-449c-a729-3ff44f69bd6b.c000.snappy.parquet'.
[2025-05-20T22:12:54.163+0000] {subprocess.py:93} INFO - 2025-05-20 22:12:54,161 - INFO - Téléchargement de /gold_price/aggregates/year=2025/month=5/day=20/part-00000-b16d2a60-e24b-4722-8b69-9460451f1224.c000.snappy.parquet vers /app/temp_month_data/part-00000-b16d2a60-e24b-4722-8b69-9460451f1224.c000.snappy.parquet
[2025-05-20T22:12:54.164+0000] {subprocess.py:93} INFO - 2025-05-20 22:12:54,161 - INFO - Reading file '/gold_price/aggregates/year=2025/month=5/day=20/part-00000-b16d2a60-e24b-4722-8b69-9460451f1224.c000.snappy.parquet'.
[2025-05-20T22:12:54.195+0000] {subprocess.py:93} INFO - 2025-05-20 22:12:54,193 - INFO - Téléchargement de /gold_price/aggregates/year=2025/month=5/day=20/part-00000-b43d9fd6-595c-40f8-9bf3-528bff037df2.c000.snappy.parquet vers /app/temp_month_data/part-00000-b43d9fd6-595c-40f8-9bf3-528bff037df2.c000.snappy.parquet
[2025-05-20T22:12:54.196+0000] {subprocess.py:93} INFO - 2025-05-20 22:12:54,194 - INFO - Reading file '/gold_price/aggregates/year=2025/month=5/day=20/part-00000-b43d9fd6-595c-40f8-9bf3-528bff037df2.c000.snappy.parquet'.
[2025-05-20T22:12:54.226+0000] {subprocess.py:93} INFO - 2025-05-20 22:12:54,224 - INFO - Téléchargement de /gold_price/aggregates/year=2025/month=5/day=20/part-00000-b52138b0-f5a7-4038-883b-0cf40d0fd762.c000.snappy.parquet vers /app/temp_month_data/part-00000-b52138b0-f5a7-4038-883b-0cf40d0fd762.c000.snappy.parquet
[2025-05-20T22:12:54.227+0000] {subprocess.py:93} INFO - 2025-05-20 22:12:54,224 - INFO - Reading file '/gold_price/aggregates/year=2025/month=5/day=20/part-00000-b52138b0-f5a7-4038-883b-0cf40d0fd762.c000.snappy.parquet'.
[2025-05-20T22:12:54.254+0000] {subprocess.py:93} INFO - 2025-05-20 22:12:54,251 - INFO - Téléchargement de /gold_price/aggregates/year=2025/month=5/day=20/part-00000-b8da84ab-83be-4941-a4cd-46ac5caf3b4d.c000.snappy.parquet vers /app/temp_month_data/part-00000-b8da84ab-83be-4941-a4cd-46ac5caf3b4d.c000.snappy.parquet
[2025-05-20T22:12:54.255+0000] {subprocess.py:93} INFO - 2025-05-20 22:12:54,251 - INFO - Reading file '/gold_price/aggregates/year=2025/month=5/day=20/part-00000-b8da84ab-83be-4941-a4cd-46ac5caf3b4d.c000.snappy.parquet'.
[2025-05-20T22:12:54.280+0000] {subprocess.py:93} INFO - 2025-05-20 22:12:54,278 - INFO - Téléchargement de /gold_price/aggregates/year=2025/month=5/day=20/part-00000-c04b2c1f-6166-4602-ad48-e6232be59021.c000.snappy.parquet vers /app/temp_month_data/part-00000-c04b2c1f-6166-4602-ad48-e6232be59021.c000.snappy.parquet
[2025-05-20T22:12:54.281+0000] {subprocess.py:93} INFO - 2025-05-20 22:12:54,278 - INFO - Reading file '/gold_price/aggregates/year=2025/month=5/day=20/part-00000-c04b2c1f-6166-4602-ad48-e6232be59021.c000.snappy.parquet'.
[2025-05-20T22:12:54.307+0000] {subprocess.py:93} INFO - 2025-05-20 22:12:54,305 - INFO - Téléchargement de /gold_price/aggregates/year=2025/month=5/day=20/part-00000-c39ba660-56c5-402c-ba52-e62d070aff5f.c000.snappy.parquet vers /app/temp_month_data/part-00000-c39ba660-56c5-402c-ba52-e62d070aff5f.c000.snappy.parquet
[2025-05-20T22:12:54.308+0000] {subprocess.py:93} INFO - 2025-05-20 22:12:54,305 - INFO - Reading file '/gold_price/aggregates/year=2025/month=5/day=20/part-00000-c39ba660-56c5-402c-ba52-e62d070aff5f.c000.snappy.parquet'.
[2025-05-20T22:12:54.337+0000] {subprocess.py:93} INFO - 2025-05-20 22:12:54,334 - INFO - Téléchargement de /gold_price/aggregates/year=2025/month=5/day=20/part-00000-c8fe8dbe-0ddb-416e-b9f3-1bf78a9afc72.c000.snappy.parquet vers /app/temp_month_data/part-00000-c8fe8dbe-0ddb-416e-b9f3-1bf78a9afc72.c000.snappy.parquet
[2025-05-20T22:12:54.338+0000] {subprocess.py:93} INFO - 2025-05-20 22:12:54,335 - INFO - Reading file '/gold_price/aggregates/year=2025/month=5/day=20/part-00000-c8fe8dbe-0ddb-416e-b9f3-1bf78a9afc72.c000.snappy.parquet'.
[2025-05-20T22:12:54.363+0000] {subprocess.py:93} INFO - 2025-05-20 22:12:54,361 - INFO - Téléchargement de /gold_price/aggregates/year=2025/month=5/day=20/part-00000-cac0e287-507a-43ef-b6b6-7ecb978e8474.c000.snappy.parquet vers /app/temp_month_data/part-00000-cac0e287-507a-43ef-b6b6-7ecb978e8474.c000.snappy.parquet
[2025-05-20T22:12:54.364+0000] {subprocess.py:93} INFO - 2025-05-20 22:12:54,361 - INFO - Reading file '/gold_price/aggregates/year=2025/month=5/day=20/part-00000-cac0e287-507a-43ef-b6b6-7ecb978e8474.c000.snappy.parquet'.
[2025-05-20T22:12:54.391+0000] {subprocess.py:93} INFO - 2025-05-20 22:12:54,389 - INFO - Téléchargement de /gold_price/aggregates/year=2025/month=5/day=20/part-00000-cbd59289-c2b4-4a64-b7f1-666ea816194d.c000.snappy.parquet vers /app/temp_month_data/part-00000-cbd59289-c2b4-4a64-b7f1-666ea816194d.c000.snappy.parquet
[2025-05-20T22:12:54.393+0000] {subprocess.py:93} INFO - 2025-05-20 22:12:54,389 - INFO - Reading file '/gold_price/aggregates/year=2025/month=5/day=20/part-00000-cbd59289-c2b4-4a64-b7f1-666ea816194d.c000.snappy.parquet'.
[2025-05-20T22:12:54.419+0000] {subprocess.py:93} INFO - 2025-05-20 22:12:54,416 - INFO - Téléchargement de /gold_price/aggregates/year=2025/month=5/day=20/part-00000-cc5cc527-3d22-405c-b4c0-24e52084a95c.c000.snappy.parquet vers /app/temp_month_data/part-00000-cc5cc527-3d22-405c-b4c0-24e52084a95c.c000.snappy.parquet
[2025-05-20T22:12:54.420+0000] {subprocess.py:93} INFO - 2025-05-20 22:12:54,416 - INFO - Reading file '/gold_price/aggregates/year=2025/month=5/day=20/part-00000-cc5cc527-3d22-405c-b4c0-24e52084a95c.c000.snappy.parquet'.
[2025-05-20T22:12:54.449+0000] {subprocess.py:93} INFO - 2025-05-20 22:12:54,446 - INFO - Téléchargement de /gold_price/aggregates/year=2025/month=5/day=20/part-00000-ccdb3c8c-0f22-4f1d-940d-f47fbec07c7b.c000.snappy.parquet vers /app/temp_month_data/part-00000-ccdb3c8c-0f22-4f1d-940d-f47fbec07c7b.c000.snappy.parquet
[2025-05-20T22:12:54.450+0000] {subprocess.py:93} INFO - 2025-05-20 22:12:54,446 - INFO - Reading file '/gold_price/aggregates/year=2025/month=5/day=20/part-00000-ccdb3c8c-0f22-4f1d-940d-f47fbec07c7b.c000.snappy.parquet'.
[2025-05-20T22:12:54.477+0000] {subprocess.py:93} INFO - 2025-05-20 22:12:54,475 - INFO - Téléchargement de /gold_price/aggregates/year=2025/month=5/day=20/part-00000-cdc9a0f5-63e3-460e-b7ff-8fad27c9e048.c000.snappy.parquet vers /app/temp_month_data/part-00000-cdc9a0f5-63e3-460e-b7ff-8fad27c9e048.c000.snappy.parquet
[2025-05-20T22:12:54.478+0000] {subprocess.py:93} INFO - 2025-05-20 22:12:54,476 - INFO - Reading file '/gold_price/aggregates/year=2025/month=5/day=20/part-00000-cdc9a0f5-63e3-460e-b7ff-8fad27c9e048.c000.snappy.parquet'.
[2025-05-20T22:12:54.505+0000] {subprocess.py:93} INFO - 2025-05-20 22:12:54,502 - INFO - Téléchargement de /gold_price/aggregates/year=2025/month=5/day=20/part-00000-ce8937da-481d-477e-8f51-a96bb408cb4e.c000.snappy.parquet vers /app/temp_month_data/part-00000-ce8937da-481d-477e-8f51-a96bb408cb4e.c000.snappy.parquet
[2025-05-20T22:12:54.506+0000] {subprocess.py:93} INFO - 2025-05-20 22:12:54,502 - INFO - Reading file '/gold_price/aggregates/year=2025/month=5/day=20/part-00000-ce8937da-481d-477e-8f51-a96bb408cb4e.c000.snappy.parquet'.
[2025-05-20T22:12:54.532+0000] {subprocess.py:93} INFO - 2025-05-20 22:12:54,529 - INFO - Téléchargement de /gold_price/aggregates/year=2025/month=5/day=20/part-00000-cfa69f5f-a68b-411f-8e5e-0be015da9d45.c000.snappy.parquet vers /app/temp_month_data/part-00000-cfa69f5f-a68b-411f-8e5e-0be015da9d45.c000.snappy.parquet
[2025-05-20T22:12:54.533+0000] {subprocess.py:93} INFO - 2025-05-20 22:12:54,530 - INFO - Reading file '/gold_price/aggregates/year=2025/month=5/day=20/part-00000-cfa69f5f-a68b-411f-8e5e-0be015da9d45.c000.snappy.parquet'.
[2025-05-20T22:12:54.559+0000] {subprocess.py:93} INFO - 2025-05-20 22:12:54,557 - INFO - Téléchargement de /gold_price/aggregates/year=2025/month=5/day=20/part-00000-d501bc93-e465-41cb-bf48-c4a3cde8c262.c000.snappy.parquet vers /app/temp_month_data/part-00000-d501bc93-e465-41cb-bf48-c4a3cde8c262.c000.snappy.parquet
[2025-05-20T22:12:54.560+0000] {subprocess.py:93} INFO - 2025-05-20 22:12:54,557 - INFO - Reading file '/gold_price/aggregates/year=2025/month=5/day=20/part-00000-d501bc93-e465-41cb-bf48-c4a3cde8c262.c000.snappy.parquet'.
[2025-05-20T22:12:54.584+0000] {subprocess.py:93} INFO - 2025-05-20 22:12:54,582 - INFO - Téléchargement de /gold_price/aggregates/year=2025/month=5/day=20/part-00000-d9c1655e-ab61-43fc-9af6-5ea41bbbb2f9.c000.snappy.parquet vers /app/temp_month_data/part-00000-d9c1655e-ab61-43fc-9af6-5ea41bbbb2f9.c000.snappy.parquet
[2025-05-20T22:12:54.585+0000] {subprocess.py:93} INFO - 2025-05-20 22:12:54,582 - INFO - Reading file '/gold_price/aggregates/year=2025/month=5/day=20/part-00000-d9c1655e-ab61-43fc-9af6-5ea41bbbb2f9.c000.snappy.parquet'.
[2025-05-20T22:12:54.612+0000] {subprocess.py:93} INFO - 2025-05-20 22:12:54,610 - INFO - Téléchargement de /gold_price/aggregates/year=2025/month=5/day=20/part-00000-daddad1e-6cd2-4fab-a4dc-0974a8db9160.c000.snappy.parquet vers /app/temp_month_data/part-00000-daddad1e-6cd2-4fab-a4dc-0974a8db9160.c000.snappy.parquet
[2025-05-20T22:12:54.613+0000] {subprocess.py:93} INFO - 2025-05-20 22:12:54,611 - INFO - Reading file '/gold_price/aggregates/year=2025/month=5/day=20/part-00000-daddad1e-6cd2-4fab-a4dc-0974a8db9160.c000.snappy.parquet'.
[2025-05-20T22:12:54.636+0000] {subprocess.py:93} INFO - 2025-05-20 22:12:54,633 - INFO - Téléchargement de /gold_price/aggregates/year=2025/month=5/day=20/part-00000-dcc7ca1b-16fd-4e35-9334-6a8c521182db.c000.snappy.parquet vers /app/temp_month_data/part-00000-dcc7ca1b-16fd-4e35-9334-6a8c521182db.c000.snappy.parquet
[2025-05-20T22:12:54.637+0000] {subprocess.py:93} INFO - 2025-05-20 22:12:54,634 - INFO - Reading file '/gold_price/aggregates/year=2025/month=5/day=20/part-00000-dcc7ca1b-16fd-4e35-9334-6a8c521182db.c000.snappy.parquet'.
[2025-05-20T22:12:54.661+0000] {subprocess.py:93} INFO - 2025-05-20 22:12:54,659 - INFO - Téléchargement de /gold_price/aggregates/year=2025/month=5/day=20/part-00000-e25f7c71-2b1a-4f00-8751-d72702776bcb.c000.snappy.parquet vers /app/temp_month_data/part-00000-e25f7c71-2b1a-4f00-8751-d72702776bcb.c000.snappy.parquet
[2025-05-20T22:12:54.662+0000] {subprocess.py:93} INFO - 2025-05-20 22:12:54,659 - INFO - Reading file '/gold_price/aggregates/year=2025/month=5/day=20/part-00000-e25f7c71-2b1a-4f00-8751-d72702776bcb.c000.snappy.parquet'.
[2025-05-20T22:12:54.684+0000] {subprocess.py:93} INFO - 2025-05-20 22:12:54,682 - INFO - Téléchargement de /gold_price/aggregates/year=2025/month=5/day=20/part-00000-e2d363d0-b37e-453c-bf97-7955ae57d87f.c000.snappy.parquet vers /app/temp_month_data/part-00000-e2d363d0-b37e-453c-bf97-7955ae57d87f.c000.snappy.parquet
[2025-05-20T22:12:54.685+0000] {subprocess.py:93} INFO - 2025-05-20 22:12:54,682 - INFO - Reading file '/gold_price/aggregates/year=2025/month=5/day=20/part-00000-e2d363d0-b37e-453c-bf97-7955ae57d87f.c000.snappy.parquet'.
[2025-05-20T22:12:54.712+0000] {subprocess.py:93} INFO - 2025-05-20 22:12:54,708 - INFO - Téléchargement de /gold_price/aggregates/year=2025/month=5/day=20/part-00000-e347b6c4-76b1-4920-85b1-03870146d57d.c000.snappy.parquet vers /app/temp_month_data/part-00000-e347b6c4-76b1-4920-85b1-03870146d57d.c000.snappy.parquet
[2025-05-20T22:12:54.713+0000] {subprocess.py:93} INFO - 2025-05-20 22:12:54,708 - INFO - Reading file '/gold_price/aggregates/year=2025/month=5/day=20/part-00000-e347b6c4-76b1-4920-85b1-03870146d57d.c000.snappy.parquet'.
[2025-05-20T22:12:54.744+0000] {subprocess.py:93} INFO - 2025-05-20 22:12:54,739 - INFO - Téléchargement de /gold_price/aggregates/year=2025/month=5/day=20/part-00000-e99b3527-3f39-4079-9f50-7bc656fef9e3.c000.snappy.parquet vers /app/temp_month_data/part-00000-e99b3527-3f39-4079-9f50-7bc656fef9e3.c000.snappy.parquet
[2025-05-20T22:12:54.746+0000] {subprocess.py:93} INFO - 2025-05-20 22:12:54,739 - INFO - Reading file '/gold_price/aggregates/year=2025/month=5/day=20/part-00000-e99b3527-3f39-4079-9f50-7bc656fef9e3.c000.snappy.parquet'.
[2025-05-20T22:12:54.789+0000] {subprocess.py:93} INFO - 2025-05-20 22:12:54,786 - INFO - Téléchargement de /gold_price/aggregates/year=2025/month=5/day=20/part-00000-ef63f6f8-56f9-47ab-9b88-cba18ae99ed6.c000.snappy.parquet vers /app/temp_month_data/part-00000-ef63f6f8-56f9-47ab-9b88-cba18ae99ed6.c000.snappy.parquet
[2025-05-20T22:12:54.791+0000] {subprocess.py:93} INFO - 2025-05-20 22:12:54,786 - INFO - Reading file '/gold_price/aggregates/year=2025/month=5/day=20/part-00000-ef63f6f8-56f9-47ab-9b88-cba18ae99ed6.c000.snappy.parquet'.
[2025-05-20T22:12:54.862+0000] {subprocess.py:93} INFO - 2025-05-20 22:12:54,838 - INFO - Téléchargement de /gold_price/aggregates/year=2025/month=5/day=20/part-00000-f13b667d-c31f-48fb-8407-1f63e0cf12e7.c000.snappy.parquet vers /app/temp_month_data/part-00000-f13b667d-c31f-48fb-8407-1f63e0cf12e7.c000.snappy.parquet
[2025-05-20T22:12:54.866+0000] {subprocess.py:93} INFO - 2025-05-20 22:12:54,839 - INFO - Reading file '/gold_price/aggregates/year=2025/month=5/day=20/part-00000-f13b667d-c31f-48fb-8407-1f63e0cf12e7.c000.snappy.parquet'.
[2025-05-20T22:12:54.903+0000] {subprocess.py:93} INFO - 2025-05-20 22:12:54,901 - INFO - Téléchargement de /gold_price/aggregates/year=2025/month=5/day=20/part-00000-f338b802-a669-47f2-ad19-b78fe720dfc0.c000.snappy.parquet vers /app/temp_month_data/part-00000-f338b802-a669-47f2-ad19-b78fe720dfc0.c000.snappy.parquet
[2025-05-20T22:12:54.904+0000] {subprocess.py:93} INFO - 2025-05-20 22:12:54,901 - INFO - Reading file '/gold_price/aggregates/year=2025/month=5/day=20/part-00000-f338b802-a669-47f2-ad19-b78fe720dfc0.c000.snappy.parquet'.
[2025-05-20T22:12:54.938+0000] {subprocess.py:93} INFO - 2025-05-20 22:12:54,935 - INFO - Téléchargement de /gold_price/aggregates/year=2025/month=5/day=20/part-00000-f46f8662-7471-45a6-a85a-b63a599d90a3.c000.snappy.parquet vers /app/temp_month_data/part-00000-f46f8662-7471-45a6-a85a-b63a599d90a3.c000.snappy.parquet
[2025-05-20T22:12:54.939+0000] {subprocess.py:93} INFO - 2025-05-20 22:12:54,935 - INFO - Reading file '/gold_price/aggregates/year=2025/month=5/day=20/part-00000-f46f8662-7471-45a6-a85a-b63a599d90a3.c000.snappy.parquet'.
[2025-05-20T22:12:54.979+0000] {subprocess.py:93} INFO - 2025-05-20 22:12:54,972 - INFO - Téléchargement de /gold_price/aggregates/year=2025/month=5/day=20/part-00000-f55d1aff-f404-46d8-b266-8574c7e682e8.c000.snappy.parquet vers /app/temp_month_data/part-00000-f55d1aff-f404-46d8-b266-8574c7e682e8.c000.snappy.parquet
[2025-05-20T22:12:54.983+0000] {subprocess.py:93} INFO - 2025-05-20 22:12:54,972 - INFO - Reading file '/gold_price/aggregates/year=2025/month=5/day=20/part-00000-f55d1aff-f404-46d8-b266-8574c7e682e8.c000.snappy.parquet'.
[2025-05-20T22:12:55.018+0000] {subprocess.py:93} INFO - 2025-05-20 22:12:55,016 - INFO - Téléchargement de /gold_price/aggregates/year=2025/month=5/day=20/part-00000-f5b8f60b-df17-4134-8592-0618701e260a.c000.snappy.parquet vers /app/temp_month_data/part-00000-f5b8f60b-df17-4134-8592-0618701e260a.c000.snappy.parquet
[2025-05-20T22:12:55.019+0000] {subprocess.py:93} INFO - 2025-05-20 22:12:55,016 - INFO - Reading file '/gold_price/aggregates/year=2025/month=5/day=20/part-00000-f5b8f60b-df17-4134-8592-0618701e260a.c000.snappy.parquet'.
[2025-05-20T22:12:55.073+0000] {subprocess.py:93} INFO - 2025-05-20 22:12:55,069 - INFO - Téléchargement de /gold_price/aggregates/year=2025/month=5/day=20/part-00000-f798c244-6a6b-4aef-9cac-a648dc75fcab.c000.snappy.parquet vers /app/temp_month_data/part-00000-f798c244-6a6b-4aef-9cac-a648dc75fcab.c000.snappy.parquet
[2025-05-20T22:12:55.075+0000] {subprocess.py:93} INFO - 2025-05-20 22:12:55,070 - INFO - Reading file '/gold_price/aggregates/year=2025/month=5/day=20/part-00000-f798c244-6a6b-4aef-9cac-a648dc75fcab.c000.snappy.parquet'.
[2025-05-20T22:12:55.110+0000] {subprocess.py:93} INFO - 2025-05-20 22:12:55,107 - INFO - Téléchargement de /gold_price/aggregates/year=2025/month=5/day=20/part-00000-ff18e6d0-aecf-465b-81af-0269494926a2.c000.snappy.parquet vers /app/temp_month_data/part-00000-ff18e6d0-aecf-465b-81af-0269494926a2.c000.snappy.parquet
[2025-05-20T22:12:55.111+0000] {subprocess.py:93} INFO - 2025-05-20 22:12:55,108 - INFO - Reading file '/gold_price/aggregates/year=2025/month=5/day=20/part-00000-ff18e6d0-aecf-465b-81af-0269494926a2.c000.snappy.parquet'.
[2025-05-20T22:12:55.147+0000] {subprocess.py:93} INFO - 2025-05-20 22:12:55,143 - INFO - 104 fichiers téléchargés pour le fine-tuning
[2025-05-20T22:12:55.149+0000] {subprocess.py:93} INFO - 2025-05-20 22:12:55,143 - INFO - Combinaison des fichiers Parquet en un seul fichier...
[2025-05-20T22:12:57.376+0000] {subprocess.py:93} INFO - 2025-05-20 22:12:57,365 - INFO - Fichier combiné sauvegardé à /app/combined_month_data.parquet. Total de lignes : 115
[2025-05-20T22:12:57.753+0000] {subprocess.py:93} INFO - 2025-05-20 22:12:57,751 - INFO - Fichiers temporaires nettoyés
[2025-05-20T22:12:57.787+0000] {subprocess.py:93} INFO - 2025-05-20 22:12:57,764 - INFO - Données de fine-tuning chargées avec succès. Total de lignes : 115
[2025-05-20T22:12:57.798+0000] {subprocess.py:93} INFO - 2025-05-20 22:12:57,796 - INFO - Features préparées pour le fine-tuning. Lignes après ingénierie des features : 55
[2025-05-20T22:12:59.342+0000] {subprocess.py:93} INFO - 2025-05-20 22:12:59,340 - INFO - Context impl SQLiteImpl.
[2025-05-20T22:12:59.343+0000] {subprocess.py:93} INFO - 2025-05-20 22:12:59,340 - INFO - Will assume non-transactional DDL.
[2025-05-20T22:12:59.450+0000] {subprocess.py:93} INFO - 2025-05-20 22:12:59,448 - INFO - Modèle existant chargé avec succès
[2025-05-20T22:13:06.383+0000] {subprocess.py:93} INFO - 2025-05-20 22:13:06,381 - INFO - Modèle fine-tuné et loggé avec MLflow. Nouveau Run ID : ed22ea46ca3c4109856a35c5c4a51030
[2025-05-20T22:13:07.161+0000] {subprocess.py:97} INFO - Command exited with return code 0
[2025-05-20T22:13:07.224+0000] {taskinstance.py:1398} INFO - Marking task as SUCCESS. dag_id=gold_model_finetuning_bash_container, task_id=execute_fine_tune_in_container, execution_date=20250520T221229, start_date=20250520T221239, end_date=20250520T221307
[2025-05-20T22:13:07.300+0000] {local_task_job_runner.py:228} INFO - Task exited with return code 0
[2025-05-20T22:13:07.357+0000] {taskinstance.py:2776} INFO - 1 downstream tasks scheduled from follow-on schedule check
