[2025-05-17T15:42:35.861+0000] {taskinstance.py:1157} INFO - Dependencies all met for dep_context=non-requeueable deps ti=<TaskInstance: gold_news_pipeline.run_consumer manual__2025-05-17T15:42:27.553137+00:00 [queued]>
[2025-05-17T15:42:35.880+0000] {taskinstance.py:1157} INFO - Dependencies all met for dep_context=requeueable deps ti=<TaskInstance: gold_news_pipeline.run_consumer manual__2025-05-17T15:42:27.553137+00:00 [queued]>
[2025-05-17T15:42:35.881+0000] {taskinstance.py:1359} INFO - Starting attempt 1 of 4
[2025-05-17T15:42:35.909+0000] {taskinstance.py:1380} INFO - Executing <Task(BashOperator): run_consumer> on 2025-05-17 15:42:27.553137+00:00
[2025-05-17T15:42:35.918+0000] {standard_task_runner.py:57} INFO - Started process 4672 to run task
[2025-05-17T15:42:35.925+0000] {standard_task_runner.py:84} INFO - Running: ['***', 'tasks', 'run', 'gold_news_pipeline', 'run_consumer', 'manual__2025-05-17T15:42:27.553137+00:00', '--job-id', '7', '--raw', '--subdir', 'DAGS_FOLDER/dag_news.py', '--cfg-path', '/tmp/tmpfq9tbaks']
[2025-05-17T15:42:35.930+0000] {standard_task_runner.py:85} INFO - Job 7: Subtask run_consumer
[2025-05-17T15:42:36.012+0000] {task_command.py:415} INFO - Running <TaskInstance: gold_news_pipeline.run_consumer manual__2025-05-17T15:42:27.553137+00:00 [running]> on host 75a565b94570
[2025-05-17T15:42:36.139+0000] {taskinstance.py:1660} INFO - Exporting env vars: AIRFLOW_CTX_DAG_OWNER='***' AIRFLOW_CTX_DAG_ID='gold_news_pipeline' AIRFLOW_CTX_TASK_ID='run_consumer' AIRFLOW_CTX_EXECUTION_DATE='2025-05-17T15:42:27.553137+00:00' AIRFLOW_CTX_TRY_NUMBER='1' AIRFLOW_CTX_DAG_RUN_ID='manual__2025-05-17T15:42:27.553137+00:00'
[2025-05-17T15:42:36.142+0000] {subprocess.py:63} INFO - Tmp dir root location: /tmp
[2025-05-17T15:42:36.143+0000] {subprocess.py:75} INFO - Running command: ['/bin/bash', '-c', 'docker exec gold_price_project-spark-1 bash -c "export PYSPARK_PYTHON=/usr/bin/python3.8 && spark-submit --conf spark.pyspark.python=/usr/bin/python3.8 --packages org.apache.spark:spark-sql-kafka-0-10_2.12:3.5.0,com.datastax.spark:spark-cassandra-connector_2.12:3.5.0 /scripts/spark_news.py"']
[2025-05-17T15:42:36.164+0000] {subprocess.py:86} INFO - Output:
[2025-05-17T15:42:42.369+0000] {subprocess.py:93} INFO - :: loading settings :: url = jar:file:/opt/spark/jars/ivy-2.5.1.jar!/org/apache/ivy/core/settings/ivysettings.xml
[2025-05-17T15:42:42.724+0000] {subprocess.py:93} INFO - Ivy Default Cache set to: /root/.ivy2/cache
[2025-05-17T15:42:42.726+0000] {subprocess.py:93} INFO - The jars for the packages stored in: /root/.ivy2/jars
[2025-05-17T15:42:42.750+0000] {subprocess.py:93} INFO - org.apache.spark#spark-sql-kafka-0-10_2.12 added as a dependency
[2025-05-17T15:42:42.751+0000] {subprocess.py:93} INFO - com.datastax.spark#spark-cassandra-connector_2.12 added as a dependency
[2025-05-17T15:42:42.755+0000] {subprocess.py:93} INFO - :: resolving dependencies :: org.apache.spark#spark-submit-parent-a24de96a-0490-4ba2-a143-66a4e5f8d2f7;1.0
[2025-05-17T15:42:42.756+0000] {subprocess.py:93} INFO - 	confs: [default]
[2025-05-17T15:42:45.719+0000] {subprocess.py:93} INFO - 	found com.datastax.spark#spark-cassandra-connector_2.12;3.5.0 in central
[2025-05-17T15:42:45.848+0000] {subprocess.py:93} INFO - 	found com.datastax.spark#spark-cassandra-connector-driver_2.12;3.5.0 in central
[2025-05-17T15:42:46.069+0000] {subprocess.py:93} INFO - 	found org.scala-lang.modules#scala-collection-compat_2.12;2.11.0 in central
[2025-05-17T15:42:48.446+0000] {subprocess.py:93} INFO - 	found com.datastax.oss#java-driver-core-shaded;4.13.0 in central
[2025-05-17T15:42:48.603+0000] {subprocess.py:93} INFO - 	found com.datastax.oss#native-protocol;1.5.0 in central
[2025-05-17T15:42:48.738+0000] {subprocess.py:93} INFO - 	found com.datastax.oss#java-driver-shaded-guava;25.1-jre-graal-sub-1 in central
[2025-05-17T15:42:48.892+0000] {subprocess.py:93} INFO - 	found com.typesafe#config;1.4.1 in central
[2025-05-17T15:42:49.768+0000] {subprocess.py:93} INFO - 	found org.slf4j#slf4j-api;1.7.26 in central
[2025-05-17T15:42:50.594+0000] {subprocess.py:93} INFO - 	found io.dropwizard.metrics#metrics-core;4.1.18 in central
[2025-05-17T15:42:50.723+0000] {subprocess.py:93} INFO - 	found org.hdrhistogram#HdrHistogram;2.1.12 in central
[2025-05-17T15:42:50.822+0000] {subprocess.py:93} INFO - 	found org.reactivestreams#reactive-streams;1.0.3 in central
[2025-05-17T15:42:51.610+0000] {subprocess.py:93} INFO - 	found com.github.stephenc.jcip#jcip-annotations;1.0-1 in central
[2025-05-17T15:42:51.694+0000] {subprocess.py:93} INFO - 	found com.github.spotbugs#spotbugs-annotations;3.1.12 in central
[2025-05-17T15:42:51.868+0000] {subprocess.py:93} INFO - 	found com.google.code.findbugs#jsr305;3.0.2 in central
[2025-05-17T15:42:52.013+0000] {subprocess.py:93} INFO - 	found com.datastax.oss#java-driver-mapper-runtime;4.13.0 in central
[2025-05-17T15:42:52.134+0000] {subprocess.py:93} INFO - 	found com.datastax.oss#java-driver-query-builder;4.13.0 in central
[2025-05-17T15:42:53.154+0000] {subprocess.py:93} INFO - 	found org.apache.commons#commons-lang3;3.10 in central
[2025-05-17T15:42:54.669+0000] {subprocess.py:93} INFO - 	found com.thoughtworks.paranamer#paranamer;2.8 in central
[2025-05-17T15:42:54.800+0000] {subprocess.py:93} INFO - 	found org.scala-lang#scala-reflect;2.12.11 in central
[2025-05-17T15:42:54.900+0000] {subprocess.py:93} INFO - downloading https://repo1.maven.org/maven2/com/datastax/spark/spark-cassandra-connector_2.12/3.5.0/spark-cassandra-connector_2.12-3.5.0.jar ...
[2025-05-17T15:42:55.257+0000] {subprocess.py:93} INFO - 	[SUCCESSFUL ] com.datastax.spark#spark-cassandra-connector_2.12;3.5.0!spark-cassandra-connector_2.12.jar (389ms)
[2025-05-17T15:42:55.286+0000] {subprocess.py:93} INFO - downloading https://repo1.maven.org/maven2/com/datastax/spark/spark-cassandra-connector-driver_2.12/3.5.0/spark-cassandra-connector-driver_2.12-3.5.0.jar ...
[2025-05-17T15:42:55.475+0000] {subprocess.py:93} INFO - 	[SUCCESSFUL ] com.datastax.spark#spark-cassandra-connector-driver_2.12;3.5.0!spark-cassandra-connector-driver_2.12.jar (216ms)
[2025-05-17T15:42:55.504+0000] {subprocess.py:93} INFO - downloading https://repo1.maven.org/maven2/org/scala-lang/modules/scala-collection-compat_2.12/2.11.0/scala-collection-compat_2.12-2.11.0.jar ...
[2025-05-17T15:42:55.576+0000] {subprocess.py:93} INFO - 	[SUCCESSFUL ] org.scala-lang.modules#scala-collection-compat_2.12;2.11.0!scala-collection-compat_2.12.jar (98ms)
[2025-05-17T15:42:55.609+0000] {subprocess.py:93} INFO - downloading https://repo1.maven.org/maven2/com/datastax/oss/java-driver-core-shaded/4.13.0/java-driver-core-shaded-4.13.0.jar ...
[2025-05-17T14:42:58.213+0000] {subprocess.py:93} INFO - 	[SUCCESSFUL ] com.datastax.oss#java-driver-core-shaded;4.13.0!java-driver-core-shaded.jar (-3597376ms)
[2025-05-17T14:42:58.278+0000] {subprocess.py:93} INFO - downloading https://repo1.maven.org/maven2/com/datastax/oss/java-driver-mapper-runtime/4.13.0/java-driver-mapper-runtime-4.13.0.jar ...
[2025-05-17T15:42:57.273+0000] {subprocess.py:93} INFO - 	[SUCCESSFUL ] com.datastax.oss#java-driver-mapper-runtime;4.13.0!java-driver-mapper-runtime.jar(bundle) (3599064ms)
[2025-05-17T15:42:57.304+0000] {subprocess.py:93} INFO - downloading https://repo1.maven.org/maven2/org/apache/commons/commons-lang3/3.10/commons-lang3-3.10.jar ...
[2025-05-17T15:42:57.433+0000] {subprocess.py:93} INFO - 	[SUCCESSFUL ] org.apache.commons#commons-lang3;3.10!commons-lang3.jar (155ms)
[2025-05-17T15:42:57.460+0000] {subprocess.py:93} INFO - downloading https://repo1.maven.org/maven2/com/thoughtworks/paranamer/paranamer/2.8/paranamer-2.8.jar ...
[2025-05-17T15:42:57.506+0000] {subprocess.py:93} INFO - 	[SUCCESSFUL ] com.thoughtworks.paranamer#paranamer;2.8!paranamer.jar(bundle) (73ms)
[2025-05-17T15:42:57.541+0000] {subprocess.py:93} INFO - downloading https://repo1.maven.org/maven2/org/scala-lang/scala-reflect/2.12.11/scala-reflect-2.12.11.jar ...
[2025-05-17T15:42:57.996+0000] {subprocess.py:93} INFO - 	[SUCCESSFUL ] org.scala-lang#scala-reflect;2.12.11!scala-reflect.jar (486ms)
[2025-05-17T15:42:58.031+0000] {subprocess.py:93} INFO - downloading https://repo1.maven.org/maven2/com/datastax/oss/native-protocol/1.5.0/native-protocol-1.5.0.jar ...
[2025-05-17T15:42:58.102+0000] {subprocess.py:93} INFO - 	[SUCCESSFUL ] com.datastax.oss#native-protocol;1.5.0!native-protocol.jar(bundle) (104ms)
[2025-05-17T15:42:58.140+0000] {subprocess.py:93} INFO - downloading https://repo1.maven.org/maven2/com/datastax/oss/java-driver-shaded-guava/25.1-jre-graal-sub-1/java-driver-shaded-guava-25.1-jre-graal-sub-1.jar ...
[2025-05-17T15:42:58.646+0000] {subprocess.py:93} INFO - 	[SUCCESSFUL ] com.datastax.oss#java-driver-shaded-guava;25.1-jre-graal-sub-1!java-driver-shaded-guava.jar (480ms)
[2025-05-17T15:42:58.680+0000] {subprocess.py:93} INFO - downloading https://repo1.maven.org/maven2/com/typesafe/config/1.4.1/config-1.4.1.jar ...
[2025-05-17T15:42:58.760+0000] {subprocess.py:93} INFO - 	[SUCCESSFUL ] com.typesafe#config;1.4.1!config.jar(bundle) (151ms)
[2025-05-17T15:42:58.792+0000] {subprocess.py:93} INFO - downloading https://repo1.maven.org/maven2/org/slf4j/slf4j-api/1.7.26/slf4j-api-1.7.26.jar ...
[2025-05-17T15:42:58.856+0000] {subprocess.py:93} INFO - 	[SUCCESSFUL ] org.slf4j#slf4j-api;1.7.26!slf4j-api.jar (94ms)
[2025-05-17T15:42:58.896+0000] {subprocess.py:93} INFO - downloading https://repo1.maven.org/maven2/io/dropwizard/metrics/metrics-core/4.1.18/metrics-core-4.1.18.jar ...
[2025-05-17T15:42:58.990+0000] {subprocess.py:93} INFO - 	[SUCCESSFUL ] io.dropwizard.metrics#metrics-core;4.1.18!metrics-core.jar(bundle) (115ms)
[2025-05-17T15:42:59.002+0000] {subprocess.py:93} INFO - downloading https://repo1.maven.org/maven2/org/hdrhistogram/HdrHistogram/2.1.12/HdrHistogram-2.1.12.jar ...
[2025-05-17T15:42:59.093+0000] {subprocess.py:93} INFO - 	[SUCCESSFUL ] org.hdrhistogram#HdrHistogram;2.1.12!HdrHistogram.jar(bundle) (97ms)
[2025-05-17T15:42:59.138+0000] {subprocess.py:93} INFO - downloading https://repo1.maven.org/maven2/org/reactivestreams/reactive-streams/1.0.3/reactive-streams-1.0.3.jar ...
[2025-05-17T15:42:59.212+0000] {subprocess.py:93} INFO - 	[SUCCESSFUL ] org.reactivestreams#reactive-streams;1.0.3!reactive-streams.jar (128ms)
[2025-05-17T15:42:59.265+0000] {subprocess.py:93} INFO - downloading https://repo1.maven.org/maven2/com/github/stephenc/jcip/jcip-annotations/1.0-1/jcip-annotations-1.0-1.jar ...
[2025-05-17T15:42:59.307+0000] {subprocess.py:93} INFO - 	[SUCCESSFUL ] com.github.stephenc.jcip#jcip-annotations;1.0-1!jcip-annotations.jar (100ms)
[2025-05-17T15:42:59.353+0000] {subprocess.py:93} INFO - downloading https://repo1.maven.org/maven2/com/github/spotbugs/spotbugs-annotations/3.1.12/spotbugs-annotations-3.1.12.jar ...
[2025-05-17T15:42:59.402+0000] {subprocess.py:93} INFO - 	[SUCCESSFUL ] com.github.spotbugs#spotbugs-annotations;3.1.12!spotbugs-annotations.jar (86ms)
[2025-05-17T15:42:59.435+0000] {subprocess.py:93} INFO - downloading https://repo1.maven.org/maven2/com/google/code/findbugs/jsr305/3.0.2/jsr305-3.0.2.jar ...
[2025-05-17T15:42:59.476+0000] {subprocess.py:93} INFO - 	[SUCCESSFUL ] com.google.code.findbugs#jsr305;3.0.2!jsr305.jar (75ms)
[2025-05-17T15:42:59.538+0000] {subprocess.py:93} INFO - downloading https://repo1.maven.org/maven2/com/datastax/oss/java-driver-query-builder/4.13.0/java-driver-query-builder-4.13.0.jar ...
[2025-05-17T15:42:59.623+0000] {subprocess.py:93} INFO - 	[SUCCESSFUL ] com.datastax.oss#java-driver-query-builder;4.13.0!java-driver-query-builder.jar(bundle) (140ms)
[2025-05-17T15:42:59.651+0000] {subprocess.py:93} INFO - :: resolution report :: resolve 12111ms :: artifacts dl 4754ms
[2025-05-17T15:42:59.653+0000] {subprocess.py:93} INFO - 	:: modules in use:
[2025-05-17T15:42:59.664+0000] {subprocess.py:93} INFO - 	com.datastax.oss#java-driver-core-shaded;4.13.0 from central in [default]
[2025-05-17T15:42:59.674+0000] {subprocess.py:93} INFO - 	com.datastax.oss#java-driver-mapper-runtime;4.13.0 from central in [default]
[2025-05-17T15:42:59.683+0000] {subprocess.py:93} INFO - 	com.datastax.oss#java-driver-query-builder;4.13.0 from central in [default]
[2025-05-17T15:42:59.687+0000] {subprocess.py:93} INFO - 	com.datastax.oss#java-driver-shaded-guava;25.1-jre-graal-sub-1 from central in [default]
[2025-05-17T15:42:59.694+0000] {subprocess.py:93} INFO - 	com.datastax.oss#native-protocol;1.5.0 from central in [default]
[2025-05-17T15:42:59.697+0000] {subprocess.py:93} INFO - 	com.datastax.spark#spark-cassandra-connector-driver_2.12;3.5.0 from central in [default]
[2025-05-17T15:42:59.701+0000] {subprocess.py:93} INFO - 	com.datastax.spark#spark-cassandra-connector_2.12;3.5.0 from central in [default]
[2025-05-17T15:42:59.704+0000] {subprocess.py:93} INFO - 	com.github.spotbugs#spotbugs-annotations;3.1.12 from central in [default]
[2025-05-17T15:42:59.709+0000] {subprocess.py:93} INFO - 	com.github.stephenc.jcip#jcip-annotations;1.0-1 from central in [default]
[2025-05-17T15:42:59.719+0000] {subprocess.py:93} INFO - 	com.google.code.findbugs#jsr305;3.0.2 from central in [default]
[2025-05-17T15:42:59.722+0000] {subprocess.py:93} INFO - 	com.thoughtworks.paranamer#paranamer;2.8 from central in [default]
[2025-05-17T15:42:59.723+0000] {subprocess.py:93} INFO - 	com.typesafe#config;1.4.1 from central in [default]
[2025-05-17T15:42:59.728+0000] {subprocess.py:93} INFO - 	io.dropwizard.metrics#metrics-core;4.1.18 from central in [default]
[2025-05-17T15:42:59.746+0000] {subprocess.py:93} INFO - 	org.apache.commons#commons-lang3;3.10 from central in [default]
[2025-05-17T15:42:59.760+0000] {subprocess.py:93} INFO - 	org.hdrhistogram#HdrHistogram;2.1.12 from central in [default]
[2025-05-17T15:42:59.769+0000] {subprocess.py:93} INFO - 	org.reactivestreams#reactive-streams;1.0.3 from central in [default]
[2025-05-17T15:42:59.786+0000] {subprocess.py:93} INFO - 	org.scala-lang#scala-reflect;2.12.11 from central in [default]
[2025-05-17T15:42:59.799+0000] {subprocess.py:93} INFO - 	org.scala-lang.modules#scala-collection-compat_2.12;2.11.0 from central in [default]
[2025-05-17T15:42:59.820+0000] {subprocess.py:93} INFO - 	org.slf4j#slf4j-api;1.7.26 from central in [default]
[2025-05-17T15:42:59.824+0000] {subprocess.py:93} INFO - 	---------------------------------------------------------------------
[2025-05-17T15:42:59.837+0000] {subprocess.py:93} INFO - 	|                  |            modules            ||   artifacts   |
[2025-05-17T15:42:59.838+0000] {subprocess.py:93} INFO - 	|       conf       | number| search|dwnlded|evicted|| number|dwnlded|
[2025-05-17T15:42:59.843+0000] {subprocess.py:93} INFO - 	---------------------------------------------------------------------
[2025-05-17T15:42:59.846+0000] {subprocess.py:93} INFO - 	|      default     |   20  |   19  |   19  |   0   ||   19  |   19  |
[2025-05-17T15:42:59.853+0000] {subprocess.py:93} INFO - 	---------------------------------------------------------------------
[2025-05-17T15:42:59.862+0000] {subprocess.py:93} INFO - 
[2025-05-17T15:42:59.870+0000] {subprocess.py:93} INFO - :: problems summary ::
[2025-05-17T15:42:59.880+0000] {subprocess.py:93} INFO - :::: WARNINGS
[2025-05-17T15:42:59.894+0000] {subprocess.py:93} INFO - 	problem while downloading module descriptor: https://repo1.maven.org/maven2/org/apache/spark/spark-sql-kafka-0-10_2.12/3.5.0/spark-sql-kafka-0-10_2.12-3.5.0.pom: Downloaded file size (0) doesn't match expected Content Length (14867) for https://repo1.maven.org/maven2/org/apache/spark/spark-sql-kafka-0-10_2.12/3.5.0/spark-sql-kafka-0-10_2.12-3.5.0.pom. Please retry. (65ms)
[2025-05-17T15:42:59.908+0000] {subprocess.py:93} INFO - 
[2025-05-17T15:42:59.910+0000] {subprocess.py:93} INFO - 		module not found: org.apache.spark#spark-sql-kafka-0-10_2.12;3.5.0
[2025-05-17T15:42:59.912+0000] {subprocess.py:93} INFO - 
[2025-05-17T15:42:59.913+0000] {subprocess.py:93} INFO - 	==== local-m2-cache: tried
[2025-05-17T15:42:59.915+0000] {subprocess.py:93} INFO - 
[2025-05-17T15:42:59.916+0000] {subprocess.py:93} INFO - 	  file:/root/.m2/repository/org/apache/spark/spark-sql-kafka-0-10_2.12/3.5.0/spark-sql-kafka-0-10_2.12-3.5.0.pom
[2025-05-17T15:42:59.920+0000] {subprocess.py:93} INFO - 
[2025-05-17T15:42:59.922+0000] {subprocess.py:93} INFO - 	  -- artifact org.apache.spark#spark-sql-kafka-0-10_2.12;3.5.0!spark-sql-kafka-0-10_2.12.jar:
[2025-05-17T15:42:59.924+0000] {subprocess.py:93} INFO - 
[2025-05-17T15:42:59.925+0000] {subprocess.py:93} INFO - 	  file:/root/.m2/repository/org/apache/spark/spark-sql-kafka-0-10_2.12/3.5.0/spark-sql-kafka-0-10_2.12-3.5.0.jar
[2025-05-17T15:42:59.925+0000] {subprocess.py:93} INFO - 
[2025-05-17T15:42:59.926+0000] {subprocess.py:93} INFO - 	==== local-ivy-cache: tried
[2025-05-17T15:42:59.927+0000] {subprocess.py:93} INFO - 
[2025-05-17T15:42:59.928+0000] {subprocess.py:93} INFO - 	  /root/.ivy2/local/org.apache.spark/spark-sql-kafka-0-10_2.12/3.5.0/ivys/ivy.xml
[2025-05-17T15:42:59.929+0000] {subprocess.py:93} INFO - 
[2025-05-17T15:42:59.929+0000] {subprocess.py:93} INFO - 	  -- artifact org.apache.spark#spark-sql-kafka-0-10_2.12;3.5.0!spark-sql-kafka-0-10_2.12.jar:
[2025-05-17T15:42:59.930+0000] {subprocess.py:93} INFO - 
[2025-05-17T15:42:59.931+0000] {subprocess.py:93} INFO - 	  /root/.ivy2/local/org.apache.spark/spark-sql-kafka-0-10_2.12/3.5.0/jars/spark-sql-kafka-0-10_2.12.jar
[2025-05-17T15:42:59.932+0000] {subprocess.py:93} INFO - 
[2025-05-17T15:42:59.933+0000] {subprocess.py:93} INFO - 	==== central: tried
[2025-05-17T15:42:59.934+0000] {subprocess.py:93} INFO - 
[2025-05-17T15:42:59.937+0000] {subprocess.py:93} INFO - 	  https://repo1.maven.org/maven2/org/apache/spark/spark-sql-kafka-0-10_2.12/3.5.0/spark-sql-kafka-0-10_2.12-3.5.0.pom
[2025-05-17T15:42:59.938+0000] {subprocess.py:93} INFO - 
[2025-05-17T15:42:59.938+0000] {subprocess.py:93} INFO - 	==== spark-packages: tried
[2025-05-17T15:42:59.939+0000] {subprocess.py:93} INFO - 
[2025-05-17T15:42:59.940+0000] {subprocess.py:93} INFO - 	  https://repos.spark-packages.org/org/apache/spark/spark-sql-kafka-0-10_2.12/3.5.0/spark-sql-kafka-0-10_2.12-3.5.0.pom
[2025-05-17T15:42:59.940+0000] {subprocess.py:93} INFO - 
[2025-05-17T15:42:59.941+0000] {subprocess.py:93} INFO - 	  -- artifact org.apache.spark#spark-sql-kafka-0-10_2.12;3.5.0!spark-sql-kafka-0-10_2.12.jar:
[2025-05-17T15:42:59.942+0000] {subprocess.py:93} INFO - 
[2025-05-17T15:42:59.942+0000] {subprocess.py:93} INFO - 	  https://repos.spark-packages.org/org/apache/spark/spark-sql-kafka-0-10_2.12/3.5.0/spark-sql-kafka-0-10_2.12-3.5.0.jar
[2025-05-17T15:42:59.943+0000] {subprocess.py:93} INFO - 
[2025-05-17T15:42:59.943+0000] {subprocess.py:93} INFO - 		::::::::::::::::::::::::::::::::::::::::::::::
[2025-05-17T15:42:59.944+0000] {subprocess.py:93} INFO - 
[2025-05-17T15:42:59.944+0000] {subprocess.py:93} INFO - 		::          UNRESOLVED DEPENDENCIES         ::
[2025-05-17T15:42:59.945+0000] {subprocess.py:93} INFO - 
[2025-05-17T15:42:59.945+0000] {subprocess.py:93} INFO - 		::::::::::::::::::::::::::::::::::::::::::::::
[2025-05-17T15:42:59.946+0000] {subprocess.py:93} INFO - 
[2025-05-17T15:42:59.947+0000] {subprocess.py:93} INFO - 		:: org.apache.spark#spark-sql-kafka-0-10_2.12;3.5.0: not found
[2025-05-17T15:42:59.947+0000] {subprocess.py:93} INFO - 
[2025-05-17T15:42:59.948+0000] {subprocess.py:93} INFO - 		::::::::::::::::::::::::::::::::::::::::::::::
[2025-05-17T15:42:59.948+0000] {subprocess.py:93} INFO - 
[2025-05-17T15:42:59.949+0000] {subprocess.py:93} INFO - 
[2025-05-17T15:42:59.950+0000] {subprocess.py:93} INFO - 
[2025-05-17T15:42:59.952+0000] {subprocess.py:93} INFO - :: USE VERBOSE OR DEBUG MESSAGE LEVEL FOR MORE DETAILS
[2025-05-17T15:42:59.953+0000] {subprocess.py:93} INFO - Exception in thread "main" java.lang.RuntimeException: [unresolved dependency: org.apache.spark#spark-sql-kafka-0-10_2.12;3.5.0: not found]
[2025-05-17T15:42:59.954+0000] {subprocess.py:93} INFO - 	at org.apache.spark.deploy.SparkSubmitUtils$.resolveMavenCoordinates(SparkSubmit.scala:1608)
[2025-05-17T15:42:59.954+0000] {subprocess.py:93} INFO - 	at org.apache.spark.util.DependencyUtils$.resolveMavenDependencies(DependencyUtils.scala:185)
[2025-05-17T15:42:59.955+0000] {subprocess.py:93} INFO - 	at org.apache.spark.deploy.SparkSubmit.prepareSubmitEnvironment(SparkSubmit.scala:334)
[2025-05-17T15:42:59.955+0000] {subprocess.py:93} INFO - 	at org.apache.spark.deploy.SparkSubmit.org$apache$spark$deploy$SparkSubmit$$runMain(SparkSubmit.scala:964)
[2025-05-17T15:42:59.956+0000] {subprocess.py:93} INFO - 	at org.apache.spark.deploy.SparkSubmit.doRunMain$1(SparkSubmit.scala:194)
[2025-05-17T15:42:59.956+0000] {subprocess.py:93} INFO - 	at org.apache.spark.deploy.SparkSubmit.submit(SparkSubmit.scala:217)
[2025-05-17T15:42:59.957+0000] {subprocess.py:93} INFO - 	at org.apache.spark.deploy.SparkSubmit.doSubmit(SparkSubmit.scala:91)
[2025-05-17T15:42:59.958+0000] {subprocess.py:93} INFO - 	at org.apache.spark.deploy.SparkSubmit$$anon$2.doSubmit(SparkSubmit.scala:1120)
[2025-05-17T15:42:59.958+0000] {subprocess.py:93} INFO - 	at org.apache.spark.deploy.SparkSubmit$.main(SparkSubmit.scala:1129)
[2025-05-17T15:42:59.959+0000] {subprocess.py:93} INFO - 	at org.apache.spark.deploy.SparkSubmit.main(SparkSubmit.scala)
[2025-05-17T15:42:59.960+0000] {subprocess.py:97} INFO - Command exited with return code 1
[2025-05-17T15:42:59.990+0000] {taskinstance.py:1935} ERROR - Task failed with exception
Traceback (most recent call last):
  File "/home/airflow/.local/lib/python3.8/site-packages/airflow/operators/bash.py", line 210, in execute
    raise AirflowException(
airflow.exceptions.AirflowException: Bash command failed. The command returned a non-zero exit code 1.
[2025-05-17T15:42:59.997+0000] {taskinstance.py:1398} INFO - Marking task as UP_FOR_RETRY. dag_id=gold_news_pipeline, task_id=run_consumer, execution_date=20250517T154227, start_date=20250517T154235, end_date=20250517T154259
[2025-05-17T15:43:00.035+0000] {standard_task_runner.py:104} ERROR - Failed to execute job 7 for task run_consumer (Bash command failed. The command returned a non-zero exit code 1.; 4672)
[2025-05-17T15:43:00.057+0000] {local_task_job_runner.py:228} INFO - Task exited with return code 1
[2025-05-17T15:43:00.088+0000] {taskinstance.py:2776} INFO - 0 downstream tasks scheduled from follow-on schedule check
