[2025-05-03T21:54:49.425+0000] {taskinstance.py:1157} INFO - Dependencies all met for dep_context=non-requeueable deps ti=<TaskInstance: gold_pipeline.extract_gold_data manual__2025-05-03T21:54:37.179681+00:00 [queued]>
[2025-05-03T21:54:49.433+0000] {taskinstance.py:1157} INFO - Dependencies all met for dep_context=requeueable deps ti=<TaskInstance: gold_pipeline.extract_gold_data manual__2025-05-03T21:54:37.179681+00:00 [queued]>
[2025-05-03T21:54:49.434+0000] {taskinstance.py:1359} INFO - Starting attempt 1 of 1
[2025-05-03T21:54:49.450+0000] {taskinstance.py:1380} INFO - Executing <Task(PythonOperator): extract_gold_data> on 2025-05-03 21:54:37.179681+00:00
[2025-05-03T21:54:49.460+0000] {standard_task_runner.py:57} INFO - Started process 1620 to run task
[2025-05-03T21:54:49.463+0000] {standard_task_runner.py:84} INFO - Running: ['***', 'tasks', 'run', 'gold_pipeline', 'extract_gold_data', 'manual__2025-05-03T21:54:37.179681+00:00', '--job-id', '11', '--raw', '--subdir', 'DAGS_FOLDER/pipeline.py', '--cfg-path', '/tmp/tmpccesrs87']
[2025-05-03T21:54:49.468+0000] {standard_task_runner.py:85} INFO - Job 11: Subtask extract_gold_data
[2025-05-03T21:54:49.527+0000] {task_command.py:415} INFO - Running <TaskInstance: gold_pipeline.extract_gold_data manual__2025-05-03T21:54:37.179681+00:00 [running]> on host 889058e2ea92
[2025-05-03T21:54:49.616+0000] {taskinstance.py:1660} INFO - Exporting env vars: AIRFLOW_CTX_DAG_OWNER='***' AIRFLOW_CTX_DAG_ID='gold_pipeline' AIRFLOW_CTX_TASK_ID='extract_gold_data' AIRFLOW_CTX_EXECUTION_DATE='2025-05-03T21:54:37.179681+00:00' AIRFLOW_CTX_TRY_NUMBER='1' AIRFLOW_CTX_DAG_RUN_ID='manual__2025-05-03T21:54:37.179681+00:00'
[2025-05-03T21:54:51.493+0000] {logging_mixin.py:151} INFO - Aperçu des données récupérées :
[2025-05-03T21:54:51.508+0000] {logging_mixin.py:151} INFO -      raw_date source_name  ...  volume         ingestion_timestamp
0  2025-04-03    yfinance  ...   33938  2025-05-03T21:54:51.478128
1  2025-04-03    yfinance  ...   60663  2025-05-03T21:54:51.478324
2  2025-04-03    yfinance  ...  150653  2025-05-03T21:54:51.478439
3  2025-04-03    yfinance  ...   31441  2025-05-03T21:54:51.478540
4  2025-04-03    yfinance  ...    6239  2025-05-03T21:54:51.478657

[5 rows x 7 columns]
[2025-05-03T21:54:52.438+0000] {client.py:496} INFO - Writing to '/gold_datalake/raw/gold_prices/2025-05-03.csv'.
[2025-05-03T21:54:53.195+0000] {client.py:496} INFO - Writing to '/gold_datalake/raw/fed_rates/2025-05-03.csv'.
[2025-05-03T21:54:53.292+0000] {client.py:496} INFO - Writing to '/gold_datalake/raw/sp500/2025-05-03.csv'.
[2025-05-03T21:54:53.338+0000] {python.py:194} INFO - Done. Returned value was: (       raw_date source_name  ...  volume         ingestion_timestamp
0    2025-04-03    yfinance  ...   33938  2025-05-03T21:54:51.478128
1    2025-04-03    yfinance  ...   60663  2025-05-03T21:54:51.478324
2    2025-04-03    yfinance  ...  150653  2025-05-03T21:54:51.478439
3    2025-04-03    yfinance  ...   31441  2025-05-03T21:54:51.478540
4    2025-04-03    yfinance  ...    6239  2025-05-03T21:54:51.478657
..          ...         ...  ...     ...                         ...
124  2025-05-02    yfinance  ...   23620  2025-05-03T21:54:51.491286
125  2025-05-02    yfinance  ...   24181  2025-05-03T21:54:51.491403
126  2025-05-02    yfinance  ...   88349  2025-05-03T21:54:51.491520
127  2025-05-02    yfinance  ...   40792  2025-05-03T21:54:51.491641
128  2025-05-02    yfinance  ...    4215  2025-05-03T21:54:51.491760

[129 rows x 7 columns],          index       date  taux_fed
0   1954-07-01 1954-07-01      0.80
1   1954-08-01 1954-08-01      1.22
2   1954-09-01 1954-09-01      1.07
3   1954-10-01 1954-10-01      0.85
4   1954-11-01 1954-11-01      0.83
..         ...        ...       ...
845 2024-12-01 2024-12-01      4.48
846 2025-01-01 2025-01-01      4.33
847 2025-02-01 2025-02-01      4.33
848 2025-03-01 2025-03-01      4.33
849 2025-04-01 2025-04-01      4.33

[850 rows x 3 columns],                          date   prix_sp500  volume_sp500
0   2025-04-03 09:30:00-04:00  5451.799805             0
1   2025-04-03 10:30:00-04:00  5438.419922     694811000
2   2025-04-03 11:30:00-04:00  5479.060059     490837000
3   2025-04-03 12:30:00-04:00  5443.089844     384102000
4   2025-04-03 13:30:00-04:00  5427.810059     375569000
..                        ...          ...           ...
142 2025-05-02 11:30:00-04:00  5689.799805     323798847
143 2025-05-02 12:30:00-04:00  5685.370117     255668000
144 2025-05-02 13:30:00-04:00  5694.220215     232704000
145 2025-05-02 14:30:00-04:00  5693.879883     304353000
146 2025-05-02 15:30:00-04:00  5685.729980     439390000

[147 rows x 3 columns])
[2025-05-03T21:54:53.641+0000] {taskinstance.py:1398} INFO - Marking task as SUCCESS. dag_id=gold_pipeline, task_id=extract_gold_data, execution_date=20250503T215437, start_date=20250503T215449, end_date=20250503T215453
[2025-05-03T21:54:53.737+0000] {local_task_job_runner.py:228} INFO - Task exited with return code 0
[2025-05-03T21:54:53.798+0000] {taskinstance.py:2776} INFO - 1 downstream tasks scheduled from follow-on schedule check
