[2025-05-20T22:15:50.942+0000] {taskinstance.py:1157} INFO - Dependencies all met for dep_context=non-requeueable deps ti=<TaskInstance: gold_model_finetuning_bash_container.execute_fine_tune_in_container manual__2025-05-20T22:15:44.081363+00:00 [queued]>
[2025-05-20T22:15:50.975+0000] {taskinstance.py:1157} INFO - Dependencies all met for dep_context=requeueable deps ti=<TaskInstance: gold_model_finetuning_bash_container.execute_fine_tune_in_container manual__2025-05-20T22:15:44.081363+00:00 [queued]>
[2025-05-20T22:15:50.977+0000] {taskinstance.py:1359} INFO - Starting attempt 1 of 1
[2025-05-20T22:15:51.017+0000] {taskinstance.py:1380} INFO - Executing <Task(BashOperator): execute_fine_tune_in_container> on 2025-05-20 22:15:44.081363+00:00
[2025-05-20T22:15:51.035+0000] {standard_task_runner.py:57} INFO - Started process 765 to run task
[2025-05-20T22:15:51.044+0000] {standard_task_runner.py:84} INFO - Running: ['***', 'tasks', 'run', 'gold_model_finetuning_bash_container', 'execute_fine_tune_in_container', 'manual__2025-05-20T22:15:44.081363+00:00', '--job-id', '98', '--raw', '--subdir', 'DAGS_FOLDER/re_train.py', '--cfg-path', '/tmp/tmpyiw2vfgq']
[2025-05-20T22:15:51.056+0000] {standard_task_runner.py:85} INFO - Job 98: Subtask execute_fine_tune_in_container
[2025-05-20T22:15:51.189+0000] {task_command.py:415} INFO - Running <TaskInstance: gold_model_finetuning_bash_container.execute_fine_tune_in_container manual__2025-05-20T22:15:44.081363+00:00 [running]> on host a9ad06bbacca
[2025-05-20T22:15:51.386+0000] {taskinstance.py:1660} INFO - Exporting env vars: AIRFLOW_CTX_DAG_OWNER='***' AIRFLOW_CTX_DAG_ID='gold_model_finetuning_bash_container' AIRFLOW_CTX_TASK_ID='execute_fine_tune_in_container' AIRFLOW_CTX_EXECUTION_DATE='2025-05-20T22:15:44.081363+00:00' AIRFLOW_CTX_TRY_NUMBER='1' AIRFLOW_CTX_DAG_RUN_ID='manual__2025-05-20T22:15:44.081363+00:00'
[2025-05-20T22:15:51.390+0000] {subprocess.py:63} INFO - Tmp dir root location: /tmp
[2025-05-20T22:15:51.392+0000] {subprocess.py:75} INFO - Running command: ['/bin/bash', '-c', 'docker exec mlflow-container python3 /app/fine_tune_model.py --year 2025 --month 5 --run_id ed22ea46ca3c4109856a35c5c4a51030']
[2025-05-20T22:15:51.419+0000] {subprocess.py:86} INFO - Output:
[2025-05-20T22:15:55.459+0000] {subprocess.py:93} INFO - 2025-05-20 22:15:55,457 - INFO - Utilisation du mois spécifié pour le fine-tuning : 2025-05
[2025-05-20T22:15:55.461+0000] {subprocess.py:93} INFO - 2025-05-20 22:15:55,457 - INFO - Instantiated <InsecureClient(url='http://namenode:9870')>.
[2025-05-20T22:15:55.461+0000] {subprocess.py:93} INFO - 2025-05-20 22:15:55,458 - INFO - Connexion à HDFS réussie
[2025-05-20T22:15:55.462+0000] {subprocess.py:93} INFO - 2025-05-20 22:15:55,461 - INFO - Walking '/gold_price/aggregates/year=2025/month=5' (depth 0).
[2025-05-20T22:15:55.463+0000] {subprocess.py:93} INFO - 2025-05-20 22:15:55,462 - INFO - Fetching status for '/gold_price/aggregates/year=2025/month=5'.
[2025-05-20T22:15:55.489+0000] {subprocess.py:93} INFO - 2025-05-20 22:15:55,487 - INFO - Listing '/gold_price/aggregates/year=2025/month=5'.
[2025-05-20T22:15:55.498+0000] {subprocess.py:93} INFO - 2025-05-20 22:15:55,496 - INFO - Listing '/gold_price/aggregates/year=2025/month=5/day=19'.
[2025-05-20T22:15:55.510+0000] {subprocess.py:93} INFO - 2025-05-20 22:15:55,506 - INFO - Téléchargement de /gold_price/aggregates/year=2025/month=5/day=19/part-00000-7233b45a-f771-4fa6-ba0b-29d0487d32bf.c000.snappy.parquet vers /app/temp_month_data/part-00000-7233b45a-f771-4fa6-ba0b-29d0487d32bf.c000.snappy.parquet
[2025-05-20T22:15:55.513+0000] {subprocess.py:93} INFO - 2025-05-20 22:15:55,506 - INFO - Reading file '/gold_price/aggregates/year=2025/month=5/day=19/part-00000-7233b45a-f771-4fa6-ba0b-29d0487d32bf.c000.snappy.parquet'.
[2025-05-20T22:15:55.570+0000] {subprocess.py:93} INFO - 2025-05-20 22:15:55,565 - INFO - Téléchargement de /gold_price/aggregates/year=2025/month=5/day=19/part-00000-7344ee69-580c-4207-ba94-d88d46337d4a.c000.snappy.parquet vers /app/temp_month_data/part-00000-7344ee69-580c-4207-ba94-d88d46337d4a.c000.snappy.parquet
[2025-05-20T22:15:55.572+0000] {subprocess.py:93} INFO - 2025-05-20 22:15:55,565 - INFO - Reading file '/gold_price/aggregates/year=2025/month=5/day=19/part-00000-7344ee69-580c-4207-ba94-d88d46337d4a.c000.snappy.parquet'.
[2025-05-20T22:15:55.599+0000] {subprocess.py:93} INFO - 2025-05-20 22:15:55,597 - INFO - Téléchargement de /gold_price/aggregates/year=2025/month=5/day=19/part-00000-af46b234-0b9d-4b14-8034-fc147c5e106c.c000.snappy.parquet vers /app/temp_month_data/part-00000-af46b234-0b9d-4b14-8034-fc147c5e106c.c000.snappy.parquet
[2025-05-20T22:15:55.600+0000] {subprocess.py:93} INFO - 2025-05-20 22:15:55,597 - INFO - Reading file '/gold_price/aggregates/year=2025/month=5/day=19/part-00000-af46b234-0b9d-4b14-8034-fc147c5e106c.c000.snappy.parquet'.
[2025-05-20T22:15:55.637+0000] {subprocess.py:93} INFO - 2025-05-20 22:15:55,634 - INFO - Téléchargement de /gold_price/aggregates/year=2025/month=5/day=19/part-00000-daaaaa63-8335-4b1c-ade8-dfb3c7483cc3.c000.snappy.parquet vers /app/temp_month_data/part-00000-daaaaa63-8335-4b1c-ade8-dfb3c7483cc3.c000.snappy.parquet
[2025-05-20T22:15:55.638+0000] {subprocess.py:93} INFO - 2025-05-20 22:15:55,634 - INFO - Reading file '/gold_price/aggregates/year=2025/month=5/day=19/part-00000-daaaaa63-8335-4b1c-ade8-dfb3c7483cc3.c000.snappy.parquet'.
[2025-05-20T22:15:55.664+0000] {subprocess.py:93} INFO - 2025-05-20 22:15:55,661 - INFO - Listing '/gold_price/aggregates/year=2025/month=5/day=20'.
[2025-05-20T22:15:55.687+0000] {subprocess.py:93} INFO - 2025-05-20 22:15:55,685 - INFO - Téléchargement de /gold_price/aggregates/year=2025/month=5/day=20/part-00000-00fc7cff-2ce7-4e83-ad9a-492f561249e6.c000.snappy.parquet vers /app/temp_month_data/part-00000-00fc7cff-2ce7-4e83-ad9a-492f561249e6.c000.snappy.parquet
[2025-05-20T22:15:55.688+0000] {subprocess.py:93} INFO - 2025-05-20 22:15:55,685 - INFO - Reading file '/gold_price/aggregates/year=2025/month=5/day=20/part-00000-00fc7cff-2ce7-4e83-ad9a-492f561249e6.c000.snappy.parquet'.
[2025-05-20T22:15:55.717+0000] {subprocess.py:93} INFO - 2025-05-20 22:15:55,715 - INFO - Téléchargement de /gold_price/aggregates/year=2025/month=5/day=20/part-00000-054a50e7-41b9-4675-9c20-f7aebe0817f9.c000.snappy.parquet vers /app/temp_month_data/part-00000-054a50e7-41b9-4675-9c20-f7aebe0817f9.c000.snappy.parquet
[2025-05-20T22:15:55.718+0000] {subprocess.py:93} INFO - 2025-05-20 22:15:55,715 - INFO - Reading file '/gold_price/aggregates/year=2025/month=5/day=20/part-00000-054a50e7-41b9-4675-9c20-f7aebe0817f9.c000.snappy.parquet'.
[2025-05-20T22:15:55.755+0000] {subprocess.py:93} INFO - 2025-05-20 22:15:55,753 - INFO - Téléchargement de /gold_price/aggregates/year=2025/month=5/day=20/part-00000-05a3e3d0-acb9-4a7a-b444-6f8473b42a83.c000.snappy.parquet vers /app/temp_month_data/part-00000-05a3e3d0-acb9-4a7a-b444-6f8473b42a83.c000.snappy.parquet
[2025-05-20T22:15:55.757+0000] {subprocess.py:93} INFO - 2025-05-20 22:15:55,753 - INFO - Reading file '/gold_price/aggregates/year=2025/month=5/day=20/part-00000-05a3e3d0-acb9-4a7a-b444-6f8473b42a83.c000.snappy.parquet'.
[2025-05-20T22:15:55.779+0000] {subprocess.py:93} INFO - 2025-05-20 22:15:55,776 - INFO - Téléchargement de /gold_price/aggregates/year=2025/month=5/day=20/part-00000-08d703d7-c799-49fe-a086-f75561b038bf.c000.snappy.parquet vers /app/temp_month_data/part-00000-08d703d7-c799-49fe-a086-f75561b038bf.c000.snappy.parquet
[2025-05-20T22:15:55.780+0000] {subprocess.py:93} INFO - 2025-05-20 22:15:55,777 - INFO - Reading file '/gold_price/aggregates/year=2025/month=5/day=20/part-00000-08d703d7-c799-49fe-a086-f75561b038bf.c000.snappy.parquet'.
[2025-05-20T22:15:55.801+0000] {subprocess.py:93} INFO - 2025-05-20 22:15:55,800 - INFO - Téléchargement de /gold_price/aggregates/year=2025/month=5/day=20/part-00000-0c94b998-7e71-439f-9195-88d29f7e23de.c000.snappy.parquet vers /app/temp_month_data/part-00000-0c94b998-7e71-439f-9195-88d29f7e23de.c000.snappy.parquet
[2025-05-20T22:15:55.803+0000] {subprocess.py:93} INFO - 2025-05-20 22:15:55,800 - INFO - Reading file '/gold_price/aggregates/year=2025/month=5/day=20/part-00000-0c94b998-7e71-439f-9195-88d29f7e23de.c000.snappy.parquet'.
[2025-05-20T22:15:55.825+0000] {subprocess.py:93} INFO - 2025-05-20 22:15:55,823 - INFO - Téléchargement de /gold_price/aggregates/year=2025/month=5/day=20/part-00000-0eb651cf-f7cd-4341-a9fd-87ac029349f3.c000.snappy.parquet vers /app/temp_month_data/part-00000-0eb651cf-f7cd-4341-a9fd-87ac029349f3.c000.snappy.parquet
[2025-05-20T22:15:55.827+0000] {subprocess.py:93} INFO - 2025-05-20 22:15:55,824 - INFO - Reading file '/gold_price/aggregates/year=2025/month=5/day=20/part-00000-0eb651cf-f7cd-4341-a9fd-87ac029349f3.c000.snappy.parquet'.
[2025-05-20T22:15:55.851+0000] {subprocess.py:93} INFO - 2025-05-20 22:15:55,849 - INFO - Téléchargement de /gold_price/aggregates/year=2025/month=5/day=20/part-00000-0fbd98bd-d28b-4cf6-9385-1a8b94ca8079.c000.snappy.parquet vers /app/temp_month_data/part-00000-0fbd98bd-d28b-4cf6-9385-1a8b94ca8079.c000.snappy.parquet
[2025-05-20T22:15:55.852+0000] {subprocess.py:93} INFO - 2025-05-20 22:15:55,849 - INFO - Reading file '/gold_price/aggregates/year=2025/month=5/day=20/part-00000-0fbd98bd-d28b-4cf6-9385-1a8b94ca8079.c000.snappy.parquet'.
[2025-05-20T22:15:55.874+0000] {subprocess.py:93} INFO - 2025-05-20 22:15:55,872 - INFO - Téléchargement de /gold_price/aggregates/year=2025/month=5/day=20/part-00000-19ff9577-2ab0-4d92-82c4-836bbe6b2f45.c000.snappy.parquet vers /app/temp_month_data/part-00000-19ff9577-2ab0-4d92-82c4-836bbe6b2f45.c000.snappy.parquet
[2025-05-20T22:15:55.875+0000] {subprocess.py:93} INFO - 2025-05-20 22:15:55,872 - INFO - Reading file '/gold_price/aggregates/year=2025/month=5/day=20/part-00000-19ff9577-2ab0-4d92-82c4-836bbe6b2f45.c000.snappy.parquet'.
[2025-05-20T22:15:55.897+0000] {subprocess.py:93} INFO - 2025-05-20 22:15:55,894 - INFO - Téléchargement de /gold_price/aggregates/year=2025/month=5/day=20/part-00000-1a8df165-6610-4aac-a0be-beaf4560006a.c000.snappy.parquet vers /app/temp_month_data/part-00000-1a8df165-6610-4aac-a0be-beaf4560006a.c000.snappy.parquet
[2025-05-20T22:15:55.898+0000] {subprocess.py:93} INFO - 2025-05-20 22:15:55,895 - INFO - Reading file '/gold_price/aggregates/year=2025/month=5/day=20/part-00000-1a8df165-6610-4aac-a0be-beaf4560006a.c000.snappy.parquet'.
[2025-05-20T22:15:55.921+0000] {subprocess.py:93} INFO - 2025-05-20 22:15:55,919 - INFO - Téléchargement de /gold_price/aggregates/year=2025/month=5/day=20/part-00000-1b81781b-94bc-4f35-88af-775c4a9e4292.c000.snappy.parquet vers /app/temp_month_data/part-00000-1b81781b-94bc-4f35-88af-775c4a9e4292.c000.snappy.parquet
[2025-05-20T22:15:55.921+0000] {subprocess.py:93} INFO - 2025-05-20 22:15:55,919 - INFO - Reading file '/gold_price/aggregates/year=2025/month=5/day=20/part-00000-1b81781b-94bc-4f35-88af-775c4a9e4292.c000.snappy.parquet'.
[2025-05-20T22:15:55.946+0000] {subprocess.py:93} INFO - 2025-05-20 22:15:55,942 - INFO - Téléchargement de /gold_price/aggregates/year=2025/month=5/day=20/part-00000-232bccac-9899-4ad2-bc35-0d615e0aaffd.c000.snappy.parquet vers /app/temp_month_data/part-00000-232bccac-9899-4ad2-bc35-0d615e0aaffd.c000.snappy.parquet
[2025-05-20T22:15:55.947+0000] {subprocess.py:93} INFO - 2025-05-20 22:15:55,943 - INFO - Reading file '/gold_price/aggregates/year=2025/month=5/day=20/part-00000-232bccac-9899-4ad2-bc35-0d615e0aaffd.c000.snappy.parquet'.
[2025-05-20T22:15:55.975+0000] {subprocess.py:93} INFO - 2025-05-20 22:15:55,973 - INFO - Téléchargement de /gold_price/aggregates/year=2025/month=5/day=20/part-00000-2848ff89-42c3-4aef-a1dd-92d5701dcdc4.c000.snappy.parquet vers /app/temp_month_data/part-00000-2848ff89-42c3-4aef-a1dd-92d5701dcdc4.c000.snappy.parquet
[2025-05-20T22:15:55.976+0000] {subprocess.py:93} INFO - 2025-05-20 22:15:55,973 - INFO - Reading file '/gold_price/aggregates/year=2025/month=5/day=20/part-00000-2848ff89-42c3-4aef-a1dd-92d5701dcdc4.c000.snappy.parquet'.
[2025-05-20T22:15:56.000+0000] {subprocess.py:93} INFO - 2025-05-20 22:15:55,998 - INFO - Téléchargement de /gold_price/aggregates/year=2025/month=5/day=20/part-00000-30454c62-6d40-4a23-99f3-96bb181a6d32.c000.snappy.parquet vers /app/temp_month_data/part-00000-30454c62-6d40-4a23-99f3-96bb181a6d32.c000.snappy.parquet
[2025-05-20T22:15:56.001+0000] {subprocess.py:93} INFO - 2025-05-20 22:15:55,998 - INFO - Reading file '/gold_price/aggregates/year=2025/month=5/day=20/part-00000-30454c62-6d40-4a23-99f3-96bb181a6d32.c000.snappy.parquet'.
[2025-05-20T22:15:56.025+0000] {subprocess.py:93} INFO - 2025-05-20 22:15:56,023 - INFO - Téléchargement de /gold_price/aggregates/year=2025/month=5/day=20/part-00000-30dee07d-6a97-45cd-9731-d6ea3d40b3cf.c000.snappy.parquet vers /app/temp_month_data/part-00000-30dee07d-6a97-45cd-9731-d6ea3d40b3cf.c000.snappy.parquet
[2025-05-20T22:15:56.026+0000] {subprocess.py:93} INFO - 2025-05-20 22:15:56,023 - INFO - Reading file '/gold_price/aggregates/year=2025/month=5/day=20/part-00000-30dee07d-6a97-45cd-9731-d6ea3d40b3cf.c000.snappy.parquet'.
[2025-05-20T22:15:56.048+0000] {subprocess.py:93} INFO - 2025-05-20 22:15:56,046 - INFO - Téléchargement de /gold_price/aggregates/year=2025/month=5/day=20/part-00000-3111d7cf-a551-4893-9aac-4a3e6e809c66.c000.snappy.parquet vers /app/temp_month_data/part-00000-3111d7cf-a551-4893-9aac-4a3e6e809c66.c000.snappy.parquet
[2025-05-20T22:15:56.049+0000] {subprocess.py:93} INFO - 2025-05-20 22:15:56,046 - INFO - Reading file '/gold_price/aggregates/year=2025/month=5/day=20/part-00000-3111d7cf-a551-4893-9aac-4a3e6e809c66.c000.snappy.parquet'.
[2025-05-20T22:15:56.071+0000] {subprocess.py:93} INFO - 2025-05-20 22:15:56,069 - INFO - Téléchargement de /gold_price/aggregates/year=2025/month=5/day=20/part-00000-3397e82c-03a9-418d-bc5d-7530ea630e1e.c000.snappy.parquet vers /app/temp_month_data/part-00000-3397e82c-03a9-418d-bc5d-7530ea630e1e.c000.snappy.parquet
[2025-05-20T22:15:56.072+0000] {subprocess.py:93} INFO - 2025-05-20 22:15:56,069 - INFO - Reading file '/gold_price/aggregates/year=2025/month=5/day=20/part-00000-3397e82c-03a9-418d-bc5d-7530ea630e1e.c000.snappy.parquet'.
[2025-05-20T22:15:56.097+0000] {subprocess.py:93} INFO - 2025-05-20 22:15:56,093 - INFO - Téléchargement de /gold_price/aggregates/year=2025/month=5/day=20/part-00000-359b8d05-c681-49dd-a588-0fcbe4457411.c000.snappy.parquet vers /app/temp_month_data/part-00000-359b8d05-c681-49dd-a588-0fcbe4457411.c000.snappy.parquet
[2025-05-20T22:15:56.098+0000] {subprocess.py:93} INFO - 2025-05-20 22:15:56,094 - INFO - Reading file '/gold_price/aggregates/year=2025/month=5/day=20/part-00000-359b8d05-c681-49dd-a588-0fcbe4457411.c000.snappy.parquet'.
[2025-05-20T22:15:56.125+0000] {subprocess.py:93} INFO - 2025-05-20 22:15:56,123 - INFO - Téléchargement de /gold_price/aggregates/year=2025/month=5/day=20/part-00000-370a9407-c0f1-48d5-9488-d3904de1b617.c000.snappy.parquet vers /app/temp_month_data/part-00000-370a9407-c0f1-48d5-9488-d3904de1b617.c000.snappy.parquet
[2025-05-20T22:15:56.127+0000] {subprocess.py:93} INFO - 2025-05-20 22:15:56,124 - INFO - Reading file '/gold_price/aggregates/year=2025/month=5/day=20/part-00000-370a9407-c0f1-48d5-9488-d3904de1b617.c000.snappy.parquet'.
[2025-05-20T22:15:56.156+0000] {subprocess.py:93} INFO - 2025-05-20 22:15:56,154 - INFO - Téléchargement de /gold_price/aggregates/year=2025/month=5/day=20/part-00000-3a073e2e-eb0c-4a03-99f7-f5bc661b0bbc.c000.snappy.parquet vers /app/temp_month_data/part-00000-3a073e2e-eb0c-4a03-99f7-f5bc661b0bbc.c000.snappy.parquet
[2025-05-20T22:15:56.158+0000] {subprocess.py:93} INFO - 2025-05-20 22:15:56,154 - INFO - Reading file '/gold_price/aggregates/year=2025/month=5/day=20/part-00000-3a073e2e-eb0c-4a03-99f7-f5bc661b0bbc.c000.snappy.parquet'.
[2025-05-20T22:15:56.189+0000] {subprocess.py:93} INFO - 2025-05-20 22:15:56,186 - INFO - Téléchargement de /gold_price/aggregates/year=2025/month=5/day=20/part-00000-3ec51940-8354-4800-b4ba-55466bf26702.c000.snappy.parquet vers /app/temp_month_data/part-00000-3ec51940-8354-4800-b4ba-55466bf26702.c000.snappy.parquet
[2025-05-20T22:15:56.190+0000] {subprocess.py:93} INFO - 2025-05-20 22:15:56,187 - INFO - Reading file '/gold_price/aggregates/year=2025/month=5/day=20/part-00000-3ec51940-8354-4800-b4ba-55466bf26702.c000.snappy.parquet'.
[2025-05-20T22:15:56.224+0000] {subprocess.py:93} INFO - 2025-05-20 22:15:56,221 - INFO - Téléchargement de /gold_price/aggregates/year=2025/month=5/day=20/part-00000-40a8a615-ef37-44f1-92e5-c46ab8b9db84.c000.snappy.parquet vers /app/temp_month_data/part-00000-40a8a615-ef37-44f1-92e5-c46ab8b9db84.c000.snappy.parquet
[2025-05-20T22:15:56.224+0000] {subprocess.py:93} INFO - 2025-05-20 22:15:56,222 - INFO - Reading file '/gold_price/aggregates/year=2025/month=5/day=20/part-00000-40a8a615-ef37-44f1-92e5-c46ab8b9db84.c000.snappy.parquet'.
[2025-05-20T22:15:56.246+0000] {subprocess.py:93} INFO - 2025-05-20 22:15:56,245 - INFO - Téléchargement de /gold_price/aggregates/year=2025/month=5/day=20/part-00000-4560068c-2d12-4ab9-a39f-3b6c3d7d7dff.c000.snappy.parquet vers /app/temp_month_data/part-00000-4560068c-2d12-4ab9-a39f-3b6c3d7d7dff.c000.snappy.parquet
[2025-05-20T22:15:56.247+0000] {subprocess.py:93} INFO - 2025-05-20 22:15:56,245 - INFO - Reading file '/gold_price/aggregates/year=2025/month=5/day=20/part-00000-4560068c-2d12-4ab9-a39f-3b6c3d7d7dff.c000.snappy.parquet'.
[2025-05-20T22:15:56.269+0000] {subprocess.py:93} INFO - 2025-05-20 22:15:56,265 - INFO - Téléchargement de /gold_price/aggregates/year=2025/month=5/day=20/part-00000-48356c07-3f29-4fac-a44c-207b648fb385.c000.snappy.parquet vers /app/temp_month_data/part-00000-48356c07-3f29-4fac-a44c-207b648fb385.c000.snappy.parquet
[2025-05-20T22:15:56.270+0000] {subprocess.py:93} INFO - 2025-05-20 22:15:56,266 - INFO - Reading file '/gold_price/aggregates/year=2025/month=5/day=20/part-00000-48356c07-3f29-4fac-a44c-207b648fb385.c000.snappy.parquet'.
[2025-05-20T22:15:56.292+0000] {subprocess.py:93} INFO - 2025-05-20 22:15:56,290 - INFO - Téléchargement de /gold_price/aggregates/year=2025/month=5/day=20/part-00000-489aea54-82e6-4dcb-b921-5f11131feb57.c000.snappy.parquet vers /app/temp_month_data/part-00000-489aea54-82e6-4dcb-b921-5f11131feb57.c000.snappy.parquet
[2025-05-20T22:15:56.293+0000] {subprocess.py:93} INFO - 2025-05-20 22:15:56,291 - INFO - Reading file '/gold_price/aggregates/year=2025/month=5/day=20/part-00000-489aea54-82e6-4dcb-b921-5f11131feb57.c000.snappy.parquet'.
[2025-05-20T22:15:56.319+0000] {subprocess.py:93} INFO - 2025-05-20 22:15:56,313 - INFO - Téléchargement de /gold_price/aggregates/year=2025/month=5/day=20/part-00000-4bf80aa9-f20d-4d7d-9337-d5b384386c02.c000.snappy.parquet vers /app/temp_month_data/part-00000-4bf80aa9-f20d-4d7d-9337-d5b384386c02.c000.snappy.parquet
[2025-05-20T22:15:56.320+0000] {subprocess.py:93} INFO - 2025-05-20 22:15:56,314 - INFO - Reading file '/gold_price/aggregates/year=2025/month=5/day=20/part-00000-4bf80aa9-f20d-4d7d-9337-d5b384386c02.c000.snappy.parquet'.
[2025-05-20T22:15:56.342+0000] {subprocess.py:93} INFO - 2025-05-20 22:15:56,340 - INFO - Téléchargement de /gold_price/aggregates/year=2025/month=5/day=20/part-00000-50973a59-244d-48a0-b62e-bd15997b31c9.c000.snappy.parquet vers /app/temp_month_data/part-00000-50973a59-244d-48a0-b62e-bd15997b31c9.c000.snappy.parquet
[2025-05-20T22:15:56.343+0000] {subprocess.py:93} INFO - 2025-05-20 22:15:56,340 - INFO - Reading file '/gold_price/aggregates/year=2025/month=5/day=20/part-00000-50973a59-244d-48a0-b62e-bd15997b31c9.c000.snappy.parquet'.
[2025-05-20T22:15:56.365+0000] {subprocess.py:93} INFO - 2025-05-20 22:15:56,362 - INFO - Téléchargement de /gold_price/aggregates/year=2025/month=5/day=20/part-00000-53e28f23-aaf9-4ecb-9f91-014d26c53f9b.c000.snappy.parquet vers /app/temp_month_data/part-00000-53e28f23-aaf9-4ecb-9f91-014d26c53f9b.c000.snappy.parquet
[2025-05-20T22:15:56.367+0000] {subprocess.py:93} INFO - 2025-05-20 22:15:56,363 - INFO - Reading file '/gold_price/aggregates/year=2025/month=5/day=20/part-00000-53e28f23-aaf9-4ecb-9f91-014d26c53f9b.c000.snappy.parquet'.
[2025-05-20T22:15:56.396+0000] {subprocess.py:93} INFO - 2025-05-20 22:15:56,394 - INFO - Téléchargement de /gold_price/aggregates/year=2025/month=5/day=20/part-00000-53fcec49-c213-4073-84bb-5f82d58524f3.c000.snappy.parquet vers /app/temp_month_data/part-00000-53fcec49-c213-4073-84bb-5f82d58524f3.c000.snappy.parquet
[2025-05-20T22:15:56.397+0000] {subprocess.py:93} INFO - 2025-05-20 22:15:56,394 - INFO - Reading file '/gold_price/aggregates/year=2025/month=5/day=20/part-00000-53fcec49-c213-4073-84bb-5f82d58524f3.c000.snappy.parquet'.
[2025-05-20T22:15:56.421+0000] {subprocess.py:93} INFO - 2025-05-20 22:15:56,418 - INFO - Téléchargement de /gold_price/aggregates/year=2025/month=5/day=20/part-00000-540e33dc-27e0-445a-be47-5866d30c2485.c000.snappy.parquet vers /app/temp_month_data/part-00000-540e33dc-27e0-445a-be47-5866d30c2485.c000.snappy.parquet
[2025-05-20T22:15:56.422+0000] {subprocess.py:93} INFO - 2025-05-20 22:15:56,419 - INFO - Reading file '/gold_price/aggregates/year=2025/month=5/day=20/part-00000-540e33dc-27e0-445a-be47-5866d30c2485.c000.snappy.parquet'.
[2025-05-20T22:15:56.441+0000] {subprocess.py:93} INFO - 2025-05-20 22:15:56,439 - INFO - Téléchargement de /gold_price/aggregates/year=2025/month=5/day=20/part-00000-5615ad19-f8d5-47ed-8f87-afda31328c5c.c000.snappy.parquet vers /app/temp_month_data/part-00000-5615ad19-f8d5-47ed-8f87-afda31328c5c.c000.snappy.parquet
[2025-05-20T22:15:56.442+0000] {subprocess.py:93} INFO - 2025-05-20 22:15:56,440 - INFO - Reading file '/gold_price/aggregates/year=2025/month=5/day=20/part-00000-5615ad19-f8d5-47ed-8f87-afda31328c5c.c000.snappy.parquet'.
[2025-05-20T22:15:56.463+0000] {subprocess.py:93} INFO - 2025-05-20 22:15:56,462 - INFO - Téléchargement de /gold_price/aggregates/year=2025/month=5/day=20/part-00000-57092bdd-038a-4634-a97f-265d59e86b60.c000.snappy.parquet vers /app/temp_month_data/part-00000-57092bdd-038a-4634-a97f-265d59e86b60.c000.snappy.parquet
[2025-05-20T22:15:56.464+0000] {subprocess.py:93} INFO - 2025-05-20 22:15:56,462 - INFO - Reading file '/gold_price/aggregates/year=2025/month=5/day=20/part-00000-57092bdd-038a-4634-a97f-265d59e86b60.c000.snappy.parquet'.
[2025-05-20T22:15:56.496+0000] {subprocess.py:93} INFO - 2025-05-20 22:15:56,487 - INFO - Téléchargement de /gold_price/aggregates/year=2025/month=5/day=20/part-00000-57701176-bd96-49d0-b68e-e23c7f47a093.c000.snappy.parquet vers /app/temp_month_data/part-00000-57701176-bd96-49d0-b68e-e23c7f47a093.c000.snappy.parquet
[2025-05-20T22:15:56.497+0000] {subprocess.py:93} INFO - 2025-05-20 22:15:56,487 - INFO - Reading file '/gold_price/aggregates/year=2025/month=5/day=20/part-00000-57701176-bd96-49d0-b68e-e23c7f47a093.c000.snappy.parquet'.
[2025-05-20T22:15:56.523+0000] {subprocess.py:93} INFO - 2025-05-20 22:15:56,519 - INFO - Téléchargement de /gold_price/aggregates/year=2025/month=5/day=20/part-00000-59e8edcf-092c-4cbb-8d9b-a231ea20d8f5.c000.snappy.parquet vers /app/temp_month_data/part-00000-59e8edcf-092c-4cbb-8d9b-a231ea20d8f5.c000.snappy.parquet
[2025-05-20T22:15:56.524+0000] {subprocess.py:93} INFO - 2025-05-20 22:15:56,519 - INFO - Reading file '/gold_price/aggregates/year=2025/month=5/day=20/part-00000-59e8edcf-092c-4cbb-8d9b-a231ea20d8f5.c000.snappy.parquet'.
[2025-05-20T22:15:56.549+0000] {subprocess.py:93} INFO - 2025-05-20 22:15:56,546 - INFO - Téléchargement de /gold_price/aggregates/year=2025/month=5/day=20/part-00000-5da2c983-168b-471d-917e-6f6208257995.c000.snappy.parquet vers /app/temp_month_data/part-00000-5da2c983-168b-471d-917e-6f6208257995.c000.snappy.parquet
[2025-05-20T22:15:56.550+0000] {subprocess.py:93} INFO - 2025-05-20 22:15:56,546 - INFO - Reading file '/gold_price/aggregates/year=2025/month=5/day=20/part-00000-5da2c983-168b-471d-917e-6f6208257995.c000.snappy.parquet'.
[2025-05-20T22:15:56.577+0000] {subprocess.py:93} INFO - 2025-05-20 22:15:56,573 - INFO - Téléchargement de /gold_price/aggregates/year=2025/month=5/day=20/part-00000-5e2b5636-93e2-4a0d-ac68-4176deee056f.c000.snappy.parquet vers /app/temp_month_data/part-00000-5e2b5636-93e2-4a0d-ac68-4176deee056f.c000.snappy.parquet
[2025-05-20T22:15:56.578+0000] {subprocess.py:93} INFO - 2025-05-20 22:15:56,574 - INFO - Reading file '/gold_price/aggregates/year=2025/month=5/day=20/part-00000-5e2b5636-93e2-4a0d-ac68-4176deee056f.c000.snappy.parquet'.
[2025-05-20T22:15:56.599+0000] {subprocess.py:93} INFO - 2025-05-20 22:15:56,597 - INFO - Téléchargement de /gold_price/aggregates/year=2025/month=5/day=20/part-00000-5f8b3c70-72e3-48d2-b514-67b9b85c27d8.c000.snappy.parquet vers /app/temp_month_data/part-00000-5f8b3c70-72e3-48d2-b514-67b9b85c27d8.c000.snappy.parquet
[2025-05-20T22:15:56.601+0000] {subprocess.py:93} INFO - 2025-05-20 22:15:56,597 - INFO - Reading file '/gold_price/aggregates/year=2025/month=5/day=20/part-00000-5f8b3c70-72e3-48d2-b514-67b9b85c27d8.c000.snappy.parquet'.
[2025-05-20T22:15:56.625+0000] {subprocess.py:93} INFO - 2025-05-20 22:15:56,621 - INFO - Téléchargement de /gold_price/aggregates/year=2025/month=5/day=20/part-00000-65f63177-ee41-4e10-95c6-3b72caa4a926.c000.snappy.parquet vers /app/temp_month_data/part-00000-65f63177-ee41-4e10-95c6-3b72caa4a926.c000.snappy.parquet
[2025-05-20T22:15:56.627+0000] {subprocess.py:93} INFO - 2025-05-20 22:15:56,622 - INFO - Reading file '/gold_price/aggregates/year=2025/month=5/day=20/part-00000-65f63177-ee41-4e10-95c6-3b72caa4a926.c000.snappy.parquet'.
[2025-05-20T22:15:56.650+0000] {subprocess.py:93} INFO - 2025-05-20 22:15:56,647 - INFO - Téléchargement de /gold_price/aggregates/year=2025/month=5/day=20/part-00000-665e019b-9b50-4591-8615-9e7e45efa1cd.c000.snappy.parquet vers /app/temp_month_data/part-00000-665e019b-9b50-4591-8615-9e7e45efa1cd.c000.snappy.parquet
[2025-05-20T22:15:56.651+0000] {subprocess.py:93} INFO - 2025-05-20 22:15:56,647 - INFO - Reading file '/gold_price/aggregates/year=2025/month=5/day=20/part-00000-665e019b-9b50-4591-8615-9e7e45efa1cd.c000.snappy.parquet'.
[2025-05-20T22:15:56.677+0000] {subprocess.py:93} INFO - 2025-05-20 22:15:56,673 - INFO - Téléchargement de /gold_price/aggregates/year=2025/month=5/day=20/part-00000-66ac463a-f877-43aa-9f3e-361add773121.c000.snappy.parquet vers /app/temp_month_data/part-00000-66ac463a-f877-43aa-9f3e-361add773121.c000.snappy.parquet
[2025-05-20T22:15:56.678+0000] {subprocess.py:93} INFO - 2025-05-20 22:15:56,674 - INFO - Reading file '/gold_price/aggregates/year=2025/month=5/day=20/part-00000-66ac463a-f877-43aa-9f3e-361add773121.c000.snappy.parquet'.
[2025-05-20T22:15:56.700+0000] {subprocess.py:93} INFO - 2025-05-20 22:15:56,698 - INFO - Téléchargement de /gold_price/aggregates/year=2025/month=5/day=20/part-00000-6839d727-09b9-436d-8e8c-0cc1101aa08f.c000.snappy.parquet vers /app/temp_month_data/part-00000-6839d727-09b9-436d-8e8c-0cc1101aa08f.c000.snappy.parquet
[2025-05-20T22:15:56.701+0000] {subprocess.py:93} INFO - 2025-05-20 22:15:56,698 - INFO - Reading file '/gold_price/aggregates/year=2025/month=5/day=20/part-00000-6839d727-09b9-436d-8e8c-0cc1101aa08f.c000.snappy.parquet'.
[2025-05-20T22:15:56.728+0000] {subprocess.py:93} INFO - 2025-05-20 22:15:56,726 - INFO - Téléchargement de /gold_price/aggregates/year=2025/month=5/day=20/part-00000-6901ae1f-5a87-45b9-976e-5025305f711c.c000.snappy.parquet vers /app/temp_month_data/part-00000-6901ae1f-5a87-45b9-976e-5025305f711c.c000.snappy.parquet
[2025-05-20T22:15:56.729+0000] {subprocess.py:93} INFO - 2025-05-20 22:15:56,726 - INFO - Reading file '/gold_price/aggregates/year=2025/month=5/day=20/part-00000-6901ae1f-5a87-45b9-976e-5025305f711c.c000.snappy.parquet'.
[2025-05-20T22:15:56.755+0000] {subprocess.py:93} INFO - 2025-05-20 22:15:56,752 - INFO - Téléchargement de /gold_price/aggregates/year=2025/month=5/day=20/part-00000-691124bb-4c54-4feb-ac00-5ff5651f5710.c000.snappy.parquet vers /app/temp_month_data/part-00000-691124bb-4c54-4feb-ac00-5ff5651f5710.c000.snappy.parquet
[2025-05-20T22:15:56.757+0000] {subprocess.py:93} INFO - 2025-05-20 22:15:56,752 - INFO - Reading file '/gold_price/aggregates/year=2025/month=5/day=20/part-00000-691124bb-4c54-4feb-ac00-5ff5651f5710.c000.snappy.parquet'.
[2025-05-20T22:15:56.783+0000] {subprocess.py:93} INFO - 2025-05-20 22:15:56,781 - INFO - Téléchargement de /gold_price/aggregates/year=2025/month=5/day=20/part-00000-691dc5bf-be53-4b7a-82e6-a03fc9fb26f3.c000.snappy.parquet vers /app/temp_month_data/part-00000-691dc5bf-be53-4b7a-82e6-a03fc9fb26f3.c000.snappy.parquet
[2025-05-20T22:15:56.784+0000] {subprocess.py:93} INFO - 2025-05-20 22:15:56,781 - INFO - Reading file '/gold_price/aggregates/year=2025/month=5/day=20/part-00000-691dc5bf-be53-4b7a-82e6-a03fc9fb26f3.c000.snappy.parquet'.
[2025-05-20T22:15:56.812+0000] {subprocess.py:93} INFO - 2025-05-20 22:15:56,809 - INFO - Téléchargement de /gold_price/aggregates/year=2025/month=5/day=20/part-00000-69c2c7da-f27f-48cd-b4d3-22c543d75bc5.c000.snappy.parquet vers /app/temp_month_data/part-00000-69c2c7da-f27f-48cd-b4d3-22c543d75bc5.c000.snappy.parquet
[2025-05-20T22:15:56.813+0000] {subprocess.py:93} INFO - 2025-05-20 22:15:56,809 - INFO - Reading file '/gold_price/aggregates/year=2025/month=5/day=20/part-00000-69c2c7da-f27f-48cd-b4d3-22c543d75bc5.c000.snappy.parquet'.
[2025-05-20T22:15:56.849+0000] {subprocess.py:93} INFO - 2025-05-20 22:15:56,844 - INFO - Téléchargement de /gold_price/aggregates/year=2025/month=5/day=20/part-00000-6b39b87a-62e4-4082-b244-7d97a98a92c1.c000.snappy.parquet vers /app/temp_month_data/part-00000-6b39b87a-62e4-4082-b244-7d97a98a92c1.c000.snappy.parquet
[2025-05-20T22:15:56.851+0000] {subprocess.py:93} INFO - 2025-05-20 22:15:56,844 - INFO - Reading file '/gold_price/aggregates/year=2025/month=5/day=20/part-00000-6b39b87a-62e4-4082-b244-7d97a98a92c1.c000.snappy.parquet'.
[2025-05-20T22:15:56.876+0000] {subprocess.py:93} INFO - 2025-05-20 22:15:56,872 - INFO - Téléchargement de /gold_price/aggregates/year=2025/month=5/day=20/part-00000-6d972c74-d9b1-4235-bd00-3929f42d6d21.c000.snappy.parquet vers /app/temp_month_data/part-00000-6d972c74-d9b1-4235-bd00-3929f42d6d21.c000.snappy.parquet
[2025-05-20T22:15:56.878+0000] {subprocess.py:93} INFO - 2025-05-20 22:15:56,873 - INFO - Reading file '/gold_price/aggregates/year=2025/month=5/day=20/part-00000-6d972c74-d9b1-4235-bd00-3929f42d6d21.c000.snappy.parquet'.
[2025-05-20T22:15:56.910+0000] {subprocess.py:93} INFO - 2025-05-20 22:15:56,904 - INFO - Téléchargement de /gold_price/aggregates/year=2025/month=5/day=20/part-00000-6e2e718f-64ff-4584-98f7-ef6c0c3e72c2.c000.snappy.parquet vers /app/temp_month_data/part-00000-6e2e718f-64ff-4584-98f7-ef6c0c3e72c2.c000.snappy.parquet
[2025-05-20T22:15:56.911+0000] {subprocess.py:93} INFO - 2025-05-20 22:15:56,904 - INFO - Reading file '/gold_price/aggregates/year=2025/month=5/day=20/part-00000-6e2e718f-64ff-4584-98f7-ef6c0c3e72c2.c000.snappy.parquet'.
[2025-05-20T22:15:56.948+0000] {subprocess.py:93} INFO - 2025-05-20 22:15:56,945 - INFO - Téléchargement de /gold_price/aggregates/year=2025/month=5/day=20/part-00000-70a90f40-bbb8-49e9-ad78-b61e97d0d718.c000.snappy.parquet vers /app/temp_month_data/part-00000-70a90f40-bbb8-49e9-ad78-b61e97d0d718.c000.snappy.parquet
[2025-05-20T22:15:56.949+0000] {subprocess.py:93} INFO - 2025-05-20 22:15:56,946 - INFO - Reading file '/gold_price/aggregates/year=2025/month=5/day=20/part-00000-70a90f40-bbb8-49e9-ad78-b61e97d0d718.c000.snappy.parquet'.
[2025-05-20T22:15:56.987+0000] {subprocess.py:93} INFO - 2025-05-20 22:15:56,984 - INFO - Téléchargement de /gold_price/aggregates/year=2025/month=5/day=20/part-00000-716588f1-b438-4571-ba27-56389082ef11.c000.snappy.parquet vers /app/temp_month_data/part-00000-716588f1-b438-4571-ba27-56389082ef11.c000.snappy.parquet
[2025-05-20T22:15:56.997+0000] {subprocess.py:93} INFO - 2025-05-20 22:15:56,984 - INFO - Reading file '/gold_price/aggregates/year=2025/month=5/day=20/part-00000-716588f1-b438-4571-ba27-56389082ef11.c000.snappy.parquet'.
[2025-05-20T22:15:57.022+0000] {subprocess.py:93} INFO - 2025-05-20 22:15:57,020 - INFO - Téléchargement de /gold_price/aggregates/year=2025/month=5/day=20/part-00000-74be36aa-f52c-4ef8-a363-1ab653c063bc.c000.snappy.parquet vers /app/temp_month_data/part-00000-74be36aa-f52c-4ef8-a363-1ab653c063bc.c000.snappy.parquet
[2025-05-20T22:15:57.023+0000] {subprocess.py:93} INFO - 2025-05-20 22:15:57,020 - INFO - Reading file '/gold_price/aggregates/year=2025/month=5/day=20/part-00000-74be36aa-f52c-4ef8-a363-1ab653c063bc.c000.snappy.parquet'.
[2025-05-20T22:15:57.061+0000] {subprocess.py:93} INFO - 2025-05-20 22:15:57,056 - INFO - Téléchargement de /gold_price/aggregates/year=2025/month=5/day=20/part-00000-7593ec41-e14f-4b1b-a510-148ed20434b4.c000.snappy.parquet vers /app/temp_month_data/part-00000-7593ec41-e14f-4b1b-a510-148ed20434b4.c000.snappy.parquet
[2025-05-20T22:15:57.062+0000] {subprocess.py:93} INFO - 2025-05-20 22:15:57,058 - INFO - Reading file '/gold_price/aggregates/year=2025/month=5/day=20/part-00000-7593ec41-e14f-4b1b-a510-148ed20434b4.c000.snappy.parquet'.
[2025-05-20T22:15:57.108+0000] {subprocess.py:93} INFO - 2025-05-20 22:15:57,106 - INFO - Téléchargement de /gold_price/aggregates/year=2025/month=5/day=20/part-00000-781c218f-b074-4f61-8f8e-4228a56080a8.c000.snappy.parquet vers /app/temp_month_data/part-00000-781c218f-b074-4f61-8f8e-4228a56080a8.c000.snappy.parquet
[2025-05-20T22:15:57.111+0000] {subprocess.py:93} INFO - 2025-05-20 22:15:57,106 - INFO - Reading file '/gold_price/aggregates/year=2025/month=5/day=20/part-00000-781c218f-b074-4f61-8f8e-4228a56080a8.c000.snappy.parquet'.
[2025-05-20T22:15:57.141+0000] {subprocess.py:93} INFO - 2025-05-20 22:15:57,138 - INFO - Téléchargement de /gold_price/aggregates/year=2025/month=5/day=20/part-00000-7a18d5a4-d765-4c15-83aa-78a9d350f6c8.c000.snappy.parquet vers /app/temp_month_data/part-00000-7a18d5a4-d765-4c15-83aa-78a9d350f6c8.c000.snappy.parquet
[2025-05-20T22:15:57.143+0000] {subprocess.py:93} INFO - 2025-05-20 22:15:57,138 - INFO - Reading file '/gold_price/aggregates/year=2025/month=5/day=20/part-00000-7a18d5a4-d765-4c15-83aa-78a9d350f6c8.c000.snappy.parquet'.
[2025-05-20T22:15:57.175+0000] {subprocess.py:93} INFO - 2025-05-20 22:15:57,173 - INFO - Téléchargement de /gold_price/aggregates/year=2025/month=5/day=20/part-00000-7b632149-6169-4a84-aaea-0cfc9593570a.c000.snappy.parquet vers /app/temp_month_data/part-00000-7b632149-6169-4a84-aaea-0cfc9593570a.c000.snappy.parquet
[2025-05-20T22:15:57.177+0000] {subprocess.py:93} INFO - 2025-05-20 22:15:57,174 - INFO - Reading file '/gold_price/aggregates/year=2025/month=5/day=20/part-00000-7b632149-6169-4a84-aaea-0cfc9593570a.c000.snappy.parquet'.
[2025-05-20T22:15:57.223+0000] {subprocess.py:93} INFO - 2025-05-20 22:15:57,221 - INFO - Téléchargement de /gold_price/aggregates/year=2025/month=5/day=20/part-00000-7cc1444d-ad81-471d-a594-d6edf91a59d2.c000.snappy.parquet vers /app/temp_month_data/part-00000-7cc1444d-ad81-471d-a594-d6edf91a59d2.c000.snappy.parquet
[2025-05-20T22:15:57.224+0000] {subprocess.py:93} INFO - 2025-05-20 22:15:57,221 - INFO - Reading file '/gold_price/aggregates/year=2025/month=5/day=20/part-00000-7cc1444d-ad81-471d-a594-d6edf91a59d2.c000.snappy.parquet'.
[2025-05-20T22:15:57.258+0000] {subprocess.py:93} INFO - 2025-05-20 22:15:57,255 - INFO - Téléchargement de /gold_price/aggregates/year=2025/month=5/day=20/part-00000-7e2105a5-e9e5-4a7d-aeed-d994e8f1f652.c000.snappy.parquet vers /app/temp_month_data/part-00000-7e2105a5-e9e5-4a7d-aeed-d994e8f1f652.c000.snappy.parquet
[2025-05-20T22:15:57.259+0000] {subprocess.py:93} INFO - 2025-05-20 22:15:57,255 - INFO - Reading file '/gold_price/aggregates/year=2025/month=5/day=20/part-00000-7e2105a5-e9e5-4a7d-aeed-d994e8f1f652.c000.snappy.parquet'.
[2025-05-20T22:15:57.290+0000] {subprocess.py:93} INFO - 2025-05-20 22:15:57,288 - INFO - Téléchargement de /gold_price/aggregates/year=2025/month=5/day=20/part-00000-8c335616-c1ea-4da6-9b4d-17f714c52d06.c000.snappy.parquet vers /app/temp_month_data/part-00000-8c335616-c1ea-4da6-9b4d-17f714c52d06.c000.snappy.parquet
[2025-05-20T22:15:57.291+0000] {subprocess.py:93} INFO - 2025-05-20 22:15:57,288 - INFO - Reading file '/gold_price/aggregates/year=2025/month=5/day=20/part-00000-8c335616-c1ea-4da6-9b4d-17f714c52d06.c000.snappy.parquet'.
[2025-05-20T22:15:57.320+0000] {subprocess.py:93} INFO - 2025-05-20 22:15:57,318 - INFO - Téléchargement de /gold_price/aggregates/year=2025/month=5/day=20/part-00000-908ae3b1-a017-4c73-b55f-4b899caf2383.c000.snappy.parquet vers /app/temp_month_data/part-00000-908ae3b1-a017-4c73-b55f-4b899caf2383.c000.snappy.parquet
[2025-05-20T22:15:57.320+0000] {subprocess.py:93} INFO - 2025-05-20 22:15:57,318 - INFO - Reading file '/gold_price/aggregates/year=2025/month=5/day=20/part-00000-908ae3b1-a017-4c73-b55f-4b899caf2383.c000.snappy.parquet'.
[2025-05-20T22:15:57.348+0000] {subprocess.py:93} INFO - 2025-05-20 22:15:57,345 - INFO - Téléchargement de /gold_price/aggregates/year=2025/month=5/day=20/part-00000-941eb12e-3203-4dd1-abfd-25aadd74aa17.c000.snappy.parquet vers /app/temp_month_data/part-00000-941eb12e-3203-4dd1-abfd-25aadd74aa17.c000.snappy.parquet
[2025-05-20T22:15:57.350+0000] {subprocess.py:93} INFO - 2025-05-20 22:15:57,345 - INFO - Reading file '/gold_price/aggregates/year=2025/month=5/day=20/part-00000-941eb12e-3203-4dd1-abfd-25aadd74aa17.c000.snappy.parquet'.
[2025-05-20T22:15:57.382+0000] {subprocess.py:93} INFO - 2025-05-20 22:15:57,376 - INFO - Téléchargement de /gold_price/aggregates/year=2025/month=5/day=20/part-00000-94a69233-3b2f-4215-bfd5-4267e233e062.c000.snappy.parquet vers /app/temp_month_data/part-00000-94a69233-3b2f-4215-bfd5-4267e233e062.c000.snappy.parquet
[2025-05-20T22:15:57.383+0000] {subprocess.py:93} INFO - 2025-05-20 22:15:57,377 - INFO - Reading file '/gold_price/aggregates/year=2025/month=5/day=20/part-00000-94a69233-3b2f-4215-bfd5-4267e233e062.c000.snappy.parquet'.
[2025-05-20T22:15:57.408+0000] {subprocess.py:93} INFO - 2025-05-20 22:15:57,405 - INFO - Téléchargement de /gold_price/aggregates/year=2025/month=5/day=20/part-00000-96929d76-c9e7-4574-abd3-ee85004bfeb5.c000.snappy.parquet vers /app/temp_month_data/part-00000-96929d76-c9e7-4574-abd3-ee85004bfeb5.c000.snappy.parquet
[2025-05-20T22:15:57.409+0000] {subprocess.py:93} INFO - 2025-05-20 22:15:57,406 - INFO - Reading file '/gold_price/aggregates/year=2025/month=5/day=20/part-00000-96929d76-c9e7-4574-abd3-ee85004bfeb5.c000.snappy.parquet'.
[2025-05-20T22:15:57.433+0000] {subprocess.py:93} INFO - 2025-05-20 22:15:57,429 - INFO - Téléchargement de /gold_price/aggregates/year=2025/month=5/day=20/part-00000-9b20c8da-0db9-4192-bae6-3d6599ab0433.c000.snappy.parquet vers /app/temp_month_data/part-00000-9b20c8da-0db9-4192-bae6-3d6599ab0433.c000.snappy.parquet
[2025-05-20T22:15:57.435+0000] {subprocess.py:93} INFO - 2025-05-20 22:15:57,430 - INFO - Reading file '/gold_price/aggregates/year=2025/month=5/day=20/part-00000-9b20c8da-0db9-4192-bae6-3d6599ab0433.c000.snappy.parquet'.
[2025-05-20T22:15:57.466+0000] {subprocess.py:93} INFO - 2025-05-20 22:15:57,460 - INFO - Téléchargement de /gold_price/aggregates/year=2025/month=5/day=20/part-00000-a213304c-667d-453f-9bba-c3b2bb9d4790.c000.snappy.parquet vers /app/temp_month_data/part-00000-a213304c-667d-453f-9bba-c3b2bb9d4790.c000.snappy.parquet
[2025-05-20T22:15:57.467+0000] {subprocess.py:93} INFO - 2025-05-20 22:15:57,460 - INFO - Reading file '/gold_price/aggregates/year=2025/month=5/day=20/part-00000-a213304c-667d-453f-9bba-c3b2bb9d4790.c000.snappy.parquet'.
[2025-05-20T22:15:57.510+0000] {subprocess.py:93} INFO - 2025-05-20 22:15:57,507 - INFO - Téléchargement de /gold_price/aggregates/year=2025/month=5/day=20/part-00000-a637e9be-fa3c-4183-9bf6-6898a2e53787.c000.snappy.parquet vers /app/temp_month_data/part-00000-a637e9be-fa3c-4183-9bf6-6898a2e53787.c000.snappy.parquet
[2025-05-20T22:15:57.512+0000] {subprocess.py:93} INFO - 2025-05-20 22:15:57,507 - INFO - Reading file '/gold_price/aggregates/year=2025/month=5/day=20/part-00000-a637e9be-fa3c-4183-9bf6-6898a2e53787.c000.snappy.parquet'.
[2025-05-20T22:15:57.557+0000] {subprocess.py:93} INFO - 2025-05-20 22:15:57,549 - INFO - Téléchargement de /gold_price/aggregates/year=2025/month=5/day=20/part-00000-a64beef1-5798-441d-86b1-ca710d14ac54.c000.snappy.parquet vers /app/temp_month_data/part-00000-a64beef1-5798-441d-86b1-ca710d14ac54.c000.snappy.parquet
[2025-05-20T22:15:57.559+0000] {subprocess.py:93} INFO - 2025-05-20 22:15:57,553 - INFO - Reading file '/gold_price/aggregates/year=2025/month=5/day=20/part-00000-a64beef1-5798-441d-86b1-ca710d14ac54.c000.snappy.parquet'.
[2025-05-20T22:15:57.600+0000] {subprocess.py:93} INFO - 2025-05-20 22:15:57,593 - INFO - Téléchargement de /gold_price/aggregates/year=2025/month=5/day=20/part-00000-a64f288b-1d01-410a-81fd-f1cb3f2a9350.c000.snappy.parquet vers /app/temp_month_data/part-00000-a64f288b-1d01-410a-81fd-f1cb3f2a9350.c000.snappy.parquet
[2025-05-20T22:15:57.606+0000] {subprocess.py:93} INFO - 2025-05-20 22:15:57,594 - INFO - Reading file '/gold_price/aggregates/year=2025/month=5/day=20/part-00000-a64f288b-1d01-410a-81fd-f1cb3f2a9350.c000.snappy.parquet'.
[2025-05-20T22:15:57.661+0000] {subprocess.py:93} INFO - 2025-05-20 22:15:57,646 - INFO - Téléchargement de /gold_price/aggregates/year=2025/month=5/day=20/part-00000-a65443c7-e5e3-4319-962c-5bb1787715b0.c000.snappy.parquet vers /app/temp_month_data/part-00000-a65443c7-e5e3-4319-962c-5bb1787715b0.c000.snappy.parquet
[2025-05-20T22:15:57.671+0000] {subprocess.py:93} INFO - 2025-05-20 22:15:57,647 - INFO - Reading file '/gold_price/aggregates/year=2025/month=5/day=20/part-00000-a65443c7-e5e3-4319-962c-5bb1787715b0.c000.snappy.parquet'.
[2025-05-20T22:15:57.744+0000] {subprocess.py:93} INFO - 2025-05-20 22:15:57,721 - INFO - Téléchargement de /gold_price/aggregates/year=2025/month=5/day=20/part-00000-a65ed42f-7d87-4df9-a03c-a5b9125ce9a8.c000.snappy.parquet vers /app/temp_month_data/part-00000-a65ed42f-7d87-4df9-a03c-a5b9125ce9a8.c000.snappy.parquet
[2025-05-20T22:15:57.757+0000] {subprocess.py:93} INFO - 2025-05-20 22:15:57,722 - INFO - Reading file '/gold_price/aggregates/year=2025/month=5/day=20/part-00000-a65ed42f-7d87-4df9-a03c-a5b9125ce9a8.c000.snappy.parquet'.
[2025-05-20T22:15:57.831+0000] {subprocess.py:93} INFO - 2025-05-20 22:15:57,822 - INFO - Téléchargement de /gold_price/aggregates/year=2025/month=5/day=20/part-00000-ad2b1969-f9ca-4ce2-b252-3ee4887f82c0.c000.snappy.parquet vers /app/temp_month_data/part-00000-ad2b1969-f9ca-4ce2-b252-3ee4887f82c0.c000.snappy.parquet
[2025-05-20T22:15:57.841+0000] {subprocess.py:93} INFO - 2025-05-20 22:15:57,822 - INFO - Reading file '/gold_price/aggregates/year=2025/month=5/day=20/part-00000-ad2b1969-f9ca-4ce2-b252-3ee4887f82c0.c000.snappy.parquet'.
[2025-05-20T22:15:57.911+0000] {subprocess.py:93} INFO - 2025-05-20 22:15:57,896 - INFO - Téléchargement de /gold_price/aggregates/year=2025/month=5/day=20/part-00000-b0153c6f-46d8-449c-a729-3ff44f69bd6b.c000.snappy.parquet vers /app/temp_month_data/part-00000-b0153c6f-46d8-449c-a729-3ff44f69bd6b.c000.snappy.parquet
[2025-05-20T22:15:57.913+0000] {subprocess.py:93} INFO - 2025-05-20 22:15:57,897 - INFO - Reading file '/gold_price/aggregates/year=2025/month=5/day=20/part-00000-b0153c6f-46d8-449c-a729-3ff44f69bd6b.c000.snappy.parquet'.
[2025-05-20T22:15:57.988+0000] {subprocess.py:93} INFO - 2025-05-20 22:15:57,980 - INFO - Téléchargement de /gold_price/aggregates/year=2025/month=5/day=20/part-00000-b16d2a60-e24b-4722-8b69-9460451f1224.c000.snappy.parquet vers /app/temp_month_data/part-00000-b16d2a60-e24b-4722-8b69-9460451f1224.c000.snappy.parquet
[2025-05-20T22:15:57.994+0000] {subprocess.py:93} INFO - 2025-05-20 22:15:57,980 - INFO - Reading file '/gold_price/aggregates/year=2025/month=5/day=20/part-00000-b16d2a60-e24b-4722-8b69-9460451f1224.c000.snappy.parquet'.
[2025-05-20T22:15:58.070+0000] {subprocess.py:93} INFO - 2025-05-20 22:15:58,049 - INFO - Téléchargement de /gold_price/aggregates/year=2025/month=5/day=20/part-00000-b43d9fd6-595c-40f8-9bf3-528bff037df2.c000.snappy.parquet vers /app/temp_month_data/part-00000-b43d9fd6-595c-40f8-9bf3-528bff037df2.c000.snappy.parquet
[2025-05-20T22:15:58.080+0000] {subprocess.py:93} INFO - 2025-05-20 22:15:58,049 - INFO - Reading file '/gold_price/aggregates/year=2025/month=5/day=20/part-00000-b43d9fd6-595c-40f8-9bf3-528bff037df2.c000.snappy.parquet'.
[2025-05-20T22:15:58.125+0000] {subprocess.py:93} INFO - 2025-05-20 22:15:58,112 - INFO - Téléchargement de /gold_price/aggregates/year=2025/month=5/day=20/part-00000-b52138b0-f5a7-4038-883b-0cf40d0fd762.c000.snappy.parquet vers /app/temp_month_data/part-00000-b52138b0-f5a7-4038-883b-0cf40d0fd762.c000.snappy.parquet
[2025-05-20T22:15:58.128+0000] {subprocess.py:93} INFO - 2025-05-20 22:15:58,112 - INFO - Reading file '/gold_price/aggregates/year=2025/month=5/day=20/part-00000-b52138b0-f5a7-4038-883b-0cf40d0fd762.c000.snappy.parquet'.
[2025-05-20T22:15:58.173+0000] {subprocess.py:93} INFO - 2025-05-20 22:15:58,168 - INFO - Téléchargement de /gold_price/aggregates/year=2025/month=5/day=20/part-00000-b8da84ab-83be-4941-a4cd-46ac5caf3b4d.c000.snappy.parquet vers /app/temp_month_data/part-00000-b8da84ab-83be-4941-a4cd-46ac5caf3b4d.c000.snappy.parquet
[2025-05-20T22:15:58.175+0000] {subprocess.py:93} INFO - 2025-05-20 22:15:58,168 - INFO - Reading file '/gold_price/aggregates/year=2025/month=5/day=20/part-00000-b8da84ab-83be-4941-a4cd-46ac5caf3b4d.c000.snappy.parquet'.
[2025-05-20T22:15:58.221+0000] {subprocess.py:93} INFO - 2025-05-20 22:15:58,215 - INFO - Téléchargement de /gold_price/aggregates/year=2025/month=5/day=20/part-00000-c04b2c1f-6166-4602-ad48-e6232be59021.c000.snappy.parquet vers /app/temp_month_data/part-00000-c04b2c1f-6166-4602-ad48-e6232be59021.c000.snappy.parquet
[2025-05-20T22:15:58.225+0000] {subprocess.py:93} INFO - 2025-05-20 22:15:58,216 - INFO - Reading file '/gold_price/aggregates/year=2025/month=5/day=20/part-00000-c04b2c1f-6166-4602-ad48-e6232be59021.c000.snappy.parquet'.
[2025-05-20T22:15:58.260+0000] {subprocess.py:93} INFO - 2025-05-20 22:15:58,257 - INFO - Téléchargement de /gold_price/aggregates/year=2025/month=5/day=20/part-00000-c39ba660-56c5-402c-ba52-e62d070aff5f.c000.snappy.parquet vers /app/temp_month_data/part-00000-c39ba660-56c5-402c-ba52-e62d070aff5f.c000.snappy.parquet
[2025-05-20T22:15:58.261+0000] {subprocess.py:93} INFO - 2025-05-20 22:15:58,257 - INFO - Reading file '/gold_price/aggregates/year=2025/month=5/day=20/part-00000-c39ba660-56c5-402c-ba52-e62d070aff5f.c000.snappy.parquet'.
[2025-05-20T22:15:58.302+0000] {subprocess.py:93} INFO - 2025-05-20 22:15:58,300 - INFO - Téléchargement de /gold_price/aggregates/year=2025/month=5/day=20/part-00000-c8fe8dbe-0ddb-416e-b9f3-1bf78a9afc72.c000.snappy.parquet vers /app/temp_month_data/part-00000-c8fe8dbe-0ddb-416e-b9f3-1bf78a9afc72.c000.snappy.parquet
[2025-05-20T22:15:58.304+0000] {subprocess.py:93} INFO - 2025-05-20 22:15:58,300 - INFO - Reading file '/gold_price/aggregates/year=2025/month=5/day=20/part-00000-c8fe8dbe-0ddb-416e-b9f3-1bf78a9afc72.c000.snappy.parquet'.
[2025-05-20T22:15:58.344+0000] {subprocess.py:93} INFO - 2025-05-20 22:15:58,339 - INFO - Téléchargement de /gold_price/aggregates/year=2025/month=5/day=20/part-00000-cac0e287-507a-43ef-b6b6-7ecb978e8474.c000.snappy.parquet vers /app/temp_month_data/part-00000-cac0e287-507a-43ef-b6b6-7ecb978e8474.c000.snappy.parquet
[2025-05-20T22:15:58.347+0000] {subprocess.py:93} INFO - 2025-05-20 22:15:58,339 - INFO - Reading file '/gold_price/aggregates/year=2025/month=5/day=20/part-00000-cac0e287-507a-43ef-b6b6-7ecb978e8474.c000.snappy.parquet'.
[2025-05-20T22:15:58.405+0000] {subprocess.py:93} INFO - 2025-05-20 22:15:58,390 - INFO - Téléchargement de /gold_price/aggregates/year=2025/month=5/day=20/part-00000-cbd59289-c2b4-4a64-b7f1-666ea816194d.c000.snappy.parquet vers /app/temp_month_data/part-00000-cbd59289-c2b4-4a64-b7f1-666ea816194d.c000.snappy.parquet
[2025-05-20T22:15:58.409+0000] {subprocess.py:93} INFO - 2025-05-20 22:15:58,390 - INFO - Reading file '/gold_price/aggregates/year=2025/month=5/day=20/part-00000-cbd59289-c2b4-4a64-b7f1-666ea816194d.c000.snappy.parquet'.
[2025-05-20T22:15:58.488+0000] {subprocess.py:93} INFO - 2025-05-20 22:15:58,468 - INFO - Téléchargement de /gold_price/aggregates/year=2025/month=5/day=20/part-00000-cc5cc527-3d22-405c-b4c0-24e52084a95c.c000.snappy.parquet vers /app/temp_month_data/part-00000-cc5cc527-3d22-405c-b4c0-24e52084a95c.c000.snappy.parquet
[2025-05-20T22:15:58.495+0000] {subprocess.py:93} INFO - 2025-05-20 22:15:58,469 - INFO - Reading file '/gold_price/aggregates/year=2025/month=5/day=20/part-00000-cc5cc527-3d22-405c-b4c0-24e52084a95c.c000.snappy.parquet'.
[2025-05-20T22:15:58.535+0000] {subprocess.py:93} INFO - 2025-05-20 22:15:58,531 - INFO - Téléchargement de /gold_price/aggregates/year=2025/month=5/day=20/part-00000-ccdb3c8c-0f22-4f1d-940d-f47fbec07c7b.c000.snappy.parquet vers /app/temp_month_data/part-00000-ccdb3c8c-0f22-4f1d-940d-f47fbec07c7b.c000.snappy.parquet
[2025-05-20T22:15:58.537+0000] {subprocess.py:93} INFO - 2025-05-20 22:15:58,532 - INFO - Reading file '/gold_price/aggregates/year=2025/month=5/day=20/part-00000-ccdb3c8c-0f22-4f1d-940d-f47fbec07c7b.c000.snappy.parquet'.
[2025-05-20T22:15:58.609+0000] {subprocess.py:93} INFO - 2025-05-20 22:15:58,606 - INFO - Téléchargement de /gold_price/aggregates/year=2025/month=5/day=20/part-00000-cdc9a0f5-63e3-460e-b7ff-8fad27c9e048.c000.snappy.parquet vers /app/temp_month_data/part-00000-cdc9a0f5-63e3-460e-b7ff-8fad27c9e048.c000.snappy.parquet
[2025-05-20T22:15:58.615+0000] {subprocess.py:93} INFO - 2025-05-20 22:15:58,606 - INFO - Reading file '/gold_price/aggregates/year=2025/month=5/day=20/part-00000-cdc9a0f5-63e3-460e-b7ff-8fad27c9e048.c000.snappy.parquet'.
[2025-05-20T22:15:58.667+0000] {subprocess.py:93} INFO - 2025-05-20 22:15:58,657 - INFO - Téléchargement de /gold_price/aggregates/year=2025/month=5/day=20/part-00000-ce8937da-481d-477e-8f51-a96bb408cb4e.c000.snappy.parquet vers /app/temp_month_data/part-00000-ce8937da-481d-477e-8f51-a96bb408cb4e.c000.snappy.parquet
[2025-05-20T22:15:58.668+0000] {subprocess.py:93} INFO - 2025-05-20 22:15:58,657 - INFO - Reading file '/gold_price/aggregates/year=2025/month=5/day=20/part-00000-ce8937da-481d-477e-8f51-a96bb408cb4e.c000.snappy.parquet'.
[2025-05-20T22:15:58.728+0000] {subprocess.py:93} INFO - 2025-05-20 22:15:58,725 - INFO - Téléchargement de /gold_price/aggregates/year=2025/month=5/day=20/part-00000-cfa69f5f-a68b-411f-8e5e-0be015da9d45.c000.snappy.parquet vers /app/temp_month_data/part-00000-cfa69f5f-a68b-411f-8e5e-0be015da9d45.c000.snappy.parquet
[2025-05-20T22:15:58.732+0000] {subprocess.py:93} INFO - 2025-05-20 22:15:58,726 - INFO - Reading file '/gold_price/aggregates/year=2025/month=5/day=20/part-00000-cfa69f5f-a68b-411f-8e5e-0be015da9d45.c000.snappy.parquet'.
[2025-05-20T22:15:58.767+0000] {subprocess.py:93} INFO - 2025-05-20 22:15:58,761 - INFO - Téléchargement de /gold_price/aggregates/year=2025/month=5/day=20/part-00000-d501bc93-e465-41cb-bf48-c4a3cde8c262.c000.snappy.parquet vers /app/temp_month_data/part-00000-d501bc93-e465-41cb-bf48-c4a3cde8c262.c000.snappy.parquet
[2025-05-20T22:15:58.769+0000] {subprocess.py:93} INFO - 2025-05-20 22:15:58,762 - INFO - Reading file '/gold_price/aggregates/year=2025/month=5/day=20/part-00000-d501bc93-e465-41cb-bf48-c4a3cde8c262.c000.snappy.parquet'.
[2025-05-20T22:15:58.809+0000] {subprocess.py:93} INFO - 2025-05-20 22:15:58,806 - INFO - Téléchargement de /gold_price/aggregates/year=2025/month=5/day=20/part-00000-d9c1655e-ab61-43fc-9af6-5ea41bbbb2f9.c000.snappy.parquet vers /app/temp_month_data/part-00000-d9c1655e-ab61-43fc-9af6-5ea41bbbb2f9.c000.snappy.parquet
[2025-05-20T22:15:58.811+0000] {subprocess.py:93} INFO - 2025-05-20 22:15:58,807 - INFO - Reading file '/gold_price/aggregates/year=2025/month=5/day=20/part-00000-d9c1655e-ab61-43fc-9af6-5ea41bbbb2f9.c000.snappy.parquet'.
[2025-05-20T22:15:58.846+0000] {subprocess.py:93} INFO - 2025-05-20 22:15:58,842 - INFO - Téléchargement de /gold_price/aggregates/year=2025/month=5/day=20/part-00000-daddad1e-6cd2-4fab-a4dc-0974a8db9160.c000.snappy.parquet vers /app/temp_month_data/part-00000-daddad1e-6cd2-4fab-a4dc-0974a8db9160.c000.snappy.parquet
[2025-05-20T22:15:58.848+0000] {subprocess.py:93} INFO - 2025-05-20 22:15:58,843 - INFO - Reading file '/gold_price/aggregates/year=2025/month=5/day=20/part-00000-daddad1e-6cd2-4fab-a4dc-0974a8db9160.c000.snappy.parquet'.
[2025-05-20T22:15:58.887+0000] {subprocess.py:93} INFO - 2025-05-20 22:15:58,879 - INFO - Téléchargement de /gold_price/aggregates/year=2025/month=5/day=20/part-00000-dcc7ca1b-16fd-4e35-9334-6a8c521182db.c000.snappy.parquet vers /app/temp_month_data/part-00000-dcc7ca1b-16fd-4e35-9334-6a8c521182db.c000.snappy.parquet
[2025-05-20T22:15:58.889+0000] {subprocess.py:93} INFO - 2025-05-20 22:15:58,885 - INFO - Reading file '/gold_price/aggregates/year=2025/month=5/day=20/part-00000-dcc7ca1b-16fd-4e35-9334-6a8c521182db.c000.snappy.parquet'.
[2025-05-20T22:15:58.927+0000] {subprocess.py:93} INFO - 2025-05-20 22:15:58,925 - INFO - Téléchargement de /gold_price/aggregates/year=2025/month=5/day=20/part-00000-e25f7c71-2b1a-4f00-8751-d72702776bcb.c000.snappy.parquet vers /app/temp_month_data/part-00000-e25f7c71-2b1a-4f00-8751-d72702776bcb.c000.snappy.parquet
[2025-05-20T22:15:58.929+0000] {subprocess.py:93} INFO - 2025-05-20 22:15:58,925 - INFO - Reading file '/gold_price/aggregates/year=2025/month=5/day=20/part-00000-e25f7c71-2b1a-4f00-8751-d72702776bcb.c000.snappy.parquet'.
[2025-05-20T22:15:58.974+0000] {subprocess.py:93} INFO - 2025-05-20 22:15:58,971 - INFO - Téléchargement de /gold_price/aggregates/year=2025/month=5/day=20/part-00000-e2d363d0-b37e-453c-bf97-7955ae57d87f.c000.snappy.parquet vers /app/temp_month_data/part-00000-e2d363d0-b37e-453c-bf97-7955ae57d87f.c000.snappy.parquet
[2025-05-20T22:15:58.977+0000] {subprocess.py:93} INFO - 2025-05-20 22:15:58,973 - INFO - Reading file '/gold_price/aggregates/year=2025/month=5/day=20/part-00000-e2d363d0-b37e-453c-bf97-7955ae57d87f.c000.snappy.parquet'.
[2025-05-20T22:15:59.018+0000] {subprocess.py:93} INFO - 2025-05-20 22:15:59,015 - INFO - Téléchargement de /gold_price/aggregates/year=2025/month=5/day=20/part-00000-e347b6c4-76b1-4920-85b1-03870146d57d.c000.snappy.parquet vers /app/temp_month_data/part-00000-e347b6c4-76b1-4920-85b1-03870146d57d.c000.snappy.parquet
[2025-05-20T22:15:59.022+0000] {subprocess.py:93} INFO - 2025-05-20 22:15:59,015 - INFO - Reading file '/gold_price/aggregates/year=2025/month=5/day=20/part-00000-e347b6c4-76b1-4920-85b1-03870146d57d.c000.snappy.parquet'.
[2025-05-20T22:15:59.048+0000] {subprocess.py:93} INFO - 2025-05-20 22:15:59,046 - INFO - Téléchargement de /gold_price/aggregates/year=2025/month=5/day=20/part-00000-e99b3527-3f39-4079-9f50-7bc656fef9e3.c000.snappy.parquet vers /app/temp_month_data/part-00000-e99b3527-3f39-4079-9f50-7bc656fef9e3.c000.snappy.parquet
[2025-05-20T22:15:59.049+0000] {subprocess.py:93} INFO - 2025-05-20 22:15:59,046 - INFO - Reading file '/gold_price/aggregates/year=2025/month=5/day=20/part-00000-e99b3527-3f39-4079-9f50-7bc656fef9e3.c000.snappy.parquet'.
[2025-05-20T22:15:59.073+0000] {subprocess.py:93} INFO - 2025-05-20 22:15:59,070 - INFO - Téléchargement de /gold_price/aggregates/year=2025/month=5/day=20/part-00000-ef63f6f8-56f9-47ab-9b88-cba18ae99ed6.c000.snappy.parquet vers /app/temp_month_data/part-00000-ef63f6f8-56f9-47ab-9b88-cba18ae99ed6.c000.snappy.parquet
[2025-05-20T22:15:59.074+0000] {subprocess.py:93} INFO - 2025-05-20 22:15:59,071 - INFO - Reading file '/gold_price/aggregates/year=2025/month=5/day=20/part-00000-ef63f6f8-56f9-47ab-9b88-cba18ae99ed6.c000.snappy.parquet'.
[2025-05-20T22:15:59.096+0000] {subprocess.py:93} INFO - 2025-05-20 22:15:59,094 - INFO - Téléchargement de /gold_price/aggregates/year=2025/month=5/day=20/part-00000-f13b667d-c31f-48fb-8407-1f63e0cf12e7.c000.snappy.parquet vers /app/temp_month_data/part-00000-f13b667d-c31f-48fb-8407-1f63e0cf12e7.c000.snappy.parquet
[2025-05-20T22:15:59.097+0000] {subprocess.py:93} INFO - 2025-05-20 22:15:59,095 - INFO - Reading file '/gold_price/aggregates/year=2025/month=5/day=20/part-00000-f13b667d-c31f-48fb-8407-1f63e0cf12e7.c000.snappy.parquet'.
[2025-05-20T22:15:59.117+0000] {subprocess.py:93} INFO - 2025-05-20 22:15:59,115 - INFO - Téléchargement de /gold_price/aggregates/year=2025/month=5/day=20/part-00000-f338b802-a669-47f2-ad19-b78fe720dfc0.c000.snappy.parquet vers /app/temp_month_data/part-00000-f338b802-a669-47f2-ad19-b78fe720dfc0.c000.snappy.parquet
[2025-05-20T22:15:59.118+0000] {subprocess.py:93} INFO - 2025-05-20 22:15:59,115 - INFO - Reading file '/gold_price/aggregates/year=2025/month=5/day=20/part-00000-f338b802-a669-47f2-ad19-b78fe720dfc0.c000.snappy.parquet'.
[2025-05-20T22:15:59.143+0000] {subprocess.py:93} INFO - 2025-05-20 22:15:59,141 - INFO - Téléchargement de /gold_price/aggregates/year=2025/month=5/day=20/part-00000-f46f8662-7471-45a6-a85a-b63a599d90a3.c000.snappy.parquet vers /app/temp_month_data/part-00000-f46f8662-7471-45a6-a85a-b63a599d90a3.c000.snappy.parquet
[2025-05-20T22:15:59.144+0000] {subprocess.py:93} INFO - 2025-05-20 22:15:59,141 - INFO - Reading file '/gold_price/aggregates/year=2025/month=5/day=20/part-00000-f46f8662-7471-45a6-a85a-b63a599d90a3.c000.snappy.parquet'.
[2025-05-20T22:15:59.168+0000] {subprocess.py:93} INFO - 2025-05-20 22:15:59,165 - INFO - Téléchargement de /gold_price/aggregates/year=2025/month=5/day=20/part-00000-f55d1aff-f404-46d8-b266-8574c7e682e8.c000.snappy.parquet vers /app/temp_month_data/part-00000-f55d1aff-f404-46d8-b266-8574c7e682e8.c000.snappy.parquet
[2025-05-20T22:15:59.170+0000] {subprocess.py:93} INFO - 2025-05-20 22:15:59,166 - INFO - Reading file '/gold_price/aggregates/year=2025/month=5/day=20/part-00000-f55d1aff-f404-46d8-b266-8574c7e682e8.c000.snappy.parquet'.
[2025-05-20T22:15:59.201+0000] {subprocess.py:93} INFO - 2025-05-20 22:15:59,198 - INFO - Téléchargement de /gold_price/aggregates/year=2025/month=5/day=20/part-00000-f5b8f60b-df17-4134-8592-0618701e260a.c000.snappy.parquet vers /app/temp_month_data/part-00000-f5b8f60b-df17-4134-8592-0618701e260a.c000.snappy.parquet
[2025-05-20T22:15:59.204+0000] {subprocess.py:93} INFO - 2025-05-20 22:15:59,199 - INFO - Reading file '/gold_price/aggregates/year=2025/month=5/day=20/part-00000-f5b8f60b-df17-4134-8592-0618701e260a.c000.snappy.parquet'.
[2025-05-20T22:15:59.244+0000] {subprocess.py:93} INFO - 2025-05-20 22:15:59,241 - INFO - Téléchargement de /gold_price/aggregates/year=2025/month=5/day=20/part-00000-f798c244-6a6b-4aef-9cac-a648dc75fcab.c000.snappy.parquet vers /app/temp_month_data/part-00000-f798c244-6a6b-4aef-9cac-a648dc75fcab.c000.snappy.parquet
[2025-05-20T22:15:59.246+0000] {subprocess.py:93} INFO - 2025-05-20 22:15:59,242 - INFO - Reading file '/gold_price/aggregates/year=2025/month=5/day=20/part-00000-f798c244-6a6b-4aef-9cac-a648dc75fcab.c000.snappy.parquet'.
[2025-05-20T22:15:59.295+0000] {subprocess.py:93} INFO - 2025-05-20 22:15:59,292 - INFO - Téléchargement de /gold_price/aggregates/year=2025/month=5/day=20/part-00000-ff18e6d0-aecf-465b-81af-0269494926a2.c000.snappy.parquet vers /app/temp_month_data/part-00000-ff18e6d0-aecf-465b-81af-0269494926a2.c000.snappy.parquet
[2025-05-20T22:15:59.297+0000] {subprocess.py:93} INFO - 2025-05-20 22:15:59,293 - INFO - Reading file '/gold_price/aggregates/year=2025/month=5/day=20/part-00000-ff18e6d0-aecf-465b-81af-0269494926a2.c000.snappy.parquet'.
[2025-05-20T22:15:59.352+0000] {subprocess.py:93} INFO - 2025-05-20 22:15:59,344 - INFO - 104 fichiers téléchargés pour le fine-tuning
[2025-05-20T22:15:59.361+0000] {subprocess.py:93} INFO - 2025-05-20 22:15:59,344 - INFO - Combinaison des fichiers Parquet en un seul fichier...
[2025-05-20T22:16:00.987+0000] {subprocess.py:93} INFO - 2025-05-20 22:16:00,980 - INFO - Fichier combiné sauvegardé à /app/combined_month_data.parquet. Total de lignes : 115
[2025-05-20T22:16:01.305+0000] {subprocess.py:93} INFO - 2025-05-20 22:16:01,303 - INFO - Fichiers temporaires nettoyés
[2025-05-20T22:16:01.315+0000] {subprocess.py:93} INFO - 2025-05-20 22:16:01,312 - INFO - Données de fine-tuning chargées avec succès. Total de lignes : 115
[2025-05-20T22:16:01.337+0000] {subprocess.py:93} INFO - 2025-05-20 22:16:01,335 - INFO - Features préparées pour le fine-tuning. Lignes après ingénierie des features : 55
[2025-05-20T22:16:02.449+0000] {subprocess.py:93} INFO - 2025-05-20 22:16:02,446 - INFO - Context impl SQLiteImpl.
[2025-05-20T22:16:02.451+0000] {subprocess.py:93} INFO - 2025-05-20 22:16:02,447 - INFO - Will assume non-transactional DDL.
[2025-05-20T22:16:02.606+0000] {subprocess.py:93} INFO - 2025-05-20 22:16:02,604 - INFO - Modèle existant chargé avec succès
[2025-05-20T22:16:08.636+0000] {subprocess.py:93} INFO - 2025-05-20 22:16:08,633 - INFO - Modèle fine-tuné et loggé avec MLflow. Nouveau Run ID : c78043a7a4684662ab936695cdc7cb41
[2025-05-20T22:16:09.687+0000] {subprocess.py:97} INFO - Command exited with return code 0
[2025-05-20T22:16:09.760+0000] {taskinstance.py:1398} INFO - Marking task as SUCCESS. dag_id=gold_model_finetuning_bash_container, task_id=execute_fine_tune_in_container, execution_date=20250520T221544, start_date=20250520T221550, end_date=20250520T221609
[2025-05-20T22:16:09.847+0000] {local_task_job_runner.py:228} INFO - Task exited with return code 0
[2025-05-20T22:16:09.922+0000] {taskinstance.py:2776} INFO - 1 downstream tasks scheduled from follow-on schedule check
