[2025-05-21T13:09:06.168+0000] {taskinstance.py:1157} INFO - Dependencies all met for dep_context=non-requeueable deps ti=<TaskInstance: gold_news_pipeline.store_news_to_hdfs manual__2025-05-21T13:08:49.005686+00:00 [queued]>
[2025-05-21T13:09:06.182+0000] {taskinstance.py:1157} INFO - Dependencies all met for dep_context=requeueable deps ti=<TaskInstance: gold_news_pipeline.store_news_to_hdfs manual__2025-05-21T13:08:49.005686+00:00 [queued]>
[2025-05-21T13:09:06.183+0000] {taskinstance.py:1359} INFO - Starting attempt 1 of 1
[2025-05-21T13:09:06.204+0000] {taskinstance.py:1380} INFO - Executing <Task(PythonOperator): store_news_to_hdfs> on 2025-05-21 13:08:49.005686+00:00
[2025-05-21T13:09:06.214+0000] {standard_task_runner.py:57} INFO - Started process 3947 to run task
[2025-05-21T13:09:06.219+0000] {standard_task_runner.py:84} INFO - Running: ['***', 'tasks', 'run', 'gold_news_pipeline', 'store_news_to_hdfs', 'manual__2025-05-21T13:08:49.005686+00:00', '--job-id', '138', '--raw', '--subdir', 'DAGS_FOLDER/news_batch.py', '--cfg-path', '/tmp/tmpneja4qv5']
[2025-05-21T13:09:06.222+0000] {standard_task_runner.py:85} INFO - Job 138: Subtask store_news_to_hdfs
[2025-05-21T13:09:06.280+0000] {task_command.py:415} INFO - Running <TaskInstance: gold_news_pipeline.store_news_to_hdfs manual__2025-05-21T13:08:49.005686+00:00 [running]> on host 5c6832b8ad2a
[2025-05-21T13:09:06.392+0000] {taskinstance.py:1660} INFO - Exporting env vars: AIRFLOW_CTX_DAG_OWNER='***' AIRFLOW_CTX_DAG_ID='gold_news_pipeline' AIRFLOW_CTX_TASK_ID='store_news_to_hdfs' AIRFLOW_CTX_EXECUTION_DATE='2025-05-21T13:08:49.005686+00:00' AIRFLOW_CTX_TRY_NUMBER='1' AIRFLOW_CTX_DAG_RUN_ID='manual__2025-05-21T13:08:49.005686+00:00'
[2025-05-21T13:09:06.421+0000] {news_batch.py:131} INFO - Chargement du fichier /app/news_gold_market_20250521_130856.json dans HDFS à /gold_price/news/raw/year=2025/month=5/day=21...
[2025-05-21T13:09:06.422+0000] {client.py:192} INFO - Instantiated <InsecureClient(url='http://namenode:9870')>.
[2025-05-21T13:09:06.424+0000] {client.py:551} INFO - Uploading '/app/news_gold_market_20250521_130856.json' to '/gold_price/news/raw/year=2025/month=5/day=21/news_data.json'.
[2025-05-21T13:09:06.425+0000] {client.py:1116} INFO - Listing '/gold_price/news/raw/year=2025/month=5/day=21/news_data.json'.
[2025-05-21T13:09:06.444+0000] {client.py:496} INFO - Writing to '/gold_price/news/raw/year=2025/month=5/day=21/news_data.json.temp-1747832946440940'.
[2025-05-21T13:09:06.902+0000] {client.py:902} INFO - Deleting '/gold_price/news/raw/year=2025/month=5/day=21/news_data.json' recursively.
[2025-05-21T13:09:06.913+0000] {client.py:937} INFO - Renaming '/gold_price/news/raw/year=2025/month=5/day=21/news_data.json.temp-1747832946440940' to '/gold_price/news/raw/year=2025/month=5/day=21/news_data.json'.
[2025-05-21T13:09:06.929+0000] {news_batch.py:146} INFO - Fichier JSON stocké dans HDFS : /gold_price/news/raw/year=2025/month=5/day=21/news_data.json
[2025-05-21T13:09:06.930+0000] {python.py:194} INFO - Done. Returned value was: True
[2025-05-21T13:09:06.967+0000] {taskinstance.py:1398} INFO - Marking task as SUCCESS. dag_id=gold_news_pipeline, task_id=store_news_to_hdfs, execution_date=20250521T130849, start_date=20250521T130906, end_date=20250521T130906
[2025-05-21T13:09:07.036+0000] {local_task_job_runner.py:228} INFO - Task exited with return code 0
[2025-05-21T13:09:07.074+0000] {taskinstance.py:2776} INFO - 1 downstream tasks scheduled from follow-on schedule check
