[2025-05-21T13:01:08.650+0000] {taskinstance.py:1157} INFO - Dependencies all met for dep_context=non-requeueable deps ti=<TaskInstance: gold_news_pipeline.ingest_news manual__2025-05-21T13:01:06.015064+00:00 [queued]>
[2025-05-21T13:01:08.666+0000] {taskinstance.py:1157} INFO - Dependencies all met for dep_context=requeueable deps ti=<TaskInstance: gold_news_pipeline.ingest_news manual__2025-05-21T13:01:06.015064+00:00 [queued]>
[2025-05-21T13:01:08.667+0000] {taskinstance.py:1359} INFO - Starting attempt 1 of 1
[2025-05-21T13:01:08.684+0000] {taskinstance.py:1380} INFO - Executing <Task(PythonOperator): ingest_news> on 2025-05-21 13:01:06.015064+00:00
[2025-05-21T13:01:08.695+0000] {standard_task_runner.py:57} INFO - Started process 3221 to run task
[2025-05-21T13:01:08.699+0000] {standard_task_runner.py:84} INFO - Running: ['***', 'tasks', 'run', 'gold_news_pipeline', 'ingest_news', 'manual__2025-05-21T13:01:06.015064+00:00', '--job-id', '130', '--raw', '--subdir', 'DAGS_FOLDER/news_batch.py', '--cfg-path', '/tmp/tmpb2kgql_3']
[2025-05-21T13:01:08.703+0000] {standard_task_runner.py:85} INFO - Job 130: Subtask ingest_news
[2025-05-21T13:01:08.781+0000] {task_command.py:415} INFO - Running <TaskInstance: gold_news_pipeline.ingest_news manual__2025-05-21T13:01:06.015064+00:00 [running]> on host 5c6832b8ad2a
[2025-05-21T13:01:08.914+0000] {taskinstance.py:1660} INFO - Exporting env vars: AIRFLOW_CTX_DAG_OWNER='***' AIRFLOW_CTX_DAG_ID='gold_news_pipeline' AIRFLOW_CTX_TASK_ID='ingest_news' AIRFLOW_CTX_EXECUTION_DATE='2025-05-21T13:01:06.015064+00:00' AIRFLOW_CTX_TRY_NUMBER='1' AIRFLOW_CTX_DAG_RUN_ID='manual__2025-05-21T13:01:06.015064+00:00'
[2025-05-21T13:01:08.916+0000] {news_batch.py:41} INFO - Requête API NewsAPI, page 1...
[2025-05-21T13:01:09.563+0000] {news_batch.py:41} INFO - Requête API NewsAPI, page 2...
[2025-05-21T13:01:09.831+0000] {news_batch.py:41} INFO - Requête API NewsAPI, page 3...
[2025-05-21T13:01:10.526+0000] {news_batch.py:41} INFO - Requête API NewsAPI, page 4...
[2025-05-21T13:01:10.784+0000] {news_batch.py:41} INFO - Requête API NewsAPI, page 5...
[2025-05-21T13:01:10.918+0000] {news_batch.py:41} INFO - Requête API NewsAPI, page 6...
[2025-05-21T13:01:11.174+0000] {news_batch.py:41} INFO - Requête API NewsAPI, page 7...
[2025-05-21T13:01:11.435+0000] {news_batch.py:41} INFO - Requête API NewsAPI, page 8...
[2025-05-21T13:01:11.676+0000] {news_batch.py:41} INFO - Requête API NewsAPI, page 9...
[2025-05-21T13:01:12.198+0000] {news_batch.py:41} INFO - Requête API NewsAPI, page 10...
[2025-05-21T13:01:12.451+0000] {news_batch.py:69} INFO - Écriture des données dans /app/news_gold_market_20250521_130112.json...
[2025-05-21T13:01:12.493+0000] {news_batch.py:78} INFO - Total de 99 news ingérées et sauvegardées dans /app/news_gold_market_20250521_130112.json
[2025-05-21T13:01:12.495+0000] {python.py:194} INFO - Done. Returned value was: True
[2025-05-21T13:01:12.539+0000] {taskinstance.py:1398} INFO - Marking task as SUCCESS. dag_id=gold_news_pipeline, task_id=ingest_news, execution_date=20250521T130106, start_date=20250521T130108, end_date=20250521T130112
[2025-05-21T13:01:12.578+0000] {local_task_job_runner.py:228} INFO - Task exited with return code 0
[2025-05-21T13:01:12.618+0000] {taskinstance.py:2776} INFO - 1 downstream tasks scheduled from follow-on schedule check
