[2025-05-12T19:32:57.910+0000] {taskinstance.py:1157} INFO - Dependencies all met for dep_context=non-requeueable deps ti=<TaskInstance: gold_news_pipeline.run_consumer scheduled__2025-05-12T19:22:49.609919+00:00 [queued]>
[2025-05-12T19:32:57.928+0000] {taskinstance.py:1157} INFO - Dependencies all met for dep_context=requeueable deps ti=<TaskInstance: gold_news_pipeline.run_consumer scheduled__2025-05-12T19:22:49.609919+00:00 [queued]>
[2025-05-12T19:32:57.929+0000] {taskinstance.py:1359} INFO - Starting attempt 1 of 4
[2025-05-12T19:32:57.958+0000] {taskinstance.py:1380} INFO - Executing <Task(BashOperator): run_consumer> on 2025-05-12 19:22:49.609919+00:00
[2025-05-12T19:32:57.971+0000] {standard_task_runner.py:57} INFO - Started process 867 to run task
[2025-05-12T19:32:57.979+0000] {standard_task_runner.py:84} INFO - Running: ['***', 'tasks', 'run', 'gold_news_pipeline', 'run_consumer', 'scheduled__2025-05-12T19:22:49.609919+00:00', '--job-id', '147', '--raw', '--subdir', 'DAGS_FOLDER/dag_news.py', '--cfg-path', '/tmp/tmpbdxiz3ms']
[2025-05-12T19:32:57.983+0000] {standard_task_runner.py:85} INFO - Job 147: Subtask run_consumer
[2025-05-12T19:32:58.078+0000] {task_command.py:415} INFO - Running <TaskInstance: gold_news_pipeline.run_consumer scheduled__2025-05-12T19:22:49.609919+00:00 [running]> on host a84f8d9926dd
[2025-05-12T19:32:58.271+0000] {taskinstance.py:1660} INFO - Exporting env vars: AIRFLOW_CTX_DAG_OWNER='***' AIRFLOW_CTX_DAG_ID='gold_news_pipeline' AIRFLOW_CTX_TASK_ID='run_consumer' AIRFLOW_CTX_EXECUTION_DATE='2025-05-12T19:22:49.609919+00:00' AIRFLOW_CTX_TRY_NUMBER='1' AIRFLOW_CTX_DAG_RUN_ID='scheduled__2025-05-12T19:22:49.609919+00:00'
[2025-05-12T19:32:58.274+0000] {subprocess.py:63} INFO - Tmp dir root location: /tmp
[2025-05-12T19:32:58.276+0000] {subprocess.py:75} INFO - Running command: ['/bin/bash', '-c', 'docker exec gold_price_project-spark-1 bash -c "export PYSPARK_PYTHON=/usr/bin/python3.8 && spark-submit --conf spark.pyspark.python=/usr/bin/python3.8 --packages org.apache.spark:spark-sql-kafka-0-10_2.12:3.5.0,com.datastax.spark:spark-cassandra-connector_2.12:3.5.0 /scripts/spark_news.py"']
[2025-05-12T19:32:58.296+0000] {subprocess.py:86} INFO - Output:
[2025-05-12T19:33:02.786+0000] {subprocess.py:93} INFO - :: loading settings :: url = jar:file:/opt/spark/jars/ivy-2.5.1.jar!/org/apache/ivy/core/settings/ivysettings.xml
[2025-05-12T19:33:02.955+0000] {subprocess.py:93} INFO - Ivy Default Cache set to: /root/.ivy2/cache
[2025-05-12T19:33:02.956+0000] {subprocess.py:93} INFO - The jars for the packages stored in: /root/.ivy2/jars
[2025-05-12T19:33:02.963+0000] {subprocess.py:93} INFO - org.apache.spark#spark-sql-kafka-0-10_2.12 added as a dependency
[2025-05-12T19:33:02.964+0000] {subprocess.py:93} INFO - com.datastax.spark#spark-cassandra-connector_2.12 added as a dependency
[2025-05-12T19:33:02.964+0000] {subprocess.py:93} INFO - :: resolving dependencies :: org.apache.spark#spark-submit-parent-849d68e7-6891-4d56-84e1-46f566b95fac;1.0
[2025-05-12T19:33:02.965+0000] {subprocess.py:93} INFO - 	confs: [default]
[2025-05-12T19:33:03.296+0000] {subprocess.py:93} INFO - 	found org.apache.spark#spark-sql-kafka-0-10_2.12;3.5.0 in central
[2025-05-12T19:33:03.506+0000] {subprocess.py:93} INFO - 	found org.apache.spark#spark-token-provider-kafka-0-10_2.12;3.5.0 in central
[2025-05-12T19:33:03.566+0000] {subprocess.py:93} INFO - 	found org.apache.kafka#kafka-clients;3.4.1 in central
[2025-05-12T19:33:03.632+0000] {subprocess.py:93} INFO - 	found org.lz4#lz4-java;1.8.0 in central
[2025-05-12T19:33:03.709+0000] {subprocess.py:93} INFO - 	found org.xerial.snappy#snappy-java;1.1.10.3 in central
[2025-05-12T19:33:03.787+0000] {subprocess.py:93} INFO - 	found org.slf4j#slf4j-api;2.0.7 in central
[2025-05-12T19:33:03.839+0000] {subprocess.py:93} INFO - 	found org.apache.hadoop#hadoop-client-runtime;3.3.4 in central
[2025-05-12T19:33:03.894+0000] {subprocess.py:93} INFO - 	found org.apache.hadoop#hadoop-client-api;3.3.4 in central
[2025-05-12T19:33:03.951+0000] {subprocess.py:93} INFO - 	found commons-logging#commons-logging;1.1.3 in central
[2025-05-12T19:33:03.994+0000] {subprocess.py:93} INFO - 	found com.google.code.findbugs#jsr305;3.0.0 in central
[2025-05-12T19:33:04.021+0000] {subprocess.py:93} INFO - 	found org.apache.commons#commons-pool2;2.11.1 in central
[2025-05-12T19:33:04.071+0000] {subprocess.py:93} INFO - 	found com.datastax.spark#spark-cassandra-connector_2.12;3.5.0 in central
[2025-05-12T19:33:04.095+0000] {subprocess.py:93} INFO - 	found com.datastax.spark#spark-cassandra-connector-driver_2.12;3.5.0 in central
[2025-05-12T19:33:04.129+0000] {subprocess.py:93} INFO - 	found org.scala-lang.modules#scala-collection-compat_2.12;2.11.0 in central
[2025-05-12T19:33:04.210+0000] {subprocess.py:93} INFO - 	found com.datastax.oss#java-driver-core-shaded;4.13.0 in central
[2025-05-12T19:33:04.343+0000] {subprocess.py:93} INFO - 	found com.datastax.oss#native-protocol;1.5.0 in central
[2025-05-12T19:33:04.411+0000] {subprocess.py:93} INFO - 	found com.datastax.oss#java-driver-shaded-guava;25.1-jre-graal-sub-1 in central
[2025-05-12T19:33:04.498+0000] {subprocess.py:93} INFO - 	found com.typesafe#config;1.4.1 in central
[2025-05-12T19:33:04.561+0000] {subprocess.py:93} INFO - 	found io.dropwizard.metrics#metrics-core;4.1.18 in central
[2025-05-12T19:33:04.583+0000] {subprocess.py:93} INFO - 	found org.hdrhistogram#HdrHistogram;2.1.12 in central
[2025-05-12T19:33:04.608+0000] {subprocess.py:93} INFO - 	found org.reactivestreams#reactive-streams;1.0.3 in central
[2025-05-12T19:33:04.636+0000] {subprocess.py:93} INFO - 	found com.github.stephenc.jcip#jcip-annotations;1.0-1 in central
[2025-05-12T19:33:04.655+0000] {subprocess.py:93} INFO - 	found com.github.spotbugs#spotbugs-annotations;3.1.12 in central
[2025-05-12T19:33:04.673+0000] {subprocess.py:93} INFO - 	found com.google.code.findbugs#jsr305;3.0.2 in central
[2025-05-12T19:33:04.700+0000] {subprocess.py:93} INFO - 	found com.datastax.oss#java-driver-mapper-runtime;4.13.0 in central
[2025-05-12T19:33:04.718+0000] {subprocess.py:93} INFO - 	found com.datastax.oss#java-driver-query-builder;4.13.0 in central
[2025-05-12T19:33:06.196+0000] {subprocess.py:93} INFO - 	found org.apache.commons#commons-lang3;3.10 in central
[2025-05-12T19:33:07.574+0000] {subprocess.py:93} INFO - 	found com.thoughtworks.paranamer#paranamer;2.8 in central
[2025-05-12T19:33:07.727+0000] {subprocess.py:93} INFO - 	found org.scala-lang#scala-reflect;2.12.11 in central
[2025-05-12T19:33:07.857+0000] {subprocess.py:93} INFO - downloading https://repo1.maven.org/maven2/org/apache/spark/spark-sql-kafka-0-10_2.12/3.5.0/spark-sql-kafka-0-10_2.12-3.5.0.jar ...
[2025-05-12T19:33:08.361+0000] {subprocess.py:93} INFO - downloading https://repo1.maven.org/maven2/com/datastax/spark/spark-cassandra-connector_2.12/3.5.0/spark-cassandra-connector_2.12-3.5.0.jar ...
[2025-05-12T19:33:08.788+0000] {subprocess.py:93} INFO - downloading https://repo1.maven.org/maven2/org/apache/kafka/kafka-clients/3.4.1/kafka-clients-3.4.1.jar ...
[2025-05-12T19:33:09.691+0000] {subprocess.py:93} INFO - 	[SUCCESSFUL ] org.apache.kafka#kafka-clients;3.4.1!kafka-clients.jar (994ms)
[2025-05-12T19:33:09.909+0000] {subprocess.py:93} INFO - downloading https://repo1.maven.org/maven2/org/apache/commons/commons-pool2/2.11.1/commons-pool2-2.11.1.jar ...
[2025-05-12T19:33:09.984+0000] {subprocess.py:93} INFO - 	[SUCCESSFUL ] org.apache.commons#commons-pool2;2.11.1!commons-pool2.jar (290ms)
[2025-05-12T19:33:10.041+0000] {subprocess.py:93} INFO - downloading https://repo1.maven.org/maven2/org/apache/hadoop/hadoop-client-runtime/3.3.4/hadoop-client-runtime-3.3.4.jar ...
[2025-05-12T19:33:15.932+0000] {subprocess.py:93} INFO - downloading https://repo1.maven.org/maven2/com/datastax/oss/native-protocol/1.5.0/native-protocol-1.5.0.jar ...
[2025-05-12T19:33:16.076+0000] {subprocess.py:93} INFO - 	[SUCCESSFUL ] com.datastax.oss#native-protocol;1.5.0!native-protocol.jar(bundle) (197ms)
[2025-05-12T19:33:16.133+0000] {subprocess.py:93} INFO - downloading https://repo1.maven.org/maven2/com/datastax/oss/java-driver-shaded-guava/25.1-jre-graal-sub-1/java-driver-shaded-guava-25.1-jre-graal-sub-1.jar ...
[2025-05-12T19:33:19.776+0000] {subprocess.py:93} INFO - 	[SUCCESSFUL ] com.datastax.oss#java-driver-shaded-guava;25.1-jre-graal-sub-1!java-driver-shaded-guava.jar (3701ms)
[2025-05-12T19:33:20.115+0000] {subprocess.py:93} INFO - downloading https://repo1.maven.org/maven2/com/github/spotbugs/spotbugs-annotations/3.1.12/spotbugs-annotations-3.1.12.jar ...
[2025-05-12T19:33:20.175+0000] {subprocess.py:93} INFO - 	[SUCCESSFUL ] com.github.spotbugs#spotbugs-annotations;3.1.12!spotbugs-annotations.jar (393ms)
[2025-05-12T19:33:20.409+0000] {subprocess.py:93} INFO - downloading https://repo1.maven.org/maven2/com/datastax/oss/java-driver-query-builder/4.13.0/java-driver-query-builder-4.13.0.jar ...
[2025-05-12T19:33:20.530+0000] {subprocess.py:93} INFO - :: resolution report :: resolve 4833ms :: artifacts dl 12732ms
[2025-05-12T19:33:20.530+0000] {subprocess.py:93} INFO - 	:: modules in use:
[2025-05-12T19:33:20.532+0000] {subprocess.py:93} INFO - 	com.datastax.oss#java-driver-core-shaded;4.13.0 from central in [default]
[2025-05-12T19:33:20.535+0000] {subprocess.py:93} INFO - 	com.datastax.oss#java-driver-mapper-runtime;4.13.0 from central in [default]
[2025-05-12T19:33:20.536+0000] {subprocess.py:93} INFO - 	com.datastax.oss#java-driver-query-builder;4.13.0 from central in [default]
[2025-05-12T19:33:20.537+0000] {subprocess.py:93} INFO - 	com.datastax.oss#java-driver-shaded-guava;25.1-jre-graal-sub-1 from central in [default]
[2025-05-12T19:33:20.537+0000] {subprocess.py:93} INFO - 	com.datastax.oss#native-protocol;1.5.0 from central in [default]
[2025-05-12T19:33:20.538+0000] {subprocess.py:93} INFO - 	com.datastax.spark#spark-cassandra-connector-driver_2.12;3.5.0 from central in [default]
[2025-05-12T19:33:20.538+0000] {subprocess.py:93} INFO - 	com.datastax.spark#spark-cassandra-connector_2.12;3.5.0 from central in [default]
[2025-05-12T19:33:20.539+0000] {subprocess.py:93} INFO - 	com.github.spotbugs#spotbugs-annotations;3.1.12 from central in [default]
[2025-05-12T19:33:20.541+0000] {subprocess.py:93} INFO - 	com.github.stephenc.jcip#jcip-annotations;1.0-1 from central in [default]
[2025-05-12T19:33:20.544+0000] {subprocess.py:93} INFO - 	com.google.code.findbugs#jsr305;3.0.2 from central in [default]
[2025-05-12T19:33:20.545+0000] {subprocess.py:93} INFO - 	com.thoughtworks.paranamer#paranamer;2.8 from central in [default]
[2025-05-12T19:33:20.546+0000] {subprocess.py:93} INFO - 	com.typesafe#config;1.4.1 from central in [default]
[2025-05-12T19:33:20.548+0000] {subprocess.py:93} INFO - 	commons-logging#commons-logging;1.1.3 from central in [default]
[2025-05-12T19:33:20.550+0000] {subprocess.py:93} INFO - 	io.dropwizard.metrics#metrics-core;4.1.18 from central in [default]
[2025-05-12T19:33:20.551+0000] {subprocess.py:93} INFO - 	org.apache.commons#commons-lang3;3.10 from central in [default]
[2025-05-12T19:33:20.552+0000] {subprocess.py:93} INFO - 	org.apache.commons#commons-pool2;2.11.1 from central in [default]
[2025-05-12T19:33:20.552+0000] {subprocess.py:93} INFO - 	org.apache.hadoop#hadoop-client-api;3.3.4 from central in [default]
[2025-05-12T19:33:20.553+0000] {subprocess.py:93} INFO - 	org.apache.hadoop#hadoop-client-runtime;3.3.4 from central in [default]
[2025-05-12T19:33:20.554+0000] {subprocess.py:93} INFO - 	org.apache.kafka#kafka-clients;3.4.1 from central in [default]
[2025-05-12T19:33:20.554+0000] {subprocess.py:93} INFO - 	org.apache.spark#spark-sql-kafka-0-10_2.12;3.5.0 from central in [default]
[2025-05-12T19:33:20.555+0000] {subprocess.py:93} INFO - 	org.apache.spark#spark-token-provider-kafka-0-10_2.12;3.5.0 from central in [default]
[2025-05-12T19:33:20.559+0000] {subprocess.py:93} INFO - 	org.hdrhistogram#HdrHistogram;2.1.12 from central in [default]
[2025-05-12T19:33:20.561+0000] {subprocess.py:93} INFO - 	org.lz4#lz4-java;1.8.0 from central in [default]
[2025-05-12T19:33:20.567+0000] {subprocess.py:93} INFO - 	org.reactivestreams#reactive-streams;1.0.3 from central in [default]
[2025-05-12T19:33:20.567+0000] {subprocess.py:93} INFO - 	org.scala-lang#scala-reflect;2.12.11 from central in [default]
[2025-05-12T19:33:20.568+0000] {subprocess.py:93} INFO - 	org.scala-lang.modules#scala-collection-compat_2.12;2.11.0 from central in [default]
[2025-05-12T19:33:20.568+0000] {subprocess.py:93} INFO - 	org.slf4j#slf4j-api;2.0.7 from central in [default]
[2025-05-12T19:33:20.569+0000] {subprocess.py:93} INFO - 	org.xerial.snappy#snappy-java;1.1.10.3 from central in [default]
[2025-05-12T19:33:20.570+0000] {subprocess.py:93} INFO - 	:: evicted modules:
[2025-05-12T19:33:20.573+0000] {subprocess.py:93} INFO - 	com.google.code.findbugs#jsr305;3.0.0 by [com.google.code.findbugs#jsr305;3.0.2] in [default]
[2025-05-12T19:33:20.574+0000] {subprocess.py:93} INFO - 	org.slf4j#slf4j-api;1.7.26 by [org.slf4j#slf4j-api;2.0.7] in [default]
[2025-05-12T19:33:20.575+0000] {subprocess.py:93} INFO - 	---------------------------------------------------------------------
[2025-05-12T19:33:20.581+0000] {subprocess.py:93} INFO - 	|                  |            modules            ||   artifacts   |
[2025-05-12T19:33:20.583+0000] {subprocess.py:93} INFO - 	|       conf       | number| search|dwnlded|evicted|| number|dwnlded|
[2025-05-12T19:33:20.584+0000] {subprocess.py:93} INFO - 	---------------------------------------------------------------------
[2025-05-12T19:33:20.585+0000] {subprocess.py:93} INFO - 	|      default     |   30  |   3   |   3   |   2   ||   28  |   5   |
[2025-05-12T19:33:20.586+0000] {subprocess.py:93} INFO - 	---------------------------------------------------------------------
[2025-05-12T19:33:20.587+0000] {subprocess.py:93} INFO - 
[2025-05-12T19:33:20.588+0000] {subprocess.py:93} INFO - :: problems summary ::
[2025-05-12T19:33:20.596+0000] {subprocess.py:93} INFO - :::: WARNINGS
[2025-05-12T19:33:20.599+0000] {subprocess.py:93} INFO - 		[FAILED     ] org.apache.spark#spark-sql-kafka-0-10_2.12;3.5.0!spark-sql-kafka-0-10_2.12.jar: Downloaded file size (0) doesn't match expected Content Length (432335) for https://repo1.maven.org/maven2/org/apache/spark/spark-sql-kafka-0-10_2.12/3.5.0/spark-sql-kafka-0-10_2.12-3.5.0.jar. Please retry. (499ms)
[2025-05-12T19:33:20.599+0000] {subprocess.py:93} INFO - 
[2025-05-12T19:33:20.600+0000] {subprocess.py:93} INFO - 		[FAILED     ] org.apache.spark#spark-sql-kafka-0-10_2.12;3.5.0!spark-sql-kafka-0-10_2.12.jar: Downloaded file size (0) doesn't match expected Content Length (432335) for https://repo1.maven.org/maven2/org/apache/spark/spark-sql-kafka-0-10_2.12/3.5.0/spark-sql-kafka-0-10_2.12-3.5.0.jar. Please retry. (499ms)
[2025-05-12T19:33:20.600+0000] {subprocess.py:93} INFO - 
[2025-05-12T19:33:20.601+0000] {subprocess.py:93} INFO - 	==== central: tried
[2025-05-12T19:33:20.602+0000] {subprocess.py:93} INFO - 
[2025-05-12T19:33:20.603+0000] {subprocess.py:93} INFO - 	  https://repo1.maven.org/maven2/org/apache/spark/spark-sql-kafka-0-10_2.12/3.5.0/spark-sql-kafka-0-10_2.12-3.5.0.jar
[2025-05-12T19:33:20.604+0000] {subprocess.py:93} INFO - 
[2025-05-12T19:33:20.605+0000] {subprocess.py:93} INFO - 		[FAILED     ] com.datastax.spark#spark-cassandra-connector_2.12;3.5.0!spark-cassandra-connector_2.12.jar: Downloaded file size (0) doesn't match expected Content Length (1649483) for https://repo1.maven.org/maven2/com/datastax/spark/spark-cassandra-connector_2.12/3.5.0/spark-cassandra-connector_2.12-3.5.0.jar. Please retry. (392ms)
[2025-05-12T19:33:20.611+0000] {subprocess.py:93} INFO - 
[2025-05-12T19:33:20.613+0000] {subprocess.py:93} INFO - 		[FAILED     ] com.datastax.spark#spark-cassandra-connector_2.12;3.5.0!spark-cassandra-connector_2.12.jar: Downloaded file size (0) doesn't match expected Content Length (1649483) for https://repo1.maven.org/maven2/com/datastax/spark/spark-cassandra-connector_2.12/3.5.0/spark-cassandra-connector_2.12-3.5.0.jar. Please retry. (392ms)
[2025-05-12T19:33:20.614+0000] {subprocess.py:93} INFO - 
[2025-05-12T19:33:20.615+0000] {subprocess.py:93} INFO - 	==== central: tried
[2025-05-12T19:33:20.615+0000] {subprocess.py:93} INFO - 
[2025-05-12T19:33:20.617+0000] {subprocess.py:93} INFO - 	  https://repo1.maven.org/maven2/com/datastax/spark/spark-cassandra-connector_2.12/3.5.0/spark-cassandra-connector_2.12-3.5.0.jar
[2025-05-12T19:33:20.618+0000] {subprocess.py:93} INFO - 
[2025-05-12T19:33:20.618+0000] {subprocess.py:93} INFO - 		[FAILED     ] org.apache.hadoop#hadoop-client-runtime;3.3.4!hadoop-client-runtime.jar: Downloaded file size (0) doesn't match expected Content Length (30085504) for https://repo1.maven.org/maven2/org/apache/hadoop/hadoop-client-runtime/3.3.4/hadoop-client-runtime-3.3.4.jar. Please retry. (5873ms)
[2025-05-12T19:33:20.619+0000] {subprocess.py:93} INFO - 
[2025-05-12T19:33:20.619+0000] {subprocess.py:93} INFO - 		[FAILED     ] org.apache.hadoop#hadoop-client-runtime;3.3.4!hadoop-client-runtime.jar: Downloaded file size (0) doesn't match expected Content Length (30085504) for https://repo1.maven.org/maven2/org/apache/hadoop/hadoop-client-runtime/3.3.4/hadoop-client-runtime-3.3.4.jar. Please retry. (5873ms)
[2025-05-12T19:33:20.620+0000] {subprocess.py:93} INFO - 
[2025-05-12T19:33:20.621+0000] {subprocess.py:93} INFO - 	==== central: tried
[2025-05-12T19:33:20.621+0000] {subprocess.py:93} INFO - 
[2025-05-12T19:33:20.622+0000] {subprocess.py:93} INFO - 	  https://repo1.maven.org/maven2/org/apache/hadoop/hadoop-client-runtime/3.3.4/hadoop-client-runtime-3.3.4.jar
[2025-05-12T19:33:20.622+0000] {subprocess.py:93} INFO - 
[2025-05-12T19:33:20.624+0000] {subprocess.py:93} INFO - 		[FAILED     ] com.datastax.oss#java-driver-query-builder;4.13.0!java-driver-query-builder.jar(bundle): Downloaded file size (0) doesn't match expected Content Length (277344) for https://repo1.maven.org/maven2/com/datastax/oss/java-driver-query-builder/4.13.0/java-driver-query-builder-4.13.0.jar. Please retry. (351ms)
[2025-05-12T19:33:20.628+0000] {subprocess.py:93} INFO - 
[2025-05-12T19:33:20.629+0000] {subprocess.py:93} INFO - 		[FAILED     ] com.datastax.oss#java-driver-query-builder;4.13.0!java-driver-query-builder.jar(bundle): Downloaded file size (0) doesn't match expected Content Length (277344) for https://repo1.maven.org/maven2/com/datastax/oss/java-driver-query-builder/4.13.0/java-driver-query-builder-4.13.0.jar. Please retry. (351ms)
[2025-05-12T19:33:20.631+0000] {subprocess.py:93} INFO - 
[2025-05-12T19:33:20.633+0000] {subprocess.py:93} INFO - 	==== central: tried
[2025-05-12T19:33:20.634+0000] {subprocess.py:93} INFO - 
[2025-05-12T19:33:20.636+0000] {subprocess.py:93} INFO - 	  https://repo1.maven.org/maven2/com/datastax/oss/java-driver-query-builder/4.13.0/java-driver-query-builder-4.13.0.jar
[2025-05-12T19:33:20.651+0000] {subprocess.py:93} INFO - 
[2025-05-12T19:33:20.652+0000] {subprocess.py:93} INFO - 		::::::::::::::::::::::::::::::::::::::::::::::
[2025-05-12T19:33:20.653+0000] {subprocess.py:93} INFO - 
[2025-05-12T19:33:20.657+0000] {subprocess.py:93} INFO - 		::              FAILED DOWNLOADS            ::
[2025-05-12T19:33:20.659+0000] {subprocess.py:93} INFO - 
[2025-05-12T19:33:20.661+0000] {subprocess.py:93} INFO - 		:: ^ see resolution messages for details  ^ ::
[2025-05-12T19:33:20.663+0000] {subprocess.py:93} INFO - 
[2025-05-12T19:33:20.664+0000] {subprocess.py:93} INFO - 		::::::::::::::::::::::::::::::::::::::::::::::
[2025-05-12T19:33:20.665+0000] {subprocess.py:93} INFO - 
[2025-05-12T19:33:20.670+0000] {subprocess.py:93} INFO - 		:: org.apache.spark#spark-sql-kafka-0-10_2.12;3.5.0!spark-sql-kafka-0-10_2.12.jar
[2025-05-12T19:33:20.677+0000] {subprocess.py:93} INFO - 
[2025-05-12T19:33:20.679+0000] {subprocess.py:93} INFO - 		:: org.apache.hadoop#hadoop-client-runtime;3.3.4!hadoop-client-runtime.jar
[2025-05-12T19:33:20.680+0000] {subprocess.py:93} INFO - 
[2025-05-12T19:33:20.681+0000] {subprocess.py:93} INFO - 		:: com.datastax.spark#spark-cassandra-connector_2.12;3.5.0!spark-cassandra-connector_2.12.jar
[2025-05-12T19:33:20.682+0000] {subprocess.py:93} INFO - 
[2025-05-12T19:33:20.683+0000] {subprocess.py:93} INFO - 		:: com.datastax.oss#java-driver-query-builder;4.13.0!java-driver-query-builder.jar(bundle)
[2025-05-12T19:33:20.687+0000] {subprocess.py:93} INFO - 
[2025-05-12T19:33:20.690+0000] {subprocess.py:93} INFO - 		::::::::::::::::::::::::::::::::::::::::::::::
[2025-05-12T19:33:20.694+0000] {subprocess.py:93} INFO - 
[2025-05-12T19:33:20.696+0000] {subprocess.py:93} INFO - 
[2025-05-12T19:33:20.704+0000] {subprocess.py:93} INFO - 
[2025-05-12T19:33:20.705+0000] {subprocess.py:93} INFO - :: USE VERBOSE OR DEBUG MESSAGE LEVEL FOR MORE DETAILS
[2025-05-12T19:33:20.706+0000] {subprocess.py:93} INFO - Exception in thread "main" java.lang.RuntimeException: [download failed: org.apache.spark#spark-sql-kafka-0-10_2.12;3.5.0!spark-sql-kafka-0-10_2.12.jar, download failed: org.apache.hadoop#hadoop-client-runtime;3.3.4!hadoop-client-runtime.jar, download failed: com.datastax.spark#spark-cassandra-connector_2.12;3.5.0!spark-cassandra-connector_2.12.jar, download failed: com.datastax.oss#java-driver-query-builder;4.13.0!java-driver-query-builder.jar(bundle)]
[2025-05-12T19:33:20.707+0000] {subprocess.py:93} INFO - 	at org.apache.spark.deploy.SparkSubmitUtils$.resolveMavenCoordinates(SparkSubmit.scala:1608)
[2025-05-12T19:33:20.708+0000] {subprocess.py:93} INFO - 	at org.apache.spark.util.DependencyUtils$.resolveMavenDependencies(DependencyUtils.scala:185)
[2025-05-12T19:33:20.710+0000] {subprocess.py:93} INFO - 	at org.apache.spark.deploy.SparkSubmit.prepareSubmitEnvironment(SparkSubmit.scala:334)
[2025-05-12T19:33:20.711+0000] {subprocess.py:93} INFO - 	at org.apache.spark.deploy.SparkSubmit.org$apache$spark$deploy$SparkSubmit$$runMain(SparkSubmit.scala:964)
[2025-05-12T19:33:20.713+0000] {subprocess.py:93} INFO - 	at org.apache.spark.deploy.SparkSubmit.doRunMain$1(SparkSubmit.scala:194)
[2025-05-12T19:33:20.714+0000] {subprocess.py:93} INFO - 	at org.apache.spark.deploy.SparkSubmit.submit(SparkSubmit.scala:217)
[2025-05-12T19:33:20.718+0000] {subprocess.py:93} INFO - 	at org.apache.spark.deploy.SparkSubmit.doSubmit(SparkSubmit.scala:91)
[2025-05-12T19:33:20.719+0000] {subprocess.py:93} INFO - 	at org.apache.spark.deploy.SparkSubmit$$anon$2.doSubmit(SparkSubmit.scala:1120)
[2025-05-12T19:33:20.720+0000] {subprocess.py:93} INFO - 	at org.apache.spark.deploy.SparkSubmit$.main(SparkSubmit.scala:1129)
[2025-05-12T19:33:20.731+0000] {subprocess.py:93} INFO - 	at org.apache.spark.deploy.SparkSubmit.main(SparkSubmit.scala)
[2025-05-12T19:33:20.742+0000] {subprocess.py:97} INFO - Command exited with return code 1
[2025-05-12T19:33:20.777+0000] {taskinstance.py:1935} ERROR - Task failed with exception
Traceback (most recent call last):
  File "/home/airflow/.local/lib/python3.8/site-packages/airflow/operators/bash.py", line 210, in execute
    raise AirflowException(
airflow.exceptions.AirflowException: Bash command failed. The command returned a non-zero exit code 1.
[2025-05-12T19:33:20.787+0000] {taskinstance.py:1398} INFO - Marking task as UP_FOR_RETRY. dag_id=gold_news_pipeline, task_id=run_consumer, execution_date=20250512T192249, start_date=20250512T193257, end_date=20250512T193320
[2025-05-12T19:33:20.820+0000] {standard_task_runner.py:104} ERROR - Failed to execute job 147 for task run_consumer (Bash command failed. The command returned a non-zero exit code 1.; 867)
[2025-05-12T19:33:20.865+0000] {local_task_job_runner.py:228} INFO - Task exited with return code 1
[2025-05-12T19:33:20.908+0000] {taskinstance.py:2776} INFO - 0 downstream tasks scheduled from follow-on schedule check
