[2025-05-12T17:41:12.252+0000] {taskinstance.py:1157} INFO - Dependencies all met for dep_context=non-requeueable deps ti=<TaskInstance: gold_news_pipeline.run_consumer scheduled__2025-05-12T17:31:03.789689+00:00 [queued]>
[2025-05-12T17:41:12.273+0000] {taskinstance.py:1157} INFO - Dependencies all met for dep_context=requeueable deps ti=<TaskInstance: gold_news_pipeline.run_consumer scheduled__2025-05-12T17:31:03.789689+00:00 [queued]>
[2025-05-12T17:41:12.275+0000] {taskinstance.py:1359} INFO - Starting attempt 1 of 1
[2025-05-12T17:41:12.314+0000] {taskinstance.py:1380} INFO - Executing <Task(BashOperator): run_consumer> on 2025-05-12 17:31:03.789689+00:00
[2025-05-12T17:41:12.324+0000] {standard_task_runner.py:57} INFO - Started process 4404 to run task
[2025-05-12T17:41:12.328+0000] {standard_task_runner.py:84} INFO - Running: ['***', 'tasks', 'run', 'gold_news_pipeline', 'run_consumer', 'scheduled__2025-05-12T17:31:03.789689+00:00', '--job-id', '89', '--raw', '--subdir', 'DAGS_FOLDER/dag_news.py', '--cfg-path', '/tmp/tmptr8e4lxj']
[2025-05-12T17:41:12.336+0000] {standard_task_runner.py:85} INFO - Job 89: Subtask run_consumer
[2025-05-12T17:41:12.416+0000] {task_command.py:415} INFO - Running <TaskInstance: gold_news_pipeline.run_consumer scheduled__2025-05-12T17:31:03.789689+00:00 [running]> on host 51d6065cf9f5
[2025-05-12T17:41:12.558+0000] {taskinstance.py:1660} INFO - Exporting env vars: AIRFLOW_CTX_DAG_OWNER='***' AIRFLOW_CTX_DAG_ID='gold_news_pipeline' AIRFLOW_CTX_TASK_ID='run_consumer' AIRFLOW_CTX_EXECUTION_DATE='2025-05-12T17:31:03.789689+00:00' AIRFLOW_CTX_TRY_NUMBER='1' AIRFLOW_CTX_DAG_RUN_ID='scheduled__2025-05-12T17:31:03.789689+00:00'
[2025-05-12T17:41:12.563+0000] {subprocess.py:63} INFO - Tmp dir root location: /tmp
[2025-05-12T17:41:12.566+0000] {subprocess.py:75} INFO - Running command: ['/bin/bash', '-c', 'docker exec gold_price_project-spark-1 spark-submit --packages org.apache.spark:spark-sql-kafka-0-10_2.12:3.5.0,com.datastax.spark:spark-cassandra-connector_2.12:3.5.0 /scripts/spark_news.py']
[2025-05-12T17:41:12.584+0000] {subprocess.py:86} INFO - Output:
[2025-05-12T17:41:16.119+0000] {subprocess.py:93} INFO - :: loading settings :: url = jar:file:/opt/spark/jars/ivy-2.5.1.jar!/org/apache/ivy/core/settings/ivysettings.xml
[2025-05-12T17:41:16.305+0000] {subprocess.py:93} INFO - Ivy Default Cache set to: /root/.ivy2/cache
[2025-05-12T17:41:16.306+0000] {subprocess.py:93} INFO - The jars for the packages stored in: /root/.ivy2/jars
[2025-05-12T17:41:16.316+0000] {subprocess.py:93} INFO - org.apache.spark#spark-sql-kafka-0-10_2.12 added as a dependency
[2025-05-12T17:41:16.318+0000] {subprocess.py:93} INFO - com.datastax.spark#spark-cassandra-connector_2.12 added as a dependency
[2025-05-12T17:41:16.321+0000] {subprocess.py:93} INFO - :: resolving dependencies :: org.apache.spark#spark-submit-parent-f7ed92ed-11b5-43fd-b1a6-d780fc0bb333;1.0
[2025-05-12T17:41:16.322+0000] {subprocess.py:93} INFO - 	confs: [default]
[2025-05-12T17:41:16.639+0000] {subprocess.py:93} INFO - 	found org.apache.spark#spark-sql-kafka-0-10_2.12;3.5.0 in local-m2-cache
[2025-05-12T17:41:16.793+0000] {subprocess.py:93} INFO - 	found org.apache.spark#spark-token-provider-kafka-0-10_2.12;3.5.0 in central
[2025-05-12T17:41:16.907+0000] {subprocess.py:93} INFO - 	found org.apache.kafka#kafka-clients;3.4.1 in central
[2025-05-12T17:41:16.973+0000] {subprocess.py:93} INFO - 	found org.lz4#lz4-java;1.8.0 in central
[2025-05-12T17:41:17.015+0000] {subprocess.py:93} INFO - 	found org.xerial.snappy#snappy-java;1.1.10.3 in central
[2025-05-12T17:41:17.063+0000] {subprocess.py:93} INFO - 	found org.slf4j#slf4j-api;2.0.7 in central
[2025-05-12T17:41:17.149+0000] {subprocess.py:93} INFO - 	found org.apache.hadoop#hadoop-client-runtime;3.3.4 in central
[2025-05-12T17:41:17.209+0000] {subprocess.py:93} INFO - 	found org.apache.hadoop#hadoop-client-api;3.3.4 in central
[2025-05-12T17:41:17.270+0000] {subprocess.py:93} INFO - 	found commons-logging#commons-logging;1.1.3 in central
[2025-05-12T17:41:17.304+0000] {subprocess.py:93} INFO - 	found com.google.code.findbugs#jsr305;3.0.0 in central
[2025-05-12T17:41:17.360+0000] {subprocess.py:93} INFO - 	found org.apache.commons#commons-pool2;2.11.1 in central
[2025-05-12T17:41:17.392+0000] {subprocess.py:93} INFO - 	found com.datastax.spark#spark-cassandra-connector_2.12;3.5.0 in central
[2025-05-12T17:41:17.447+0000] {subprocess.py:93} INFO - 	found com.datastax.spark#spark-cassandra-connector-driver_2.12;3.5.0 in central
[2025-05-12T17:41:17.516+0000] {subprocess.py:93} INFO - 	found org.scala-lang.modules#scala-collection-compat_2.12;2.11.0 in central
[2025-05-12T17:41:17.606+0000] {subprocess.py:93} INFO - 	found com.datastax.oss#java-driver-core-shaded;4.13.0 in central
[2025-05-12T17:41:17.676+0000] {subprocess.py:93} INFO - 	found com.datastax.oss#native-protocol;1.5.0 in central
[2025-05-12T17:41:17.712+0000] {subprocess.py:93} INFO - 	found com.datastax.oss#java-driver-shaded-guava;25.1-jre-graal-sub-1 in central
[2025-05-12T17:41:17.756+0000] {subprocess.py:93} INFO - 	found com.typesafe#config;1.4.1 in central
[2025-05-12T17:41:17.805+0000] {subprocess.py:93} INFO - 	found io.dropwizard.metrics#metrics-core;4.1.18 in central
[2025-05-12T17:41:17.865+0000] {subprocess.py:93} INFO - 	found org.hdrhistogram#HdrHistogram;2.1.12 in central
[2025-05-12T17:41:17.879+0000] {subprocess.py:93} INFO - 	found org.reactivestreams#reactive-streams;1.0.3 in central
[2025-05-12T17:41:17.916+0000] {subprocess.py:93} INFO - 	found com.github.stephenc.jcip#jcip-annotations;1.0-1 in central
[2025-05-12T17:41:17.949+0000] {subprocess.py:93} INFO - 	found com.github.spotbugs#spotbugs-annotations;3.1.12 in central
[2025-05-12T17:41:17.975+0000] {subprocess.py:93} INFO - 	found com.google.code.findbugs#jsr305;3.0.2 in central
[2025-05-12T17:41:18.007+0000] {subprocess.py:93} INFO - 	found com.datastax.oss#java-driver-mapper-runtime;4.13.0 in central
[2025-05-12T17:41:18.045+0000] {subprocess.py:93} INFO - 	found com.datastax.oss#java-driver-query-builder;4.13.0 in central
[2025-05-12T17:41:18.108+0000] {subprocess.py:93} INFO - 	found org.apache.commons#commons-lang3;3.10 in central
[2025-05-12T17:41:18.126+0000] {subprocess.py:93} INFO - 	found com.thoughtworks.paranamer#paranamer;2.8 in central
[2025-05-12T17:41:18.181+0000] {subprocess.py:93} INFO - 	found org.scala-lang#scala-reflect;2.12.11 in central
[2025-05-12T17:41:18.348+0000] {subprocess.py:93} INFO - :: resolution report :: resolve 1914ms :: artifacts dl 111ms
[2025-05-12T17:41:18.349+0000] {subprocess.py:93} INFO - 	:: modules in use:
[2025-05-12T17:41:18.350+0000] {subprocess.py:93} INFO - 	com.datastax.oss#java-driver-core-shaded;4.13.0 from central in [default]
[2025-05-12T17:41:18.350+0000] {subprocess.py:93} INFO - 	com.datastax.oss#java-driver-mapper-runtime;4.13.0 from central in [default]
[2025-05-12T17:41:18.351+0000] {subprocess.py:93} INFO - 	com.datastax.oss#java-driver-query-builder;4.13.0 from central in [default]
[2025-05-12T17:41:18.351+0000] {subprocess.py:93} INFO - 	com.datastax.oss#java-driver-shaded-guava;25.1-jre-graal-sub-1 from central in [default]
[2025-05-12T17:41:18.352+0000] {subprocess.py:93} INFO - 	com.datastax.oss#native-protocol;1.5.0 from central in [default]
[2025-05-12T17:41:18.352+0000] {subprocess.py:93} INFO - 	com.datastax.spark#spark-cassandra-connector-driver_2.12;3.5.0 from central in [default]
[2025-05-12T17:41:18.353+0000] {subprocess.py:93} INFO - 	com.datastax.spark#spark-cassandra-connector_2.12;3.5.0 from central in [default]
[2025-05-12T17:41:18.353+0000] {subprocess.py:93} INFO - 	com.github.spotbugs#spotbugs-annotations;3.1.12 from central in [default]
[2025-05-12T17:41:18.378+0000] {subprocess.py:93} INFO - 	com.github.stephenc.jcip#jcip-annotations;1.0-1 from central in [default]
[2025-05-12T17:41:18.379+0000] {subprocess.py:93} INFO - 	com.google.code.findbugs#jsr305;3.0.2 from central in [default]
[2025-05-12T17:41:18.380+0000] {subprocess.py:93} INFO - 	com.thoughtworks.paranamer#paranamer;2.8 from central in [default]
[2025-05-12T17:41:18.380+0000] {subprocess.py:93} INFO - 	com.typesafe#config;1.4.1 from central in [default]
[2025-05-12T17:41:18.381+0000] {subprocess.py:93} INFO - 	commons-logging#commons-logging;1.1.3 from central in [default]
[2025-05-12T17:41:18.382+0000] {subprocess.py:93} INFO - 	io.dropwizard.metrics#metrics-core;4.1.18 from central in [default]
[2025-05-12T17:41:18.383+0000] {subprocess.py:93} INFO - 	org.apache.commons#commons-lang3;3.10 from central in [default]
[2025-05-12T17:41:18.384+0000] {subprocess.py:93} INFO - 	org.apache.commons#commons-pool2;2.11.1 from central in [default]
[2025-05-12T17:41:18.385+0000] {subprocess.py:93} INFO - 	org.apache.hadoop#hadoop-client-api;3.3.4 from central in [default]
[2025-05-12T17:41:18.386+0000] {subprocess.py:93} INFO - 	org.apache.hadoop#hadoop-client-runtime;3.3.4 from central in [default]
[2025-05-12T17:41:18.387+0000] {subprocess.py:93} INFO - 	org.apache.kafka#kafka-clients;3.4.1 from central in [default]
[2025-05-12T17:41:18.388+0000] {subprocess.py:93} INFO - 	org.apache.spark#spark-sql-kafka-0-10_2.12;3.5.0 from local-m2-cache in [default]
[2025-05-12T17:41:18.388+0000] {subprocess.py:93} INFO - 	org.apache.spark#spark-token-provider-kafka-0-10_2.12;3.5.0 from central in [default]
[2025-05-12T17:41:18.393+0000] {subprocess.py:93} INFO - 	org.hdrhistogram#HdrHistogram;2.1.12 from central in [default]
[2025-05-12T17:41:18.394+0000] {subprocess.py:93} INFO - 	org.lz4#lz4-java;1.8.0 from central in [default]
[2025-05-12T17:41:18.395+0000] {subprocess.py:93} INFO - 	org.reactivestreams#reactive-streams;1.0.3 from central in [default]
[2025-05-12T17:41:18.396+0000] {subprocess.py:93} INFO - 	org.scala-lang#scala-reflect;2.12.11 from central in [default]
[2025-05-12T17:41:18.396+0000] {subprocess.py:93} INFO - 	org.scala-lang.modules#scala-collection-compat_2.12;2.11.0 from central in [default]
[2025-05-12T17:41:18.396+0000] {subprocess.py:93} INFO - 	org.slf4j#slf4j-api;2.0.7 from central in [default]
[2025-05-12T17:41:18.397+0000] {subprocess.py:93} INFO - 	org.xerial.snappy#snappy-java;1.1.10.3 from central in [default]
[2025-05-12T17:41:18.397+0000] {subprocess.py:93} INFO - 	:: evicted modules:
[2025-05-12T17:41:18.398+0000] {subprocess.py:93} INFO - 	com.google.code.findbugs#jsr305;3.0.0 by [com.google.code.findbugs#jsr305;3.0.2] in [default]
[2025-05-12T17:41:18.398+0000] {subprocess.py:93} INFO - 	org.slf4j#slf4j-api;1.7.26 by [org.slf4j#slf4j-api;2.0.7] in [default]
[2025-05-12T17:41:18.399+0000] {subprocess.py:93} INFO - 	---------------------------------------------------------------------
[2025-05-12T17:41:18.399+0000] {subprocess.py:93} INFO - 	|                  |            modules            ||   artifacts   |
[2025-05-12T17:41:18.399+0000] {subprocess.py:93} INFO - 	|       conf       | number| search|dwnlded|evicted|| number|dwnlded|
[2025-05-12T17:41:18.400+0000] {subprocess.py:93} INFO - 	---------------------------------------------------------------------
[2025-05-12T17:41:18.400+0000] {subprocess.py:93} INFO - 	|      default     |   30  |   0   |   0   |   2   ||   28  |   0   |
[2025-05-12T17:41:18.400+0000] {subprocess.py:93} INFO - 	---------------------------------------------------------------------
[2025-05-12T17:41:18.423+0000] {subprocess.py:93} INFO - :: retrieving :: org.apache.spark#spark-submit-parent-f7ed92ed-11b5-43fd-b1a6-d780fc0bb333
[2025-05-12T17:41:18.425+0000] {subprocess.py:93} INFO - 	confs: [default]
[2025-05-12T17:41:18.468+0000] {subprocess.py:93} INFO - 	0 artifacts copied, 28 already retrieved (0kB/43ms)
[2025-05-12T17:41:19.067+0000] {subprocess.py:93} INFO - 25/05/12 17:41:19 WARN NativeCodeLoader: Unable to load native-hadoop library for your platform... using builtin-java classes where applicable
[2025-05-12T17:41:21.105+0000] {subprocess.py:93} INFO - 25/05/12 17:41:21 INFO SparkContext: Running Spark version 3.5.1
[2025-05-12T17:41:21.109+0000] {subprocess.py:93} INFO - 25/05/12 17:41:21 INFO SparkContext: OS info Linux, 5.15.167.4-microsoft-standard-WSL2, amd64
[2025-05-12T17:41:21.110+0000] {subprocess.py:93} INFO - 25/05/12 17:41:21 INFO SparkContext: Java version 11.0.22
[2025-05-12T17:41:21.152+0000] {subprocess.py:93} INFO - 25/05/12 17:41:21 INFO ResourceUtils: ==============================================================
[2025-05-12T17:41:21.153+0000] {subprocess.py:93} INFO - 25/05/12 17:41:21 INFO ResourceUtils: No custom resources configured for spark.driver.
[2025-05-12T17:41:21.157+0000] {subprocess.py:93} INFO - 25/05/12 17:41:21 INFO ResourceUtils: ==============================================================
[2025-05-12T17:41:21.159+0000] {subprocess.py:93} INFO - 25/05/12 17:41:21 INFO SparkContext: Submitted application: GoldNewsStreaming
[2025-05-12T17:41:21.205+0000] {subprocess.py:93} INFO - 25/05/12 17:41:21 INFO ResourceProfile: Default ResourceProfile created, executor resources: Map(cores -> name: cores, amount: 1, script: , vendor: , memory -> name: memory, amount: 1024, script: , vendor: , offHeap -> name: offHeap, amount: 0, script: , vendor: ), task resources: Map(cpus -> name: cpus, amount: 1.0)
[2025-05-12T17:41:21.231+0000] {subprocess.py:93} INFO - 25/05/12 17:41:21 INFO ResourceProfile: Limiting resource is cpu
[2025-05-12T17:41:21.232+0000] {subprocess.py:93} INFO - 25/05/12 17:41:21 INFO ResourceProfileManager: Added ResourceProfile id: 0
[2025-05-12T17:41:21.316+0000] {subprocess.py:93} INFO - 25/05/12 17:41:21 INFO SecurityManager: Changing view acls to: root
[2025-05-12T17:41:21.318+0000] {subprocess.py:93} INFO - 25/05/12 17:41:21 INFO SecurityManager: Changing modify acls to: root
[2025-05-12T17:41:21.321+0000] {subprocess.py:93} INFO - 25/05/12 17:41:21 INFO SecurityManager: Changing view acls groups to:
[2025-05-12T17:41:21.325+0000] {subprocess.py:93} INFO - 25/05/12 17:41:21 INFO SecurityManager: Changing modify acls groups to:
[2025-05-12T17:41:21.326+0000] {subprocess.py:93} INFO - 25/05/12 17:41:21 INFO SecurityManager: SecurityManager: authentication disabled; ui acls disabled; users with view permissions: root; groups with view permissions: EMPTY; users with modify permissions: root; groups with modify permissions: EMPTY
[2025-05-12T17:41:21.771+0000] {subprocess.py:93} INFO - 25/05/12 17:41:21 INFO Utils: Successfully started service 'sparkDriver' on port 42057.
[2025-05-12T17:41:21.810+0000] {subprocess.py:93} INFO - 25/05/12 17:41:21 INFO SparkEnv: Registering MapOutputTracker
[2025-05-12T17:41:21.854+0000] {subprocess.py:93} INFO - 25/05/12 17:41:21 INFO SparkEnv: Registering BlockManagerMaster
[2025-05-12T17:41:21.875+0000] {subprocess.py:93} INFO - 25/05/12 17:41:21 INFO BlockManagerMasterEndpoint: Using org.apache.spark.storage.DefaultTopologyMapper for getting topology information
[2025-05-12T17:41:21.876+0000] {subprocess.py:93} INFO - 25/05/12 17:41:21 INFO BlockManagerMasterEndpoint: BlockManagerMasterEndpoint up
[2025-05-12T17:41:21.880+0000] {subprocess.py:93} INFO - 25/05/12 17:41:21 INFO SparkEnv: Registering BlockManagerMasterHeartbeat
[2025-05-12T17:41:21.906+0000] {subprocess.py:93} INFO - 25/05/12 17:41:21 INFO DiskBlockManager: Created local directory at /tmp/blockmgr-bfd388e0-b55d-4f19-a972-dffa66d97f58
[2025-05-12T17:41:21.922+0000] {subprocess.py:93} INFO - 25/05/12 17:41:21 INFO MemoryStore: MemoryStore started with capacity 434.4 MiB
[2025-05-12T17:41:21.938+0000] {subprocess.py:93} INFO - 25/05/12 17:41:21 INFO SparkEnv: Registering OutputCommitCoordinator
[2025-05-12T17:41:22.090+0000] {subprocess.py:93} INFO - 25/05/12 17:41:22 INFO JettyUtils: Start Jetty 0.0.0.0:4040 for SparkUI
[2025-05-12T17:41:22.159+0000] {subprocess.py:93} INFO - 25/05/12 17:41:22 INFO Utils: Successfully started service 'SparkUI' on port 4040.
[2025-05-12T17:41:22.229+0000] {subprocess.py:93} INFO - 25/05/12 17:41:22 INFO SparkContext: Added JAR file:///root/.ivy2/jars/org.apache.spark_spark-sql-kafka-0-10_2.12-3.5.0.jar at spark://d4e9ca837c07:42057/jars/org.apache.spark_spark-sql-kafka-0-10_2.12-3.5.0.jar with timestamp 1747071681088
[2025-05-12T17:41:22.229+0000] {subprocess.py:93} INFO - 25/05/12 17:41:22 INFO SparkContext: Added JAR file:///root/.ivy2/jars/com.datastax.spark_spark-cassandra-connector_2.12-3.5.0.jar at spark://d4e9ca837c07:42057/jars/com.datastax.spark_spark-cassandra-connector_2.12-3.5.0.jar with timestamp 1747071681088
[2025-05-12T17:41:22.230+0000] {subprocess.py:93} INFO - 25/05/12 17:41:22 INFO SparkContext: Added JAR file:///root/.ivy2/jars/org.apache.spark_spark-token-provider-kafka-0-10_2.12-3.5.0.jar at spark://d4e9ca837c07:42057/jars/org.apache.spark_spark-token-provider-kafka-0-10_2.12-3.5.0.jar with timestamp 1747071681088
[2025-05-12T17:41:22.231+0000] {subprocess.py:93} INFO - 25/05/12 17:41:22 INFO SparkContext: Added JAR file:///root/.ivy2/jars/org.apache.kafka_kafka-clients-3.4.1.jar at spark://d4e9ca837c07:42057/jars/org.apache.kafka_kafka-clients-3.4.1.jar with timestamp 1747071681088
[2025-05-12T17:41:22.233+0000] {subprocess.py:93} INFO - 25/05/12 17:41:22 INFO SparkContext: Added JAR file:///root/.ivy2/jars/org.apache.commons_commons-pool2-2.11.1.jar at spark://d4e9ca837c07:42057/jars/org.apache.commons_commons-pool2-2.11.1.jar with timestamp 1747071681088
[2025-05-12T17:41:22.234+0000] {subprocess.py:93} INFO - 25/05/12 17:41:22 INFO SparkContext: Added JAR file:///root/.ivy2/jars/org.apache.hadoop_hadoop-client-runtime-3.3.4.jar at spark://d4e9ca837c07:42057/jars/org.apache.hadoop_hadoop-client-runtime-3.3.4.jar with timestamp 1747071681088
[2025-05-12T17:41:22.235+0000] {subprocess.py:93} INFO - 25/05/12 17:41:22 INFO SparkContext: Added JAR file:///root/.ivy2/jars/org.lz4_lz4-java-1.8.0.jar at spark://d4e9ca837c07:42057/jars/org.lz4_lz4-java-1.8.0.jar with timestamp 1747071681088
[2025-05-12T17:41:22.240+0000] {subprocess.py:93} INFO - 25/05/12 17:41:22 INFO SparkContext: Added JAR file:///root/.ivy2/jars/org.xerial.snappy_snappy-java-1.1.10.3.jar at spark://d4e9ca837c07:42057/jars/org.xerial.snappy_snappy-java-1.1.10.3.jar with timestamp 1747071681088
[2025-05-12T17:41:22.241+0000] {subprocess.py:93} INFO - 25/05/12 17:41:22 INFO SparkContext: Added JAR file:///root/.ivy2/jars/org.slf4j_slf4j-api-2.0.7.jar at spark://d4e9ca837c07:42057/jars/org.slf4j_slf4j-api-2.0.7.jar with timestamp 1747071681088
[2025-05-12T17:41:22.243+0000] {subprocess.py:93} INFO - 25/05/12 17:41:22 INFO SparkContext: Added JAR file:///root/.ivy2/jars/org.apache.hadoop_hadoop-client-api-3.3.4.jar at spark://d4e9ca837c07:42057/jars/org.apache.hadoop_hadoop-client-api-3.3.4.jar with timestamp 1747071681088
[2025-05-12T17:41:22.244+0000] {subprocess.py:93} INFO - 25/05/12 17:41:22 INFO SparkContext: Added JAR file:///root/.ivy2/jars/commons-logging_commons-logging-1.1.3.jar at spark://d4e9ca837c07:42057/jars/commons-logging_commons-logging-1.1.3.jar with timestamp 1747071681088
[2025-05-12T17:41:22.245+0000] {subprocess.py:93} INFO - 25/05/12 17:41:22 INFO SparkContext: Added JAR file:///root/.ivy2/jars/com.datastax.spark_spark-cassandra-connector-driver_2.12-3.5.0.jar at spark://d4e9ca837c07:42057/jars/com.datastax.spark_spark-cassandra-connector-driver_2.12-3.5.0.jar with timestamp 1747071681088
[2025-05-12T17:41:22.245+0000] {subprocess.py:93} INFO - 25/05/12 17:41:22 INFO SparkContext: Added JAR file:///root/.ivy2/jars/org.scala-lang.modules_scala-collection-compat_2.12-2.11.0.jar at spark://d4e9ca837c07:42057/jars/org.scala-lang.modules_scala-collection-compat_2.12-2.11.0.jar with timestamp 1747071681088
[2025-05-12T17:41:22.246+0000] {subprocess.py:93} INFO - 25/05/12 17:41:22 INFO SparkContext: Added JAR file:///root/.ivy2/jars/com.datastax.oss_java-driver-core-shaded-4.13.0.jar at spark://d4e9ca837c07:42057/jars/com.datastax.oss_java-driver-core-shaded-4.13.0.jar with timestamp 1747071681088
[2025-05-12T17:41:22.247+0000] {subprocess.py:93} INFO - 25/05/12 17:41:22 INFO SparkContext: Added JAR file:///root/.ivy2/jars/com.datastax.oss_java-driver-mapper-runtime-4.13.0.jar at spark://d4e9ca837c07:42057/jars/com.datastax.oss_java-driver-mapper-runtime-4.13.0.jar with timestamp 1747071681088
[2025-05-12T17:41:22.248+0000] {subprocess.py:93} INFO - 25/05/12 17:41:22 INFO SparkContext: Added JAR file:///root/.ivy2/jars/org.apache.commons_commons-lang3-3.10.jar at spark://d4e9ca837c07:42057/jars/org.apache.commons_commons-lang3-3.10.jar with timestamp 1747071681088
[2025-05-12T17:41:22.248+0000] {subprocess.py:93} INFO - 25/05/12 17:41:22 INFO SparkContext: Added JAR file:///root/.ivy2/jars/com.thoughtworks.paranamer_paranamer-2.8.jar at spark://d4e9ca837c07:42057/jars/com.thoughtworks.paranamer_paranamer-2.8.jar with timestamp 1747071681088
[2025-05-12T17:41:22.249+0000] {subprocess.py:93} INFO - 25/05/12 17:41:22 INFO SparkContext: Added JAR file:///root/.ivy2/jars/org.scala-lang_scala-reflect-2.12.11.jar at spark://d4e9ca837c07:42057/jars/org.scala-lang_scala-reflect-2.12.11.jar with timestamp 1747071681088
[2025-05-12T17:41:22.249+0000] {subprocess.py:93} INFO - 25/05/12 17:41:22 INFO SparkContext: Added JAR file:///root/.ivy2/jars/com.datastax.oss_native-protocol-1.5.0.jar at spark://d4e9ca837c07:42057/jars/com.datastax.oss_native-protocol-1.5.0.jar with timestamp 1747071681088
[2025-05-12T17:41:22.250+0000] {subprocess.py:93} INFO - 25/05/12 17:41:22 INFO SparkContext: Added JAR file:///root/.ivy2/jars/com.datastax.oss_java-driver-shaded-guava-25.1-jre-graal-sub-1.jar at spark://d4e9ca837c07:42057/jars/com.datastax.oss_java-driver-shaded-guava-25.1-jre-graal-sub-1.jar with timestamp 1747071681088
[2025-05-12T17:41:22.250+0000] {subprocess.py:93} INFO - 25/05/12 17:41:22 INFO SparkContext: Added JAR file:///root/.ivy2/jars/com.typesafe_config-1.4.1.jar at spark://d4e9ca837c07:42057/jars/com.typesafe_config-1.4.1.jar with timestamp 1747071681088
[2025-05-12T17:41:22.251+0000] {subprocess.py:93} INFO - 25/05/12 17:41:22 INFO SparkContext: Added JAR file:///root/.ivy2/jars/io.dropwizard.metrics_metrics-core-4.1.18.jar at spark://d4e9ca837c07:42057/jars/io.dropwizard.metrics_metrics-core-4.1.18.jar with timestamp 1747071681088
[2025-05-12T17:41:22.251+0000] {subprocess.py:93} INFO - 25/05/12 17:41:22 INFO SparkContext: Added JAR file:///root/.ivy2/jars/org.hdrhistogram_HdrHistogram-2.1.12.jar at spark://d4e9ca837c07:42057/jars/org.hdrhistogram_HdrHistogram-2.1.12.jar with timestamp 1747071681088
[2025-05-12T17:41:22.252+0000] {subprocess.py:93} INFO - 25/05/12 17:41:22 INFO SparkContext: Added JAR file:///root/.ivy2/jars/org.reactivestreams_reactive-streams-1.0.3.jar at spark://d4e9ca837c07:42057/jars/org.reactivestreams_reactive-streams-1.0.3.jar with timestamp 1747071681088
[2025-05-12T17:41:22.253+0000] {subprocess.py:93} INFO - 25/05/12 17:41:22 INFO SparkContext: Added JAR file:///root/.ivy2/jars/com.github.stephenc.jcip_jcip-annotations-1.0-1.jar at spark://d4e9ca837c07:42057/jars/com.github.stephenc.jcip_jcip-annotations-1.0-1.jar with timestamp 1747071681088
[2025-05-12T17:41:22.254+0000] {subprocess.py:93} INFO - 25/05/12 17:41:22 INFO SparkContext: Added JAR file:///root/.ivy2/jars/com.github.spotbugs_spotbugs-annotations-3.1.12.jar at spark://d4e9ca837c07:42057/jars/com.github.spotbugs_spotbugs-annotations-3.1.12.jar with timestamp 1747071681088
[2025-05-12T17:41:22.255+0000] {subprocess.py:93} INFO - 25/05/12 17:41:22 INFO SparkContext: Added JAR file:///root/.ivy2/jars/com.google.code.findbugs_jsr305-3.0.2.jar at spark://d4e9ca837c07:42057/jars/com.google.code.findbugs_jsr305-3.0.2.jar with timestamp 1747071681088
[2025-05-12T17:41:22.255+0000] {subprocess.py:93} INFO - 25/05/12 17:41:22 INFO SparkContext: Added JAR file:///root/.ivy2/jars/com.datastax.oss_java-driver-query-builder-4.13.0.jar at spark://d4e9ca837c07:42057/jars/com.datastax.oss_java-driver-query-builder-4.13.0.jar with timestamp 1747071681088
[2025-05-12T17:41:22.257+0000] {subprocess.py:93} INFO - 25/05/12 17:41:22 INFO SparkContext: Added file file:///root/.ivy2/jars/org.apache.spark_spark-sql-kafka-0-10_2.12-3.5.0.jar at file:///root/.ivy2/jars/org.apache.spark_spark-sql-kafka-0-10_2.12-3.5.0.jar with timestamp 1747071681088
[2025-05-12T17:41:22.260+0000] {subprocess.py:93} INFO - 25/05/12 17:41:22 INFO Utils: Copying /root/.ivy2/jars/org.apache.spark_spark-sql-kafka-0-10_2.12-3.5.0.jar to /tmp/spark-4cd826cb-ae86-4b02-a575-481c469bf991/userFiles-c6ca72a3-1e56-466b-b99c-4a5c77856592/org.apache.spark_spark-sql-kafka-0-10_2.12-3.5.0.jar
[2025-05-12T17:41:22.299+0000] {subprocess.py:93} INFO - 25/05/12 17:41:22 INFO SparkContext: Added file file:///root/.ivy2/jars/com.datastax.spark_spark-cassandra-connector_2.12-3.5.0.jar at file:///root/.ivy2/jars/com.datastax.spark_spark-cassandra-connector_2.12-3.5.0.jar with timestamp 1747071681088
[2025-05-12T17:41:22.300+0000] {subprocess.py:93} INFO - 25/05/12 17:41:22 INFO Utils: Copying /root/.ivy2/jars/com.datastax.spark_spark-cassandra-connector_2.12-3.5.0.jar to /tmp/spark-4cd826cb-ae86-4b02-a575-481c469bf991/userFiles-c6ca72a3-1e56-466b-b99c-4a5c77856592/com.datastax.spark_spark-cassandra-connector_2.12-3.5.0.jar
[2025-05-12T17:41:22.321+0000] {subprocess.py:93} INFO - 25/05/12 17:41:22 INFO SparkContext: Added file file:///root/.ivy2/jars/org.apache.spark_spark-token-provider-kafka-0-10_2.12-3.5.0.jar at file:///root/.ivy2/jars/org.apache.spark_spark-token-provider-kafka-0-10_2.12-3.5.0.jar with timestamp 1747071681088
[2025-05-12T17:41:22.322+0000] {subprocess.py:93} INFO - 25/05/12 17:41:22 INFO Utils: Copying /root/.ivy2/jars/org.apache.spark_spark-token-provider-kafka-0-10_2.12-3.5.0.jar to /tmp/spark-4cd826cb-ae86-4b02-a575-481c469bf991/userFiles-c6ca72a3-1e56-466b-b99c-4a5c77856592/org.apache.spark_spark-token-provider-kafka-0-10_2.12-3.5.0.jar
[2025-05-12T17:41:22.329+0000] {subprocess.py:93} INFO - 25/05/12 17:41:22 INFO SparkContext: Added file file:///root/.ivy2/jars/org.apache.kafka_kafka-clients-3.4.1.jar at file:///root/.ivy2/jars/org.apache.kafka_kafka-clients-3.4.1.jar with timestamp 1747071681088
[2025-05-12T17:41:22.331+0000] {subprocess.py:93} INFO - 25/05/12 17:41:22 INFO Utils: Copying /root/.ivy2/jars/org.apache.kafka_kafka-clients-3.4.1.jar to /tmp/spark-4cd826cb-ae86-4b02-a575-481c469bf991/userFiles-c6ca72a3-1e56-466b-b99c-4a5c77856592/org.apache.kafka_kafka-clients-3.4.1.jar
[2025-05-12T17:41:22.340+0000] {subprocess.py:93} INFO - 25/05/12 17:41:22 INFO SparkContext: Added file file:///root/.ivy2/jars/org.apache.commons_commons-pool2-2.11.1.jar at file:///root/.ivy2/jars/org.apache.commons_commons-pool2-2.11.1.jar with timestamp 1747071681088
[2025-05-12T17:41:22.340+0000] {subprocess.py:93} INFO - 25/05/12 17:41:22 INFO Utils: Copying /root/.ivy2/jars/org.apache.commons_commons-pool2-2.11.1.jar to /tmp/spark-4cd826cb-ae86-4b02-a575-481c469bf991/userFiles-c6ca72a3-1e56-466b-b99c-4a5c77856592/org.apache.commons_commons-pool2-2.11.1.jar
[2025-05-12T17:41:22.345+0000] {subprocess.py:93} INFO - 25/05/12 17:41:22 INFO SparkContext: Added file file:///root/.ivy2/jars/org.apache.hadoop_hadoop-client-runtime-3.3.4.jar at file:///root/.ivy2/jars/org.apache.hadoop_hadoop-client-runtime-3.3.4.jar with timestamp 1747071681088
[2025-05-12T17:41:22.346+0000] {subprocess.py:93} INFO - 25/05/12 17:41:22 INFO Utils: Copying /root/.ivy2/jars/org.apache.hadoop_hadoop-client-runtime-3.3.4.jar to /tmp/spark-4cd826cb-ae86-4b02-a575-481c469bf991/userFiles-c6ca72a3-1e56-466b-b99c-4a5c77856592/org.apache.hadoop_hadoop-client-runtime-3.3.4.jar
[2025-05-12T17:41:22.377+0000] {subprocess.py:93} INFO - 25/05/12 17:41:22 INFO SparkContext: Added file file:///root/.ivy2/jars/org.lz4_lz4-java-1.8.0.jar at file:///root/.ivy2/jars/org.lz4_lz4-java-1.8.0.jar with timestamp 1747071681088
[2025-05-12T17:41:22.378+0000] {subprocess.py:93} INFO - 25/05/12 17:41:22 INFO Utils: Copying /root/.ivy2/jars/org.lz4_lz4-java-1.8.0.jar to /tmp/spark-4cd826cb-ae86-4b02-a575-481c469bf991/userFiles-c6ca72a3-1e56-466b-b99c-4a5c77856592/org.lz4_lz4-java-1.8.0.jar
[2025-05-12T17:41:22.382+0000] {subprocess.py:93} INFO - 25/05/12 17:41:22 INFO SparkContext: Added file file:///root/.ivy2/jars/org.xerial.snappy_snappy-java-1.1.10.3.jar at file:///root/.ivy2/jars/org.xerial.snappy_snappy-java-1.1.10.3.jar with timestamp 1747071681088
[2025-05-12T17:41:22.382+0000] {subprocess.py:93} INFO - 25/05/12 17:41:22 INFO Utils: Copying /root/.ivy2/jars/org.xerial.snappy_snappy-java-1.1.10.3.jar to /tmp/spark-4cd826cb-ae86-4b02-a575-481c469bf991/userFiles-c6ca72a3-1e56-466b-b99c-4a5c77856592/org.xerial.snappy_snappy-java-1.1.10.3.jar
[2025-05-12T17:41:22.388+0000] {subprocess.py:93} INFO - 25/05/12 17:41:22 INFO SparkContext: Added file file:///root/.ivy2/jars/org.slf4j_slf4j-api-2.0.7.jar at file:///root/.ivy2/jars/org.slf4j_slf4j-api-2.0.7.jar with timestamp 1747071681088
[2025-05-12T17:41:22.389+0000] {subprocess.py:93} INFO - 25/05/12 17:41:22 INFO Utils: Copying /root/.ivy2/jars/org.slf4j_slf4j-api-2.0.7.jar to /tmp/spark-4cd826cb-ae86-4b02-a575-481c469bf991/userFiles-c6ca72a3-1e56-466b-b99c-4a5c77856592/org.slf4j_slf4j-api-2.0.7.jar
[2025-05-12T17:41:22.394+0000] {subprocess.py:93} INFO - 25/05/12 17:41:22 INFO SparkContext: Added file file:///root/.ivy2/jars/org.apache.hadoop_hadoop-client-api-3.3.4.jar at file:///root/.ivy2/jars/org.apache.hadoop_hadoop-client-api-3.3.4.jar with timestamp 1747071681088
[2025-05-12T17:41:22.395+0000] {subprocess.py:93} INFO - 25/05/12 17:41:22 INFO Utils: Copying /root/.ivy2/jars/org.apache.hadoop_hadoop-client-api-3.3.4.jar to /tmp/spark-4cd826cb-ae86-4b02-a575-481c469bf991/userFiles-c6ca72a3-1e56-466b-b99c-4a5c77856592/org.apache.hadoop_hadoop-client-api-3.3.4.jar
[2025-05-12T17:41:22.414+0000] {subprocess.py:93} INFO - 25/05/12 17:41:22 INFO SparkContext: Added file file:///root/.ivy2/jars/commons-logging_commons-logging-1.1.3.jar at file:///root/.ivy2/jars/commons-logging_commons-logging-1.1.3.jar with timestamp 1747071681088
[2025-05-12T17:41:22.415+0000] {subprocess.py:93} INFO - 25/05/12 17:41:22 INFO Utils: Copying /root/.ivy2/jars/commons-logging_commons-logging-1.1.3.jar to /tmp/spark-4cd826cb-ae86-4b02-a575-481c469bf991/userFiles-c6ca72a3-1e56-466b-b99c-4a5c77856592/commons-logging_commons-logging-1.1.3.jar
[2025-05-12T17:41:22.419+0000] {subprocess.py:93} INFO - 25/05/12 17:41:22 INFO SparkContext: Added file file:///root/.ivy2/jars/com.datastax.spark_spark-cassandra-connector-driver_2.12-3.5.0.jar at file:///root/.ivy2/jars/com.datastax.spark_spark-cassandra-connector-driver_2.12-3.5.0.jar with timestamp 1747071681088
[2025-05-12T17:41:22.420+0000] {subprocess.py:93} INFO - 25/05/12 17:41:22 INFO Utils: Copying /root/.ivy2/jars/com.datastax.spark_spark-cassandra-connector-driver_2.12-3.5.0.jar to /tmp/spark-4cd826cb-ae86-4b02-a575-481c469bf991/userFiles-c6ca72a3-1e56-466b-b99c-4a5c77856592/com.datastax.spark_spark-cassandra-connector-driver_2.12-3.5.0.jar
[2025-05-12T17:41:22.425+0000] {subprocess.py:93} INFO - 25/05/12 17:41:22 INFO SparkContext: Added file file:///root/.ivy2/jars/org.scala-lang.modules_scala-collection-compat_2.12-2.11.0.jar at file:///root/.ivy2/jars/org.scala-lang.modules_scala-collection-compat_2.12-2.11.0.jar with timestamp 1747071681088
[2025-05-12T17:41:22.426+0000] {subprocess.py:93} INFO - 25/05/12 17:41:22 INFO Utils: Copying /root/.ivy2/jars/org.scala-lang.modules_scala-collection-compat_2.12-2.11.0.jar to /tmp/spark-4cd826cb-ae86-4b02-a575-481c469bf991/userFiles-c6ca72a3-1e56-466b-b99c-4a5c77856592/org.scala-lang.modules_scala-collection-compat_2.12-2.11.0.jar
[2025-05-12T17:41:22.430+0000] {subprocess.py:93} INFO - 25/05/12 17:41:22 INFO SparkContext: Added file file:///root/.ivy2/jars/com.datastax.oss_java-driver-core-shaded-4.13.0.jar at file:///root/.ivy2/jars/com.datastax.oss_java-driver-core-shaded-4.13.0.jar with timestamp 1747071681088
[2025-05-12T17:41:22.431+0000] {subprocess.py:93} INFO - 25/05/12 17:41:22 INFO Utils: Copying /root/.ivy2/jars/com.datastax.oss_java-driver-core-shaded-4.13.0.jar to /tmp/spark-4cd826cb-ae86-4b02-a575-481c469bf991/userFiles-c6ca72a3-1e56-466b-b99c-4a5c77856592/com.datastax.oss_java-driver-core-shaded-4.13.0.jar
[2025-05-12T17:41:22.444+0000] {subprocess.py:93} INFO - 25/05/12 17:41:22 INFO SparkContext: Added file file:///root/.ivy2/jars/com.datastax.oss_java-driver-mapper-runtime-4.13.0.jar at file:///root/.ivy2/jars/com.datastax.oss_java-driver-mapper-runtime-4.13.0.jar with timestamp 1747071681088
[2025-05-12T17:41:22.445+0000] {subprocess.py:93} INFO - 25/05/12 17:41:22 INFO Utils: Copying /root/.ivy2/jars/com.datastax.oss_java-driver-mapper-runtime-4.13.0.jar to /tmp/spark-4cd826cb-ae86-4b02-a575-481c469bf991/userFiles-c6ca72a3-1e56-466b-b99c-4a5c77856592/com.datastax.oss_java-driver-mapper-runtime-4.13.0.jar
[2025-05-12T17:41:22.451+0000] {subprocess.py:93} INFO - 25/05/12 17:41:22 INFO SparkContext: Added file file:///root/.ivy2/jars/org.apache.commons_commons-lang3-3.10.jar at file:///root/.ivy2/jars/org.apache.commons_commons-lang3-3.10.jar with timestamp 1747071681088
[2025-05-12T17:41:22.453+0000] {subprocess.py:93} INFO - 25/05/12 17:41:22 INFO Utils: Copying /root/.ivy2/jars/org.apache.commons_commons-lang3-3.10.jar to /tmp/spark-4cd826cb-ae86-4b02-a575-481c469bf991/userFiles-c6ca72a3-1e56-466b-b99c-4a5c77856592/org.apache.commons_commons-lang3-3.10.jar
[2025-05-12T17:41:22.457+0000] {subprocess.py:93} INFO - 25/05/12 17:41:22 INFO SparkContext: Added file file:///root/.ivy2/jars/com.thoughtworks.paranamer_paranamer-2.8.jar at file:///root/.ivy2/jars/com.thoughtworks.paranamer_paranamer-2.8.jar with timestamp 1747071681088
[2025-05-12T17:41:22.457+0000] {subprocess.py:93} INFO - 25/05/12 17:41:22 INFO Utils: Copying /root/.ivy2/jars/com.thoughtworks.paranamer_paranamer-2.8.jar to /tmp/spark-4cd826cb-ae86-4b02-a575-481c469bf991/userFiles-c6ca72a3-1e56-466b-b99c-4a5c77856592/com.thoughtworks.paranamer_paranamer-2.8.jar
[2025-05-12T17:41:22.461+0000] {subprocess.py:93} INFO - 25/05/12 17:41:22 INFO SparkContext: Added file file:///root/.ivy2/jars/org.scala-lang_scala-reflect-2.12.11.jar at file:///root/.ivy2/jars/org.scala-lang_scala-reflect-2.12.11.jar with timestamp 1747071681088
[2025-05-12T17:41:22.462+0000] {subprocess.py:93} INFO - 25/05/12 17:41:22 INFO Utils: Copying /root/.ivy2/jars/org.scala-lang_scala-reflect-2.12.11.jar to /tmp/spark-4cd826cb-ae86-4b02-a575-481c469bf991/userFiles-c6ca72a3-1e56-466b-b99c-4a5c77856592/org.scala-lang_scala-reflect-2.12.11.jar
[2025-05-12T17:41:22.465+0000] {local_task_job_runner.py:294} WARNING - State of this instance has been externally set to failed. Terminating instance.
[2025-05-12T17:41:22.471+0000] {subprocess.py:93} INFO - 25/05/12 17:41:22 INFO SparkContext: Added file file:///root/.ivy2/jars/com.datastax.oss_native-protocol-1.5.0.jar at file:///root/.ivy2/jars/com.datastax.oss_native-protocol-1.5.0.jar with timestamp 1747071681088
[2025-05-12T17:41:22.472+0000] {subprocess.py:93} INFO - 25/05/12 17:41:22 INFO Utils: Copying /root/.ivy2/jars/com.datastax.oss_native-protocol-1.5.0.jar to /tmp/spark-4cd826cb-ae86-4b02-a575-481c469bf991/userFiles-c6ca72a3-1e56-466b-b99c-4a5c77856592/com.datastax.oss_native-protocol-1.5.0.jar
[2025-05-12T17:41:22.476+0000] {subprocess.py:93} INFO - 25/05/12 17:41:22 INFO SparkContext: Added file file:///root/.ivy2/jars/com.datastax.oss_java-driver-shaded-guava-25.1-jre-graal-sub-1.jar at file:///root/.ivy2/jars/com.datastax.oss_java-driver-shaded-guava-25.1-jre-graal-sub-1.jar with timestamp 1747071681088
[2025-05-12T17:41:22.476+0000] {subprocess.py:93} INFO - 25/05/12 17:41:22 INFO Utils: Copying /root/.ivy2/jars/com.datastax.oss_java-driver-shaded-guava-25.1-jre-graal-sub-1.jar to /tmp/spark-4cd826cb-ae86-4b02-a575-481c469bf991/userFiles-c6ca72a3-1e56-466b-b99c-4a5c77856592/com.datastax.oss_java-driver-shaded-guava-25.1-jre-graal-sub-1.jar
[2025-05-12T17:41:22.476+0000] {process_utils.py:131} INFO - Sending 15 to group 4404. PIDs of all processes in the group: [4405, 4404]
[2025-05-12T17:41:22.477+0000] {process_utils.py:86} INFO - Sending the signal 15 to group 4404
[2025-05-12T17:41:22.478+0000] {taskinstance.py:1630} ERROR - Received SIGTERM. Terminating subprocesses.
[2025-05-12T17:41:22.478+0000] {subprocess.py:104} INFO - Sending SIGTERM signal to process group
[2025-05-12T17:41:22.570+0000] {process_utils.py:79} INFO - Process psutil.Process(pid=4404, status='terminated', exitcode=0, started='17:41:11') (4404) terminated with exit code 0
[2025-05-12T17:41:22.572+0000] {process_utils.py:79} INFO - Process psutil.Process(pid=4405, status='terminated', started='17:41:11') (4405) terminated with exit code None
