[2025-05-20T14:33:08.800+0000] {taskinstance.py:1157} INFO - Dependencies all met for dep_context=non-requeueable deps ti=<TaskInstance: start_kafka_spark.run_spark_script manual__2025-05-20T14:33:06.829284+00:00 [queued]>
[2025-05-20T14:33:08.837+0000] {taskinstance.py:1157} INFO - Dependencies all met for dep_context=requeueable deps ti=<TaskInstance: start_kafka_spark.run_spark_script manual__2025-05-20T14:33:06.829284+00:00 [queued]>
[2025-05-20T14:33:08.838+0000] {taskinstance.py:1359} INFO - Starting attempt 1 of 2
[2025-05-20T14:33:08.889+0000] {taskinstance.py:1380} INFO - Executing <Task(BashOperator): run_spark_script> on 2025-05-20 14:33:06.829284+00:00
[2025-05-20T14:33:08.913+0000] {standard_task_runner.py:57} INFO - Started process 1120 to run task
[2025-05-20T14:33:08.925+0000] {standard_task_runner.py:84} INFO - Running: ['***', 'tasks', 'run', 'start_kafka_spark', 'run_spark_script', 'manual__2025-05-20T14:33:06.829284+00:00', '--job-id', '33', '--raw', '--subdir', 'DAGS_FOLDER/streaming_lance.py', '--cfg-path', '/tmp/tmp5bop2oyj']
[2025-05-20T14:33:08.934+0000] {standard_task_runner.py:85} INFO - Job 33: Subtask run_spark_script
[2025-05-20T14:33:09.069+0000] {task_command.py:415} INFO - Running <TaskInstance: start_kafka_spark.run_spark_script manual__2025-05-20T14:33:06.829284+00:00 [running]> on host 6bb1f84c11d3
[2025-05-20T14:33:09.328+0000] {taskinstance.py:1660} INFO - Exporting env vars: AIRFLOW_CTX_DAG_OWNER='***' AIRFLOW_CTX_DAG_ID='start_kafka_spark' AIRFLOW_CTX_TASK_ID='run_spark_script' AIRFLOW_CTX_EXECUTION_DATE='2025-05-20T14:33:06.829284+00:00' AIRFLOW_CTX_TRY_NUMBER='1' AIRFLOW_CTX_DAG_RUN_ID='manual__2025-05-20T14:33:06.829284+00:00'
[2025-05-20T14:33:09.339+0000] {subprocess.py:63} INFO - Tmp dir root location: /tmp
[2025-05-20T14:33:09.343+0000] {subprocess.py:75} INFO - Running command: ['/bin/bash', '-c', '\n        docker exec gold_price_project-spark-1 spark-submit --packages org.apache.spark:spark-sql-kafka-0-10_2.12:3.5.1 /scripts/gold_price_streaming.py\n    ']
[2025-05-20T14:33:09.387+0000] {subprocess.py:86} INFO - Output:
[2025-05-20T14:33:12.874+0000] {subprocess.py:93} INFO - :: loading settings :: url = jar:file:/opt/spark/jars/ivy-2.5.1.jar!/org/apache/ivy/core/settings/ivysettings.xml
[2025-05-20T14:33:13.100+0000] {subprocess.py:93} INFO - Ivy Default Cache set to: /root/.ivy2/cache
[2025-05-20T14:33:13.101+0000] {subprocess.py:93} INFO - The jars for the packages stored in: /root/.ivy2/jars
[2025-05-20T14:33:13.118+0000] {subprocess.py:93} INFO - org.apache.spark#spark-sql-kafka-0-10_2.12 added as a dependency
[2025-05-20T14:33:13.121+0000] {subprocess.py:93} INFO - :: resolving dependencies :: org.apache.spark#spark-submit-parent-356c012a-0347-4e98-bc7f-24766ec2ca69;1.0
[2025-05-20T14:33:13.124+0000] {subprocess.py:93} INFO - 	confs: [default]
[2025-05-20T14:33:16.147+0000] {subprocess.py:93} INFO - 	found org.apache.spark#spark-sql-kafka-0-10_2.12;3.5.1 in central
[2025-05-20T14:33:16.764+0000] {subprocess.py:93} INFO - 	found org.apache.spark#spark-token-provider-kafka-0-10_2.12;3.5.1 in central
[2025-05-20T14:33:16.933+0000] {subprocess.py:93} INFO - 	found org.apache.kafka#kafka-clients;3.4.1 in central
[2025-05-20T14:33:17.087+0000] {subprocess.py:93} INFO - 	found org.lz4#lz4-java;1.8.0 in central
[2025-05-20T14:33:17.252+0000] {subprocess.py:93} INFO - 	found org.xerial.snappy#snappy-java;1.1.10.3 in central
[2025-05-20T14:33:18.002+0000] {subprocess.py:93} INFO - 	found org.slf4j#slf4j-api;2.0.7 in central
[2025-05-20T14:33:19.118+0000] {subprocess.py:93} INFO - 	found org.apache.hadoop#hadoop-client-runtime;3.3.4 in central
[2025-05-20T14:33:19.500+0000] {subprocess.py:93} INFO - 	found org.apache.hadoop#hadoop-client-api;3.3.4 in central
[2025-05-20T14:33:21.648+0000] {subprocess.py:93} INFO - 	found commons-logging#commons-logging;1.1.3 in central
[2025-05-20T14:33:21.821+0000] {subprocess.py:93} INFO - 	found com.google.code.findbugs#jsr305;3.0.0 in central
[2025-05-20T14:33:23.355+0000] {subprocess.py:93} INFO - 	found org.apache.commons#commons-pool2;2.11.1 in central
[2025-05-20T14:33:23.429+0000] {subprocess.py:93} INFO - downloading https://repo1.maven.org/maven2/org/apache/spark/spark-sql-kafka-0-10_2.12/3.5.1/spark-sql-kafka-0-10_2.12-3.5.1.jar ...
[2025-05-20T14:33:23.569+0000] {subprocess.py:93} INFO - 	[SUCCESSFUL ] org.apache.spark#spark-sql-kafka-0-10_2.12;3.5.1!spark-sql-kafka-0-10_2.12.jar (199ms)
[2025-05-20T14:33:23.625+0000] {subprocess.py:93} INFO - downloading https://repo1.maven.org/maven2/org/apache/spark/spark-token-provider-kafka-0-10_2.12/3.5.1/spark-token-provider-kafka-0-10_2.12-3.5.1.jar ...
[2025-05-20T14:33:23.687+0000] {subprocess.py:93} INFO - 	[SUCCESSFUL ] org.apache.spark#spark-token-provider-kafka-0-10_2.12;3.5.1!spark-token-provider-kafka-0-10_2.12.jar (116ms)
[2025-05-20T14:33:23.746+0000] {subprocess.py:93} INFO - downloading https://repo1.maven.org/maven2/org/apache/kafka/kafka-clients/3.4.1/kafka-clients-3.4.1.jar ...
[2025-05-20T14:33:24.202+0000] {subprocess.py:93} INFO - 	[SUCCESSFUL ] org.apache.kafka#kafka-clients;3.4.1!kafka-clients.jar (514ms)
[2025-05-20T14:33:24.263+0000] {subprocess.py:93} INFO - downloading https://repo1.maven.org/maven2/com/google/code/findbugs/jsr305/3.0.0/jsr305-3.0.0.jar ...
[2025-05-20T14:33:24.333+0000] {subprocess.py:93} INFO - 	[SUCCESSFUL ] com.google.code.findbugs#jsr305;3.0.0!jsr305.jar (129ms)
[2025-05-20T14:33:24.393+0000] {subprocess.py:93} INFO - downloading https://repo1.maven.org/maven2/org/apache/commons/commons-pool2/2.11.1/commons-pool2-2.11.1.jar ...
[2025-05-20T14:33:24.467+0000] {subprocess.py:93} INFO - 	[SUCCESSFUL ] org.apache.commons#commons-pool2;2.11.1!commons-pool2.jar (132ms)
[2025-05-20T14:33:24.525+0000] {subprocess.py:93} INFO - downloading https://repo1.maven.org/maven2/org/apache/hadoop/hadoop-client-runtime/3.3.4/hadoop-client-runtime-3.3.4.jar ...
[2025-05-20T14:33:27.503+0000] {subprocess.py:93} INFO - 	[SUCCESSFUL ] org.apache.hadoop#hadoop-client-runtime;3.3.4!hadoop-client-runtime.jar (3035ms)
[2025-05-20T14:33:27.568+0000] {subprocess.py:93} INFO - downloading https://repo1.maven.org/maven2/org/lz4/lz4-java/1.8.0/lz4-java-1.8.0.jar ...
[2025-05-20T14:33:27.699+0000] {subprocess.py:93} INFO - 	[SUCCESSFUL ] org.lz4#lz4-java;1.8.0!lz4-java.jar (195ms)
[2025-05-20T14:33:27.761+0000] {subprocess.py:93} INFO - downloading https://repo1.maven.org/maven2/org/xerial/snappy/snappy-java/1.1.10.3/snappy-java-1.1.10.3.jar ...
[2025-05-20T14:33:28.276+0000] {subprocess.py:93} INFO - 	[SUCCESSFUL ] org.xerial.snappy#snappy-java;1.1.10.3!snappy-java.jar(bundle) (574ms)
[2025-05-20T14:33:28.340+0000] {subprocess.py:93} INFO - downloading https://repo1.maven.org/maven2/org/slf4j/slf4j-api/2.0.7/slf4j-api-2.0.7.jar ...
[2025-05-20T14:33:28.418+0000] {subprocess.py:93} INFO - 	[SUCCESSFUL ] org.slf4j#slf4j-api;2.0.7!slf4j-api.jar (138ms)
[2025-05-20T14:33:28.478+0000] {subprocess.py:93} INFO - downloading https://repo1.maven.org/maven2/org/apache/hadoop/hadoop-client-api/3.3.4/hadoop-client-api-3.3.4.jar ...
[2025-05-20T14:33:30.082+0000] {subprocess.py:93} INFO - 	[SUCCESSFUL ] org.apache.hadoop#hadoop-client-api;3.3.4!hadoop-client-api.jar (1666ms)
[2025-05-20T14:33:30.143+0000] {subprocess.py:93} INFO - downloading https://repo1.maven.org/maven2/commons-logging/commons-logging/1.1.3/commons-logging-1.1.3.jar ...
[2025-05-20T14:33:30.208+0000] {subprocess.py:93} INFO - 	[SUCCESSFUL ] commons-logging#commons-logging;1.1.3!commons-logging.jar (123ms)
[2025-05-20T14:33:30.209+0000] {subprocess.py:93} INFO - :: resolution report :: resolve 10249ms :: artifacts dl 6838ms
[2025-05-20T14:33:30.210+0000] {subprocess.py:93} INFO - 	:: modules in use:
[2025-05-20T14:33:30.210+0000] {subprocess.py:93} INFO - 	com.google.code.findbugs#jsr305;3.0.0 from central in [default]
[2025-05-20T14:33:30.211+0000] {subprocess.py:93} INFO - 	commons-logging#commons-logging;1.1.3 from central in [default]
[2025-05-20T14:33:30.212+0000] {subprocess.py:93} INFO - 	org.apache.commons#commons-pool2;2.11.1 from central in [default]
[2025-05-20T14:33:30.212+0000] {subprocess.py:93} INFO - 	org.apache.hadoop#hadoop-client-api;3.3.4 from central in [default]
[2025-05-20T14:33:30.213+0000] {subprocess.py:93} INFO - 	org.apache.hadoop#hadoop-client-runtime;3.3.4 from central in [default]
[2025-05-20T14:33:30.213+0000] {subprocess.py:93} INFO - 	org.apache.kafka#kafka-clients;3.4.1 from central in [default]
[2025-05-20T14:33:30.213+0000] {subprocess.py:93} INFO - 	org.apache.spark#spark-sql-kafka-0-10_2.12;3.5.1 from central in [default]
[2025-05-20T14:33:30.214+0000] {subprocess.py:93} INFO - 	org.apache.spark#spark-token-provider-kafka-0-10_2.12;3.5.1 from central in [default]
[2025-05-20T14:33:30.214+0000] {subprocess.py:93} INFO - 	org.lz4#lz4-java;1.8.0 from central in [default]
[2025-05-20T14:33:30.215+0000] {subprocess.py:93} INFO - 	org.slf4j#slf4j-api;2.0.7 from central in [default]
[2025-05-20T14:33:30.215+0000] {subprocess.py:93} INFO - 	org.xerial.snappy#snappy-java;1.1.10.3 from central in [default]
[2025-05-20T14:33:30.216+0000] {subprocess.py:93} INFO - 	---------------------------------------------------------------------
[2025-05-20T14:33:30.216+0000] {subprocess.py:93} INFO - 	|                  |            modules            ||   artifacts   |
[2025-05-20T14:33:30.217+0000] {subprocess.py:93} INFO - 	|       conf       | number| search|dwnlded|evicted|| number|dwnlded|
[2025-05-20T14:33:30.218+0000] {subprocess.py:93} INFO - 	---------------------------------------------------------------------
[2025-05-20T14:33:30.218+0000] {subprocess.py:93} INFO - 	|      default     |   11  |   11  |   11  |   0   ||   11  |   11  |
[2025-05-20T14:33:30.218+0000] {subprocess.py:93} INFO - 	---------------------------------------------------------------------
[2025-05-20T14:33:30.220+0000] {subprocess.py:93} INFO - :: retrieving :: org.apache.spark#spark-submit-parent-356c012a-0347-4e98-bc7f-24766ec2ca69
[2025-05-20T14:33:30.222+0000] {subprocess.py:93} INFO - 	confs: [default]
[2025-05-20T14:33:30.342+0000] {subprocess.py:93} INFO - 	11 artifacts copied, 0 already retrieved (56767kB/122ms)
[2025-05-20T14:33:30.669+0000] {subprocess.py:93} INFO - 25/05/20 14:33:30 WARN NativeCodeLoader: Unable to load native-hadoop library for your platform... using builtin-java classes where applicable
[2025-05-20T14:33:32.472+0000] {subprocess.py:93} INFO - 25/05/20 14:33:32 INFO SparkContext: Running Spark version 3.5.1
[2025-05-20T14:33:32.480+0000] {subprocess.py:93} INFO - 25/05/20 14:33:32 INFO SparkContext: OS info Linux, 5.15.167.4-microsoft-standard-WSL2, amd64
[2025-05-20T14:33:32.482+0000] {subprocess.py:93} INFO - 25/05/20 14:33:32 INFO SparkContext: Java version 11.0.22
[2025-05-20T14:33:32.579+0000] {subprocess.py:93} INFO - 25/05/20 14:33:32 INFO ResourceUtils: ==============================================================
[2025-05-20T14:33:32.581+0000] {subprocess.py:93} INFO - 25/05/20 14:33:32 INFO ResourceUtils: No custom resources configured for spark.driver.
[2025-05-20T14:33:32.589+0000] {subprocess.py:93} INFO - 25/05/20 14:33:32 INFO ResourceUtils: ==============================================================
[2025-05-20T14:33:32.594+0000] {subprocess.py:93} INFO - 25/05/20 14:33:32 INFO SparkContext: Submitted application: GoldPriceStreaming
[2025-05-20T14:33:32.669+0000] {subprocess.py:93} INFO - 25/05/20 14:33:32 INFO ResourceProfile: Default ResourceProfile created, executor resources: Map(cores -> name: cores, amount: 1, script: , vendor: , memory -> name: memory, amount: 1024, script: , vendor: , offHeap -> name: offHeap, amount: 0, script: , vendor: ), task resources: Map(cpus -> name: cpus, amount: 1.0)
[2025-05-20T14:33:32.717+0000] {subprocess.py:93} INFO - 25/05/20 14:33:32 INFO ResourceProfile: Limiting resource is cpu
[2025-05-20T14:33:32.718+0000] {subprocess.py:93} INFO - 25/05/20 14:33:32 INFO ResourceProfileManager: Added ResourceProfile id: 0
[2025-05-20T14:33:32.918+0000] {subprocess.py:93} INFO - 25/05/20 14:33:32 INFO SecurityManager: Changing view acls to: root
[2025-05-20T14:33:32.919+0000] {subprocess.py:93} INFO - 25/05/20 14:33:32 INFO SecurityManager: Changing modify acls to: root
[2025-05-20T14:33:32.920+0000] {subprocess.py:93} INFO - 25/05/20 14:33:32 INFO SecurityManager: Changing view acls groups to:
[2025-05-20T14:33:32.921+0000] {subprocess.py:93} INFO - 25/05/20 14:33:32 INFO SecurityManager: Changing modify acls groups to:
[2025-05-20T14:33:32.929+0000] {subprocess.py:93} INFO - 25/05/20 14:33:32 INFO SecurityManager: SecurityManager: authentication disabled; ui acls disabled; users with view permissions: root; groups with view permissions: EMPTY; users with modify permissions: root; groups with modify permissions: EMPTY
[2025-05-20T14:33:33.497+0000] {subprocess.py:93} INFO - 25/05/20 14:33:33 INFO Utils: Successfully started service 'sparkDriver' on port 40713.
[2025-05-20T14:33:33.543+0000] {subprocess.py:93} INFO - 25/05/20 14:33:33 INFO SparkEnv: Registering MapOutputTracker
[2025-05-20T14:33:33.598+0000] {subprocess.py:93} INFO - 25/05/20 14:33:33 INFO SparkEnv: Registering BlockManagerMaster
[2025-05-20T14:33:33.631+0000] {subprocess.py:93} INFO - 25/05/20 14:33:33 INFO BlockManagerMasterEndpoint: Using org.apache.spark.storage.DefaultTopologyMapper for getting topology information
[2025-05-20T14:33:33.632+0000] {subprocess.py:93} INFO - 25/05/20 14:33:33 INFO BlockManagerMasterEndpoint: BlockManagerMasterEndpoint up
[2025-05-20T14:33:33.639+0000] {subprocess.py:93} INFO - 25/05/20 14:33:33 INFO SparkEnv: Registering BlockManagerMasterHeartbeat
[2025-05-20T14:33:33.678+0000] {subprocess.py:93} INFO - 25/05/20 14:33:33 INFO DiskBlockManager: Created local directory at /tmp/blockmgr-cf9fa956-833a-446a-8611-24213d3f4d68
[2025-05-20T14:33:33.701+0000] {subprocess.py:93} INFO - 25/05/20 14:33:33 INFO MemoryStore: MemoryStore started with capacity 434.4 MiB
[2025-05-20T14:33:33.726+0000] {subprocess.py:93} INFO - 25/05/20 14:33:33 INFO SparkEnv: Registering OutputCommitCoordinator
[2025-05-20T14:33:33.956+0000] {subprocess.py:93} INFO - 25/05/20 14:33:33 INFO JettyUtils: Start Jetty 0.0.0.0:4040 for SparkUI
[2025-05-20T14:33:34.058+0000] {subprocess.py:93} INFO - 25/05/20 14:33:34 INFO Utils: Successfully started service 'SparkUI' on port 4040.
[2025-05-20T14:33:34.133+0000] {subprocess.py:93} INFO - 25/05/20 14:33:34 INFO SparkContext: Added JAR file:///root/.ivy2/jars/org.apache.spark_spark-sql-kafka-0-10_2.12-3.5.1.jar at spark://f1dad95963cc:40713/jars/org.apache.spark_spark-sql-kafka-0-10_2.12-3.5.1.jar with timestamp 1747751612448
[2025-05-20T14:33:34.134+0000] {subprocess.py:93} INFO - 25/05/20 14:33:34 INFO SparkContext: Added JAR file:///root/.ivy2/jars/org.apache.spark_spark-token-provider-kafka-0-10_2.12-3.5.1.jar at spark://f1dad95963cc:40713/jars/org.apache.spark_spark-token-provider-kafka-0-10_2.12-3.5.1.jar with timestamp 1747751612448
[2025-05-20T14:33:34.135+0000] {subprocess.py:93} INFO - 25/05/20 14:33:34 INFO SparkContext: Added JAR file:///root/.ivy2/jars/org.apache.kafka_kafka-clients-3.4.1.jar at spark://f1dad95963cc:40713/jars/org.apache.kafka_kafka-clients-3.4.1.jar with timestamp 1747751612448
[2025-05-20T14:33:34.136+0000] {subprocess.py:93} INFO - 25/05/20 14:33:34 INFO SparkContext: Added JAR file:///root/.ivy2/jars/com.google.code.findbugs_jsr305-3.0.0.jar at spark://f1dad95963cc:40713/jars/com.google.code.findbugs_jsr305-3.0.0.jar with timestamp 1747751612448
[2025-05-20T14:33:34.137+0000] {subprocess.py:93} INFO - 25/05/20 14:33:34 INFO SparkContext: Added JAR file:///root/.ivy2/jars/org.apache.commons_commons-pool2-2.11.1.jar at spark://f1dad95963cc:40713/jars/org.apache.commons_commons-pool2-2.11.1.jar with timestamp 1747751612448
[2025-05-20T14:33:34.137+0000] {subprocess.py:93} INFO - 25/05/20 14:33:34 INFO SparkContext: Added JAR file:///root/.ivy2/jars/org.apache.hadoop_hadoop-client-runtime-3.3.4.jar at spark://f1dad95963cc:40713/jars/org.apache.hadoop_hadoop-client-runtime-3.3.4.jar with timestamp 1747751612448
[2025-05-20T14:33:34.138+0000] {subprocess.py:93} INFO - 25/05/20 14:33:34 INFO SparkContext: Added JAR file:///root/.ivy2/jars/org.lz4_lz4-java-1.8.0.jar at spark://f1dad95963cc:40713/jars/org.lz4_lz4-java-1.8.0.jar with timestamp 1747751612448
[2025-05-20T14:33:34.138+0000] {subprocess.py:93} INFO - 25/05/20 14:33:34 INFO SparkContext: Added JAR file:///root/.ivy2/jars/org.xerial.snappy_snappy-java-1.1.10.3.jar at spark://f1dad95963cc:40713/jars/org.xerial.snappy_snappy-java-1.1.10.3.jar with timestamp 1747751612448
[2025-05-20T14:33:34.139+0000] {subprocess.py:93} INFO - 25/05/20 14:33:34 INFO SparkContext: Added JAR file:///root/.ivy2/jars/org.slf4j_slf4j-api-2.0.7.jar at spark://f1dad95963cc:40713/jars/org.slf4j_slf4j-api-2.0.7.jar with timestamp 1747751612448
[2025-05-20T14:33:34.140+0000] {subprocess.py:93} INFO - 25/05/20 14:33:34 INFO SparkContext: Added JAR file:///root/.ivy2/jars/org.apache.hadoop_hadoop-client-api-3.3.4.jar at spark://f1dad95963cc:40713/jars/org.apache.hadoop_hadoop-client-api-3.3.4.jar with timestamp 1747751612448
[2025-05-20T14:33:34.140+0000] {subprocess.py:93} INFO - 25/05/20 14:33:34 INFO SparkContext: Added JAR file:///root/.ivy2/jars/commons-logging_commons-logging-1.1.3.jar at spark://f1dad95963cc:40713/jars/commons-logging_commons-logging-1.1.3.jar with timestamp 1747751612448
[2025-05-20T14:33:34.147+0000] {subprocess.py:93} INFO - 25/05/20 14:33:34 INFO SparkContext: Added file file:///root/.ivy2/jars/org.apache.spark_spark-sql-kafka-0-10_2.12-3.5.1.jar at file:///root/.ivy2/jars/org.apache.spark_spark-sql-kafka-0-10_2.12-3.5.1.jar with timestamp 1747751612448
[2025-05-20T14:33:34.149+0000] {subprocess.py:93} INFO - 25/05/20 14:33:34 INFO Utils: Copying /root/.ivy2/jars/org.apache.spark_spark-sql-kafka-0-10_2.12-3.5.1.jar to /tmp/spark-62d15e05-b6f4-4b4b-8d38-6c2689520e2c/userFiles-fc14563a-a006-46e3-9804-9bd9ce91f6e6/org.apache.spark_spark-sql-kafka-0-10_2.12-3.5.1.jar
[2025-05-20T14:33:34.170+0000] {subprocess.py:93} INFO - 25/05/20 14:33:34 INFO SparkContext: Added file file:///root/.ivy2/jars/org.apache.spark_spark-token-provider-kafka-0-10_2.12-3.5.1.jar at file:///root/.ivy2/jars/org.apache.spark_spark-token-provider-kafka-0-10_2.12-3.5.1.jar with timestamp 1747751612448
[2025-05-20T14:33:34.171+0000] {subprocess.py:93} INFO - 25/05/20 14:33:34 INFO Utils: Copying /root/.ivy2/jars/org.apache.spark_spark-token-provider-kafka-0-10_2.12-3.5.1.jar to /tmp/spark-62d15e05-b6f4-4b4b-8d38-6c2689520e2c/userFiles-fc14563a-a006-46e3-9804-9bd9ce91f6e6/org.apache.spark_spark-token-provider-kafka-0-10_2.12-3.5.1.jar
[2025-05-20T14:33:34.176+0000] {subprocess.py:93} INFO - 25/05/20 14:33:34 INFO SparkContext: Added file file:///root/.ivy2/jars/org.apache.kafka_kafka-clients-3.4.1.jar at file:///root/.ivy2/jars/org.apache.kafka_kafka-clients-3.4.1.jar with timestamp 1747751612448
[2025-05-20T14:33:34.177+0000] {subprocess.py:93} INFO - 25/05/20 14:33:34 INFO Utils: Copying /root/.ivy2/jars/org.apache.kafka_kafka-clients-3.4.1.jar to /tmp/spark-62d15e05-b6f4-4b4b-8d38-6c2689520e2c/userFiles-fc14563a-a006-46e3-9804-9bd9ce91f6e6/org.apache.kafka_kafka-clients-3.4.1.jar
[2025-05-20T14:33:34.193+0000] {subprocess.py:93} INFO - 25/05/20 14:33:34 INFO SparkContext: Added file file:///root/.ivy2/jars/com.google.code.findbugs_jsr305-3.0.0.jar at file:///root/.ivy2/jars/com.google.code.findbugs_jsr305-3.0.0.jar with timestamp 1747751612448
[2025-05-20T14:33:34.194+0000] {subprocess.py:93} INFO - 25/05/20 14:33:34 INFO Utils: Copying /root/.ivy2/jars/com.google.code.findbugs_jsr305-3.0.0.jar to /tmp/spark-62d15e05-b6f4-4b4b-8d38-6c2689520e2c/userFiles-fc14563a-a006-46e3-9804-9bd9ce91f6e6/com.google.code.findbugs_jsr305-3.0.0.jar
[2025-05-20T14:33:34.203+0000] {subprocess.py:93} INFO - 25/05/20 14:33:34 INFO SparkContext: Added file file:///root/.ivy2/jars/org.apache.commons_commons-pool2-2.11.1.jar at file:///root/.ivy2/jars/org.apache.commons_commons-pool2-2.11.1.jar with timestamp 1747751612448
[2025-05-20T14:33:34.204+0000] {subprocess.py:93} INFO - 25/05/20 14:33:34 INFO Utils: Copying /root/.ivy2/jars/org.apache.commons_commons-pool2-2.11.1.jar to /tmp/spark-62d15e05-b6f4-4b4b-8d38-6c2689520e2c/userFiles-fc14563a-a006-46e3-9804-9bd9ce91f6e6/org.apache.commons_commons-pool2-2.11.1.jar
[2025-05-20T14:33:34.211+0000] {subprocess.py:93} INFO - 25/05/20 14:33:34 INFO SparkContext: Added file file:///root/.ivy2/jars/org.apache.hadoop_hadoop-client-runtime-3.3.4.jar at file:///root/.ivy2/jars/org.apache.hadoop_hadoop-client-runtime-3.3.4.jar with timestamp 1747751612448
[2025-05-20T14:33:34.214+0000] {subprocess.py:93} INFO - 25/05/20 14:33:34 INFO Utils: Copying /root/.ivy2/jars/org.apache.hadoop_hadoop-client-runtime-3.3.4.jar to /tmp/spark-62d15e05-b6f4-4b4b-8d38-6c2689520e2c/userFiles-fc14563a-a006-46e3-9804-9bd9ce91f6e6/org.apache.hadoop_hadoop-client-runtime-3.3.4.jar
[2025-05-20T14:33:34.287+0000] {subprocess.py:93} INFO - 25/05/20 14:33:34 INFO SparkContext: Added file file:///root/.ivy2/jars/org.lz4_lz4-java-1.8.0.jar at file:///root/.ivy2/jars/org.lz4_lz4-java-1.8.0.jar with timestamp 1747751612448
[2025-05-20T14:33:34.288+0000] {subprocess.py:93} INFO - 25/05/20 14:33:34 INFO Utils: Copying /root/.ivy2/jars/org.lz4_lz4-java-1.8.0.jar to /tmp/spark-62d15e05-b6f4-4b4b-8d38-6c2689520e2c/userFiles-fc14563a-a006-46e3-9804-9bd9ce91f6e6/org.lz4_lz4-java-1.8.0.jar
[2025-05-20T14:33:34.298+0000] {subprocess.py:93} INFO - 25/05/20 14:33:34 INFO SparkContext: Added file file:///root/.ivy2/jars/org.xerial.snappy_snappy-java-1.1.10.3.jar at file:///root/.ivy2/jars/org.xerial.snappy_snappy-java-1.1.10.3.jar with timestamp 1747751612448
[2025-05-20T14:33:34.299+0000] {subprocess.py:93} INFO - 25/05/20 14:33:34 INFO Utils: Copying /root/.ivy2/jars/org.xerial.snappy_snappy-java-1.1.10.3.jar to /tmp/spark-62d15e05-b6f4-4b4b-8d38-6c2689520e2c/userFiles-fc14563a-a006-46e3-9804-9bd9ce91f6e6/org.xerial.snappy_snappy-java-1.1.10.3.jar
[2025-05-20T14:33:34.310+0000] {subprocess.py:93} INFO - 25/05/20 14:33:34 INFO SparkContext: Added file file:///root/.ivy2/jars/org.slf4j_slf4j-api-2.0.7.jar at file:///root/.ivy2/jars/org.slf4j_slf4j-api-2.0.7.jar with timestamp 1747751612448
[2025-05-20T14:33:34.311+0000] {subprocess.py:93} INFO - 25/05/20 14:33:34 INFO Utils: Copying /root/.ivy2/jars/org.slf4j_slf4j-api-2.0.7.jar to /tmp/spark-62d15e05-b6f4-4b4b-8d38-6c2689520e2c/userFiles-fc14563a-a006-46e3-9804-9bd9ce91f6e6/org.slf4j_slf4j-api-2.0.7.jar
[2025-05-20T14:33:34.322+0000] {subprocess.py:93} INFO - 25/05/20 14:33:34 INFO SparkContext: Added file file:///root/.ivy2/jars/org.apache.hadoop_hadoop-client-api-3.3.4.jar at file:///root/.ivy2/jars/org.apache.hadoop_hadoop-client-api-3.3.4.jar with timestamp 1747751612448
[2025-05-20T14:33:34.323+0000] {subprocess.py:93} INFO - 25/05/20 14:33:34 INFO Utils: Copying /root/.ivy2/jars/org.apache.hadoop_hadoop-client-api-3.3.4.jar to /tmp/spark-62d15e05-b6f4-4b4b-8d38-6c2689520e2c/userFiles-fc14563a-a006-46e3-9804-9bd9ce91f6e6/org.apache.hadoop_hadoop-client-api-3.3.4.jar
[2025-05-20T14:33:34.370+0000] {subprocess.py:93} INFO - 25/05/20 14:33:34 INFO SparkContext: Added file file:///root/.ivy2/jars/commons-logging_commons-logging-1.1.3.jar at file:///root/.ivy2/jars/commons-logging_commons-logging-1.1.3.jar with timestamp 1747751612448
[2025-05-20T14:33:34.371+0000] {subprocess.py:93} INFO - 25/05/20 14:33:34 INFO Utils: Copying /root/.ivy2/jars/commons-logging_commons-logging-1.1.3.jar to /tmp/spark-62d15e05-b6f4-4b4b-8d38-6c2689520e2c/userFiles-fc14563a-a006-46e3-9804-9bd9ce91f6e6/commons-logging_commons-logging-1.1.3.jar
[2025-05-20T14:33:34.487+0000] {subprocess.py:93} INFO - 25/05/20 14:33:34 INFO Executor: Starting executor ID driver on host f1dad95963cc
[2025-05-20T14:33:34.488+0000] {subprocess.py:93} INFO - 25/05/20 14:33:34 INFO Executor: OS info Linux, 5.15.167.4-microsoft-standard-WSL2, amd64
[2025-05-20T14:33:34.489+0000] {subprocess.py:93} INFO - 25/05/20 14:33:34 INFO Executor: Java version 11.0.22
[2025-05-20T14:33:34.503+0000] {subprocess.py:93} INFO - 25/05/20 14:33:34 INFO Executor: Starting executor with user classpath (userClassPathFirst = false): ''
[2025-05-20T14:33:34.504+0000] {subprocess.py:93} INFO - 25/05/20 14:33:34 INFO Executor: Created or updated repl class loader org.apache.spark.util.MutableURLClassLoader@273632d1 for default.
[2025-05-20T14:33:34.523+0000] {subprocess.py:93} INFO - 25/05/20 14:33:34 INFO Executor: Fetching file:///root/.ivy2/jars/org.apache.hadoop_hadoop-client-api-3.3.4.jar with timestamp 1747751612448
[2025-05-20T14:33:34.574+0000] {subprocess.py:93} INFO - 25/05/20 14:33:34 INFO Utils: /root/.ivy2/jars/org.apache.hadoop_hadoop-client-api-3.3.4.jar has been previously copied to /tmp/spark-62d15e05-b6f4-4b4b-8d38-6c2689520e2c/userFiles-fc14563a-a006-46e3-9804-9bd9ce91f6e6/org.apache.hadoop_hadoop-client-api-3.3.4.jar
[2025-05-20T14:33:34.578+0000] {subprocess.py:93} INFO - 25/05/20 14:33:34 INFO Executor: Fetching file:///root/.ivy2/jars/com.google.code.findbugs_jsr305-3.0.0.jar with timestamp 1747751612448
[2025-05-20T14:33:34.579+0000] {subprocess.py:93} INFO - 25/05/20 14:33:34 INFO Utils: /root/.ivy2/jars/com.google.code.findbugs_jsr305-3.0.0.jar has been previously copied to /tmp/spark-62d15e05-b6f4-4b4b-8d38-6c2689520e2c/userFiles-fc14563a-a006-46e3-9804-9bd9ce91f6e6/com.google.code.findbugs_jsr305-3.0.0.jar
[2025-05-20T14:33:34.585+0000] {subprocess.py:93} INFO - 25/05/20 14:33:34 INFO Executor: Fetching file:///root/.ivy2/jars/org.apache.hadoop_hadoop-client-runtime-3.3.4.jar with timestamp 1747751612448
[2025-05-20T14:33:34.607+0000] {subprocess.py:93} INFO - 25/05/20 14:33:34 INFO Utils: /root/.ivy2/jars/org.apache.hadoop_hadoop-client-runtime-3.3.4.jar has been previously copied to /tmp/spark-62d15e05-b6f4-4b4b-8d38-6c2689520e2c/userFiles-fc14563a-a006-46e3-9804-9bd9ce91f6e6/org.apache.hadoop_hadoop-client-runtime-3.3.4.jar
[2025-05-20T14:33:34.611+0000] {subprocess.py:93} INFO - 25/05/20 14:33:34 INFO Executor: Fetching file:///root/.ivy2/jars/org.xerial.snappy_snappy-java-1.1.10.3.jar with timestamp 1747751612448
[2025-05-20T14:33:34.615+0000] {subprocess.py:93} INFO - 25/05/20 14:33:34 INFO Utils: /root/.ivy2/jars/org.xerial.snappy_snappy-java-1.1.10.3.jar has been previously copied to /tmp/spark-62d15e05-b6f4-4b4b-8d38-6c2689520e2c/userFiles-fc14563a-a006-46e3-9804-9bd9ce91f6e6/org.xerial.snappy_snappy-java-1.1.10.3.jar
[2025-05-20T14:33:34.621+0000] {subprocess.py:93} INFO - 25/05/20 14:33:34 INFO Executor: Fetching file:///root/.ivy2/jars/org.slf4j_slf4j-api-2.0.7.jar with timestamp 1747751612448
[2025-05-20T14:33:34.622+0000] {subprocess.py:93} INFO - 25/05/20 14:33:34 INFO Utils: /root/.ivy2/jars/org.slf4j_slf4j-api-2.0.7.jar has been previously copied to /tmp/spark-62d15e05-b6f4-4b4b-8d38-6c2689520e2c/userFiles-fc14563a-a006-46e3-9804-9bd9ce91f6e6/org.slf4j_slf4j-api-2.0.7.jar
[2025-05-20T14:33:34.626+0000] {subprocess.py:93} INFO - 25/05/20 14:33:34 INFO Executor: Fetching file:///root/.ivy2/jars/org.apache.commons_commons-pool2-2.11.1.jar with timestamp 1747751612448
[2025-05-20T14:33:34.627+0000] {subprocess.py:93} INFO - 25/05/20 14:33:34 INFO Utils: /root/.ivy2/jars/org.apache.commons_commons-pool2-2.11.1.jar has been previously copied to /tmp/spark-62d15e05-b6f4-4b4b-8d38-6c2689520e2c/userFiles-fc14563a-a006-46e3-9804-9bd9ce91f6e6/org.apache.commons_commons-pool2-2.11.1.jar
[2025-05-20T14:33:34.634+0000] {subprocess.py:93} INFO - 25/05/20 14:33:34 INFO Executor: Fetching file:///root/.ivy2/jars/org.apache.spark_spark-sql-kafka-0-10_2.12-3.5.1.jar with timestamp 1747751612448
[2025-05-20T14:33:34.636+0000] {subprocess.py:93} INFO - 25/05/20 14:33:34 INFO Utils: /root/.ivy2/jars/org.apache.spark_spark-sql-kafka-0-10_2.12-3.5.1.jar has been previously copied to /tmp/spark-62d15e05-b6f4-4b4b-8d38-6c2689520e2c/userFiles-fc14563a-a006-46e3-9804-9bd9ce91f6e6/org.apache.spark_spark-sql-kafka-0-10_2.12-3.5.1.jar
[2025-05-20T14:33:34.642+0000] {subprocess.py:93} INFO - 25/05/20 14:33:34 INFO Executor: Fetching file:///root/.ivy2/jars/commons-logging_commons-logging-1.1.3.jar with timestamp 1747751612448
[2025-05-20T14:33:34.643+0000] {subprocess.py:93} INFO - 25/05/20 14:33:34 INFO Utils: /root/.ivy2/jars/commons-logging_commons-logging-1.1.3.jar has been previously copied to /tmp/spark-62d15e05-b6f4-4b4b-8d38-6c2689520e2c/userFiles-fc14563a-a006-46e3-9804-9bd9ce91f6e6/commons-logging_commons-logging-1.1.3.jar
[2025-05-20T14:33:34.650+0000] {subprocess.py:93} INFO - 25/05/20 14:33:34 INFO Executor: Fetching file:///root/.ivy2/jars/org.lz4_lz4-java-1.8.0.jar with timestamp 1747751612448
[2025-05-20T14:33:34.651+0000] {subprocess.py:93} INFO - 25/05/20 14:33:34 INFO Utils: /root/.ivy2/jars/org.lz4_lz4-java-1.8.0.jar has been previously copied to /tmp/spark-62d15e05-b6f4-4b4b-8d38-6c2689520e2c/userFiles-fc14563a-a006-46e3-9804-9bd9ce91f6e6/org.lz4_lz4-java-1.8.0.jar
[2025-05-20T14:33:34.657+0000] {subprocess.py:93} INFO - 25/05/20 14:33:34 INFO Executor: Fetching file:///root/.ivy2/jars/org.apache.kafka_kafka-clients-3.4.1.jar with timestamp 1747751612448
[2025-05-20T14:33:34.663+0000] {subprocess.py:93} INFO - 25/05/20 14:33:34 INFO Utils: /root/.ivy2/jars/org.apache.kafka_kafka-clients-3.4.1.jar has been previously copied to /tmp/spark-62d15e05-b6f4-4b4b-8d38-6c2689520e2c/userFiles-fc14563a-a006-46e3-9804-9bd9ce91f6e6/org.apache.kafka_kafka-clients-3.4.1.jar
[2025-05-20T14:33:34.673+0000] {subprocess.py:93} INFO - 25/05/20 14:33:34 INFO Executor: Fetching file:///root/.ivy2/jars/org.apache.spark_spark-token-provider-kafka-0-10_2.12-3.5.1.jar with timestamp 1747751612448
[2025-05-20T14:33:34.674+0000] {subprocess.py:93} INFO - 25/05/20 14:33:34 INFO Utils: /root/.ivy2/jars/org.apache.spark_spark-token-provider-kafka-0-10_2.12-3.5.1.jar has been previously copied to /tmp/spark-62d15e05-b6f4-4b4b-8d38-6c2689520e2c/userFiles-fc14563a-a006-46e3-9804-9bd9ce91f6e6/org.apache.spark_spark-token-provider-kafka-0-10_2.12-3.5.1.jar
[2025-05-20T14:33:34.686+0000] {subprocess.py:93} INFO - 25/05/20 14:33:34 INFO Executor: Fetching spark://f1dad95963cc:40713/jars/org.apache.spark_spark-sql-kafka-0-10_2.12-3.5.1.jar with timestamp 1747751612448
[2025-05-20T14:33:34.775+0000] {subprocess.py:93} INFO - 25/05/20 14:33:34 INFO TransportClientFactory: Successfully created connection to f1dad95963cc/172.18.0.10:40713 after 67 ms (0 ms spent in bootstraps)
[2025-05-20T14:33:34.790+0000] {subprocess.py:93} INFO - 25/05/20 14:33:34 INFO Utils: Fetching spark://f1dad95963cc:40713/jars/org.apache.spark_spark-sql-kafka-0-10_2.12-3.5.1.jar to /tmp/spark-62d15e05-b6f4-4b4b-8d38-6c2689520e2c/userFiles-fc14563a-a006-46e3-9804-9bd9ce91f6e6/fetchFileTemp175900631716692206.tmp
[2025-05-20T14:33:34.835+0000] {subprocess.py:93} INFO - 25/05/20 14:33:34 INFO Utils: /tmp/spark-62d15e05-b6f4-4b4b-8d38-6c2689520e2c/userFiles-fc14563a-a006-46e3-9804-9bd9ce91f6e6/fetchFileTemp175900631716692206.tmp has been previously copied to /tmp/spark-62d15e05-b6f4-4b4b-8d38-6c2689520e2c/userFiles-fc14563a-a006-46e3-9804-9bd9ce91f6e6/org.apache.spark_spark-sql-kafka-0-10_2.12-3.5.1.jar
[2025-05-20T14:33:34.844+0000] {subprocess.py:93} INFO - 25/05/20 14:33:34 INFO Executor: Adding file:/tmp/spark-62d15e05-b6f4-4b4b-8d38-6c2689520e2c/userFiles-fc14563a-a006-46e3-9804-9bd9ce91f6e6/org.apache.spark_spark-sql-kafka-0-10_2.12-3.5.1.jar to class loader default
[2025-05-20T14:33:34.845+0000] {subprocess.py:93} INFO - 25/05/20 14:33:34 INFO Executor: Fetching spark://f1dad95963cc:40713/jars/org.xerial.snappy_snappy-java-1.1.10.3.jar with timestamp 1747751612448
[2025-05-20T14:33:34.846+0000] {subprocess.py:93} INFO - 25/05/20 14:33:34 INFO Utils: Fetching spark://f1dad95963cc:40713/jars/org.xerial.snappy_snappy-java-1.1.10.3.jar to /tmp/spark-62d15e05-b6f4-4b4b-8d38-6c2689520e2c/userFiles-fc14563a-a006-46e3-9804-9bd9ce91f6e6/fetchFileTemp8226437393062371399.tmp
[2025-05-20T14:33:34.866+0000] {subprocess.py:93} INFO - 25/05/20 14:33:34 INFO Utils: /tmp/spark-62d15e05-b6f4-4b4b-8d38-6c2689520e2c/userFiles-fc14563a-a006-46e3-9804-9bd9ce91f6e6/fetchFileTemp8226437393062371399.tmp has been previously copied to /tmp/spark-62d15e05-b6f4-4b4b-8d38-6c2689520e2c/userFiles-fc14563a-a006-46e3-9804-9bd9ce91f6e6/org.xerial.snappy_snappy-java-1.1.10.3.jar
[2025-05-20T14:33:34.874+0000] {subprocess.py:93} INFO - 25/05/20 14:33:34 INFO Executor: Adding file:/tmp/spark-62d15e05-b6f4-4b4b-8d38-6c2689520e2c/userFiles-fc14563a-a006-46e3-9804-9bd9ce91f6e6/org.xerial.snappy_snappy-java-1.1.10.3.jar to class loader default
[2025-05-20T14:33:34.875+0000] {subprocess.py:93} INFO - 25/05/20 14:33:34 INFO Executor: Fetching spark://f1dad95963cc:40713/jars/org.apache.spark_spark-token-provider-kafka-0-10_2.12-3.5.1.jar with timestamp 1747751612448
[2025-05-20T14:33:34.876+0000] {subprocess.py:93} INFO - 25/05/20 14:33:34 INFO Utils: Fetching spark://f1dad95963cc:40713/jars/org.apache.spark_spark-token-provider-kafka-0-10_2.12-3.5.1.jar to /tmp/spark-62d15e05-b6f4-4b4b-8d38-6c2689520e2c/userFiles-fc14563a-a006-46e3-9804-9bd9ce91f6e6/fetchFileTemp414678032890812339.tmp
[2025-05-20T14:33:34.880+0000] {subprocess.py:93} INFO - 25/05/20 14:33:34 INFO Utils: /tmp/spark-62d15e05-b6f4-4b4b-8d38-6c2689520e2c/userFiles-fc14563a-a006-46e3-9804-9bd9ce91f6e6/fetchFileTemp414678032890812339.tmp has been previously copied to /tmp/spark-62d15e05-b6f4-4b4b-8d38-6c2689520e2c/userFiles-fc14563a-a006-46e3-9804-9bd9ce91f6e6/org.apache.spark_spark-token-provider-kafka-0-10_2.12-3.5.1.jar
[2025-05-20T14:33:34.885+0000] {subprocess.py:93} INFO - 25/05/20 14:33:34 INFO Executor: Adding file:/tmp/spark-62d15e05-b6f4-4b4b-8d38-6c2689520e2c/userFiles-fc14563a-a006-46e3-9804-9bd9ce91f6e6/org.apache.spark_spark-token-provider-kafka-0-10_2.12-3.5.1.jar to class loader default
[2025-05-20T14:33:34.887+0000] {subprocess.py:93} INFO - 25/05/20 14:33:34 INFO Executor: Fetching spark://f1dad95963cc:40713/jars/org.slf4j_slf4j-api-2.0.7.jar with timestamp 1747751612448
[2025-05-20T14:33:34.888+0000] {subprocess.py:93} INFO - 25/05/20 14:33:34 INFO Utils: Fetching spark://f1dad95963cc:40713/jars/org.slf4j_slf4j-api-2.0.7.jar to /tmp/spark-62d15e05-b6f4-4b4b-8d38-6c2689520e2c/userFiles-fc14563a-a006-46e3-9804-9bd9ce91f6e6/fetchFileTemp878054228460212007.tmp
[2025-05-20T14:33:34.891+0000] {subprocess.py:93} INFO - 25/05/20 14:33:34 INFO Utils: /tmp/spark-62d15e05-b6f4-4b4b-8d38-6c2689520e2c/userFiles-fc14563a-a006-46e3-9804-9bd9ce91f6e6/fetchFileTemp878054228460212007.tmp has been previously copied to /tmp/spark-62d15e05-b6f4-4b4b-8d38-6c2689520e2c/userFiles-fc14563a-a006-46e3-9804-9bd9ce91f6e6/org.slf4j_slf4j-api-2.0.7.jar
[2025-05-20T14:33:34.899+0000] {subprocess.py:93} INFO - 25/05/20 14:33:34 INFO Executor: Adding file:/tmp/spark-62d15e05-b6f4-4b4b-8d38-6c2689520e2c/userFiles-fc14563a-a006-46e3-9804-9bd9ce91f6e6/org.slf4j_slf4j-api-2.0.7.jar to class loader default
[2025-05-20T14:33:34.900+0000] {subprocess.py:93} INFO - 25/05/20 14:33:34 INFO Executor: Fetching spark://f1dad95963cc:40713/jars/com.google.code.findbugs_jsr305-3.0.0.jar with timestamp 1747751612448
[2025-05-20T14:33:34.901+0000] {subprocess.py:93} INFO - 25/05/20 14:33:34 INFO Utils: Fetching spark://f1dad95963cc:40713/jars/com.google.code.findbugs_jsr305-3.0.0.jar to /tmp/spark-62d15e05-b6f4-4b4b-8d38-6c2689520e2c/userFiles-fc14563a-a006-46e3-9804-9bd9ce91f6e6/fetchFileTemp18425489851815222620.tmp
[2025-05-20T14:33:34.903+0000] {subprocess.py:93} INFO - 25/05/20 14:33:34 INFO Utils: /tmp/spark-62d15e05-b6f4-4b4b-8d38-6c2689520e2c/userFiles-fc14563a-a006-46e3-9804-9bd9ce91f6e6/fetchFileTemp18425489851815222620.tmp has been previously copied to /tmp/spark-62d15e05-b6f4-4b4b-8d38-6c2689520e2c/userFiles-fc14563a-a006-46e3-9804-9bd9ce91f6e6/com.google.code.findbugs_jsr305-3.0.0.jar
[2025-05-20T14:33:34.910+0000] {subprocess.py:93} INFO - 25/05/20 14:33:34 INFO Executor: Adding file:/tmp/spark-62d15e05-b6f4-4b4b-8d38-6c2689520e2c/userFiles-fc14563a-a006-46e3-9804-9bd9ce91f6e6/com.google.code.findbugs_jsr305-3.0.0.jar to class loader default
[2025-05-20T14:33:34.911+0000] {subprocess.py:93} INFO - 25/05/20 14:33:34 INFO Executor: Fetching spark://f1dad95963cc:40713/jars/org.apache.kafka_kafka-clients-3.4.1.jar with timestamp 1747751612448
[2025-05-20T14:33:34.912+0000] {subprocess.py:93} INFO - 25/05/20 14:33:34 INFO Utils: Fetching spark://f1dad95963cc:40713/jars/org.apache.kafka_kafka-clients-3.4.1.jar to /tmp/spark-62d15e05-b6f4-4b4b-8d38-6c2689520e2c/userFiles-fc14563a-a006-46e3-9804-9bd9ce91f6e6/fetchFileTemp16283171321608239631.tmp
[2025-05-20T14:33:34.953+0000] {subprocess.py:93} INFO - 25/05/20 14:33:34 INFO Utils: /tmp/spark-62d15e05-b6f4-4b4b-8d38-6c2689520e2c/userFiles-fc14563a-a006-46e3-9804-9bd9ce91f6e6/fetchFileTemp16283171321608239631.tmp has been previously copied to /tmp/spark-62d15e05-b6f4-4b4b-8d38-6c2689520e2c/userFiles-fc14563a-a006-46e3-9804-9bd9ce91f6e6/org.apache.kafka_kafka-clients-3.4.1.jar
[2025-05-20T14:33:34.964+0000] {subprocess.py:93} INFO - 25/05/20 14:33:34 INFO Executor: Adding file:/tmp/spark-62d15e05-b6f4-4b4b-8d38-6c2689520e2c/userFiles-fc14563a-a006-46e3-9804-9bd9ce91f6e6/org.apache.kafka_kafka-clients-3.4.1.jar to class loader default
[2025-05-20T14:33:34.965+0000] {subprocess.py:93} INFO - 25/05/20 14:33:34 INFO Executor: Fetching spark://f1dad95963cc:40713/jars/org.apache.commons_commons-pool2-2.11.1.jar with timestamp 1747751612448
[2025-05-20T14:33:34.967+0000] {subprocess.py:93} INFO - 25/05/20 14:33:34 INFO Utils: Fetching spark://f1dad95963cc:40713/jars/org.apache.commons_commons-pool2-2.11.1.jar to /tmp/spark-62d15e05-b6f4-4b4b-8d38-6c2689520e2c/userFiles-fc14563a-a006-46e3-9804-9bd9ce91f6e6/fetchFileTemp4547004967860614516.tmp
[2025-05-20T14:33:34.970+0000] {subprocess.py:93} INFO - 25/05/20 14:33:34 INFO Utils: /tmp/spark-62d15e05-b6f4-4b4b-8d38-6c2689520e2c/userFiles-fc14563a-a006-46e3-9804-9bd9ce91f6e6/fetchFileTemp4547004967860614516.tmp has been previously copied to /tmp/spark-62d15e05-b6f4-4b4b-8d38-6c2689520e2c/userFiles-fc14563a-a006-46e3-9804-9bd9ce91f6e6/org.apache.commons_commons-pool2-2.11.1.jar
[2025-05-20T14:33:34.979+0000] {subprocess.py:93} INFO - 25/05/20 14:33:34 INFO Executor: Adding file:/tmp/spark-62d15e05-b6f4-4b4b-8d38-6c2689520e2c/userFiles-fc14563a-a006-46e3-9804-9bd9ce91f6e6/org.apache.commons_commons-pool2-2.11.1.jar to class loader default
[2025-05-20T14:33:34.980+0000] {subprocess.py:93} INFO - 25/05/20 14:33:34 INFO Executor: Fetching spark://f1dad95963cc:40713/jars/commons-logging_commons-logging-1.1.3.jar with timestamp 1747751612448
[2025-05-20T14:33:34.981+0000] {subprocess.py:93} INFO - 25/05/20 14:33:34 INFO Utils: Fetching spark://f1dad95963cc:40713/jars/commons-logging_commons-logging-1.1.3.jar to /tmp/spark-62d15e05-b6f4-4b4b-8d38-6c2689520e2c/userFiles-fc14563a-a006-46e3-9804-9bd9ce91f6e6/fetchFileTemp11358332967968910463.tmp
[2025-05-20T14:33:34.986+0000] {subprocess.py:93} INFO - 25/05/20 14:33:34 INFO Utils: /tmp/spark-62d15e05-b6f4-4b4b-8d38-6c2689520e2c/userFiles-fc14563a-a006-46e3-9804-9bd9ce91f6e6/fetchFileTemp11358332967968910463.tmp has been previously copied to /tmp/spark-62d15e05-b6f4-4b4b-8d38-6c2689520e2c/userFiles-fc14563a-a006-46e3-9804-9bd9ce91f6e6/commons-logging_commons-logging-1.1.3.jar
[2025-05-20T14:33:34.991+0000] {subprocess.py:93} INFO - 25/05/20 14:33:34 INFO Executor: Adding file:/tmp/spark-62d15e05-b6f4-4b4b-8d38-6c2689520e2c/userFiles-fc14563a-a006-46e3-9804-9bd9ce91f6e6/commons-logging_commons-logging-1.1.3.jar to class loader default
[2025-05-20T14:33:34.992+0000] {subprocess.py:93} INFO - 25/05/20 14:33:34 INFO Executor: Fetching spark://f1dad95963cc:40713/jars/org.lz4_lz4-java-1.8.0.jar with timestamp 1747751612448
[2025-05-20T14:33:34.992+0000] {subprocess.py:93} INFO - 25/05/20 14:33:34 INFO Utils: Fetching spark://f1dad95963cc:40713/jars/org.lz4_lz4-java-1.8.0.jar to /tmp/spark-62d15e05-b6f4-4b4b-8d38-6c2689520e2c/userFiles-fc14563a-a006-46e3-9804-9bd9ce91f6e6/fetchFileTemp6287234075999622830.tmp
[2025-05-20T14:33:34.998+0000] {subprocess.py:93} INFO - 25/05/20 14:33:34 INFO Utils: /tmp/spark-62d15e05-b6f4-4b4b-8d38-6c2689520e2c/userFiles-fc14563a-a006-46e3-9804-9bd9ce91f6e6/fetchFileTemp6287234075999622830.tmp has been previously copied to /tmp/spark-62d15e05-b6f4-4b4b-8d38-6c2689520e2c/userFiles-fc14563a-a006-46e3-9804-9bd9ce91f6e6/org.lz4_lz4-java-1.8.0.jar
[2025-05-20T14:33:35.002+0000] {subprocess.py:93} INFO - 25/05/20 14:33:35 INFO Executor: Adding file:/tmp/spark-62d15e05-b6f4-4b4b-8d38-6c2689520e2c/userFiles-fc14563a-a006-46e3-9804-9bd9ce91f6e6/org.lz4_lz4-java-1.8.0.jar to class loader default
[2025-05-20T14:33:35.004+0000] {subprocess.py:93} INFO - 25/05/20 14:33:35 INFO Executor: Fetching spark://f1dad95963cc:40713/jars/org.apache.hadoop_hadoop-client-api-3.3.4.jar with timestamp 1747751612448
[2025-05-20T14:33:35.005+0000] {subprocess.py:93} INFO - 25/05/20 14:33:35 INFO Utils: Fetching spark://f1dad95963cc:40713/jars/org.apache.hadoop_hadoop-client-api-3.3.4.jar to /tmp/spark-62d15e05-b6f4-4b4b-8d38-6c2689520e2c/userFiles-fc14563a-a006-46e3-9804-9bd9ce91f6e6/fetchFileTemp12185517873924059716.tmp
[2025-05-20T14:33:35.201+0000] {subprocess.py:93} INFO - 25/05/20 14:33:35 INFO Utils: /tmp/spark-62d15e05-b6f4-4b4b-8d38-6c2689520e2c/userFiles-fc14563a-a006-46e3-9804-9bd9ce91f6e6/fetchFileTemp12185517873924059716.tmp has been previously copied to /tmp/spark-62d15e05-b6f4-4b4b-8d38-6c2689520e2c/userFiles-fc14563a-a006-46e3-9804-9bd9ce91f6e6/org.apache.hadoop_hadoop-client-api-3.3.4.jar
[2025-05-20T14:33:35.216+0000] {subprocess.py:93} INFO - 25/05/20 14:33:35 INFO Executor: Adding file:/tmp/spark-62d15e05-b6f4-4b4b-8d38-6c2689520e2c/userFiles-fc14563a-a006-46e3-9804-9bd9ce91f6e6/org.apache.hadoop_hadoop-client-api-3.3.4.jar to class loader default
[2025-05-20T14:33:35.217+0000] {subprocess.py:93} INFO - 25/05/20 14:33:35 INFO Executor: Fetching spark://f1dad95963cc:40713/jars/org.apache.hadoop_hadoop-client-runtime-3.3.4.jar with timestamp 1747751612448
[2025-05-20T14:33:35.218+0000] {subprocess.py:93} INFO - 25/05/20 14:33:35 INFO Utils: Fetching spark://f1dad95963cc:40713/jars/org.apache.hadoop_hadoop-client-runtime-3.3.4.jar to /tmp/spark-62d15e05-b6f4-4b4b-8d38-6c2689520e2c/userFiles-fc14563a-a006-46e3-9804-9bd9ce91f6e6/fetchFileTemp10168640804994758144.tmp
[2025-05-20T14:33:35.485+0000] {subprocess.py:93} INFO - 25/05/20 14:33:35 INFO Utils: /tmp/spark-62d15e05-b6f4-4b4b-8d38-6c2689520e2c/userFiles-fc14563a-a006-46e3-9804-9bd9ce91f6e6/fetchFileTemp10168640804994758144.tmp has been previously copied to /tmp/spark-62d15e05-b6f4-4b4b-8d38-6c2689520e2c/userFiles-fc14563a-a006-46e3-9804-9bd9ce91f6e6/org.apache.hadoop_hadoop-client-runtime-3.3.4.jar
[2025-05-20T14:33:35.512+0000] {subprocess.py:93} INFO - 25/05/20 14:33:35 INFO Executor: Adding file:/tmp/spark-62d15e05-b6f4-4b4b-8d38-6c2689520e2c/userFiles-fc14563a-a006-46e3-9804-9bd9ce91f6e6/org.apache.hadoop_hadoop-client-runtime-3.3.4.jar to class loader default
[2025-05-20T14:33:35.526+0000] {subprocess.py:93} INFO - 25/05/20 14:33:35 INFO Utils: Successfully started service 'org.apache.spark.network.netty.NettyBlockTransferService' on port 37583.
[2025-05-20T14:33:35.526+0000] {subprocess.py:93} INFO - 25/05/20 14:33:35 INFO NettyBlockTransferService: Server created on f1dad95963cc:37583
[2025-05-20T14:33:35.529+0000] {subprocess.py:93} INFO - 25/05/20 14:33:35 INFO BlockManager: Using org.apache.spark.storage.RandomBlockReplicationPolicy for block replication policy
[2025-05-20T14:33:35.537+0000] {subprocess.py:93} INFO - 25/05/20 14:33:35 INFO BlockManagerMaster: Registering BlockManager BlockManagerId(driver, f1dad95963cc, 37583, None)
[2025-05-20T14:33:35.542+0000] {subprocess.py:93} INFO - 25/05/20 14:33:35 INFO BlockManagerMasterEndpoint: Registering block manager f1dad95963cc:37583 with 434.4 MiB RAM, BlockManagerId(driver, f1dad95963cc, 37583, None)
[2025-05-20T14:33:35.546+0000] {subprocess.py:93} INFO - 25/05/20 14:33:35 INFO BlockManagerMaster: Registered BlockManager BlockManagerId(driver, f1dad95963cc, 37583, None)
[2025-05-20T14:33:35.548+0000] {subprocess.py:93} INFO - 25/05/20 14:33:35 INFO BlockManager: Initialized BlockManager: BlockManagerId(driver, f1dad95963cc, 37583, None)
[2025-05-20T14:33:36.185+0000] {subprocess.py:93} INFO - 25/05/20 14:33:36 INFO SharedState: Setting hive.metastore.warehouse.dir ('null') to the value of spark.sql.warehouse.dir.
[2025-05-20T14:33:36.188+0000] {subprocess.py:93} INFO - 25/05/20 14:33:36 INFO SharedState: Warehouse path is 'file:/opt/spark-apps/spark-warehouse'.
[2025-05-20T14:33:39.298+0000] {local_task_job_runner.py:294} WARNING - State of this instance has been externally set to failed. Terminating instance.
[2025-05-20T14:33:39.308+0000] {process_utils.py:131} INFO - Sending 15 to group 1120. PIDs of all processes in the group: [1130, 1133, 1120]
[2025-05-20T14:33:39.309+0000] {process_utils.py:86} INFO - Sending the signal 15 to group 1120
[2025-05-20T14:33:39.311+0000] {taskinstance.py:1630} ERROR - Received SIGTERM. Terminating subprocesses.
[2025-05-20T14:33:39.312+0000] {subprocess.py:104} INFO - Sending SIGTERM signal to process group
[2025-05-20T14:33:39.340+0000] {process_utils.py:79} INFO - Process psutil.Process(pid=1133, status='terminated', started='14:33:08') (1133) terminated with exit code None
[2025-05-20T14:33:39.450+0000] {process_utils.py:79} INFO - Process psutil.Process(pid=1130, status='terminated', started='14:33:08') (1130) terminated with exit code None
[2025-05-20T14:33:39.465+0000] {process_utils.py:79} INFO - Process psutil.Process(pid=1120, status='terminated', exitcode=0, started='14:33:08') (1120) terminated with exit code 0
