[2025-05-20T21:20:06.035+0000] {taskinstance.py:1157} INFO - Dependencies all met for dep_context=non-requeueable deps ti=<TaskInstance: gold_model_finetuning_bash_container.execute_fine_tune_in_container manual__2025-05-20T21:19:56.669291+00:00 [queued]>
[2025-05-20T21:20:06.048+0000] {taskinstance.py:1157} INFO - Dependencies all met for dep_context=requeueable deps ti=<TaskInstance: gold_model_finetuning_bash_container.execute_fine_tune_in_container manual__2025-05-20T21:19:56.669291+00:00 [queued]>
[2025-05-20T21:20:06.049+0000] {taskinstance.py:1359} INFO - Starting attempt 1 of 1
[2025-05-20T21:20:06.071+0000] {taskinstance.py:1380} INFO - Executing <Task(BashOperator): execute_fine_tune_in_container> on 2025-05-20 21:19:56.669291+00:00
[2025-05-20T21:20:06.094+0000] {standard_task_runner.py:57} INFO - Started process 872 to run task
[2025-05-20T21:20:06.100+0000] {standard_task_runner.py:84} INFO - Running: ['***', 'tasks', 'run', 'gold_model_finetuning_bash_container', 'execute_fine_tune_in_container', 'manual__2025-05-20T21:19:56.669291+00:00', '--job-id', '82', '--raw', '--subdir', 'DAGS_FOLDER/re_train.py', '--cfg-path', '/tmp/tmpxy0llu68']
[2025-05-20T21:20:06.108+0000] {standard_task_runner.py:85} INFO - Job 82: Subtask execute_fine_tune_in_container
[2025-05-20T21:20:06.222+0000] {task_command.py:415} INFO - Running <TaskInstance: gold_model_finetuning_bash_container.execute_fine_tune_in_container manual__2025-05-20T21:19:56.669291+00:00 [running]> on host be9154bb65cb
[2025-05-20T21:20:06.475+0000] {taskinstance.py:1660} INFO - Exporting env vars: AIRFLOW_CTX_DAG_OWNER='***' AIRFLOW_CTX_DAG_ID='gold_model_finetuning_bash_container' AIRFLOW_CTX_TASK_ID='execute_fine_tune_in_container' AIRFLOW_CTX_EXECUTION_DATE='2025-05-20T21:19:56.669291+00:00' AIRFLOW_CTX_TRY_NUMBER='1' AIRFLOW_CTX_DAG_RUN_ID='manual__2025-05-20T21:19:56.669291+00:00'
[2025-05-20T21:20:06.479+0000] {subprocess.py:63} INFO - Tmp dir root location: /tmp
[2025-05-20T21:20:06.481+0000] {subprocess.py:75} INFO - Running command: ['/bin/bash', '-c', 'docker exec mlflow-container python3 /app/fine_tune_model.py --year 2025 --month 5 --run_id 2ecb49acb66c4ef88019df2dfdbd2f99']
[2025-05-20T21:20:06.516+0000] {subprocess.py:86} INFO - Output:
[2025-05-20T21:20:12.221+0000] {subprocess.py:93} INFO - 2025-05-20 21:20:12,219 - INFO - Utilisation du mois spécifié pour le fine-tuning : 2025-05
[2025-05-20T21:20:12.222+0000] {subprocess.py:93} INFO - 2025-05-20 21:20:12,219 - INFO - Instantiated <InsecureClient(url='http://namenode:9870')>.
[2025-05-20T21:20:12.223+0000] {subprocess.py:93} INFO - 2025-05-20 21:20:12,219 - INFO - Connexion à HDFS réussie
[2025-05-20T21:20:12.224+0000] {subprocess.py:93} INFO - 2025-05-20 21:20:12,221 - INFO - Walking '/gold_price/aggregates/year=2025/month=5' (depth 0).
[2025-05-20T21:20:12.224+0000] {subprocess.py:93} INFO - 2025-05-20 21:20:12,222 - INFO - Fetching status for '/gold_price/aggregates/year=2025/month=5'.
[2025-05-20T21:20:17.362+0000] {subprocess.py:93} INFO - 2025-05-20 21:20:17,360 - INFO - Listing '/gold_price/aggregates/year=2025/month=5'.
[2025-05-20T21:20:17.382+0000] {subprocess.py:93} INFO - 2025-05-20 21:20:17,380 - INFO - Listing '/gold_price/aggregates/year=2025/month=5/day=19'.
[2025-05-20T21:20:17.418+0000] {subprocess.py:93} INFO - 2025-05-20 21:20:17,410 - INFO - Téléchargement de /gold_price/aggregates/year=2025/month=5/day=19/part-00000-7233b45a-f771-4fa6-ba0b-29d0487d32bf.c000.snappy.parquet vers /app/temp_month_data/part-00000-7233b45a-f771-4fa6-ba0b-29d0487d32bf.c000.snappy.parquet
[2025-05-20T21:20:17.420+0000] {subprocess.py:93} INFO - 2025-05-20 21:20:17,411 - INFO - Reading file '/gold_price/aggregates/year=2025/month=5/day=19/part-00000-7233b45a-f771-4fa6-ba0b-29d0487d32bf.c000.snappy.parquet'.
[2025-05-20T21:20:18.937+0000] {subprocess.py:93} INFO - 2025-05-20 21:20:18,935 - INFO - Téléchargement de /gold_price/aggregates/year=2025/month=5/day=19/part-00000-7344ee69-580c-4207-ba94-d88d46337d4a.c000.snappy.parquet vers /app/temp_month_data/part-00000-7344ee69-580c-4207-ba94-d88d46337d4a.c000.snappy.parquet
[2025-05-20T21:20:18.938+0000] {subprocess.py:93} INFO - 2025-05-20 21:20:18,935 - INFO - Reading file '/gold_price/aggregates/year=2025/month=5/day=19/part-00000-7344ee69-580c-4207-ba94-d88d46337d4a.c000.snappy.parquet'.
[2025-05-20T21:20:18.966+0000] {subprocess.py:93} INFO - 2025-05-20 21:20:18,963 - INFO - Téléchargement de /gold_price/aggregates/year=2025/month=5/day=19/part-00000-af46b234-0b9d-4b14-8034-fc147c5e106c.c000.snappy.parquet vers /app/temp_month_data/part-00000-af46b234-0b9d-4b14-8034-fc147c5e106c.c000.snappy.parquet
[2025-05-20T21:20:18.967+0000] {subprocess.py:93} INFO - 2025-05-20 21:20:18,964 - INFO - Reading file '/gold_price/aggregates/year=2025/month=5/day=19/part-00000-af46b234-0b9d-4b14-8034-fc147c5e106c.c000.snappy.parquet'.
[2025-05-20T21:20:19.021+0000] {subprocess.py:93} INFO - 2025-05-20 21:20:19,017 - INFO - Téléchargement de /gold_price/aggregates/year=2025/month=5/day=19/part-00000-daaaaa63-8335-4b1c-ade8-dfb3c7483cc3.c000.snappy.parquet vers /app/temp_month_data/part-00000-daaaaa63-8335-4b1c-ade8-dfb3c7483cc3.c000.snappy.parquet
[2025-05-20T21:20:19.024+0000] {subprocess.py:93} INFO - 2025-05-20 21:20:19,018 - INFO - Reading file '/gold_price/aggregates/year=2025/month=5/day=19/part-00000-daaaaa63-8335-4b1c-ade8-dfb3c7483cc3.c000.snappy.parquet'.
[2025-05-20T21:20:19.059+0000] {subprocess.py:93} INFO - 2025-05-20 21:20:19,057 - INFO - Listing '/gold_price/aggregates/year=2025/month=5/day=20'.
[2025-05-20T21:20:19.093+0000] {subprocess.py:93} INFO - 2025-05-20 21:20:19,091 - INFO - Téléchargement de /gold_price/aggregates/year=2025/month=5/day=20/part-00000-00fc7cff-2ce7-4e83-ad9a-492f561249e6.c000.snappy.parquet vers /app/temp_month_data/part-00000-00fc7cff-2ce7-4e83-ad9a-492f561249e6.c000.snappy.parquet
[2025-05-20T21:20:19.095+0000] {subprocess.py:93} INFO - 2025-05-20 21:20:19,092 - INFO - Reading file '/gold_price/aggregates/year=2025/month=5/day=20/part-00000-00fc7cff-2ce7-4e83-ad9a-492f561249e6.c000.snappy.parquet'.
[2025-05-20T21:20:19.133+0000] {subprocess.py:93} INFO - 2025-05-20 21:20:19,130 - INFO - Téléchargement de /gold_price/aggregates/year=2025/month=5/day=20/part-00000-054a50e7-41b9-4675-9c20-f7aebe0817f9.c000.snappy.parquet vers /app/temp_month_data/part-00000-054a50e7-41b9-4675-9c20-f7aebe0817f9.c000.snappy.parquet
[2025-05-20T21:20:19.134+0000] {subprocess.py:93} INFO - 2025-05-20 21:20:19,130 - INFO - Reading file '/gold_price/aggregates/year=2025/month=5/day=20/part-00000-054a50e7-41b9-4675-9c20-f7aebe0817f9.c000.snappy.parquet'.
[2025-05-20T21:20:19.172+0000] {subprocess.py:93} INFO - 2025-05-20 21:20:19,170 - INFO - Téléchargement de /gold_price/aggregates/year=2025/month=5/day=20/part-00000-05a3e3d0-acb9-4a7a-b444-6f8473b42a83.c000.snappy.parquet vers /app/temp_month_data/part-00000-05a3e3d0-acb9-4a7a-b444-6f8473b42a83.c000.snappy.parquet
[2025-05-20T21:20:19.173+0000] {subprocess.py:93} INFO - 2025-05-20 21:20:19,171 - INFO - Reading file '/gold_price/aggregates/year=2025/month=5/day=20/part-00000-05a3e3d0-acb9-4a7a-b444-6f8473b42a83.c000.snappy.parquet'.
[2025-05-20T21:20:19.200+0000] {subprocess.py:93} INFO - 2025-05-20 21:20:19,198 - INFO - Téléchargement de /gold_price/aggregates/year=2025/month=5/day=20/part-00000-08d703d7-c799-49fe-a086-f75561b038bf.c000.snappy.parquet vers /app/temp_month_data/part-00000-08d703d7-c799-49fe-a086-f75561b038bf.c000.snappy.parquet
[2025-05-20T21:20:19.201+0000] {subprocess.py:93} INFO - 2025-05-20 21:20:19,198 - INFO - Reading file '/gold_price/aggregates/year=2025/month=5/day=20/part-00000-08d703d7-c799-49fe-a086-f75561b038bf.c000.snappy.parquet'.
[2025-05-20T21:20:19.228+0000] {subprocess.py:93} INFO - 2025-05-20 21:20:19,226 - INFO - Téléchargement de /gold_price/aggregates/year=2025/month=5/day=20/part-00000-0c94b998-7e71-439f-9195-88d29f7e23de.c000.snappy.parquet vers /app/temp_month_data/part-00000-0c94b998-7e71-439f-9195-88d29f7e23de.c000.snappy.parquet
[2025-05-20T21:20:19.229+0000] {subprocess.py:93} INFO - 2025-05-20 21:20:19,227 - INFO - Reading file '/gold_price/aggregates/year=2025/month=5/day=20/part-00000-0c94b998-7e71-439f-9195-88d29f7e23de.c000.snappy.parquet'.
[2025-05-20T21:20:19.255+0000] {subprocess.py:93} INFO - 2025-05-20 21:20:19,253 - INFO - Téléchargement de /gold_price/aggregates/year=2025/month=5/day=20/part-00000-0eb651cf-f7cd-4341-a9fd-87ac029349f3.c000.snappy.parquet vers /app/temp_month_data/part-00000-0eb651cf-f7cd-4341-a9fd-87ac029349f3.c000.snappy.parquet
[2025-05-20T21:20:19.256+0000] {subprocess.py:93} INFO - 2025-05-20 21:20:19,253 - INFO - Reading file '/gold_price/aggregates/year=2025/month=5/day=20/part-00000-0eb651cf-f7cd-4341-a9fd-87ac029349f3.c000.snappy.parquet'.
[2025-05-20T21:20:19.282+0000] {subprocess.py:93} INFO - 2025-05-20 21:20:19,280 - INFO - Téléchargement de /gold_price/aggregates/year=2025/month=5/day=20/part-00000-0fbd98bd-d28b-4cf6-9385-1a8b94ca8079.c000.snappy.parquet vers /app/temp_month_data/part-00000-0fbd98bd-d28b-4cf6-9385-1a8b94ca8079.c000.snappy.parquet
[2025-05-20T21:20:19.283+0000] {subprocess.py:93} INFO - 2025-05-20 21:20:19,280 - INFO - Reading file '/gold_price/aggregates/year=2025/month=5/day=20/part-00000-0fbd98bd-d28b-4cf6-9385-1a8b94ca8079.c000.snappy.parquet'.
[2025-05-20T21:20:19.308+0000] {subprocess.py:93} INFO - 2025-05-20 21:20:19,306 - INFO - Téléchargement de /gold_price/aggregates/year=2025/month=5/day=20/part-00000-19ff9577-2ab0-4d92-82c4-836bbe6b2f45.c000.snappy.parquet vers /app/temp_month_data/part-00000-19ff9577-2ab0-4d92-82c4-836bbe6b2f45.c000.snappy.parquet
[2025-05-20T21:20:19.309+0000] {subprocess.py:93} INFO - 2025-05-20 21:20:19,306 - INFO - Reading file '/gold_price/aggregates/year=2025/month=5/day=20/part-00000-19ff9577-2ab0-4d92-82c4-836bbe6b2f45.c000.snappy.parquet'.
[2025-05-20T21:20:19.335+0000] {subprocess.py:93} INFO - 2025-05-20 21:20:19,333 - INFO - Téléchargement de /gold_price/aggregates/year=2025/month=5/day=20/part-00000-1a8df165-6610-4aac-a0be-beaf4560006a.c000.snappy.parquet vers /app/temp_month_data/part-00000-1a8df165-6610-4aac-a0be-beaf4560006a.c000.snappy.parquet
[2025-05-20T21:20:19.336+0000] {subprocess.py:93} INFO - 2025-05-20 21:20:19,334 - INFO - Reading file '/gold_price/aggregates/year=2025/month=5/day=20/part-00000-1a8df165-6610-4aac-a0be-beaf4560006a.c000.snappy.parquet'.
[2025-05-20T21:20:19.363+0000] {subprocess.py:93} INFO - 2025-05-20 21:20:19,361 - INFO - Téléchargement de /gold_price/aggregates/year=2025/month=5/day=20/part-00000-1b81781b-94bc-4f35-88af-775c4a9e4292.c000.snappy.parquet vers /app/temp_month_data/part-00000-1b81781b-94bc-4f35-88af-775c4a9e4292.c000.snappy.parquet
[2025-05-20T21:20:19.364+0000] {subprocess.py:93} INFO - 2025-05-20 21:20:19,361 - INFO - Reading file '/gold_price/aggregates/year=2025/month=5/day=20/part-00000-1b81781b-94bc-4f35-88af-775c4a9e4292.c000.snappy.parquet'.
[2025-05-20T21:20:19.396+0000] {subprocess.py:93} INFO - 2025-05-20 21:20:19,393 - INFO - Téléchargement de /gold_price/aggregates/year=2025/month=5/day=20/part-00000-232bccac-9899-4ad2-bc35-0d615e0aaffd.c000.snappy.parquet vers /app/temp_month_data/part-00000-232bccac-9899-4ad2-bc35-0d615e0aaffd.c000.snappy.parquet
[2025-05-20T21:20:19.397+0000] {subprocess.py:93} INFO - 2025-05-20 21:20:19,394 - INFO - Reading file '/gold_price/aggregates/year=2025/month=5/day=20/part-00000-232bccac-9899-4ad2-bc35-0d615e0aaffd.c000.snappy.parquet'.
[2025-05-20T21:20:19.429+0000] {subprocess.py:93} INFO - 2025-05-20 21:20:19,427 - INFO - Téléchargement de /gold_price/aggregates/year=2025/month=5/day=20/part-00000-2848ff89-42c3-4aef-a1dd-92d5701dcdc4.c000.snappy.parquet vers /app/temp_month_data/part-00000-2848ff89-42c3-4aef-a1dd-92d5701dcdc4.c000.snappy.parquet
[2025-05-20T21:20:19.430+0000] {subprocess.py:93} INFO - 2025-05-20 21:20:19,428 - INFO - Reading file '/gold_price/aggregates/year=2025/month=5/day=20/part-00000-2848ff89-42c3-4aef-a1dd-92d5701dcdc4.c000.snappy.parquet'.
[2025-05-20T21:20:19.465+0000] {subprocess.py:93} INFO - 2025-05-20 21:20:19,463 - INFO - Téléchargement de /gold_price/aggregates/year=2025/month=5/day=20/part-00000-30454c62-6d40-4a23-99f3-96bb181a6d32.c000.snappy.parquet vers /app/temp_month_data/part-00000-30454c62-6d40-4a23-99f3-96bb181a6d32.c000.snappy.parquet
[2025-05-20T21:20:19.467+0000] {subprocess.py:93} INFO - 2025-05-20 21:20:19,464 - INFO - Reading file '/gold_price/aggregates/year=2025/month=5/day=20/part-00000-30454c62-6d40-4a23-99f3-96bb181a6d32.c000.snappy.parquet'.
[2025-05-20T21:20:19.499+0000] {subprocess.py:93} INFO - 2025-05-20 21:20:19,498 - INFO - Téléchargement de /gold_price/aggregates/year=2025/month=5/day=20/part-00000-30dee07d-6a97-45cd-9731-d6ea3d40b3cf.c000.snappy.parquet vers /app/temp_month_data/part-00000-30dee07d-6a97-45cd-9731-d6ea3d40b3cf.c000.snappy.parquet
[2025-05-20T21:20:19.501+0000] {subprocess.py:93} INFO - 2025-05-20 21:20:19,498 - INFO - Reading file '/gold_price/aggregates/year=2025/month=5/day=20/part-00000-30dee07d-6a97-45cd-9731-d6ea3d40b3cf.c000.snappy.parquet'.
[2025-05-20T21:20:19.532+0000] {subprocess.py:93} INFO - 2025-05-20 21:20:19,529 - INFO - Téléchargement de /gold_price/aggregates/year=2025/month=5/day=20/part-00000-3111d7cf-a551-4893-9aac-4a3e6e809c66.c000.snappy.parquet vers /app/temp_month_data/part-00000-3111d7cf-a551-4893-9aac-4a3e6e809c66.c000.snappy.parquet
[2025-05-20T21:20:19.533+0000] {subprocess.py:93} INFO - 2025-05-20 21:20:19,529 - INFO - Reading file '/gold_price/aggregates/year=2025/month=5/day=20/part-00000-3111d7cf-a551-4893-9aac-4a3e6e809c66.c000.snappy.parquet'.
[2025-05-20T21:20:19.572+0000] {subprocess.py:93} INFO - 2025-05-20 21:20:19,569 - INFO - Téléchargement de /gold_price/aggregates/year=2025/month=5/day=20/part-00000-3397e82c-03a9-418d-bc5d-7530ea630e1e.c000.snappy.parquet vers /app/temp_month_data/part-00000-3397e82c-03a9-418d-bc5d-7530ea630e1e.c000.snappy.parquet
[2025-05-20T21:20:19.574+0000] {subprocess.py:93} INFO - 2025-05-20 21:20:19,569 - INFO - Reading file '/gold_price/aggregates/year=2025/month=5/day=20/part-00000-3397e82c-03a9-418d-bc5d-7530ea630e1e.c000.snappy.parquet'.
[2025-05-20T21:20:19.604+0000] {subprocess.py:93} INFO - 2025-05-20 21:20:19,602 - INFO - Téléchargement de /gold_price/aggregates/year=2025/month=5/day=20/part-00000-359b8d05-c681-49dd-a588-0fcbe4457411.c000.snappy.parquet vers /app/temp_month_data/part-00000-359b8d05-c681-49dd-a588-0fcbe4457411.c000.snappy.parquet
[2025-05-20T21:20:19.607+0000] {subprocess.py:93} INFO - 2025-05-20 21:20:19,602 - INFO - Reading file '/gold_price/aggregates/year=2025/month=5/day=20/part-00000-359b8d05-c681-49dd-a588-0fcbe4457411.c000.snappy.parquet'.
[2025-05-20T21:20:19.636+0000] {subprocess.py:93} INFO - 2025-05-20 21:20:19,634 - INFO - Téléchargement de /gold_price/aggregates/year=2025/month=5/day=20/part-00000-370a9407-c0f1-48d5-9488-d3904de1b617.c000.snappy.parquet vers /app/temp_month_data/part-00000-370a9407-c0f1-48d5-9488-d3904de1b617.c000.snappy.parquet
[2025-05-20T21:20:19.637+0000] {subprocess.py:93} INFO - 2025-05-20 21:20:19,634 - INFO - Reading file '/gold_price/aggregates/year=2025/month=5/day=20/part-00000-370a9407-c0f1-48d5-9488-d3904de1b617.c000.snappy.parquet'.
[2025-05-20T21:20:19.665+0000] {subprocess.py:93} INFO - 2025-05-20 21:20:19,663 - INFO - Téléchargement de /gold_price/aggregates/year=2025/month=5/day=20/part-00000-3a073e2e-eb0c-4a03-99f7-f5bc661b0bbc.c000.snappy.parquet vers /app/temp_month_data/part-00000-3a073e2e-eb0c-4a03-99f7-f5bc661b0bbc.c000.snappy.parquet
[2025-05-20T21:20:19.666+0000] {subprocess.py:93} INFO - 2025-05-20 21:20:19,664 - INFO - Reading file '/gold_price/aggregates/year=2025/month=5/day=20/part-00000-3a073e2e-eb0c-4a03-99f7-f5bc661b0bbc.c000.snappy.parquet'.
[2025-05-20T21:20:19.704+0000] {subprocess.py:93} INFO - 2025-05-20 21:20:19,702 - INFO - Téléchargement de /gold_price/aggregates/year=2025/month=5/day=20/part-00000-3ec51940-8354-4800-b4ba-55466bf26702.c000.snappy.parquet vers /app/temp_month_data/part-00000-3ec51940-8354-4800-b4ba-55466bf26702.c000.snappy.parquet
[2025-05-20T21:20:19.706+0000] {subprocess.py:93} INFO - 2025-05-20 21:20:19,702 - INFO - Reading file '/gold_price/aggregates/year=2025/month=5/day=20/part-00000-3ec51940-8354-4800-b4ba-55466bf26702.c000.snappy.parquet'.
[2025-05-20T21:20:19.736+0000] {subprocess.py:93} INFO - 2025-05-20 21:20:19,734 - INFO - Téléchargement de /gold_price/aggregates/year=2025/month=5/day=20/part-00000-40a8a615-ef37-44f1-92e5-c46ab8b9db84.c000.snappy.parquet vers /app/temp_month_data/part-00000-40a8a615-ef37-44f1-92e5-c46ab8b9db84.c000.snappy.parquet
[2025-05-20T21:20:19.737+0000] {subprocess.py:93} INFO - 2025-05-20 21:20:19,734 - INFO - Reading file '/gold_price/aggregates/year=2025/month=5/day=20/part-00000-40a8a615-ef37-44f1-92e5-c46ab8b9db84.c000.snappy.parquet'.
[2025-05-20T21:20:19.768+0000] {subprocess.py:93} INFO - 2025-05-20 21:20:19,766 - INFO - Téléchargement de /gold_price/aggregates/year=2025/month=5/day=20/part-00000-4560068c-2d12-4ab9-a39f-3b6c3d7d7dff.c000.snappy.parquet vers /app/temp_month_data/part-00000-4560068c-2d12-4ab9-a39f-3b6c3d7d7dff.c000.snappy.parquet
[2025-05-20T21:20:19.769+0000] {subprocess.py:93} INFO - 2025-05-20 21:20:19,766 - INFO - Reading file '/gold_price/aggregates/year=2025/month=5/day=20/part-00000-4560068c-2d12-4ab9-a39f-3b6c3d7d7dff.c000.snappy.parquet'.
[2025-05-20T21:20:19.801+0000] {subprocess.py:93} INFO - 2025-05-20 21:20:19,797 - INFO - Téléchargement de /gold_price/aggregates/year=2025/month=5/day=20/part-00000-48356c07-3f29-4fac-a44c-207b648fb385.c000.snappy.parquet vers /app/temp_month_data/part-00000-48356c07-3f29-4fac-a44c-207b648fb385.c000.snappy.parquet
[2025-05-20T21:20:19.803+0000] {subprocess.py:93} INFO - 2025-05-20 21:20:19,797 - INFO - Reading file '/gold_price/aggregates/year=2025/month=5/day=20/part-00000-48356c07-3f29-4fac-a44c-207b648fb385.c000.snappy.parquet'.
[2025-05-20T21:20:19.832+0000] {subprocess.py:93} INFO - 2025-05-20 21:20:19,830 - INFO - Téléchargement de /gold_price/aggregates/year=2025/month=5/day=20/part-00000-489aea54-82e6-4dcb-b921-5f11131feb57.c000.snappy.parquet vers /app/temp_month_data/part-00000-489aea54-82e6-4dcb-b921-5f11131feb57.c000.snappy.parquet
[2025-05-20T21:20:19.834+0000] {subprocess.py:93} INFO - 2025-05-20 21:20:19,831 - INFO - Reading file '/gold_price/aggregates/year=2025/month=5/day=20/part-00000-489aea54-82e6-4dcb-b921-5f11131feb57.c000.snappy.parquet'.
[2025-05-20T21:20:19.869+0000] {subprocess.py:93} INFO - 2025-05-20 21:20:19,866 - INFO - Téléchargement de /gold_price/aggregates/year=2025/month=5/day=20/part-00000-4bf80aa9-f20d-4d7d-9337-d5b384386c02.c000.snappy.parquet vers /app/temp_month_data/part-00000-4bf80aa9-f20d-4d7d-9337-d5b384386c02.c000.snappy.parquet
[2025-05-20T21:20:19.870+0000] {subprocess.py:93} INFO - 2025-05-20 21:20:19,866 - INFO - Reading file '/gold_price/aggregates/year=2025/month=5/day=20/part-00000-4bf80aa9-f20d-4d7d-9337-d5b384386c02.c000.snappy.parquet'.
[2025-05-20T21:20:19.913+0000] {subprocess.py:93} INFO - 2025-05-20 21:20:19,911 - INFO - Téléchargement de /gold_price/aggregates/year=2025/month=5/day=20/part-00000-50973a59-244d-48a0-b62e-bd15997b31c9.c000.snappy.parquet vers /app/temp_month_data/part-00000-50973a59-244d-48a0-b62e-bd15997b31c9.c000.snappy.parquet
[2025-05-20T21:20:19.916+0000] {subprocess.py:93} INFO - 2025-05-20 21:20:19,911 - INFO - Reading file '/gold_price/aggregates/year=2025/month=5/day=20/part-00000-50973a59-244d-48a0-b62e-bd15997b31c9.c000.snappy.parquet'.
[2025-05-20T21:20:19.961+0000] {subprocess.py:93} INFO - 2025-05-20 21:20:19,955 - INFO - Téléchargement de /gold_price/aggregates/year=2025/month=5/day=20/part-00000-53e28f23-aaf9-4ecb-9f91-014d26c53f9b.c000.snappy.parquet vers /app/temp_month_data/part-00000-53e28f23-aaf9-4ecb-9f91-014d26c53f9b.c000.snappy.parquet
[2025-05-20T21:20:19.964+0000] {subprocess.py:93} INFO - 2025-05-20 21:20:19,955 - INFO - Reading file '/gold_price/aggregates/year=2025/month=5/day=20/part-00000-53e28f23-aaf9-4ecb-9f91-014d26c53f9b.c000.snappy.parquet'.
[2025-05-20T21:20:19.999+0000] {subprocess.py:93} INFO - 2025-05-20 21:20:19,996 - INFO - Téléchargement de /gold_price/aggregates/year=2025/month=5/day=20/part-00000-53fcec49-c213-4073-84bb-5f82d58524f3.c000.snappy.parquet vers /app/temp_month_data/part-00000-53fcec49-c213-4073-84bb-5f82d58524f3.c000.snappy.parquet
[2025-05-20T21:20:20.001+0000] {subprocess.py:93} INFO - 2025-05-20 21:20:19,996 - INFO - Reading file '/gold_price/aggregates/year=2025/month=5/day=20/part-00000-53fcec49-c213-4073-84bb-5f82d58524f3.c000.snappy.parquet'.
[2025-05-20T21:20:20.038+0000] {subprocess.py:93} INFO - 2025-05-20 21:20:20,034 - INFO - Téléchargement de /gold_price/aggregates/year=2025/month=5/day=20/part-00000-540e33dc-27e0-445a-be47-5866d30c2485.c000.snappy.parquet vers /app/temp_month_data/part-00000-540e33dc-27e0-445a-be47-5866d30c2485.c000.snappy.parquet
[2025-05-20T21:20:20.039+0000] {subprocess.py:93} INFO - 2025-05-20 21:20:20,034 - INFO - Reading file '/gold_price/aggregates/year=2025/month=5/day=20/part-00000-540e33dc-27e0-445a-be47-5866d30c2485.c000.snappy.parquet'.
[2025-05-20T21:20:20.083+0000] {subprocess.py:93} INFO - 2025-05-20 21:20:20,080 - INFO - Téléchargement de /gold_price/aggregates/year=2025/month=5/day=20/part-00000-5615ad19-f8d5-47ed-8f87-afda31328c5c.c000.snappy.parquet vers /app/temp_month_data/part-00000-5615ad19-f8d5-47ed-8f87-afda31328c5c.c000.snappy.parquet
[2025-05-20T21:20:20.084+0000] {subprocess.py:93} INFO - 2025-05-20 21:20:20,080 - INFO - Reading file '/gold_price/aggregates/year=2025/month=5/day=20/part-00000-5615ad19-f8d5-47ed-8f87-afda31328c5c.c000.snappy.parquet'.
[2025-05-20T21:20:20.123+0000] {subprocess.py:93} INFO - 2025-05-20 21:20:20,120 - INFO - Téléchargement de /gold_price/aggregates/year=2025/month=5/day=20/part-00000-57092bdd-038a-4634-a97f-265d59e86b60.c000.snappy.parquet vers /app/temp_month_data/part-00000-57092bdd-038a-4634-a97f-265d59e86b60.c000.snappy.parquet
[2025-05-20T21:20:20.124+0000] {subprocess.py:93} INFO - 2025-05-20 21:20:20,121 - INFO - Reading file '/gold_price/aggregates/year=2025/month=5/day=20/part-00000-57092bdd-038a-4634-a97f-265d59e86b60.c000.snappy.parquet'.
[2025-05-20T21:20:20.174+0000] {subprocess.py:93} INFO - 2025-05-20 21:20:20,169 - INFO - Téléchargement de /gold_price/aggregates/year=2025/month=5/day=20/part-00000-57701176-bd96-49d0-b68e-e23c7f47a093.c000.snappy.parquet vers /app/temp_month_data/part-00000-57701176-bd96-49d0-b68e-e23c7f47a093.c000.snappy.parquet
[2025-05-20T21:20:20.180+0000] {subprocess.py:93} INFO - 2025-05-20 21:20:20,170 - INFO - Reading file '/gold_price/aggregates/year=2025/month=5/day=20/part-00000-57701176-bd96-49d0-b68e-e23c7f47a093.c000.snappy.parquet'.
[2025-05-20T21:20:20.271+0000] {subprocess.py:93} INFO - 2025-05-20 21:20:20,250 - INFO - Téléchargement de /gold_price/aggregates/year=2025/month=5/day=20/part-00000-59e8edcf-092c-4cbb-8d9b-a231ea20d8f5.c000.snappy.parquet vers /app/temp_month_data/part-00000-59e8edcf-092c-4cbb-8d9b-a231ea20d8f5.c000.snappy.parquet
[2025-05-20T21:20:20.273+0000] {subprocess.py:93} INFO - 2025-05-20 21:20:20,251 - INFO - Reading file '/gold_price/aggregates/year=2025/month=5/day=20/part-00000-59e8edcf-092c-4cbb-8d9b-a231ea20d8f5.c000.snappy.parquet'.
[2025-05-20T21:20:20.358+0000] {subprocess.py:93} INFO - 2025-05-20 21:20:20,337 - INFO - Téléchargement de /gold_price/aggregates/year=2025/month=5/day=20/part-00000-5da2c983-168b-471d-917e-6f6208257995.c000.snappy.parquet vers /app/temp_month_data/part-00000-5da2c983-168b-471d-917e-6f6208257995.c000.snappy.parquet
[2025-05-20T21:20:20.360+0000] {subprocess.py:93} INFO - 2025-05-20 21:20:20,338 - INFO - Reading file '/gold_price/aggregates/year=2025/month=5/day=20/part-00000-5da2c983-168b-471d-917e-6f6208257995.c000.snappy.parquet'.
[2025-05-20T21:20:20.430+0000] {subprocess.py:93} INFO - 2025-05-20 21:20:20,427 - INFO - Téléchargement de /gold_price/aggregates/year=2025/month=5/day=20/part-00000-5e2b5636-93e2-4a0d-ac68-4176deee056f.c000.snappy.parquet vers /app/temp_month_data/part-00000-5e2b5636-93e2-4a0d-ac68-4176deee056f.c000.snappy.parquet
[2025-05-20T21:20:20.438+0000] {subprocess.py:93} INFO - 2025-05-20 21:20:20,427 - INFO - Reading file '/gold_price/aggregates/year=2025/month=5/day=20/part-00000-5e2b5636-93e2-4a0d-ac68-4176deee056f.c000.snappy.parquet'.
[2025-05-20T21:20:20.495+0000] {subprocess.py:93} INFO - 2025-05-20 21:20:20,493 - INFO - Téléchargement de /gold_price/aggregates/year=2025/month=5/day=20/part-00000-5f8b3c70-72e3-48d2-b514-67b9b85c27d8.c000.snappy.parquet vers /app/temp_month_data/part-00000-5f8b3c70-72e3-48d2-b514-67b9b85c27d8.c000.snappy.parquet
[2025-05-20T21:20:20.499+0000] {subprocess.py:93} INFO - 2025-05-20 21:20:20,493 - INFO - Reading file '/gold_price/aggregates/year=2025/month=5/day=20/part-00000-5f8b3c70-72e3-48d2-b514-67b9b85c27d8.c000.snappy.parquet'.
[2025-05-20T21:20:20.554+0000] {subprocess.py:93} INFO - 2025-05-20 21:20:20,546 - INFO - Téléchargement de /gold_price/aggregates/year=2025/month=5/day=20/part-00000-65f63177-ee41-4e10-95c6-3b72caa4a926.c000.snappy.parquet vers /app/temp_month_data/part-00000-65f63177-ee41-4e10-95c6-3b72caa4a926.c000.snappy.parquet
[2025-05-20T21:20:20.557+0000] {subprocess.py:93} INFO - 2025-05-20 21:20:20,546 - INFO - Reading file '/gold_price/aggregates/year=2025/month=5/day=20/part-00000-65f63177-ee41-4e10-95c6-3b72caa4a926.c000.snappy.parquet'.
[2025-05-20T21:20:20.597+0000] {subprocess.py:93} INFO - 2025-05-20 21:20:20,594 - INFO - Téléchargement de /gold_price/aggregates/year=2025/month=5/day=20/part-00000-665e019b-9b50-4591-8615-9e7e45efa1cd.c000.snappy.parquet vers /app/temp_month_data/part-00000-665e019b-9b50-4591-8615-9e7e45efa1cd.c000.snappy.parquet
[2025-05-20T21:20:20.598+0000] {subprocess.py:93} INFO - 2025-05-20 21:20:20,594 - INFO - Reading file '/gold_price/aggregates/year=2025/month=5/day=20/part-00000-665e019b-9b50-4591-8615-9e7e45efa1cd.c000.snappy.parquet'.
[2025-05-20T21:20:20.633+0000] {subprocess.py:93} INFO - 2025-05-20 21:20:20,631 - INFO - Téléchargement de /gold_price/aggregates/year=2025/month=5/day=20/part-00000-66ac463a-f877-43aa-9f3e-361add773121.c000.snappy.parquet vers /app/temp_month_data/part-00000-66ac463a-f877-43aa-9f3e-361add773121.c000.snappy.parquet
[2025-05-20T21:20:20.635+0000] {subprocess.py:93} INFO - 2025-05-20 21:20:20,631 - INFO - Reading file '/gold_price/aggregates/year=2025/month=5/day=20/part-00000-66ac463a-f877-43aa-9f3e-361add773121.c000.snappy.parquet'.
[2025-05-20T21:20:20.674+0000] {subprocess.py:93} INFO - 2025-05-20 21:20:20,671 - INFO - Téléchargement de /gold_price/aggregates/year=2025/month=5/day=20/part-00000-6839d727-09b9-436d-8e8c-0cc1101aa08f.c000.snappy.parquet vers /app/temp_month_data/part-00000-6839d727-09b9-436d-8e8c-0cc1101aa08f.c000.snappy.parquet
[2025-05-20T21:20:20.676+0000] {subprocess.py:93} INFO - 2025-05-20 21:20:20,671 - INFO - Reading file '/gold_price/aggregates/year=2025/month=5/day=20/part-00000-6839d727-09b9-436d-8e8c-0cc1101aa08f.c000.snappy.parquet'.
[2025-05-20T21:20:20.712+0000] {subprocess.py:93} INFO - 2025-05-20 21:20:20,708 - INFO - Téléchargement de /gold_price/aggregates/year=2025/month=5/day=20/part-00000-6901ae1f-5a87-45b9-976e-5025305f711c.c000.snappy.parquet vers /app/temp_month_data/part-00000-6901ae1f-5a87-45b9-976e-5025305f711c.c000.snappy.parquet
[2025-05-20T21:20:20.714+0000] {subprocess.py:93} INFO - 2025-05-20 21:20:20,709 - INFO - Reading file '/gold_price/aggregates/year=2025/month=5/day=20/part-00000-6901ae1f-5a87-45b9-976e-5025305f711c.c000.snappy.parquet'.
[2025-05-20T21:20:20.752+0000] {subprocess.py:93} INFO - 2025-05-20 21:20:20,747 - INFO - Téléchargement de /gold_price/aggregates/year=2025/month=5/day=20/part-00000-691124bb-4c54-4feb-ac00-5ff5651f5710.c000.snappy.parquet vers /app/temp_month_data/part-00000-691124bb-4c54-4feb-ac00-5ff5651f5710.c000.snappy.parquet
[2025-05-20T21:20:20.754+0000] {subprocess.py:93} INFO - 2025-05-20 21:20:20,748 - INFO - Reading file '/gold_price/aggregates/year=2025/month=5/day=20/part-00000-691124bb-4c54-4feb-ac00-5ff5651f5710.c000.snappy.parquet'.
[2025-05-20T21:20:20.810+0000] {subprocess.py:93} INFO - 2025-05-20 21:20:20,800 - INFO - Téléchargement de /gold_price/aggregates/year=2025/month=5/day=20/part-00000-691dc5bf-be53-4b7a-82e6-a03fc9fb26f3.c000.snappy.parquet vers /app/temp_month_data/part-00000-691dc5bf-be53-4b7a-82e6-a03fc9fb26f3.c000.snappy.parquet
[2025-05-20T21:20:20.811+0000] {subprocess.py:93} INFO - 2025-05-20 21:20:20,800 - INFO - Reading file '/gold_price/aggregates/year=2025/month=5/day=20/part-00000-691dc5bf-be53-4b7a-82e6-a03fc9fb26f3.c000.snappy.parquet'.
[2025-05-20T21:20:20.919+0000] {subprocess.py:93} INFO - 2025-05-20 21:20:20,911 - INFO - Téléchargement de /gold_price/aggregates/year=2025/month=5/day=20/part-00000-69c2c7da-f27f-48cd-b4d3-22c543d75bc5.c000.snappy.parquet vers /app/temp_month_data/part-00000-69c2c7da-f27f-48cd-b4d3-22c543d75bc5.c000.snappy.parquet
[2025-05-20T21:20:20.921+0000] {subprocess.py:93} INFO - 2025-05-20 21:20:20,912 - INFO - Reading file '/gold_price/aggregates/year=2025/month=5/day=20/part-00000-69c2c7da-f27f-48cd-b4d3-22c543d75bc5.c000.snappy.parquet'.
[2025-05-20T21:20:21.013+0000] {subprocess.py:93} INFO - 2025-05-20 21:20:20,998 - INFO - Téléchargement de /gold_price/aggregates/year=2025/month=5/day=20/part-00000-6b39b87a-62e4-4082-b244-7d97a98a92c1.c000.snappy.parquet vers /app/temp_month_data/part-00000-6b39b87a-62e4-4082-b244-7d97a98a92c1.c000.snappy.parquet
[2025-05-20T21:20:21.014+0000] {subprocess.py:93} INFO - 2025-05-20 21:20:20,998 - INFO - Reading file '/gold_price/aggregates/year=2025/month=5/day=20/part-00000-6b39b87a-62e4-4082-b244-7d97a98a92c1.c000.snappy.parquet'.
[2025-05-20T21:20:21.049+0000] {subprocess.py:93} INFO - 2025-05-20 21:20:21,046 - INFO - Téléchargement de /gold_price/aggregates/year=2025/month=5/day=20/part-00000-6d972c74-d9b1-4235-bd00-3929f42d6d21.c000.snappy.parquet vers /app/temp_month_data/part-00000-6d972c74-d9b1-4235-bd00-3929f42d6d21.c000.snappy.parquet
[2025-05-20T21:20:21.050+0000] {subprocess.py:93} INFO - 2025-05-20 21:20:21,047 - INFO - Reading file '/gold_price/aggregates/year=2025/month=5/day=20/part-00000-6d972c74-d9b1-4235-bd00-3929f42d6d21.c000.snappy.parquet'.
[2025-05-20T21:20:21.085+0000] {subprocess.py:93} INFO - 2025-05-20 21:20:21,083 - INFO - Téléchargement de /gold_price/aggregates/year=2025/month=5/day=20/part-00000-6e2e718f-64ff-4584-98f7-ef6c0c3e72c2.c000.snappy.parquet vers /app/temp_month_data/part-00000-6e2e718f-64ff-4584-98f7-ef6c0c3e72c2.c000.snappy.parquet
[2025-05-20T21:20:21.086+0000] {subprocess.py:93} INFO - 2025-05-20 21:20:21,083 - INFO - Reading file '/gold_price/aggregates/year=2025/month=5/day=20/part-00000-6e2e718f-64ff-4584-98f7-ef6c0c3e72c2.c000.snappy.parquet'.
[2025-05-20T21:20:21.119+0000] {subprocess.py:93} INFO - 2025-05-20 21:20:21,116 - INFO - Téléchargement de /gold_price/aggregates/year=2025/month=5/day=20/part-00000-70a90f40-bbb8-49e9-ad78-b61e97d0d718.c000.snappy.parquet vers /app/temp_month_data/part-00000-70a90f40-bbb8-49e9-ad78-b61e97d0d718.c000.snappy.parquet
[2025-05-20T21:20:21.120+0000] {subprocess.py:93} INFO - 2025-05-20 21:20:21,116 - INFO - Reading file '/gold_price/aggregates/year=2025/month=5/day=20/part-00000-70a90f40-bbb8-49e9-ad78-b61e97d0d718.c000.snappy.parquet'.
[2025-05-20T21:20:21.148+0000] {subprocess.py:93} INFO - 2025-05-20 21:20:21,145 - INFO - Téléchargement de /gold_price/aggregates/year=2025/month=5/day=20/part-00000-716588f1-b438-4571-ba27-56389082ef11.c000.snappy.parquet vers /app/temp_month_data/part-00000-716588f1-b438-4571-ba27-56389082ef11.c000.snappy.parquet
[2025-05-20T21:20:21.149+0000] {subprocess.py:93} INFO - 2025-05-20 21:20:21,145 - INFO - Reading file '/gold_price/aggregates/year=2025/month=5/day=20/part-00000-716588f1-b438-4571-ba27-56389082ef11.c000.snappy.parquet'.
[2025-05-20T21:20:21.175+0000] {subprocess.py:93} INFO - 2025-05-20 21:20:21,173 - INFO - Téléchargement de /gold_price/aggregates/year=2025/month=5/day=20/part-00000-74be36aa-f52c-4ef8-a363-1ab653c063bc.c000.snappy.parquet vers /app/temp_month_data/part-00000-74be36aa-f52c-4ef8-a363-1ab653c063bc.c000.snappy.parquet
[2025-05-20T21:20:21.177+0000] {subprocess.py:93} INFO - 2025-05-20 21:20:21,173 - INFO - Reading file '/gold_price/aggregates/year=2025/month=5/day=20/part-00000-74be36aa-f52c-4ef8-a363-1ab653c063bc.c000.snappy.parquet'.
[2025-05-20T21:20:21.204+0000] {subprocess.py:93} INFO - 2025-05-20 21:20:21,202 - INFO - Téléchargement de /gold_price/aggregates/year=2025/month=5/day=20/part-00000-7593ec41-e14f-4b1b-a510-148ed20434b4.c000.snappy.parquet vers /app/temp_month_data/part-00000-7593ec41-e14f-4b1b-a510-148ed20434b4.c000.snappy.parquet
[2025-05-20T21:20:21.205+0000] {subprocess.py:93} INFO - 2025-05-20 21:20:21,203 - INFO - Reading file '/gold_price/aggregates/year=2025/month=5/day=20/part-00000-7593ec41-e14f-4b1b-a510-148ed20434b4.c000.snappy.parquet'.
[2025-05-20T21:20:21.234+0000] {subprocess.py:93} INFO - 2025-05-20 21:20:21,232 - INFO - Téléchargement de /gold_price/aggregates/year=2025/month=5/day=20/part-00000-781c218f-b074-4f61-8f8e-4228a56080a8.c000.snappy.parquet vers /app/temp_month_data/part-00000-781c218f-b074-4f61-8f8e-4228a56080a8.c000.snappy.parquet
[2025-05-20T21:20:21.235+0000] {subprocess.py:93} INFO - 2025-05-20 21:20:21,233 - INFO - Reading file '/gold_price/aggregates/year=2025/month=5/day=20/part-00000-781c218f-b074-4f61-8f8e-4228a56080a8.c000.snappy.parquet'.
[2025-05-20T21:20:21.267+0000] {subprocess.py:93} INFO - 2025-05-20 21:20:21,264 - INFO - Téléchargement de /gold_price/aggregates/year=2025/month=5/day=20/part-00000-7a18d5a4-d765-4c15-83aa-78a9d350f6c8.c000.snappy.parquet vers /app/temp_month_data/part-00000-7a18d5a4-d765-4c15-83aa-78a9d350f6c8.c000.snappy.parquet
[2025-05-20T21:20:21.268+0000] {subprocess.py:93} INFO - 2025-05-20 21:20:21,265 - INFO - Reading file '/gold_price/aggregates/year=2025/month=5/day=20/part-00000-7a18d5a4-d765-4c15-83aa-78a9d350f6c8.c000.snappy.parquet'.
[2025-05-20T21:20:21.297+0000] {subprocess.py:93} INFO - 2025-05-20 21:20:21,294 - INFO - Téléchargement de /gold_price/aggregates/year=2025/month=5/day=20/part-00000-7b632149-6169-4a84-aaea-0cfc9593570a.c000.snappy.parquet vers /app/temp_month_data/part-00000-7b632149-6169-4a84-aaea-0cfc9593570a.c000.snappy.parquet
[2025-05-20T21:20:21.298+0000] {subprocess.py:93} INFO - 2025-05-20 21:20:21,295 - INFO - Reading file '/gold_price/aggregates/year=2025/month=5/day=20/part-00000-7b632149-6169-4a84-aaea-0cfc9593570a.c000.snappy.parquet'.
[2025-05-20T21:20:21.329+0000] {subprocess.py:93} INFO - 2025-05-20 21:20:21,327 - INFO - Téléchargement de /gold_price/aggregates/year=2025/month=5/day=20/part-00000-7cc1444d-ad81-471d-a594-d6edf91a59d2.c000.snappy.parquet vers /app/temp_month_data/part-00000-7cc1444d-ad81-471d-a594-d6edf91a59d2.c000.snappy.parquet
[2025-05-20T21:20:21.330+0000] {subprocess.py:93} INFO - 2025-05-20 21:20:21,327 - INFO - Reading file '/gold_price/aggregates/year=2025/month=5/day=20/part-00000-7cc1444d-ad81-471d-a594-d6edf91a59d2.c000.snappy.parquet'.
[2025-05-20T21:20:21.359+0000] {subprocess.py:93} INFO - 2025-05-20 21:20:21,357 - INFO - Téléchargement de /gold_price/aggregates/year=2025/month=5/day=20/part-00000-7e2105a5-e9e5-4a7d-aeed-d994e8f1f652.c000.snappy.parquet vers /app/temp_month_data/part-00000-7e2105a5-e9e5-4a7d-aeed-d994e8f1f652.c000.snappy.parquet
[2025-05-20T21:20:21.361+0000] {subprocess.py:93} INFO - 2025-05-20 21:20:21,357 - INFO - Reading file '/gold_price/aggregates/year=2025/month=5/day=20/part-00000-7e2105a5-e9e5-4a7d-aeed-d994e8f1f652.c000.snappy.parquet'.
[2025-05-20T21:20:21.393+0000] {subprocess.py:93} INFO - 2025-05-20 21:20:21,390 - INFO - Téléchargement de /gold_price/aggregates/year=2025/month=5/day=20/part-00000-8c335616-c1ea-4da6-9b4d-17f714c52d06.c000.snappy.parquet vers /app/temp_month_data/part-00000-8c335616-c1ea-4da6-9b4d-17f714c52d06.c000.snappy.parquet
[2025-05-20T21:20:21.395+0000] {subprocess.py:93} INFO - 2025-05-20 21:20:21,391 - INFO - Reading file '/gold_price/aggregates/year=2025/month=5/day=20/part-00000-8c335616-c1ea-4da6-9b4d-17f714c52d06.c000.snappy.parquet'.
[2025-05-20T21:20:21.428+0000] {subprocess.py:93} INFO - 2025-05-20 21:20:21,426 - INFO - Téléchargement de /gold_price/aggregates/year=2025/month=5/day=20/part-00000-908ae3b1-a017-4c73-b55f-4b899caf2383.c000.snappy.parquet vers /app/temp_month_data/part-00000-908ae3b1-a017-4c73-b55f-4b899caf2383.c000.snappy.parquet
[2025-05-20T21:20:21.429+0000] {subprocess.py:93} INFO - 2025-05-20 21:20:21,426 - INFO - Reading file '/gold_price/aggregates/year=2025/month=5/day=20/part-00000-908ae3b1-a017-4c73-b55f-4b899caf2383.c000.snappy.parquet'.
[2025-05-20T21:20:21.460+0000] {subprocess.py:93} INFO - 2025-05-20 21:20:21,457 - INFO - Téléchargement de /gold_price/aggregates/year=2025/month=5/day=20/part-00000-941eb12e-3203-4dd1-abfd-25aadd74aa17.c000.snappy.parquet vers /app/temp_month_data/part-00000-941eb12e-3203-4dd1-abfd-25aadd74aa17.c000.snappy.parquet
[2025-05-20T21:20:21.461+0000] {subprocess.py:93} INFO - 2025-05-20 21:20:21,457 - INFO - Reading file '/gold_price/aggregates/year=2025/month=5/day=20/part-00000-941eb12e-3203-4dd1-abfd-25aadd74aa17.c000.snappy.parquet'.
[2025-05-20T21:20:21.491+0000] {subprocess.py:93} INFO - 2025-05-20 21:20:21,488 - INFO - Téléchargement de /gold_price/aggregates/year=2025/month=5/day=20/part-00000-94a69233-3b2f-4215-bfd5-4267e233e062.c000.snappy.parquet vers /app/temp_month_data/part-00000-94a69233-3b2f-4215-bfd5-4267e233e062.c000.snappy.parquet
[2025-05-20T21:20:21.494+0000] {subprocess.py:93} INFO - 2025-05-20 21:20:21,489 - INFO - Reading file '/gold_price/aggregates/year=2025/month=5/day=20/part-00000-94a69233-3b2f-4215-bfd5-4267e233e062.c000.snappy.parquet'.
[2025-05-20T21:20:21.529+0000] {subprocess.py:93} INFO - 2025-05-20 21:20:21,526 - INFO - Téléchargement de /gold_price/aggregates/year=2025/month=5/day=20/part-00000-96929d76-c9e7-4574-abd3-ee85004bfeb5.c000.snappy.parquet vers /app/temp_month_data/part-00000-96929d76-c9e7-4574-abd3-ee85004bfeb5.c000.snappy.parquet
[2025-05-20T21:20:21.530+0000] {subprocess.py:93} INFO - 2025-05-20 21:20:21,527 - INFO - Reading file '/gold_price/aggregates/year=2025/month=5/day=20/part-00000-96929d76-c9e7-4574-abd3-ee85004bfeb5.c000.snappy.parquet'.
[2025-05-20T21:20:21.567+0000] {subprocess.py:93} INFO - 2025-05-20 21:20:21,563 - INFO - Téléchargement de /gold_price/aggregates/year=2025/month=5/day=20/part-00000-9b20c8da-0db9-4192-bae6-3d6599ab0433.c000.snappy.parquet vers /app/temp_month_data/part-00000-9b20c8da-0db9-4192-bae6-3d6599ab0433.c000.snappy.parquet
[2025-05-20T21:20:21.568+0000] {subprocess.py:93} INFO - 2025-05-20 21:20:21,563 - INFO - Reading file '/gold_price/aggregates/year=2025/month=5/day=20/part-00000-9b20c8da-0db9-4192-bae6-3d6599ab0433.c000.snappy.parquet'.
[2025-05-20T21:20:21.603+0000] {subprocess.py:93} INFO - 2025-05-20 21:20:21,601 - INFO - Téléchargement de /gold_price/aggregates/year=2025/month=5/day=20/part-00000-a213304c-667d-453f-9bba-c3b2bb9d4790.c000.snappy.parquet vers /app/temp_month_data/part-00000-a213304c-667d-453f-9bba-c3b2bb9d4790.c000.snappy.parquet
[2025-05-20T21:20:21.604+0000] {subprocess.py:93} INFO - 2025-05-20 21:20:21,601 - INFO - Reading file '/gold_price/aggregates/year=2025/month=5/day=20/part-00000-a213304c-667d-453f-9bba-c3b2bb9d4790.c000.snappy.parquet'.
[2025-05-20T21:20:21.631+0000] {subprocess.py:93} INFO - 2025-05-20 21:20:21,629 - INFO - Téléchargement de /gold_price/aggregates/year=2025/month=5/day=20/part-00000-a637e9be-fa3c-4183-9bf6-6898a2e53787.c000.snappy.parquet vers /app/temp_month_data/part-00000-a637e9be-fa3c-4183-9bf6-6898a2e53787.c000.snappy.parquet
[2025-05-20T21:20:21.633+0000] {subprocess.py:93} INFO - 2025-05-20 21:20:21,630 - INFO - Reading file '/gold_price/aggregates/year=2025/month=5/day=20/part-00000-a637e9be-fa3c-4183-9bf6-6898a2e53787.c000.snappy.parquet'.
[2025-05-20T21:20:21.672+0000] {subprocess.py:93} INFO - 2025-05-20 21:20:21,670 - INFO - Téléchargement de /gold_price/aggregates/year=2025/month=5/day=20/part-00000-a64beef1-5798-441d-86b1-ca710d14ac54.c000.snappy.parquet vers /app/temp_month_data/part-00000-a64beef1-5798-441d-86b1-ca710d14ac54.c000.snappy.parquet
[2025-05-20T21:20:21.674+0000] {subprocess.py:93} INFO - 2025-05-20 21:20:21,671 - INFO - Reading file '/gold_price/aggregates/year=2025/month=5/day=20/part-00000-a64beef1-5798-441d-86b1-ca710d14ac54.c000.snappy.parquet'.
[2025-05-20T21:20:21.722+0000] {subprocess.py:93} INFO - 2025-05-20 21:20:21,716 - INFO - Téléchargement de /gold_price/aggregates/year=2025/month=5/day=20/part-00000-a64f288b-1d01-410a-81fd-f1cb3f2a9350.c000.snappy.parquet vers /app/temp_month_data/part-00000-a64f288b-1d01-410a-81fd-f1cb3f2a9350.c000.snappy.parquet
[2025-05-20T21:20:21.723+0000] {subprocess.py:93} INFO - 2025-05-20 21:20:21,716 - INFO - Reading file '/gold_price/aggregates/year=2025/month=5/day=20/part-00000-a64f288b-1d01-410a-81fd-f1cb3f2a9350.c000.snappy.parquet'.
[2025-05-20T21:20:21.759+0000] {subprocess.py:93} INFO - 2025-05-20 21:20:21,756 - INFO - Téléchargement de /gold_price/aggregates/year=2025/month=5/day=20/part-00000-a65443c7-e5e3-4319-962c-5bb1787715b0.c000.snappy.parquet vers /app/temp_month_data/part-00000-a65443c7-e5e3-4319-962c-5bb1787715b0.c000.snappy.parquet
[2025-05-20T21:20:21.761+0000] {subprocess.py:93} INFO - 2025-05-20 21:20:21,756 - INFO - Reading file '/gold_price/aggregates/year=2025/month=5/day=20/part-00000-a65443c7-e5e3-4319-962c-5bb1787715b0.c000.snappy.parquet'.
[2025-05-20T21:20:21.786+0000] {subprocess.py:93} INFO - 2025-05-20 21:20:21,784 - INFO - Téléchargement de /gold_price/aggregates/year=2025/month=5/day=20/part-00000-a65ed42f-7d87-4df9-a03c-a5b9125ce9a8.c000.snappy.parquet vers /app/temp_month_data/part-00000-a65ed42f-7d87-4df9-a03c-a5b9125ce9a8.c000.snappy.parquet
[2025-05-20T21:20:21.787+0000] {subprocess.py:93} INFO - 2025-05-20 21:20:21,784 - INFO - Reading file '/gold_price/aggregates/year=2025/month=5/day=20/part-00000-a65ed42f-7d87-4df9-a03c-a5b9125ce9a8.c000.snappy.parquet'.
[2025-05-20T21:20:21.814+0000] {subprocess.py:93} INFO - 2025-05-20 21:20:21,812 - INFO - Téléchargement de /gold_price/aggregates/year=2025/month=5/day=20/part-00000-ad2b1969-f9ca-4ce2-b252-3ee4887f82c0.c000.snappy.parquet vers /app/temp_month_data/part-00000-ad2b1969-f9ca-4ce2-b252-3ee4887f82c0.c000.snappy.parquet
[2025-05-20T21:20:21.815+0000] {subprocess.py:93} INFO - 2025-05-20 21:20:21,812 - INFO - Reading file '/gold_price/aggregates/year=2025/month=5/day=20/part-00000-ad2b1969-f9ca-4ce2-b252-3ee4887f82c0.c000.snappy.parquet'.
[2025-05-20T21:20:21.838+0000] {subprocess.py:93} INFO - 2025-05-20 21:20:21,836 - INFO - Téléchargement de /gold_price/aggregates/year=2025/month=5/day=20/part-00000-b0153c6f-46d8-449c-a729-3ff44f69bd6b.c000.snappy.parquet vers /app/temp_month_data/part-00000-b0153c6f-46d8-449c-a729-3ff44f69bd6b.c000.snappy.parquet
[2025-05-20T21:20:21.839+0000] {subprocess.py:93} INFO - 2025-05-20 21:20:21,836 - INFO - Reading file '/gold_price/aggregates/year=2025/month=5/day=20/part-00000-b0153c6f-46d8-449c-a729-3ff44f69bd6b.c000.snappy.parquet'.
[2025-05-20T21:20:21.862+0000] {subprocess.py:93} INFO - 2025-05-20 21:20:21,860 - INFO - Téléchargement de /gold_price/aggregates/year=2025/month=5/day=20/part-00000-b16d2a60-e24b-4722-8b69-9460451f1224.c000.snappy.parquet vers /app/temp_month_data/part-00000-b16d2a60-e24b-4722-8b69-9460451f1224.c000.snappy.parquet
[2025-05-20T21:20:21.863+0000] {subprocess.py:93} INFO - 2025-05-20 21:20:21,860 - INFO - Reading file '/gold_price/aggregates/year=2025/month=5/day=20/part-00000-b16d2a60-e24b-4722-8b69-9460451f1224.c000.snappy.parquet'.
[2025-05-20T21:20:21.883+0000] {subprocess.py:93} INFO - 2025-05-20 21:20:21,881 - INFO - Téléchargement de /gold_price/aggregates/year=2025/month=5/day=20/part-00000-b43d9fd6-595c-40f8-9bf3-528bff037df2.c000.snappy.parquet vers /app/temp_month_data/part-00000-b43d9fd6-595c-40f8-9bf3-528bff037df2.c000.snappy.parquet
[2025-05-20T21:20:21.884+0000] {subprocess.py:93} INFO - 2025-05-20 21:20:21,881 - INFO - Reading file '/gold_price/aggregates/year=2025/month=5/day=20/part-00000-b43d9fd6-595c-40f8-9bf3-528bff037df2.c000.snappy.parquet'.
[2025-05-20T21:20:21.905+0000] {subprocess.py:93} INFO - 2025-05-20 21:20:21,903 - INFO - Téléchargement de /gold_price/aggregates/year=2025/month=5/day=20/part-00000-b52138b0-f5a7-4038-883b-0cf40d0fd762.c000.snappy.parquet vers /app/temp_month_data/part-00000-b52138b0-f5a7-4038-883b-0cf40d0fd762.c000.snappy.parquet
[2025-05-20T21:20:21.906+0000] {subprocess.py:93} INFO - 2025-05-20 21:20:21,904 - INFO - Reading file '/gold_price/aggregates/year=2025/month=5/day=20/part-00000-b52138b0-f5a7-4038-883b-0cf40d0fd762.c000.snappy.parquet'.
[2025-05-20T21:20:21.929+0000] {subprocess.py:93} INFO - 2025-05-20 21:20:21,927 - INFO - Téléchargement de /gold_price/aggregates/year=2025/month=5/day=20/part-00000-b8da84ab-83be-4941-a4cd-46ac5caf3b4d.c000.snappy.parquet vers /app/temp_month_data/part-00000-b8da84ab-83be-4941-a4cd-46ac5caf3b4d.c000.snappy.parquet
[2025-05-20T21:20:21.930+0000] {subprocess.py:93} INFO - 2025-05-20 21:20:21,928 - INFO - Reading file '/gold_price/aggregates/year=2025/month=5/day=20/part-00000-b8da84ab-83be-4941-a4cd-46ac5caf3b4d.c000.snappy.parquet'.
[2025-05-20T21:20:21.950+0000] {subprocess.py:93} INFO - 2025-05-20 21:20:21,948 - INFO - Téléchargement de /gold_price/aggregates/year=2025/month=5/day=20/part-00000-c04b2c1f-6166-4602-ad48-e6232be59021.c000.snappy.parquet vers /app/temp_month_data/part-00000-c04b2c1f-6166-4602-ad48-e6232be59021.c000.snappy.parquet
[2025-05-20T21:20:21.951+0000] {subprocess.py:93} INFO - 2025-05-20 21:20:21,949 - INFO - Reading file '/gold_price/aggregates/year=2025/month=5/day=20/part-00000-c04b2c1f-6166-4602-ad48-e6232be59021.c000.snappy.parquet'.
[2025-05-20T21:20:21.975+0000] {subprocess.py:93} INFO - 2025-05-20 21:20:21,973 - INFO - Téléchargement de /gold_price/aggregates/year=2025/month=5/day=20/part-00000-c39ba660-56c5-402c-ba52-e62d070aff5f.c000.snappy.parquet vers /app/temp_month_data/part-00000-c39ba660-56c5-402c-ba52-e62d070aff5f.c000.snappy.parquet
[2025-05-20T21:20:21.976+0000] {subprocess.py:93} INFO - 2025-05-20 21:20:21,973 - INFO - Reading file '/gold_price/aggregates/year=2025/month=5/day=20/part-00000-c39ba660-56c5-402c-ba52-e62d070aff5f.c000.snappy.parquet'.
[2025-05-20T21:20:22.001+0000] {subprocess.py:93} INFO - 2025-05-20 21:20:21,999 - INFO - Téléchargement de /gold_price/aggregates/year=2025/month=5/day=20/part-00000-c8fe8dbe-0ddb-416e-b9f3-1bf78a9afc72.c000.snappy.parquet vers /app/temp_month_data/part-00000-c8fe8dbe-0ddb-416e-b9f3-1bf78a9afc72.c000.snappy.parquet
[2025-05-20T21:20:22.002+0000] {subprocess.py:93} INFO - 2025-05-20 21:20:21,999 - INFO - Reading file '/gold_price/aggregates/year=2025/month=5/day=20/part-00000-c8fe8dbe-0ddb-416e-b9f3-1bf78a9afc72.c000.snappy.parquet'.
[2025-05-20T21:20:22.022+0000] {subprocess.py:93} INFO - 2025-05-20 21:20:22,020 - INFO - Téléchargement de /gold_price/aggregates/year=2025/month=5/day=20/part-00000-cac0e287-507a-43ef-b6b6-7ecb978e8474.c000.snappy.parquet vers /app/temp_month_data/part-00000-cac0e287-507a-43ef-b6b6-7ecb978e8474.c000.snappy.parquet
[2025-05-20T21:20:22.023+0000] {subprocess.py:93} INFO - 2025-05-20 21:20:22,020 - INFO - Reading file '/gold_price/aggregates/year=2025/month=5/day=20/part-00000-cac0e287-507a-43ef-b6b6-7ecb978e8474.c000.snappy.parquet'.
[2025-05-20T21:20:22.043+0000] {subprocess.py:93} INFO - 2025-05-20 21:20:22,041 - INFO - Téléchargement de /gold_price/aggregates/year=2025/month=5/day=20/part-00000-cbd59289-c2b4-4a64-b7f1-666ea816194d.c000.snappy.parquet vers /app/temp_month_data/part-00000-cbd59289-c2b4-4a64-b7f1-666ea816194d.c000.snappy.parquet
[2025-05-20T21:20:22.044+0000] {subprocess.py:93} INFO - 2025-05-20 21:20:22,041 - INFO - Reading file '/gold_price/aggregates/year=2025/month=5/day=20/part-00000-cbd59289-c2b4-4a64-b7f1-666ea816194d.c000.snappy.parquet'.
[2025-05-20T21:20:22.070+0000] {subprocess.py:93} INFO - 2025-05-20 21:20:22,067 - INFO - Téléchargement de /gold_price/aggregates/year=2025/month=5/day=20/part-00000-cc5cc527-3d22-405c-b4c0-24e52084a95c.c000.snappy.parquet vers /app/temp_month_data/part-00000-cc5cc527-3d22-405c-b4c0-24e52084a95c.c000.snappy.parquet
[2025-05-20T21:20:22.070+0000] {subprocess.py:93} INFO - 2025-05-20 21:20:22,068 - INFO - Reading file '/gold_price/aggregates/year=2025/month=5/day=20/part-00000-cc5cc527-3d22-405c-b4c0-24e52084a95c.c000.snappy.parquet'.
[2025-05-20T21:20:22.095+0000] {subprocess.py:93} INFO - 2025-05-20 21:20:22,092 - INFO - Téléchargement de /gold_price/aggregates/year=2025/month=5/day=20/part-00000-ccdb3c8c-0f22-4f1d-940d-f47fbec07c7b.c000.snappy.parquet vers /app/temp_month_data/part-00000-ccdb3c8c-0f22-4f1d-940d-f47fbec07c7b.c000.snappy.parquet
[2025-05-20T21:20:22.096+0000] {subprocess.py:93} INFO - 2025-05-20 21:20:22,093 - INFO - Reading file '/gold_price/aggregates/year=2025/month=5/day=20/part-00000-ccdb3c8c-0f22-4f1d-940d-f47fbec07c7b.c000.snappy.parquet'.
[2025-05-20T21:20:22.129+0000] {subprocess.py:93} INFO - 2025-05-20 21:20:22,127 - INFO - Téléchargement de /gold_price/aggregates/year=2025/month=5/day=20/part-00000-cdc9a0f5-63e3-460e-b7ff-8fad27c9e048.c000.snappy.parquet vers /app/temp_month_data/part-00000-cdc9a0f5-63e3-460e-b7ff-8fad27c9e048.c000.snappy.parquet
[2025-05-20T21:20:22.130+0000] {subprocess.py:93} INFO - 2025-05-20 21:20:22,127 - INFO - Reading file '/gold_price/aggregates/year=2025/month=5/day=20/part-00000-cdc9a0f5-63e3-460e-b7ff-8fad27c9e048.c000.snappy.parquet'.
[2025-05-20T21:20:22.163+0000] {subprocess.py:93} INFO - 2025-05-20 21:20:22,159 - INFO - Téléchargement de /gold_price/aggregates/year=2025/month=5/day=20/part-00000-ce8937da-481d-477e-8f51-a96bb408cb4e.c000.snappy.parquet vers /app/temp_month_data/part-00000-ce8937da-481d-477e-8f51-a96bb408cb4e.c000.snappy.parquet
[2025-05-20T21:20:22.164+0000] {subprocess.py:93} INFO - 2025-05-20 21:20:22,159 - INFO - Reading file '/gold_price/aggregates/year=2025/month=5/day=20/part-00000-ce8937da-481d-477e-8f51-a96bb408cb4e.c000.snappy.parquet'.
[2025-05-20T21:20:22.196+0000] {subprocess.py:93} INFO - 2025-05-20 21:20:22,193 - INFO - Téléchargement de /gold_price/aggregates/year=2025/month=5/day=20/part-00000-cfa69f5f-a68b-411f-8e5e-0be015da9d45.c000.snappy.parquet vers /app/temp_month_data/part-00000-cfa69f5f-a68b-411f-8e5e-0be015da9d45.c000.snappy.parquet
[2025-05-20T21:20:22.197+0000] {subprocess.py:93} INFO - 2025-05-20 21:20:22,193 - INFO - Reading file '/gold_price/aggregates/year=2025/month=5/day=20/part-00000-cfa69f5f-a68b-411f-8e5e-0be015da9d45.c000.snappy.parquet'.
[2025-05-20T21:20:22.118+0000] {subprocess.py:93} INFO - 2025-05-20 21:20:22,115 - INFO - Téléchargement de /gold_price/aggregates/year=2025/month=5/day=20/part-00000-d501bc93-e465-41cb-bf48-c4a3cde8c262.c000.snappy.parquet vers /app/temp_month_data/part-00000-d501bc93-e465-41cb-bf48-c4a3cde8c262.c000.snappy.parquet
[2025-05-20T21:20:22.119+0000] {subprocess.py:93} INFO - 2025-05-20 21:20:22,115 - INFO - Reading file '/gold_price/aggregates/year=2025/month=5/day=20/part-00000-d501bc93-e465-41cb-bf48-c4a3cde8c262.c000.snappy.parquet'.
[2025-05-20T21:20:22.160+0000] {subprocess.py:93} INFO - 2025-05-20 21:20:22,155 - INFO - Téléchargement de /gold_price/aggregates/year=2025/month=5/day=20/part-00000-d9c1655e-ab61-43fc-9af6-5ea41bbbb2f9.c000.snappy.parquet vers /app/temp_month_data/part-00000-d9c1655e-ab61-43fc-9af6-5ea41bbbb2f9.c000.snappy.parquet
[2025-05-20T21:20:22.162+0000] {subprocess.py:93} INFO - 2025-05-20 21:20:22,157 - INFO - Reading file '/gold_price/aggregates/year=2025/month=5/day=20/part-00000-d9c1655e-ab61-43fc-9af6-5ea41bbbb2f9.c000.snappy.parquet'.
[2025-05-20T21:20:22.191+0000] {subprocess.py:93} INFO - 2025-05-20 21:20:22,188 - INFO - Téléchargement de /gold_price/aggregates/year=2025/month=5/day=20/part-00000-daddad1e-6cd2-4fab-a4dc-0974a8db9160.c000.snappy.parquet vers /app/temp_month_data/part-00000-daddad1e-6cd2-4fab-a4dc-0974a8db9160.c000.snappy.parquet
[2025-05-20T21:20:22.192+0000] {subprocess.py:93} INFO - 2025-05-20 21:20:22,188 - INFO - Reading file '/gold_price/aggregates/year=2025/month=5/day=20/part-00000-daddad1e-6cd2-4fab-a4dc-0974a8db9160.c000.snappy.parquet'.
[2025-05-20T21:20:22.222+0000] {subprocess.py:93} INFO - 2025-05-20 21:20:22,219 - INFO - Téléchargement de /gold_price/aggregates/year=2025/month=5/day=20/part-00000-dcc7ca1b-16fd-4e35-9334-6a8c521182db.c000.snappy.parquet vers /app/temp_month_data/part-00000-dcc7ca1b-16fd-4e35-9334-6a8c521182db.c000.snappy.parquet
[2025-05-20T21:20:22.223+0000] {subprocess.py:93} INFO - 2025-05-20 21:20:22,220 - INFO - Reading file '/gold_price/aggregates/year=2025/month=5/day=20/part-00000-dcc7ca1b-16fd-4e35-9334-6a8c521182db.c000.snappy.parquet'.
[2025-05-20T21:20:22.249+0000] {subprocess.py:93} INFO - 2025-05-20 21:20:22,247 - INFO - Téléchargement de /gold_price/aggregates/year=2025/month=5/day=20/part-00000-e25f7c71-2b1a-4f00-8751-d72702776bcb.c000.snappy.parquet vers /app/temp_month_data/part-00000-e25f7c71-2b1a-4f00-8751-d72702776bcb.c000.snappy.parquet
[2025-05-20T21:20:22.251+0000] {subprocess.py:93} INFO - 2025-05-20 21:20:22,247 - INFO - Reading file '/gold_price/aggregates/year=2025/month=5/day=20/part-00000-e25f7c71-2b1a-4f00-8751-d72702776bcb.c000.snappy.parquet'.
[2025-05-20T21:20:22.281+0000] {subprocess.py:93} INFO - 2025-05-20 21:20:22,278 - INFO - Téléchargement de /gold_price/aggregates/year=2025/month=5/day=20/part-00000-e2d363d0-b37e-453c-bf97-7955ae57d87f.c000.snappy.parquet vers /app/temp_month_data/part-00000-e2d363d0-b37e-453c-bf97-7955ae57d87f.c000.snappy.parquet
[2025-05-20T21:20:22.283+0000] {subprocess.py:93} INFO - 2025-05-20 21:20:22,279 - INFO - Reading file '/gold_price/aggregates/year=2025/month=5/day=20/part-00000-e2d363d0-b37e-453c-bf97-7955ae57d87f.c000.snappy.parquet'.
[2025-05-20T21:20:22.314+0000] {subprocess.py:93} INFO - 2025-05-20 21:20:22,311 - INFO - Téléchargement de /gold_price/aggregates/year=2025/month=5/day=20/part-00000-e347b6c4-76b1-4920-85b1-03870146d57d.c000.snappy.parquet vers /app/temp_month_data/part-00000-e347b6c4-76b1-4920-85b1-03870146d57d.c000.snappy.parquet
[2025-05-20T21:20:22.316+0000] {subprocess.py:93} INFO - 2025-05-20 21:20:22,312 - INFO - Reading file '/gold_price/aggregates/year=2025/month=5/day=20/part-00000-e347b6c4-76b1-4920-85b1-03870146d57d.c000.snappy.parquet'.
[2025-05-20T21:20:22.347+0000] {subprocess.py:93} INFO - 2025-05-20 21:20:22,344 - INFO - Téléchargement de /gold_price/aggregates/year=2025/month=5/day=20/part-00000-e99b3527-3f39-4079-9f50-7bc656fef9e3.c000.snappy.parquet vers /app/temp_month_data/part-00000-e99b3527-3f39-4079-9f50-7bc656fef9e3.c000.snappy.parquet
[2025-05-20T21:20:22.348+0000] {subprocess.py:93} INFO - 2025-05-20 21:20:22,345 - INFO - Reading file '/gold_price/aggregates/year=2025/month=5/day=20/part-00000-e99b3527-3f39-4079-9f50-7bc656fef9e3.c000.snappy.parquet'.
[2025-05-20T21:20:22.387+0000] {subprocess.py:93} INFO - 2025-05-20 21:20:22,384 - INFO - Téléchargement de /gold_price/aggregates/year=2025/month=5/day=20/part-00000-ef63f6f8-56f9-47ab-9b88-cba18ae99ed6.c000.snappy.parquet vers /app/temp_month_data/part-00000-ef63f6f8-56f9-47ab-9b88-cba18ae99ed6.c000.snappy.parquet
[2025-05-20T21:20:22.388+0000] {subprocess.py:93} INFO - 2025-05-20 21:20:22,385 - INFO - Reading file '/gold_price/aggregates/year=2025/month=5/day=20/part-00000-ef63f6f8-56f9-47ab-9b88-cba18ae99ed6.c000.snappy.parquet'.
[2025-05-20T21:20:22.419+0000] {subprocess.py:93} INFO - 2025-05-20 21:20:22,416 - INFO - Téléchargement de /gold_price/aggregates/year=2025/month=5/day=20/part-00000-f13b667d-c31f-48fb-8407-1f63e0cf12e7.c000.snappy.parquet vers /app/temp_month_data/part-00000-f13b667d-c31f-48fb-8407-1f63e0cf12e7.c000.snappy.parquet
[2025-05-20T21:20:22.420+0000] {subprocess.py:93} INFO - 2025-05-20 21:20:22,417 - INFO - Reading file '/gold_price/aggregates/year=2025/month=5/day=20/part-00000-f13b667d-c31f-48fb-8407-1f63e0cf12e7.c000.snappy.parquet'.
[2025-05-20T21:20:22.450+0000] {subprocess.py:93} INFO - 2025-05-20 21:20:22,445 - INFO - Téléchargement de /gold_price/aggregates/year=2025/month=5/day=20/part-00000-f338b802-a669-47f2-ad19-b78fe720dfc0.c000.snappy.parquet vers /app/temp_month_data/part-00000-f338b802-a669-47f2-ad19-b78fe720dfc0.c000.snappy.parquet
[2025-05-20T21:20:22.451+0000] {subprocess.py:93} INFO - 2025-05-20 21:20:22,445 - INFO - Reading file '/gold_price/aggregates/year=2025/month=5/day=20/part-00000-f338b802-a669-47f2-ad19-b78fe720dfc0.c000.snappy.parquet'.
[2025-05-20T21:20:22.488+0000] {subprocess.py:93} INFO - 2025-05-20 21:20:22,484 - INFO - Téléchargement de /gold_price/aggregates/year=2025/month=5/day=20/part-00000-f46f8662-7471-45a6-a85a-b63a599d90a3.c000.snappy.parquet vers /app/temp_month_data/part-00000-f46f8662-7471-45a6-a85a-b63a599d90a3.c000.snappy.parquet
[2025-05-20T21:20:22.489+0000] {subprocess.py:93} INFO - 2025-05-20 21:20:22,485 - INFO - Reading file '/gold_price/aggregates/year=2025/month=5/day=20/part-00000-f46f8662-7471-45a6-a85a-b63a599d90a3.c000.snappy.parquet'.
[2025-05-20T21:20:22.523+0000] {subprocess.py:93} INFO - 2025-05-20 21:20:22,521 - INFO - Téléchargement de /gold_price/aggregates/year=2025/month=5/day=20/part-00000-f55d1aff-f404-46d8-b266-8574c7e682e8.c000.snappy.parquet vers /app/temp_month_data/part-00000-f55d1aff-f404-46d8-b266-8574c7e682e8.c000.snappy.parquet
[2025-05-20T21:20:22.525+0000] {subprocess.py:93} INFO - 2025-05-20 21:20:22,521 - INFO - Reading file '/gold_price/aggregates/year=2025/month=5/day=20/part-00000-f55d1aff-f404-46d8-b266-8574c7e682e8.c000.snappy.parquet'.
[2025-05-20T21:20:22.556+0000] {subprocess.py:93} INFO - 2025-05-20 21:20:22,553 - INFO - Téléchargement de /gold_price/aggregates/year=2025/month=5/day=20/part-00000-f5b8f60b-df17-4134-8592-0618701e260a.c000.snappy.parquet vers /app/temp_month_data/part-00000-f5b8f60b-df17-4134-8592-0618701e260a.c000.snappy.parquet
[2025-05-20T21:20:22.558+0000] {subprocess.py:93} INFO - 2025-05-20 21:20:22,554 - INFO - Reading file '/gold_price/aggregates/year=2025/month=5/day=20/part-00000-f5b8f60b-df17-4134-8592-0618701e260a.c000.snappy.parquet'.
[2025-05-20T21:20:22.587+0000] {subprocess.py:93} INFO - 2025-05-20 21:20:22,581 - INFO - Téléchargement de /gold_price/aggregates/year=2025/month=5/day=20/part-00000-f798c244-6a6b-4aef-9cac-a648dc75fcab.c000.snappy.parquet vers /app/temp_month_data/part-00000-f798c244-6a6b-4aef-9cac-a648dc75fcab.c000.snappy.parquet
[2025-05-20T21:20:22.588+0000] {subprocess.py:93} INFO - 2025-05-20 21:20:22,582 - INFO - Reading file '/gold_price/aggregates/year=2025/month=5/day=20/part-00000-f798c244-6a6b-4aef-9cac-a648dc75fcab.c000.snappy.parquet'.
[2025-05-20T21:20:22.627+0000] {subprocess.py:93} INFO - 2025-05-20 21:20:22,625 - INFO - Téléchargement de /gold_price/aggregates/year=2025/month=5/day=20/part-00000-ff18e6d0-aecf-465b-81af-0269494926a2.c000.snappy.parquet vers /app/temp_month_data/part-00000-ff18e6d0-aecf-465b-81af-0269494926a2.c000.snappy.parquet
[2025-05-20T21:20:22.628+0000] {subprocess.py:93} INFO - 2025-05-20 21:20:22,625 - INFO - Reading file '/gold_price/aggregates/year=2025/month=5/day=20/part-00000-ff18e6d0-aecf-465b-81af-0269494926a2.c000.snappy.parquet'.
[2025-05-20T21:20:22.660+0000] {subprocess.py:93} INFO - 2025-05-20 21:20:22,659 - INFO - 104 fichiers téléchargés pour le fine-tuning
[2025-05-20T21:20:22.661+0000] {subprocess.py:93} INFO - 2025-05-20 21:20:22,659 - INFO - Combinaison des fichiers Parquet en un seul fichier...
[2025-05-20T21:20:23.722+0000] {subprocess.py:93} INFO - 2025-05-20 21:20:23,720 - INFO - Fichier combiné sauvegardé à /app/combined_month_data.parquet. Total de lignes : 115
[2025-05-20T21:20:24.000+0000] {subprocess.py:93} INFO - 2025-05-20 21:20:23,995 - INFO - Fichiers temporaires nettoyés
[2025-05-20T21:20:24.008+0000] {subprocess.py:93} INFO - 2025-05-20 21:20:24,007 - INFO - Données de fine-tuning chargées avec succès. Total de lignes : 115
[2025-05-20T21:20:24.054+0000] {subprocess.py:93} INFO - 2025-05-20 21:20:24,051 - INFO - Features préparées pour le fine-tuning. Lignes après ingénierie des features : 55
[2025-05-20T21:20:24.855+0000] {subprocess.py:93} INFO - 2025-05-20 21:20:24,853 - INFO - Context impl SQLiteImpl.
[2025-05-20T21:20:24.856+0000] {subprocess.py:93} INFO - 2025-05-20 21:20:24,854 - INFO - Will assume non-transactional DDL.
[2025-05-20T21:20:24.984+0000] {subprocess.py:93} INFO - 2025-05-20 21:20:24,981 - INFO - Modèle existant chargé avec succès
[2025-05-20T21:20:31.418+0000] {subprocess.py:93} INFO - 2025-05-20 21:20:31,416 - INFO - Modèle fine-tuné et loggé avec MLflow. Nouveau Run ID : 05a0bf24015444fdb2f794688ce3524e
[2025-05-20T21:20:32.817+0000] {subprocess.py:97} INFO - Command exited with return code 0
[2025-05-20T21:20:32.860+0000] {taskinstance.py:1398} INFO - Marking task as SUCCESS. dag_id=gold_model_finetuning_bash_container, task_id=execute_fine_tune_in_container, execution_date=20250520T211956, start_date=20250520T212006, end_date=20250520T212032
[2025-05-20T21:20:32.923+0000] {local_task_job_runner.py:228} INFO - Task exited with return code 0
[2025-05-20T21:20:32.956+0000] {taskinstance.py:2776} INFO - 1 downstream tasks scheduled from follow-on schedule check
