[2025-05-09T10:13:58.208+0000] {taskinstance.py:1157} INFO - Dependencies all met for dep_context=non-requeueable deps ti=<TaskInstance: gold_pipeline.extract_gold_data manual__2025-05-09T10:13:38.283275+00:00 [queued]>
[2025-05-09T10:13:58.219+0000] {taskinstance.py:1157} INFO - Dependencies all met for dep_context=requeueable deps ti=<TaskInstance: gold_pipeline.extract_gold_data manual__2025-05-09T10:13:38.283275+00:00 [queued]>
[2025-05-09T10:13:58.221+0000] {taskinstance.py:1359} INFO - Starting attempt 1 of 1
[2025-05-09T10:13:58.236+0000] {taskinstance.py:1380} INFO - Executing <Task(PythonOperator): extract_gold_data> on 2025-05-09 10:13:38.283275+00:00
[2025-05-09T10:13:58.242+0000] {standard_task_runner.py:57} INFO - Started process 1382 to run task
[2025-05-09T10:13:58.246+0000] {standard_task_runner.py:84} INFO - Running: ['***', 'tasks', 'run', 'gold_pipeline', 'extract_gold_data', 'manual__2025-05-09T10:13:38.283275+00:00', '--job-id', '52', '--raw', '--subdir', 'DAGS_FOLDER/pipeline.py', '--cfg-path', '/tmp/tmpqv51py14']
[2025-05-09T10:13:58.250+0000] {standard_task_runner.py:85} INFO - Job 52: Subtask extract_gold_data
[2025-05-09T10:13:58.308+0000] {task_command.py:415} INFO - Running <TaskInstance: gold_pipeline.extract_gold_data manual__2025-05-09T10:13:38.283275+00:00 [running]> on host 749db00b1372
[2025-05-09T10:13:58.411+0000] {taskinstance.py:1660} INFO - Exporting env vars: AIRFLOW_CTX_DAG_OWNER='***' AIRFLOW_CTX_DAG_ID='gold_pipeline' AIRFLOW_CTX_TASK_ID='extract_gold_data' AIRFLOW_CTX_EXECUTION_DATE='2025-05-09T10:13:38.283275+00:00' AIRFLOW_CTX_TRY_NUMBER='1' AIRFLOW_CTX_DAG_RUN_ID='manual__2025-05-09T10:13:38.283275+00:00'
[2025-05-09T10:14:00.666+0000] {logging_mixin.py:151} INFO - Aperçu des données récupérées :
[2025-05-09T10:14:00.687+0000] {logging_mixin.py:151} INFO -                    raw_date source_name  ... volume         ingestion_timestamp
0 2025-04-09 00:00:00-04:00    yfinance  ...  40530  2025-05-09T10:14:00.647250
1 2025-04-09 04:00:00-04:00    yfinance  ...  43556  2025-05-09T10:14:00.647348
2 2025-04-09 08:00:00-04:00    yfinance  ...  77740  2025-05-09T10:14:00.647415
3 2025-04-09 12:00:00-04:00    yfinance  ...  75408  2025-05-09T10:14:00.647479
4 2025-04-09 16:00:00-04:00    yfinance  ...   6456  2025-05-09T10:14:00.647541

[5 rows x 7 columns]
[2025-05-09T10:14:01.344+0000] {client.py:496} INFO - Writing to '/gold_datalake/raw/gold_prices/2025-05-09.csv'.
[2025-05-09T10:14:01.406+0000] {client.py:496} INFO - Writing to '/gold_datalake/raw/fed_rates/2025-05-09.csv'.
[2025-05-09T10:14:01.470+0000] {client.py:496} INFO - Writing to '/gold_datalake/raw/sp500/2025-05-09.csv'.
[2025-05-09T10:14:01.516+0000] {python.py:194} INFO - Done. Returned value was: (                     raw_date source_name  ... volume         ingestion_timestamp
0   2025-04-09 00:00:00-04:00    yfinance  ...  40530  2025-05-09T10:14:00.647250
1   2025-04-09 04:00:00-04:00    yfinance  ...  43556  2025-05-09T10:14:00.647348
2   2025-04-09 08:00:00-04:00    yfinance  ...  77740  2025-05-09T10:14:00.647415
3   2025-04-09 12:00:00-04:00    yfinance  ...  75408  2025-05-09T10:14:00.647479
4   2025-04-09 16:00:00-04:00    yfinance  ...   6456  2025-05-09T10:14:00.647541
..                        ...         ...  ...    ...                         ...
125 2025-05-08 04:00:00-04:00    yfinance  ...  28549  2025-05-09T10:14:00.662828
126 2025-05-08 08:00:00-04:00    yfinance  ...  76886  2025-05-09T10:14:00.662897
127 2025-05-08 12:00:00-04:00    yfinance  ...  75819  2025-05-09T10:14:00.662961
128 2025-05-08 16:00:00-04:00    yfinance  ...   6781  2025-05-09T10:14:00.663023
129 2025-05-08 20:00:00-04:00    yfinance  ...  49632  2025-05-09T10:14:00.663087

[130 rows x 7 columns],          index       date  taux_fed
0   1954-07-01 1954-07-01      0.80
1   1954-08-01 1954-08-01      1.22
2   1954-09-01 1954-09-01      1.07
3   1954-10-01 1954-10-01      0.85
4   1954-11-01 1954-11-01      0.83
..         ...        ...       ...
845 2024-12-01 2024-12-01      4.48
846 2025-01-01 2025-01-01      4.33
847 2025-02-01 2025-02-01      4.33
848 2025-03-01 2025-03-01      4.33
849 2025-04-01 2025-04-01      4.33

[850 rows x 3 columns],                          date   prix_sp500  volume_sp500
0   2025-04-09 09:30:00-04:00  5007.879883             0
1   2025-04-09 10:30:00-04:00  5000.120117     578649135
2   2025-04-09 11:30:00-04:00  5009.689941     434746000
3   2025-04-09 12:30:00-04:00  5256.319824     829138000
4   2025-04-09 13:30:00-04:00  5403.970215    1184603000
..                        ...          ...           ...
142 2025-05-08 11:30:00-04:00  5704.830078     363222000
143 2025-05-08 12:30:00-04:00  5709.180176     256163000
144 2025-05-08 13:30:00-04:00  5697.299805     248334000
145 2025-05-08 14:30:00-04:00  5707.189941     308749000
146 2025-05-08 15:30:00-04:00  5663.859863     446622000

[147 rows x 3 columns])
[2025-05-09T10:14:01.611+0000] {taskinstance.py:1398} INFO - Marking task as SUCCESS. dag_id=gold_pipeline, task_id=extract_gold_data, execution_date=20250509T101338, start_date=20250509T101358, end_date=20250509T101401
[2025-05-09T10:14:01.672+0000] {local_task_job_runner.py:228} INFO - Task exited with return code 0
[2025-05-09T10:14:01.708+0000] {taskinstance.py:2776} INFO - 1 downstream tasks scheduled from follow-on schedule check
