[2025-05-09T19:04:42.730+0000] {taskinstance.py:1157} INFO - Dependencies all met for dep_context=non-requeueable deps ti=<TaskInstance: gold_news_pipeline.run_consumer scheduled__2025-05-09T18:54:03.878771+00:00 [queued]>
[2025-05-09T19:04:42.742+0000] {taskinstance.py:1157} INFO - Dependencies all met for dep_context=requeueable deps ti=<TaskInstance: gold_news_pipeline.run_consumer scheduled__2025-05-09T18:54:03.878771+00:00 [queued]>
[2025-05-09T19:04:42.743+0000] {taskinstance.py:1359} INFO - Starting attempt 1 of 1
[2025-05-09T19:04:42.763+0000] {taskinstance.py:1380} INFO - Executing <Task(BashOperator): run_consumer> on 2025-05-09 18:54:03.878771+00:00
[2025-05-09T19:04:42.768+0000] {standard_task_runner.py:57} INFO - Started process 4679 to run task
[2025-05-09T19:04:42.771+0000] {standard_task_runner.py:84} INFO - Running: ['***', 'tasks', 'run', 'gold_news_pipeline', 'run_consumer', 'scheduled__2025-05-09T18:54:03.878771+00:00', '--job-id', '58', '--raw', '--subdir', 'DAGS_FOLDER/dag_streaming.py', '--cfg-path', '/tmp/tmphfuxgxcm']
[2025-05-09T19:04:42.776+0000] {standard_task_runner.py:85} INFO - Job 58: Subtask run_consumer
[2025-05-09T19:04:42.839+0000] {task_command.py:415} INFO - Running <TaskInstance: gold_news_pipeline.run_consumer scheduled__2025-05-09T18:54:03.878771+00:00 [running]> on host 666ef047fba4
[2025-05-09T19:04:42.947+0000] {taskinstance.py:1660} INFO - Exporting env vars: AIRFLOW_CTX_DAG_OWNER='***' AIRFLOW_CTX_DAG_ID='gold_news_pipeline' AIRFLOW_CTX_TASK_ID='run_consumer' AIRFLOW_CTX_EXECUTION_DATE='2025-05-09T18:54:03.878771+00:00' AIRFLOW_CTX_TRY_NUMBER='1' AIRFLOW_CTX_DAG_RUN_ID='scheduled__2025-05-09T18:54:03.878771+00:00'
[2025-05-09T19:04:42.949+0000] {subprocess.py:63} INFO - Tmp dir root location: /tmp
[2025-05-09T19:04:42.951+0000] {subprocess.py:75} INFO - Running command: ['/bin/bash', '-c', 'docker exec gold_price_project-spark-1 spark-submit --packages org.apache.spark:spark-sql-kafka-0-10_2.12:3.5.0,com.datastax.spark:spark-cassandra-connector_2.12:3.4.0 /scripts/spark_news.py']
[2025-05-09T19:04:42.966+0000] {subprocess.py:86} INFO - Output:
[2025-05-09T19:04:48.456+0000] {subprocess.py:93} INFO - :: loading settings :: url = jar:file:/opt/spark/jars/ivy-2.5.1.jar!/org/apache/ivy/core/settings/ivysettings.xml
[2025-05-09T19:04:48.670+0000] {subprocess.py:93} INFO - Ivy Default Cache set to: /root/.ivy2/cache
[2025-05-09T19:04:48.671+0000] {subprocess.py:93} INFO - The jars for the packages stored in: /root/.ivy2/jars
[2025-05-09T19:04:48.685+0000] {subprocess.py:93} INFO - org.apache.spark#spark-sql-kafka-0-10_2.12 added as a dependency
[2025-05-09T19:04:48.686+0000] {subprocess.py:93} INFO - com.datastax.spark#spark-cassandra-connector_2.12 added as a dependency
[2025-05-09T19:04:48.690+0000] {subprocess.py:93} INFO - :: resolving dependencies :: org.apache.spark#spark-submit-parent-23dd1f53-aaf4-4e07-b82c-1c05a95b7956;1.0
[2025-05-09T19:04:48.691+0000] {subprocess.py:93} INFO - 	confs: [default]
[2025-05-09T19:04:53.117+0000] {subprocess.py:93} INFO - 	found com.datastax.spark#spark-cassandra-connector_2.12;3.4.0 in central
[2025-05-09T19:04:53.416+0000] {subprocess.py:93} INFO - 	found com.datastax.spark#spark-cassandra-connector-driver_2.12;3.4.0 in central
[2025-05-09T19:04:55.776+0000] {subprocess.py:93} INFO - 	found com.datastax.oss#java-driver-core-shaded;4.13.0 in central
[2025-05-09T19:04:55.959+0000] {subprocess.py:93} INFO - 	found com.datastax.oss#native-protocol;1.5.0 in central
[2025-05-09T19:04:56.119+0000] {subprocess.py:93} INFO - 	found com.datastax.oss#java-driver-shaded-guava;25.1-jre-graal-sub-1 in central
[2025-05-09T19:04:56.288+0000] {subprocess.py:93} INFO - 	found com.typesafe#config;1.4.1 in central
[2025-05-09T19:04:57.316+0000] {subprocess.py:93} INFO - 	found org.slf4j#slf4j-api;1.7.26 in central
[2025-05-09T19:04:58.233+0000] {subprocess.py:93} INFO - 	found io.dropwizard.metrics#metrics-core;4.1.18 in central
[2025-05-09T19:04:58.382+0000] {subprocess.py:93} INFO - 	found org.hdrhistogram#HdrHistogram;2.1.12 in central
[2025-05-09T19:04:58.542+0000] {subprocess.py:93} INFO - 	found org.reactivestreams#reactive-streams;1.0.3 in central
[2025-05-09T19:04:59.099+0000] {subprocess.py:93} INFO - 	found com.github.stephenc.jcip#jcip-annotations;1.0-1 in central
[2025-05-09T19:04:59.245+0000] {subprocess.py:93} INFO - 	found com.github.spotbugs#spotbugs-annotations;3.1.12 in central
[2025-05-09T19:04:59.464+0000] {subprocess.py:93} INFO - 	found com.google.code.findbugs#jsr305;3.0.2 in central
[2025-05-09T19:04:59.694+0000] {subprocess.py:93} INFO - 	found com.datastax.oss#java-driver-mapper-runtime;4.13.0 in central
[2025-05-09T19:04:59.844+0000] {subprocess.py:93} INFO - 	found com.datastax.oss#java-driver-query-builder;4.13.0 in central
[2025-05-09T19:05:01.197+0000] {subprocess.py:93} INFO - 	found org.apache.commons#commons-lang3;3.10 in central
[2025-05-09T19:05:02.460+0000] {subprocess.py:93} INFO - 	found com.thoughtworks.paranamer#paranamer;2.8 in central
[2025-05-09T19:05:02.617+0000] {subprocess.py:93} INFO - 	found org.scala-lang#scala-reflect;2.12.11 in central
[2025-05-09T19:05:02.786+0000] {subprocess.py:93} INFO - downloading https://repo1.maven.org/maven2/com/datastax/spark/spark-cassandra-connector_2.12/3.4.0/spark-cassandra-connector_2.12-3.4.0.jar ...
[2025-05-09T19:05:03.142+0000] {subprocess.py:93} INFO - 	[SUCCESSFUL ] com.datastax.spark#spark-cassandra-connector_2.12;3.4.0!spark-cassandra-connector_2.12.jar (504ms)
[2025-05-09T19:05:03.306+0000] {subprocess.py:93} INFO - downloading https://repo1.maven.org/maven2/com/datastax/spark/spark-cassandra-connector-driver_2.12/3.4.0/spark-cassandra-connector-driver_2.12-3.4.0.jar ...
[2025-05-09T19:05:03.461+0000] {subprocess.py:93} INFO - 	[SUCCESSFUL ] com.datastax.spark#spark-cassandra-connector-driver_2.12;3.4.0!spark-cassandra-connector-driver_2.12.jar (318ms)
[2025-05-09T19:05:03.534+0000] {subprocess.py:93} INFO - downloading https://repo1.maven.org/maven2/com/datastax/oss/java-driver-core-shaded/4.13.0/java-driver-core-shaded-4.13.0.jar ...
[2025-05-09T19:05:04.528+0000] {subprocess.py:93} INFO - 	[SUCCESSFUL ] com.datastax.oss#java-driver-core-shaded;4.13.0!java-driver-core-shaded.jar (1065ms)
[2025-05-09T19:05:04.587+0000] {subprocess.py:93} INFO - downloading https://repo1.maven.org/maven2/com/datastax/oss/java-driver-mapper-runtime/4.13.0/java-driver-mapper-runtime-4.13.0.jar ...
[2025-05-09T19:05:04.653+0000] {subprocess.py:93} INFO - 	[SUCCESSFUL ] com.datastax.oss#java-driver-mapper-runtime;4.13.0!java-driver-mapper-runtime.jar(bundle) (125ms)
[2025-05-09T19:05:04.711+0000] {subprocess.py:93} INFO - downloading https://repo1.maven.org/maven2/org/apache/commons/commons-lang3/3.10/commons-lang3-3.10.jar ...
[2025-05-09T19:05:04.836+0000] {subprocess.py:93} INFO - 	[SUCCESSFUL ] org.apache.commons#commons-lang3;3.10!commons-lang3.jar (179ms)
[2025-05-09T19:05:04.895+0000] {subprocess.py:93} INFO - downloading https://repo1.maven.org/maven2/com/thoughtworks/paranamer/paranamer/2.8/paranamer-2.8.jar ...
[2025-05-09T19:05:04.959+0000] {subprocess.py:93} INFO - 	[SUCCESSFUL ] com.thoughtworks.paranamer#paranamer;2.8!paranamer.jar(bundle) (124ms)
[2025-05-09T19:05:05.017+0000] {subprocess.py:93} INFO - downloading https://repo1.maven.org/maven2/org/scala-lang/scala-reflect/2.12.11/scala-reflect-2.12.11.jar ...
[2025-05-09T19:05:08.294+0000] {subprocess.py:93} INFO - 	[SUCCESSFUL ] org.scala-lang#scala-reflect;2.12.11!scala-reflect.jar (3333ms)
[2025-05-09T19:05:08.362+0000] {subprocess.py:93} INFO - downloading https://repo1.maven.org/maven2/com/datastax/oss/native-protocol/1.5.0/native-protocol-1.5.0.jar ...
[2025-05-09T19:05:08.478+0000] {subprocess.py:93} INFO - 	[SUCCESSFUL ] com.datastax.oss#native-protocol;1.5.0!native-protocol.jar(bundle) (181ms)
[2025-05-09T19:05:08.541+0000] {subprocess.py:93} INFO - downloading https://repo1.maven.org/maven2/com/datastax/oss/java-driver-shaded-guava/25.1-jre-graal-sub-1/java-driver-shaded-guava-25.1-jre-graal-sub-1.jar ...
[2025-05-09T19:05:09.049+0000] {subprocess.py:93} INFO - 	[SUCCESSFUL ] com.datastax.oss#java-driver-shaded-guava;25.1-jre-graal-sub-1!java-driver-shaded-guava.jar (571ms)
[2025-05-09T19:05:09.117+0000] {subprocess.py:93} INFO - downloading https://repo1.maven.org/maven2/com/typesafe/config/1.4.1/config-1.4.1.jar ...
[2025-05-09T19:05:09.235+0000] {subprocess.py:93} INFO - 	[SUCCESSFUL ] com.typesafe#config;1.4.1!config.jar(bundle) (184ms)
[2025-05-09T19:05:09.306+0000] {subprocess.py:93} INFO - downloading https://repo1.maven.org/maven2/org/slf4j/slf4j-api/1.7.26/slf4j-api-1.7.26.jar ...
[2025-05-09T19:05:09.380+0000] {subprocess.py:93} INFO - 	[SUCCESSFUL ] org.slf4j#slf4j-api;1.7.26!slf4j-api.jar (144ms)
[2025-05-09T19:05:09.450+0000] {subprocess.py:93} INFO - downloading https://repo1.maven.org/maven2/io/dropwizard/metrics/metrics-core/4.1.18/metrics-core-4.1.18.jar ...
[2025-05-09T19:05:09.541+0000] {subprocess.py:93} INFO - 	[SUCCESSFUL ] io.dropwizard.metrics#metrics-core;4.1.18!metrics-core.jar(bundle) (157ms)
[2025-05-09T19:05:09.620+0000] {subprocess.py:93} INFO - downloading https://repo1.maven.org/maven2/org/hdrhistogram/HdrHistogram/2.1.12/HdrHistogram-2.1.12.jar ...
[2025-05-09T19:05:09.737+0000] {subprocess.py:93} INFO - 	[SUCCESSFUL ] org.hdrhistogram#HdrHistogram;2.1.12!HdrHistogram.jar(bundle) (187ms)
[2025-05-09T19:05:09.799+0000] {subprocess.py:93} INFO - downloading https://repo1.maven.org/maven2/org/reactivestreams/reactive-streams/1.0.3/reactive-streams-1.0.3.jar ...
[2025-05-09T19:05:09.872+0000] {subprocess.py:93} INFO - 	[SUCCESSFUL ] org.reactivestreams#reactive-streams;1.0.3!reactive-streams.jar (140ms)
[2025-05-09T19:05:09.954+0000] {subprocess.py:93} INFO - downloading https://repo1.maven.org/maven2/com/github/stephenc/jcip/jcip-annotations/1.0-1/jcip-annotations-1.0-1.jar ...
[2025-05-09T19:05:10.036+0000] {subprocess.py:93} INFO - 	[SUCCESSFUL ] com.github.stephenc.jcip#jcip-annotations;1.0-1!jcip-annotations.jar (165ms)
[2025-05-09T19:05:10.120+0000] {subprocess.py:93} INFO - downloading https://repo1.maven.org/maven2/com/github/spotbugs/spotbugs-annotations/3.1.12/spotbugs-annotations-3.1.12.jar ...
[2025-05-09T19:05:10.202+0000] {subprocess.py:93} INFO - 	[SUCCESSFUL ] com.github.spotbugs#spotbugs-annotations;3.1.12!spotbugs-annotations.jar (165ms)
[2025-05-09T19:05:10.276+0000] {subprocess.py:93} INFO - downloading https://repo1.maven.org/maven2/com/google/code/findbugs/jsr305/3.0.2/jsr305-3.0.2.jar ...
[2025-05-09T19:05:10.363+0000] {subprocess.py:93} INFO - 	[SUCCESSFUL ] com.google.code.findbugs#jsr305;3.0.2!jsr305.jar (160ms)
[2025-05-09T19:05:10.439+0000] {subprocess.py:93} INFO - downloading https://repo1.maven.org/maven2/com/datastax/oss/java-driver-query-builder/4.13.0/java-driver-query-builder-4.13.0.jar ...
[2025-05-09T19:05:10.546+0000] {subprocess.py:93} INFO - 	[SUCCESSFUL ] com.datastax.oss#java-driver-query-builder;4.13.0!java-driver-query-builder.jar(bundle) (178ms)
[2025-05-09T19:05:10.562+0000] {subprocess.py:93} INFO - :: resolution report :: resolve 13946ms :: artifacts dl 7908ms
[2025-05-09T19:05:10.574+0000] {subprocess.py:93} INFO - 	:: modules in use:
[2025-05-09T19:05:10.584+0000] {subprocess.py:93} INFO - 	com.datastax.oss#java-driver-core-shaded;4.13.0 from central in [default]
[2025-05-09T19:05:10.585+0000] {subprocess.py:93} INFO - 	com.datastax.oss#java-driver-mapper-runtime;4.13.0 from central in [default]
[2025-05-09T19:05:10.587+0000] {subprocess.py:93} INFO - 	com.datastax.oss#java-driver-query-builder;4.13.0 from central in [default]
[2025-05-09T19:05:10.589+0000] {subprocess.py:93} INFO - 	com.datastax.oss#java-driver-shaded-guava;25.1-jre-graal-sub-1 from central in [default]
[2025-05-09T19:05:10.590+0000] {subprocess.py:93} INFO - 	com.datastax.oss#native-protocol;1.5.0 from central in [default]
[2025-05-09T19:05:10.591+0000] {subprocess.py:93} INFO - 	com.datastax.spark#spark-cassandra-connector-driver_2.12;3.4.0 from central in [default]
[2025-05-09T19:05:10.592+0000] {subprocess.py:93} INFO - 	com.datastax.spark#spark-cassandra-connector_2.12;3.4.0 from central in [default]
[2025-05-09T19:05:10.593+0000] {subprocess.py:93} INFO - 	com.github.spotbugs#spotbugs-annotations;3.1.12 from central in [default]
[2025-05-09T19:05:10.596+0000] {subprocess.py:93} INFO - 	com.github.stephenc.jcip#jcip-annotations;1.0-1 from central in [default]
[2025-05-09T19:05:10.597+0000] {subprocess.py:93} INFO - 	com.google.code.findbugs#jsr305;3.0.2 from central in [default]
[2025-05-09T19:05:10.600+0000] {subprocess.py:93} INFO - 	com.thoughtworks.paranamer#paranamer;2.8 from central in [default]
[2025-05-09T19:05:10.602+0000] {subprocess.py:93} INFO - 	com.typesafe#config;1.4.1 from central in [default]
[2025-05-09T19:05:10.604+0000] {subprocess.py:93} INFO - 	io.dropwizard.metrics#metrics-core;4.1.18 from central in [default]
[2025-05-09T19:05:10.606+0000] {subprocess.py:93} INFO - 	org.apache.commons#commons-lang3;3.10 from central in [default]
[2025-05-09T19:05:10.608+0000] {subprocess.py:93} INFO - 	org.hdrhistogram#HdrHistogram;2.1.12 from central in [default]
[2025-05-09T19:05:10.610+0000] {subprocess.py:93} INFO - 	org.reactivestreams#reactive-streams;1.0.3 from central in [default]
[2025-05-09T19:05:10.611+0000] {subprocess.py:93} INFO - 	org.scala-lang#scala-reflect;2.12.11 from central in [default]
[2025-05-09T19:05:10.613+0000] {subprocess.py:93} INFO - 	org.slf4j#slf4j-api;1.7.26 from central in [default]
[2025-05-09T19:05:10.616+0000] {subprocess.py:93} INFO - 	---------------------------------------------------------------------
[2025-05-09T19:05:10.617+0000] {subprocess.py:93} INFO - 	|                  |            modules            ||   artifacts   |
[2025-05-09T19:05:10.619+0000] {subprocess.py:93} INFO - 	|       conf       | number| search|dwnlded|evicted|| number|dwnlded|
[2025-05-09T19:05:10.620+0000] {subprocess.py:93} INFO - 	---------------------------------------------------------------------
[2025-05-09T19:05:10.621+0000] {subprocess.py:93} INFO - 	|      default     |   19  |   18  |   18  |   0   ||   18  |   18  |
[2025-05-09T19:05:10.622+0000] {subprocess.py:93} INFO - 	---------------------------------------------------------------------
[2025-05-09T19:05:10.622+0000] {subprocess.py:93} INFO - 
[2025-05-09T19:05:10.623+0000] {subprocess.py:93} INFO - :: problems summary ::
[2025-05-09T19:05:10.625+0000] {subprocess.py:93} INFO - :::: WARNINGS
[2025-05-09T19:05:10.628+0000] {subprocess.py:93} INFO - 	problem while downloading module descriptor: https://repo1.maven.org/maven2/org/apache/spark/spark-parent_2.12/3.5.0/spark-parent_2.12-3.5.0.pom: Downloaded file size (0) doesn't match expected Content Length (136070) for https://repo1.maven.org/maven2/org/apache/spark/spark-parent_2.12/3.5.0/spark-parent_2.12-3.5.0.pom. Please retry. (191ms)
[2025-05-09T19:05:10.630+0000] {subprocess.py:93} INFO - 
[2025-05-09T19:05:10.631+0000] {subprocess.py:93} INFO - 	io problem while parsing ivy file: https://repo1.maven.org/maven2/org/apache/spark/spark-sql-kafka-0-10_2.12/3.5.0/spark-sql-kafka-0-10_2.12-3.5.0.pom (java.io.IOException: Impossible to load parent for file:/root/.ivy2/cache/org.apache.spark/spark-sql-kafka-0-10_2.12/ivy-3.5.0.xml.original. Parent=org.apache.spark#spark-parent_2.12;3.5.0)
[2025-05-09T19:05:10.633+0000] {subprocess.py:93} INFO - 
[2025-05-09T19:05:10.634+0000] {subprocess.py:93} INFO - 		module not found: org.apache.spark#spark-sql-kafka-0-10_2.12;3.5.0
[2025-05-09T19:05:10.635+0000] {subprocess.py:93} INFO - 
[2025-05-09T19:05:10.638+0000] {subprocess.py:93} INFO - 	==== local-m2-cache: tried
[2025-05-09T19:05:10.641+0000] {subprocess.py:93} INFO - 
[2025-05-09T19:05:10.654+0000] {subprocess.py:93} INFO - 	  file:/root/.m2/repository/org/apache/spark/spark-parent_2.12/3.5.0/spark-parent_2.12-3.5.0.pom
[2025-05-09T19:05:10.655+0000] {subprocess.py:93} INFO - 
[2025-05-09T19:05:10.656+0000] {subprocess.py:93} INFO - 	  -- artifact org.apache.spark#spark-parent_2.12;3.5.0!spark-parent_2.12.jar:
[2025-05-09T19:05:10.657+0000] {subprocess.py:93} INFO - 
[2025-05-09T19:05:10.660+0000] {subprocess.py:93} INFO - 	  file:/root/.m2/repository/org/apache/spark/spark-parent_2.12/3.5.0/spark-parent_2.12-3.5.0.jar
[2025-05-09T19:05:10.663+0000] {subprocess.py:93} INFO - 
[2025-05-09T19:05:10.664+0000] {subprocess.py:93} INFO - 	==== local-ivy-cache: tried
[2025-05-09T19:05:10.665+0000] {subprocess.py:93} INFO - 
[2025-05-09T19:05:10.665+0000] {subprocess.py:93} INFO - 	  /root/.ivy2/local/org.apache.spark/spark-parent_2.12/3.5.0/ivys/ivy.xml
[2025-05-09T19:05:10.666+0000] {subprocess.py:93} INFO - 
[2025-05-09T19:05:10.667+0000] {subprocess.py:93} INFO - 	  -- artifact org.apache.spark#spark-parent_2.12;3.5.0!spark-parent_2.12.jar:
[2025-05-09T19:05:10.668+0000] {subprocess.py:93} INFO - 
[2025-05-09T19:05:10.669+0000] {subprocess.py:93} INFO - 	  /root/.ivy2/local/org.apache.spark/spark-parent_2.12/3.5.0/jars/spark-parent_2.12.jar
[2025-05-09T19:05:10.670+0000] {subprocess.py:93} INFO - 
[2025-05-09T19:05:10.670+0000] {subprocess.py:93} INFO - 	==== central: tried
[2025-05-09T19:05:10.673+0000] {subprocess.py:93} INFO - 
[2025-05-09T19:05:10.674+0000] {subprocess.py:93} INFO - 	  https://repo1.maven.org/maven2/org/apache/spark/spark-parent_2.12/3.5.0/spark-parent_2.12-3.5.0.pom
[2025-05-09T19:05:10.678+0000] {subprocess.py:93} INFO - 
[2025-05-09T19:05:10.680+0000] {subprocess.py:93} INFO - 	==== spark-packages: tried
[2025-05-09T19:05:10.681+0000] {subprocess.py:93} INFO - 
[2025-05-09T19:05:10.682+0000] {subprocess.py:93} INFO - 	  https://repos.spark-packages.org/org/apache/spark/spark-sql-kafka-0-10_2.12/3.5.0/spark-sql-kafka-0-10_2.12-3.5.0.pom
[2025-05-09T19:05:10.683+0000] {subprocess.py:93} INFO - 
[2025-05-09T19:05:10.684+0000] {subprocess.py:93} INFO - 	  -- artifact org.apache.spark#spark-sql-kafka-0-10_2.12;3.5.0!spark-sql-kafka-0-10_2.12.jar:
[2025-05-09T19:05:10.685+0000] {subprocess.py:93} INFO - 
[2025-05-09T19:05:10.685+0000] {subprocess.py:93} INFO - 	  https://repos.spark-packages.org/org/apache/spark/spark-sql-kafka-0-10_2.12/3.5.0/spark-sql-kafka-0-10_2.12-3.5.0.jar
[2025-05-09T19:05:10.686+0000] {subprocess.py:93} INFO - 
[2025-05-09T19:05:10.687+0000] {subprocess.py:93} INFO - 		::::::::::::::::::::::::::::::::::::::::::::::
[2025-05-09T19:05:10.687+0000] {subprocess.py:93} INFO - 
[2025-05-09T19:05:10.688+0000] {subprocess.py:93} INFO - 		::          UNRESOLVED DEPENDENCIES         ::
[2025-05-09T19:05:10.689+0000] {subprocess.py:93} INFO - 
[2025-05-09T19:05:10.689+0000] {subprocess.py:93} INFO - 		::::::::::::::::::::::::::::::::::::::::::::::
[2025-05-09T19:05:10.690+0000] {subprocess.py:93} INFO - 
[2025-05-09T19:05:10.691+0000] {subprocess.py:93} INFO - 		:: org.apache.spark#spark-sql-kafka-0-10_2.12;3.5.0: not found
[2025-05-09T19:05:10.691+0000] {subprocess.py:93} INFO - 
[2025-05-09T19:05:10.692+0000] {subprocess.py:93} INFO - 		::::::::::::::::::::::::::::::::::::::::::::::
[2025-05-09T19:05:10.693+0000] {subprocess.py:93} INFO - 
[2025-05-09T19:05:10.694+0000] {subprocess.py:93} INFO - 
[2025-05-09T19:05:10.694+0000] {subprocess.py:93} INFO - 
[2025-05-09T19:05:10.695+0000] {subprocess.py:93} INFO - :: USE VERBOSE OR DEBUG MESSAGE LEVEL FOR MORE DETAILS
[2025-05-09T19:05:10.695+0000] {subprocess.py:93} INFO - Exception in thread "main" java.lang.RuntimeException: [unresolved dependency: org.apache.spark#spark-sql-kafka-0-10_2.12;3.5.0: not found]
[2025-05-09T19:05:10.696+0000] {subprocess.py:93} INFO - 	at org.apache.spark.deploy.SparkSubmitUtils$.resolveMavenCoordinates(SparkSubmit.scala:1608)
[2025-05-09T19:05:10.697+0000] {subprocess.py:93} INFO - 	at org.apache.spark.util.DependencyUtils$.resolveMavenDependencies(DependencyUtils.scala:185)
[2025-05-09T19:05:10.697+0000] {subprocess.py:93} INFO - 	at org.apache.spark.deploy.SparkSubmit.prepareSubmitEnvironment(SparkSubmit.scala:334)
[2025-05-09T19:05:10.698+0000] {subprocess.py:93} INFO - 	at org.apache.spark.deploy.SparkSubmit.org$apache$spark$deploy$SparkSubmit$$runMain(SparkSubmit.scala:964)
[2025-05-09T19:05:10.698+0000] {subprocess.py:93} INFO - 	at org.apache.spark.deploy.SparkSubmit.doRunMain$1(SparkSubmit.scala:194)
[2025-05-09T19:05:10.699+0000] {subprocess.py:93} INFO - 	at org.apache.spark.deploy.SparkSubmit.submit(SparkSubmit.scala:217)
[2025-05-09T19:05:10.700+0000] {subprocess.py:93} INFO - 	at org.apache.spark.deploy.SparkSubmit.doSubmit(SparkSubmit.scala:91)
[2025-05-09T19:05:10.700+0000] {subprocess.py:93} INFO - 	at org.apache.spark.deploy.SparkSubmit$$anon$2.doSubmit(SparkSubmit.scala:1120)
[2025-05-09T19:05:10.703+0000] {subprocess.py:93} INFO - 	at org.apache.spark.deploy.SparkSubmit$.main(SparkSubmit.scala:1129)
[2025-05-09T19:05:10.705+0000] {subprocess.py:93} INFO - 	at org.apache.spark.deploy.SparkSubmit.main(SparkSubmit.scala)
[2025-05-09T19:05:10.706+0000] {subprocess.py:97} INFO - Command exited with return code 1
[2025-05-09T19:05:10.750+0000] {taskinstance.py:1935} ERROR - Task failed with exception
Traceback (most recent call last):
  File "/home/airflow/.local/lib/python3.8/site-packages/airflow/operators/bash.py", line 210, in execute
    raise AirflowException(
airflow.exceptions.AirflowException: Bash command failed. The command returned a non-zero exit code 1.
[2025-05-09T19:05:10.762+0000] {taskinstance.py:1398} INFO - Marking task as FAILED. dag_id=gold_news_pipeline, task_id=run_consumer, execution_date=20250509T185403, start_date=20250509T190442, end_date=20250509T190510
[2025-05-09T19:05:10.801+0000] {standard_task_runner.py:104} ERROR - Failed to execute job 58 for task run_consumer (Bash command failed. The command returned a non-zero exit code 1.; 4679)
[2025-05-09T19:05:10.836+0000] {local_task_job_runner.py:228} INFO - Task exited with return code 1
[2025-05-09T19:05:10.921+0000] {taskinstance.py:2776} INFO - 0 downstream tasks scheduled from follow-on schedule check
