[2025-05-21T13:16:12.425+0000] {taskinstance.py:1157} INFO - Dependencies all met for dep_context=non-requeueable deps ti=<TaskInstance: gold_news_pipeline.ingest_news manual__2025-05-21T13:16:10.802802+00:00 [queued]>
[2025-05-21T13:16:12.436+0000] {taskinstance.py:1157} INFO - Dependencies all met for dep_context=requeueable deps ti=<TaskInstance: gold_news_pipeline.ingest_news manual__2025-05-21T13:16:10.802802+00:00 [queued]>
[2025-05-21T13:16:12.437+0000] {taskinstance.py:1359} INFO - Starting attempt 1 of 1
[2025-05-21T13:16:12.458+0000] {taskinstance.py:1380} INFO - Executing <Task(PythonOperator): ingest_news> on 2025-05-21 13:16:10.802802+00:00
[2025-05-21T13:16:12.467+0000] {standard_task_runner.py:57} INFO - Started process 4574 to run task
[2025-05-21T13:16:12.472+0000] {standard_task_runner.py:84} INFO - Running: ['***', 'tasks', 'run', 'gold_news_pipeline', 'ingest_news', 'manual__2025-05-21T13:16:10.802802+00:00', '--job-id', '145', '--raw', '--subdir', 'DAGS_FOLDER/news_batch.py', '--cfg-path', '/tmp/tmptpu37urp']
[2025-05-21T13:16:12.477+0000] {standard_task_runner.py:85} INFO - Job 145: Subtask ingest_news
[2025-05-21T13:16:12.566+0000] {task_command.py:415} INFO - Running <TaskInstance: gold_news_pipeline.ingest_news manual__2025-05-21T13:16:10.802802+00:00 [running]> on host 5c6832b8ad2a
[2025-05-21T13:16:12.747+0000] {taskinstance.py:1660} INFO - Exporting env vars: AIRFLOW_CTX_DAG_OWNER='***' AIRFLOW_CTX_DAG_ID='gold_news_pipeline' AIRFLOW_CTX_TASK_ID='ingest_news' AIRFLOW_CTX_EXECUTION_DATE='2025-05-21T13:16:10.802802+00:00' AIRFLOW_CTX_TRY_NUMBER='1' AIRFLOW_CTX_DAG_RUN_ID='manual__2025-05-21T13:16:10.802802+00:00'
[2025-05-21T13:16:12.749+0000] {news_batch.py:41} INFO - Requête API NewsAPI, page 1...
[2025-05-21T13:16:13.078+0000] {news_batch.py:41} INFO - Requête API NewsAPI, page 2...
[2025-05-21T13:16:13.323+0000] {news_batch.py:41} INFO - Requête API NewsAPI, page 3...
[2025-05-21T13:16:13.556+0000] {news_batch.py:41} INFO - Requête API NewsAPI, page 4...
[2025-05-21T13:16:13.806+0000] {news_batch.py:41} INFO - Requête API NewsAPI, page 5...
[2025-05-21T13:16:14.037+0000] {news_batch.py:41} INFO - Requête API NewsAPI, page 6...
[2025-05-21T13:16:14.263+0000] {news_batch.py:41} INFO - Requête API NewsAPI, page 7...
[2025-05-21T13:16:14.519+0000] {news_batch.py:41} INFO - Requête API NewsAPI, page 8...
[2025-05-21T13:16:14.769+0000] {news_batch.py:41} INFO - Requête API NewsAPI, page 9...
[2025-05-21T13:16:15.008+0000] {news_batch.py:41} INFO - Requête API NewsAPI, page 10...
[2025-05-21T13:16:15.245+0000] {news_batch.py:69} INFO - Écriture des données dans /app/news_gold_market_20250521_131615.json...
[2025-05-21T13:16:15.281+0000] {news_batch.py:78} INFO - Total de 99 news ingérées et sauvegardées dans /app/news_gold_market_20250521_131615.json
[2025-05-21T13:16:15.284+0000] {python.py:194} INFO - Done. Returned value was: True
[2025-05-21T13:16:15.324+0000] {taskinstance.py:1398} INFO - Marking task as SUCCESS. dag_id=gold_news_pipeline, task_id=ingest_news, execution_date=20250521T131610, start_date=20250521T131612, end_date=20250521T131615
[2025-05-21T13:16:15.905+0000] {local_task_job_runner.py:228} INFO - Task exited with return code 0
[2025-05-21T13:16:15.947+0000] {taskinstance.py:2776} INFO - 1 downstream tasks scheduled from follow-on schedule check
