[2025-05-09T19:08:28.471+0000] {taskinstance.py:1157} INFO - Dependencies all met for dep_context=non-requeueable deps ti=<TaskInstance: gold_news_pipeline.run_producer manual__2025-05-09T19:08:26.179175+00:00 [queued]>
[2025-05-09T19:08:28.483+0000] {taskinstance.py:1157} INFO - Dependencies all met for dep_context=requeueable deps ti=<TaskInstance: gold_news_pipeline.run_producer manual__2025-05-09T19:08:26.179175+00:00 [queued]>
[2025-05-09T19:08:28.484+0000] {taskinstance.py:1359} INFO - Starting attempt 1 of 1
[2025-05-09T19:08:28.504+0000] {taskinstance.py:1380} INFO - Executing <Task(BashOperator): run_producer> on 2025-05-09 19:08:26.179175+00:00
[2025-05-09T19:08:28.511+0000] {standard_task_runner.py:57} INFO - Started process 5150 to run task
[2025-05-09T19:08:28.515+0000] {standard_task_runner.py:84} INFO - Running: ['***', 'tasks', 'run', 'gold_news_pipeline', 'run_producer', 'manual__2025-05-09T19:08:26.179175+00:00', '--job-id', '60', '--raw', '--subdir', 'DAGS_FOLDER/dag_streaming.py', '--cfg-path', '/tmp/tmpfnueqs63']
[2025-05-09T19:08:28.519+0000] {standard_task_runner.py:85} INFO - Job 60: Subtask run_producer
[2025-05-09T19:08:28.593+0000] {task_command.py:415} INFO - Running <TaskInstance: gold_news_pipeline.run_producer manual__2025-05-09T19:08:26.179175+00:00 [running]> on host 666ef047fba4
[2025-05-09T19:08:28.741+0000] {taskinstance.py:1660} INFO - Exporting env vars: AIRFLOW_CTX_DAG_OWNER='***' AIRFLOW_CTX_DAG_ID='gold_news_pipeline' AIRFLOW_CTX_TASK_ID='run_producer' AIRFLOW_CTX_EXECUTION_DATE='2025-05-09T19:08:26.179175+00:00' AIRFLOW_CTX_TRY_NUMBER='1' AIRFLOW_CTX_DAG_RUN_ID='manual__2025-05-09T19:08:26.179175+00:00'
[2025-05-09T19:08:28.744+0000] {subprocess.py:63} INFO - Tmp dir root location: /tmp
[2025-05-09T19:08:28.746+0000] {subprocess.py:75} INFO - Running command: ['/bin/bash', '-c', 'docker exec gold_price_project-kafka-1 python3 /scripts/news_producer.py']
[2025-05-09T19:08:28.759+0000] {subprocess.py:86} INFO - Output:
[2025-05-09T19:08:29.619+0000] {subprocess.py:93} INFO - Starting news ingestion for gold market...
[2025-05-09T19:08:29.620+0000] {subprocess.py:93} INFO - Searching for keywords: gold price OR XAUUSD OR gold market OR Federal Reserve OR interest rates OR tariffs OR geopolitical tensions OR inflation OR US dollar OR safe-haven assets
[2025-05-09T19:08:29.621+0000] {subprocess.py:93} INFO - 
[2025-05-09T19:08:29.622+0000] {subprocess.py:93} INFO - Fetched 10 articles at 2025-05-09 19:08:29
[2025-05-09T19:08:29.623+0000] {subprocess.py:93} INFO - Sent to Kafka: How Is AI Redefining Content in the Attention Econ...
[2025-05-09T19:08:29.624+0000] {subprocess.py:93} INFO - Sent to Kafka: Latin Metals Appoints Eduardo Leon as Vice Preside...
[2025-05-09T19:08:29.624+0000] {subprocess.py:93} INFO - Sent to Kafka: The LockBit ransomware site was breached, database...
[2025-05-09T19:08:29.624+0000] {subprocess.py:93} INFO - Sent to Kafka: Trump Says Fed Chair 'Is Not in Love With Me' as C...
[2025-05-09T19:08:29.625+0000] {subprocess.py:93} INFO - Sent to Kafka: Is US President Trump A Bitcoin Whale? Son Eric Sa...
[2025-05-09T19:08:29.625+0000] {subprocess.py:93} INFO - Sent to Kafka: RFK Jr.’s Former Running Mate Shanahan Says He ‘Li...
[2025-05-09T19:08:29.626+0000] {subprocess.py:93} INFO - Sent to Kafka: McEwen Mining: Q1 2025 Results...
[2025-05-09T19:08:29.626+0000] {subprocess.py:93} INFO - Sent to Kafka: IIFL Finance Q4 Results: Profit falls 42% to Rs 25...
[2025-05-09T19:08:29.627+0000] {subprocess.py:93} INFO - Sent to Kafka: Gold ETFs Record Strongest Inflows Since 2022, Say...
[2025-05-09T19:08:29.627+0000] {subprocess.py:93} INFO - Sent to Kafka: (PR) Lenovo Unveils the New Legion 9i (18", 10) Ga...
[2025-05-09T19:08:29.627+0000] {subprocess.py:93} INFO - 
[2025-05-09T19:08:29.628+0000] {subprocess.py:93} INFO - Waiting for next poll...
[2025-05-09T19:08:29.667+0000] {subprocess.py:97} INFO - Command exited with return code 0
[2025-05-09T19:08:29.703+0000] {taskinstance.py:1398} INFO - Marking task as SUCCESS. dag_id=gold_news_pipeline, task_id=run_producer, execution_date=20250509T190826, start_date=20250509T190828, end_date=20250509T190829
[2025-05-09T19:08:29.771+0000] {local_task_job_runner.py:228} INFO - Task exited with return code 0
[2025-05-09T19:08:29.814+0000] {taskinstance.py:2776} INFO - 1 downstream tasks scheduled from follow-on schedule check
