[2025-05-20T21:06:08.781+0000] {taskinstance.py:1157} INFO - Dependencies all met for dep_context=non-requeueable deps ti=<TaskInstance: gold_model_finetuning_bash_container.execute_fine_tune_in_container manual__2025-05-20T21:05:59.450779+00:00 [queued]>
[2025-05-20T21:06:08.796+0000] {taskinstance.py:1157} INFO - Dependencies all met for dep_context=requeueable deps ti=<TaskInstance: gold_model_finetuning_bash_container.execute_fine_tune_in_container manual__2025-05-20T21:05:59.450779+00:00 [queued]>
[2025-05-20T21:06:08.798+0000] {taskinstance.py:1359} INFO - Starting attempt 1 of 1
[2025-05-20T21:06:08.827+0000] {taskinstance.py:1380} INFO - Executing <Task(BashOperator): execute_fine_tune_in_container> on 2025-05-20 21:05:59.450779+00:00
[2025-05-20T21:06:08.842+0000] {standard_task_runner.py:57} INFO - Started process 679 to run task
[2025-05-20T21:06:08.846+0000] {standard_task_runner.py:84} INFO - Running: ['***', 'tasks', 'run', 'gold_model_finetuning_bash_container', 'execute_fine_tune_in_container', 'manual__2025-05-20T21:05:59.450779+00:00', '--job-id', '77', '--raw', '--subdir', 'DAGS_FOLDER/re_train.py', '--cfg-path', '/tmp/tmpcsi4o83g']
[2025-05-20T21:06:08.854+0000] {standard_task_runner.py:85} INFO - Job 77: Subtask execute_fine_tune_in_container
[2025-05-20T21:06:08.941+0000] {task_command.py:415} INFO - Running <TaskInstance: gold_model_finetuning_bash_container.execute_fine_tune_in_container manual__2025-05-20T21:05:59.450779+00:00 [running]> on host 5c83fc39f5d9
[2025-05-20T21:06:09.121+0000] {taskinstance.py:1660} INFO - Exporting env vars: AIRFLOW_CTX_DAG_OWNER='***' AIRFLOW_CTX_DAG_ID='gold_model_finetuning_bash_container' AIRFLOW_CTX_TASK_ID='execute_fine_tune_in_container' AIRFLOW_CTX_EXECUTION_DATE='2025-05-20T21:05:59.450779+00:00' AIRFLOW_CTX_TRY_NUMBER='1' AIRFLOW_CTX_DAG_RUN_ID='manual__2025-05-20T21:05:59.450779+00:00'
[2025-05-20T21:06:09.123+0000] {subprocess.py:63} INFO - Tmp dir root location: /tmp
[2025-05-20T21:06:09.125+0000] {subprocess.py:75} INFO - Running command: ['/bin/bash', '-c', 'docker exec mlflow-container python3 /app/fine_tune_model.py --year 2025 --month 5 --run_id 177e4cc048674ce3bc1cd827d23d4f3d']
[2025-05-20T21:06:09.141+0000] {subprocess.py:86} INFO - Output:
[2025-05-20T21:06:13.489+0000] {subprocess.py:93} INFO - 2025-05-20 21:06:13,487 - INFO - Utilisation du mois spécifié pour le fine-tuning : 2025-05
[2025-05-20T21:06:13.490+0000] {subprocess.py:93} INFO - 2025-05-20 21:06:13,488 - INFO - Instantiated <InsecureClient(url='http://namenode:9870')>.
[2025-05-20T21:06:13.491+0000] {subprocess.py:93} INFO - 2025-05-20 21:06:13,489 - INFO - Connexion à HDFS réussie
[2025-05-20T21:06:13.498+0000] {subprocess.py:93} INFO - 2025-05-20 21:06:13,493 - INFO - Walking '/gold_price/aggregates/year=2025/month=5' (depth 0).
[2025-05-20T21:06:13.500+0000] {subprocess.py:93} INFO - 2025-05-20 21:06:13,494 - INFO - Fetching status for '/gold_price/aggregates/year=2025/month=5'.
[2025-05-20T21:06:13.593+0000] {subprocess.py:93} INFO - 2025-05-20 21:06:13,591 - INFO - Listing '/gold_price/aggregates/year=2025/month=5'.
[2025-05-20T21:06:13.612+0000] {subprocess.py:93} INFO - 2025-05-20 21:06:13,610 - INFO - Listing '/gold_price/aggregates/year=2025/month=5/day=19'.
[2025-05-20T21:06:13.645+0000] {subprocess.py:93} INFO - 2025-05-20 21:06:13,643 - INFO - Téléchargement de /gold_price/aggregates/year=2025/month=5/day=19/part-00000-7233b45a-f771-4fa6-ba0b-29d0487d32bf.c000.snappy.parquet vers /app/temp_month_data/part-00000-7233b45a-f771-4fa6-ba0b-29d0487d32bf.c000.snappy.parquet
[2025-05-20T21:06:13.647+0000] {subprocess.py:93} INFO - 2025-05-20 21:06:13,643 - INFO - Reading file '/gold_price/aggregates/year=2025/month=5/day=19/part-00000-7233b45a-f771-4fa6-ba0b-29d0487d32bf.c000.snappy.parquet'.
[2025-05-20T21:06:14.874+0000] {subprocess.py:93} INFO - 2025-05-20 21:06:14,872 - INFO - Téléchargement de /gold_price/aggregates/year=2025/month=5/day=19/part-00000-7344ee69-580c-4207-ba94-d88d46337d4a.c000.snappy.parquet vers /app/temp_month_data/part-00000-7344ee69-580c-4207-ba94-d88d46337d4a.c000.snappy.parquet
[2025-05-20T21:06:14.877+0000] {subprocess.py:93} INFO - 2025-05-20 21:06:14,872 - INFO - Reading file '/gold_price/aggregates/year=2025/month=5/day=19/part-00000-7344ee69-580c-4207-ba94-d88d46337d4a.c000.snappy.parquet'.
[2025-05-20T21:06:14.936+0000] {subprocess.py:93} INFO - 2025-05-20 21:06:14,927 - INFO - Téléchargement de /gold_price/aggregates/year=2025/month=5/day=19/part-00000-af46b234-0b9d-4b14-8034-fc147c5e106c.c000.snappy.parquet vers /app/temp_month_data/part-00000-af46b234-0b9d-4b14-8034-fc147c5e106c.c000.snappy.parquet
[2025-05-20T21:06:14.937+0000] {subprocess.py:93} INFO - 2025-05-20 21:06:14,928 - INFO - Reading file '/gold_price/aggregates/year=2025/month=5/day=19/part-00000-af46b234-0b9d-4b14-8034-fc147c5e106c.c000.snappy.parquet'.
[2025-05-20T21:06:14.975+0000] {subprocess.py:93} INFO - 2025-05-20 21:06:14,973 - INFO - Téléchargement de /gold_price/aggregates/year=2025/month=5/day=19/part-00000-daaaaa63-8335-4b1c-ade8-dfb3c7483cc3.c000.snappy.parquet vers /app/temp_month_data/part-00000-daaaaa63-8335-4b1c-ade8-dfb3c7483cc3.c000.snappy.parquet
[2025-05-20T21:06:14.978+0000] {subprocess.py:93} INFO - 2025-05-20 21:06:14,973 - INFO - Reading file '/gold_price/aggregates/year=2025/month=5/day=19/part-00000-daaaaa63-8335-4b1c-ade8-dfb3c7483cc3.c000.snappy.parquet'.
[2025-05-20T21:06:15.022+0000] {subprocess.py:93} INFO - 2025-05-20 21:06:15,019 - INFO - Listing '/gold_price/aggregates/year=2025/month=5/day=20'.
[2025-05-20T21:06:15.053+0000] {subprocess.py:93} INFO - 2025-05-20 21:06:15,050 - INFO - Téléchargement de /gold_price/aggregates/year=2025/month=5/day=20/part-00000-00fc7cff-2ce7-4e83-ad9a-492f561249e6.c000.snappy.parquet vers /app/temp_month_data/part-00000-00fc7cff-2ce7-4e83-ad9a-492f561249e6.c000.snappy.parquet
[2025-05-20T21:06:15.054+0000] {subprocess.py:93} INFO - 2025-05-20 21:06:15,050 - INFO - Reading file '/gold_price/aggregates/year=2025/month=5/day=20/part-00000-00fc7cff-2ce7-4e83-ad9a-492f561249e6.c000.snappy.parquet'.
[2025-05-20T21:06:15.084+0000] {subprocess.py:93} INFO - 2025-05-20 21:06:15,081 - INFO - Téléchargement de /gold_price/aggregates/year=2025/month=5/day=20/part-00000-054a50e7-41b9-4675-9c20-f7aebe0817f9.c000.snappy.parquet vers /app/temp_month_data/part-00000-054a50e7-41b9-4675-9c20-f7aebe0817f9.c000.snappy.parquet
[2025-05-20T21:06:15.085+0000] {subprocess.py:93} INFO - 2025-05-20 21:06:15,081 - INFO - Reading file '/gold_price/aggregates/year=2025/month=5/day=20/part-00000-054a50e7-41b9-4675-9c20-f7aebe0817f9.c000.snappy.parquet'.
[2025-05-20T21:06:15.114+0000] {subprocess.py:93} INFO - 2025-05-20 21:06:15,110 - INFO - Téléchargement de /gold_price/aggregates/year=2025/month=5/day=20/part-00000-05a3e3d0-acb9-4a7a-b444-6f8473b42a83.c000.snappy.parquet vers /app/temp_month_data/part-00000-05a3e3d0-acb9-4a7a-b444-6f8473b42a83.c000.snappy.parquet
[2025-05-20T21:06:15.116+0000] {subprocess.py:93} INFO - 2025-05-20 21:06:15,110 - INFO - Reading file '/gold_price/aggregates/year=2025/month=5/day=20/part-00000-05a3e3d0-acb9-4a7a-b444-6f8473b42a83.c000.snappy.parquet'.
[2025-05-20T21:06:15.149+0000] {subprocess.py:93} INFO - 2025-05-20 21:06:15,144 - INFO - Téléchargement de /gold_price/aggregates/year=2025/month=5/day=20/part-00000-08d703d7-c799-49fe-a086-f75561b038bf.c000.snappy.parquet vers /app/temp_month_data/part-00000-08d703d7-c799-49fe-a086-f75561b038bf.c000.snappy.parquet
[2025-05-20T21:06:15.151+0000] {subprocess.py:93} INFO - 2025-05-20 21:06:15,144 - INFO - Reading file '/gold_price/aggregates/year=2025/month=5/day=20/part-00000-08d703d7-c799-49fe-a086-f75561b038bf.c000.snappy.parquet'.
[2025-05-20T21:06:15.191+0000] {subprocess.py:93} INFO - 2025-05-20 21:06:15,189 - INFO - Téléchargement de /gold_price/aggregates/year=2025/month=5/day=20/part-00000-0c94b998-7e71-439f-9195-88d29f7e23de.c000.snappy.parquet vers /app/temp_month_data/part-00000-0c94b998-7e71-439f-9195-88d29f7e23de.c000.snappy.parquet
[2025-05-20T21:06:15.193+0000] {subprocess.py:93} INFO - 2025-05-20 21:06:15,189 - INFO - Reading file '/gold_price/aggregates/year=2025/month=5/day=20/part-00000-0c94b998-7e71-439f-9195-88d29f7e23de.c000.snappy.parquet'.
[2025-05-20T21:06:15.234+0000] {subprocess.py:93} INFO - 2025-05-20 21:06:15,231 - INFO - Téléchargement de /gold_price/aggregates/year=2025/month=5/day=20/part-00000-0eb651cf-f7cd-4341-a9fd-87ac029349f3.c000.snappy.parquet vers /app/temp_month_data/part-00000-0eb651cf-f7cd-4341-a9fd-87ac029349f3.c000.snappy.parquet
[2025-05-20T21:06:15.236+0000] {subprocess.py:93} INFO - 2025-05-20 21:06:15,231 - INFO - Reading file '/gold_price/aggregates/year=2025/month=5/day=20/part-00000-0eb651cf-f7cd-4341-a9fd-87ac029349f3.c000.snappy.parquet'.
[2025-05-20T21:06:15.273+0000] {subprocess.py:93} INFO - 2025-05-20 21:06:15,271 - INFO - Téléchargement de /gold_price/aggregates/year=2025/month=5/day=20/part-00000-0fbd98bd-d28b-4cf6-9385-1a8b94ca8079.c000.snappy.parquet vers /app/temp_month_data/part-00000-0fbd98bd-d28b-4cf6-9385-1a8b94ca8079.c000.snappy.parquet
[2025-05-20T21:06:15.274+0000] {subprocess.py:93} INFO - 2025-05-20 21:06:15,271 - INFO - Reading file '/gold_price/aggregates/year=2025/month=5/day=20/part-00000-0fbd98bd-d28b-4cf6-9385-1a8b94ca8079.c000.snappy.parquet'.
[2025-05-20T21:06:15.315+0000] {subprocess.py:93} INFO - 2025-05-20 21:06:15,311 - INFO - Téléchargement de /gold_price/aggregates/year=2025/month=5/day=20/part-00000-19ff9577-2ab0-4d92-82c4-836bbe6b2f45.c000.snappy.parquet vers /app/temp_month_data/part-00000-19ff9577-2ab0-4d92-82c4-836bbe6b2f45.c000.snappy.parquet
[2025-05-20T21:06:15.316+0000] {subprocess.py:93} INFO - 2025-05-20 21:06:15,311 - INFO - Reading file '/gold_price/aggregates/year=2025/month=5/day=20/part-00000-19ff9577-2ab0-4d92-82c4-836bbe6b2f45.c000.snappy.parquet'.
[2025-05-20T21:06:15.357+0000] {subprocess.py:93} INFO - 2025-05-20 21:06:15,354 - INFO - Téléchargement de /gold_price/aggregates/year=2025/month=5/day=20/part-00000-1a8df165-6610-4aac-a0be-beaf4560006a.c000.snappy.parquet vers /app/temp_month_data/part-00000-1a8df165-6610-4aac-a0be-beaf4560006a.c000.snappy.parquet
[2025-05-20T21:06:15.358+0000] {subprocess.py:93} INFO - 2025-05-20 21:06:15,354 - INFO - Reading file '/gold_price/aggregates/year=2025/month=5/day=20/part-00000-1a8df165-6610-4aac-a0be-beaf4560006a.c000.snappy.parquet'.
[2025-05-20T21:06:15.410+0000] {subprocess.py:93} INFO - 2025-05-20 21:06:15,407 - INFO - Téléchargement de /gold_price/aggregates/year=2025/month=5/day=20/part-00000-1b81781b-94bc-4f35-88af-775c4a9e4292.c000.snappy.parquet vers /app/temp_month_data/part-00000-1b81781b-94bc-4f35-88af-775c4a9e4292.c000.snappy.parquet
[2025-05-20T21:06:15.412+0000] {subprocess.py:93} INFO - 2025-05-20 21:06:15,407 - INFO - Reading file '/gold_price/aggregates/year=2025/month=5/day=20/part-00000-1b81781b-94bc-4f35-88af-775c4a9e4292.c000.snappy.parquet'.
[2025-05-20T21:06:15.458+0000] {subprocess.py:93} INFO - 2025-05-20 21:06:15,455 - INFO - Téléchargement de /gold_price/aggregates/year=2025/month=5/day=20/part-00000-232bccac-9899-4ad2-bc35-0d615e0aaffd.c000.snappy.parquet vers /app/temp_month_data/part-00000-232bccac-9899-4ad2-bc35-0d615e0aaffd.c000.snappy.parquet
[2025-05-20T21:06:15.459+0000] {subprocess.py:93} INFO - 2025-05-20 21:06:15,456 - INFO - Reading file '/gold_price/aggregates/year=2025/month=5/day=20/part-00000-232bccac-9899-4ad2-bc35-0d615e0aaffd.c000.snappy.parquet'.
[2025-05-20T21:06:15.509+0000] {subprocess.py:93} INFO - 2025-05-20 21:06:15,506 - INFO - Téléchargement de /gold_price/aggregates/year=2025/month=5/day=20/part-00000-2848ff89-42c3-4aef-a1dd-92d5701dcdc4.c000.snappy.parquet vers /app/temp_month_data/part-00000-2848ff89-42c3-4aef-a1dd-92d5701dcdc4.c000.snappy.parquet
[2025-05-20T21:06:15.510+0000] {subprocess.py:93} INFO - 2025-05-20 21:06:15,507 - INFO - Reading file '/gold_price/aggregates/year=2025/month=5/day=20/part-00000-2848ff89-42c3-4aef-a1dd-92d5701dcdc4.c000.snappy.parquet'.
[2025-05-20T21:06:15.594+0000] {subprocess.py:93} INFO - 2025-05-20 21:06:15,593 - INFO - Téléchargement de /gold_price/aggregates/year=2025/month=5/day=20/part-00000-30454c62-6d40-4a23-99f3-96bb181a6d32.c000.snappy.parquet vers /app/temp_month_data/part-00000-30454c62-6d40-4a23-99f3-96bb181a6d32.c000.snappy.parquet
[2025-05-20T21:06:15.595+0000] {subprocess.py:93} INFO - 2025-05-20 21:06:15,593 - INFO - Reading file '/gold_price/aggregates/year=2025/month=5/day=20/part-00000-30454c62-6d40-4a23-99f3-96bb181a6d32.c000.snappy.parquet'.
[2025-05-20T21:06:15.662+0000] {subprocess.py:93} INFO - 2025-05-20 21:06:15,643 - INFO - Téléchargement de /gold_price/aggregates/year=2025/month=5/day=20/part-00000-30dee07d-6a97-45cd-9731-d6ea3d40b3cf.c000.snappy.parquet vers /app/temp_month_data/part-00000-30dee07d-6a97-45cd-9731-d6ea3d40b3cf.c000.snappy.parquet
[2025-05-20T21:06:15.665+0000] {subprocess.py:93} INFO - 2025-05-20 21:06:15,643 - INFO - Reading file '/gold_price/aggregates/year=2025/month=5/day=20/part-00000-30dee07d-6a97-45cd-9731-d6ea3d40b3cf.c000.snappy.parquet'.
[2025-05-20T21:06:15.707+0000] {subprocess.py:93} INFO - 2025-05-20 21:06:15,705 - INFO - Téléchargement de /gold_price/aggregates/year=2025/month=5/day=20/part-00000-3111d7cf-a551-4893-9aac-4a3e6e809c66.c000.snappy.parquet vers /app/temp_month_data/part-00000-3111d7cf-a551-4893-9aac-4a3e6e809c66.c000.snappy.parquet
[2025-05-20T21:06:15.708+0000] {subprocess.py:93} INFO - 2025-05-20 21:06:15,705 - INFO - Reading file '/gold_price/aggregates/year=2025/month=5/day=20/part-00000-3111d7cf-a551-4893-9aac-4a3e6e809c66.c000.snappy.parquet'.
[2025-05-20T21:06:15.749+0000] {subprocess.py:93} INFO - 2025-05-20 21:06:15,747 - INFO - Téléchargement de /gold_price/aggregates/year=2025/month=5/day=20/part-00000-3397e82c-03a9-418d-bc5d-7530ea630e1e.c000.snappy.parquet vers /app/temp_month_data/part-00000-3397e82c-03a9-418d-bc5d-7530ea630e1e.c000.snappy.parquet
[2025-05-20T21:06:15.751+0000] {subprocess.py:93} INFO - 2025-05-20 21:06:15,747 - INFO - Reading file '/gold_price/aggregates/year=2025/month=5/day=20/part-00000-3397e82c-03a9-418d-bc5d-7530ea630e1e.c000.snappy.parquet'.
[2025-05-20T21:06:15.798+0000] {subprocess.py:93} INFO - 2025-05-20 21:06:15,796 - INFO - Téléchargement de /gold_price/aggregates/year=2025/month=5/day=20/part-00000-359b8d05-c681-49dd-a588-0fcbe4457411.c000.snappy.parquet vers /app/temp_month_data/part-00000-359b8d05-c681-49dd-a588-0fcbe4457411.c000.snappy.parquet
[2025-05-20T21:06:15.799+0000] {subprocess.py:93} INFO - 2025-05-20 21:06:15,796 - INFO - Reading file '/gold_price/aggregates/year=2025/month=5/day=20/part-00000-359b8d05-c681-49dd-a588-0fcbe4457411.c000.snappy.parquet'.
[2025-05-20T21:06:15.845+0000] {subprocess.py:93} INFO - 2025-05-20 21:06:15,839 - INFO - Téléchargement de /gold_price/aggregates/year=2025/month=5/day=20/part-00000-370a9407-c0f1-48d5-9488-d3904de1b617.c000.snappy.parquet vers /app/temp_month_data/part-00000-370a9407-c0f1-48d5-9488-d3904de1b617.c000.snappy.parquet
[2025-05-20T21:06:15.846+0000] {subprocess.py:93} INFO - 2025-05-20 21:06:15,840 - INFO - Reading file '/gold_price/aggregates/year=2025/month=5/day=20/part-00000-370a9407-c0f1-48d5-9488-d3904de1b617.c000.snappy.parquet'.
[2025-05-20T21:06:15.878+0000] {subprocess.py:93} INFO - 2025-05-20 21:06:15,876 - INFO - Téléchargement de /gold_price/aggregates/year=2025/month=5/day=20/part-00000-3a073e2e-eb0c-4a03-99f7-f5bc661b0bbc.c000.snappy.parquet vers /app/temp_month_data/part-00000-3a073e2e-eb0c-4a03-99f7-f5bc661b0bbc.c000.snappy.parquet
[2025-05-20T21:06:15.882+0000] {subprocess.py:93} INFO - 2025-05-20 21:06:15,876 - INFO - Reading file '/gold_price/aggregates/year=2025/month=5/day=20/part-00000-3a073e2e-eb0c-4a03-99f7-f5bc661b0bbc.c000.snappy.parquet'.
[2025-05-20T21:06:15.925+0000] {subprocess.py:93} INFO - 2025-05-20 21:06:15,917 - INFO - Téléchargement de /gold_price/aggregates/year=2025/month=5/day=20/part-00000-3ec51940-8354-4800-b4ba-55466bf26702.c000.snappy.parquet vers /app/temp_month_data/part-00000-3ec51940-8354-4800-b4ba-55466bf26702.c000.snappy.parquet
[2025-05-20T21:06:15.929+0000] {subprocess.py:93} INFO - 2025-05-20 21:06:15,918 - INFO - Reading file '/gold_price/aggregates/year=2025/month=5/day=20/part-00000-3ec51940-8354-4800-b4ba-55466bf26702.c000.snappy.parquet'.
[2025-05-20T21:06:15.975+0000] {subprocess.py:93} INFO - 2025-05-20 21:06:15,966 - INFO - Téléchargement de /gold_price/aggregates/year=2025/month=5/day=20/part-00000-40a8a615-ef37-44f1-92e5-c46ab8b9db84.c000.snappy.parquet vers /app/temp_month_data/part-00000-40a8a615-ef37-44f1-92e5-c46ab8b9db84.c000.snappy.parquet
[2025-05-20T21:06:15.976+0000] {subprocess.py:93} INFO - 2025-05-20 21:06:15,966 - INFO - Reading file '/gold_price/aggregates/year=2025/month=5/day=20/part-00000-40a8a615-ef37-44f1-92e5-c46ab8b9db84.c000.snappy.parquet'.
[2025-05-20T21:06:16.054+0000] {subprocess.py:93} INFO - 2025-05-20 21:06:16,045 - INFO - Téléchargement de /gold_price/aggregates/year=2025/month=5/day=20/part-00000-4560068c-2d12-4ab9-a39f-3b6c3d7d7dff.c000.snappy.parquet vers /app/temp_month_data/part-00000-4560068c-2d12-4ab9-a39f-3b6c3d7d7dff.c000.snappy.parquet
[2025-05-20T21:06:16.062+0000] {subprocess.py:93} INFO - 2025-05-20 21:06:16,046 - INFO - Reading file '/gold_price/aggregates/year=2025/month=5/day=20/part-00000-4560068c-2d12-4ab9-a39f-3b6c3d7d7dff.c000.snappy.parquet'.
[2025-05-20T21:06:16.118+0000] {subprocess.py:93} INFO - 2025-05-20 21:06:16,104 - INFO - Téléchargement de /gold_price/aggregates/year=2025/month=5/day=20/part-00000-48356c07-3f29-4fac-a44c-207b648fb385.c000.snappy.parquet vers /app/temp_month_data/part-00000-48356c07-3f29-4fac-a44c-207b648fb385.c000.snappy.parquet
[2025-05-20T21:06:16.120+0000] {subprocess.py:93} INFO - 2025-05-20 21:06:16,109 - INFO - Reading file '/gold_price/aggregates/year=2025/month=5/day=20/part-00000-48356c07-3f29-4fac-a44c-207b648fb385.c000.snappy.parquet'.
[2025-05-20T21:06:16.199+0000] {subprocess.py:93} INFO - 2025-05-20 21:06:16,188 - INFO - Téléchargement de /gold_price/aggregates/year=2025/month=5/day=20/part-00000-489aea54-82e6-4dcb-b921-5f11131feb57.c000.snappy.parquet vers /app/temp_month_data/part-00000-489aea54-82e6-4dcb-b921-5f11131feb57.c000.snappy.parquet
[2025-05-20T21:06:16.200+0000] {subprocess.py:93} INFO - 2025-05-20 21:06:16,188 - INFO - Reading file '/gold_price/aggregates/year=2025/month=5/day=20/part-00000-489aea54-82e6-4dcb-b921-5f11131feb57.c000.snappy.parquet'.
[2025-05-20T21:06:16.269+0000] {subprocess.py:93} INFO - 2025-05-20 21:06:16,267 - INFO - Téléchargement de /gold_price/aggregates/year=2025/month=5/day=20/part-00000-4bf80aa9-f20d-4d7d-9337-d5b384386c02.c000.snappy.parquet vers /app/temp_month_data/part-00000-4bf80aa9-f20d-4d7d-9337-d5b384386c02.c000.snappy.parquet
[2025-05-20T21:06:16.271+0000] {subprocess.py:93} INFO - 2025-05-20 21:06:16,267 - INFO - Reading file '/gold_price/aggregates/year=2025/month=5/day=20/part-00000-4bf80aa9-f20d-4d7d-9337-d5b384386c02.c000.snappy.parquet'.
[2025-05-20T21:06:16.337+0000] {subprocess.py:93} INFO - 2025-05-20 21:06:16,322 - INFO - Téléchargement de /gold_price/aggregates/year=2025/month=5/day=20/part-00000-50973a59-244d-48a0-b62e-bd15997b31c9.c000.snappy.parquet vers /app/temp_month_data/part-00000-50973a59-244d-48a0-b62e-bd15997b31c9.c000.snappy.parquet
[2025-05-20T21:06:16.343+0000] {subprocess.py:93} INFO - 2025-05-20 21:06:16,322 - INFO - Reading file '/gold_price/aggregates/year=2025/month=5/day=20/part-00000-50973a59-244d-48a0-b62e-bd15997b31c9.c000.snappy.parquet'.
[2025-05-20T21:06:16.395+0000] {subprocess.py:93} INFO - 2025-05-20 21:06:16,390 - INFO - Téléchargement de /gold_price/aggregates/year=2025/month=5/day=20/part-00000-53e28f23-aaf9-4ecb-9f91-014d26c53f9b.c000.snappy.parquet vers /app/temp_month_data/part-00000-53e28f23-aaf9-4ecb-9f91-014d26c53f9b.c000.snappy.parquet
[2025-05-20T21:06:16.396+0000] {subprocess.py:93} INFO - 2025-05-20 21:06:16,391 - INFO - Reading file '/gold_price/aggregates/year=2025/month=5/day=20/part-00000-53e28f23-aaf9-4ecb-9f91-014d26c53f9b.c000.snappy.parquet'.
[2025-05-20T21:06:16.447+0000] {subprocess.py:93} INFO - 2025-05-20 21:06:16,438 - INFO - Téléchargement de /gold_price/aggregates/year=2025/month=5/day=20/part-00000-53fcec49-c213-4073-84bb-5f82d58524f3.c000.snappy.parquet vers /app/temp_month_data/part-00000-53fcec49-c213-4073-84bb-5f82d58524f3.c000.snappy.parquet
[2025-05-20T21:06:16.449+0000] {subprocess.py:93} INFO - 2025-05-20 21:06:16,438 - INFO - Reading file '/gold_price/aggregates/year=2025/month=5/day=20/part-00000-53fcec49-c213-4073-84bb-5f82d58524f3.c000.snappy.parquet'.
[2025-05-20T21:06:16.508+0000] {subprocess.py:93} INFO - 2025-05-20 21:06:16,500 - INFO - Téléchargement de /gold_price/aggregates/year=2025/month=5/day=20/part-00000-540e33dc-27e0-445a-be47-5866d30c2485.c000.snappy.parquet vers /app/temp_month_data/part-00000-540e33dc-27e0-445a-be47-5866d30c2485.c000.snappy.parquet
[2025-05-20T21:06:16.513+0000] {subprocess.py:93} INFO - 2025-05-20 21:06:16,501 - INFO - Reading file '/gold_price/aggregates/year=2025/month=5/day=20/part-00000-540e33dc-27e0-445a-be47-5866d30c2485.c000.snappy.parquet'.
[2025-05-20T21:06:16.543+0000] {subprocess.py:93} INFO - 2025-05-20 21:06:16,541 - INFO - Téléchargement de /gold_price/aggregates/year=2025/month=5/day=20/part-00000-5615ad19-f8d5-47ed-8f87-afda31328c5c.c000.snappy.parquet vers /app/temp_month_data/part-00000-5615ad19-f8d5-47ed-8f87-afda31328c5c.c000.snappy.parquet
[2025-05-20T21:06:16.548+0000] {subprocess.py:93} INFO - 2025-05-20 21:06:16,541 - INFO - Reading file '/gold_price/aggregates/year=2025/month=5/day=20/part-00000-5615ad19-f8d5-47ed-8f87-afda31328c5c.c000.snappy.parquet'.
[2025-05-20T21:06:16.583+0000] {subprocess.py:93} INFO - 2025-05-20 21:06:16,581 - INFO - Téléchargement de /gold_price/aggregates/year=2025/month=5/day=20/part-00000-57092bdd-038a-4634-a97f-265d59e86b60.c000.snappy.parquet vers /app/temp_month_data/part-00000-57092bdd-038a-4634-a97f-265d59e86b60.c000.snappy.parquet
[2025-05-20T21:06:16.584+0000] {subprocess.py:93} INFO - 2025-05-20 21:06:16,582 - INFO - Reading file '/gold_price/aggregates/year=2025/month=5/day=20/part-00000-57092bdd-038a-4634-a97f-265d59e86b60.c000.snappy.parquet'.
[2025-05-20T21:06:16.626+0000] {subprocess.py:93} INFO - 2025-05-20 21:06:16,624 - INFO - Téléchargement de /gold_price/aggregates/year=2025/month=5/day=20/part-00000-57701176-bd96-49d0-b68e-e23c7f47a093.c000.snappy.parquet vers /app/temp_month_data/part-00000-57701176-bd96-49d0-b68e-e23c7f47a093.c000.snappy.parquet
[2025-05-20T21:06:16.633+0000] {subprocess.py:93} INFO - 2025-05-20 21:06:16,625 - INFO - Reading file '/gold_price/aggregates/year=2025/month=5/day=20/part-00000-57701176-bd96-49d0-b68e-e23c7f47a093.c000.snappy.parquet'.
[2025-05-20T21:06:16.703+0000] {subprocess.py:93} INFO - 2025-05-20 21:06:16,692 - INFO - Téléchargement de /gold_price/aggregates/year=2025/month=5/day=20/part-00000-59e8edcf-092c-4cbb-8d9b-a231ea20d8f5.c000.snappy.parquet vers /app/temp_month_data/part-00000-59e8edcf-092c-4cbb-8d9b-a231ea20d8f5.c000.snappy.parquet
[2025-05-20T21:06:16.710+0000] {subprocess.py:93} INFO - 2025-05-20 21:06:16,693 - INFO - Reading file '/gold_price/aggregates/year=2025/month=5/day=20/part-00000-59e8edcf-092c-4cbb-8d9b-a231ea20d8f5.c000.snappy.parquet'.
[2025-05-20T21:06:16.758+0000] {subprocess.py:93} INFO - 2025-05-20 21:06:16,752 - INFO - Téléchargement de /gold_price/aggregates/year=2025/month=5/day=20/part-00000-5da2c983-168b-471d-917e-6f6208257995.c000.snappy.parquet vers /app/temp_month_data/part-00000-5da2c983-168b-471d-917e-6f6208257995.c000.snappy.parquet
[2025-05-20T21:06:16.759+0000] {subprocess.py:93} INFO - 2025-05-20 21:06:16,753 - INFO - Reading file '/gold_price/aggregates/year=2025/month=5/day=20/part-00000-5da2c983-168b-471d-917e-6f6208257995.c000.snappy.parquet'.
[2025-05-20T21:06:16.808+0000] {subprocess.py:93} INFO - 2025-05-20 21:06:16,804 - INFO - Téléchargement de /gold_price/aggregates/year=2025/month=5/day=20/part-00000-5e2b5636-93e2-4a0d-ac68-4176deee056f.c000.snappy.parquet vers /app/temp_month_data/part-00000-5e2b5636-93e2-4a0d-ac68-4176deee056f.c000.snappy.parquet
[2025-05-20T21:06:16.817+0000] {subprocess.py:93} INFO - 2025-05-20 21:06:16,805 - INFO - Reading file '/gold_price/aggregates/year=2025/month=5/day=20/part-00000-5e2b5636-93e2-4a0d-ac68-4176deee056f.c000.snappy.parquet'.
[2025-05-20T21:06:16.852+0000] {subprocess.py:93} INFO - 2025-05-20 21:06:16,844 - INFO - Téléchargement de /gold_price/aggregates/year=2025/month=5/day=20/part-00000-5f8b3c70-72e3-48d2-b514-67b9b85c27d8.c000.snappy.parquet vers /app/temp_month_data/part-00000-5f8b3c70-72e3-48d2-b514-67b9b85c27d8.c000.snappy.parquet
[2025-05-20T21:06:16.853+0000] {subprocess.py:93} INFO - 2025-05-20 21:06:16,844 - INFO - Reading file '/gold_price/aggregates/year=2025/month=5/day=20/part-00000-5f8b3c70-72e3-48d2-b514-67b9b85c27d8.c000.snappy.parquet'.
[2025-05-20T21:06:16.890+0000] {subprocess.py:93} INFO - 2025-05-20 21:06:16,888 - INFO - Téléchargement de /gold_price/aggregates/year=2025/month=5/day=20/part-00000-65f63177-ee41-4e10-95c6-3b72caa4a926.c000.snappy.parquet vers /app/temp_month_data/part-00000-65f63177-ee41-4e10-95c6-3b72caa4a926.c000.snappy.parquet
[2025-05-20T21:06:16.891+0000] {subprocess.py:93} INFO - 2025-05-20 21:06:16,888 - INFO - Reading file '/gold_price/aggregates/year=2025/month=5/day=20/part-00000-65f63177-ee41-4e10-95c6-3b72caa4a926.c000.snappy.parquet'.
[2025-05-20T21:06:16.938+0000] {subprocess.py:93} INFO - 2025-05-20 21:06:16,933 - INFO - Téléchargement de /gold_price/aggregates/year=2025/month=5/day=20/part-00000-665e019b-9b50-4591-8615-9e7e45efa1cd.c000.snappy.parquet vers /app/temp_month_data/part-00000-665e019b-9b50-4591-8615-9e7e45efa1cd.c000.snappy.parquet
[2025-05-20T21:06:16.939+0000] {subprocess.py:93} INFO - 2025-05-20 21:06:16,933 - INFO - Reading file '/gold_price/aggregates/year=2025/month=5/day=20/part-00000-665e019b-9b50-4591-8615-9e7e45efa1cd.c000.snappy.parquet'.
[2025-05-20T21:06:16.987+0000] {subprocess.py:93} INFO - 2025-05-20 21:06:16,983 - INFO - Téléchargement de /gold_price/aggregates/year=2025/month=5/day=20/part-00000-66ac463a-f877-43aa-9f3e-361add773121.c000.snappy.parquet vers /app/temp_month_data/part-00000-66ac463a-f877-43aa-9f3e-361add773121.c000.snappy.parquet
[2025-05-20T21:06:16.988+0000] {subprocess.py:93} INFO - 2025-05-20 21:06:16,984 - INFO - Reading file '/gold_price/aggregates/year=2025/month=5/day=20/part-00000-66ac463a-f877-43aa-9f3e-361add773121.c000.snappy.parquet'.
[2025-05-20T21:06:17.025+0000] {subprocess.py:93} INFO - 2025-05-20 21:06:17,022 - INFO - Téléchargement de /gold_price/aggregates/year=2025/month=5/day=20/part-00000-6839d727-09b9-436d-8e8c-0cc1101aa08f.c000.snappy.parquet vers /app/temp_month_data/part-00000-6839d727-09b9-436d-8e8c-0cc1101aa08f.c000.snappy.parquet
[2025-05-20T21:06:17.026+0000] {subprocess.py:93} INFO - 2025-05-20 21:06:17,022 - INFO - Reading file '/gold_price/aggregates/year=2025/month=5/day=20/part-00000-6839d727-09b9-436d-8e8c-0cc1101aa08f.c000.snappy.parquet'.
[2025-05-20T21:06:17.078+0000] {subprocess.py:93} INFO - 2025-05-20 21:06:17,074 - INFO - Téléchargement de /gold_price/aggregates/year=2025/month=5/day=20/part-00000-6901ae1f-5a87-45b9-976e-5025305f711c.c000.snappy.parquet vers /app/temp_month_data/part-00000-6901ae1f-5a87-45b9-976e-5025305f711c.c000.snappy.parquet
[2025-05-20T21:06:17.080+0000] {subprocess.py:93} INFO - 2025-05-20 21:06:17,075 - INFO - Reading file '/gold_price/aggregates/year=2025/month=5/day=20/part-00000-6901ae1f-5a87-45b9-976e-5025305f711c.c000.snappy.parquet'.
[2025-05-20T21:06:17.121+0000] {subprocess.py:93} INFO - 2025-05-20 21:06:17,115 - INFO - Téléchargement de /gold_price/aggregates/year=2025/month=5/day=20/part-00000-691124bb-4c54-4feb-ac00-5ff5651f5710.c000.snappy.parquet vers /app/temp_month_data/part-00000-691124bb-4c54-4feb-ac00-5ff5651f5710.c000.snappy.parquet
[2025-05-20T21:06:17.123+0000] {subprocess.py:93} INFO - 2025-05-20 21:06:17,116 - INFO - Reading file '/gold_price/aggregates/year=2025/month=5/day=20/part-00000-691124bb-4c54-4feb-ac00-5ff5651f5710.c000.snappy.parquet'.
[2025-05-20T21:06:17.155+0000] {subprocess.py:93} INFO - 2025-05-20 21:06:17,149 - INFO - Téléchargement de /gold_price/aggregates/year=2025/month=5/day=20/part-00000-691dc5bf-be53-4b7a-82e6-a03fc9fb26f3.c000.snappy.parquet vers /app/temp_month_data/part-00000-691dc5bf-be53-4b7a-82e6-a03fc9fb26f3.c000.snappy.parquet
[2025-05-20T21:06:17.157+0000] {subprocess.py:93} INFO - 2025-05-20 21:06:17,149 - INFO - Reading file '/gold_price/aggregates/year=2025/month=5/day=20/part-00000-691dc5bf-be53-4b7a-82e6-a03fc9fb26f3.c000.snappy.parquet'.
[2025-05-20T21:06:17.189+0000] {subprocess.py:93} INFO - 2025-05-20 21:06:17,183 - INFO - Téléchargement de /gold_price/aggregates/year=2025/month=5/day=20/part-00000-69c2c7da-f27f-48cd-b4d3-22c543d75bc5.c000.snappy.parquet vers /app/temp_month_data/part-00000-69c2c7da-f27f-48cd-b4d3-22c543d75bc5.c000.snappy.parquet
[2025-05-20T21:06:17.190+0000] {subprocess.py:93} INFO - 2025-05-20 21:06:17,185 - INFO - Reading file '/gold_price/aggregates/year=2025/month=5/day=20/part-00000-69c2c7da-f27f-48cd-b4d3-22c543d75bc5.c000.snappy.parquet'.
[2025-05-20T21:06:17.221+0000] {subprocess.py:93} INFO - 2025-05-20 21:06:17,216 - INFO - Téléchargement de /gold_price/aggregates/year=2025/month=5/day=20/part-00000-6b39b87a-62e4-4082-b244-7d97a98a92c1.c000.snappy.parquet vers /app/temp_month_data/part-00000-6b39b87a-62e4-4082-b244-7d97a98a92c1.c000.snappy.parquet
[2025-05-20T21:06:17.223+0000] {subprocess.py:93} INFO - 2025-05-20 21:06:17,217 - INFO - Reading file '/gold_price/aggregates/year=2025/month=5/day=20/part-00000-6b39b87a-62e4-4082-b244-7d97a98a92c1.c000.snappy.parquet'.
[2025-05-20T21:06:17.248+0000] {subprocess.py:93} INFO - 2025-05-20 21:06:17,246 - INFO - Téléchargement de /gold_price/aggregates/year=2025/month=5/day=20/part-00000-6d972c74-d9b1-4235-bd00-3929f42d6d21.c000.snappy.parquet vers /app/temp_month_data/part-00000-6d972c74-d9b1-4235-bd00-3929f42d6d21.c000.snappy.parquet
[2025-05-20T21:06:17.249+0000] {subprocess.py:93} INFO - 2025-05-20 21:06:17,246 - INFO - Reading file '/gold_price/aggregates/year=2025/month=5/day=20/part-00000-6d972c74-d9b1-4235-bd00-3929f42d6d21.c000.snappy.parquet'.
[2025-05-20T21:06:17.275+0000] {subprocess.py:93} INFO - 2025-05-20 21:06:17,273 - INFO - Téléchargement de /gold_price/aggregates/year=2025/month=5/day=20/part-00000-6e2e718f-64ff-4584-98f7-ef6c0c3e72c2.c000.snappy.parquet vers /app/temp_month_data/part-00000-6e2e718f-64ff-4584-98f7-ef6c0c3e72c2.c000.snappy.parquet
[2025-05-20T21:06:17.276+0000] {subprocess.py:93} INFO - 2025-05-20 21:06:17,273 - INFO - Reading file '/gold_price/aggregates/year=2025/month=5/day=20/part-00000-6e2e718f-64ff-4584-98f7-ef6c0c3e72c2.c000.snappy.parquet'.
[2025-05-20T21:06:17.304+0000] {subprocess.py:93} INFO - 2025-05-20 21:06:17,300 - INFO - Téléchargement de /gold_price/aggregates/year=2025/month=5/day=20/part-00000-70a90f40-bbb8-49e9-ad78-b61e97d0d718.c000.snappy.parquet vers /app/temp_month_data/part-00000-70a90f40-bbb8-49e9-ad78-b61e97d0d718.c000.snappy.parquet
[2025-05-20T21:06:17.307+0000] {subprocess.py:93} INFO - 2025-05-20 21:06:17,301 - INFO - Reading file '/gold_price/aggregates/year=2025/month=5/day=20/part-00000-70a90f40-bbb8-49e9-ad78-b61e97d0d718.c000.snappy.parquet'.
[2025-05-20T21:06:17.332+0000] {subprocess.py:93} INFO - 2025-05-20 21:06:17,329 - INFO - Téléchargement de /gold_price/aggregates/year=2025/month=5/day=20/part-00000-716588f1-b438-4571-ba27-56389082ef11.c000.snappy.parquet vers /app/temp_month_data/part-00000-716588f1-b438-4571-ba27-56389082ef11.c000.snappy.parquet
[2025-05-20T21:06:17.333+0000] {subprocess.py:93} INFO - 2025-05-20 21:06:17,330 - INFO - Reading file '/gold_price/aggregates/year=2025/month=5/day=20/part-00000-716588f1-b438-4571-ba27-56389082ef11.c000.snappy.parquet'.
[2025-05-20T21:06:17.361+0000] {subprocess.py:93} INFO - 2025-05-20 21:06:17,359 - INFO - Téléchargement de /gold_price/aggregates/year=2025/month=5/day=20/part-00000-74be36aa-f52c-4ef8-a363-1ab653c063bc.c000.snappy.parquet vers /app/temp_month_data/part-00000-74be36aa-f52c-4ef8-a363-1ab653c063bc.c000.snappy.parquet
[2025-05-20T21:06:17.362+0000] {subprocess.py:93} INFO - 2025-05-20 21:06:17,359 - INFO - Reading file '/gold_price/aggregates/year=2025/month=5/day=20/part-00000-74be36aa-f52c-4ef8-a363-1ab653c063bc.c000.snappy.parquet'.
[2025-05-20T21:06:17.395+0000] {subprocess.py:93} INFO - 2025-05-20 21:06:17,393 - INFO - Téléchargement de /gold_price/aggregates/year=2025/month=5/day=20/part-00000-7593ec41-e14f-4b1b-a510-148ed20434b4.c000.snappy.parquet vers /app/temp_month_data/part-00000-7593ec41-e14f-4b1b-a510-148ed20434b4.c000.snappy.parquet
[2025-05-20T21:06:17.396+0000] {subprocess.py:93} INFO - 2025-05-20 21:06:17,393 - INFO - Reading file '/gold_price/aggregates/year=2025/month=5/day=20/part-00000-7593ec41-e14f-4b1b-a510-148ed20434b4.c000.snappy.parquet'.
[2025-05-20T21:06:17.426+0000] {subprocess.py:93} INFO - 2025-05-20 21:06:17,424 - INFO - Téléchargement de /gold_price/aggregates/year=2025/month=5/day=20/part-00000-781c218f-b074-4f61-8f8e-4228a56080a8.c000.snappy.parquet vers /app/temp_month_data/part-00000-781c218f-b074-4f61-8f8e-4228a56080a8.c000.snappy.parquet
[2025-05-20T21:06:17.428+0000] {subprocess.py:93} INFO - 2025-05-20 21:06:17,425 - INFO - Reading file '/gold_price/aggregates/year=2025/month=5/day=20/part-00000-781c218f-b074-4f61-8f8e-4228a56080a8.c000.snappy.parquet'.
[2025-05-20T21:06:17.453+0000] {subprocess.py:93} INFO - 2025-05-20 21:06:17,451 - INFO - Téléchargement de /gold_price/aggregates/year=2025/month=5/day=20/part-00000-7a18d5a4-d765-4c15-83aa-78a9d350f6c8.c000.snappy.parquet vers /app/temp_month_data/part-00000-7a18d5a4-d765-4c15-83aa-78a9d350f6c8.c000.snappy.parquet
[2025-05-20T21:06:17.456+0000] {subprocess.py:93} INFO - 2025-05-20 21:06:17,451 - INFO - Reading file '/gold_price/aggregates/year=2025/month=5/day=20/part-00000-7a18d5a4-d765-4c15-83aa-78a9d350f6c8.c000.snappy.parquet'.
[2025-05-20T21:06:17.484+0000] {subprocess.py:93} INFO - 2025-05-20 21:06:17,481 - INFO - Téléchargement de /gold_price/aggregates/year=2025/month=5/day=20/part-00000-7b632149-6169-4a84-aaea-0cfc9593570a.c000.snappy.parquet vers /app/temp_month_data/part-00000-7b632149-6169-4a84-aaea-0cfc9593570a.c000.snappy.parquet
[2025-05-20T21:06:17.486+0000] {subprocess.py:93} INFO - 2025-05-20 21:06:17,482 - INFO - Reading file '/gold_price/aggregates/year=2025/month=5/day=20/part-00000-7b632149-6169-4a84-aaea-0cfc9593570a.c000.snappy.parquet'.
[2025-05-20T21:06:17.529+0000] {subprocess.py:93} INFO - 2025-05-20 21:06:17,527 - INFO - Téléchargement de /gold_price/aggregates/year=2025/month=5/day=20/part-00000-7cc1444d-ad81-471d-a594-d6edf91a59d2.c000.snappy.parquet vers /app/temp_month_data/part-00000-7cc1444d-ad81-471d-a594-d6edf91a59d2.c000.snappy.parquet
[2025-05-20T21:06:17.530+0000] {subprocess.py:93} INFO - 2025-05-20 21:06:17,527 - INFO - Reading file '/gold_price/aggregates/year=2025/month=5/day=20/part-00000-7cc1444d-ad81-471d-a594-d6edf91a59d2.c000.snappy.parquet'.
[2025-05-20T21:06:17.569+0000] {subprocess.py:93} INFO - 2025-05-20 21:06:17,566 - INFO - Téléchargement de /gold_price/aggregates/year=2025/month=5/day=20/part-00000-7e2105a5-e9e5-4a7d-aeed-d994e8f1f652.c000.snappy.parquet vers /app/temp_month_data/part-00000-7e2105a5-e9e5-4a7d-aeed-d994e8f1f652.c000.snappy.parquet
[2025-05-20T21:06:17.579+0000] {subprocess.py:93} INFO - 2025-05-20 21:06:17,566 - INFO - Reading file '/gold_price/aggregates/year=2025/month=5/day=20/part-00000-7e2105a5-e9e5-4a7d-aeed-d994e8f1f652.c000.snappy.parquet'.
[2025-05-20T21:06:17.616+0000] {subprocess.py:93} INFO - 2025-05-20 21:06:17,604 - INFO - Téléchargement de /gold_price/aggregates/year=2025/month=5/day=20/part-00000-8c335616-c1ea-4da6-9b4d-17f714c52d06.c000.snappy.parquet vers /app/temp_month_data/part-00000-8c335616-c1ea-4da6-9b4d-17f714c52d06.c000.snappy.parquet
[2025-05-20T21:06:17.618+0000] {subprocess.py:93} INFO - 2025-05-20 21:06:17,605 - INFO - Reading file '/gold_price/aggregates/year=2025/month=5/day=20/part-00000-8c335616-c1ea-4da6-9b4d-17f714c52d06.c000.snappy.parquet'.
[2025-05-20T21:06:17.703+0000] {subprocess.py:93} INFO - 2025-05-20 21:06:17,695 - INFO - Téléchargement de /gold_price/aggregates/year=2025/month=5/day=20/part-00000-908ae3b1-a017-4c73-b55f-4b899caf2383.c000.snappy.parquet vers /app/temp_month_data/part-00000-908ae3b1-a017-4c73-b55f-4b899caf2383.c000.snappy.parquet
[2025-05-20T21:06:17.712+0000] {subprocess.py:93} INFO - 2025-05-20 21:06:17,696 - INFO - Reading file '/gold_price/aggregates/year=2025/month=5/day=20/part-00000-908ae3b1-a017-4c73-b55f-4b899caf2383.c000.snappy.parquet'.
[2025-05-20T21:06:17.763+0000] {subprocess.py:93} INFO - 2025-05-20 21:06:17,759 - INFO - Téléchargement de /gold_price/aggregates/year=2025/month=5/day=20/part-00000-941eb12e-3203-4dd1-abfd-25aadd74aa17.c000.snappy.parquet vers /app/temp_month_data/part-00000-941eb12e-3203-4dd1-abfd-25aadd74aa17.c000.snappy.parquet
[2025-05-20T21:06:17.766+0000] {subprocess.py:93} INFO - 2025-05-20 21:06:17,759 - INFO - Reading file '/gold_price/aggregates/year=2025/month=5/day=20/part-00000-941eb12e-3203-4dd1-abfd-25aadd74aa17.c000.snappy.parquet'.
[2025-05-20T21:06:17.839+0000] {subprocess.py:93} INFO - 2025-05-20 21:06:17,828 - INFO - Téléchargement de /gold_price/aggregates/year=2025/month=5/day=20/part-00000-94a69233-3b2f-4215-bfd5-4267e233e062.c000.snappy.parquet vers /app/temp_month_data/part-00000-94a69233-3b2f-4215-bfd5-4267e233e062.c000.snappy.parquet
[2025-05-20T21:06:17.856+0000] {subprocess.py:93} INFO - 2025-05-20 21:06:17,833 - INFO - Reading file '/gold_price/aggregates/year=2025/month=5/day=20/part-00000-94a69233-3b2f-4215-bfd5-4267e233e062.c000.snappy.parquet'.
[2025-05-20T21:06:17.896+0000] {subprocess.py:93} INFO - 2025-05-20 21:06:17,888 - INFO - Téléchargement de /gold_price/aggregates/year=2025/month=5/day=20/part-00000-96929d76-c9e7-4574-abd3-ee85004bfeb5.c000.snappy.parquet vers /app/temp_month_data/part-00000-96929d76-c9e7-4574-abd3-ee85004bfeb5.c000.snappy.parquet
[2025-05-20T21:06:17.900+0000] {subprocess.py:93} INFO - 2025-05-20 21:06:17,888 - INFO - Reading file '/gold_price/aggregates/year=2025/month=5/day=20/part-00000-96929d76-c9e7-4574-abd3-ee85004bfeb5.c000.snappy.parquet'.
[2025-05-20T21:06:17.936+0000] {subprocess.py:93} INFO - 2025-05-20 21:06:17,931 - INFO - Téléchargement de /gold_price/aggregates/year=2025/month=5/day=20/part-00000-9b20c8da-0db9-4192-bae6-3d6599ab0433.c000.snappy.parquet vers /app/temp_month_data/part-00000-9b20c8da-0db9-4192-bae6-3d6599ab0433.c000.snappy.parquet
[2025-05-20T21:06:17.938+0000] {subprocess.py:93} INFO - 2025-05-20 21:06:17,932 - INFO - Reading file '/gold_price/aggregates/year=2025/month=5/day=20/part-00000-9b20c8da-0db9-4192-bae6-3d6599ab0433.c000.snappy.parquet'.
[2025-05-20T21:06:18.176+0000] {subprocess.py:93} INFO - 2025-05-20 21:06:18,157 - INFO - Téléchargement de /gold_price/aggregates/year=2025/month=5/day=20/part-00000-a213304c-667d-453f-9bba-c3b2bb9d4790.c000.snappy.parquet vers /app/temp_month_data/part-00000-a213304c-667d-453f-9bba-c3b2bb9d4790.c000.snappy.parquet
[2025-05-20T21:06:18.189+0000] {subprocess.py:93} INFO - 2025-05-20 21:06:18,157 - INFO - Reading file '/gold_price/aggregates/year=2025/month=5/day=20/part-00000-a213304c-667d-453f-9bba-c3b2bb9d4790.c000.snappy.parquet'.
[2025-05-20T21:06:18.252+0000] {subprocess.py:93} INFO - 2025-05-20 21:06:18,237 - INFO - Téléchargement de /gold_price/aggregates/year=2025/month=5/day=20/part-00000-a637e9be-fa3c-4183-9bf6-6898a2e53787.c000.snappy.parquet vers /app/temp_month_data/part-00000-a637e9be-fa3c-4183-9bf6-6898a2e53787.c000.snappy.parquet
[2025-05-20T21:06:18.256+0000] {subprocess.py:93} INFO - 2025-05-20 21:06:18,237 - INFO - Reading file '/gold_price/aggregates/year=2025/month=5/day=20/part-00000-a637e9be-fa3c-4183-9bf6-6898a2e53787.c000.snappy.parquet'.
[2025-05-20T21:06:18.294+0000] {subprocess.py:93} INFO - 2025-05-20 21:06:18,290 - INFO - Téléchargement de /gold_price/aggregates/year=2025/month=5/day=20/part-00000-a64beef1-5798-441d-86b1-ca710d14ac54.c000.snappy.parquet vers /app/temp_month_data/part-00000-a64beef1-5798-441d-86b1-ca710d14ac54.c000.snappy.parquet
[2025-05-20T21:06:18.295+0000] {subprocess.py:93} INFO - 2025-05-20 21:06:18,290 - INFO - Reading file '/gold_price/aggregates/year=2025/month=5/day=20/part-00000-a64beef1-5798-441d-86b1-ca710d14ac54.c000.snappy.parquet'.
[2025-05-20T21:06:18.345+0000] {subprocess.py:93} INFO - 2025-05-20 21:06:18,339 - INFO - Téléchargement de /gold_price/aggregates/year=2025/month=5/day=20/part-00000-a64f288b-1d01-410a-81fd-f1cb3f2a9350.c000.snappy.parquet vers /app/temp_month_data/part-00000-a64f288b-1d01-410a-81fd-f1cb3f2a9350.c000.snappy.parquet
[2025-05-20T21:06:18.347+0000] {subprocess.py:93} INFO - 2025-05-20 21:06:18,339 - INFO - Reading file '/gold_price/aggregates/year=2025/month=5/day=20/part-00000-a64f288b-1d01-410a-81fd-f1cb3f2a9350.c000.snappy.parquet'.
[2025-05-20T21:06:18.384+0000] {subprocess.py:93} INFO - 2025-05-20 21:06:18,379 - INFO - Téléchargement de /gold_price/aggregates/year=2025/month=5/day=20/part-00000-a65443c7-e5e3-4319-962c-5bb1787715b0.c000.snappy.parquet vers /app/temp_month_data/part-00000-a65443c7-e5e3-4319-962c-5bb1787715b0.c000.snappy.parquet
[2025-05-20T21:06:18.386+0000] {subprocess.py:93} INFO - 2025-05-20 21:06:18,379 - INFO - Reading file '/gold_price/aggregates/year=2025/month=5/day=20/part-00000-a65443c7-e5e3-4319-962c-5bb1787715b0.c000.snappy.parquet'.
[2025-05-20T21:06:18.437+0000] {subprocess.py:93} INFO - 2025-05-20 21:06:18,424 - INFO - Téléchargement de /gold_price/aggregates/year=2025/month=5/day=20/part-00000-a65ed42f-7d87-4df9-a03c-a5b9125ce9a8.c000.snappy.parquet vers /app/temp_month_data/part-00000-a65ed42f-7d87-4df9-a03c-a5b9125ce9a8.c000.snappy.parquet
[2025-05-20T21:06:18.441+0000] {subprocess.py:93} INFO - 2025-05-20 21:06:18,424 - INFO - Reading file '/gold_price/aggregates/year=2025/month=5/day=20/part-00000-a65ed42f-7d87-4df9-a03c-a5b9125ce9a8.c000.snappy.parquet'.
[2025-05-20T21:06:18.477+0000] {subprocess.py:93} INFO - 2025-05-20 21:06:18,475 - INFO - Téléchargement de /gold_price/aggregates/year=2025/month=5/day=20/part-00000-ad2b1969-f9ca-4ce2-b252-3ee4887f82c0.c000.snappy.parquet vers /app/temp_month_data/part-00000-ad2b1969-f9ca-4ce2-b252-3ee4887f82c0.c000.snappy.parquet
[2025-05-20T21:06:18.478+0000] {subprocess.py:93} INFO - 2025-05-20 21:06:18,476 - INFO - Reading file '/gold_price/aggregates/year=2025/month=5/day=20/part-00000-ad2b1969-f9ca-4ce2-b252-3ee4887f82c0.c000.snappy.parquet'.
[2025-05-20T21:06:18.520+0000] {subprocess.py:93} INFO - 2025-05-20 21:06:18,514 - INFO - Téléchargement de /gold_price/aggregates/year=2025/month=5/day=20/part-00000-b0153c6f-46d8-449c-a729-3ff44f69bd6b.c000.snappy.parquet vers /app/temp_month_data/part-00000-b0153c6f-46d8-449c-a729-3ff44f69bd6b.c000.snappy.parquet
[2025-05-20T21:06:18.526+0000] {subprocess.py:93} INFO - 2025-05-20 21:06:18,514 - INFO - Reading file '/gold_price/aggregates/year=2025/month=5/day=20/part-00000-b0153c6f-46d8-449c-a729-3ff44f69bd6b.c000.snappy.parquet'.
[2025-05-20T21:06:18.555+0000] {subprocess.py:93} INFO - 2025-05-20 21:06:18,553 - INFO - Téléchargement de /gold_price/aggregates/year=2025/month=5/day=20/part-00000-b16d2a60-e24b-4722-8b69-9460451f1224.c000.snappy.parquet vers /app/temp_month_data/part-00000-b16d2a60-e24b-4722-8b69-9460451f1224.c000.snappy.parquet
[2025-05-20T21:06:18.556+0000] {subprocess.py:93} INFO - 2025-05-20 21:06:18,553 - INFO - Reading file '/gold_price/aggregates/year=2025/month=5/day=20/part-00000-b16d2a60-e24b-4722-8b69-9460451f1224.c000.snappy.parquet'.
[2025-05-20T21:06:18.613+0000] {subprocess.py:93} INFO - 2025-05-20 21:06:18,610 - INFO - Téléchargement de /gold_price/aggregates/year=2025/month=5/day=20/part-00000-b43d9fd6-595c-40f8-9bf3-528bff037df2.c000.snappy.parquet vers /app/temp_month_data/part-00000-b43d9fd6-595c-40f8-9bf3-528bff037df2.c000.snappy.parquet
[2025-05-20T21:06:18.614+0000] {subprocess.py:93} INFO - 2025-05-20 21:06:18,611 - INFO - Reading file '/gold_price/aggregates/year=2025/month=5/day=20/part-00000-b43d9fd6-595c-40f8-9bf3-528bff037df2.c000.snappy.parquet'.
[2025-05-20T21:06:18.645+0000] {subprocess.py:93} INFO - 2025-05-20 21:06:18,642 - INFO - Téléchargement de /gold_price/aggregates/year=2025/month=5/day=20/part-00000-b52138b0-f5a7-4038-883b-0cf40d0fd762.c000.snappy.parquet vers /app/temp_month_data/part-00000-b52138b0-f5a7-4038-883b-0cf40d0fd762.c000.snappy.parquet
[2025-05-20T21:06:18.646+0000] {subprocess.py:93} INFO - 2025-05-20 21:06:18,642 - INFO - Reading file '/gold_price/aggregates/year=2025/month=5/day=20/part-00000-b52138b0-f5a7-4038-883b-0cf40d0fd762.c000.snappy.parquet'.
[2025-05-20T21:06:18.705+0000] {subprocess.py:93} INFO - 2025-05-20 21:06:18,678 - INFO - Téléchargement de /gold_price/aggregates/year=2025/month=5/day=20/part-00000-b8da84ab-83be-4941-a4cd-46ac5caf3b4d.c000.snappy.parquet vers /app/temp_month_data/part-00000-b8da84ab-83be-4941-a4cd-46ac5caf3b4d.c000.snappy.parquet
[2025-05-20T21:06:18.709+0000] {subprocess.py:93} INFO - 2025-05-20 21:06:18,679 - INFO - Reading file '/gold_price/aggregates/year=2025/month=5/day=20/part-00000-b8da84ab-83be-4941-a4cd-46ac5caf3b4d.c000.snappy.parquet'.
[2025-05-20T21:06:18.731+0000] {subprocess.py:93} INFO - 2025-05-20 21:06:18,727 - INFO - Téléchargement de /gold_price/aggregates/year=2025/month=5/day=20/part-00000-c04b2c1f-6166-4602-ad48-e6232be59021.c000.snappy.parquet vers /app/temp_month_data/part-00000-c04b2c1f-6166-4602-ad48-e6232be59021.c000.snappy.parquet
[2025-05-20T21:06:18.733+0000] {subprocess.py:93} INFO - 2025-05-20 21:06:18,727 - INFO - Reading file '/gold_price/aggregates/year=2025/month=5/day=20/part-00000-c04b2c1f-6166-4602-ad48-e6232be59021.c000.snappy.parquet'.
[2025-05-20T21:06:18.797+0000] {subprocess.py:93} INFO - 2025-05-20 21:06:18,794 - INFO - Téléchargement de /gold_price/aggregates/year=2025/month=5/day=20/part-00000-c39ba660-56c5-402c-ba52-e62d070aff5f.c000.snappy.parquet vers /app/temp_month_data/part-00000-c39ba660-56c5-402c-ba52-e62d070aff5f.c000.snappy.parquet
[2025-05-20T21:06:18.798+0000] {subprocess.py:93} INFO - 2025-05-20 21:06:18,795 - INFO - Reading file '/gold_price/aggregates/year=2025/month=5/day=20/part-00000-c39ba660-56c5-402c-ba52-e62d070aff5f.c000.snappy.parquet'.
[2025-05-20T21:06:18.834+0000] {subprocess.py:93} INFO - 2025-05-20 21:06:18,832 - INFO - Téléchargement de /gold_price/aggregates/year=2025/month=5/day=20/part-00000-c8fe8dbe-0ddb-416e-b9f3-1bf78a9afc72.c000.snappy.parquet vers /app/temp_month_data/part-00000-c8fe8dbe-0ddb-416e-b9f3-1bf78a9afc72.c000.snappy.parquet
[2025-05-20T21:06:18.835+0000] {subprocess.py:93} INFO - 2025-05-20 21:06:18,832 - INFO - Reading file '/gold_price/aggregates/year=2025/month=5/day=20/part-00000-c8fe8dbe-0ddb-416e-b9f3-1bf78a9afc72.c000.snappy.parquet'.
[2025-05-20T21:06:18.868+0000] {subprocess.py:93} INFO - 2025-05-20 21:06:18,866 - INFO - Téléchargement de /gold_price/aggregates/year=2025/month=5/day=20/part-00000-cac0e287-507a-43ef-b6b6-7ecb978e8474.c000.snappy.parquet vers /app/temp_month_data/part-00000-cac0e287-507a-43ef-b6b6-7ecb978e8474.c000.snappy.parquet
[2025-05-20T21:06:18.869+0000] {subprocess.py:93} INFO - 2025-05-20 21:06:18,866 - INFO - Reading file '/gold_price/aggregates/year=2025/month=5/day=20/part-00000-cac0e287-507a-43ef-b6b6-7ecb978e8474.c000.snappy.parquet'.
[2025-05-20T21:06:18.895+0000] {subprocess.py:93} INFO - 2025-05-20 21:06:18,894 - INFO - Téléchargement de /gold_price/aggregates/year=2025/month=5/day=20/part-00000-cbd59289-c2b4-4a64-b7f1-666ea816194d.c000.snappy.parquet vers /app/temp_month_data/part-00000-cbd59289-c2b4-4a64-b7f1-666ea816194d.c000.snappy.parquet
[2025-05-20T21:06:18.896+0000] {subprocess.py:93} INFO - 2025-05-20 21:06:18,894 - INFO - Reading file '/gold_price/aggregates/year=2025/month=5/day=20/part-00000-cbd59289-c2b4-4a64-b7f1-666ea816194d.c000.snappy.parquet'.
[2025-05-20T21:06:18.927+0000] {subprocess.py:93} INFO - 2025-05-20 21:06:18,925 - INFO - Téléchargement de /gold_price/aggregates/year=2025/month=5/day=20/part-00000-cc5cc527-3d22-405c-b4c0-24e52084a95c.c000.snappy.parquet vers /app/temp_month_data/part-00000-cc5cc527-3d22-405c-b4c0-24e52084a95c.c000.snappy.parquet
[2025-05-20T21:06:18.928+0000] {subprocess.py:93} INFO - 2025-05-20 21:06:18,925 - INFO - Reading file '/gold_price/aggregates/year=2025/month=5/day=20/part-00000-cc5cc527-3d22-405c-b4c0-24e52084a95c.c000.snappy.parquet'.
[2025-05-20T21:06:18.959+0000] {subprocess.py:93} INFO - 2025-05-20 21:06:18,953 - INFO - Téléchargement de /gold_price/aggregates/year=2025/month=5/day=20/part-00000-ccdb3c8c-0f22-4f1d-940d-f47fbec07c7b.c000.snappy.parquet vers /app/temp_month_data/part-00000-ccdb3c8c-0f22-4f1d-940d-f47fbec07c7b.c000.snappy.parquet
[2025-05-20T21:06:18.960+0000] {subprocess.py:93} INFO - 2025-05-20 21:06:18,954 - INFO - Reading file '/gold_price/aggregates/year=2025/month=5/day=20/part-00000-ccdb3c8c-0f22-4f1d-940d-f47fbec07c7b.c000.snappy.parquet'.
[2025-05-20T21:06:18.994+0000] {subprocess.py:93} INFO - 2025-05-20 21:06:18,992 - INFO - Téléchargement de /gold_price/aggregates/year=2025/month=5/day=20/part-00000-cdc9a0f5-63e3-460e-b7ff-8fad27c9e048.c000.snappy.parquet vers /app/temp_month_data/part-00000-cdc9a0f5-63e3-460e-b7ff-8fad27c9e048.c000.snappy.parquet
[2025-05-20T21:06:18.995+0000] {subprocess.py:93} INFO - 2025-05-20 21:06:18,992 - INFO - Reading file '/gold_price/aggregates/year=2025/month=5/day=20/part-00000-cdc9a0f5-63e3-460e-b7ff-8fad27c9e048.c000.snappy.parquet'.
[2025-05-20T21:06:19.028+0000] {subprocess.py:93} INFO - 2025-05-20 21:06:19,025 - INFO - Téléchargement de /gold_price/aggregates/year=2025/month=5/day=20/part-00000-ce8937da-481d-477e-8f51-a96bb408cb4e.c000.snappy.parquet vers /app/temp_month_data/part-00000-ce8937da-481d-477e-8f51-a96bb408cb4e.c000.snappy.parquet
[2025-05-20T21:06:19.029+0000] {subprocess.py:93} INFO - 2025-05-20 21:06:19,026 - INFO - Reading file '/gold_price/aggregates/year=2025/month=5/day=20/part-00000-ce8937da-481d-477e-8f51-a96bb408cb4e.c000.snappy.parquet'.
[2025-05-20T21:06:19.071+0000] {subprocess.py:93} INFO - 2025-05-20 21:06:19,065 - INFO - Téléchargement de /gold_price/aggregates/year=2025/month=5/day=20/part-00000-cfa69f5f-a68b-411f-8e5e-0be015da9d45.c000.snappy.parquet vers /app/temp_month_data/part-00000-cfa69f5f-a68b-411f-8e5e-0be015da9d45.c000.snappy.parquet
[2025-05-20T21:06:19.073+0000] {subprocess.py:93} INFO - 2025-05-20 21:06:19,065 - INFO - Reading file '/gold_price/aggregates/year=2025/month=5/day=20/part-00000-cfa69f5f-a68b-411f-8e5e-0be015da9d45.c000.snappy.parquet'.
[2025-05-20T21:06:19.096+0000] {subprocess.py:93} INFO - 2025-05-20 21:06:19,094 - INFO - Téléchargement de /gold_price/aggregates/year=2025/month=5/day=20/part-00000-d501bc93-e465-41cb-bf48-c4a3cde8c262.c000.snappy.parquet vers /app/temp_month_data/part-00000-d501bc93-e465-41cb-bf48-c4a3cde8c262.c000.snappy.parquet
[2025-05-20T21:06:19.097+0000] {subprocess.py:93} INFO - 2025-05-20 21:06:19,095 - INFO - Reading file '/gold_price/aggregates/year=2025/month=5/day=20/part-00000-d501bc93-e465-41cb-bf48-c4a3cde8c262.c000.snappy.parquet'.
[2025-05-20T21:06:19.126+0000] {subprocess.py:93} INFO - 2025-05-20 21:06:19,121 - INFO - Téléchargement de /gold_price/aggregates/year=2025/month=5/day=20/part-00000-d9c1655e-ab61-43fc-9af6-5ea41bbbb2f9.c000.snappy.parquet vers /app/temp_month_data/part-00000-d9c1655e-ab61-43fc-9af6-5ea41bbbb2f9.c000.snappy.parquet
[2025-05-20T21:06:19.128+0000] {subprocess.py:93} INFO - 2025-05-20 21:06:19,121 - INFO - Reading file '/gold_price/aggregates/year=2025/month=5/day=20/part-00000-d9c1655e-ab61-43fc-9af6-5ea41bbbb2f9.c000.snappy.parquet'.
[2025-05-20T21:06:19.156+0000] {subprocess.py:93} INFO - 2025-05-20 21:06:19,153 - INFO - Téléchargement de /gold_price/aggregates/year=2025/month=5/day=20/part-00000-daddad1e-6cd2-4fab-a4dc-0974a8db9160.c000.snappy.parquet vers /app/temp_month_data/part-00000-daddad1e-6cd2-4fab-a4dc-0974a8db9160.c000.snappy.parquet
[2025-05-20T21:06:19.158+0000] {subprocess.py:93} INFO - 2025-05-20 21:06:19,154 - INFO - Reading file '/gold_price/aggregates/year=2025/month=5/day=20/part-00000-daddad1e-6cd2-4fab-a4dc-0974a8db9160.c000.snappy.parquet'.
[2025-05-20T21:06:19.188+0000] {subprocess.py:93} INFO - 2025-05-20 21:06:19,185 - INFO - Téléchargement de /gold_price/aggregates/year=2025/month=5/day=20/part-00000-dcc7ca1b-16fd-4e35-9334-6a8c521182db.c000.snappy.parquet vers /app/temp_month_data/part-00000-dcc7ca1b-16fd-4e35-9334-6a8c521182db.c000.snappy.parquet
[2025-05-20T21:06:19.189+0000] {subprocess.py:93} INFO - 2025-05-20 21:06:19,186 - INFO - Reading file '/gold_price/aggregates/year=2025/month=5/day=20/part-00000-dcc7ca1b-16fd-4e35-9334-6a8c521182db.c000.snappy.parquet'.
[2025-05-20T21:06:19.217+0000] {subprocess.py:93} INFO - 2025-05-20 21:06:19,215 - INFO - Téléchargement de /gold_price/aggregates/year=2025/month=5/day=20/part-00000-e25f7c71-2b1a-4f00-8751-d72702776bcb.c000.snappy.parquet vers /app/temp_month_data/part-00000-e25f7c71-2b1a-4f00-8751-d72702776bcb.c000.snappy.parquet
[2025-05-20T21:06:19.218+0000] {subprocess.py:93} INFO - 2025-05-20 21:06:19,215 - INFO - Reading file '/gold_price/aggregates/year=2025/month=5/day=20/part-00000-e25f7c71-2b1a-4f00-8751-d72702776bcb.c000.snappy.parquet'.
[2025-05-20T21:06:19.248+0000] {subprocess.py:93} INFO - 2025-05-20 21:06:19,246 - INFO - Téléchargement de /gold_price/aggregates/year=2025/month=5/day=20/part-00000-e2d363d0-b37e-453c-bf97-7955ae57d87f.c000.snappy.parquet vers /app/temp_month_data/part-00000-e2d363d0-b37e-453c-bf97-7955ae57d87f.c000.snappy.parquet
[2025-05-20T21:06:19.249+0000] {subprocess.py:93} INFO - 2025-05-20 21:06:19,246 - INFO - Reading file '/gold_price/aggregates/year=2025/month=5/day=20/part-00000-e2d363d0-b37e-453c-bf97-7955ae57d87f.c000.snappy.parquet'.
[2025-05-20T21:06:19.286+0000] {subprocess.py:93} INFO - 2025-05-20 21:06:19,284 - INFO - Téléchargement de /gold_price/aggregates/year=2025/month=5/day=20/part-00000-e347b6c4-76b1-4920-85b1-03870146d57d.c000.snappy.parquet vers /app/temp_month_data/part-00000-e347b6c4-76b1-4920-85b1-03870146d57d.c000.snappy.parquet
[2025-05-20T21:06:19.288+0000] {subprocess.py:93} INFO - 2025-05-20 21:06:19,284 - INFO - Reading file '/gold_price/aggregates/year=2025/month=5/day=20/part-00000-e347b6c4-76b1-4920-85b1-03870146d57d.c000.snappy.parquet'.
[2025-05-20T21:06:19.348+0000] {subprocess.py:93} INFO - 2025-05-20 21:06:19,335 - INFO - Téléchargement de /gold_price/aggregates/year=2025/month=5/day=20/part-00000-e99b3527-3f39-4079-9f50-7bc656fef9e3.c000.snappy.parquet vers /app/temp_month_data/part-00000-e99b3527-3f39-4079-9f50-7bc656fef9e3.c000.snappy.parquet
[2025-05-20T21:06:19.349+0000] {subprocess.py:93} INFO - 2025-05-20 21:06:19,335 - INFO - Reading file '/gold_price/aggregates/year=2025/month=5/day=20/part-00000-e99b3527-3f39-4079-9f50-7bc656fef9e3.c000.snappy.parquet'.
[2025-05-20T21:06:19.390+0000] {subprocess.py:93} INFO - 2025-05-20 21:06:19,385 - INFO - Téléchargement de /gold_price/aggregates/year=2025/month=5/day=20/part-00000-ef63f6f8-56f9-47ab-9b88-cba18ae99ed6.c000.snappy.parquet vers /app/temp_month_data/part-00000-ef63f6f8-56f9-47ab-9b88-cba18ae99ed6.c000.snappy.parquet
[2025-05-20T21:06:19.395+0000] {subprocess.py:93} INFO - 2025-05-20 21:06:19,385 - INFO - Reading file '/gold_price/aggregates/year=2025/month=5/day=20/part-00000-ef63f6f8-56f9-47ab-9b88-cba18ae99ed6.c000.snappy.parquet'.
[2025-05-20T21:06:19.421+0000] {subprocess.py:93} INFO - 2025-05-20 21:06:19,418 - INFO - Téléchargement de /gold_price/aggregates/year=2025/month=5/day=20/part-00000-f13b667d-c31f-48fb-8407-1f63e0cf12e7.c000.snappy.parquet vers /app/temp_month_data/part-00000-f13b667d-c31f-48fb-8407-1f63e0cf12e7.c000.snappy.parquet
[2025-05-20T21:06:19.422+0000] {subprocess.py:93} INFO - 2025-05-20 21:06:19,419 - INFO - Reading file '/gold_price/aggregates/year=2025/month=5/day=20/part-00000-f13b667d-c31f-48fb-8407-1f63e0cf12e7.c000.snappy.parquet'.
[2025-05-20T21:06:19.449+0000] {subprocess.py:93} INFO - 2025-05-20 21:06:19,447 - INFO - Téléchargement de /gold_price/aggregates/year=2025/month=5/day=20/part-00000-f338b802-a669-47f2-ad19-b78fe720dfc0.c000.snappy.parquet vers /app/temp_month_data/part-00000-f338b802-a669-47f2-ad19-b78fe720dfc0.c000.snappy.parquet
[2025-05-20T21:06:19.450+0000] {subprocess.py:93} INFO - 2025-05-20 21:06:19,447 - INFO - Reading file '/gold_price/aggregates/year=2025/month=5/day=20/part-00000-f338b802-a669-47f2-ad19-b78fe720dfc0.c000.snappy.parquet'.
[2025-05-20T21:06:19.481+0000] {subprocess.py:93} INFO - 2025-05-20 21:06:19,476 - INFO - Téléchargement de /gold_price/aggregates/year=2025/month=5/day=20/part-00000-f46f8662-7471-45a6-a85a-b63a599d90a3.c000.snappy.parquet vers /app/temp_month_data/part-00000-f46f8662-7471-45a6-a85a-b63a599d90a3.c000.snappy.parquet
[2025-05-20T21:06:19.482+0000] {subprocess.py:93} INFO - 2025-05-20 21:06:19,476 - INFO - Reading file '/gold_price/aggregates/year=2025/month=5/day=20/part-00000-f46f8662-7471-45a6-a85a-b63a599d90a3.c000.snappy.parquet'.
[2025-05-20T21:06:19.550+0000] {subprocess.py:93} INFO - 2025-05-20 21:06:19,542 - INFO - Téléchargement de /gold_price/aggregates/year=2025/month=5/day=20/part-00000-f55d1aff-f404-46d8-b266-8574c7e682e8.c000.snappy.parquet vers /app/temp_month_data/part-00000-f55d1aff-f404-46d8-b266-8574c7e682e8.c000.snappy.parquet
[2025-05-20T21:06:19.552+0000] {subprocess.py:93} INFO - 2025-05-20 21:06:19,543 - INFO - Reading file '/gold_price/aggregates/year=2025/month=5/day=20/part-00000-f55d1aff-f404-46d8-b266-8574c7e682e8.c000.snappy.parquet'.
[2025-05-20T21:06:19.581+0000] {subprocess.py:93} INFO - 2025-05-20 21:06:19,576 - INFO - Téléchargement de /gold_price/aggregates/year=2025/month=5/day=20/part-00000-f5b8f60b-df17-4134-8592-0618701e260a.c000.snappy.parquet vers /app/temp_month_data/part-00000-f5b8f60b-df17-4134-8592-0618701e260a.c000.snappy.parquet
[2025-05-20T21:06:19.582+0000] {subprocess.py:93} INFO - 2025-05-20 21:06:19,576 - INFO - Reading file '/gold_price/aggregates/year=2025/month=5/day=20/part-00000-f5b8f60b-df17-4134-8592-0618701e260a.c000.snappy.parquet'.
[2025-05-20T21:06:19.610+0000] {subprocess.py:93} INFO - 2025-05-20 21:06:19,605 - INFO - Téléchargement de /gold_price/aggregates/year=2025/month=5/day=20/part-00000-f798c244-6a6b-4aef-9cac-a648dc75fcab.c000.snappy.parquet vers /app/temp_month_data/part-00000-f798c244-6a6b-4aef-9cac-a648dc75fcab.c000.snappy.parquet
[2025-05-20T21:06:19.615+0000] {subprocess.py:93} INFO - 2025-05-20 21:06:19,605 - INFO - Reading file '/gold_price/aggregates/year=2025/month=5/day=20/part-00000-f798c244-6a6b-4aef-9cac-a648dc75fcab.c000.snappy.parquet'.
[2025-05-20T21:06:19.643+0000] {subprocess.py:93} INFO - 2025-05-20 21:06:19,641 - INFO - Téléchargement de /gold_price/aggregates/year=2025/month=5/day=20/part-00000-ff18e6d0-aecf-465b-81af-0269494926a2.c000.snappy.parquet vers /app/temp_month_data/part-00000-ff18e6d0-aecf-465b-81af-0269494926a2.c000.snappy.parquet
[2025-05-20T21:06:19.644+0000] {subprocess.py:93} INFO - 2025-05-20 21:06:19,641 - INFO - Reading file '/gold_price/aggregates/year=2025/month=5/day=20/part-00000-ff18e6d0-aecf-465b-81af-0269494926a2.c000.snappy.parquet'.
[2025-05-20T21:06:19.686+0000] {subprocess.py:93} INFO - 2025-05-20 21:06:19,683 - INFO - 104 fichiers téléchargés pour le fine-tuning
[2025-05-20T21:06:19.687+0000] {subprocess.py:93} INFO - 2025-05-20 21:06:19,683 - INFO - Combinaison des fichiers Parquet en un seul fichier...
[2025-05-20T21:06:20.687+0000] {subprocess.py:93} INFO - 2025-05-20 21:06:20,685 - INFO - Fichier combiné sauvegardé à /app/combined_month_data.parquet. Total de lignes : 115
[2025-05-20T21:06:20.904+0000] {subprocess.py:93} INFO - 2025-05-20 21:06:20,902 - INFO - Fichiers temporaires nettoyés
[2025-05-20T21:06:20.913+0000] {subprocess.py:93} INFO - 2025-05-20 21:06:20,910 - INFO - Données de fine-tuning chargées avec succès. Total de lignes : 115
[2025-05-20T21:06:20.926+0000] {subprocess.py:93} INFO - 2025-05-20 21:06:20,924 - INFO - Features préparées pour le fine-tuning. Lignes après ingénierie des features : 55
[2025-05-20T21:06:21.968+0000] {subprocess.py:93} INFO - 2025-05-20 21:06:21,963 - INFO - Context impl SQLiteImpl.
[2025-05-20T21:06:21.970+0000] {subprocess.py:93} INFO - 2025-05-20 21:06:21,964 - INFO - Will assume non-transactional DDL.
[2025-05-20T21:06:22.152+0000] {subprocess.py:93} INFO - 2025-05-20 21:06:22,150 - INFO - Modèle existant chargé avec succès
[2025-05-20T21:06:27.309+0000] {subprocess.py:93} INFO - 2025-05-20 21:06:27,307 - INFO - Modèle fine-tuné et loggé avec MLflow. Nouveau Run ID : 2ecb49acb66c4ef88019df2dfdbd2f99
[2025-05-20T21:06:28.331+0000] {subprocess.py:97} INFO - Command exited with return code 0
[2025-05-20T21:06:28.376+0000] {taskinstance.py:1398} INFO - Marking task as SUCCESS. dag_id=gold_model_finetuning_bash_container, task_id=execute_fine_tune_in_container, execution_date=20250520T210559, start_date=20250520T210608, end_date=20250520T210628
[2025-05-20T21:06:28.428+0000] {local_task_job_runner.py:228} INFO - Task exited with return code 0
[2025-05-20T21:06:28.477+0000] {taskinstance.py:2776} INFO - 1 downstream tasks scheduled from follow-on schedule check
