[2025-05-21T13:25:33.830+0000] {taskinstance.py:1157} INFO - Dependencies all met for dep_context=non-requeueable deps ti=<TaskInstance: gold_news_pipeline.analyze_news manual__2025-05-21T13:25:14.563492+00:00 [queued]>
[2025-05-21T13:25:33.843+0000] {taskinstance.py:1157} INFO - Dependencies all met for dep_context=requeueable deps ti=<TaskInstance: gold_news_pipeline.analyze_news manual__2025-05-21T13:25:14.563492+00:00 [queued]>
[2025-05-21T13:25:33.844+0000] {taskinstance.py:1359} INFO - Starting attempt 1 of 1
[2025-05-21T13:25:33.863+0000] {taskinstance.py:1380} INFO - Executing <Task(PythonOperator): analyze_news> on 2025-05-21 13:25:14.563492+00:00
[2025-05-21T13:25:33.873+0000] {standard_task_runner.py:57} INFO - Started process 5402 to run task
[2025-05-21T13:25:33.877+0000] {standard_task_runner.py:84} INFO - Running: ['***', 'tasks', 'run', 'gold_news_pipeline', 'analyze_news', 'manual__2025-05-21T13:25:14.563492+00:00', '--job-id', '154', '--raw', '--subdir', 'DAGS_FOLDER/news_batch.py', '--cfg-path', '/tmp/tmp6fapxjmg']
[2025-05-21T13:25:33.882+0000] {standard_task_runner.py:85} INFO - Job 154: Subtask analyze_news
[2025-05-21T13:25:33.952+0000] {task_command.py:415} INFO - Running <TaskInstance: gold_news_pipeline.analyze_news manual__2025-05-21T13:25:14.563492+00:00 [running]> on host 5c6832b8ad2a
[2025-05-21T13:25:34.072+0000] {taskinstance.py:1660} INFO - Exporting env vars: AIRFLOW_CTX_DAG_OWNER='***' AIRFLOW_CTX_DAG_ID='gold_news_pipeline' AIRFLOW_CTX_TASK_ID='analyze_news' AIRFLOW_CTX_EXECUTION_DATE='2025-05-21T13:25:14.563492+00:00' AIRFLOW_CTX_TRY_NUMBER='1' AIRFLOW_CTX_DAG_RUN_ID='manual__2025-05-21T13:25:14.563492+00:00'
[2025-05-21T13:25:34.086+0000] {news_batch.py:161} INFO - Lecture du fichier JSON depuis HDFS : /gold_price/news/raw/year=2025/month=5/day=21/news_data.json...
[2025-05-21T13:25:34.088+0000] {client.py:192} INFO - Instantiated <InsecureClient(url='http://namenode:9870')>.
[2025-05-21T13:25:34.090+0000] {client.py:724} INFO - Reading file '/gold_price/news/raw/year=2025/month=5/day=21/news_data.json'.
[2025-05-21T13:25:34.412+0000] {news_batch.py:171} WARNING - Cluster.__init__ called with contact_points specified, but no load_balancing_policy. In the next major version, this will raise an error; please specify a load-balancing policy. (contact_points = ['cassandra'], lbp = None)
[2025-05-21T13:25:34.422+0000] {news_batch.py:172} WARNING - Downgrading core protocol version from 66 to 65 for 172.18.0.2:9042. To avoid this, it is best practice to explicitly set Cluster(protocol_version) to the version supported by your cluster. http://datastax.github.io/python-driver/api/cassandra/cluster.html#cassandra.cluster.Cluster.protocol_version
[2025-05-21T13:25:34.427+0000] {news_batch.py:172} WARNING - Downgrading core protocol version from 65 to 5 for 172.18.0.2:9042. To avoid this, it is best practice to explicitly set Cluster(protocol_version) to the version supported by your cluster. http://datastax.github.io/python-driver/api/cassandra/cluster.html#cassandra.cluster.Cluster.protocol_version
[2025-05-21T13:25:34.451+0000] {policies.py:289} INFO - Using datacenter 'DC1' for DCAwareRoundRobinPolicy (via host '172.18.0.2:9042'); if incorrect, please specify a local_dc to the constructor, or limit contact points to local cluster nodes
[2025-05-21T13:25:35.991+0000] {news_batch.py:206} INFO - Nombre total de news à analyser : 99
[2025-05-21T13:25:35.992+0000] {news_batch.py:191} INFO - Analyse de la news : The Monster Energy Aesthetic and Branding
Design ...
[2025-05-21T13:25:36.683+0000] {news_batch.py:191} INFO - Analyse de la news : It was just a couple of months ago, as I write thi...
[2025-05-21T13:25:36.697+0000] {news_batch.py:191} INFO - Analyse de la news : Why you can trust Windows Central
Our expert revi...
[2025-05-21T13:25:36.709+0000] {news_batch.py:191} INFO - Analyse de la news : The US Senate has advanced the GENIUS Act, a bill ...
[2025-05-21T13:25:36.721+0000] {news_batch.py:191} INFO - Analyse de la news : China-linked UnsolicitedBooker APT used new backdo...
[2025-05-21T13:25:36.734+0000] {news_batch.py:191} INFO - Analyse de la news : Canada has a flashy new 3D coin that collectors wi...
[2025-05-21T13:25:36.745+0000] {news_batch.py:191} INFO - Analyse de la news : A Look Back: The Genesis of Tie-Dye
Tie-dye, in i...
[2025-05-21T13:25:36.757+0000] {news_batch.py:191} INFO - Analyse de la news : What happens when one of horologys most radical vo...
[2025-05-21T13:25:36.773+0000] {news_batch.py:191} INFO - Analyse de la news : Gaming consoles have come a long way from the days...
[2025-05-21T13:25:36.787+0000] {news_batch.py:191} INFO - Analyse de la news : Amazon has now brought back its all-time low prici...
[2025-05-21T13:25:36.799+0000] {news_batch.py:191} INFO - Analyse de la news : MONTREAL Dynacor Group Inc. (TSX-DNG) (Dynacor or ...
[2025-05-21T13:25:36.812+0000] {news_batch.py:191} INFO - Analyse de la news : Huawei made a stunning entry into the foldable lap...
[2025-05-21T13:25:36.826+0000] {news_batch.py:191} INFO - Analyse de la news : This illustration photograph taken on November 22,...
[2025-05-21T13:25:36.836+0000] {news_batch.py:191} INFO - Analyse de la news : Gold prices in India saw decrease today across all...
[2025-05-21T13:25:36.848+0000] {news_batch.py:191} INFO - Analyse de la news : America’s enemies are gaining ground in the Wester...
[2025-05-21T13:25:36.868+0000] {news_batch.py:191} INFO - Analyse de la news : In brief
<ul><li>Bitcoin ETFs saw their best day ...
[2025-05-21T13:25:36.882+0000] {news_batch.py:191} INFO - Analyse de la news : Australian gold mining company Northern Star Resou...
[2025-05-21T13:25:36.894+0000] {news_batch.py:191} INFO - Analyse de la news : Bitcoin just got a surprising nod from Jamie Dimon...
[2025-05-21T13:25:36.906+0000] {news_batch.py:191} INFO - Analyse de la news : Serialization of selections from my book Our Count...
[2025-05-21T13:25:36.917+0000] {news_batch.py:191} INFO - Analyse de la news : In This Article:Key Points-Economic pressures may ...
[2025-05-21T13:25:36.930+0000] {news_batch.py:191} INFO - Analyse de la news : ASRock is introducing several new motherboards at ...
[2025-05-21T13:25:36.942+0000] {news_batch.py:191} INFO - Analyse de la news : VANCOUVER, British Columbia, May 20, 2025 (GLOBE N...
[2025-05-21T13:25:36.961+0000] {news_batch.py:191} INFO - Analyse de la news : UKs Legal Aid Agency discloses a data breach follo...
[2025-05-21T13:25:36.973+0000] {news_batch.py:191} INFO - Analyse de la news : New York City, May 20, 2025 (GLOBE NEWSWIRE) -- In...
[2025-05-21T13:25:36.982+0000] {news_batch.py:191} INFO - Analyse de la news : The pseudonymous co-founder of ScimitarCapital, Th...
[2025-05-21T13:25:36.996+0000] {news_batch.py:191} INFO - Analyse de la news : Janus Henderson Group PLC lowered its position in ...
[2025-05-21T13:25:37.007+0000] {news_batch.py:191} INFO - Analyse de la news : Graham Capital Management L.P. acquired a new stak...
[2025-05-21T13:25:37.018+0000] {news_batch.py:191} INFO - Analyse de la news : Robinhood Markets, Bitdeer Technologies Group, and...
[2025-05-21T13:25:37.029+0000] {news_batch.py:191} INFO - Analyse de la news : Integra Resources Corp. (CVE:ITR – Free Report) – ...
[2025-05-21T13:25:37.041+0000] {news_batch.py:191} INFO - Analyse de la news : Deutsche Bank AG lifted its holdings in shares of ...
[2025-05-21T13:25:37.052+0000] {news_batch.py:191} INFO - Analyse de la news : Graham Capital Management L.P. acquired a new posi...
[2025-05-21T13:25:37.061+0000] {news_batch.py:191} INFO - Analyse de la news : Graham Capital Management L.P. lowered its positio...
[2025-05-21T13:25:37.073+0000] {news_batch.py:191} INFO - Analyse de la news : Graham Capital Management L.P. purchased a new pos...
[2025-05-21T13:25:37.083+0000] {news_batch.py:191} INFO - Analyse de la news : Gotham Asset Management LLC reduced its stake in s...
[2025-05-21T13:25:37.095+0000] {news_batch.py:191} INFO - Analyse de la news : Gotham Asset Management LLC boosted its stake in s...
[2025-05-21T13:25:37.108+0000] {news_batch.py:191} INFO - Analyse de la news : Gotham Asset Management LLC increased its position...
[2025-05-21T13:25:37.118+0000] {news_batch.py:191} INFO - Analyse de la news : Network expansion of industry leading program brin...
[2025-05-21T13:25:37.129+0000] {news_batch.py:191} INFO - Analyse de la news : Ariana Resources plc (LON:AAU – Get Free Report)’s...
[2025-05-21T13:25:37.140+0000] {news_batch.py:191} INFO - Analyse de la news : Collective Mining Ltd. (TSE:CNL – Get Free Report)...
[2025-05-21T13:25:37.154+0000] {news_batch.py:191} INFO - Analyse de la news : Orlando, FL, May 20, 2025 (GLOBE NEWSWIRE) -- Sign...
[2025-05-21T13:25:37.196+0000] {news_batch.py:191} INFO - Analyse de la news : Focus Partners Wealth lifted its holdings in share...
[2025-05-21T13:25:37.247+0000] {news_batch.py:191} INFO - Analyse de la news : Focus Partners Wealth grew its holdings in Barrick...
[2025-05-21T13:25:37.273+0000] {news_batch.py:191} INFO - Analyse de la news : There is a popular saying, that goes, "If you want...
[2025-05-21T13:25:37.310+0000] {news_batch.py:191} INFO - Analyse de la news : Captrust Financial Advisors lessened its holdings ...
[2025-05-21T13:25:37.342+0000] {news_batch.py:191} INFO - Analyse de la news : <ul><li>News</li>
<li>When theatres became temple...
[2025-05-21T13:25:37.359+0000] {news_batch.py:191} INFO - Analyse de la news : Lundin Mining Co. (TSE:LUN – Get Free Report) pass...
[2025-05-21T13:25:37.383+0000] {news_batch.py:191} INFO - Analyse de la news : Sarcoma Ransomware Unveiled: Anatomy of a Double E...
[2025-05-21T13:25:37.402+0000] {news_batch.py:191} INFO - Analyse de la news : Gold Coverage goes above and beyond the manufactur...
[2025-05-21T13:25:37.433+0000] {news_batch.py:191} INFO - Analyse de la news : Why Paint Matters: The Benefits of a Fresh Look
B...
[2025-05-21T13:25:37.463+0000] {news_batch.py:191} INFO - Analyse de la news : Bank of America Corp DE raised its stake in New Go...
[2025-05-21T13:25:37.485+0000] {news_batch.py:191} INFO - Analyse de la news : Shares of Agnico Eagle Mines Limited (TSE:AEM – Ge...
[2025-05-21T13:25:37.501+0000] {news_batch.py:191} INFO - Analyse de la news : Northern Trust Corp acquired a new stake in AngloG...
[2025-05-21T13:25:37.521+0000] {news_batch.py:191} INFO - Analyse de la news : Technically speaking, last year marked the officia...
[2025-05-21T13:25:37.539+0000] {news_batch.py:191} INFO - Analyse de la news : Shares of Artemis Gold Inc. (OTCMKTS:ARGTF – Get F...
[2025-05-21T13:25:37.556+0000] {news_batch.py:191} INFO - Analyse de la news : Newmont Co. (NYSE:NEM – Get Free Report) has been ...
[2025-05-21T13:25:37.569+0000] {news_batch.py:191} INFO - Analyse de la news : Integra Resources Corp. (NYSEAMERICAN:ITRG – Free ...
[2025-05-21T13:25:37.584+0000] {news_batch.py:191} INFO - Analyse de la news : Dynacor Group Inc. (TSE:DNG – Free Report) – Stock...
[2025-05-21T13:25:37.600+0000] {news_batch.py:191} INFO - Analyse de la news : Avino Silver &amp; Gold Mines Ltd. (TSE:ASM – Free...
[2025-05-21T13:25:37.626+0000] {news_batch.py:191} INFO - Analyse de la news : Altius Minerals Co. (TSE:ALS – Free Report) – Rese...
[2025-05-21T13:25:37.647+0000] {news_batch.py:191} INFO - Analyse de la news : Integra Resources Corp. (NYSEAMERICAN:ITRG – Free ...
[2025-05-21T13:25:37.681+0000] {news_batch.py:191} INFO - Analyse de la news : What happens when a company that once defined an i...
[2025-05-21T13:25:37.702+0000] {news_batch.py:191} INFO - Analyse de la news : Barrick Gold Corp (NYSE:B – Free Report) (TSE:ABX)...
[2025-05-21T13:25:37.722+0000] {news_batch.py:191} INFO - Analyse de la news : Shares of Lumina Gold Corp. (OTCMKTS:LMGDF – Get F...
[2025-05-21T13:25:37.742+0000] {news_batch.py:191} INFO - Analyse de la news : KATHMANDU: The price of gold in the local market h...
[2025-05-21T13:25:37.757+0000] {news_batch.py:191} INFO - Analyse de la news : Defiance Silver Corp. (CVE:DEF – Free Report) – Eq...
[2025-05-21T13:25:37.773+0000] {news_batch.py:191} INFO - Analyse de la news : Integra Resources Corp. (CVE:ITR – Free Report) – ...
[2025-05-21T13:25:37.786+0000] {news_batch.py:191} INFO - Analyse de la news : Mirroring the sentiment in the international marke...
[2025-05-21T13:25:37.798+0000] {news_batch.py:191} INFO - Analyse de la news : Regulus Resources Inc. (CVE:REG – Get Free Report)...
[2025-05-21T13:25:37.820+0000] {news_batch.py:191} INFO - Analyse de la news : First Colombia Gold (OTCMKTS:FCGD – Get Free Repor...
[2025-05-21T13:25:37.841+0000] {news_batch.py:191} INFO - Analyse de la news : Shares of Centerra Gold Inc. (TSE:CG – Get Free Re...
[2025-05-21T13:25:37.857+0000] {news_batch.py:191} INFO - Analyse de la news : ENDEAVOUR ANNOUNCES TRANSACTION IN OWN SHARES
Lon...
[2025-05-21T13:25:37.874+0000] {news_batch.py:191} INFO - Analyse de la news : Capstone Copper Corp. (TSE:CS – Free Report) – Equ...
[2025-05-21T13:25:37.890+0000] {news_batch.py:191} INFO - Analyse de la news : 22  
1 : 8,750 8 : 69,680 10 : 87,100 100 : 8,71,...
[2025-05-21T13:25:37.906+0000] {news_batch.py:191} INFO - Analyse de la news : The Allure of Permanent Jewelry: A Modern Accessor...
[2025-05-21T13:25:37.922+0000] {news_batch.py:191} INFO - Analyse de la news : <ul><li>Bitcoin was de-correlating from Gold, as i...
[2025-05-21T13:25:37.941+0000] {news_batch.py:191} INFO - Analyse de la news : The popularity of the actual play show Critical Ro...
[2025-05-21T13:25:37.956+0000] {news_batch.py:191} INFO - Analyse de la news : The crisp air bites, the sunrise paints the horizo...
[2025-05-21T13:25:37.973+0000] {news_batch.py:191} INFO - Analyse de la news : Data shows the Bitcoin trader sentiment has been t...
[2025-05-21T13:25:37.992+0000] {news_batch.py:191} INFO - Analyse de la news : The world of automotive aesthetics is constantly e...
[2025-05-21T13:25:38.018+0000] {news_batch.py:191} INFO - Analyse de la news : KATHMANDU: Economic Digest offers a concise yet co...
[2025-05-21T13:25:38.034+0000] {news_batch.py:191} INFO - Analyse de la news : Fabric’s Foundation: Understanding the Base
Fabri...
[2025-05-21T13:25:38.053+0000] {news_batch.py:191} INFO - Analyse de la news : (What's moving Sensex and Nifty Track latest marke...
[2025-05-21T13:25:38.072+0000] {news_batch.py:191} INFO - Analyse de la news : [EN] Tokyo, Japan May 2025 INAI WEDDING WASOU, an ...
[2025-05-21T13:25:38.088+0000] {news_batch.py:191} INFO - Analyse de la news : Hardware announcements are already coming in hot a...
[2025-05-21T13:25:38.100+0000] {news_batch.py:191} INFO - Analyse de la news : Whether youre heading on holiday or just enjoying ...
[2025-05-21T13:25:38.122+0000] {news_batch.py:191} INFO - Analyse de la news : Hardware announcements are already coming in hot a...
[2025-05-21T13:25:38.137+0000] {news_batch.py:191} INFO - Analyse de la news : Wall Street is on edge about American investments ...
[2025-05-21T13:25:38.154+0000] {news_batch.py:191} INFO - Analyse de la news : Best Before Date: 31-May-2026
Before submitting t...
[2025-05-21T13:25:38.172+0000] {news_batch.py:191} INFO - Analyse de la news : The Dashawn Jordan x Nike SB Dunk Low will be rele...
[2025-05-21T13:25:38.197+0000] {news_batch.py:191} INFO - Analyse de la news : { window.open(this.href, '_blank'); }, 200); retur...
[2025-05-21T13:25:38.216+0000] {news_batch.py:191} INFO - Analyse de la news : Benzinga and Yahoo Finance LLC may earn commission...
[2025-05-21T13:25:38.231+0000] {news_batch.py:191} INFO - Analyse de la news : Key takeaways:
<ul><li>Bitcoins Sharpe ratio conv...
[2025-05-21T13:25:38.245+0000] {news_batch.py:191} INFO - Analyse de la news : This 1993 Honda Civic Del Sol was initially sold t...
[2025-05-21T13:25:38.261+0000] {news_batch.py:191} INFO - Analyse de la news : While many investors have felt the volatility so f...
[2025-05-21T13:25:38.277+0000] {news_batch.py:191} INFO - Analyse de la news : Austin, TX, USa, May 20, 2025 (GLOBE NEWSWIRE) -- ...
[2025-05-21T13:25:38.293+0000] {news_batch.py:191} INFO - Analyse de la news : A fresh uncapped Cashback for The Good Guys by Top...
[2025-05-21T13:25:38.309+0000] {news_batch.py:191} INFO - Analyse de la news : Despite a recent price contraction, the domestic g...
[2025-05-21T13:25:38.322+0000] {news_batch.py:191} INFO - Analyse de la news : Despite a recent correction, the domestic gold pri...
[2025-05-21T13:25:38.336+0000] {news_batch.py:191} INFO - Analyse de la news : Dallas, May 19, 2025 (GLOBE NEWSWIRE) -- 
Bitcoin...
[2025-05-21T13:25:38.350+0000] {news_batch.py:225} INFO - Analyse terminée et résultats stockés dans Cassandra
[2025-05-21T13:25:38.353+0000] {python.py:194} INFO - Done. Returned value was: None
[2025-05-21T13:25:38.375+0000] {taskinstance.py:1398} INFO - Marking task as SUCCESS. dag_id=gold_news_pipeline, task_id=analyze_news, execution_date=20250521T132514, start_date=20250521T132533, end_date=20250521T132538
[2025-05-21T13:25:38.456+0000] {local_task_job_runner.py:228} INFO - Task exited with return code 0
[2025-05-21T13:25:38.482+0000] {taskinstance.py:2776} INFO - 0 downstream tasks scheduled from follow-on schedule check
