[2025-05-21T13:09:08.079+0000] {taskinstance.py:1157} INFO - Dependencies all met for dep_context=non-requeueable deps ti=<TaskInstance: gold_news_pipeline.analyze_news manual__2025-05-21T13:08:49.005686+00:00 [queued]>
[2025-05-21T13:09:08.089+0000] {taskinstance.py:1157} INFO - Dependencies all met for dep_context=requeueable deps ti=<TaskInstance: gold_news_pipeline.analyze_news manual__2025-05-21T13:08:49.005686+00:00 [queued]>
[2025-05-21T13:09:08.090+0000] {taskinstance.py:1359} INFO - Starting attempt 1 of 1
[2025-05-21T13:09:08.105+0000] {taskinstance.py:1380} INFO - Executing <Task(BashOperator): analyze_news> on 2025-05-21 13:08:49.005686+00:00
[2025-05-21T13:09:08.113+0000] {standard_task_runner.py:57} INFO - Started process 3949 to run task
[2025-05-21T13:09:08.117+0000] {standard_task_runner.py:84} INFO - Running: ['***', 'tasks', 'run', 'gold_news_pipeline', 'analyze_news', 'manual__2025-05-21T13:08:49.005686+00:00', '--job-id', '139', '--raw', '--subdir', 'DAGS_FOLDER/news_batch.py', '--cfg-path', '/tmp/tmpds016nva']
[2025-05-21T13:09:08.120+0000] {standard_task_runner.py:85} INFO - Job 139: Subtask analyze_news
[2025-05-21T13:09:08.175+0000] {task_command.py:415} INFO - Running <TaskInstance: gold_news_pipeline.analyze_news manual__2025-05-21T13:08:49.005686+00:00 [running]> on host 5c6832b8ad2a
[2025-05-21T13:09:08.305+0000] {taskinstance.py:1660} INFO - Exporting env vars: AIRFLOW_CTX_DAG_OWNER='***' AIRFLOW_CTX_DAG_ID='gold_news_pipeline' AIRFLOW_CTX_TASK_ID='analyze_news' AIRFLOW_CTX_EXECUTION_DATE='2025-05-21T13:08:49.005686+00:00' AIRFLOW_CTX_TRY_NUMBER='1' AIRFLOW_CTX_DAG_RUN_ID='manual__2025-05-21T13:08:49.005686+00:00'
[2025-05-21T13:09:08.307+0000] {subprocess.py:63} INFO - Tmp dir root location: /tmp
[2025-05-21T13:09:08.309+0000] {subprocess.py:75} INFO - Running command: ['/bin/bash', '-c', 'docker exec gold_price_project-spark-1 spark-submit /scripts/analyze_news.py hdfs://namenode:9000/gold_price/news/raw/year=2025/month=5/day=21']
[2025-05-21T13:09:08.327+0000] {subprocess.py:86} INFO - Output:
[2025-05-21T13:09:12.055+0000] {subprocess.py:93} INFO - 25/05/21 13:09:12 INFO SparkContext: Running Spark version 3.5.1
[2025-05-21T13:09:12.059+0000] {subprocess.py:93} INFO - 25/05/21 13:09:12 INFO SparkContext: OS info Linux, 5.15.167.4-microsoft-standard-WSL2, amd64
[2025-05-21T13:09:12.060+0000] {subprocess.py:93} INFO - 25/05/21 13:09:12 INFO SparkContext: Java version 11.0.22
[2025-05-21T13:09:12.167+0000] {subprocess.py:93} INFO - 25/05/21 13:09:12 WARN NativeCodeLoader: Unable to load native-hadoop library for your platform... using builtin-java classes where applicable
[2025-05-21T13:09:12.288+0000] {subprocess.py:93} INFO - 25/05/21 13:09:12 INFO ResourceUtils: ==============================================================
[2025-05-21T13:09:12.289+0000] {subprocess.py:93} INFO - 25/05/21 13:09:12 INFO ResourceUtils: No custom resources configured for spark.driver.
[2025-05-21T13:09:12.290+0000] {subprocess.py:93} INFO - 25/05/21 13:09:12 INFO ResourceUtils: ==============================================================
[2025-05-21T13:09:12.290+0000] {subprocess.py:93} INFO - 25/05/21 13:09:12 INFO SparkContext: Submitted application: GoldMarketNewsAnalysis
[2025-05-21T13:09:12.317+0000] {subprocess.py:93} INFO - 25/05/21 13:09:12 INFO ResourceProfile: Default ResourceProfile created, executor resources: Map(cores -> name: cores, amount: 1, script: , vendor: , memory -> name: memory, amount: 1024, script: , vendor: , offHeap -> name: offHeap, amount: 0, script: , vendor: ), task resources: Map(cpus -> name: cpus, amount: 1.0)
[2025-05-21T13:09:12.333+0000] {subprocess.py:93} INFO - 25/05/21 13:09:12 INFO ResourceProfile: Limiting resource is cpu
[2025-05-21T13:09:12.334+0000] {subprocess.py:93} INFO - 25/05/21 13:09:12 INFO ResourceProfileManager: Added ResourceProfile id: 0
[2025-05-21T13:09:12.414+0000] {subprocess.py:93} INFO - 25/05/21 13:09:12 INFO SecurityManager: Changing view acls to: root
[2025-05-21T13:09:12.415+0000] {subprocess.py:93} INFO - 25/05/21 13:09:12 INFO SecurityManager: Changing modify acls to: root
[2025-05-21T13:09:12.416+0000] {subprocess.py:93} INFO - 25/05/21 13:09:12 INFO SecurityManager: Changing view acls groups to:
[2025-05-21T13:09:12.418+0000] {subprocess.py:93} INFO - 25/05/21 13:09:12 INFO SecurityManager: Changing modify acls groups to:
[2025-05-21T13:09:12.419+0000] {subprocess.py:93} INFO - 25/05/21 13:09:12 INFO SecurityManager: SecurityManager: authentication disabled; ui acls disabled; users with view permissions: root; groups with view permissions: EMPTY; users with modify permissions: root; groups with modify permissions: EMPTY
[2025-05-21T13:09:12.778+0000] {subprocess.py:93} INFO - 25/05/21 13:09:12 INFO Utils: Successfully started service 'sparkDriver' on port 46497.
[2025-05-21T13:09:12.829+0000] {subprocess.py:93} INFO - 25/05/21 13:09:12 INFO SparkEnv: Registering MapOutputTracker
[2025-05-21T13:09:12.884+0000] {subprocess.py:93} INFO - 25/05/21 13:09:12 INFO SparkEnv: Registering BlockManagerMaster
[2025-05-21T13:09:12.911+0000] {subprocess.py:93} INFO - 25/05/21 13:09:12 INFO BlockManagerMasterEndpoint: Using org.apache.spark.storage.DefaultTopologyMapper for getting topology information
[2025-05-21T13:09:12.913+0000] {subprocess.py:93} INFO - 25/05/21 13:09:12 INFO BlockManagerMasterEndpoint: BlockManagerMasterEndpoint up
[2025-05-21T13:09:12.921+0000] {subprocess.py:93} INFO - 25/05/21 13:09:12 INFO SparkEnv: Registering BlockManagerMasterHeartbeat
[2025-05-21T13:09:12.960+0000] {subprocess.py:93} INFO - 25/05/21 13:09:12 INFO DiskBlockManager: Created local directory at /tmp/blockmgr-fa79aff9-ce25-4eed-bb8f-dc3b43d5aab4
[2025-05-21T13:09:12.983+0000] {subprocess.py:93} INFO - 25/05/21 13:09:12 INFO MemoryStore: MemoryStore started with capacity 434.4 MiB
[2025-05-21T13:09:13.007+0000] {subprocess.py:93} INFO - 25/05/21 13:09:13 INFO SparkEnv: Registering OutputCommitCoordinator
[2025-05-21T13:09:13.238+0000] {subprocess.py:93} INFO - 25/05/21 13:09:13 INFO JettyUtils: Start Jetty 0.0.0.0:4040 for SparkUI
[2025-05-21T13:09:13.345+0000] {subprocess.py:93} INFO - 25/05/21 13:09:13 INFO Utils: Successfully started service 'SparkUI' on port 4040.
[2025-05-21T13:09:13.506+0000] {subprocess.py:93} INFO - 25/05/21 13:09:13 INFO Executor: Starting executor ID driver on host 8567accc62ca
[2025-05-21T13:09:13.507+0000] {subprocess.py:93} INFO - 25/05/21 13:09:13 INFO Executor: OS info Linux, 5.15.167.4-microsoft-standard-WSL2, amd64
[2025-05-21T13:09:13.507+0000] {subprocess.py:93} INFO - 25/05/21 13:09:13 INFO Executor: Java version 11.0.22
[2025-05-21T13:09:13.521+0000] {subprocess.py:93} INFO - 25/05/21 13:09:13 INFO Executor: Starting executor with user classpath (userClassPathFirst = false): ''
[2025-05-21T13:09:13.522+0000] {subprocess.py:93} INFO - 25/05/21 13:09:13 INFO Executor: Created or updated repl class loader org.apache.spark.util.MutableURLClassLoader@48338284 for default.
[2025-05-21T13:09:13.568+0000] {subprocess.py:93} INFO - 25/05/21 13:09:13 INFO Utils: Successfully started service 'org.apache.spark.network.netty.NettyBlockTransferService' on port 44041.
[2025-05-21T13:09:13.569+0000] {subprocess.py:93} INFO - 25/05/21 13:09:13 INFO NettyBlockTransferService: Server created on 8567accc62ca:44041
[2025-05-21T13:09:13.572+0000] {subprocess.py:93} INFO - 25/05/21 13:09:13 INFO BlockManager: Using org.apache.spark.storage.RandomBlockReplicationPolicy for block replication policy
[2025-05-21T13:09:13.581+0000] {subprocess.py:93} INFO - 25/05/21 13:09:13 INFO BlockManagerMaster: Registering BlockManager BlockManagerId(driver, 8567accc62ca, 44041, None)
[2025-05-21T13:09:13.587+0000] {subprocess.py:93} INFO - 25/05/21 13:09:13 INFO BlockManagerMasterEndpoint: Registering block manager 8567accc62ca:44041 with 434.4 MiB RAM, BlockManagerId(driver, 8567accc62ca, 44041, None)
[2025-05-21T13:09:13.591+0000] {subprocess.py:93} INFO - 25/05/21 13:09:13 INFO BlockManagerMaster: Registered BlockManager BlockManagerId(driver, 8567accc62ca, 44041, None)
[2025-05-21T13:09:13.593+0000] {subprocess.py:93} INFO - 25/05/21 13:09:13 INFO BlockManager: Initialized BlockManager: BlockManagerId(driver, 8567accc62ca, 44041, None)
[2025-05-21T13:09:14.148+0000] {subprocess.py:93} INFO - INFO:__main__:Lecture du fichier JSON depuis : /gold_price/news/raw/year=2025/month=5/day=21/news_data.json
[2025-05-21T13:09:14.274+0000] {subprocess.py:93} INFO - 25/05/21 13:09:14 INFO SharedState: Setting hive.metastore.warehouse.dir ('null') to the value of spark.sql.warehouse.dir.
[2025-05-21T13:09:14.289+0000] {subprocess.py:93} INFO - 25/05/21 13:09:14 INFO SharedState: Warehouse path is 'file:/opt/spark-apps/spark-warehouse'.
[2025-05-21T13:09:16.297+0000] {subprocess.py:93} INFO - 25/05/21 13:09:16 INFO InMemoryFileIndex: It took 154 ms to list leaf files for 1 paths.
[2025-05-21T13:09:18.841+0000] {subprocess.py:93} INFO - 25/05/21 13:09:18 INFO FileSourceStrategy: Pushed Filters: IsNull(_corrupt_record),Or(Or(IsNotNull(title),IsNotNull(description)),IsNotNull(content))
[2025-05-21T13:09:18.845+0000] {subprocess.py:93} INFO - 25/05/21 13:09:18 INFO FileSourceStrategy: Post-Scan Filters: isnull(_corrupt_record#6),((isnotnull(title#0) OR isnotnull(description#1)) OR isnotnull(content#2))
[2025-05-21T13:09:20.279+0000] {subprocess.py:93} INFO - 25/05/21 13:09:20 INFO CodeGenerator: Code generated in 487.16637 ms
[2025-05-21T13:09:20.346+0000] {subprocess.py:93} INFO - 25/05/21 13:09:20 INFO MemoryStore: Block broadcast_0 stored as values in memory (estimated size 199.9 KiB, free 434.2 MiB)
[2025-05-21T13:09:20.421+0000] {subprocess.py:93} INFO - 25/05/21 13:09:20 INFO MemoryStore: Block broadcast_0_piece0 stored as bytes in memory (estimated size 34.4 KiB, free 434.2 MiB)
[2025-05-21T13:09:20.426+0000] {subprocess.py:93} INFO - 25/05/21 13:09:20 INFO BlockManagerInfo: Added broadcast_0_piece0 in memory on 8567accc62ca:44041 (size: 34.4 KiB, free: 434.4 MiB)
[2025-05-21T13:09:20.433+0000] {subprocess.py:93} INFO - 25/05/21 13:09:20 INFO SparkContext: Created broadcast 0 from count at <unknown>:0
[2025-05-21T13:09:20.467+0000] {subprocess.py:93} INFO - 25/05/21 13:09:20 INFO FileSourceScanExec: Planning scan with bin packing, max size: 4194304 bytes, open cost is considered as scanning 4194304 bytes.
[2025-05-21T13:09:20.664+0000] {subprocess.py:93} INFO - 25/05/21 13:09:20 INFO DAGScheduler: Registering RDD 3 (count at <unknown>:0) as input to shuffle 0
[2025-05-21T13:09:20.675+0000] {subprocess.py:93} INFO - 25/05/21 13:09:20 INFO DAGScheduler: Got map stage job 0 (count at <unknown>:0) with 1 output partitions
[2025-05-21T13:09:20.676+0000] {subprocess.py:93} INFO - 25/05/21 13:09:20 INFO DAGScheduler: Final stage: ShuffleMapStage 0 (count at <unknown>:0)
[2025-05-21T13:09:20.676+0000] {subprocess.py:93} INFO - 25/05/21 13:09:20 INFO DAGScheduler: Parents of final stage: List()
[2025-05-21T13:09:20.679+0000] {subprocess.py:93} INFO - 25/05/21 13:09:20 INFO DAGScheduler: Missing parents: List()
[2025-05-21T13:09:20.685+0000] {subprocess.py:93} INFO - 25/05/21 13:09:20 INFO DAGScheduler: Submitting ShuffleMapStage 0 (MapPartitionsRDD[3] at count at <unknown>:0), which has no missing parents
[2025-05-21T13:09:20.854+0000] {subprocess.py:93} INFO - 25/05/21 13:09:20 INFO MemoryStore: Block broadcast_1 stored as values in memory (estimated size 19.1 KiB, free 434.2 MiB)
[2025-05-21T13:09:20.860+0000] {subprocess.py:93} INFO - 25/05/21 13:09:20 INFO MemoryStore: Block broadcast_1_piece0 stored as bytes in memory (estimated size 9.0 KiB, free 434.1 MiB)
[2025-05-21T13:09:20.861+0000] {subprocess.py:93} INFO - 25/05/21 13:09:20 INFO BlockManagerInfo: Added broadcast_1_piece0 in memory on 8567accc62ca:44041 (size: 9.0 KiB, free: 434.4 MiB)
[2025-05-21T13:09:20.863+0000] {subprocess.py:93} INFO - 25/05/21 13:09:20 INFO SparkContext: Created broadcast 1 from broadcast at DAGScheduler.scala:1585
[2025-05-21T13:09:20.888+0000] {subprocess.py:93} INFO - 25/05/21 13:09:20 INFO DAGScheduler: Submitting 1 missing tasks from ShuffleMapStage 0 (MapPartitionsRDD[3] at count at <unknown>:0) (first 15 tasks are for partitions Vector(0))
[2025-05-21T13:09:20.890+0000] {subprocess.py:93} INFO - 25/05/21 13:09:20 INFO TaskSchedulerImpl: Adding task set 0.0 with 1 tasks resource profile 0
[2025-05-21T13:09:20.952+0000] {subprocess.py:93} INFO - 25/05/21 13:09:20 INFO TaskSetManager: Starting task 0.0 in stage 0.0 (TID 0) (8567accc62ca, executor driver, partition 0, ANY, 8247 bytes)
[2025-05-21T13:09:21.069+0000] {subprocess.py:93} INFO - 25/05/21 13:09:21 INFO Executor: Running task 0.0 in stage 0.0 (TID 0)
[2025-05-21T13:09:21.266+0000] {subprocess.py:93} INFO - 25/05/21 13:09:21 INFO CodeGenerator: Code generated in 30.716975 ms
[2025-05-21T13:09:21.314+0000] {subprocess.py:93} INFO - 25/05/21 13:09:21 INFO FileScanRDD: Reading File path: hdfs://namenode:9000/gold_price/news/raw/year=2025/month=5/day=21/news_data.json, range: 0-83648, partition values: [empty row]
[2025-05-21T13:09:21.347+0000] {subprocess.py:93} INFO - 25/05/21 13:09:21 INFO CodeGenerator: Code generated in 20.710864 ms
[2025-05-21T13:09:21.392+0000] {subprocess.py:93} INFO - 25/05/21 13:09:21 INFO CodeGenerator: Code generated in 10.235659 ms
[2025-05-21T13:09:21.799+0000] {subprocess.py:93} INFO - 25/05/21 13:09:21 INFO Executor: Finished task 0.0 in stage 0.0 (TID 0). 2070 bytes result sent to driver
[2025-05-21T13:09:21.823+0000] {subprocess.py:93} INFO - 25/05/21 13:09:21 INFO TaskSetManager: Finished task 0.0 in stage 0.0 (TID 0) in 888 ms on 8567accc62ca (executor driver) (1/1)
[2025-05-21T13:09:21.828+0000] {subprocess.py:93} INFO - 25/05/21 13:09:21 INFO TaskSchedulerImpl: Removed TaskSet 0.0, whose tasks have all completed, from pool
[2025-05-21T13:09:21.845+0000] {subprocess.py:93} INFO - 25/05/21 13:09:21 INFO DAGScheduler: ShuffleMapStage 0 (count at <unknown>:0) finished in 1.137 s
[2025-05-21T13:09:21.847+0000] {subprocess.py:93} INFO - 25/05/21 13:09:21 INFO DAGScheduler: looking for newly runnable stages
[2025-05-21T13:09:21.848+0000] {subprocess.py:93} INFO - 25/05/21 13:09:21 INFO DAGScheduler: running: Set()
[2025-05-21T13:09:21.848+0000] {subprocess.py:93} INFO - 25/05/21 13:09:21 INFO DAGScheduler: waiting: Set()
[2025-05-21T13:09:21.851+0000] {subprocess.py:93} INFO - 25/05/21 13:09:21 INFO DAGScheduler: failed: Set()
[2025-05-21T13:09:21.952+0000] {subprocess.py:93} INFO - 25/05/21 13:09:21 INFO CodeGenerator: Code generated in 25.883874 ms
[2025-05-21T13:09:22.047+0000] {subprocess.py:93} INFO - 25/05/21 13:09:22 INFO SparkContext: Starting job: count at <unknown>:0
[2025-05-21T13:09:22.057+0000] {subprocess.py:93} INFO - 25/05/21 13:09:22 INFO DAGScheduler: Got job 1 (count at <unknown>:0) with 1 output partitions
[2025-05-21T13:09:22.059+0000] {subprocess.py:93} INFO - 25/05/21 13:09:22 INFO DAGScheduler: Final stage: ResultStage 2 (count at <unknown>:0)
[2025-05-21T13:09:22.063+0000] {subprocess.py:93} INFO - 25/05/21 13:09:22 INFO DAGScheduler: Parents of final stage: List(ShuffleMapStage 1)
[2025-05-21T13:09:22.065+0000] {subprocess.py:93} INFO - 25/05/21 13:09:22 INFO DAGScheduler: Missing parents: List()
[2025-05-21T13:09:22.074+0000] {subprocess.py:93} INFO - 25/05/21 13:09:22 INFO DAGScheduler: Submitting ResultStage 2 (MapPartitionsRDD[6] at count at <unknown>:0), which has no missing parents
[2025-05-21T13:09:22.099+0000] {subprocess.py:93} INFO - 25/05/21 13:09:22 INFO MemoryStore: Block broadcast_2 stored as values in memory (estimated size 12.5 KiB, free 434.1 MiB)
[2025-05-21T13:09:22.108+0000] {subprocess.py:93} INFO - 25/05/21 13:09:22 INFO MemoryStore: Block broadcast_2_piece0 stored as bytes in memory (estimated size 5.9 KiB, free 434.1 MiB)
[2025-05-21T13:09:22.111+0000] {subprocess.py:93} INFO - 25/05/21 13:09:22 INFO BlockManagerInfo: Added broadcast_2_piece0 in memory on 8567accc62ca:44041 (size: 5.9 KiB, free: 434.4 MiB)
[2025-05-21T13:09:22.114+0000] {subprocess.py:93} INFO - 25/05/21 13:09:22 INFO SparkContext: Created broadcast 2 from broadcast at DAGScheduler.scala:1585
[2025-05-21T13:09:22.119+0000] {subprocess.py:93} INFO - 25/05/21 13:09:22 INFO DAGScheduler: Submitting 1 missing tasks from ResultStage 2 (MapPartitionsRDD[6] at count at <unknown>:0) (first 15 tasks are for partitions Vector(0))
[2025-05-21T13:09:22.120+0000] {subprocess.py:93} INFO - 25/05/21 13:09:22 INFO TaskSchedulerImpl: Adding task set 2.0 with 1 tasks resource profile 0
[2025-05-21T13:09:22.133+0000] {subprocess.py:93} INFO - 25/05/21 13:09:22 INFO TaskSetManager: Starting task 0.0 in stage 2.0 (TID 1) (8567accc62ca, executor driver, partition 0, NODE_LOCAL, 7615 bytes)
[2025-05-21T13:09:22.135+0000] {subprocess.py:93} INFO - 25/05/21 13:09:22 INFO Executor: Running task 0.0 in stage 2.0 (TID 1)
[2025-05-21T13:09:22.239+0000] {subprocess.py:93} INFO - 25/05/21 13:09:22 INFO ShuffleBlockFetcherIterator: Getting 1 (60.0 B) non-empty blocks including 1 (60.0 B) local and 0 (0.0 B) host-local and 0 (0.0 B) push-merged-local and 0 (0.0 B) remote blocks
[2025-05-21T13:09:22.244+0000] {subprocess.py:93} INFO - 25/05/21 13:09:22 INFO ShuffleBlockFetcherIterator: Started 0 remote fetches in 18 ms
[2025-05-21T13:09:22.311+0000] {subprocess.py:93} INFO - 25/05/21 13:09:22 INFO CodeGenerator: Code generated in 38.720869 ms
[2025-05-21T13:09:22.367+0000] {subprocess.py:93} INFO - 25/05/21 13:09:22 INFO Executor: Finished task 0.0 in stage 2.0 (TID 1). 4031 bytes result sent to driver
[2025-05-21T13:09:22.372+0000] {subprocess.py:93} INFO - 25/05/21 13:09:22 INFO TaskSetManager: Finished task 0.0 in stage 2.0 (TID 1) in 246 ms on 8567accc62ca (executor driver) (1/1)
[2025-05-21T13:09:22.382+0000] {subprocess.py:93} INFO - 25/05/21 13:09:22 INFO TaskSchedulerImpl: Removed TaskSet 2.0, whose tasks have all completed, from pool
[2025-05-21T13:09:22.383+0000] {subprocess.py:93} INFO - 25/05/21 13:09:22 INFO DAGScheduler: ResultStage 2 (count at <unknown>:0) finished in 0.281 s
[2025-05-21T13:09:22.392+0000] {subprocess.py:93} INFO - 25/05/21 13:09:22 INFO DAGScheduler: Job 1 is finished. Cancelling potential speculative or zombie tasks for this job
[2025-05-21T13:09:22.394+0000] {subprocess.py:93} INFO - 25/05/21 13:09:22 INFO TaskSchedulerImpl: Killing all running tasks in stage 2: Stage finished
[2025-05-21T13:09:22.395+0000] {subprocess.py:93} INFO - 25/05/21 13:09:22 INFO DAGScheduler: Job 1 finished: count at <unknown>:0, took 0.347821 s
[2025-05-21T13:09:22.418+0000] {subprocess.py:93} INFO - ERROR:__main__:Aucune donnée valide trouvée après filtrage. Arrêt du traitement.
[2025-05-21T13:09:22.419+0000] {subprocess.py:93} INFO - 25/05/21 13:09:22 INFO SparkContext: SparkContext is stopping with exitCode 0.
[2025-05-21T13:09:22.455+0000] {subprocess.py:93} INFO - 25/05/21 13:09:22 INFO SparkUI: Stopped Spark web UI at http://8567accc62ca:4040
[2025-05-21T13:09:22.500+0000] {subprocess.py:93} INFO - 25/05/21 13:09:22 INFO MapOutputTrackerMasterEndpoint: MapOutputTrackerMasterEndpoint stopped!
[2025-05-21T13:09:22.522+0000] {subprocess.py:93} INFO - 25/05/21 13:09:22 INFO MemoryStore: MemoryStore cleared
[2025-05-21T13:09:22.523+0000] {subprocess.py:93} INFO - 25/05/21 13:09:22 INFO BlockManager: BlockManager stopped
[2025-05-21T13:09:22.540+0000] {subprocess.py:93} INFO - 25/05/21 13:09:22 INFO BlockManagerMaster: BlockManagerMaster stopped
[2025-05-21T13:09:22.546+0000] {subprocess.py:93} INFO - 25/05/21 13:09:22 INFO OutputCommitCoordinator$OutputCommitCoordinatorEndpoint: OutputCommitCoordinator stopped!
[2025-05-21T13:09:22.562+0000] {subprocess.py:93} INFO - 25/05/21 13:09:22 INFO SparkContext: Successfully stopped SparkContext
[2025-05-21T13:09:22.871+0000] {subprocess.py:93} INFO - Traceback (most recent call last):
[2025-05-21T13:09:22.872+0000] {subprocess.py:93} INFO -   File "/scripts/analyze_news.py", line 57, in <module>
[2025-05-21T13:09:22.874+0000] {subprocess.py:93} INFO -     raise ValueError("Aucune donnée valide à analyser après filtrage.")
[2025-05-21T13:09:22.875+0000] {subprocess.py:93} INFO - ValueError: Aucune donnée valide à analyser après filtrage.
[2025-05-21T13:09:22.950+0000] {subprocess.py:93} INFO - 25/05/21 13:09:22 INFO ShutdownHookManager: Shutdown hook called
[2025-05-21T13:09:22.951+0000] {subprocess.py:93} INFO - 25/05/21 13:09:22 INFO ShutdownHookManager: Deleting directory /tmp/spark-7b524793-c225-4d35-8c3c-811ebe93f6cd
[2025-05-21T13:09:22.957+0000] {subprocess.py:93} INFO - 25/05/21 13:09:22 INFO ShutdownHookManager: Deleting directory /tmp/spark-2ca3d206-2f79-4f9f-aa37-dd637c149a24
[2025-05-21T13:09:22.963+0000] {subprocess.py:93} INFO - 25/05/21 13:09:22 INFO ShutdownHookManager: Deleting directory /tmp/spark-7b524793-c225-4d35-8c3c-811ebe93f6cd/pyspark-f1e01dd4-8d72-4129-aaf1-81e9563081f8
[2025-05-21T13:09:23.049+0000] {subprocess.py:97} INFO - Command exited with return code 1
[2025-05-21T13:09:23.066+0000] {taskinstance.py:1935} ERROR - Task failed with exception
Traceback (most recent call last):
  File "/home/airflow/.local/lib/python3.9/site-packages/airflow/operators/bash.py", line 210, in execute
    raise AirflowException(
airflow.exceptions.AirflowException: Bash command failed. The command returned a non-zero exit code 1.
[2025-05-21T13:09:23.071+0000] {taskinstance.py:1398} INFO - Marking task as FAILED. dag_id=gold_news_pipeline, task_id=analyze_news, execution_date=20250521T130849, start_date=20250521T130908, end_date=20250521T130923
[2025-05-21T13:09:23.072+0000] {news_batch.py:190} ERROR - Tâche échouée : analyze_news, logs : http://localhost:8080/log?execution_date=2025-05-21T13%3A08%3A49.005686%2B00%3A00&task_id=analyze_news&dag_id=gold_news_pipeline&map_index=-1
[2025-05-21T13:09:23.092+0000] {standard_task_runner.py:104} ERROR - Failed to execute job 139 for task analyze_news (Bash command failed. The command returned a non-zero exit code 1.; 3949)
[2025-05-21T13:09:23.115+0000] {local_task_job_runner.py:228} INFO - Task exited with return code 1
[2025-05-21T13:09:23.135+0000] {taskinstance.py:2776} INFO - 0 downstream tasks scheduled from follow-on schedule check
