[2025-05-12T17:05:44.638+0000] {taskinstance.py:1157} INFO - Dependencies all met for dep_context=non-requeueable deps ti=<TaskInstance: gold_pipeline.extract_gold_data manual__2025-05-12T17:05:19.013601+00:00 [queued]>
[2025-05-12T17:05:44.650+0000] {taskinstance.py:1157} INFO - Dependencies all met for dep_context=requeueable deps ti=<TaskInstance: gold_pipeline.extract_gold_data manual__2025-05-12T17:05:19.013601+00:00 [queued]>
[2025-05-12T17:05:44.654+0000] {taskinstance.py:1359} INFO - Starting attempt 1 of 1
[2025-05-12T17:05:44.673+0000] {taskinstance.py:1380} INFO - Executing <Task(PythonOperator): extract_gold_data> on 2025-05-12 17:05:19.013601+00:00
[2025-05-12T17:05:44.682+0000] {standard_task_runner.py:57} INFO - Started process 544 to run task
[2025-05-12T17:05:44.687+0000] {standard_task_runner.py:84} INFO - Running: ['***', 'tasks', 'run', 'gold_pipeline', 'extract_gold_data', 'manual__2025-05-12T17:05:19.013601+00:00', '--job-id', '74', '--raw', '--subdir', 'DAGS_FOLDER/pipeline.py', '--cfg-path', '/tmp/tmpiznlvytj']
[2025-05-12T17:05:44.692+0000] {standard_task_runner.py:85} INFO - Job 74: Subtask extract_gold_data
[2025-05-12T17:05:44.795+0000] {task_command.py:415} INFO - Running <TaskInstance: gold_pipeline.extract_gold_data manual__2025-05-12T17:05:19.013601+00:00 [running]> on host 51d6065cf9f5
[2025-05-12T17:05:45.006+0000] {taskinstance.py:1660} INFO - Exporting env vars: AIRFLOW_CTX_DAG_OWNER='***' AIRFLOW_CTX_DAG_ID='gold_pipeline' AIRFLOW_CTX_TASK_ID='extract_gold_data' AIRFLOW_CTX_EXECUTION_DATE='2025-05-12T17:05:19.013601+00:00' AIRFLOW_CTX_TRY_NUMBER='1' AIRFLOW_CTX_DAG_RUN_ID='manual__2025-05-12T17:05:19.013601+00:00'
[2025-05-12T17:05:50.718+0000] {logging_mixin.py:151} INFO - Aperçu des données récupérées :
[2025-05-12T17:05:50.744+0000] {logging_mixin.py:151} INFO -                    raw_date source_name  ... volume         ingestion_timestamp
0 2025-04-13 16:00:00-04:00    yfinance  ...   8758  2025-05-12T17:05:50.706774
1 2025-04-13 20:00:00-04:00    yfinance  ...  24397  2025-05-12T17:05:50.706852
2 2025-04-14 00:00:00-04:00    yfinance  ...  18125  2025-05-12T17:05:50.706906
3 2025-04-14 04:00:00-04:00    yfinance  ...  38220  2025-05-12T17:05:50.706957
4 2025-04-14 08:00:00-04:00    yfinance  ...  65976  2025-05-12T17:05:50.707008

[5 rows x 7 columns]
[2025-05-12T17:05:52.163+0000] {client.py:496} INFO - Writing to '/gold_datalake/raw/gold_prices/2025-05-12.csv'.
[2025-05-12T17:05:57.678+0000] {client.py:496} INFO - Writing to '/gold_datalake/raw/fed_rates/2025-05-12.csv'.
[2025-05-12T17:05:57.797+0000] {client.py:496} INFO - Writing to '/gold_datalake/raw/sp500/2025-05-12.csv'.
[2025-05-12T17:05:57.854+0000] {python.py:194} INFO - Done. Returned value was: (                     raw_date source_name  ... volume         ingestion_timestamp
0   2025-04-13 16:00:00-04:00    yfinance  ...   8758  2025-05-12T17:05:50.706774
1   2025-04-13 20:00:00-04:00    yfinance  ...  24397  2025-05-12T17:05:50.706852
2   2025-04-14 00:00:00-04:00    yfinance  ...  18125  2025-05-12T17:05:50.706906
3   2025-04-14 04:00:00-04:00    yfinance  ...  38220  2025-05-12T17:05:50.706957
4   2025-04-14 08:00:00-04:00    yfinance  ...  65976  2025-05-12T17:05:50.707008
..                        ...         ...  ...    ...                         ...
115 2025-05-09 08:00:00-04:00    yfinance  ...  58845  2025-05-12T17:05:50.716559
116 2025-05-09 12:00:00-04:00    yfinance  ...  33319  2025-05-12T17:05:50.716618
117 2025-05-09 16:00:00-04:00    yfinance  ...   3628  2025-05-12T17:05:50.716676
118 2025-05-11 16:00:00-04:00    yfinance  ...  22068  2025-05-12T17:05:50.716733
119 2025-05-11 20:00:00-04:00    yfinance  ...  37466  2025-05-12T17:05:50.716790

[120 rows x 7 columns],          index       date  taux_fed
0   1954-07-01 1954-07-01      0.80
1   1954-08-01 1954-08-01      1.22
2   1954-09-01 1954-09-01      1.07
3   1954-10-01 1954-10-01      0.85
4   1954-11-01 1954-11-01      0.83
..         ...        ...       ...
845 2024-12-01 2024-12-01      4.48
846 2025-01-01 2025-01-01      4.33
847 2025-02-01 2025-02-01      4.33
848 2025-03-01 2025-03-01      4.33
849 2025-04-01 2025-04-01      4.33

[850 rows x 3 columns],                          date   prix_sp500  volume_sp500
0   2025-04-14 09:30:00-04:00  5438.450195             0
1   2025-04-14 10:30:00-04:00  5403.470215     399905721
2   2025-04-14 11:30:00-04:00  5376.910156     375114000
3   2025-04-14 12:30:00-04:00  5392.419922     318162000
4   2025-04-14 13:30:00-04:00  5421.899902     260575000
..                        ...          ...           ...
132 2025-05-09 15:30:00-04:00  5659.149902     360615000
133 2025-05-12 09:30:00-04:00  5797.680176     809092670
134 2025-05-12 10:30:00-04:00  5804.259766     453780565
135 2025-05-12 11:30:00-04:00  5809.240234     327222000
136 2025-05-12 12:30:00-04:00  5829.020020     160792000

[137 rows x 3 columns])
[2025-05-12T17:05:58.026+0000] {taskinstance.py:1398} INFO - Marking task as SUCCESS. dag_id=gold_pipeline, task_id=extract_gold_data, execution_date=20250512T170519, start_date=20250512T170544, end_date=20250512T170558
[2025-05-12T17:05:58.102+0000] {local_task_job_runner.py:228} INFO - Task exited with return code 0
[2025-05-12T17:05:58.139+0000] {taskinstance.py:2776} INFO - 1 downstream tasks scheduled from follow-on schedule check
