[2025-05-21T13:14:20.003+0000] {taskinstance.py:1157} INFO - Dependencies all met for dep_context=non-requeueable deps ti=<TaskInstance: gold_news_pipeline.ingest_news manual__2025-05-21T13:14:18.005022+00:00 [queued]>
[2025-05-21T13:14:20.021+0000] {taskinstance.py:1157} INFO - Dependencies all met for dep_context=requeueable deps ti=<TaskInstance: gold_news_pipeline.ingest_news manual__2025-05-21T13:14:18.005022+00:00 [queued]>
[2025-05-21T13:14:20.023+0000] {taskinstance.py:1359} INFO - Starting attempt 1 of 1
[2025-05-21T13:14:20.049+0000] {taskinstance.py:1380} INFO - Executing <Task(PythonOperator): ingest_news> on 2025-05-21 13:14:18.005022+00:00
[2025-05-21T13:14:20.060+0000] {standard_task_runner.py:57} INFO - Started process 4381 to run task
[2025-05-21T13:14:20.065+0000] {standard_task_runner.py:84} INFO - Running: ['***', 'tasks', 'run', 'gold_news_pipeline', 'ingest_news', 'manual__2025-05-21T13:14:18.005022+00:00', '--job-id', '140', '--raw', '--subdir', 'DAGS_FOLDER/news_batch.py', '--cfg-path', '/tmp/tmpg0fbysw3']
[2025-05-21T13:14:20.069+0000] {standard_task_runner.py:85} INFO - Job 140: Subtask ingest_news
[2025-05-21T13:14:20.183+0000] {task_command.py:415} INFO - Running <TaskInstance: gold_news_pipeline.ingest_news manual__2025-05-21T13:14:18.005022+00:00 [running]> on host 5c6832b8ad2a
[2025-05-21T13:14:20.395+0000] {taskinstance.py:1660} INFO - Exporting env vars: AIRFLOW_CTX_DAG_OWNER='***' AIRFLOW_CTX_DAG_ID='gold_news_pipeline' AIRFLOW_CTX_TASK_ID='ingest_news' AIRFLOW_CTX_EXECUTION_DATE='2025-05-21T13:14:18.005022+00:00' AIRFLOW_CTX_TRY_NUMBER='1' AIRFLOW_CTX_DAG_RUN_ID='manual__2025-05-21T13:14:18.005022+00:00'
[2025-05-21T13:14:20.397+0000] {news_batch.py:41} INFO - Requête API NewsAPI, page 1...
[2025-05-21T13:14:20.798+0000] {news_batch.py:41} INFO - Requête API NewsAPI, page 2...
[2025-05-21T13:14:21.370+0000] {news_batch.py:41} INFO - Requête API NewsAPI, page 3...
[2025-05-21T13:14:21.632+0000] {news_batch.py:41} INFO - Requête API NewsAPI, page 4...
[2025-05-21T13:14:21.876+0000] {news_batch.py:41} INFO - Requête API NewsAPI, page 5...
[2025-05-21T13:14:22.453+0000] {news_batch.py:41} INFO - Requête API NewsAPI, page 6...
[2025-05-21T13:14:22.724+0000] {news_batch.py:41} INFO - Requête API NewsAPI, page 7...
[2025-05-21T13:14:23.364+0000] {news_batch.py:41} INFO - Requête API NewsAPI, page 8...
[2025-05-21T13:14:23.632+0000] {news_batch.py:41} INFO - Requête API NewsAPI, page 9...
[2025-05-21T13:14:23.929+0000] {news_batch.py:41} INFO - Requête API NewsAPI, page 10...
[2025-05-21T13:14:24.213+0000] {news_batch.py:69} INFO - Écriture des données dans /app/news_gold_market_20250521_131424.json...
[2025-05-21T13:14:24.246+0000] {news_batch.py:78} INFO - Total de 99 news ingérées et sauvegardées dans /app/news_gold_market_20250521_131424.json
[2025-05-21T13:14:24.250+0000] {python.py:194} INFO - Done. Returned value was: True
[2025-05-21T13:14:24.279+0000] {taskinstance.py:1398} INFO - Marking task as SUCCESS. dag_id=gold_news_pipeline, task_id=ingest_news, execution_date=20250521T131418, start_date=20250521T131420, end_date=20250521T131424
[2025-05-21T13:14:24.312+0000] {local_task_job_runner.py:228} INFO - Task exited with return code 0
[2025-05-21T13:14:24.348+0000] {taskinstance.py:2776} INFO - 1 downstream tasks scheduled from follow-on schedule check
