[2025-05-21T10:54:16.470+0000] {taskinstance.py:1157} INFO - Dependencies all met for dep_context=non-requeueable deps ti=<TaskInstance: gold_news_pipeline.ingest_news manual__2025-05-21T10:54:11.648634+00:00 [queued]>
[2025-05-21T10:54:16.494+0000] {taskinstance.py:1157} INFO - Dependencies all met for dep_context=requeueable deps ti=<TaskInstance: gold_news_pipeline.ingest_news manual__2025-05-21T10:54:11.648634+00:00 [queued]>
[2025-05-21T10:54:16.495+0000] {taskinstance.py:1359} INFO - Starting attempt 1 of 1
[2025-05-21T10:54:16.521+0000] {taskinstance.py:1380} INFO - Executing <Task(PythonOperator): ingest_news> on 2025-05-21 10:54:11.648634+00:00
[2025-05-21T10:54:16.534+0000] {standard_task_runner.py:57} INFO - Started process 745 to run task
[2025-05-21T10:54:16.541+0000] {standard_task_runner.py:84} INFO - Running: ['***', 'tasks', 'run', 'gold_news_pipeline', 'ingest_news', 'manual__2025-05-21T10:54:11.648634+00:00', '--job-id', '115', '--raw', '--subdir', 'DAGS_FOLDER/news_batch.py', '--cfg-path', '/tmp/tmpkrfap177']
[2025-05-21T10:54:16.550+0000] {standard_task_runner.py:85} INFO - Job 115: Subtask ingest_news
[2025-05-21T10:54:16.672+0000] {task_command.py:415} INFO - Running <TaskInstance: gold_news_pipeline.ingest_news manual__2025-05-21T10:54:11.648634+00:00 [running]> on host 5c6832b8ad2a
[2025-05-21T10:54:16.830+0000] {taskinstance.py:1660} INFO - Exporting env vars: AIRFLOW_CTX_DAG_OWNER='***' AIRFLOW_CTX_DAG_ID='gold_news_pipeline' AIRFLOW_CTX_TASK_ID='ingest_news' AIRFLOW_CTX_EXECUTION_DATE='2025-05-21T10:54:11.648634+00:00' AIRFLOW_CTX_TRY_NUMBER='1' AIRFLOW_CTX_DAG_RUN_ID='manual__2025-05-21T10:54:11.648634+00:00'
[2025-05-21T10:54:16.834+0000] {news_batch.py:41} INFO - Requête API NewsAPI, page 1...
[2025-05-21T10:54:17.528+0000] {news_batch.py:41} INFO - Requête API NewsAPI, page 2...
[2025-05-21T10:54:17.931+0000] {news_batch.py:41} INFO - Requête API NewsAPI, page 3...
[2025-05-21T10:54:18.750+0000] {news_batch.py:41} INFO - Requête API NewsAPI, page 4...
[2025-05-21T10:54:19.179+0000] {news_batch.py:41} INFO - Requête API NewsAPI, page 5...
[2025-05-21T10:54:19.568+0000] {news_batch.py:41} INFO - Requête API NewsAPI, page 6...
[2025-05-21T10:54:20.016+0000] {news_batch.py:41} INFO - Requête API NewsAPI, page 7...
[2025-05-21T10:54:20.496+0000] {news_batch.py:41} INFO - Requête API NewsAPI, page 8...
[2025-05-21T10:54:21.214+0000] {news_batch.py:41} INFO - Requête API NewsAPI, page 9...
[2025-05-21T10:54:21.730+0000] {news_batch.py:41} INFO - Requête API NewsAPI, page 10...
[2025-05-21T10:54:22.336+0000] {news_batch.py:69} INFO - Écriture des données dans /app/news_gold_market_20250521_105422.json...
[2025-05-21T10:54:22.377+0000] {news_batch.py:78} INFO - Total de 99 news ingérées et sauvegardées dans /app/news_gold_market_20250521_105422.json
[2025-05-21T10:54:22.381+0000] {python.py:194} INFO - Done. Returned value was: True
[2025-05-21T10:54:22.422+0000] {taskinstance.py:1398} INFO - Marking task as SUCCESS. dag_id=gold_news_pipeline, task_id=ingest_news, execution_date=20250521T105411, start_date=20250521T105416, end_date=20250521T105422
[2025-05-21T10:54:22.499+0000] {local_task_job_runner.py:228} INFO - Task exited with return code 0
[2025-05-21T10:54:22.578+0000] {taskinstance.py:2776} INFO - 1 downstream tasks scheduled from follow-on schedule check
