[2025-05-21T12:58:41.495+0000] {taskinstance.py:1157} INFO - Dependencies all met for dep_context=non-requeueable deps ti=<TaskInstance: gold_news_pipeline.analyze_news manual__2025-05-21T12:58:20.072348+00:00 [queued]>
[2025-05-21T12:58:41.504+0000] {taskinstance.py:1157} INFO - Dependencies all met for dep_context=requeueable deps ti=<TaskInstance: gold_news_pipeline.analyze_news manual__2025-05-21T12:58:20.072348+00:00 [queued]>
[2025-05-21T12:58:41.505+0000] {taskinstance.py:1359} INFO - Starting attempt 1 of 1
[2025-05-21T12:58:41.521+0000] {taskinstance.py:1380} INFO - Executing <Task(BashOperator): analyze_news> on 2025-05-21 12:58:20.072348+00:00
[2025-05-21T12:58:41.531+0000] {standard_task_runner.py:57} INFO - Started process 3023 to run task
[2025-05-21T12:58:41.535+0000] {standard_task_runner.py:84} INFO - Running: ['***', 'tasks', 'run', 'gold_news_pipeline', 'analyze_news', 'manual__2025-05-21T12:58:20.072348+00:00', '--job-id', '129', '--raw', '--subdir', 'DAGS_FOLDER/news_batch.py', '--cfg-path', '/tmp/tmpy_x_y5k9']
[2025-05-21T12:58:41.539+0000] {standard_task_runner.py:85} INFO - Job 129: Subtask analyze_news
[2025-05-21T12:58:41.609+0000] {task_command.py:415} INFO - Running <TaskInstance: gold_news_pipeline.analyze_news manual__2025-05-21T12:58:20.072348+00:00 [running]> on host 5c6832b8ad2a
[2025-05-21T12:58:41.775+0000] {taskinstance.py:1660} INFO - Exporting env vars: AIRFLOW_CTX_DAG_OWNER='***' AIRFLOW_CTX_DAG_ID='gold_news_pipeline' AIRFLOW_CTX_TASK_ID='analyze_news' AIRFLOW_CTX_EXECUTION_DATE='2025-05-21T12:58:20.072348+00:00' AIRFLOW_CTX_TRY_NUMBER='1' AIRFLOW_CTX_DAG_RUN_ID='manual__2025-05-21T12:58:20.072348+00:00'
[2025-05-21T12:58:41.778+0000] {subprocess.py:63} INFO - Tmp dir root location: /tmp
[2025-05-21T12:58:41.780+0000] {subprocess.py:75} INFO - Running command: ['/bin/bash', '-c', 'docker exec gold_price_project-spark-1 spark-submit /scripts/analyze_news.py hdfs://namenode:9000/gold_price/news/raw/year=2025/month=5/day=21']
[2025-05-21T12:58:41.796+0000] {subprocess.py:86} INFO - Output:
[2025-05-21T12:58:45.889+0000] {subprocess.py:93} INFO - 25/05/21 12:58:45 INFO SparkContext: Running Spark version 3.5.1
[2025-05-21T12:58:45.893+0000] {subprocess.py:93} INFO - 25/05/21 12:58:45 INFO SparkContext: OS info Linux, 5.15.167.4-microsoft-standard-WSL2, amd64
[2025-05-21T12:58:45.894+0000] {subprocess.py:93} INFO - 25/05/21 12:58:45 INFO SparkContext: Java version 11.0.22
[2025-05-21T12:58:46.125+0000] {subprocess.py:93} INFO - 25/05/21 12:58:46 WARN NativeCodeLoader: Unable to load native-hadoop library for your platform... using builtin-java classes where applicable
[2025-05-21T12:58:46.353+0000] {subprocess.py:93} INFO - 25/05/21 12:58:46 INFO ResourceUtils: ==============================================================
[2025-05-21T12:58:46.354+0000] {subprocess.py:93} INFO - 25/05/21 12:58:46 INFO ResourceUtils: No custom resources configured for spark.driver.
[2025-05-21T12:58:46.355+0000] {subprocess.py:93} INFO - 25/05/21 12:58:46 INFO ResourceUtils: ==============================================================
[2025-05-21T12:58:46.355+0000] {subprocess.py:93} INFO - 25/05/21 12:58:46 INFO SparkContext: Submitted application: GoldMarketNewsAnalysis
[2025-05-21T12:58:46.450+0000] {subprocess.py:93} INFO - 25/05/21 12:58:46 INFO ResourceProfile: Default ResourceProfile created, executor resources: Map(cores -> name: cores, amount: 1, script: , vendor: , memory -> name: memory, amount: 1024, script: , vendor: , offHeap -> name: offHeap, amount: 0, script: , vendor: ), task resources: Map(cpus -> name: cpus, amount: 1.0)
[2025-05-21T12:58:46.471+0000] {subprocess.py:93} INFO - 25/05/21 12:58:46 INFO ResourceProfile: Limiting resource is cpu
[2025-05-21T12:58:46.472+0000] {subprocess.py:93} INFO - 25/05/21 12:58:46 INFO ResourceProfileManager: Added ResourceProfile id: 0
[2025-05-21T12:58:46.671+0000] {subprocess.py:93} INFO - 25/05/21 12:58:46 INFO SecurityManager: Changing view acls to: root
[2025-05-21T12:58:46.672+0000] {subprocess.py:93} INFO - 25/05/21 12:58:46 INFO SecurityManager: Changing modify acls to: root
[2025-05-21T12:58:46.673+0000] {subprocess.py:93} INFO - 25/05/21 12:58:46 INFO SecurityManager: Changing view acls groups to:
[2025-05-21T12:58:46.678+0000] {subprocess.py:93} INFO - 25/05/21 12:58:46 INFO SecurityManager: Changing modify acls groups to:
[2025-05-21T12:58:46.683+0000] {subprocess.py:93} INFO - 25/05/21 12:58:46 INFO SecurityManager: SecurityManager: authentication disabled; ui acls disabled; users with view permissions: root; groups with view permissions: EMPTY; users with modify permissions: root; groups with modify permissions: EMPTY
[2025-05-21T12:58:47.512+0000] {subprocess.py:93} INFO - 25/05/21 12:58:47 INFO Utils: Successfully started service 'sparkDriver' on port 40487.
[2025-05-21T12:58:47.568+0000] {subprocess.py:93} INFO - 25/05/21 12:58:47 INFO SparkEnv: Registering MapOutputTracker
[2025-05-21T12:58:47.630+0000] {subprocess.py:93} INFO - 25/05/21 12:58:47 INFO SparkEnv: Registering BlockManagerMaster
[2025-05-21T12:58:47.662+0000] {subprocess.py:93} INFO - 25/05/21 12:58:47 INFO BlockManagerMasterEndpoint: Using org.apache.spark.storage.DefaultTopologyMapper for getting topology information
[2025-05-21T12:58:47.664+0000] {subprocess.py:93} INFO - 25/05/21 12:58:47 INFO BlockManagerMasterEndpoint: BlockManagerMasterEndpoint up
[2025-05-21T12:58:47.673+0000] {subprocess.py:93} INFO - 25/05/21 12:58:47 INFO SparkEnv: Registering BlockManagerMasterHeartbeat
[2025-05-21T12:58:47.730+0000] {subprocess.py:93} INFO - 25/05/21 12:58:47 INFO DiskBlockManager: Created local directory at /tmp/blockmgr-45c9ced7-5930-4e67-81c9-d37025d072d1
[2025-05-21T12:58:47.770+0000] {subprocess.py:93} INFO - 25/05/21 12:58:47 INFO MemoryStore: MemoryStore started with capacity 434.4 MiB
[2025-05-21T12:58:47.815+0000] {subprocess.py:93} INFO - 25/05/21 12:58:47 INFO SparkEnv: Registering OutputCommitCoordinator
[2025-05-21T12:58:48.094+0000] {subprocess.py:93} INFO - 25/05/21 12:58:48 INFO JettyUtils: Start Jetty 0.0.0.0:4040 for SparkUI
[2025-05-21T12:58:48.272+0000] {subprocess.py:93} INFO - 25/05/21 12:58:48 INFO Utils: Successfully started service 'SparkUI' on port 4040.
[2025-05-21T12:58:48.603+0000] {subprocess.py:93} INFO - 25/05/21 12:58:48 INFO Executor: Starting executor ID driver on host 8567accc62ca
[2025-05-21T12:58:48.604+0000] {subprocess.py:93} INFO - 25/05/21 12:58:48 INFO Executor: OS info Linux, 5.15.167.4-microsoft-standard-WSL2, amd64
[2025-05-21T12:58:48.605+0000] {subprocess.py:93} INFO - 25/05/21 12:58:48 INFO Executor: Java version 11.0.22
[2025-05-21T12:58:48.624+0000] {subprocess.py:93} INFO - 25/05/21 12:58:48 INFO Executor: Starting executor with user classpath (userClassPathFirst = false): ''
[2025-05-21T12:58:48.625+0000] {subprocess.py:93} INFO - 25/05/21 12:58:48 INFO Executor: Created or updated repl class loader org.apache.spark.util.MutableURLClassLoader@3285a5af for default.
[2025-05-21T12:58:48.677+0000] {subprocess.py:93} INFO - 25/05/21 12:58:48 INFO Utils: Successfully started service 'org.apache.spark.network.netty.NettyBlockTransferService' on port 42435.
[2025-05-21T12:58:48.681+0000] {subprocess.py:93} INFO - 25/05/21 12:58:48 INFO NettyBlockTransferService: Server created on 8567accc62ca:42435
[2025-05-21T12:58:48.686+0000] {subprocess.py:93} INFO - 25/05/21 12:58:48 INFO BlockManager: Using org.apache.spark.storage.RandomBlockReplicationPolicy for block replication policy
[2025-05-21T12:58:48.698+0000] {subprocess.py:93} INFO - 25/05/21 12:58:48 INFO BlockManagerMaster: Registering BlockManager BlockManagerId(driver, 8567accc62ca, 42435, None)
[2025-05-21T12:58:48.706+0000] {subprocess.py:93} INFO - 25/05/21 12:58:48 INFO BlockManagerMasterEndpoint: Registering block manager 8567accc62ca:42435 with 434.4 MiB RAM, BlockManagerId(driver, 8567accc62ca, 42435, None)
[2025-05-21T12:58:48.711+0000] {subprocess.py:93} INFO - 25/05/21 12:58:48 INFO BlockManagerMaster: Registered BlockManager BlockManagerId(driver, 8567accc62ca, 42435, None)
[2025-05-21T12:58:48.717+0000] {subprocess.py:93} INFO - 25/05/21 12:58:48 INFO BlockManager: Initialized BlockManager: BlockManagerId(driver, 8567accc62ca, 42435, None)
[2025-05-21T12:58:50.104+0000] {subprocess.py:93} INFO - INFO:__main__:Lecture du fichier JSON depuis : /gold_price/news/raw/year=2025/month=5/day=21/news_data.json
[2025-05-21T12:58:50.350+0000] {subprocess.py:93} INFO - 25/05/21 12:58:50 INFO SharedState: Setting hive.metastore.warehouse.dir ('null') to the value of spark.sql.warehouse.dir.
[2025-05-21T12:58:50.382+0000] {subprocess.py:93} INFO - 25/05/21 12:58:50 INFO SharedState: Warehouse path is 'file:/opt/spark-apps/spark-warehouse'.
[2025-05-21T12:58:53.657+0000] {subprocess.py:93} INFO - 25/05/21 12:58:53 INFO InMemoryFileIndex: It took 166 ms to list leaf files for 1 paths.
[2025-05-21T12:58:53.815+0000] {subprocess.py:93} INFO - 25/05/21 12:58:53 INFO InMemoryFileIndex: It took 8 ms to list leaf files for 1 paths.
[2025-05-21T12:58:57.970+0000] {subprocess.py:93} INFO - 25/05/21 12:58:57 INFO FileSourceStrategy: Pushed Filters:
[2025-05-21T12:58:57.997+0000] {subprocess.py:93} INFO - 25/05/21 12:58:57 INFO FileSourceStrategy: Post-Scan Filters:
[2025-05-21T12:58:58.343+0000] {subprocess.py:93} INFO - 25/05/21 12:58:58 INFO MemoryStore: Block broadcast_0 stored as values in memory (estimated size 199.6 KiB, free 434.2 MiB)
[2025-05-21T12:58:58.409+0000] {subprocess.py:93} INFO - 25/05/21 12:58:58 INFO MemoryStore: Block broadcast_0_piece0 stored as bytes in memory (estimated size 34.3 KiB, free 434.2 MiB)
[2025-05-21T12:58:58.414+0000] {subprocess.py:93} INFO - 25/05/21 12:58:58 INFO BlockManagerInfo: Added broadcast_0_piece0 in memory on 8567accc62ca:42435 (size: 34.3 KiB, free: 434.4 MiB)
[2025-05-21T12:58:58.422+0000] {subprocess.py:93} INFO - 25/05/21 12:58:58 INFO SparkContext: Created broadcast 0 from json at <unknown>:0
[2025-05-21T12:58:58.441+0000] {subprocess.py:93} INFO - 25/05/21 12:58:58 INFO FileSourceScanExec: Planning scan with bin packing, max size: 4194304 bytes, open cost is considered as scanning 4194304 bytes.
[2025-05-21T12:58:58.756+0000] {subprocess.py:93} INFO - 25/05/21 12:58:58 INFO SparkContext: Starting job: json at <unknown>:0
[2025-05-21T12:58:58.782+0000] {subprocess.py:93} INFO - 25/05/21 12:58:58 INFO DAGScheduler: Got job 0 (json at <unknown>:0) with 1 output partitions
[2025-05-21T12:58:58.783+0000] {subprocess.py:93} INFO - 25/05/21 12:58:58 INFO DAGScheduler: Final stage: ResultStage 0 (json at <unknown>:0)
[2025-05-21T12:58:58.784+0000] {subprocess.py:93} INFO - 25/05/21 12:58:58 INFO DAGScheduler: Parents of final stage: List()
[2025-05-21T12:58:58.788+0000] {subprocess.py:93} INFO - 25/05/21 12:58:58 INFO DAGScheduler: Missing parents: List()
[2025-05-21T12:58:58.794+0000] {subprocess.py:93} INFO - 25/05/21 12:58:58 INFO DAGScheduler: Submitting ResultStage 0 (MapPartitionsRDD[3] at json at <unknown>:0), which has no missing parents
[2025-05-21T12:58:58.904+0000] {subprocess.py:93} INFO - 25/05/21 12:58:58 INFO MemoryStore: Block broadcast_1 stored as values in memory (estimated size 16.2 KiB, free 434.2 MiB)
[2025-05-21T12:58:58.912+0000] {subprocess.py:93} INFO - 25/05/21 12:58:58 INFO MemoryStore: Block broadcast_1_piece0 stored as bytes in memory (estimated size 7.6 KiB, free 434.1 MiB)
[2025-05-21T12:58:58.913+0000] {subprocess.py:93} INFO - 25/05/21 12:58:58 INFO BlockManagerInfo: Added broadcast_1_piece0 in memory on 8567accc62ca:42435 (size: 7.6 KiB, free: 434.4 MiB)
[2025-05-21T12:58:58.914+0000] {subprocess.py:93} INFO - 25/05/21 12:58:58 INFO SparkContext: Created broadcast 1 from broadcast at DAGScheduler.scala:1585
[2025-05-21T12:58:58.946+0000] {subprocess.py:93} INFO - 25/05/21 12:58:58 INFO DAGScheduler: Submitting 1 missing tasks from ResultStage 0 (MapPartitionsRDD[3] at json at <unknown>:0) (first 15 tasks are for partitions Vector(0))
[2025-05-21T12:58:58.948+0000] {subprocess.py:93} INFO - 25/05/21 12:58:58 INFO TaskSchedulerImpl: Adding task set 0.0 with 1 tasks resource profile 0
[2025-05-21T12:58:59.009+0000] {subprocess.py:93} INFO - 25/05/21 12:58:59 INFO TaskSetManager: Starting task 0.0 in stage 0.0 (TID 0) (8567accc62ca, executor driver, partition 0, ANY, 8258 bytes)
[2025-05-21T12:58:59.031+0000] {subprocess.py:93} INFO - 25/05/21 12:58:59 INFO Executor: Running task 0.0 in stage 0.0 (TID 0)
[2025-05-21T12:58:59.185+0000] {subprocess.py:93} INFO - 25/05/21 12:58:59 INFO FileScanRDD: Reading File path: hdfs://namenode:9000/gold_price/news/raw/year=2025/month=5/day=21/news_data.json, range: 0-83497, partition values: [empty row]
[2025-05-21T12:59:00.065+0000] {subprocess.py:93} INFO - 25/05/21 12:59:00 INFO CodeGenerator: Code generated in 802.460839 ms
[2025-05-21T12:59:00.408+0000] {subprocess.py:93} INFO - 25/05/21 12:59:00 INFO Executor: Finished task 0.0 in stage 0.0 (TID 0). 1964 bytes result sent to driver
[2025-05-21T12:59:00.421+0000] {subprocess.py:93} INFO - 25/05/21 12:59:00 INFO TaskSetManager: Finished task 0.0 in stage 0.0 (TID 0) in 1430 ms on 8567accc62ca (executor driver) (1/1)
[2025-05-21T12:59:00.425+0000] {subprocess.py:93} INFO - 25/05/21 12:59:00 INFO TaskSchedulerImpl: Removed TaskSet 0.0, whose tasks have all completed, from pool
[2025-05-21T12:59:00.432+0000] {subprocess.py:93} INFO - 25/05/21 12:59:00 INFO DAGScheduler: ResultStage 0 (json at <unknown>:0) finished in 1.618 s
[2025-05-21T12:59:00.444+0000] {subprocess.py:93} INFO - 25/05/21 12:59:00 INFO DAGScheduler: Job 0 is finished. Cancelling potential speculative or zombie tasks for this job
[2025-05-21T12:59:00.445+0000] {subprocess.py:93} INFO - 25/05/21 12:59:00 INFO TaskSchedulerImpl: Killing all running tasks in stage 0: Stage finished
[2025-05-21T12:59:00.449+0000] {subprocess.py:93} INFO - 25/05/21 12:59:00 INFO DAGScheduler: Job 0 finished: json at <unknown>:0, took 1.692839 s
[2025-05-21T12:59:00.528+0000] {subprocess.py:93} INFO - 25/05/21 12:59:00 INFO FileSourceStrategy: Pushed Filters:
[2025-05-21T12:59:00.529+0000] {subprocess.py:93} INFO - 25/05/21 12:59:00 INFO FileSourceStrategy: Post-Scan Filters:
[2025-05-21T12:59:00.562+0000] {subprocess.py:93} INFO - 25/05/21 12:59:00 INFO BlockManagerInfo: Removed broadcast_1_piece0 on 8567accc62ca:42435 in memory (size: 7.6 KiB, free: 434.4 MiB)
[2025-05-21T12:59:00.574+0000] {subprocess.py:93} INFO - 25/05/21 12:59:00 INFO BlockManagerInfo: Removed broadcast_0_piece0 on 8567accc62ca:42435 in memory (size: 34.3 KiB, free: 434.4 MiB)
[2025-05-21T12:59:00.988+0000] {subprocess.py:93} INFO - 25/05/21 12:59:00 INFO MemoryStore: Block broadcast_2 stored as values in memory (estimated size 199.5 KiB, free 434.2 MiB)
[2025-05-21T12:59:01.007+0000] {subprocess.py:93} INFO - 25/05/21 12:59:01 INFO MemoryStore: Block broadcast_2_piece0 stored as bytes in memory (estimated size 34.3 KiB, free 434.2 MiB)
[2025-05-21T12:59:01.009+0000] {subprocess.py:93} INFO - 25/05/21 12:59:01 INFO BlockManagerInfo: Added broadcast_2_piece0 in memory on 8567accc62ca:42435 (size: 34.3 KiB, free: 434.4 MiB)
[2025-05-21T12:59:01.012+0000] {subprocess.py:93} INFO - 25/05/21 12:59:01 INFO SparkContext: Created broadcast 2 from count at <unknown>:0
[2025-05-21T12:59:01.227+0000] {subprocess.py:93} INFO - Traceback (most recent call last):
[2025-05-21T12:59:01.228+0000] {subprocess.py:93} INFO -   File "/scripts/analyze_news.py", line 36, in <module>
[2025-05-21T12:59:01.232+0000] {subprocess.py:93} INFO -     corrupt_count = news_df.filter(news_df._corrupt_record.isNotNull()).count()
[2025-05-21T12:59:01.234+0000] {subprocess.py:93} INFO -   File "/opt/spark/python/lib/pyspark.zip/pyspark/sql/dataframe.py", line 1238, in count
[2025-05-21T12:59:01.235+0000] {subprocess.py:93} INFO -   File "/opt/spark/python/lib/py4j-0.10.9.7-src.zip/py4j/java_gateway.py", line 1322, in __call__
[2025-05-21T12:59:01.236+0000] {subprocess.py:93} INFO -   File "/opt/spark/python/lib/pyspark.zip/pyspark/errors/exceptions/captured.py", line 185, in deco
[2025-05-21T12:59:01.247+0000] {subprocess.py:93} INFO - pyspark.errors.exceptions.captured.AnalysisException: Since Spark 2.3, the queries from raw JSON/CSV files are disallowed when the
[2025-05-21T12:59:01.248+0000] {subprocess.py:93} INFO - referenced columns only include the internal corrupt record column
[2025-05-21T12:59:01.249+0000] {subprocess.py:93} INFO - (named _corrupt_record by default). For example:
[2025-05-21T12:59:01.250+0000] {subprocess.py:93} INFO - spark.read.schema(schema).csv(file).filter($"_corrupt_record".isNotNull).count()
[2025-05-21T12:59:01.250+0000] {subprocess.py:93} INFO - and spark.read.schema(schema).csv(file).select("_corrupt_record").show().
[2025-05-21T12:59:01.251+0000] {subprocess.py:93} INFO - Instead, you can cache or save the parsed results and then send the same query.
[2025-05-21T12:59:01.251+0000] {subprocess.py:93} INFO - For example, val df = spark.read.schema(schema).csv(file).cache() and then
[2025-05-21T12:59:01.252+0000] {subprocess.py:93} INFO - df.filter($"_corrupt_record".isNotNull).count().
[2025-05-21T12:59:01.334+0000] {subprocess.py:93} INFO - 25/05/21 12:59:01 INFO SparkContext: Invoking stop() from shutdown hook
[2025-05-21T12:59:01.335+0000] {subprocess.py:93} INFO - 25/05/21 12:59:01 INFO SparkContext: SparkContext is stopping with exitCode 0.
[2025-05-21T12:59:01.348+0000] {subprocess.py:93} INFO - 25/05/21 12:59:01 INFO SparkUI: Stopped Spark web UI at http://8567accc62ca:4040
[2025-05-21T12:59:01.371+0000] {subprocess.py:93} INFO - 25/05/21 12:59:01 INFO MapOutputTrackerMasterEndpoint: MapOutputTrackerMasterEndpoint stopped!
[2025-05-21T12:59:01.389+0000] {subprocess.py:93} INFO - 25/05/21 12:59:01 INFO MemoryStore: MemoryStore cleared
[2025-05-21T12:59:01.390+0000] {subprocess.py:93} INFO - 25/05/21 12:59:01 INFO BlockManager: BlockManager stopped
[2025-05-21T12:59:01.395+0000] {subprocess.py:93} INFO - 25/05/21 12:59:01 INFO BlockManagerMaster: BlockManagerMaster stopped
[2025-05-21T12:59:01.398+0000] {subprocess.py:93} INFO - 25/05/21 12:59:01 INFO OutputCommitCoordinator$OutputCommitCoordinatorEndpoint: OutputCommitCoordinator stopped!
[2025-05-21T12:59:01.410+0000] {subprocess.py:93} INFO - 25/05/21 12:59:01 INFO SparkContext: Successfully stopped SparkContext
[2025-05-21T12:59:01.411+0000] {subprocess.py:93} INFO - 25/05/21 12:59:01 INFO ShutdownHookManager: Shutdown hook called
[2025-05-21T12:59:01.412+0000] {subprocess.py:93} INFO - 25/05/21 12:59:01 INFO ShutdownHookManager: Deleting directory /tmp/spark-57645b57-6690-4c22-8540-914335cef265
[2025-05-21T12:59:01.418+0000] {subprocess.py:93} INFO - 25/05/21 12:59:01 INFO ShutdownHookManager: Deleting directory /tmp/spark-8775d5b1-1be5-4ace-af44-48277028e74c
[2025-05-21T12:59:01.425+0000] {subprocess.py:93} INFO - 25/05/21 12:59:01 INFO ShutdownHookManager: Deleting directory /tmp/spark-57645b57-6690-4c22-8540-914335cef265/pyspark-4571da6e-d2d0-458a-993c-768fe6f67076
[2025-05-21T12:59:01.495+0000] {subprocess.py:97} INFO - Command exited with return code 1
[2025-05-21T12:59:01.510+0000] {taskinstance.py:1935} ERROR - Task failed with exception
Traceback (most recent call last):
  File "/home/airflow/.local/lib/python3.9/site-packages/airflow/operators/bash.py", line 210, in execute
    raise AirflowException(
airflow.exceptions.AirflowException: Bash command failed. The command returned a non-zero exit code 1.
[2025-05-21T12:59:01.514+0000] {taskinstance.py:1398} INFO - Marking task as FAILED. dag_id=gold_news_pipeline, task_id=analyze_news, execution_date=20250521T125820, start_date=20250521T125841, end_date=20250521T125901
[2025-05-21T12:59:01.516+0000] {news_batch.py:190} ERROR - Tâche échouée : analyze_news, logs : http://localhost:8080/log?execution_date=2025-05-21T12%3A58%3A20.072348%2B00%3A00&task_id=analyze_news&dag_id=gold_news_pipeline&map_index=-1
[2025-05-21T12:59:01.533+0000] {standard_task_runner.py:104} ERROR - Failed to execute job 129 for task analyze_news (Bash command failed. The command returned a non-zero exit code 1.; 3023)
[2025-05-21T12:59:01.571+0000] {local_task_job_runner.py:228} INFO - Task exited with return code 1
[2025-05-21T12:59:01.589+0000] {taskinstance.py:2776} INFO - 0 downstream tasks scheduled from follow-on schedule check
