[2025-05-21T13:50:23.435+0000] {taskinstance.py:1157} INFO - Dependencies all met for dep_context=non-requeueable deps ti=<TaskInstance: gold_news_pipeline.ingest_news manual__2025-05-21T13:50:21.386034+00:00 [queued]>
[2025-05-21T13:50:23.447+0000] {taskinstance.py:1157} INFO - Dependencies all met for dep_context=requeueable deps ti=<TaskInstance: gold_news_pipeline.ingest_news manual__2025-05-21T13:50:21.386034+00:00 [queued]>
[2025-05-21T13:50:23.448+0000] {taskinstance.py:1359} INFO - Starting attempt 1 of 1
[2025-05-21T13:50:23.465+0000] {taskinstance.py:1380} INFO - Executing <Task(PythonOperator): ingest_news> on 2025-05-21 13:50:21.386034+00:00
[2025-05-21T13:50:23.474+0000] {standard_task_runner.py:57} INFO - Started process 7472 to run task
[2025-05-21T13:50:23.478+0000] {standard_task_runner.py:84} INFO - Running: ['***', 'tasks', 'run', 'gold_news_pipeline', 'ingest_news', 'manual__2025-05-21T13:50:21.386034+00:00', '--job-id', '160', '--raw', '--subdir', 'DAGS_FOLDER/news_batch.py', '--cfg-path', '/tmp/tmp5276wshr']
[2025-05-21T13:50:23.481+0000] {standard_task_runner.py:85} INFO - Job 160: Subtask ingest_news
[2025-05-21T13:50:23.544+0000] {task_command.py:415} INFO - Running <TaskInstance: gold_news_pipeline.ingest_news manual__2025-05-21T13:50:21.386034+00:00 [running]> on host 5c6832b8ad2a
[2025-05-21T13:50:23.648+0000] {taskinstance.py:1660} INFO - Exporting env vars: AIRFLOW_CTX_DAG_OWNER='***' AIRFLOW_CTX_DAG_ID='gold_news_pipeline' AIRFLOW_CTX_TASK_ID='ingest_news' AIRFLOW_CTX_EXECUTION_DATE='2025-05-21T13:50:21.386034+00:00' AIRFLOW_CTX_TRY_NUMBER='1' AIRFLOW_CTX_DAG_RUN_ID='manual__2025-05-21T13:50:21.386034+00:00'
[2025-05-21T13:50:23.650+0000] {news_batch.py:43} INFO - Requête API NewsAPI, page 1...
[2025-05-21T13:50:24.013+0000] {news_batch.py:43} INFO - Requête API NewsAPI, page 2...
[2025-05-21T13:50:24.285+0000] {news_batch.py:43} INFO - Requête API NewsAPI, page 3...
[2025-05-21T13:50:24.563+0000] {news_batch.py:43} INFO - Requête API NewsAPI, page 4...
[2025-05-21T13:50:24.820+0000] {news_batch.py:43} INFO - Requête API NewsAPI, page 5...
[2025-05-21T13:50:25.474+0000] {news_batch.py:43} INFO - Requête API NewsAPI, page 6...
[2025-05-21T13:50:25.745+0000] {news_batch.py:43} INFO - Requête API NewsAPI, page 7...
[2025-05-21T13:50:26.008+0000] {news_batch.py:43} INFO - Requête API NewsAPI, page 8...
[2025-05-21T13:50:26.715+0000] {news_batch.py:43} INFO - Requête API NewsAPI, page 9...
[2025-05-21T13:50:26.979+0000] {news_batch.py:43} INFO - Requête API NewsAPI, page 10...
[2025-05-21T13:50:27.528+0000] {news_batch.py:71} INFO - Écriture des données dans /app/news_gold_market_20250521_135027.json...
[2025-05-21T13:50:27.562+0000] {news_batch.py:80} INFO - Total de 99 news ingérées et sauvegardées dans /app/news_gold_market_20250521_135027.json
[2025-05-21T13:50:27.565+0000] {python.py:194} INFO - Done. Returned value was: True
[2025-05-21T13:50:27.593+0000] {taskinstance.py:1398} INFO - Marking task as SUCCESS. dag_id=gold_news_pipeline, task_id=ingest_news, execution_date=20250521T135021, start_date=20250521T135023, end_date=20250521T135027
[2025-05-21T13:50:27.646+0000] {local_task_job_runner.py:228} INFO - Task exited with return code 0
[2025-05-21T13:50:27.678+0000] {taskinstance.py:2776} INFO - 1 downstream tasks scheduled from follow-on schedule check
