[2025-05-12T18:26:00.487+0000] {taskinstance.py:1157} INFO - Dependencies all met for dep_context=non-requeueable deps ti=<TaskInstance: gold_news_pipeline.run_producer manual__2025-05-12T18:25:56.496502+00:00 [queued]>
[2025-05-12T18:26:00.520+0000] {taskinstance.py:1157} INFO - Dependencies all met for dep_context=requeueable deps ti=<TaskInstance: gold_news_pipeline.run_producer manual__2025-05-12T18:25:56.496502+00:00 [queued]>
[2025-05-12T18:26:00.521+0000] {taskinstance.py:1359} INFO - Starting attempt 1 of 1
[2025-05-12T18:26:00.571+0000] {taskinstance.py:1380} INFO - Executing <Task(BashOperator): run_producer> on 2025-05-12 18:25:56.496502+00:00
[2025-05-12T18:26:00.588+0000] {standard_task_runner.py:57} INFO - Started process 2700 to run task
[2025-05-12T18:26:00.603+0000] {standard_task_runner.py:84} INFO - Running: ['***', 'tasks', 'run', 'gold_news_pipeline', 'run_producer', 'manual__2025-05-12T18:25:56.496502+00:00', '--job-id', '107', '--raw', '--subdir', 'DAGS_FOLDER/dag_news.py', '--cfg-path', '/tmp/tmpuw6dbm56']
[2025-05-12T18:26:00.612+0000] {standard_task_runner.py:85} INFO - Job 107: Subtask run_producer
[2025-05-12T18:26:00.750+0000] {task_command.py:415} INFO - Running <TaskInstance: gold_news_pipeline.run_producer manual__2025-05-12T18:25:56.496502+00:00 [running]> on host c26e5a949b49
[2025-05-12T18:26:01.000+0000] {taskinstance.py:1660} INFO - Exporting env vars: AIRFLOW_CTX_DAG_OWNER='***' AIRFLOW_CTX_DAG_ID='gold_news_pipeline' AIRFLOW_CTX_TASK_ID='run_producer' AIRFLOW_CTX_EXECUTION_DATE='2025-05-12T18:25:56.496502+00:00' AIRFLOW_CTX_TRY_NUMBER='1' AIRFLOW_CTX_DAG_RUN_ID='manual__2025-05-12T18:25:56.496502+00:00'
[2025-05-12T18:26:01.006+0000] {subprocess.py:63} INFO - Tmp dir root location: /tmp
[2025-05-12T18:26:01.012+0000] {subprocess.py:75} INFO - Running command: ['/bin/bash', '-c', 'docker exec gold_price_project-kafka-1 python3 /scripts/news_producer.py']
[2025-05-12T18:26:01.044+0000] {subprocess.py:86} INFO - Output:
[2025-05-12T18:26:02.412+0000] {subprocess.py:93} INFO - Starting news ingestion for gold market...
[2025-05-12T18:26:02.413+0000] {subprocess.py:93} INFO - Searching for keywords: gold price OR XAUUSD OR gold market OR Federal Reserve OR interest rates OR tariffs OR geopolitical tensions OR inflation OR US dollar OR safe-haven assets
[2025-05-12T18:26:02.414+0000] {subprocess.py:93} INFO - 
[2025-05-12T18:26:02.414+0000] {subprocess.py:93} INFO - Fetched 10 articles at 2025-05-12 18:26:02
[2025-05-12T18:26:02.415+0000] {subprocess.py:93} INFO - Sent to Kafka: Security Affairs newsletter Round 523 by Pierluigi...
[2025-05-12T18:26:02.415+0000] {subprocess.py:93} INFO - Sent to Kafka: Crypto Analyst Predicts Bitcoin To Hit $200,000 At...
[2025-05-12T18:26:02.416+0000] {subprocess.py:93} INFO - Sent to Kafka: Best Altcoins to Buy as Bitcoin Nears All-Time Hig...
[2025-05-12T18:26:02.416+0000] {subprocess.py:93} INFO - Sent to Kafka: Google will pay Texas $1.4 billion over its locati...
[2025-05-12T18:26:02.417+0000] {subprocess.py:93} INFO - Sent to Kafka: In Volatile Markets, RWAs Like Gold Are A Lifeline...
[2025-05-12T18:26:02.417+0000] {subprocess.py:93} INFO - Sent to Kafka: Top Blog SEO Tips for Higher Search Rankings | Sim...
[2025-05-12T18:26:02.418+0000] {subprocess.py:93} INFO - Sent to Kafka: George W. Bush Lit The Dollar Fire On Which Trump ...
[2025-05-12T18:26:02.418+0000] {subprocess.py:93} INFO - Sent to Kafka: The 3 Easy New Ways Anyone Can Funnel Money Direct...
[2025-05-12T18:26:02.419+0000] {subprocess.py:93} INFO - Sent to Kafka: How To Invest In Web3 In 2025...
[2025-05-12T18:26:02.420+0000] {subprocess.py:93} INFO - Sent to Kafka: Shodan-Dorks - Dorks for Shodan; a powerful tool u...
[2025-05-12T18:26:02.428+0000] {subprocess.py:93} INFO - 
[2025-05-12T18:26:02.429+0000] {subprocess.py:93} INFO - Waiting for next poll...
[2025-05-12T18:26:02.497+0000] {subprocess.py:97} INFO - Command exited with return code 0
[2025-05-12T18:26:02.571+0000] {taskinstance.py:1398} INFO - Marking task as SUCCESS. dag_id=gold_news_pipeline, task_id=run_producer, execution_date=20250512T182556, start_date=20250512T182600, end_date=20250512T182602
[2025-05-12T18:26:02.685+0000] {local_task_job_runner.py:228} INFO - Task exited with return code 0
[2025-05-12T18:26:02.739+0000] {taskinstance.py:2776} INFO - 1 downstream tasks scheduled from follow-on schedule check
