[2025-05-20T17:43:44.492+0000] {taskinstance.py:1157} INFO - Dependencies all met for dep_context=non-requeueable deps ti=<TaskInstance: kill_running_scripts.check_spark_log_errors manual__2025-05-20T17:43:42.859753+00:00 [queued]>
[2025-05-20T17:43:44.513+0000] {taskinstance.py:1157} INFO - Dependencies all met for dep_context=requeueable deps ti=<TaskInstance: kill_running_scripts.check_spark_log_errors manual__2025-05-20T17:43:42.859753+00:00 [queued]>
[2025-05-20T17:43:44.514+0000] {taskinstance.py:1359} INFO - Starting attempt 1 of 2
[2025-05-20T17:43:44.542+0000] {taskinstance.py:1380} INFO - Executing <Task(BashOperator): check_spark_log_errors> on 2025-05-20 17:43:42.859753+00:00
[2025-05-20T17:43:44.555+0000] {standard_task_runner.py:57} INFO - Started process 932 to run task
[2025-05-20T17:43:44.563+0000] {standard_task_runner.py:84} INFO - Running: ['***', 'tasks', 'run', 'kill_running_scripts', 'check_spark_log_errors', 'manual__2025-05-20T17:43:42.859753+00:00', '--job-id', '65', '--raw', '--subdir', 'DAGS_FOLDER/stoper_streaming.py', '--cfg-path', '/tmp/tmpv6xhnrwz']
[2025-05-20T17:43:44.574+0000] {standard_task_runner.py:85} INFO - Job 65: Subtask check_spark_log_errors
[2025-05-20T17:43:44.672+0000] {task_command.py:415} INFO - Running <TaskInstance: kill_running_scripts.check_spark_log_errors manual__2025-05-20T17:43:42.859753+00:00 [running]> on host 6bb1f84c11d3
[2025-05-20T17:43:44.821+0000] {taskinstance.py:1660} INFO - Exporting env vars: AIRFLOW_CTX_DAG_OWNER='***' AIRFLOW_CTX_DAG_ID='kill_running_scripts' AIRFLOW_CTX_TASK_ID='check_spark_log_errors' AIRFLOW_CTX_EXECUTION_DATE='2025-05-20T17:43:42.859753+00:00' AIRFLOW_CTX_TRY_NUMBER='1' AIRFLOW_CTX_DAG_RUN_ID='manual__2025-05-20T17:43:42.859753+00:00'
[2025-05-20T17:43:44.825+0000] {subprocess.py:63} INFO - Tmp dir root location: /tmp
[2025-05-20T17:43:44.827+0000] {subprocess.py:75} INFO - Running command: ['/bin/bash', '-c', '\ndocker exec gold_price_project-spark-1 bash -c \'\n    LOG_FILE="/scripts/logs/spark.log"\n    if grep -i "error" "$LOG_FILE"; then\n        echo "❌ Erreur détectée, envoi à Discord..."\n        grep -i -B 20 -A 20 "error" "$LOG_FILE" > /tmp/spark_error_excerpt.log\n\n        ESCAPED=$(sed "s/\\\\/\\\\\\\\/g; s/"/\\\\"/g" /tmp/spark_error_excerpt.log | head -c 1900)\n\n        curl -X POST -H "Content-Type: application/json"              -d "{\\"content\\": \\"🚨 Erreur détectée dans spark.log à 00:00 :\\\\n\\\\n$ESCAPED\\"}"              {DISCORD_WEBHOOK}\n    else\n        echo "✅ Aucun problème détecté dans spark.log"\n    fi\n\n    echo "" > "$LOG_FILE"\n\'']
[2025-05-20T17:43:44.844+0000] {subprocess.py:86} INFO - Output:
[2025-05-20T17:43:45.011+0000] {subprocess.py:93} INFO - error
[2025-05-20T17:43:45.012+0000] {subprocess.py:93} INFO - ❌ Erreur détectée, envoi à Discord...
[2025-05-20T17:43:45.031+0000] {subprocess.py:93} INFO - sed: -e expression #1, char 13: unknown option to `s'
[2025-05-20T17:43:45.051+0000] {subprocess.py:93} INFO -   % Total    % Received % Xferd  Average Speed   Time    Time     Time  Current
[2025-05-20T17:43:45.052+0000] {subprocess.py:93} INFO -                                  Dload  Upload   Total   Spent    Left  Speed
[2025-05-20T17:43:52.218+0000] {subprocess.py:93} INFO -   0     0    0     0    0     0      0      0 --:--:-- --:--:-- --:--:--     0  0     0    0     0    0     0      0      0 --:--:-- --:--:-- --:--:--     0  0     0    0     0    0     0      0      0 --:--:--  0:00:01 --:--:--     0  0     0    0     0    0     0      0      0 --:--:--  0:00:02 --:--:--     0  0     0    0     0    0     0      0      0 --:--:--  0:00:03 --:--:--     0  0     0    0     0    0     0      0      0 --:--:--  0:00:04 --:--:--     0  0     0    0     0    0     0      0      0 --:--:--  0:00:05 --:--:--     0  0     0    0     0    0     0      0      0 --:--:--  0:00:06 --:--:--     0  0     0    0     0    0     0      0      0 --:--:--  0:00:07 --:--:--     0curl: (6) Could not resolve host: DISCORD_WEBHOOK
[2025-05-20T17:43:52.232+0000] {subprocess.py:97} INFO - Command exited with return code 0
[2025-05-20T17:43:52.280+0000] {taskinstance.py:1398} INFO - Marking task as SUCCESS. dag_id=kill_running_scripts, task_id=check_spark_log_errors, execution_date=20250520T174342, start_date=20250520T174344, end_date=20250520T174352
[2025-05-20T17:43:52.312+0000] {local_task_job_runner.py:228} INFO - Task exited with return code 0
[2025-05-20T17:43:52.342+0000] {taskinstance.py:2776} INFO - 1 downstream tasks scheduled from follow-on schedule check
