[2025-05-17T14:50:55.723+0000] {processor.py:157} INFO - Started process (PID=167) to work on /opt/airflow/dags/dag_news.py
[2025-05-17T14:50:55.724+0000] {processor.py:829} INFO - Processing file /opt/airflow/dags/dag_news.py for tasks to queue
[2025-05-17T14:50:55.726+0000] {logging_mixin.py:151} INFO - [2025-05-17T14:50:55.726+0000] {dagbag.py:539} INFO - Filling up the DagBag from /opt/airflow/dags/dag_news.py
[2025-05-17T14:50:57.271+0000] {processor.py:839} INFO - DAG(s) dict_keys(['gold_news_pipeline']) retrieved from /opt/airflow/dags/dag_news.py
[2025-05-17T14:50:57.778+0000] {logging_mixin.py:151} INFO - [2025-05-17T14:50:57.776+0000] {manager.py:499} INFO - Created Permission View: %s
[2025-05-17T14:50:57.804+0000] {logging_mixin.py:151} INFO - [2025-05-17T14:50:57.803+0000] {manager.py:499} INFO - Created Permission View: %s
[2025-05-17T14:50:57.823+0000] {logging_mixin.py:151} INFO - [2025-05-17T14:50:57.822+0000] {manager.py:499} INFO - Created Permission View: %s
[2025-05-17T14:50:57.827+0000] {logging_mixin.py:151} INFO - [2025-05-17T14:50:57.825+0000] {security.py:708} INFO - Not syncing DAG-level permissions for DAG 'DAG:gold_news_pipeline' as access control is unset.
[2025-05-17T14:50:57.829+0000] {logging_mixin.py:151} INFO - [2025-05-17T14:50:57.828+0000] {dag.py:2915} INFO - Sync 1 DAGs
[2025-05-17T14:50:57.864+0000] {logging_mixin.py:151} INFO - [2025-05-17T14:50:57.863+0000] {dag.py:2937} INFO - Creating ORM DAG for gold_news_pipeline
[2025-05-17T14:50:57.904+0000] {logging_mixin.py:151} INFO - [2025-05-17T14:50:57.904+0000] {dag.py:3696} INFO - Setting next_dagrun for gold_news_pipeline to 2025-05-17T14:40:57.903832+00:00, run_after=2025-05-17T14:50:57.903832+00:00
[2025-05-17T14:50:57.958+0000] {processor.py:179} INFO - Processing /opt/airflow/dags/dag_news.py took 2.241 seconds
[2025-05-17T14:51:28.579+0000] {processor.py:157} INFO - Started process (PID=201) to work on /opt/airflow/dags/dag_news.py
[2025-05-17T14:51:28.581+0000] {processor.py:829} INFO - Processing file /opt/airflow/dags/dag_news.py for tasks to queue
[2025-05-17T14:51:28.584+0000] {logging_mixin.py:151} INFO - [2025-05-17T14:51:28.582+0000] {dagbag.py:539} INFO - Filling up the DagBag from /opt/airflow/dags/dag_news.py
[2025-05-17T14:51:29.439+0000] {processor.py:839} INFO - DAG(s) dict_keys(['gold_news_pipeline']) retrieved from /opt/airflow/dags/dag_news.py
[2025-05-17T14:51:29.485+0000] {logging_mixin.py:151} INFO - [2025-05-17T14:51:29.485+0000] {dag.py:2915} INFO - Sync 1 DAGs
[2025-05-17T14:51:29.527+0000] {logging_mixin.py:151} INFO - [2025-05-17T14:51:29.527+0000] {dag.py:3696} INFO - Setting next_dagrun for gold_news_pipeline to 2025-05-17T14:41:29.526699+00:00, run_after=2025-05-17T14:51:29.526699+00:00
[2025-05-17T14:51:29.577+0000] {processor.py:179} INFO - Processing /opt/airflow/dags/dag_news.py took 1.014 seconds
[2025-05-17T14:51:59.902+0000] {processor.py:157} INFO - Started process (PID=240) to work on /opt/airflow/dags/dag_news.py
[2025-05-17T14:51:59.904+0000] {processor.py:829} INFO - Processing file /opt/airflow/dags/dag_news.py for tasks to queue
[2025-05-17T14:51:59.905+0000] {logging_mixin.py:151} INFO - [2025-05-17T14:51:59.905+0000] {dagbag.py:539} INFO - Filling up the DagBag from /opt/airflow/dags/dag_news.py
[2025-05-17T14:52:00.536+0000] {processor.py:839} INFO - DAG(s) dict_keys(['gold_news_pipeline']) retrieved from /opt/airflow/dags/dag_news.py
[2025-05-17T14:52:00.568+0000] {logging_mixin.py:151} INFO - [2025-05-17T14:52:00.567+0000] {dag.py:2915} INFO - Sync 1 DAGs
[2025-05-17T14:52:00.604+0000] {logging_mixin.py:151} INFO - [2025-05-17T14:52:00.603+0000] {dag.py:3696} INFO - Setting next_dagrun for gold_news_pipeline to 2025-05-17T14:42:00.603554+00:00, run_after=2025-05-17T14:52:00.603554+00:00
[2025-05-17T14:52:00.635+0000] {processor.py:179} INFO - Processing /opt/airflow/dags/dag_news.py took 0.736 seconds
[2025-05-17T14:52:31.216+0000] {processor.py:157} INFO - Started process (PID=274) to work on /opt/airflow/dags/dag_news.py
[2025-05-17T14:52:31.217+0000] {processor.py:829} INFO - Processing file /opt/airflow/dags/dag_news.py for tasks to queue
[2025-05-17T14:52:31.219+0000] {logging_mixin.py:151} INFO - [2025-05-17T14:52:31.218+0000] {dagbag.py:539} INFO - Filling up the DagBag from /opt/airflow/dags/dag_news.py
[2025-05-17T14:52:31.671+0000] {processor.py:839} INFO - DAG(s) dict_keys(['gold_news_pipeline']) retrieved from /opt/airflow/dags/dag_news.py
[2025-05-17T14:52:31.694+0000] {logging_mixin.py:151} INFO - [2025-05-17T14:52:31.693+0000] {dag.py:2915} INFO - Sync 1 DAGs
[2025-05-17T14:52:31.720+0000] {logging_mixin.py:151} INFO - [2025-05-17T14:52:31.720+0000] {dag.py:3696} INFO - Setting next_dagrun for gold_news_pipeline to 2025-05-17T14:42:31.720516+00:00, run_after=2025-05-17T14:52:31.720516+00:00
[2025-05-17T14:52:31.751+0000] {processor.py:179} INFO - Processing /opt/airflow/dags/dag_news.py took 0.538 seconds
[2025-05-17T14:53:01.816+0000] {processor.py:157} INFO - Started process (PID=303) to work on /opt/airflow/dags/dag_news.py
[2025-05-17T14:53:01.817+0000] {processor.py:829} INFO - Processing file /opt/airflow/dags/dag_news.py for tasks to queue
[2025-05-17T14:53:01.818+0000] {logging_mixin.py:151} INFO - [2025-05-17T14:53:01.818+0000] {dagbag.py:539} INFO - Filling up the DagBag from /opt/airflow/dags/dag_news.py
[2025-05-17T14:53:02.216+0000] {processor.py:839} INFO - DAG(s) dict_keys(['gold_news_pipeline']) retrieved from /opt/airflow/dags/dag_news.py
[2025-05-17T14:53:02.246+0000] {logging_mixin.py:151} INFO - [2025-05-17T14:53:02.246+0000] {dag.py:2915} INFO - Sync 1 DAGs
[2025-05-17T14:53:02.275+0000] {logging_mixin.py:151} INFO - [2025-05-17T14:53:02.275+0000] {dag.py:3696} INFO - Setting next_dagrun for gold_news_pipeline to 2025-05-17T14:43:02.275127+00:00, run_after=2025-05-17T14:53:02.275127+00:00
[2025-05-17T14:53:02.304+0000] {processor.py:179} INFO - Processing /opt/airflow/dags/dag_news.py took 0.494 seconds
[2025-05-17T14:53:34.534+0000] {processor.py:157} INFO - Started process (PID=337) to work on /opt/airflow/dags/dag_news.py
[2025-05-17T14:53:34.535+0000] {processor.py:829} INFO - Processing file /opt/airflow/dags/dag_news.py for tasks to queue
[2025-05-17T14:53:34.537+0000] {logging_mixin.py:151} INFO - [2025-05-17T14:53:34.536+0000] {dagbag.py:539} INFO - Filling up the DagBag from /opt/airflow/dags/dag_news.py
[2025-05-17T14:53:35.002+0000] {processor.py:839} INFO - DAG(s) dict_keys(['gold_news_pipeline']) retrieved from /opt/airflow/dags/dag_news.py
[2025-05-17T14:53:35.033+0000] {logging_mixin.py:151} INFO - [2025-05-17T14:53:35.033+0000] {dag.py:2915} INFO - Sync 1 DAGs
[2025-05-17T14:53:35.066+0000] {logging_mixin.py:151} INFO - [2025-05-17T14:53:35.066+0000] {dag.py:3696} INFO - Setting next_dagrun for gold_news_pipeline to 2025-05-17T14:43:35.066048+00:00, run_after=2025-05-17T14:53:35.066048+00:00
[2025-05-17T14:53:35.087+0000] {processor.py:179} INFO - Processing /opt/airflow/dags/dag_news.py took 0.560 seconds
[2025-05-17T14:54:06.684+0000] {processor.py:157} INFO - Started process (PID=371) to work on /opt/airflow/dags/dag_news.py
[2025-05-17T14:54:06.685+0000] {processor.py:829} INFO - Processing file /opt/airflow/dags/dag_news.py for tasks to queue
[2025-05-17T14:54:06.687+0000] {logging_mixin.py:151} INFO - [2025-05-17T14:54:06.686+0000] {dagbag.py:539} INFO - Filling up the DagBag from /opt/airflow/dags/dag_news.py
[2025-05-17T14:54:07.113+0000] {processor.py:839} INFO - DAG(s) dict_keys(['gold_news_pipeline']) retrieved from /opt/airflow/dags/dag_news.py
[2025-05-17T14:54:07.139+0000] {logging_mixin.py:151} INFO - [2025-05-17T14:54:07.139+0000] {dag.py:2915} INFO - Sync 1 DAGs
[2025-05-17T14:54:07.163+0000] {logging_mixin.py:151} INFO - [2025-05-17T14:54:07.163+0000] {dag.py:3696} INFO - Setting next_dagrun for gold_news_pipeline to 2025-05-17T14:44:07.163267+00:00, run_after=2025-05-17T14:54:07.163267+00:00
[2025-05-17T14:54:07.188+0000] {processor.py:179} INFO - Processing /opt/airflow/dags/dag_news.py took 0.508 seconds
[2025-05-17T14:54:39.402+0000] {processor.py:157} INFO - Started process (PID=405) to work on /opt/airflow/dags/dag_news.py
[2025-05-17T14:54:39.403+0000] {processor.py:829} INFO - Processing file /opt/airflow/dags/dag_news.py for tasks to queue
[2025-05-17T14:54:39.405+0000] {logging_mixin.py:151} INFO - [2025-05-17T14:54:39.404+0000] {dagbag.py:539} INFO - Filling up the DagBag from /opt/airflow/dags/dag_news.py
[2025-05-17T14:54:40.038+0000] {processor.py:839} INFO - DAG(s) dict_keys(['gold_news_pipeline']) retrieved from /opt/airflow/dags/dag_news.py
[2025-05-17T14:54:40.060+0000] {logging_mixin.py:151} INFO - [2025-05-17T14:54:40.060+0000] {dag.py:2915} INFO - Sync 1 DAGs
[2025-05-17T14:54:40.080+0000] {logging_mixin.py:151} INFO - [2025-05-17T14:54:40.080+0000] {dag.py:3696} INFO - Setting next_dagrun for gold_news_pipeline to 2025-05-17T14:44:40.080348+00:00, run_after=2025-05-17T14:54:40.080348+00:00
[2025-05-17T14:54:40.101+0000] {processor.py:179} INFO - Processing /opt/airflow/dags/dag_news.py took 0.703 seconds
[2025-05-17T14:55:10.247+0000] {processor.py:157} INFO - Started process (PID=439) to work on /opt/airflow/dags/dag_news.py
[2025-05-17T14:55:10.248+0000] {processor.py:829} INFO - Processing file /opt/airflow/dags/dag_news.py for tasks to queue
[2025-05-17T14:55:10.250+0000] {logging_mixin.py:151} INFO - [2025-05-17T14:55:10.249+0000] {dagbag.py:539} INFO - Filling up the DagBag from /opt/airflow/dags/dag_news.py
[2025-05-17T14:55:11.257+0000] {processor.py:839} INFO - DAG(s) dict_keys(['gold_news_pipeline']) retrieved from /opt/airflow/dags/dag_news.py
[2025-05-17T14:55:11.341+0000] {logging_mixin.py:151} INFO - [2025-05-17T14:55:11.340+0000] {dag.py:2915} INFO - Sync 1 DAGs
[2025-05-17T14:55:11.478+0000] {logging_mixin.py:151} INFO - [2025-05-17T14:55:11.477+0000] {dag.py:3696} INFO - Setting next_dagrun for gold_news_pipeline to 2025-05-17T14:45:11.475996+00:00, run_after=2025-05-17T14:55:11.475996+00:00
[2025-05-17T14:55:11.559+0000] {processor.py:179} INFO - Processing /opt/airflow/dags/dag_news.py took 1.319 seconds
[2025-05-17T14:55:42.031+0000] {processor.py:157} INFO - Started process (PID=476) to work on /opt/airflow/dags/dag_news.py
[2025-05-17T14:55:42.033+0000] {processor.py:829} INFO - Processing file /opt/airflow/dags/dag_news.py for tasks to queue
[2025-05-17T14:55:42.035+0000] {logging_mixin.py:151} INFO - [2025-05-17T14:55:42.034+0000] {dagbag.py:539} INFO - Filling up the DagBag from /opt/airflow/dags/dag_news.py
[2025-05-17T14:55:42.797+0000] {processor.py:839} INFO - DAG(s) dict_keys(['gold_news_pipeline']) retrieved from /opt/airflow/dags/dag_news.py
[2025-05-17T14:55:42.870+0000] {logging_mixin.py:151} INFO - [2025-05-17T14:55:42.870+0000] {dag.py:2915} INFO - Sync 1 DAGs
[2025-05-17T14:55:43.062+0000] {logging_mixin.py:151} INFO - [2025-05-17T14:55:43.062+0000] {dag.py:3696} INFO - Setting next_dagrun for gold_news_pipeline to 2025-05-17T14:45:43.061734+00:00, run_after=2025-05-17T14:55:43.061734+00:00
[2025-05-17T14:55:43.109+0000] {processor.py:179} INFO - Processing /opt/airflow/dags/dag_news.py took 1.083 seconds
[2025-05-17T14:56:13.690+0000] {processor.py:157} INFO - Started process (PID=495) to work on /opt/airflow/dags/dag_news.py
[2025-05-17T14:56:13.692+0000] {processor.py:829} INFO - Processing file /opt/airflow/dags/dag_news.py for tasks to queue
[2025-05-17T14:56:13.693+0000] {logging_mixin.py:151} INFO - [2025-05-17T14:56:13.693+0000] {dagbag.py:539} INFO - Filling up the DagBag from /opt/airflow/dags/dag_news.py
[2025-05-17T14:56:14.009+0000] {processor.py:839} INFO - DAG(s) dict_keys(['gold_news_pipeline']) retrieved from /opt/airflow/dags/dag_news.py
[2025-05-17T14:56:14.033+0000] {logging_mixin.py:151} INFO - [2025-05-17T14:56:14.033+0000] {dag.py:2915} INFO - Sync 1 DAGs
[2025-05-17T14:56:14.057+0000] {logging_mixin.py:151} INFO - [2025-05-17T14:56:14.056+0000] {dag.py:3696} INFO - Setting next_dagrun for gold_news_pipeline to 2025-05-17T14:46:14.056686+00:00, run_after=2025-05-17T14:56:14.056686+00:00
[2025-05-17T14:56:14.132+0000] {processor.py:179} INFO - Processing /opt/airflow/dags/dag_news.py took 0.445 seconds
[2025-05-17T14:56:45.064+0000] {processor.py:157} INFO - Started process (PID=523) to work on /opt/airflow/dags/dag_news.py
[2025-05-17T14:56:45.067+0000] {processor.py:829} INFO - Processing file /opt/airflow/dags/dag_news.py for tasks to queue
[2025-05-17T14:56:45.070+0000] {logging_mixin.py:151} INFO - [2025-05-17T14:56:45.069+0000] {dagbag.py:539} INFO - Filling up the DagBag from /opt/airflow/dags/dag_news.py
[2025-05-17T14:56:45.377+0000] {processor.py:839} INFO - DAG(s) dict_keys(['gold_news_pipeline']) retrieved from /opt/airflow/dags/dag_news.py
[2025-05-17T14:56:45.406+0000] {logging_mixin.py:151} INFO - [2025-05-17T14:56:45.406+0000] {dag.py:2915} INFO - Sync 1 DAGs
[2025-05-17T14:56:45.431+0000] {logging_mixin.py:151} INFO - [2025-05-17T14:56:45.431+0000] {dag.py:3696} INFO - Setting next_dagrun for gold_news_pipeline to 2025-05-17T14:46:45.431392+00:00, run_after=2025-05-17T14:56:45.431392+00:00
[2025-05-17T14:56:45.461+0000] {processor.py:179} INFO - Processing /opt/airflow/dags/dag_news.py took 0.405 seconds
[2025-05-17T14:57:17.392+0000] {processor.py:157} INFO - Started process (PID=556) to work on /opt/airflow/dags/dag_news.py
[2025-05-17T14:57:17.393+0000] {processor.py:829} INFO - Processing file /opt/airflow/dags/dag_news.py for tasks to queue
[2025-05-17T14:57:17.395+0000] {logging_mixin.py:151} INFO - [2025-05-17T14:57:17.394+0000] {dagbag.py:539} INFO - Filling up the DagBag from /opt/airflow/dags/dag_news.py
[2025-05-17T14:57:17.834+0000] {processor.py:839} INFO - DAG(s) dict_keys(['gold_news_pipeline']) retrieved from /opt/airflow/dags/dag_news.py
[2025-05-17T14:57:17.908+0000] {logging_mixin.py:151} INFO - [2025-05-17T14:57:17.907+0000] {dag.py:2915} INFO - Sync 1 DAGs
[2025-05-17T14:57:17.966+0000] {logging_mixin.py:151} INFO - [2025-05-17T14:57:17.966+0000] {dag.py:3696} INFO - Setting next_dagrun for gold_news_pipeline to 2025-05-17T14:47:17.965627+00:00, run_after=2025-05-17T14:57:17.965627+00:00
[2025-05-17T14:57:17.998+0000] {processor.py:179} INFO - Processing /opt/airflow/dags/dag_news.py took 0.611 seconds
[2025-05-17T14:57:50.303+0000] {processor.py:157} INFO - Started process (PID=590) to work on /opt/airflow/dags/dag_news.py
[2025-05-17T14:57:50.309+0000] {processor.py:829} INFO - Processing file /opt/airflow/dags/dag_news.py for tasks to queue
[2025-05-17T14:57:50.313+0000] {logging_mixin.py:151} INFO - [2025-05-17T14:57:50.312+0000] {dagbag.py:539} INFO - Filling up the DagBag from /opt/airflow/dags/dag_news.py
[2025-05-17T14:57:50.681+0000] {processor.py:839} INFO - DAG(s) dict_keys(['gold_news_pipeline']) retrieved from /opt/airflow/dags/dag_news.py
[2025-05-17T14:57:50.715+0000] {logging_mixin.py:151} INFO - [2025-05-17T14:57:50.715+0000] {dag.py:2915} INFO - Sync 1 DAGs
[2025-05-17T14:57:50.756+0000] {logging_mixin.py:151} INFO - [2025-05-17T14:57:50.756+0000] {dag.py:3696} INFO - Setting next_dagrun for gold_news_pipeline to 2025-05-17T14:47:50.756172+00:00, run_after=2025-05-17T14:57:50.756172+00:00
[2025-05-17T14:57:50.791+0000] {processor.py:179} INFO - Processing /opt/airflow/dags/dag_news.py took 0.499 seconds
[2025-05-17T14:58:22.995+0000] {processor.py:157} INFO - Started process (PID=624) to work on /opt/airflow/dags/dag_news.py
[2025-05-17T14:58:22.997+0000] {processor.py:829} INFO - Processing file /opt/airflow/dags/dag_news.py for tasks to queue
[2025-05-17T14:58:22.999+0000] {logging_mixin.py:151} INFO - [2025-05-17T14:58:22.999+0000] {dagbag.py:539} INFO - Filling up the DagBag from /opt/airflow/dags/dag_news.py
[2025-05-17T14:58:23.690+0000] {processor.py:839} INFO - DAG(s) dict_keys(['gold_news_pipeline']) retrieved from /opt/airflow/dags/dag_news.py
[2025-05-17T14:58:23.814+0000] {logging_mixin.py:151} INFO - [2025-05-17T14:58:23.814+0000] {dag.py:2915} INFO - Sync 1 DAGs
[2025-05-17T14:58:23.911+0000] {logging_mixin.py:151} INFO - [2025-05-17T14:58:23.909+0000] {dag.py:3696} INFO - Setting next_dagrun for gold_news_pipeline to 2025-05-17T14:48:23.908977+00:00, run_after=2025-05-17T14:58:23.908977+00:00
[2025-05-17T14:58:23.946+0000] {processor.py:179} INFO - Processing /opt/airflow/dags/dag_news.py took 0.958 seconds
[2025-05-17T14:58:54.705+0000] {processor.py:157} INFO - Started process (PID=736) to work on /opt/airflow/dags/dag_news.py
[2025-05-17T14:58:54.707+0000] {processor.py:829} INFO - Processing file /opt/airflow/dags/dag_news.py for tasks to queue
[2025-05-17T14:58:54.712+0000] {logging_mixin.py:151} INFO - [2025-05-17T14:58:54.709+0000] {dagbag.py:539} INFO - Filling up the DagBag from /opt/airflow/dags/dag_news.py
[2025-05-17T14:58:55.374+0000] {processor.py:839} INFO - DAG(s) dict_keys(['gold_news_pipeline']) retrieved from /opt/airflow/dags/dag_news.py
[2025-05-17T14:58:55.423+0000] {logging_mixin.py:151} INFO - [2025-05-17T14:58:55.423+0000] {dag.py:2915} INFO - Sync 1 DAGs
[2025-05-17T14:58:55.457+0000] {logging_mixin.py:151} INFO - [2025-05-17T14:58:55.456+0000] {dag.py:3696} INFO - Setting next_dagrun for gold_news_pipeline to 2025-05-17T14:48:55.456480+00:00, run_after=2025-05-17T14:58:55.456480+00:00
[2025-05-17T14:58:55.494+0000] {processor.py:179} INFO - Processing /opt/airflow/dags/dag_news.py took 0.798 seconds
[2025-05-17T14:59:26.145+0000] {processor.py:157} INFO - Started process (PID=756) to work on /opt/airflow/dags/dag_news.py
[2025-05-17T14:59:26.147+0000] {processor.py:829} INFO - Processing file /opt/airflow/dags/dag_news.py for tasks to queue
[2025-05-17T14:59:26.149+0000] {logging_mixin.py:151} INFO - [2025-05-17T14:59:26.148+0000] {dagbag.py:539} INFO - Filling up the DagBag from /opt/airflow/dags/dag_news.py
[2025-05-17T14:59:26.556+0000] {processor.py:839} INFO - DAG(s) dict_keys(['gold_news_pipeline']) retrieved from /opt/airflow/dags/dag_news.py
[2025-05-17T14:59:26.590+0000] {logging_mixin.py:151} INFO - [2025-05-17T14:59:26.590+0000] {dag.py:2915} INFO - Sync 1 DAGs
[2025-05-17T14:59:26.621+0000] {logging_mixin.py:151} INFO - [2025-05-17T14:59:26.621+0000] {dag.py:3696} INFO - Setting next_dagrun for gold_news_pipeline to 2025-05-17T14:49:26.620651+00:00, run_after=2025-05-17T14:59:26.620651+00:00
[2025-05-17T14:59:26.652+0000] {processor.py:179} INFO - Processing /opt/airflow/dags/dag_news.py took 0.510 seconds
[2025-05-17T14:59:57.309+0000] {processor.py:157} INFO - Started process (PID=864) to work on /opt/airflow/dags/dag_news.py
[2025-05-17T14:59:57.311+0000] {processor.py:829} INFO - Processing file /opt/airflow/dags/dag_news.py for tasks to queue
[2025-05-17T14:59:57.312+0000] {logging_mixin.py:151} INFO - [2025-05-17T14:59:57.312+0000] {dagbag.py:539} INFO - Filling up the DagBag from /opt/airflow/dags/dag_news.py
[2025-05-17T14:59:57.589+0000] {processor.py:839} INFO - DAG(s) dict_keys(['gold_news_pipeline']) retrieved from /opt/airflow/dags/dag_news.py
[2025-05-17T14:59:57.628+0000] {logging_mixin.py:151} INFO - [2025-05-17T14:59:57.628+0000] {dag.py:2915} INFO - Sync 1 DAGs
[2025-05-17T14:59:57.661+0000] {logging_mixin.py:151} INFO - [2025-05-17T14:59:57.661+0000] {dag.py:3696} INFO - Setting next_dagrun for gold_news_pipeline to 2025-05-17T14:49:57.661169+00:00, run_after=2025-05-17T14:59:57.661169+00:00
[2025-05-17T14:59:57.689+0000] {processor.py:179} INFO - Processing /opt/airflow/dags/dag_news.py took 0.386 seconds
[2025-05-17T15:00:28.406+0000] {processor.py:157} INFO - Started process (PID=902) to work on /opt/airflow/dags/dag_news.py
[2025-05-17T15:00:28.408+0000] {processor.py:829} INFO - Processing file /opt/airflow/dags/dag_news.py for tasks to queue
[2025-05-17T15:00:28.410+0000] {logging_mixin.py:151} INFO - [2025-05-17T15:00:28.409+0000] {dagbag.py:539} INFO - Filling up the DagBag from /opt/airflow/dags/dag_news.py
[2025-05-17T15:00:28.811+0000] {processor.py:839} INFO - DAG(s) dict_keys(['gold_news_pipeline']) retrieved from /opt/airflow/dags/dag_news.py
[2025-05-17T15:00:28.854+0000] {logging_mixin.py:151} INFO - [2025-05-17T15:00:28.853+0000] {dag.py:2915} INFO - Sync 1 DAGs
[2025-05-17T15:00:28.890+0000] {logging_mixin.py:151} INFO - [2025-05-17T15:00:28.889+0000] {dag.py:3696} INFO - Setting next_dagrun for gold_news_pipeline to 2025-05-17T14:50:28.889270+00:00, run_after=2025-05-17T15:00:28.889270+00:00
[2025-05-17T15:00:28.920+0000] {processor.py:179} INFO - Processing /opt/airflow/dags/dag_news.py took 0.520 seconds
[2025-05-17T15:01:00.820+0000] {processor.py:157} INFO - Started process (PID=986) to work on /opt/airflow/dags/dag_news.py
[2025-05-17T15:01:00.822+0000] {processor.py:829} INFO - Processing file /opt/airflow/dags/dag_news.py for tasks to queue
[2025-05-17T15:01:00.823+0000] {logging_mixin.py:151} INFO - [2025-05-17T15:01:00.823+0000] {dagbag.py:539} INFO - Filling up the DagBag from /opt/airflow/dags/dag_news.py
[2025-05-17T15:01:01.151+0000] {processor.py:839} INFO - DAG(s) dict_keys(['gold_news_pipeline']) retrieved from /opt/airflow/dags/dag_news.py
[2025-05-17T15:01:01.182+0000] {logging_mixin.py:151} INFO - [2025-05-17T15:01:01.182+0000] {dag.py:2915} INFO - Sync 1 DAGs
[2025-05-17T15:01:01.212+0000] {logging_mixin.py:151} INFO - [2025-05-17T15:01:01.212+0000] {dag.py:3696} INFO - Setting next_dagrun for gold_news_pipeline to 2025-05-17T14:51:01.211748+00:00, run_after=2025-05-17T15:01:01.211748+00:00
[2025-05-17T15:01:01.234+0000] {processor.py:179} INFO - Processing /opt/airflow/dags/dag_news.py took 0.419 seconds
[2025-05-17T15:01:34.077+0000] {processor.py:157} INFO - Started process (PID=1074) to work on /opt/airflow/dags/dag_news.py
[2025-05-17T15:01:34.079+0000] {processor.py:829} INFO - Processing file /opt/airflow/dags/dag_news.py for tasks to queue
[2025-05-17T15:01:34.081+0000] {logging_mixin.py:151} INFO - [2025-05-17T15:01:34.080+0000] {dagbag.py:539} INFO - Filling up the DagBag from /opt/airflow/dags/dag_news.py
[2025-05-17T15:01:34.658+0000] {processor.py:839} INFO - DAG(s) dict_keys(['gold_news_pipeline']) retrieved from /opt/airflow/dags/dag_news.py
[2025-05-17T15:01:34.703+0000] {logging_mixin.py:151} INFO - [2025-05-17T15:01:34.702+0000] {dag.py:2915} INFO - Sync 1 DAGs
[2025-05-17T15:01:34.728+0000] {logging_mixin.py:151} INFO - [2025-05-17T15:01:34.728+0000] {dag.py:3696} INFO - Setting next_dagrun for gold_news_pipeline to 2025-05-17T14:51:34.727814+00:00, run_after=2025-05-17T15:01:34.727814+00:00
[2025-05-17T15:01:34.752+0000] {processor.py:179} INFO - Processing /opt/airflow/dags/dag_news.py took 0.682 seconds
[2025-05-17T15:02:04.947+0000] {processor.py:157} INFO - Started process (PID=1097) to work on /opt/airflow/dags/dag_news.py
[2025-05-17T15:02:04.948+0000] {processor.py:829} INFO - Processing file /opt/airflow/dags/dag_news.py for tasks to queue
[2025-05-17T15:02:04.950+0000] {logging_mixin.py:151} INFO - [2025-05-17T15:02:04.950+0000] {dagbag.py:539} INFO - Filling up the DagBag from /opt/airflow/dags/dag_news.py
[2025-05-17T15:02:05.395+0000] {processor.py:839} INFO - DAG(s) dict_keys(['gold_news_pipeline']) retrieved from /opt/airflow/dags/dag_news.py
[2025-05-17T15:02:05.422+0000] {logging_mixin.py:151} INFO - [2025-05-17T15:02:05.422+0000] {dag.py:2915} INFO - Sync 1 DAGs
[2025-05-17T15:02:05.451+0000] {logging_mixin.py:151} INFO - [2025-05-17T15:02:05.451+0000] {dag.py:3696} INFO - Setting next_dagrun for gold_news_pipeline to 2025-05-17T14:52:05.451229+00:00, run_after=2025-05-17T15:02:05.451229+00:00
[2025-05-17T15:02:05.480+0000] {processor.py:179} INFO - Processing /opt/airflow/dags/dag_news.py took 0.538 seconds
[2025-05-17T15:07:55.172+0000] {processor.py:157} INFO - Started process (PID=167) to work on /opt/airflow/dags/dag_news.py
[2025-05-17T15:07:55.178+0000] {processor.py:829} INFO - Processing file /opt/airflow/dags/dag_news.py for tasks to queue
[2025-05-17T15:07:55.186+0000] {logging_mixin.py:151} INFO - [2025-05-17T15:07:55.186+0000] {dagbag.py:539} INFO - Filling up the DagBag from /opt/airflow/dags/dag_news.py
[2025-05-17T15:07:57.414+0000] {processor.py:839} INFO - DAG(s) dict_keys(['gold_news_pipeline']) retrieved from /opt/airflow/dags/dag_news.py
[2025-05-17T15:07:58.078+0000] {logging_mixin.py:151} INFO - [2025-05-17T15:07:58.077+0000] {manager.py:499} INFO - Created Permission View: %s
[2025-05-17T15:07:58.119+0000] {logging_mixin.py:151} INFO - [2025-05-17T15:07:58.118+0000] {manager.py:499} INFO - Created Permission View: %s
[2025-05-17T15:07:58.142+0000] {logging_mixin.py:151} INFO - [2025-05-17T15:07:58.141+0000] {manager.py:499} INFO - Created Permission View: %s
[2025-05-17T15:07:58.147+0000] {logging_mixin.py:151} INFO - [2025-05-17T15:07:58.143+0000] {security.py:708} INFO - Not syncing DAG-level permissions for DAG 'DAG:gold_news_pipeline' as access control is unset.
[2025-05-17T15:07:58.148+0000] {logging_mixin.py:151} INFO - [2025-05-17T15:07:58.148+0000] {dag.py:2915} INFO - Sync 1 DAGs
[2025-05-17T15:07:58.184+0000] {logging_mixin.py:151} INFO - [2025-05-17T15:07:58.184+0000] {dag.py:2937} INFO - Creating ORM DAG for gold_news_pipeline
[2025-05-17T15:07:58.222+0000] {logging_mixin.py:151} INFO - [2025-05-17T15:07:58.221+0000] {dag.py:3696} INFO - Setting next_dagrun for gold_news_pipeline to 2025-05-17T14:57:58.215808+00:00, run_after=2025-05-17T15:07:58.215808+00:00
[2025-05-17T15:07:58.303+0000] {processor.py:179} INFO - Processing /opt/airflow/dags/dag_news.py took 3.140 seconds
[2025-05-17T15:08:29.255+0000] {processor.py:157} INFO - Started process (PID=259) to work on /opt/airflow/dags/dag_news.py
[2025-05-17T15:08:29.267+0000] {processor.py:829} INFO - Processing file /opt/airflow/dags/dag_news.py for tasks to queue
[2025-05-17T15:08:29.271+0000] {logging_mixin.py:151} INFO - [2025-05-17T15:08:29.270+0000] {dagbag.py:539} INFO - Filling up the DagBag from /opt/airflow/dags/dag_news.py
[2025-05-17T15:08:30.712+0000] {processor.py:839} INFO - DAG(s) dict_keys(['gold_news_pipeline']) retrieved from /opt/airflow/dags/dag_news.py
[2025-05-17T15:08:30.750+0000] {logging_mixin.py:151} INFO - [2025-05-17T15:08:30.750+0000] {dag.py:2915} INFO - Sync 1 DAGs
[2025-05-17T15:08:30.778+0000] {logging_mixin.py:151} INFO - [2025-05-17T15:08:30.778+0000] {dag.py:3696} INFO - Setting next_dagrun for gold_news_pipeline to 2025-05-17T14:58:30.778174+00:00, run_after=2025-05-17T15:08:30.778174+00:00
[2025-05-17T15:08:30.810+0000] {processor.py:179} INFO - Processing /opt/airflow/dags/dag_news.py took 1.572 seconds
[2025-05-17T15:09:00.925+0000] {processor.py:157} INFO - Started process (PID=289) to work on /opt/airflow/dags/dag_news.py
[2025-05-17T15:09:00.926+0000] {processor.py:829} INFO - Processing file /opt/airflow/dags/dag_news.py for tasks to queue
[2025-05-17T15:09:00.928+0000] {logging_mixin.py:151} INFO - [2025-05-17T15:09:00.927+0000] {dagbag.py:539} INFO - Filling up the DagBag from /opt/airflow/dags/dag_news.py
[2025-05-17T15:09:01.761+0000] {processor.py:839} INFO - DAG(s) dict_keys(['gold_news_pipeline']) retrieved from /opt/airflow/dags/dag_news.py
[2025-05-17T15:09:01.799+0000] {logging_mixin.py:151} INFO - [2025-05-17T15:09:01.798+0000] {dag.py:2915} INFO - Sync 1 DAGs
[2025-05-17T15:09:01.840+0000] {logging_mixin.py:151} INFO - [2025-05-17T15:09:01.840+0000] {dag.py:3696} INFO - Setting next_dagrun for gold_news_pipeline to 2025-05-17T14:59:01.839731+00:00, run_after=2025-05-17T15:09:01.839731+00:00
[2025-05-17T15:09:01.881+0000] {processor.py:179} INFO - Processing /opt/airflow/dags/dag_news.py took 0.959 seconds
[2025-05-17T15:09:31.982+0000] {processor.py:157} INFO - Started process (PID=379) to work on /opt/airflow/dags/dag_news.py
[2025-05-17T15:09:31.990+0000] {processor.py:829} INFO - Processing file /opt/airflow/dags/dag_news.py for tasks to queue
[2025-05-17T15:09:31.993+0000] {logging_mixin.py:151} INFO - [2025-05-17T15:09:31.992+0000] {dagbag.py:539} INFO - Filling up the DagBag from /opt/airflow/dags/dag_news.py
[2025-05-17T15:09:32.577+0000] {processor.py:839} INFO - DAG(s) dict_keys(['gold_news_pipeline']) retrieved from /opt/airflow/dags/dag_news.py
[2025-05-17T15:09:32.621+0000] {logging_mixin.py:151} INFO - [2025-05-17T15:09:32.620+0000] {dag.py:2915} INFO - Sync 1 DAGs
[2025-05-17T15:09:32.658+0000] {logging_mixin.py:151} INFO - [2025-05-17T15:09:32.658+0000] {dag.py:3696} INFO - Setting next_dagrun for gold_news_pipeline to 2025-05-17T14:59:32.658274+00:00, run_after=2025-05-17T15:09:32.658274+00:00
[2025-05-17T15:09:32.693+0000] {processor.py:179} INFO - Processing /opt/airflow/dags/dag_news.py took 0.716 seconds
[2025-05-17T15:10:03.240+0000] {processor.py:157} INFO - Started process (PID=426) to work on /opt/airflow/dags/dag_news.py
[2025-05-17T15:10:03.242+0000] {processor.py:829} INFO - Processing file /opt/airflow/dags/dag_news.py for tasks to queue
[2025-05-17T15:10:03.244+0000] {logging_mixin.py:151} INFO - [2025-05-17T15:10:03.243+0000] {dagbag.py:539} INFO - Filling up the DagBag from /opt/airflow/dags/dag_news.py
[2025-05-17T15:10:04.006+0000] {processor.py:839} INFO - DAG(s) dict_keys(['gold_news_pipeline']) retrieved from /opt/airflow/dags/dag_news.py
[2025-05-17T15:10:04.094+0000] {logging_mixin.py:151} INFO - [2025-05-17T15:10:04.094+0000] {dag.py:2915} INFO - Sync 1 DAGs
[2025-05-17T15:10:04.161+0000] {logging_mixin.py:151} INFO - [2025-05-17T15:10:04.161+0000] {dag.py:3696} INFO - Setting next_dagrun for gold_news_pipeline to 2025-05-17T15:00:04.159525+00:00, run_after=2025-05-17T15:10:04.159525+00:00
[2025-05-17T15:10:04.193+0000] {processor.py:179} INFO - Processing /opt/airflow/dags/dag_news.py took 0.959 seconds
[2025-05-17T15:10:34.303+0000] {processor.py:157} INFO - Started process (PID=537) to work on /opt/airflow/dags/dag_news.py
[2025-05-17T15:10:34.308+0000] {processor.py:829} INFO - Processing file /opt/airflow/dags/dag_news.py for tasks to queue
[2025-05-17T15:10:34.310+0000] {logging_mixin.py:151} INFO - [2025-05-17T15:10:34.309+0000] {dagbag.py:539} INFO - Filling up the DagBag from /opt/airflow/dags/dag_news.py
[2025-05-17T15:10:35.145+0000] {processor.py:839} INFO - DAG(s) dict_keys(['gold_news_pipeline']) retrieved from /opt/airflow/dags/dag_news.py
[2025-05-17T15:10:35.221+0000] {logging_mixin.py:151} INFO - [2025-05-17T15:10:35.220+0000] {dag.py:2915} INFO - Sync 1 DAGs
[2025-05-17T15:10:35.268+0000] {logging_mixin.py:151} INFO - [2025-05-17T15:10:35.268+0000] {dag.py:3696} INFO - Setting next_dagrun for gold_news_pipeline to 2025-05-17T15:00:35.268233+00:00, run_after=2025-05-17T15:10:35.268233+00:00
[2025-05-17T15:10:35.308+0000] {processor.py:179} INFO - Processing /opt/airflow/dags/dag_news.py took 1.016 seconds
[2025-05-17T15:11:06.334+0000] {processor.py:157} INFO - Started process (PID=666) to work on /opt/airflow/dags/dag_news.py
[2025-05-17T15:11:06.338+0000] {processor.py:829} INFO - Processing file /opt/airflow/dags/dag_news.py for tasks to queue
[2025-05-17T15:11:06.351+0000] {logging_mixin.py:151} INFO - [2025-05-17T15:11:06.350+0000] {dagbag.py:539} INFO - Filling up the DagBag from /opt/airflow/dags/dag_news.py
[2025-05-17T15:11:08.489+0000] {processor.py:839} INFO - DAG(s) dict_keys(['gold_news_pipeline']) retrieved from /opt/airflow/dags/dag_news.py
[2025-05-17T15:11:08.544+0000] {logging_mixin.py:151} INFO - [2025-05-17T15:11:08.544+0000] {dag.py:2915} INFO - Sync 1 DAGs
[2025-05-17T15:11:08.583+0000] {logging_mixin.py:151} INFO - [2025-05-17T15:11:08.583+0000] {dag.py:3696} INFO - Setting next_dagrun for gold_news_pipeline to 2025-05-17T15:01:08.582910+00:00, run_after=2025-05-17T15:11:08.582910+00:00
[2025-05-17T15:11:08.622+0000] {processor.py:179} INFO - Processing /opt/airflow/dags/dag_news.py took 2.297 seconds
[2025-05-17T15:11:39.578+0000] {processor.py:157} INFO - Started process (PID=832) to work on /opt/airflow/dags/dag_news.py
[2025-05-17T15:11:39.583+0000] {processor.py:829} INFO - Processing file /opt/airflow/dags/dag_news.py for tasks to queue
[2025-05-17T15:11:39.589+0000] {logging_mixin.py:151} INFO - [2025-05-17T15:11:39.588+0000] {dagbag.py:539} INFO - Filling up the DagBag from /opt/airflow/dags/dag_news.py
[2025-05-17T15:11:40.408+0000] {processor.py:839} INFO - DAG(s) dict_keys(['gold_news_pipeline']) retrieved from /opt/airflow/dags/dag_news.py
[2025-05-17T15:11:40.444+0000] {logging_mixin.py:151} INFO - [2025-05-17T15:11:40.444+0000] {dag.py:2915} INFO - Sync 1 DAGs
[2025-05-17T15:11:40.485+0000] {logging_mixin.py:151} INFO - [2025-05-17T15:11:40.485+0000] {dag.py:3696} INFO - Setting next_dagrun for gold_news_pipeline to 2025-05-17T15:01:40.485405+00:00, run_after=2025-05-17T15:11:40.485405+00:00
[2025-05-17T15:11:40.508+0000] {processor.py:179} INFO - Processing /opt/airflow/dags/dag_news.py took 0.936 seconds
[2025-05-17T15:12:11.359+0000] {processor.py:157} INFO - Started process (PID=966) to work on /opt/airflow/dags/dag_news.py
[2025-05-17T15:12:11.361+0000] {processor.py:829} INFO - Processing file /opt/airflow/dags/dag_news.py for tasks to queue
[2025-05-17T15:12:11.363+0000] {logging_mixin.py:151} INFO - [2025-05-17T15:12:11.362+0000] {dagbag.py:539} INFO - Filling up the DagBag from /opt/airflow/dags/dag_news.py
[2025-05-17T15:12:11.961+0000] {processor.py:839} INFO - DAG(s) dict_keys(['gold_news_pipeline']) retrieved from /opt/airflow/dags/dag_news.py
[2025-05-17T15:12:12.031+0000] {logging_mixin.py:151} INFO - [2025-05-17T15:12:12.030+0000] {dag.py:2915} INFO - Sync 1 DAGs
[2025-05-17T15:12:12.067+0000] {logging_mixin.py:151} INFO - [2025-05-17T15:12:12.066+0000] {dag.py:3696} INFO - Setting next_dagrun for gold_news_pipeline to 2025-05-17T15:02:12.066612+00:00, run_after=2025-05-17T15:12:12.066612+00:00
[2025-05-17T15:12:12.105+0000] {processor.py:179} INFO - Processing /opt/airflow/dags/dag_news.py took 0.753 seconds
[2025-05-17T15:12:42.963+0000] {processor.py:157} INFO - Started process (PID=999) to work on /opt/airflow/dags/dag_news.py
[2025-05-17T15:12:42.965+0000] {processor.py:829} INFO - Processing file /opt/airflow/dags/dag_news.py for tasks to queue
[2025-05-17T15:12:42.967+0000] {logging_mixin.py:151} INFO - [2025-05-17T15:12:42.966+0000] {dagbag.py:539} INFO - Filling up the DagBag from /opt/airflow/dags/dag_news.py
[2025-05-17T15:12:43.548+0000] {processor.py:839} INFO - DAG(s) dict_keys(['gold_news_pipeline']) retrieved from /opt/airflow/dags/dag_news.py
[2025-05-17T15:12:43.579+0000] {logging_mixin.py:151} INFO - [2025-05-17T15:12:43.579+0000] {dag.py:2915} INFO - Sync 1 DAGs
[2025-05-17T15:12:43.607+0000] {logging_mixin.py:151} INFO - [2025-05-17T15:12:43.607+0000] {dag.py:3696} INFO - Setting next_dagrun for gold_news_pipeline to 2025-05-17T15:02:43.607162+00:00, run_after=2025-05-17T15:12:43.607162+00:00
[2025-05-17T15:12:43.633+0000] {processor.py:179} INFO - Processing /opt/airflow/dags/dag_news.py took 0.674 seconds
[2025-05-17T15:13:13.841+0000] {processor.py:157} INFO - Started process (PID=1093) to work on /opt/airflow/dags/dag_news.py
[2025-05-17T15:13:13.843+0000] {processor.py:829} INFO - Processing file /opt/airflow/dags/dag_news.py for tasks to queue
[2025-05-17T15:13:13.845+0000] {logging_mixin.py:151} INFO - [2025-05-17T15:13:13.845+0000] {dagbag.py:539} INFO - Filling up the DagBag from /opt/airflow/dags/dag_news.py
[2025-05-17T15:13:14.232+0000] {processor.py:839} INFO - DAG(s) dict_keys(['gold_news_pipeline']) retrieved from /opt/airflow/dags/dag_news.py
[2025-05-17T15:13:14.262+0000] {logging_mixin.py:151} INFO - [2025-05-17T15:13:14.262+0000] {dag.py:2915} INFO - Sync 1 DAGs
[2025-05-17T15:13:14.290+0000] {logging_mixin.py:151} INFO - [2025-05-17T15:13:14.290+0000] {dag.py:3696} INFO - Setting next_dagrun for gold_news_pipeline to 2025-05-17T15:03:14.289870+00:00, run_after=2025-05-17T15:13:14.289870+00:00
[2025-05-17T15:13:14.316+0000] {processor.py:179} INFO - Processing /opt/airflow/dags/dag_news.py took 0.479 seconds
[2025-05-17T15:13:46.589+0000] {processor.py:157} INFO - Started process (PID=1106) to work on /opt/airflow/dags/dag_news.py
[2025-05-17T15:13:46.591+0000] {processor.py:829} INFO - Processing file /opt/airflow/dags/dag_news.py for tasks to queue
[2025-05-17T15:13:46.592+0000] {logging_mixin.py:151} INFO - [2025-05-17T15:13:46.592+0000] {dagbag.py:539} INFO - Filling up the DagBag from /opt/airflow/dags/dag_news.py
[2025-05-17T15:13:47.216+0000] {processor.py:839} INFO - DAG(s) dict_keys(['gold_news_pipeline']) retrieved from /opt/airflow/dags/dag_news.py
[2025-05-17T15:13:47.245+0000] {logging_mixin.py:151} INFO - [2025-05-17T15:13:47.245+0000] {dag.py:2915} INFO - Sync 1 DAGs
[2025-05-17T15:13:47.272+0000] {logging_mixin.py:151} INFO - [2025-05-17T15:13:47.272+0000] {dag.py:3696} INFO - Setting next_dagrun for gold_news_pipeline to 2025-05-17T15:03:47.271789+00:00, run_after=2025-05-17T15:13:47.271789+00:00
[2025-05-17T15:13:47.299+0000] {processor.py:179} INFO - Processing /opt/airflow/dags/dag_news.py took 0.716 seconds
[2025-05-17T15:14:18.835+0000] {processor.py:157} INFO - Started process (PID=1207) to work on /opt/airflow/dags/dag_news.py
[2025-05-17T15:14:18.836+0000] {processor.py:829} INFO - Processing file /opt/airflow/dags/dag_news.py for tasks to queue
[2025-05-17T15:14:18.838+0000] {logging_mixin.py:151} INFO - [2025-05-17T15:14:18.837+0000] {dagbag.py:539} INFO - Filling up the DagBag from /opt/airflow/dags/dag_news.py
[2025-05-17T15:14:19.294+0000] {processor.py:839} INFO - DAG(s) dict_keys(['gold_news_pipeline']) retrieved from /opt/airflow/dags/dag_news.py
[2025-05-17T15:14:19.347+0000] {logging_mixin.py:151} INFO - [2025-05-17T15:14:19.347+0000] {dag.py:2915} INFO - Sync 1 DAGs
[2025-05-17T15:14:19.420+0000] {logging_mixin.py:151} INFO - [2025-05-17T15:14:19.420+0000] {dag.py:3696} INFO - Setting next_dagrun for gold_news_pipeline to 2025-05-17T15:04:19.419902+00:00, run_after=2025-05-17T15:14:19.419902+00:00
[2025-05-17T15:14:19.496+0000] {processor.py:179} INFO - Processing /opt/airflow/dags/dag_news.py took 0.668 seconds
[2025-05-17T15:14:49.788+0000] {processor.py:157} INFO - Started process (PID=1285) to work on /opt/airflow/dags/dag_news.py
[2025-05-17T15:14:49.790+0000] {processor.py:829} INFO - Processing file /opt/airflow/dags/dag_news.py for tasks to queue
[2025-05-17T15:14:49.792+0000] {logging_mixin.py:151} INFO - [2025-05-17T15:14:49.791+0000] {dagbag.py:539} INFO - Filling up the DagBag from /opt/airflow/dags/dag_news.py
[2025-05-17T15:14:50.312+0000] {processor.py:839} INFO - DAG(s) dict_keys(['gold_news_pipeline']) retrieved from /opt/airflow/dags/dag_news.py
[2025-05-17T15:14:50.375+0000] {logging_mixin.py:151} INFO - [2025-05-17T15:14:50.375+0000] {dag.py:2915} INFO - Sync 1 DAGs
[2025-05-17T15:14:50.461+0000] {logging_mixin.py:151} INFO - [2025-05-17T15:14:50.460+0000] {dag.py:3696} INFO - Setting next_dagrun for gold_news_pipeline to 2025-05-17T15:04:50.460105+00:00, run_after=2025-05-17T15:14:50.460105+00:00
[2025-05-17T15:14:50.604+0000] {processor.py:179} INFO - Processing /opt/airflow/dags/dag_news.py took 0.822 seconds
[2025-05-17T15:15:20.871+0000] {processor.py:157} INFO - Started process (PID=1319) to work on /opt/airflow/dags/dag_news.py
[2025-05-17T15:15:20.872+0000] {processor.py:829} INFO - Processing file /opt/airflow/dags/dag_news.py for tasks to queue
[2025-05-17T15:15:20.874+0000] {logging_mixin.py:151} INFO - [2025-05-17T15:15:20.874+0000] {dagbag.py:539} INFO - Filling up the DagBag from /opt/airflow/dags/dag_news.py
[2025-05-17T15:15:21.317+0000] {processor.py:839} INFO - DAG(s) dict_keys(['gold_news_pipeline']) retrieved from /opt/airflow/dags/dag_news.py
[2025-05-17T15:15:21.369+0000] {logging_mixin.py:151} INFO - [2025-05-17T15:15:21.368+0000] {dag.py:2915} INFO - Sync 1 DAGs
[2025-05-17T15:15:21.416+0000] {logging_mixin.py:151} INFO - [2025-05-17T15:15:21.416+0000] {dag.py:3696} INFO - Setting next_dagrun for gold_news_pipeline to 2025-05-17T15:05:21.415613+00:00, run_after=2025-05-17T15:15:21.415613+00:00
[2025-05-17T15:15:21.471+0000] {processor.py:179} INFO - Processing /opt/airflow/dags/dag_news.py took 0.609 seconds
[2025-05-17T15:15:52.140+0000] {processor.py:157} INFO - Started process (PID=1423) to work on /opt/airflow/dags/dag_news.py
[2025-05-17T15:15:52.142+0000] {processor.py:829} INFO - Processing file /opt/airflow/dags/dag_news.py for tasks to queue
[2025-05-17T15:15:52.147+0000] {logging_mixin.py:151} INFO - [2025-05-17T15:15:52.143+0000] {dagbag.py:539} INFO - Filling up the DagBag from /opt/airflow/dags/dag_news.py
[2025-05-17T15:15:52.731+0000] {processor.py:839} INFO - DAG(s) dict_keys(['gold_news_pipeline']) retrieved from /opt/airflow/dags/dag_news.py
[2025-05-17T15:15:52.758+0000] {logging_mixin.py:151} INFO - [2025-05-17T15:15:52.758+0000] {dag.py:2915} INFO - Sync 1 DAGs
[2025-05-17T15:15:52.790+0000] {logging_mixin.py:151} INFO - [2025-05-17T15:15:52.790+0000] {dag.py:3696} INFO - Setting next_dagrun for gold_news_pipeline to 2025-05-17T15:05:52.789779+00:00, run_after=2025-05-17T15:15:52.789779+00:00
[2025-05-17T15:15:52.840+0000] {processor.py:179} INFO - Processing /opt/airflow/dags/dag_news.py took 0.707 seconds
[2025-05-17T15:16:23.886+0000] {processor.py:157} INFO - Started process (PID=1442) to work on /opt/airflow/dags/dag_news.py
[2025-05-17T15:16:23.888+0000] {processor.py:829} INFO - Processing file /opt/airflow/dags/dag_news.py for tasks to queue
[2025-05-17T15:16:23.889+0000] {logging_mixin.py:151} INFO - [2025-05-17T15:16:23.889+0000] {dagbag.py:539} INFO - Filling up the DagBag from /opt/airflow/dags/dag_news.py
[2025-05-17T15:16:24.366+0000] {processor.py:839} INFO - DAG(s) dict_keys(['gold_news_pipeline']) retrieved from /opt/airflow/dags/dag_news.py
[2025-05-17T15:16:24.400+0000] {logging_mixin.py:151} INFO - [2025-05-17T15:16:24.400+0000] {dag.py:2915} INFO - Sync 1 DAGs
[2025-05-17T15:16:24.437+0000] {logging_mixin.py:151} INFO - [2025-05-17T15:16:24.437+0000] {dag.py:3696} INFO - Setting next_dagrun for gold_news_pipeline to 2025-05-17T15:06:24.436987+00:00, run_after=2025-05-17T15:16:24.436987+00:00
[2025-05-17T15:16:24.477+0000] {processor.py:179} INFO - Processing /opt/airflow/dags/dag_news.py took 0.596 seconds
[2025-05-17T15:16:56.604+0000] {processor.py:157} INFO - Started process (PID=1529) to work on /opt/airflow/dags/dag_news.py
[2025-05-17T15:16:56.607+0000] {processor.py:829} INFO - Processing file /opt/airflow/dags/dag_news.py for tasks to queue
[2025-05-17T15:16:56.610+0000] {logging_mixin.py:151} INFO - [2025-05-17T15:16:56.609+0000] {dagbag.py:539} INFO - Filling up the DagBag from /opt/airflow/dags/dag_news.py
[2025-05-17T15:16:57.126+0000] {processor.py:839} INFO - DAG(s) dict_keys(['gold_news_pipeline']) retrieved from /opt/airflow/dags/dag_news.py
[2025-05-17T15:16:57.188+0000] {logging_mixin.py:151} INFO - [2025-05-17T15:16:57.187+0000] {dag.py:2915} INFO - Sync 1 DAGs
[2025-05-17T15:16:57.236+0000] {logging_mixin.py:151} INFO - [2025-05-17T15:16:57.235+0000] {dag.py:3696} INFO - Setting next_dagrun for gold_news_pipeline to 2025-05-17T15:06:57.235538+00:00, run_after=2025-05-17T15:16:57.235538+00:00
[2025-05-17T15:16:57.272+0000] {processor.py:179} INFO - Processing /opt/airflow/dags/dag_news.py took 0.680 seconds
[2025-05-17T15:17:29.396+0000] {processor.py:157} INFO - Started process (PID=1603) to work on /opt/airflow/dags/dag_news.py
[2025-05-17T15:17:29.407+0000] {processor.py:829} INFO - Processing file /opt/airflow/dags/dag_news.py for tasks to queue
[2025-05-17T15:17:29.410+0000] {logging_mixin.py:151} INFO - [2025-05-17T15:17:29.409+0000] {dagbag.py:539} INFO - Filling up the DagBag from /opt/airflow/dags/dag_news.py
[2025-05-17T15:17:30.096+0000] {processor.py:839} INFO - DAG(s) dict_keys(['gold_news_pipeline']) retrieved from /opt/airflow/dags/dag_news.py
[2025-05-17T15:17:30.162+0000] {logging_mixin.py:151} INFO - [2025-05-17T15:17:30.162+0000] {dag.py:2915} INFO - Sync 1 DAGs
[2025-05-17T15:17:30.214+0000] {logging_mixin.py:151} INFO - [2025-05-17T15:17:30.214+0000] {dag.py:3696} INFO - Setting next_dagrun for gold_news_pipeline to 2025-05-17T15:07:30.213810+00:00, run_after=2025-05-17T15:17:30.213810+00:00
[2025-05-17T15:17:30.255+0000] {processor.py:179} INFO - Processing /opt/airflow/dags/dag_news.py took 0.866 seconds
[2025-05-17T15:18:01.005+0000] {processor.py:157} INFO - Started process (PID=1639) to work on /opt/airflow/dags/dag_news.py
[2025-05-17T15:18:01.008+0000] {processor.py:829} INFO - Processing file /opt/airflow/dags/dag_news.py for tasks to queue
[2025-05-17T15:18:01.009+0000] {logging_mixin.py:151} INFO - [2025-05-17T15:18:01.009+0000] {dagbag.py:539} INFO - Filling up the DagBag from /opt/airflow/dags/dag_news.py
[2025-05-17T15:18:01.362+0000] {processor.py:839} INFO - DAG(s) dict_keys(['gold_news_pipeline']) retrieved from /opt/airflow/dags/dag_news.py
[2025-05-17T15:18:01.386+0000] {logging_mixin.py:151} INFO - [2025-05-17T15:18:01.386+0000] {dag.py:2915} INFO - Sync 1 DAGs
[2025-05-17T15:18:01.408+0000] {logging_mixin.py:151} INFO - [2025-05-17T15:18:01.408+0000] {dag.py:3696} INFO - Setting next_dagrun for gold_news_pipeline to 2025-05-17T15:08:01.408143+00:00, run_after=2025-05-17T15:18:01.408143+00:00
[2025-05-17T15:18:01.429+0000] {processor.py:179} INFO - Processing /opt/airflow/dags/dag_news.py took 0.430 seconds
[2025-05-17T15:18:31.531+0000] {processor.py:157} INFO - Started process (PID=1744) to work on /opt/airflow/dags/dag_news.py
[2025-05-17T15:18:31.533+0000] {processor.py:829} INFO - Processing file /opt/airflow/dags/dag_news.py for tasks to queue
[2025-05-17T15:18:31.536+0000] {logging_mixin.py:151} INFO - [2025-05-17T15:18:31.535+0000] {dagbag.py:539} INFO - Filling up the DagBag from /opt/airflow/dags/dag_news.py
[2025-05-17T15:18:32.019+0000] {processor.py:839} INFO - DAG(s) dict_keys(['gold_news_pipeline']) retrieved from /opt/airflow/dags/dag_news.py
[2025-05-17T15:18:32.058+0000] {logging_mixin.py:151} INFO - [2025-05-17T15:18:32.058+0000] {dag.py:2915} INFO - Sync 1 DAGs
[2025-05-17T15:18:32.088+0000] {logging_mixin.py:151} INFO - [2025-05-17T15:18:32.088+0000] {dag.py:3696} INFO - Setting next_dagrun for gold_news_pipeline to 2025-05-17T15:08:32.087557+00:00, run_after=2025-05-17T15:18:32.087557+00:00
[2025-05-17T15:18:32.115+0000] {processor.py:179} INFO - Processing /opt/airflow/dags/dag_news.py took 0.589 seconds
[2025-05-17T15:19:02.830+0000] {processor.py:157} INFO - Started process (PID=1768) to work on /opt/airflow/dags/dag_news.py
[2025-05-17T15:19:02.841+0000] {processor.py:829} INFO - Processing file /opt/airflow/dags/dag_news.py for tasks to queue
[2025-05-17T15:19:02.843+0000] {logging_mixin.py:151} INFO - [2025-05-17T15:19:02.842+0000] {dagbag.py:539} INFO - Filling up the DagBag from /opt/airflow/dags/dag_news.py
[2025-05-17T15:19:03.464+0000] {processor.py:839} INFO - DAG(s) dict_keys(['gold_news_pipeline']) retrieved from /opt/airflow/dags/dag_news.py
[2025-05-17T15:19:03.511+0000] {logging_mixin.py:151} INFO - [2025-05-17T15:19:03.511+0000] {dag.py:2915} INFO - Sync 1 DAGs
[2025-05-17T15:19:03.547+0000] {logging_mixin.py:151} INFO - [2025-05-17T15:19:03.547+0000] {dag.py:3696} INFO - Setting next_dagrun for gold_news_pipeline to 2025-05-17T15:09:03.547348+00:00, run_after=2025-05-17T15:19:03.547348+00:00
[2025-05-17T15:19:03.567+0000] {processor.py:179} INFO - Processing /opt/airflow/dags/dag_news.py took 0.743 seconds
[2025-05-17T15:19:34.891+0000] {processor.py:157} INFO - Started process (PID=1848) to work on /opt/airflow/dags/dag_news.py
[2025-05-17T15:19:34.936+0000] {processor.py:829} INFO - Processing file /opt/airflow/dags/dag_news.py for tasks to queue
[2025-05-17T15:19:34.938+0000] {logging_mixin.py:151} INFO - [2025-05-17T15:19:34.937+0000] {dagbag.py:539} INFO - Filling up the DagBag from /opt/airflow/dags/dag_news.py
[2025-05-17T15:19:35.544+0000] {processor.py:839} INFO - DAG(s) dict_keys(['gold_news_pipeline']) retrieved from /opt/airflow/dags/dag_news.py
[2025-05-17T15:19:35.573+0000] {logging_mixin.py:151} INFO - [2025-05-17T15:19:35.573+0000] {dag.py:2915} INFO - Sync 1 DAGs
[2025-05-17T15:19:35.601+0000] {logging_mixin.py:151} INFO - [2025-05-17T15:19:35.601+0000] {dag.py:3696} INFO - Setting next_dagrun for gold_news_pipeline to 2025-05-17T15:09:35.601216+00:00, run_after=2025-05-17T15:19:35.601216+00:00
[2025-05-17T15:19:35.634+0000] {processor.py:179} INFO - Processing /opt/airflow/dags/dag_news.py took 0.752 seconds
[2025-05-17T15:20:07.693+0000] {processor.py:157} INFO - Started process (PID=1924) to work on /opt/airflow/dags/dag_news.py
[2025-05-17T15:20:07.695+0000] {processor.py:829} INFO - Processing file /opt/airflow/dags/dag_news.py for tasks to queue
[2025-05-17T15:20:07.697+0000] {logging_mixin.py:151} INFO - [2025-05-17T15:20:07.696+0000] {dagbag.py:539} INFO - Filling up the DagBag from /opt/airflow/dags/dag_news.py
[2025-05-17T15:20:08.001+0000] {processor.py:839} INFO - DAG(s) dict_keys(['gold_news_pipeline']) retrieved from /opt/airflow/dags/dag_news.py
[2025-05-17T15:20:08.056+0000] {logging_mixin.py:151} INFO - [2025-05-17T15:20:08.056+0000] {dag.py:2915} INFO - Sync 1 DAGs
[2025-05-17T15:20:08.108+0000] {logging_mixin.py:151} INFO - [2025-05-17T15:20:08.108+0000] {dag.py:3696} INFO - Setting next_dagrun for gold_news_pipeline to 2025-05-17T15:10:08.106748+00:00, run_after=2025-05-17T15:20:08.106748+00:00
[2025-05-17T15:20:08.142+0000] {processor.py:179} INFO - Processing /opt/airflow/dags/dag_news.py took 0.453 seconds
[2025-05-17T15:20:40.217+0000] {processor.py:157} INFO - Started process (PID=1957) to work on /opt/airflow/dags/dag_news.py
[2025-05-17T15:20:40.218+0000] {processor.py:829} INFO - Processing file /opt/airflow/dags/dag_news.py for tasks to queue
[2025-05-17T15:20:40.219+0000] {logging_mixin.py:151} INFO - [2025-05-17T15:20:40.219+0000] {dagbag.py:539} INFO - Filling up the DagBag from /opt/airflow/dags/dag_news.py
[2025-05-17T15:20:40.512+0000] {processor.py:839} INFO - DAG(s) dict_keys(['gold_news_pipeline']) retrieved from /opt/airflow/dags/dag_news.py
[2025-05-17T15:20:40.540+0000] {logging_mixin.py:151} INFO - [2025-05-17T15:20:40.539+0000] {dag.py:2915} INFO - Sync 1 DAGs
[2025-05-17T15:20:40.564+0000] {logging_mixin.py:151} INFO - [2025-05-17T15:20:40.564+0000] {dag.py:3696} INFO - Setting next_dagrun for gold_news_pipeline to 2025-05-17T15:10:40.564199+00:00, run_after=2025-05-17T15:20:40.564199+00:00
[2025-05-17T15:20:40.590+0000] {processor.py:179} INFO - Processing /opt/airflow/dags/dag_news.py took 0.378 seconds
[2025-05-17T15:21:13.350+0000] {processor.py:157} INFO - Started process (PID=2061) to work on /opt/airflow/dags/dag_news.py
[2025-05-17T15:21:13.352+0000] {processor.py:829} INFO - Processing file /opt/airflow/dags/dag_news.py for tasks to queue
[2025-05-17T15:21:13.354+0000] {logging_mixin.py:151} INFO - [2025-05-17T15:21:13.353+0000] {dagbag.py:539} INFO - Filling up the DagBag from /opt/airflow/dags/dag_news.py
[2025-05-17T15:21:13.690+0000] {processor.py:839} INFO - DAG(s) dict_keys(['gold_news_pipeline']) retrieved from /opt/airflow/dags/dag_news.py
[2025-05-17T15:21:13.729+0000] {logging_mixin.py:151} INFO - [2025-05-17T15:21:13.728+0000] {dag.py:2915} INFO - Sync 1 DAGs
[2025-05-17T15:21:13.770+0000] {logging_mixin.py:151} INFO - [2025-05-17T15:21:13.770+0000] {dag.py:3696} INFO - Setting next_dagrun for gold_news_pipeline to 2025-05-17T15:11:13.770171+00:00, run_after=2025-05-17T15:21:13.770171+00:00
[2025-05-17T15:21:13.800+0000] {processor.py:179} INFO - Processing /opt/airflow/dags/dag_news.py took 0.453 seconds
[2025-05-17T15:21:44.020+0000] {processor.py:157} INFO - Started process (PID=2122) to work on /opt/airflow/dags/dag_news.py
[2025-05-17T15:21:44.022+0000] {processor.py:829} INFO - Processing file /opt/airflow/dags/dag_news.py for tasks to queue
[2025-05-17T15:21:44.024+0000] {logging_mixin.py:151} INFO - [2025-05-17T15:21:44.024+0000] {dagbag.py:539} INFO - Filling up the DagBag from /opt/airflow/dags/dag_news.py
[2025-05-17T15:21:44.686+0000] {processor.py:839} INFO - DAG(s) dict_keys(['gold_news_pipeline']) retrieved from /opt/airflow/dags/dag_news.py
[2025-05-17T15:21:44.728+0000] {logging_mixin.py:151} INFO - [2025-05-17T15:21:44.727+0000] {dag.py:2915} INFO - Sync 1 DAGs
[2025-05-17T15:21:44.769+0000] {logging_mixin.py:151} INFO - [2025-05-17T15:21:44.768+0000] {dag.py:3696} INFO - Setting next_dagrun for gold_news_pipeline to 2025-05-17T15:11:44.768525+00:00, run_after=2025-05-17T15:21:44.768525+00:00
[2025-05-17T15:21:44.815+0000] {processor.py:179} INFO - Processing /opt/airflow/dags/dag_news.py took 0.802 seconds
[2025-05-17T15:22:15.279+0000] {processor.py:157} INFO - Started process (PID=2178) to work on /opt/airflow/dags/dag_news.py
[2025-05-17T15:22:15.281+0000] {processor.py:829} INFO - Processing file /opt/airflow/dags/dag_news.py for tasks to queue
[2025-05-17T15:22:15.283+0000] {logging_mixin.py:151} INFO - [2025-05-17T15:22:15.282+0000] {dagbag.py:539} INFO - Filling up the DagBag from /opt/airflow/dags/dag_news.py
[2025-05-17T15:22:15.784+0000] {processor.py:839} INFO - DAG(s) dict_keys(['gold_news_pipeline']) retrieved from /opt/airflow/dags/dag_news.py
[2025-05-17T15:22:15.820+0000] {logging_mixin.py:151} INFO - [2025-05-17T15:22:15.820+0000] {dag.py:2915} INFO - Sync 1 DAGs
[2025-05-17T15:22:15.842+0000] {logging_mixin.py:151} INFO - [2025-05-17T15:22:15.842+0000] {dag.py:3696} INFO - Setting next_dagrun for gold_news_pipeline to 2025-05-17T15:12:15.842234+00:00, run_after=2025-05-17T15:22:15.842234+00:00
[2025-05-17T15:22:15.866+0000] {processor.py:179} INFO - Processing /opt/airflow/dags/dag_news.py took 0.590 seconds
[2025-05-17T15:22:46.929+0000] {processor.py:157} INFO - Started process (PID=2250) to work on /opt/airflow/dags/dag_news.py
[2025-05-17T15:22:46.931+0000] {processor.py:829} INFO - Processing file /opt/airflow/dags/dag_news.py for tasks to queue
[2025-05-17T15:22:46.932+0000] {logging_mixin.py:151} INFO - [2025-05-17T15:22:46.932+0000] {dagbag.py:539} INFO - Filling up the DagBag from /opt/airflow/dags/dag_news.py
[2025-05-17T15:22:47.392+0000] {processor.py:839} INFO - DAG(s) dict_keys(['gold_news_pipeline']) retrieved from /opt/airflow/dags/dag_news.py
[2025-05-17T15:22:47.439+0000] {logging_mixin.py:151} INFO - [2025-05-17T15:22:47.439+0000] {dag.py:2915} INFO - Sync 1 DAGs
[2025-05-17T15:22:47.503+0000] {logging_mixin.py:151} INFO - [2025-05-17T15:22:47.503+0000] {dag.py:3696} INFO - Setting next_dagrun for gold_news_pipeline to 2025-05-17T15:12:47.502704+00:00, run_after=2025-05-17T15:22:47.502704+00:00
[2025-05-17T15:22:47.548+0000] {processor.py:179} INFO - Processing /opt/airflow/dags/dag_news.py took 0.622 seconds
[2025-05-17T15:23:19.838+0000] {processor.py:157} INFO - Started process (PID=2283) to work on /opt/airflow/dags/dag_news.py
[2025-05-17T15:23:19.840+0000] {processor.py:829} INFO - Processing file /opt/airflow/dags/dag_news.py for tasks to queue
[2025-05-17T15:23:19.842+0000] {logging_mixin.py:151} INFO - [2025-05-17T15:23:19.841+0000] {dagbag.py:539} INFO - Filling up the DagBag from /opt/airflow/dags/dag_news.py
[2025-05-17T15:23:20.700+0000] {processor.py:839} INFO - DAG(s) dict_keys(['gold_news_pipeline']) retrieved from /opt/airflow/dags/dag_news.py
[2025-05-17T15:23:20.732+0000] {logging_mixin.py:151} INFO - [2025-05-17T15:23:20.731+0000] {dag.py:2915} INFO - Sync 1 DAGs
[2025-05-17T15:23:20.760+0000] {logging_mixin.py:151} INFO - [2025-05-17T15:23:20.759+0000] {dag.py:3696} INFO - Setting next_dagrun for gold_news_pipeline to 2025-05-17T15:13:20.759675+00:00, run_after=2025-05-17T15:23:20.759675+00:00
[2025-05-17T15:23:20.789+0000] {processor.py:179} INFO - Processing /opt/airflow/dags/dag_news.py took 0.967 seconds
[2025-05-17T15:23:52.573+0000] {processor.py:157} INFO - Started process (PID=2382) to work on /opt/airflow/dags/dag_news.py
[2025-05-17T15:23:52.607+0000] {processor.py:829} INFO - Processing file /opt/airflow/dags/dag_news.py for tasks to queue
[2025-05-17T15:23:52.612+0000] {logging_mixin.py:151} INFO - [2025-05-17T15:23:52.611+0000] {dagbag.py:539} INFO - Filling up the DagBag from /opt/airflow/dags/dag_news.py
[2025-05-17T15:23:53.571+0000] {processor.py:839} INFO - DAG(s) dict_keys(['gold_news_pipeline']) retrieved from /opt/airflow/dags/dag_news.py
[2025-05-17T15:23:53.630+0000] {logging_mixin.py:151} INFO - [2025-05-17T15:23:53.630+0000] {dag.py:2915} INFO - Sync 1 DAGs
[2025-05-17T15:23:53.715+0000] {logging_mixin.py:151} INFO - [2025-05-17T15:23:53.713+0000] {dag.py:3696} INFO - Setting next_dagrun for gold_news_pipeline to 2025-05-17T15:13:53.711911+00:00, run_after=2025-05-17T15:23:53.711911+00:00
[2025-05-17T15:23:53.823+0000] {processor.py:179} INFO - Processing /opt/airflow/dags/dag_news.py took 1.257 seconds
[2025-05-17T15:24:23.935+0000] {processor.py:157} INFO - Started process (PID=2394) to work on /opt/airflow/dags/dag_news.py
[2025-05-17T15:24:23.937+0000] {processor.py:829} INFO - Processing file /opt/airflow/dags/dag_news.py for tasks to queue
[2025-05-17T15:24:23.938+0000] {logging_mixin.py:151} INFO - [2025-05-17T15:24:23.938+0000] {dagbag.py:539} INFO - Filling up the DagBag from /opt/airflow/dags/dag_news.py
[2025-05-17T15:24:24.361+0000] {processor.py:839} INFO - DAG(s) dict_keys(['gold_news_pipeline']) retrieved from /opt/airflow/dags/dag_news.py
[2025-05-17T15:24:24.393+0000] {logging_mixin.py:151} INFO - [2025-05-17T15:24:24.393+0000] {dag.py:2915} INFO - Sync 1 DAGs
[2025-05-17T15:24:24.423+0000] {logging_mixin.py:151} INFO - [2025-05-17T15:24:24.423+0000] {dag.py:3696} INFO - Setting next_dagrun for gold_news_pipeline to 2025-05-17T15:14:24.422969+00:00, run_after=2025-05-17T15:24:24.422969+00:00
[2025-05-17T15:24:24.450+0000] {processor.py:179} INFO - Processing /opt/airflow/dags/dag_news.py took 0.518 seconds
[2025-05-17T15:24:54.740+0000] {processor.py:157} INFO - Started process (PID=2491) to work on /opt/airflow/dags/dag_news.py
[2025-05-17T15:24:54.742+0000] {processor.py:829} INFO - Processing file /opt/airflow/dags/dag_news.py for tasks to queue
[2025-05-17T15:24:54.743+0000] {logging_mixin.py:151} INFO - [2025-05-17T15:24:54.743+0000] {dagbag.py:539} INFO - Filling up the DagBag from /opt/airflow/dags/dag_news.py
[2025-05-17T15:24:55.093+0000] {processor.py:839} INFO - DAG(s) dict_keys(['gold_news_pipeline']) retrieved from /opt/airflow/dags/dag_news.py
[2025-05-17T15:24:55.134+0000] {logging_mixin.py:151} INFO - [2025-05-17T15:24:55.134+0000] {dag.py:2915} INFO - Sync 1 DAGs
[2025-05-17T15:24:55.172+0000] {logging_mixin.py:151} INFO - [2025-05-17T15:24:55.171+0000] {dag.py:3696} INFO - Setting next_dagrun for gold_news_pipeline to 2025-05-17T15:14:55.171407+00:00, run_after=2025-05-17T15:24:55.171407+00:00
[2025-05-17T15:24:55.218+0000] {processor.py:179} INFO - Processing /opt/airflow/dags/dag_news.py took 0.483 seconds
[2025-05-17T15:25:26.360+0000] {processor.py:157} INFO - Started process (PID=2527) to work on /opt/airflow/dags/dag_news.py
[2025-05-17T15:25:26.361+0000] {processor.py:829} INFO - Processing file /opt/airflow/dags/dag_news.py for tasks to queue
[2025-05-17T15:25:26.363+0000] {logging_mixin.py:151} INFO - [2025-05-17T15:25:26.362+0000] {dagbag.py:539} INFO - Filling up the DagBag from /opt/airflow/dags/dag_news.py
[2025-05-17T15:25:26.847+0000] {processor.py:839} INFO - DAG(s) dict_keys(['gold_news_pipeline']) retrieved from /opt/airflow/dags/dag_news.py
[2025-05-17T15:25:26.903+0000] {logging_mixin.py:151} INFO - [2025-05-17T15:25:26.903+0000] {dag.py:2915} INFO - Sync 1 DAGs
[2025-05-17T15:25:26.954+0000] {logging_mixin.py:151} INFO - [2025-05-17T15:25:26.954+0000] {dag.py:3696} INFO - Setting next_dagrun for gold_news_pipeline to 2025-05-17T15:15:26.953062+00:00, run_after=2025-05-17T15:25:26.953062+00:00
[2025-05-17T15:25:27.038+0000] {processor.py:179} INFO - Processing /opt/airflow/dags/dag_news.py took 0.687 seconds
[2025-05-17T15:25:59.197+0000] {processor.py:157} INFO - Started process (PID=2601) to work on /opt/airflow/dags/dag_news.py
[2025-05-17T15:25:59.200+0000] {processor.py:829} INFO - Processing file /opt/airflow/dags/dag_news.py for tasks to queue
[2025-05-17T15:25:59.202+0000] {logging_mixin.py:151} INFO - [2025-05-17T15:25:59.202+0000] {dagbag.py:539} INFO - Filling up the DagBag from /opt/airflow/dags/dag_news.py
[2025-05-17T15:25:59.461+0000] {processor.py:839} INFO - DAG(s) dict_keys(['gold_news_pipeline']) retrieved from /opt/airflow/dags/dag_news.py
[2025-05-17T15:25:59.485+0000] {logging_mixin.py:151} INFO - [2025-05-17T15:25:59.485+0000] {dag.py:2915} INFO - Sync 1 DAGs
[2025-05-17T15:25:59.507+0000] {logging_mixin.py:151} INFO - [2025-05-17T15:25:59.506+0000] {dag.py:3696} INFO - Setting next_dagrun for gold_news_pipeline to 2025-05-17T15:15:59.506483+00:00, run_after=2025-05-17T15:25:59.506483+00:00
[2025-05-17T15:25:59.532+0000] {processor.py:179} INFO - Processing /opt/airflow/dags/dag_news.py took 0.339 seconds
[2025-05-17T15:26:32.311+0000] {processor.py:157} INFO - Started process (PID=2696) to work on /opt/airflow/dags/dag_news.py
[2025-05-17T15:26:32.313+0000] {processor.py:829} INFO - Processing file /opt/airflow/dags/dag_news.py for tasks to queue
[2025-05-17T15:26:32.315+0000] {logging_mixin.py:151} INFO - [2025-05-17T15:26:32.315+0000] {dagbag.py:539} INFO - Filling up the DagBag from /opt/airflow/dags/dag_news.py
[2025-05-17T15:26:32.926+0000] {processor.py:839} INFO - DAG(s) dict_keys(['gold_news_pipeline']) retrieved from /opt/airflow/dags/dag_news.py
[2025-05-17T15:26:33.005+0000] {logging_mixin.py:151} INFO - [2025-05-17T15:26:33.004+0000] {dag.py:2915} INFO - Sync 1 DAGs
[2025-05-17T15:26:33.046+0000] {logging_mixin.py:151} INFO - [2025-05-17T15:26:33.046+0000] {dag.py:3696} INFO - Setting next_dagrun for gold_news_pipeline to 2025-05-17T15:16:33.044724+00:00, run_after=2025-05-17T15:26:33.044724+00:00
[2025-05-17T15:26:33.081+0000] {processor.py:179} INFO - Processing /opt/airflow/dags/dag_news.py took 0.779 seconds
[2025-05-17T15:27:04.675+0000] {processor.py:157} INFO - Started process (PID=2709) to work on /opt/airflow/dags/dag_news.py
[2025-05-17T15:27:04.676+0000] {processor.py:829} INFO - Processing file /opt/airflow/dags/dag_news.py for tasks to queue
[2025-05-17T15:27:04.678+0000] {logging_mixin.py:151} INFO - [2025-05-17T15:27:04.677+0000] {dagbag.py:539} INFO - Filling up the DagBag from /opt/airflow/dags/dag_news.py
[2025-05-17T15:27:04.977+0000] {processor.py:839} INFO - DAG(s) dict_keys(['gold_news_pipeline']) retrieved from /opt/airflow/dags/dag_news.py
[2025-05-17T15:27:05.024+0000] {logging_mixin.py:151} INFO - [2025-05-17T15:27:05.024+0000] {dag.py:2915} INFO - Sync 1 DAGs
[2025-05-17T15:27:05.063+0000] {logging_mixin.py:151} INFO - [2025-05-17T15:27:05.063+0000] {dag.py:3696} INFO - Setting next_dagrun for gold_news_pipeline to 2025-05-17T15:17:05.062865+00:00, run_after=2025-05-17T15:27:05.062865+00:00
[2025-05-17T15:27:05.101+0000] {processor.py:179} INFO - Processing /opt/airflow/dags/dag_news.py took 0.431 seconds
[2025-05-17T15:27:37.486+0000] {processor.py:157} INFO - Started process (PID=2811) to work on /opt/airflow/dags/dag_news.py
[2025-05-17T15:27:37.487+0000] {processor.py:829} INFO - Processing file /opt/airflow/dags/dag_news.py for tasks to queue
[2025-05-17T15:27:37.488+0000] {logging_mixin.py:151} INFO - [2025-05-17T15:27:37.488+0000] {dagbag.py:539} INFO - Filling up the DagBag from /opt/airflow/dags/dag_news.py
[2025-05-17T15:27:38.026+0000] {processor.py:839} INFO - DAG(s) dict_keys(['gold_news_pipeline']) retrieved from /opt/airflow/dags/dag_news.py
[2025-05-17T15:27:38.055+0000] {logging_mixin.py:151} INFO - [2025-05-17T15:27:38.055+0000] {dag.py:2915} INFO - Sync 1 DAGs
[2025-05-17T15:27:38.078+0000] {logging_mixin.py:151} INFO - [2025-05-17T15:27:38.078+0000] {dag.py:3696} INFO - Setting next_dagrun for gold_news_pipeline to 2025-05-17T15:17:38.078403+00:00, run_after=2025-05-17T15:27:38.078403+00:00
[2025-05-17T15:27:38.108+0000] {processor.py:179} INFO - Processing /opt/airflow/dags/dag_news.py took 0.626 seconds
[2025-05-17T15:28:08.176+0000] {processor.py:157} INFO - Started process (PID=2893) to work on /opt/airflow/dags/dag_news.py
[2025-05-17T15:28:08.177+0000] {processor.py:829} INFO - Processing file /opt/airflow/dags/dag_news.py for tasks to queue
[2025-05-17T15:28:08.178+0000] {logging_mixin.py:151} INFO - [2025-05-17T15:28:08.178+0000] {dagbag.py:539} INFO - Filling up the DagBag from /opt/airflow/dags/dag_news.py
[2025-05-17T15:28:08.570+0000] {processor.py:839} INFO - DAG(s) dict_keys(['gold_news_pipeline']) retrieved from /opt/airflow/dags/dag_news.py
[2025-05-17T15:28:08.637+0000] {logging_mixin.py:151} INFO - [2025-05-17T15:28:08.637+0000] {dag.py:2915} INFO - Sync 1 DAGs
[2025-05-17T15:28:08.700+0000] {logging_mixin.py:151} INFO - [2025-05-17T15:28:08.699+0000] {dag.py:3696} INFO - Setting next_dagrun for gold_news_pipeline to 2025-05-17T15:18:08.698977+00:00, run_after=2025-05-17T15:28:08.698977+00:00
[2025-05-17T15:28:08.738+0000] {processor.py:179} INFO - Processing /opt/airflow/dags/dag_news.py took 0.566 seconds
[2025-05-17T15:28:39.604+0000] {processor.py:157} INFO - Started process (PID=2926) to work on /opt/airflow/dags/dag_news.py
[2025-05-17T15:28:39.606+0000] {processor.py:829} INFO - Processing file /opt/airflow/dags/dag_news.py for tasks to queue
[2025-05-17T15:28:39.607+0000] {logging_mixin.py:151} INFO - [2025-05-17T15:28:39.607+0000] {dagbag.py:539} INFO - Filling up the DagBag from /opt/airflow/dags/dag_news.py
[2025-05-17T15:28:40.234+0000] {processor.py:839} INFO - DAG(s) dict_keys(['gold_news_pipeline']) retrieved from /opt/airflow/dags/dag_news.py
[2025-05-17T15:28:40.269+0000] {logging_mixin.py:151} INFO - [2025-05-17T15:28:40.269+0000] {dag.py:2915} INFO - Sync 1 DAGs
[2025-05-17T15:28:40.308+0000] {logging_mixin.py:151} INFO - [2025-05-17T15:28:40.308+0000] {dag.py:3696} INFO - Setting next_dagrun for gold_news_pipeline to 2025-05-17T15:18:40.307980+00:00, run_after=2025-05-17T15:28:40.307980+00:00
[2025-05-17T15:28:40.350+0000] {processor.py:179} INFO - Processing /opt/airflow/dags/dag_news.py took 0.752 seconds
[2025-05-17T15:29:11.481+0000] {processor.py:157} INFO - Started process (PID=3021) to work on /opt/airflow/dags/dag_news.py
[2025-05-17T15:29:11.483+0000] {processor.py:829} INFO - Processing file /opt/airflow/dags/dag_news.py for tasks to queue
[2025-05-17T15:29:11.484+0000] {logging_mixin.py:151} INFO - [2025-05-17T15:29:11.484+0000] {dagbag.py:539} INFO - Filling up the DagBag from /opt/airflow/dags/dag_news.py
[2025-05-17T15:29:11.843+0000] {processor.py:839} INFO - DAG(s) dict_keys(['gold_news_pipeline']) retrieved from /opt/airflow/dags/dag_news.py
[2025-05-17T15:29:11.868+0000] {logging_mixin.py:151} INFO - [2025-05-17T15:29:11.867+0000] {dag.py:2915} INFO - Sync 1 DAGs
[2025-05-17T15:29:11.888+0000] {logging_mixin.py:151} INFO - [2025-05-17T15:29:11.888+0000] {dag.py:3696} INFO - Setting next_dagrun for gold_news_pipeline to 2025-05-17T15:19:11.888365+00:00, run_after=2025-05-17T15:29:11.888365+00:00
[2025-05-17T15:29:11.912+0000] {processor.py:179} INFO - Processing /opt/airflow/dags/dag_news.py took 0.436 seconds
[2025-05-17T15:29:43.934+0000] {processor.py:157} INFO - Started process (PID=3046) to work on /opt/airflow/dags/dag_news.py
[2025-05-17T15:29:43.935+0000] {processor.py:829} INFO - Processing file /opt/airflow/dags/dag_news.py for tasks to queue
[2025-05-17T15:29:43.937+0000] {logging_mixin.py:151} INFO - [2025-05-17T15:29:43.936+0000] {dagbag.py:539} INFO - Filling up the DagBag from /opt/airflow/dags/dag_news.py
[2025-05-17T15:29:44.241+0000] {processor.py:839} INFO - DAG(s) dict_keys(['gold_news_pipeline']) retrieved from /opt/airflow/dags/dag_news.py
[2025-05-17T15:29:44.267+0000] {logging_mixin.py:151} INFO - [2025-05-17T15:29:44.266+0000] {dag.py:2915} INFO - Sync 1 DAGs
[2025-05-17T15:29:44.289+0000] {logging_mixin.py:151} INFO - [2025-05-17T15:29:44.289+0000] {dag.py:3696} INFO - Setting next_dagrun for gold_news_pipeline to 2025-05-17T15:19:44.289088+00:00, run_after=2025-05-17T15:29:44.289088+00:00
[2025-05-17T15:29:44.312+0000] {processor.py:179} INFO - Processing /opt/airflow/dags/dag_news.py took 0.382 seconds
[2025-05-17T15:30:17.307+0000] {processor.py:157} INFO - Started process (PID=3133) to work on /opt/airflow/dags/dag_news.py
[2025-05-17T15:30:17.309+0000] {processor.py:829} INFO - Processing file /opt/airflow/dags/dag_news.py for tasks to queue
[2025-05-17T15:30:17.312+0000] {logging_mixin.py:151} INFO - [2025-05-17T15:30:17.311+0000] {dagbag.py:539} INFO - Filling up the DagBag from /opt/airflow/dags/dag_news.py
[2025-05-17T15:30:17.625+0000] {processor.py:839} INFO - DAG(s) dict_keys(['gold_news_pipeline']) retrieved from /opt/airflow/dags/dag_news.py
[2025-05-17T15:30:17.670+0000] {logging_mixin.py:151} INFO - [2025-05-17T15:30:17.670+0000] {dag.py:2915} INFO - Sync 1 DAGs
[2025-05-17T15:30:17.723+0000] {logging_mixin.py:151} INFO - [2025-05-17T15:30:17.723+0000] {dag.py:3696} INFO - Setting next_dagrun for gold_news_pipeline to 2025-05-17T15:20:17.722681+00:00, run_after=2025-05-17T15:30:17.722681+00:00
[2025-05-17T15:30:17.756+0000] {processor.py:179} INFO - Processing /opt/airflow/dags/dag_news.py took 0.455 seconds
[2025-05-17T15:30:49.472+0000] {processor.py:157} INFO - Started process (PID=3232) to work on /opt/airflow/dags/dag_news.py
[2025-05-17T15:30:49.474+0000] {processor.py:829} INFO - Processing file /opt/airflow/dags/dag_news.py for tasks to queue
[2025-05-17T15:30:49.475+0000] {logging_mixin.py:151} INFO - [2025-05-17T15:30:49.475+0000] {dagbag.py:539} INFO - Filling up the DagBag from /opt/airflow/dags/dag_news.py
[2025-05-17T15:30:50.261+0000] {processor.py:839} INFO - DAG(s) dict_keys(['gold_news_pipeline']) retrieved from /opt/airflow/dags/dag_news.py
[2025-05-17T15:30:50.320+0000] {logging_mixin.py:151} INFO - [2025-05-17T15:30:50.320+0000] {dag.py:2915} INFO - Sync 1 DAGs
[2025-05-17T15:30:50.390+0000] {logging_mixin.py:151} INFO - [2025-05-17T15:30:50.389+0000] {dag.py:3696} INFO - Setting next_dagrun for gold_news_pipeline to 2025-05-17T15:20:50.388950+00:00, run_after=2025-05-17T15:30:50.388950+00:00
[2025-05-17T15:30:50.452+0000] {processor.py:179} INFO - Processing /opt/airflow/dags/dag_news.py took 0.987 seconds
[2025-05-17T15:31:22.570+0000] {processor.py:157} INFO - Started process (PID=3245) to work on /opt/airflow/dags/dag_news.py
[2025-05-17T15:31:22.572+0000] {processor.py:829} INFO - Processing file /opt/airflow/dags/dag_news.py for tasks to queue
[2025-05-17T15:31:22.573+0000] {logging_mixin.py:151} INFO - [2025-05-17T15:31:22.573+0000] {dagbag.py:539} INFO - Filling up the DagBag from /opt/airflow/dags/dag_news.py
[2025-05-17T15:31:22.956+0000] {processor.py:839} INFO - DAG(s) dict_keys(['gold_news_pipeline']) retrieved from /opt/airflow/dags/dag_news.py
[2025-05-17T15:31:23.002+0000] {logging_mixin.py:151} INFO - [2025-05-17T15:31:23.002+0000] {dag.py:2915} INFO - Sync 1 DAGs
[2025-05-17T15:31:23.048+0000] {logging_mixin.py:151} INFO - [2025-05-17T15:31:23.047+0000] {dag.py:3696} INFO - Setting next_dagrun for gold_news_pipeline to 2025-05-17T15:21:23.047080+00:00, run_after=2025-05-17T15:31:23.047080+00:00
[2025-05-17T15:31:23.077+0000] {processor.py:179} INFO - Processing /opt/airflow/dags/dag_news.py took 0.510 seconds
