[2025-05-17T14:50:58.273+0000] {processor.py:157} INFO - Started process (PID=181) to work on /opt/airflow/dags/gold_batch_dag.py
[2025-05-17T14:50:58.276+0000] {processor.py:829} INFO - Processing file /opt/airflow/dags/gold_batch_dag.py for tasks to queue
[2025-05-17T14:50:58.280+0000] {logging_mixin.py:151} INFO - [2025-05-17T14:50:58.279+0000] {dagbag.py:539} INFO - Filling up the DagBag from /opt/airflow/dags/gold_batch_dag.py
[2025-05-17T14:50:59.212+0000] {logging_mixin.py:151} INFO - [2025-05-17T14:50:59.211+0000] {client.py:192} INFO - Instantiated <InsecureClient(url='http://namenode:9870')>.
[2025-05-17T14:51:00.708+0000] {logging_mixin.py:151} INFO - [2025-05-17T14:51:00.708+0000] {client.py:192} INFO - Instantiated <InsecureClient(url='http://namenode:9870')>.
[2025-05-17T14:51:01.635+0000] {logging_mixin.py:151} WARNING - /home/airflow/.local/lib/python3.8/site-packages/snowflake/connector/options.py:103 UserWarning: You have an incompatible version of 'pyarrow' installed (11.0.0), please install a version that adheres to: 'pyarrow<10.1.0,>=10.0.1; extra == "pandas"'
[2025-05-17T14:51:02.901+0000] {logging_mixin.py:151} INFO - [2025-05-17T14:51:02.898+0000] {client.py:192} INFO - Instantiated <InsecureClient(url='http://namenode:9870')>.
[2025-05-17T14:51:02.924+0000] {processor.py:839} INFO - DAG(s) dict_keys(['gold_batch_pipeline']) retrieved from /opt/airflow/dags/gold_batch_dag.py
[2025-05-17T14:51:03.171+0000] {logging_mixin.py:151} INFO - [2025-05-17T14:51:03.170+0000] {manager.py:499} INFO - Created Permission View: %s
[2025-05-17T14:51:03.238+0000] {logging_mixin.py:151} INFO - [2025-05-17T14:51:03.232+0000] {manager.py:499} INFO - Created Permission View: %s
[2025-05-17T14:51:03.277+0000] {logging_mixin.py:151} INFO - [2025-05-17T14:51:03.277+0000] {manager.py:499} INFO - Created Permission View: %s
[2025-05-17T14:51:03.283+0000] {logging_mixin.py:151} INFO - [2025-05-17T14:51:03.280+0000] {security.py:708} INFO - Not syncing DAG-level permissions for DAG 'DAG:gold_batch_pipeline' as access control is unset.
[2025-05-17T14:51:03.286+0000] {logging_mixin.py:151} INFO - [2025-05-17T14:51:03.285+0000] {dag.py:2915} INFO - Sync 1 DAGs
[2025-05-17T14:51:03.336+0000] {logging_mixin.py:151} INFO - [2025-05-17T14:51:03.335+0000] {dag.py:2937} INFO - Creating ORM DAG for gold_batch_pipeline
[2025-05-17T14:51:03.365+0000] {logging_mixin.py:151} INFO - [2025-05-17T14:51:03.364+0000] {dag.py:3696} INFO - Setting next_dagrun for gold_batch_pipeline to 2025-05-16T08:00:00+00:00, run_after=2025-05-17T08:00:00+00:00
[2025-05-17T14:51:03.426+0000] {processor.py:179} INFO - Processing /opt/airflow/dags/gold_batch_dag.py took 5.170 seconds
[2025-05-17T14:51:33.860+0000] {processor.py:157} INFO - Started process (PID=211) to work on /opt/airflow/dags/gold_batch_dag.py
[2025-05-17T14:51:33.864+0000] {processor.py:829} INFO - Processing file /opt/airflow/dags/gold_batch_dag.py for tasks to queue
[2025-05-17T14:51:33.866+0000] {logging_mixin.py:151} INFO - [2025-05-17T14:51:33.866+0000] {dagbag.py:539} INFO - Filling up the DagBag from /opt/airflow/dags/gold_batch_dag.py
[2025-05-17T14:51:34.999+0000] {logging_mixin.py:151} INFO - [2025-05-17T14:51:34.998+0000] {client.py:192} INFO - Instantiated <InsecureClient(url='http://namenode:9870')>.
[2025-05-17T14:51:36.256+0000] {logging_mixin.py:151} INFO - [2025-05-17T14:51:36.249+0000] {client.py:192} INFO - Instantiated <InsecureClient(url='http://namenode:9870')>.
[2025-05-17T14:51:36.766+0000] {logging_mixin.py:151} WARNING - /home/airflow/.local/lib/python3.8/site-packages/snowflake/connector/options.py:103 UserWarning: You have an incompatible version of 'pyarrow' installed (11.0.0), please install a version that adheres to: 'pyarrow<10.1.0,>=10.0.1; extra == "pandas"'
[2025-05-17T14:51:37.071+0000] {logging_mixin.py:151} INFO - [2025-05-17T14:51:37.070+0000] {client.py:192} INFO - Instantiated <InsecureClient(url='http://namenode:9870')>.
[2025-05-17T14:51:37.088+0000] {processor.py:839} INFO - DAG(s) dict_keys(['gold_batch_pipeline']) retrieved from /opt/airflow/dags/gold_batch_dag.py
[2025-05-17T14:51:37.228+0000] {logging_mixin.py:151} INFO - [2025-05-17T14:51:37.227+0000] {dag.py:2915} INFO - Sync 1 DAGs
[2025-05-17T14:51:37.340+0000] {logging_mixin.py:151} INFO - [2025-05-17T14:51:37.339+0000] {dag.py:3696} INFO - Setting next_dagrun for gold_batch_pipeline to 2025-05-16T08:00:00+00:00, run_after=2025-05-17T08:00:00+00:00
[2025-05-17T14:51:37.411+0000] {processor.py:179} INFO - Processing /opt/airflow/dags/gold_batch_dag.py took 3.558 seconds
[2025-05-17T14:52:07.809+0000] {processor.py:157} INFO - Started process (PID=245) to work on /opt/airflow/dags/gold_batch_dag.py
[2025-05-17T14:52:07.812+0000] {processor.py:829} INFO - Processing file /opt/airflow/dags/gold_batch_dag.py for tasks to queue
[2025-05-17T14:52:07.814+0000] {logging_mixin.py:151} INFO - [2025-05-17T14:52:07.813+0000] {dagbag.py:539} INFO - Filling up the DagBag from /opt/airflow/dags/gold_batch_dag.py
[2025-05-17T14:52:08.682+0000] {logging_mixin.py:151} INFO - [2025-05-17T14:52:08.681+0000] {client.py:192} INFO - Instantiated <InsecureClient(url='http://namenode:9870')>.
[2025-05-17T14:52:09.369+0000] {logging_mixin.py:151} INFO - [2025-05-17T14:52:09.368+0000] {client.py:192} INFO - Instantiated <InsecureClient(url='http://namenode:9870')>.
[2025-05-17T14:52:09.909+0000] {logging_mixin.py:151} WARNING - /home/airflow/.local/lib/python3.8/site-packages/snowflake/connector/options.py:103 UserWarning: You have an incompatible version of 'pyarrow' installed (11.0.0), please install a version that adheres to: 'pyarrow<10.1.0,>=10.0.1; extra == "pandas"'
[2025-05-17T14:52:10.098+0000] {logging_mixin.py:151} INFO - [2025-05-17T14:52:10.098+0000] {client.py:192} INFO - Instantiated <InsecureClient(url='http://namenode:9870')>.
[2025-05-17T14:52:10.107+0000] {processor.py:839} INFO - DAG(s) dict_keys(['gold_batch_pipeline']) retrieved from /opt/airflow/dags/gold_batch_dag.py
[2025-05-17T14:52:10.140+0000] {logging_mixin.py:151} INFO - [2025-05-17T14:52:10.139+0000] {dag.py:2915} INFO - Sync 1 DAGs
[2025-05-17T14:52:10.162+0000] {logging_mixin.py:151} INFO - [2025-05-17T14:52:10.162+0000] {dag.py:3696} INFO - Setting next_dagrun for gold_batch_pipeline to 2025-05-16T08:00:00+00:00, run_after=2025-05-17T08:00:00+00:00
[2025-05-17T14:52:10.180+0000] {processor.py:179} INFO - Processing /opt/airflow/dags/gold_batch_dag.py took 2.377 seconds
[2025-05-17T14:52:40.416+0000] {processor.py:157} INFO - Started process (PID=279) to work on /opt/airflow/dags/gold_batch_dag.py
[2025-05-17T14:52:40.417+0000] {processor.py:829} INFO - Processing file /opt/airflow/dags/gold_batch_dag.py for tasks to queue
[2025-05-17T14:52:40.419+0000] {logging_mixin.py:151} INFO - [2025-05-17T14:52:40.418+0000] {dagbag.py:539} INFO - Filling up the DagBag from /opt/airflow/dags/gold_batch_dag.py
[2025-05-17T14:52:40.945+0000] {logging_mixin.py:151} INFO - [2025-05-17T14:52:40.944+0000] {client.py:192} INFO - Instantiated <InsecureClient(url='http://namenode:9870')>.
[2025-05-17T14:52:41.366+0000] {logging_mixin.py:151} INFO - [2025-05-17T14:52:41.366+0000] {client.py:192} INFO - Instantiated <InsecureClient(url='http://namenode:9870')>.
[2025-05-17T14:52:41.671+0000] {logging_mixin.py:151} WARNING - /home/airflow/.local/lib/python3.8/site-packages/snowflake/connector/options.py:103 UserWarning: You have an incompatible version of 'pyarrow' installed (11.0.0), please install a version that adheres to: 'pyarrow<10.1.0,>=10.0.1; extra == "pandas"'
[2025-05-17T14:52:41.760+0000] {logging_mixin.py:151} INFO - [2025-05-17T14:52:41.760+0000] {client.py:192} INFO - Instantiated <InsecureClient(url='http://namenode:9870')>.
[2025-05-17T14:52:41.768+0000] {processor.py:839} INFO - DAG(s) dict_keys(['gold_batch_pipeline']) retrieved from /opt/airflow/dags/gold_batch_dag.py
[2025-05-17T14:52:41.805+0000] {logging_mixin.py:151} INFO - [2025-05-17T14:52:41.803+0000] {dag.py:2915} INFO - Sync 1 DAGs
[2025-05-17T14:52:41.838+0000] {logging_mixin.py:151} INFO - [2025-05-17T14:52:41.838+0000] {dag.py:3696} INFO - Setting next_dagrun for gold_batch_pipeline to 2025-05-16T08:00:00+00:00, run_after=2025-05-17T08:00:00+00:00
[2025-05-17T14:52:41.872+0000] {processor.py:179} INFO - Processing /opt/airflow/dags/gold_batch_dag.py took 1.466 seconds
[2025-05-17T14:53:12.046+0000] {processor.py:157} INFO - Started process (PID=313) to work on /opt/airflow/dags/gold_batch_dag.py
[2025-05-17T14:53:12.047+0000] {processor.py:829} INFO - Processing file /opt/airflow/dags/gold_batch_dag.py for tasks to queue
[2025-05-17T14:53:12.049+0000] {logging_mixin.py:151} INFO - [2025-05-17T14:53:12.048+0000] {dagbag.py:539} INFO - Filling up the DagBag from /opt/airflow/dags/gold_batch_dag.py
[2025-05-17T14:53:12.548+0000] {logging_mixin.py:151} INFO - [2025-05-17T14:53:12.547+0000] {client.py:192} INFO - Instantiated <InsecureClient(url='http://namenode:9870')>.
[2025-05-17T14:53:13.019+0000] {logging_mixin.py:151} INFO - [2025-05-17T14:53:13.019+0000] {client.py:192} INFO - Instantiated <InsecureClient(url='http://namenode:9870')>.
[2025-05-17T14:53:13.326+0000] {logging_mixin.py:151} WARNING - /home/airflow/.local/lib/python3.8/site-packages/snowflake/connector/options.py:103 UserWarning: You have an incompatible version of 'pyarrow' installed (11.0.0), please install a version that adheres to: 'pyarrow<10.1.0,>=10.0.1; extra == "pandas"'
[2025-05-17T14:53:13.464+0000] {logging_mixin.py:151} INFO - [2025-05-17T14:53:13.463+0000] {client.py:192} INFO - Instantiated <InsecureClient(url='http://namenode:9870')>.
[2025-05-17T14:53:13.470+0000] {processor.py:839} INFO - DAG(s) dict_keys(['gold_batch_pipeline']) retrieved from /opt/airflow/dags/gold_batch_dag.py
[2025-05-17T14:53:13.506+0000] {logging_mixin.py:151} INFO - [2025-05-17T14:53:13.504+0000] {dag.py:2915} INFO - Sync 1 DAGs
[2025-05-17T14:53:13.545+0000] {logging_mixin.py:151} INFO - [2025-05-17T14:53:13.545+0000] {dag.py:3696} INFO - Setting next_dagrun for gold_batch_pipeline to 2025-05-16T08:00:00+00:00, run_after=2025-05-17T08:00:00+00:00
[2025-05-17T14:53:13.572+0000] {processor.py:179} INFO - Processing /opt/airflow/dags/gold_batch_dag.py took 1.529 seconds
[2025-05-17T14:53:43.712+0000] {processor.py:157} INFO - Started process (PID=347) to work on /opt/airflow/dags/gold_batch_dag.py
[2025-05-17T14:53:43.713+0000] {processor.py:829} INFO - Processing file /opt/airflow/dags/gold_batch_dag.py for tasks to queue
[2025-05-17T14:53:43.714+0000] {logging_mixin.py:151} INFO - [2025-05-17T14:53:43.714+0000] {dagbag.py:539} INFO - Filling up the DagBag from /opt/airflow/dags/gold_batch_dag.py
[2025-05-17T14:53:44.398+0000] {logging_mixin.py:151} INFO - [2025-05-17T14:53:44.397+0000] {client.py:192} INFO - Instantiated <InsecureClient(url='http://namenode:9870')>.
[2025-05-17T14:53:44.945+0000] {logging_mixin.py:151} INFO - [2025-05-17T14:53:44.945+0000] {client.py:192} INFO - Instantiated <InsecureClient(url='http://namenode:9870')>.
[2025-05-17T14:53:45.142+0000] {logging_mixin.py:151} WARNING - /home/airflow/.local/lib/python3.8/site-packages/snowflake/connector/options.py:103 UserWarning: You have an incompatible version of 'pyarrow' installed (11.0.0), please install a version that adheres to: 'pyarrow<10.1.0,>=10.0.1; extra == "pandas"'
[2025-05-17T14:53:45.219+0000] {logging_mixin.py:151} INFO - [2025-05-17T14:53:45.219+0000] {client.py:192} INFO - Instantiated <InsecureClient(url='http://namenode:9870')>.
[2025-05-17T14:53:45.226+0000] {processor.py:839} INFO - DAG(s) dict_keys(['gold_batch_pipeline']) retrieved from /opt/airflow/dags/gold_batch_dag.py
[2025-05-17T14:53:45.251+0000] {logging_mixin.py:151} INFO - [2025-05-17T14:53:45.250+0000] {dag.py:2915} INFO - Sync 1 DAGs
[2025-05-17T14:53:45.272+0000] {logging_mixin.py:151} INFO - [2025-05-17T14:53:45.272+0000] {dag.py:3696} INFO - Setting next_dagrun for gold_batch_pipeline to 2025-05-16T08:00:00+00:00, run_after=2025-05-17T08:00:00+00:00
[2025-05-17T14:53:45.297+0000] {processor.py:179} INFO - Processing /opt/airflow/dags/gold_batch_dag.py took 1.589 seconds
[2025-05-17T14:54:15.886+0000] {processor.py:157} INFO - Started process (PID=381) to work on /opt/airflow/dags/gold_batch_dag.py
[2025-05-17T14:54:15.889+0000] {processor.py:829} INFO - Processing file /opt/airflow/dags/gold_batch_dag.py for tasks to queue
[2025-05-17T14:54:15.891+0000] {logging_mixin.py:151} INFO - [2025-05-17T14:54:15.890+0000] {dagbag.py:539} INFO - Filling up the DagBag from /opt/airflow/dags/gold_batch_dag.py
[2025-05-17T14:54:16.566+0000] {logging_mixin.py:151} INFO - [2025-05-17T14:54:16.566+0000] {client.py:192} INFO - Instantiated <InsecureClient(url='http://namenode:9870')>.
[2025-05-17T14:54:18.063+0000] {logging_mixin.py:151} INFO - [2025-05-17T14:54:18.062+0000] {client.py:192} INFO - Instantiated <InsecureClient(url='http://namenode:9870')>.
[2025-05-17T14:54:18.297+0000] {logging_mixin.py:151} WARNING - /home/airflow/.local/lib/python3.8/site-packages/snowflake/connector/options.py:103 UserWarning: You have an incompatible version of 'pyarrow' installed (11.0.0), please install a version that adheres to: 'pyarrow<10.1.0,>=10.0.1; extra == "pandas"'
[2025-05-17T14:54:18.446+0000] {logging_mixin.py:151} INFO - [2025-05-17T14:54:18.446+0000] {client.py:192} INFO - Instantiated <InsecureClient(url='http://namenode:9870')>.
[2025-05-17T14:54:18.465+0000] {processor.py:839} INFO - DAG(s) dict_keys(['gold_batch_pipeline']) retrieved from /opt/airflow/dags/gold_batch_dag.py
[2025-05-17T14:54:18.494+0000] {logging_mixin.py:151} INFO - [2025-05-17T14:54:18.493+0000] {dag.py:2915} INFO - Sync 1 DAGs
[2025-05-17T14:54:18.553+0000] {logging_mixin.py:151} INFO - [2025-05-17T14:54:18.552+0000] {dag.py:3696} INFO - Setting next_dagrun for gold_batch_pipeline to 2025-05-16T08:00:00+00:00, run_after=2025-05-17T08:00:00+00:00
[2025-05-17T14:54:18.617+0000] {processor.py:179} INFO - Processing /opt/airflow/dags/gold_batch_dag.py took 2.736 seconds
[2025-05-17T14:54:48.868+0000] {processor.py:157} INFO - Started process (PID=415) to work on /opt/airflow/dags/gold_batch_dag.py
[2025-05-17T14:54:48.870+0000] {processor.py:829} INFO - Processing file /opt/airflow/dags/gold_batch_dag.py for tasks to queue
[2025-05-17T14:54:48.872+0000] {logging_mixin.py:151} INFO - [2025-05-17T14:54:48.872+0000] {dagbag.py:539} INFO - Filling up the DagBag from /opt/airflow/dags/gold_batch_dag.py
[2025-05-17T14:54:49.434+0000] {logging_mixin.py:151} INFO - [2025-05-17T14:54:49.433+0000] {client.py:192} INFO - Instantiated <InsecureClient(url='http://namenode:9870')>.
[2025-05-17T14:54:50.049+0000] {logging_mixin.py:151} INFO - [2025-05-17T14:54:50.049+0000] {client.py:192} INFO - Instantiated <InsecureClient(url='http://namenode:9870')>.
[2025-05-17T14:54:50.226+0000] {logging_mixin.py:151} WARNING - /home/airflow/.local/lib/python3.8/site-packages/snowflake/connector/options.py:103 UserWarning: You have an incompatible version of 'pyarrow' installed (11.0.0), please install a version that adheres to: 'pyarrow<10.1.0,>=10.0.1; extra == "pandas"'
[2025-05-17T14:54:50.318+0000] {logging_mixin.py:151} INFO - [2025-05-17T14:54:50.318+0000] {client.py:192} INFO - Instantiated <InsecureClient(url='http://namenode:9870')>.
[2025-05-17T14:54:50.328+0000] {processor.py:839} INFO - DAG(s) dict_keys(['gold_batch_pipeline']) retrieved from /opt/airflow/dags/gold_batch_dag.py
[2025-05-17T14:54:50.364+0000] {logging_mixin.py:151} INFO - [2025-05-17T14:54:50.363+0000] {dag.py:2915} INFO - Sync 1 DAGs
[2025-05-17T14:54:50.398+0000] {logging_mixin.py:151} INFO - [2025-05-17T14:54:50.397+0000] {dag.py:3696} INFO - Setting next_dagrun for gold_batch_pipeline to 2025-05-16T08:00:00+00:00, run_after=2025-05-17T08:00:00+00:00
[2025-05-17T14:54:50.426+0000] {processor.py:179} INFO - Processing /opt/airflow/dags/gold_batch_dag.py took 1.564 seconds
[2025-05-17T14:55:20.734+0000] {processor.py:157} INFO - Started process (PID=449) to work on /opt/airflow/dags/gold_batch_dag.py
[2025-05-17T14:55:20.736+0000] {processor.py:829} INFO - Processing file /opt/airflow/dags/gold_batch_dag.py for tasks to queue
[2025-05-17T14:55:20.737+0000] {logging_mixin.py:151} INFO - [2025-05-17T14:55:20.737+0000] {dagbag.py:539} INFO - Filling up the DagBag from /opt/airflow/dags/gold_batch_dag.py
[2025-05-17T14:55:21.116+0000] {logging_mixin.py:151} INFO - [2025-05-17T14:55:21.109+0000] {client.py:192} INFO - Instantiated <InsecureClient(url='http://namenode:9870')>.
[2025-05-17T14:55:21.846+0000] {logging_mixin.py:151} INFO - [2025-05-17T14:55:21.846+0000] {client.py:192} INFO - Instantiated <InsecureClient(url='http://namenode:9870')>.
[2025-05-17T14:55:22.087+0000] {logging_mixin.py:151} WARNING - /home/airflow/.local/lib/python3.8/site-packages/snowflake/connector/options.py:103 UserWarning: You have an incompatible version of 'pyarrow' installed (11.0.0), please install a version that adheres to: 'pyarrow<10.1.0,>=10.0.1; extra == "pandas"'
[2025-05-17T14:55:22.179+0000] {logging_mixin.py:151} INFO - [2025-05-17T14:55:22.179+0000] {client.py:192} INFO - Instantiated <InsecureClient(url='http://namenode:9870')>.
[2025-05-17T14:55:22.185+0000] {processor.py:839} INFO - DAG(s) dict_keys(['gold_batch_pipeline']) retrieved from /opt/airflow/dags/gold_batch_dag.py
[2025-05-17T14:55:22.211+0000] {logging_mixin.py:151} INFO - [2025-05-17T14:55:22.211+0000] {dag.py:2915} INFO - Sync 1 DAGs
[2025-05-17T14:55:22.237+0000] {logging_mixin.py:151} INFO - [2025-05-17T14:55:22.237+0000] {dag.py:3696} INFO - Setting next_dagrun for gold_batch_pipeline to 2025-05-16T08:00:00+00:00, run_after=2025-05-17T08:00:00+00:00
[2025-05-17T14:55:22.268+0000] {processor.py:179} INFO - Processing /opt/airflow/dags/gold_batch_dag.py took 1.541 seconds
[2025-05-17T14:55:52.752+0000] {processor.py:157} INFO - Started process (PID=483) to work on /opt/airflow/dags/gold_batch_dag.py
[2025-05-17T14:55:52.754+0000] {processor.py:829} INFO - Processing file /opt/airflow/dags/gold_batch_dag.py for tasks to queue
[2025-05-17T14:55:52.756+0000] {logging_mixin.py:151} INFO - [2025-05-17T14:55:52.755+0000] {dagbag.py:539} INFO - Filling up the DagBag from /opt/airflow/dags/gold_batch_dag.py
[2025-05-17T14:55:53.207+0000] {logging_mixin.py:151} INFO - [2025-05-17T14:55:53.202+0000] {client.py:192} INFO - Instantiated <InsecureClient(url='http://namenode:9870')>.
[2025-05-17T14:55:53.902+0000] {logging_mixin.py:151} INFO - [2025-05-17T14:55:53.902+0000] {client.py:192} INFO - Instantiated <InsecureClient(url='http://namenode:9870')>.
[2025-05-17T14:55:54.087+0000] {logging_mixin.py:151} WARNING - /home/airflow/.local/lib/python3.8/site-packages/snowflake/connector/options.py:103 UserWarning: You have an incompatible version of 'pyarrow' installed (11.0.0), please install a version that adheres to: 'pyarrow<10.1.0,>=10.0.1; extra == "pandas"'
[2025-05-17T14:55:54.161+0000] {logging_mixin.py:151} INFO - [2025-05-17T14:55:54.161+0000] {client.py:192} INFO - Instantiated <InsecureClient(url='http://namenode:9870')>.
[2025-05-17T14:55:54.168+0000] {processor.py:839} INFO - DAG(s) dict_keys(['gold_batch_pipeline']) retrieved from /opt/airflow/dags/gold_batch_dag.py
[2025-05-17T14:55:54.189+0000] {logging_mixin.py:151} INFO - [2025-05-17T14:55:54.188+0000] {dag.py:2915} INFO - Sync 1 DAGs
[2025-05-17T14:55:54.208+0000] {logging_mixin.py:151} INFO - [2025-05-17T14:55:54.208+0000] {dag.py:3696} INFO - Setting next_dagrun for gold_batch_pipeline to 2025-05-16T08:00:00+00:00, run_after=2025-05-17T08:00:00+00:00
[2025-05-17T14:55:54.229+0000] {processor.py:179} INFO - Processing /opt/airflow/dags/gold_batch_dag.py took 1.480 seconds
[2025-05-17T14:56:24.869+0000] {processor.py:157} INFO - Started process (PID=516) to work on /opt/airflow/dags/gold_batch_dag.py
[2025-05-17T14:56:24.870+0000] {processor.py:829} INFO - Processing file /opt/airflow/dags/gold_batch_dag.py for tasks to queue
[2025-05-17T14:56:24.871+0000] {logging_mixin.py:151} INFO - [2025-05-17T14:56:24.871+0000] {dagbag.py:539} INFO - Filling up the DagBag from /opt/airflow/dags/gold_batch_dag.py
[2025-05-17T14:56:25.177+0000] {logging_mixin.py:151} INFO - [2025-05-17T14:56:25.174+0000] {client.py:192} INFO - Instantiated <InsecureClient(url='http://namenode:9870')>.
[2025-05-17T14:56:25.725+0000] {logging_mixin.py:151} INFO - [2025-05-17T14:56:25.724+0000] {client.py:192} INFO - Instantiated <InsecureClient(url='http://namenode:9870')>.
[2025-05-17T14:56:25.895+0000] {logging_mixin.py:151} WARNING - /home/airflow/.local/lib/python3.8/site-packages/snowflake/connector/options.py:103 UserWarning: You have an incompatible version of 'pyarrow' installed (11.0.0), please install a version that adheres to: 'pyarrow<10.1.0,>=10.0.1; extra == "pandas"'
[2025-05-17T14:56:26.019+0000] {logging_mixin.py:151} INFO - [2025-05-17T14:56:26.019+0000] {client.py:192} INFO - Instantiated <InsecureClient(url='http://namenode:9870')>.
[2025-05-17T14:56:26.025+0000] {processor.py:839} INFO - DAG(s) dict_keys(['gold_batch_pipeline']) retrieved from /opt/airflow/dags/gold_batch_dag.py
[2025-05-17T14:56:26.049+0000] {logging_mixin.py:151} INFO - [2025-05-17T14:56:26.048+0000] {dag.py:2915} INFO - Sync 1 DAGs
[2025-05-17T14:56:26.073+0000] {logging_mixin.py:151} INFO - [2025-05-17T14:56:26.073+0000] {dag.py:3696} INFO - Setting next_dagrun for gold_batch_pipeline to 2025-05-16T08:00:00+00:00, run_after=2025-05-17T08:00:00+00:00
[2025-05-17T14:56:26.098+0000] {processor.py:179} INFO - Processing /opt/airflow/dags/gold_batch_dag.py took 1.232 seconds
[2025-05-17T14:56:56.664+0000] {processor.py:157} INFO - Started process (PID=549) to work on /opt/airflow/dags/gold_batch_dag.py
[2025-05-17T14:56:56.670+0000] {processor.py:829} INFO - Processing file /opt/airflow/dags/gold_batch_dag.py for tasks to queue
[2025-05-17T14:56:56.671+0000] {logging_mixin.py:151} INFO - [2025-05-17T14:56:56.671+0000] {dagbag.py:539} INFO - Filling up the DagBag from /opt/airflow/dags/gold_batch_dag.py
[2025-05-17T14:56:57.385+0000] {logging_mixin.py:151} INFO - [2025-05-17T14:56:57.383+0000] {client.py:192} INFO - Instantiated <InsecureClient(url='http://namenode:9870')>.
[2025-05-17T14:56:57.972+0000] {logging_mixin.py:151} INFO - [2025-05-17T14:56:57.971+0000] {client.py:192} INFO - Instantiated <InsecureClient(url='http://namenode:9870')>.
[2025-05-17T14:56:58.190+0000] {logging_mixin.py:151} WARNING - /home/airflow/.local/lib/python3.8/site-packages/snowflake/connector/options.py:103 UserWarning: You have an incompatible version of 'pyarrow' installed (11.0.0), please install a version that adheres to: 'pyarrow<10.1.0,>=10.0.1; extra == "pandas"'
[2025-05-17T14:56:58.303+0000] {logging_mixin.py:151} INFO - [2025-05-17T14:56:58.302+0000] {client.py:192} INFO - Instantiated <InsecureClient(url='http://namenode:9870')>.
[2025-05-17T14:56:58.313+0000] {processor.py:839} INFO - DAG(s) dict_keys(['gold_batch_pipeline']) retrieved from /opt/airflow/dags/gold_batch_dag.py
[2025-05-17T14:56:58.342+0000] {logging_mixin.py:151} INFO - [2025-05-17T14:56:58.341+0000] {dag.py:2915} INFO - Sync 1 DAGs
[2025-05-17T14:56:58.374+0000] {logging_mixin.py:151} INFO - [2025-05-17T14:56:58.374+0000] {dag.py:3696} INFO - Setting next_dagrun for gold_batch_pipeline to 2025-05-16T08:00:00+00:00, run_after=2025-05-17T08:00:00+00:00
[2025-05-17T14:56:58.423+0000] {processor.py:179} INFO - Processing /opt/airflow/dags/gold_batch_dag.py took 1.768 seconds
[2025-05-17T14:57:29.178+0000] {processor.py:157} INFO - Started process (PID=583) to work on /opt/airflow/dags/gold_batch_dag.py
[2025-05-17T14:57:29.180+0000] {processor.py:829} INFO - Processing file /opt/airflow/dags/gold_batch_dag.py for tasks to queue
[2025-05-17T14:57:29.181+0000] {logging_mixin.py:151} INFO - [2025-05-17T14:57:29.181+0000] {dagbag.py:539} INFO - Filling up the DagBag from /opt/airflow/dags/gold_batch_dag.py
[2025-05-17T14:57:29.548+0000] {logging_mixin.py:151} INFO - [2025-05-17T14:57:29.546+0000] {client.py:192} INFO - Instantiated <InsecureClient(url='http://namenode:9870')>.
[2025-05-17T14:57:30.294+0000] {logging_mixin.py:151} INFO - [2025-05-17T14:57:30.294+0000] {client.py:192} INFO - Instantiated <InsecureClient(url='http://namenode:9870')>.
[2025-05-17T14:57:30.459+0000] {logging_mixin.py:151} WARNING - /home/airflow/.local/lib/python3.8/site-packages/snowflake/connector/options.py:103 UserWarning: You have an incompatible version of 'pyarrow' installed (11.0.0), please install a version that adheres to: 'pyarrow<10.1.0,>=10.0.1; extra == "pandas"'
[2025-05-17T14:57:30.579+0000] {logging_mixin.py:151} INFO - [2025-05-17T14:57:30.579+0000] {client.py:192} INFO - Instantiated <InsecureClient(url='http://namenode:9870')>.
[2025-05-17T14:57:30.587+0000] {processor.py:839} INFO - DAG(s) dict_keys(['gold_batch_pipeline']) retrieved from /opt/airflow/dags/gold_batch_dag.py
[2025-05-17T14:57:30.611+0000] {logging_mixin.py:151} INFO - [2025-05-17T14:57:30.610+0000] {dag.py:2915} INFO - Sync 1 DAGs
[2025-05-17T14:57:30.631+0000] {logging_mixin.py:151} INFO - [2025-05-17T14:57:30.630+0000] {dag.py:3696} INFO - Setting next_dagrun for gold_batch_pipeline to 2025-05-16T08:00:00+00:00, run_after=2025-05-17T08:00:00+00:00
[2025-05-17T14:57:30.657+0000] {processor.py:179} INFO - Processing /opt/airflow/dags/gold_batch_dag.py took 1.483 seconds
[2025-05-17T14:58:00.982+0000] {processor.py:157} INFO - Started process (PID=617) to work on /opt/airflow/dags/gold_batch_dag.py
[2025-05-17T14:58:00.984+0000] {processor.py:829} INFO - Processing file /opt/airflow/dags/gold_batch_dag.py for tasks to queue
[2025-05-17T14:58:00.986+0000] {logging_mixin.py:151} INFO - [2025-05-17T14:58:00.985+0000] {dagbag.py:539} INFO - Filling up the DagBag from /opt/airflow/dags/gold_batch_dag.py
[2025-05-17T14:58:01.359+0000] {logging_mixin.py:151} INFO - [2025-05-17T14:58:01.357+0000] {client.py:192} INFO - Instantiated <InsecureClient(url='http://namenode:9870')>.
[2025-05-17T14:58:01.899+0000] {logging_mixin.py:151} INFO - [2025-05-17T14:58:01.898+0000] {client.py:192} INFO - Instantiated <InsecureClient(url='http://namenode:9870')>.
[2025-05-17T14:58:02.171+0000] {logging_mixin.py:151} WARNING - /home/airflow/.local/lib/python3.8/site-packages/snowflake/connector/options.py:103 UserWarning: You have an incompatible version of 'pyarrow' installed (11.0.0), please install a version that adheres to: 'pyarrow<10.1.0,>=10.0.1; extra == "pandas"'
[2025-05-17T14:58:02.282+0000] {logging_mixin.py:151} INFO - [2025-05-17T14:58:02.282+0000] {client.py:192} INFO - Instantiated <InsecureClient(url='http://namenode:9870')>.
[2025-05-17T14:58:02.294+0000] {processor.py:839} INFO - DAG(s) dict_keys(['gold_batch_pipeline']) retrieved from /opt/airflow/dags/gold_batch_dag.py
[2025-05-17T14:58:02.325+0000] {logging_mixin.py:151} INFO - [2025-05-17T14:58:02.324+0000] {dag.py:2915} INFO - Sync 1 DAGs
[2025-05-17T14:58:02.356+0000] {logging_mixin.py:151} INFO - [2025-05-17T14:58:02.356+0000] {dag.py:3696} INFO - Setting next_dagrun for gold_batch_pipeline to 2025-05-16T08:00:00+00:00, run_after=2025-05-17T08:00:00+00:00
[2025-05-17T14:58:02.376+0000] {processor.py:179} INFO - Processing /opt/airflow/dags/gold_batch_dag.py took 1.398 seconds
[2025-05-17T14:58:33.136+0000] {processor.py:157} INFO - Started process (PID=649) to work on /opt/airflow/dags/gold_batch_dag.py
[2025-05-17T14:58:33.139+0000] {processor.py:829} INFO - Processing file /opt/airflow/dags/gold_batch_dag.py for tasks to queue
[2025-05-17T14:58:33.142+0000] {logging_mixin.py:151} INFO - [2025-05-17T14:58:33.141+0000] {dagbag.py:539} INFO - Filling up the DagBag from /opt/airflow/dags/gold_batch_dag.py
[2025-05-17T14:58:33.866+0000] {logging_mixin.py:151} INFO - [2025-05-17T14:58:33.861+0000] {client.py:192} INFO - Instantiated <InsecureClient(url='http://namenode:9870')>.
[2025-05-17T14:58:35.081+0000] {logging_mixin.py:151} INFO - [2025-05-17T14:58:35.079+0000] {client.py:192} INFO - Instantiated <InsecureClient(url='http://namenode:9870')>.
[2025-05-17T14:58:35.356+0000] {logging_mixin.py:151} WARNING - /home/airflow/.local/lib/python3.8/site-packages/snowflake/connector/options.py:103 UserWarning: You have an incompatible version of 'pyarrow' installed (11.0.0), please install a version that adheres to: 'pyarrow<10.1.0,>=10.0.1; extra == "pandas"'
[2025-05-17T14:58:35.523+0000] {logging_mixin.py:151} INFO - [2025-05-17T14:58:35.523+0000] {client.py:192} INFO - Instantiated <InsecureClient(url='http://namenode:9870')>.
[2025-05-17T14:58:35.537+0000] {processor.py:839} INFO - DAG(s) dict_keys(['gold_batch_pipeline']) retrieved from /opt/airflow/dags/gold_batch_dag.py
[2025-05-17T14:58:35.575+0000] {logging_mixin.py:151} INFO - [2025-05-17T14:58:35.574+0000] {dag.py:2915} INFO - Sync 1 DAGs
[2025-05-17T14:58:35.628+0000] {logging_mixin.py:151} INFO - [2025-05-17T14:58:35.627+0000] {dag.py:3696} INFO - Setting next_dagrun for gold_batch_pipeline to 2025-05-16T08:00:00+00:00, run_after=2025-05-17T08:00:00+00:00
[2025-05-17T14:58:35.667+0000] {processor.py:179} INFO - Processing /opt/airflow/dags/gold_batch_dag.py took 2.538 seconds
[2025-05-17T14:59:05.938+0000] {processor.py:157} INFO - Started process (PID=744) to work on /opt/airflow/dags/gold_batch_dag.py
[2025-05-17T14:59:05.940+0000] {processor.py:829} INFO - Processing file /opt/airflow/dags/gold_batch_dag.py for tasks to queue
[2025-05-17T14:59:05.941+0000] {logging_mixin.py:151} INFO - [2025-05-17T14:59:05.941+0000] {dagbag.py:539} INFO - Filling up the DagBag from /opt/airflow/dags/gold_batch_dag.py
[2025-05-17T14:59:06.358+0000] {logging_mixin.py:151} INFO - [2025-05-17T14:59:06.356+0000] {client.py:192} INFO - Instantiated <InsecureClient(url='http://namenode:9870')>.
[2025-05-17T14:59:06.949+0000] {logging_mixin.py:151} INFO - [2025-05-17T14:59:06.949+0000] {client.py:192} INFO - Instantiated <InsecureClient(url='http://namenode:9870')>.
[2025-05-17T14:59:07.162+0000] {logging_mixin.py:151} WARNING - /home/airflow/.local/lib/python3.8/site-packages/snowflake/connector/options.py:103 UserWarning: You have an incompatible version of 'pyarrow' installed (11.0.0), please install a version that adheres to: 'pyarrow<10.1.0,>=10.0.1; extra == "pandas"'
[2025-05-17T14:59:07.272+0000] {logging_mixin.py:151} INFO - [2025-05-17T14:59:07.272+0000] {client.py:192} INFO - Instantiated <InsecureClient(url='http://namenode:9870')>.
[2025-05-17T14:59:07.278+0000] {processor.py:839} INFO - DAG(s) dict_keys(['gold_batch_pipeline']) retrieved from /opt/airflow/dags/gold_batch_dag.py
[2025-05-17T14:59:07.300+0000] {logging_mixin.py:151} INFO - [2025-05-17T14:59:07.299+0000] {dag.py:2915} INFO - Sync 1 DAGs
[2025-05-17T14:59:07.320+0000] {logging_mixin.py:151} INFO - [2025-05-17T14:59:07.319+0000] {dag.py:3696} INFO - Setting next_dagrun for gold_batch_pipeline to 2025-05-16T08:00:00+00:00, run_after=2025-05-17T08:00:00+00:00
[2025-05-17T14:59:07.341+0000] {processor.py:179} INFO - Processing /opt/airflow/dags/gold_batch_dag.py took 1.406 seconds
[2025-05-17T14:59:37.831+0000] {processor.py:157} INFO - Started process (PID=817) to work on /opt/airflow/dags/gold_batch_dag.py
[2025-05-17T14:59:37.833+0000] {processor.py:829} INFO - Processing file /opt/airflow/dags/gold_batch_dag.py for tasks to queue
[2025-05-17T14:59:37.834+0000] {logging_mixin.py:151} INFO - [2025-05-17T14:59:37.834+0000] {dagbag.py:539} INFO - Filling up the DagBag from /opt/airflow/dags/gold_batch_dag.py
[2025-05-17T14:59:38.796+0000] {logging_mixin.py:151} INFO - [2025-05-17T14:59:38.791+0000] {client.py:192} INFO - Instantiated <InsecureClient(url='http://namenode:9870')>.
[2025-05-17T14:59:40.190+0000] {logging_mixin.py:151} INFO - [2025-05-17T14:59:40.188+0000] {client.py:192} INFO - Instantiated <InsecureClient(url='http://namenode:9870')>.
[2025-05-17T14:59:40.628+0000] {logging_mixin.py:151} WARNING - /home/airflow/.local/lib/python3.8/site-packages/snowflake/connector/options.py:103 UserWarning: You have an incompatible version of 'pyarrow' installed (11.0.0), please install a version that adheres to: 'pyarrow<10.1.0,>=10.0.1; extra == "pandas"'
[2025-05-17T14:59:40.794+0000] {logging_mixin.py:151} INFO - [2025-05-17T14:59:40.794+0000] {client.py:192} INFO - Instantiated <InsecureClient(url='http://namenode:9870')>.
[2025-05-17T14:59:40.804+0000] {processor.py:839} INFO - DAG(s) dict_keys(['gold_batch_pipeline']) retrieved from /opt/airflow/dags/gold_batch_dag.py
[2025-05-17T14:59:40.848+0000] {logging_mixin.py:151} INFO - [2025-05-17T14:59:40.847+0000] {dag.py:2915} INFO - Sync 1 DAGs
[2025-05-17T14:59:40.885+0000] {logging_mixin.py:151} INFO - [2025-05-17T14:59:40.885+0000] {dag.py:3696} INFO - Setting next_dagrun for gold_batch_pipeline to 2025-05-16T08:00:00+00:00, run_after=2025-05-17T08:00:00+00:00
[2025-05-17T14:59:40.917+0000] {processor.py:179} INFO - Processing /opt/airflow/dags/gold_batch_dag.py took 3.094 seconds
[2025-05-17T15:00:11.505+0000] {processor.py:157} INFO - Started process (PID=869) to work on /opt/airflow/dags/gold_batch_dag.py
[2025-05-17T15:00:11.507+0000] {processor.py:829} INFO - Processing file /opt/airflow/dags/gold_batch_dag.py for tasks to queue
[2025-05-17T15:00:11.508+0000] {logging_mixin.py:151} INFO - [2025-05-17T15:00:11.508+0000] {dagbag.py:539} INFO - Filling up the DagBag from /opt/airflow/dags/gold_batch_dag.py
[2025-05-17T15:00:11.891+0000] {logging_mixin.py:151} INFO - [2025-05-17T15:00:11.890+0000] {client.py:192} INFO - Instantiated <InsecureClient(url='http://namenode:9870')>.
[2025-05-17T15:00:12.394+0000] {logging_mixin.py:151} INFO - [2025-05-17T15:00:12.393+0000] {client.py:192} INFO - Instantiated <InsecureClient(url='http://namenode:9870')>.
[2025-05-17T15:00:12.575+0000] {logging_mixin.py:151} WARNING - /home/airflow/.local/lib/python3.8/site-packages/snowflake/connector/options.py:103 UserWarning: You have an incompatible version of 'pyarrow' installed (11.0.0), please install a version that adheres to: 'pyarrow<10.1.0,>=10.0.1; extra == "pandas"'
[2025-05-17T15:00:12.682+0000] {logging_mixin.py:151} INFO - [2025-05-17T15:00:12.682+0000] {client.py:192} INFO - Instantiated <InsecureClient(url='http://namenode:9870')>.
[2025-05-17T15:00:12.690+0000] {processor.py:839} INFO - DAG(s) dict_keys(['gold_batch_pipeline']) retrieved from /opt/airflow/dags/gold_batch_dag.py
[2025-05-17T15:00:12.716+0000] {logging_mixin.py:151} INFO - [2025-05-17T15:00:12.715+0000] {dag.py:2915} INFO - Sync 1 DAGs
[2025-05-17T15:00:12.737+0000] {logging_mixin.py:151} INFO - [2025-05-17T15:00:12.737+0000] {dag.py:3696} INFO - Setting next_dagrun for gold_batch_pipeline to 2025-05-16T08:00:00+00:00, run_after=2025-05-17T08:00:00+00:00
[2025-05-17T15:00:12.760+0000] {processor.py:179} INFO - Processing /opt/airflow/dags/gold_batch_dag.py took 1.261 seconds
[2025-05-17T15:00:43.237+0000] {processor.py:157} INFO - Started process (PID=979) to work on /opt/airflow/dags/gold_batch_dag.py
[2025-05-17T15:00:43.238+0000] {processor.py:829} INFO - Processing file /opt/airflow/dags/gold_batch_dag.py for tasks to queue
[2025-05-17T15:00:43.239+0000] {logging_mixin.py:151} INFO - [2025-05-17T15:00:43.239+0000] {dagbag.py:539} INFO - Filling up the DagBag from /opt/airflow/dags/gold_batch_dag.py
[2025-05-17T15:00:43.611+0000] {logging_mixin.py:151} INFO - [2025-05-17T15:00:43.608+0000] {client.py:192} INFO - Instantiated <InsecureClient(url='http://namenode:9870')>.
[2025-05-17T15:00:44.432+0000] {logging_mixin.py:151} INFO - [2025-05-17T15:00:44.431+0000] {client.py:192} INFO - Instantiated <InsecureClient(url='http://namenode:9870')>.
[2025-05-17T15:00:44.650+0000] {logging_mixin.py:151} WARNING - /home/airflow/.local/lib/python3.8/site-packages/snowflake/connector/options.py:103 UserWarning: You have an incompatible version of 'pyarrow' installed (11.0.0), please install a version that adheres to: 'pyarrow<10.1.0,>=10.0.1; extra == "pandas"'
[2025-05-17T15:00:44.738+0000] {logging_mixin.py:151} INFO - [2025-05-17T15:00:44.738+0000] {client.py:192} INFO - Instantiated <InsecureClient(url='http://namenode:9870')>.
[2025-05-17T15:00:44.745+0000] {processor.py:839} INFO - DAG(s) dict_keys(['gold_batch_pipeline']) retrieved from /opt/airflow/dags/gold_batch_dag.py
[2025-05-17T15:00:44.769+0000] {logging_mixin.py:151} INFO - [2025-05-17T15:00:44.768+0000] {dag.py:2915} INFO - Sync 1 DAGs
[2025-05-17T15:00:44.789+0000] {logging_mixin.py:151} INFO - [2025-05-17T15:00:44.789+0000] {dag.py:3696} INFO - Setting next_dagrun for gold_batch_pipeline to 2025-05-16T08:00:00+00:00, run_after=2025-05-17T08:00:00+00:00
[2025-05-17T15:00:44.813+0000] {processor.py:179} INFO - Processing /opt/airflow/dags/gold_batch_dag.py took 1.580 seconds
[2025-05-17T15:01:15.087+0000] {processor.py:157} INFO - Started process (PID=1010) to work on /opt/airflow/dags/gold_batch_dag.py
[2025-05-17T15:01:15.088+0000] {processor.py:829} INFO - Processing file /opt/airflow/dags/gold_batch_dag.py for tasks to queue
[2025-05-17T15:01:15.090+0000] {logging_mixin.py:151} INFO - [2025-05-17T15:01:15.089+0000] {dagbag.py:539} INFO - Filling up the DagBag from /opt/airflow/dags/gold_batch_dag.py
[2025-05-17T15:01:15.114+0000] {logging_mixin.py:151} INFO - [2025-05-17T15:01:15.109+0000] {dagbag.py:347} ERROR - Failed to import: /opt/airflow/dags/gold_batch_dag.py
Traceback (most recent call last):
  File "/home/airflow/.local/lib/python3.8/site-packages/airflow/models/dagbag.py", line 343, in parse
    loader.exec_module(new_module)
  File "<frozen importlib._bootstrap_external>", line 843, in exec_module
  File "<frozen importlib._bootstrap>", line 219, in _call_with_frames_removed
  File "/opt/airflow/dags/gold_batch_dag.py", line 9, in <module>
    from fetch_macro_to_hdfs import fetch_macro_data
ModuleNotFoundError: No module named 'fetch_macro_to_hdfs'
[2025-05-17T15:01:15.116+0000] {processor.py:841} WARNING - No viable dags retrieved from /opt/airflow/dags/gold_batch_dag.py
[2025-05-17T15:01:15.147+0000] {processor.py:179} INFO - Processing /opt/airflow/dags/gold_batch_dag.py took 0.065 seconds
