[2025-05-17T14:50:58.066+0000] {processor.py:157} INFO - Started process (PID=176) to work on /opt/airflow/dags/re_train.py
[2025-05-17T14:50:58.070+0000] {processor.py:829} INFO - Processing file /opt/airflow/dags/re_train.py for tasks to queue
[2025-05-17T14:50:58.072+0000] {logging_mixin.py:151} INFO - [2025-05-17T14:50:58.072+0000] {dagbag.py:539} INFO - Filling up the DagBag from /opt/airflow/dags/re_train.py
[2025-05-17T14:50:58.101+0000] {processor.py:841} WARNING - No viable dags retrieved from /opt/airflow/dags/re_train.py
[2025-05-17T14:50:58.130+0000] {processor.py:179} INFO - Processing /opt/airflow/dags/re_train.py took 0.075 seconds
[2025-05-17T14:51:28.592+0000] {processor.py:157} INFO - Started process (PID=204) to work on /opt/airflow/dags/re_train.py
[2025-05-17T14:51:28.594+0000] {processor.py:829} INFO - Processing file /opt/airflow/dags/re_train.py for tasks to queue
[2025-05-17T14:51:28.596+0000] {logging_mixin.py:151} INFO - [2025-05-17T14:51:28.595+0000] {dagbag.py:539} INFO - Filling up the DagBag from /opt/airflow/dags/re_train.py
[2025-05-17T14:51:28.618+0000] {processor.py:841} WARNING - No viable dags retrieved from /opt/airflow/dags/re_train.py
[2025-05-17T14:51:28.692+0000] {processor.py:179} INFO - Processing /opt/airflow/dags/re_train.py took 0.109 seconds
[2025-05-17T14:51:58.842+0000] {processor.py:157} INFO - Started process (PID=235) to work on /opt/airflow/dags/re_train.py
[2025-05-17T14:51:58.844+0000] {processor.py:829} INFO - Processing file /opt/airflow/dags/re_train.py for tasks to queue
[2025-05-17T14:51:58.851+0000] {logging_mixin.py:151} INFO - [2025-05-17T14:51:58.845+0000] {dagbag.py:539} INFO - Filling up the DagBag from /opt/airflow/dags/re_train.py
[2025-05-17T14:51:58.878+0000] {processor.py:841} WARNING - No viable dags retrieved from /opt/airflow/dags/re_train.py
[2025-05-17T14:51:58.904+0000] {processor.py:179} INFO - Processing /opt/airflow/dags/re_train.py took 0.066 seconds
[2025-05-17T14:52:29.195+0000] {processor.py:157} INFO - Started process (PID=269) to work on /opt/airflow/dags/re_train.py
[2025-05-17T14:52:29.197+0000] {processor.py:829} INFO - Processing file /opt/airflow/dags/re_train.py for tasks to queue
[2025-05-17T14:52:29.199+0000] {logging_mixin.py:151} INFO - [2025-05-17T14:52:29.198+0000] {dagbag.py:539} INFO - Filling up the DagBag from /opt/airflow/dags/re_train.py
[2025-05-17T14:52:29.224+0000] {processor.py:841} WARNING - No viable dags retrieved from /opt/airflow/dags/re_train.py
[2025-05-17T14:52:29.248+0000] {processor.py:179} INFO - Processing /opt/airflow/dags/re_train.py took 0.058 seconds
[2025-05-17T14:53:01.823+0000] {processor.py:157} INFO - Started process (PID=306) to work on /opt/airflow/dags/re_train.py
[2025-05-17T14:53:01.825+0000] {processor.py:829} INFO - Processing file /opt/airflow/dags/re_train.py for tasks to queue
[2025-05-17T14:53:01.827+0000] {logging_mixin.py:151} INFO - [2025-05-17T14:53:01.826+0000] {dagbag.py:539} INFO - Filling up the DagBag from /opt/airflow/dags/re_train.py
[2025-05-17T14:53:01.839+0000] {processor.py:841} WARNING - No viable dags retrieved from /opt/airflow/dags/re_train.py
[2025-05-17T14:53:01.863+0000] {processor.py:179} INFO - Processing /opt/airflow/dags/re_train.py took 0.043 seconds
[2025-05-17T14:53:34.541+0000] {processor.py:157} INFO - Started process (PID=340) to work on /opt/airflow/dags/re_train.py
[2025-05-17T14:53:34.542+0000] {processor.py:829} INFO - Processing file /opt/airflow/dags/re_train.py for tasks to queue
[2025-05-17T14:53:34.544+0000] {logging_mixin.py:151} INFO - [2025-05-17T14:53:34.544+0000] {dagbag.py:539} INFO - Filling up the DagBag from /opt/airflow/dags/re_train.py
[2025-05-17T14:53:34.564+0000] {processor.py:841} WARNING - No viable dags retrieved from /opt/airflow/dags/re_train.py
[2025-05-17T14:53:34.583+0000] {processor.py:179} INFO - Processing /opt/airflow/dags/re_train.py took 0.046 seconds
[2025-05-17T14:54:06.692+0000] {processor.py:157} INFO - Started process (PID=374) to work on /opt/airflow/dags/re_train.py
[2025-05-17T14:54:06.694+0000] {processor.py:829} INFO - Processing file /opt/airflow/dags/re_train.py for tasks to queue
[2025-05-17T14:54:06.695+0000] {logging_mixin.py:151} INFO - [2025-05-17T14:54:06.695+0000] {dagbag.py:539} INFO - Filling up the DagBag from /opt/airflow/dags/re_train.py
[2025-05-17T14:54:06.715+0000] {processor.py:841} WARNING - No viable dags retrieved from /opt/airflow/dags/re_train.py
[2025-05-17T14:54:06.736+0000] {processor.py:179} INFO - Processing /opt/airflow/dags/re_train.py took 0.048 seconds
[2025-05-17T14:54:39.408+0000] {processor.py:157} INFO - Started process (PID=408) to work on /opt/airflow/dags/re_train.py
[2025-05-17T14:54:39.410+0000] {processor.py:829} INFO - Processing file /opt/airflow/dags/re_train.py for tasks to queue
[2025-05-17T14:54:39.411+0000] {logging_mixin.py:151} INFO - [2025-05-17T14:54:39.411+0000] {dagbag.py:539} INFO - Filling up the DagBag from /opt/airflow/dags/re_train.py
[2025-05-17T14:54:39.426+0000] {processor.py:841} WARNING - No viable dags retrieved from /opt/airflow/dags/re_train.py
[2025-05-17T14:54:39.715+0000] {processor.py:179} INFO - Processing /opt/airflow/dags/re_train.py took 0.311 seconds
[2025-05-17T14:55:10.259+0000] {processor.py:157} INFO - Started process (PID=442) to work on /opt/airflow/dags/re_train.py
[2025-05-17T14:55:10.261+0000] {processor.py:829} INFO - Processing file /opt/airflow/dags/re_train.py for tasks to queue
[2025-05-17T14:55:10.263+0000] {logging_mixin.py:151} INFO - [2025-05-17T14:55:10.262+0000] {dagbag.py:539} INFO - Filling up the DagBag from /opt/airflow/dags/re_train.py
[2025-05-17T14:55:10.277+0000] {processor.py:841} WARNING - No viable dags retrieved from /opt/airflow/dags/re_train.py
[2025-05-17T14:55:10.301+0000] {processor.py:179} INFO - Processing /opt/airflow/dags/re_train.py took 0.049 seconds
[2025-05-17T14:55:41.014+0000] {processor.py:157} INFO - Started process (PID=460) to work on /opt/airflow/dags/re_train.py
[2025-05-17T14:55:41.016+0000] {processor.py:829} INFO - Processing file /opt/airflow/dags/re_train.py for tasks to queue
[2025-05-17T14:55:41.018+0000] {logging_mixin.py:151} INFO - [2025-05-17T14:55:41.017+0000] {dagbag.py:539} INFO - Filling up the DagBag from /opt/airflow/dags/re_train.py
[2025-05-17T14:55:41.035+0000] {processor.py:841} WARNING - No viable dags retrieved from /opt/airflow/dags/re_train.py
[2025-05-17T14:55:41.066+0000] {processor.py:179} INFO - Processing /opt/airflow/dags/re_train.py took 0.060 seconds
[2025-05-17T14:56:12.666+0000] {processor.py:157} INFO - Started process (PID=490) to work on /opt/airflow/dags/re_train.py
[2025-05-17T14:56:12.668+0000] {processor.py:829} INFO - Processing file /opt/airflow/dags/re_train.py for tasks to queue
[2025-05-17T14:56:12.670+0000] {logging_mixin.py:151} INFO - [2025-05-17T14:56:12.670+0000] {dagbag.py:539} INFO - Filling up the DagBag from /opt/airflow/dags/re_train.py
[2025-05-17T14:56:12.687+0000] {processor.py:841} WARNING - No viable dags retrieved from /opt/airflow/dags/re_train.py
[2025-05-17T14:56:12.701+0000] {processor.py:179} INFO - Processing /opt/airflow/dags/re_train.py took 0.038 seconds
[2025-05-17T14:56:45.076+0000] {processor.py:157} INFO - Started process (PID=526) to work on /opt/airflow/dags/re_train.py
[2025-05-17T14:56:45.080+0000] {processor.py:829} INFO - Processing file /opt/airflow/dags/re_train.py for tasks to queue
[2025-05-17T14:56:45.083+0000] {logging_mixin.py:151} INFO - [2025-05-17T14:56:45.082+0000] {dagbag.py:539} INFO - Filling up the DagBag from /opt/airflow/dags/re_train.py
[2025-05-17T14:56:45.104+0000] {processor.py:841} WARNING - No viable dags retrieved from /opt/airflow/dags/re_train.py
[2025-05-17T14:56:45.129+0000] {processor.py:179} INFO - Processing /opt/airflow/dags/re_train.py took 0.058 seconds
[2025-05-17T14:57:17.404+0000] {processor.py:157} INFO - Started process (PID=559) to work on /opt/airflow/dags/re_train.py
[2025-05-17T14:57:17.405+0000] {processor.py:829} INFO - Processing file /opt/airflow/dags/re_train.py for tasks to queue
[2025-05-17T14:57:17.407+0000] {logging_mixin.py:151} INFO - [2025-05-17T14:57:17.406+0000] {dagbag.py:539} INFO - Filling up the DagBag from /opt/airflow/dags/re_train.py
[2025-05-17T14:57:17.421+0000] {processor.py:841} WARNING - No viable dags retrieved from /opt/airflow/dags/re_train.py
[2025-05-17T14:57:17.448+0000] {processor.py:179} INFO - Processing /opt/airflow/dags/re_train.py took 0.049 seconds
[2025-05-17T14:57:50.324+0000] {processor.py:157} INFO - Started process (PID=593) to work on /opt/airflow/dags/re_train.py
[2025-05-17T14:57:50.327+0000] {processor.py:829} INFO - Processing file /opt/airflow/dags/re_train.py for tasks to queue
[2025-05-17T14:57:50.329+0000] {logging_mixin.py:151} INFO - [2025-05-17T14:57:50.328+0000] {dagbag.py:539} INFO - Filling up the DagBag from /opt/airflow/dags/re_train.py
[2025-05-17T14:57:50.350+0000] {processor.py:841} WARNING - No viable dags retrieved from /opt/airflow/dags/re_train.py
[2025-05-17T14:57:50.387+0000] {processor.py:179} INFO - Processing /opt/airflow/dags/re_train.py took 0.072 seconds
[2025-05-17T14:58:23.005+0000] {processor.py:157} INFO - Started process (PID=627) to work on /opt/airflow/dags/re_train.py
[2025-05-17T14:58:23.007+0000] {processor.py:829} INFO - Processing file /opt/airflow/dags/re_train.py for tasks to queue
[2025-05-17T14:58:23.009+0000] {logging_mixin.py:151} INFO - [2025-05-17T14:58:23.008+0000] {dagbag.py:539} INFO - Filling up the DagBag from /opt/airflow/dags/re_train.py
[2025-05-17T14:58:23.027+0000] {processor.py:841} WARNING - No viable dags retrieved from /opt/airflow/dags/re_train.py
[2025-05-17T14:58:23.050+0000] {processor.py:179} INFO - Processing /opt/airflow/dags/re_train.py took 0.051 seconds
[2025-05-17T14:58:53.667+0000] {processor.py:157} INFO - Started process (PID=720) to work on /opt/airflow/dags/re_train.py
[2025-05-17T14:58:53.668+0000] {processor.py:829} INFO - Processing file /opt/airflow/dags/re_train.py for tasks to queue
[2025-05-17T14:58:53.670+0000] {logging_mixin.py:151} INFO - [2025-05-17T14:58:53.669+0000] {dagbag.py:539} INFO - Filling up the DagBag from /opt/airflow/dags/re_train.py
[2025-05-17T14:58:53.693+0000] {processor.py:841} WARNING - No viable dags retrieved from /opt/airflow/dags/re_train.py
[2025-05-17T14:58:53.713+0000] {processor.py:179} INFO - Processing /opt/airflow/dags/re_train.py took 0.050 seconds
[2025-05-17T14:59:24.103+0000] {processor.py:157} INFO - Started process (PID=751) to work on /opt/airflow/dags/re_train.py
[2025-05-17T14:59:24.105+0000] {processor.py:829} INFO - Processing file /opt/airflow/dags/re_train.py for tasks to queue
[2025-05-17T14:59:24.107+0000] {logging_mixin.py:151} INFO - [2025-05-17T14:59:24.106+0000] {dagbag.py:539} INFO - Filling up the DagBag from /opt/airflow/dags/re_train.py
[2025-05-17T14:59:24.129+0000] {processor.py:841} WARNING - No viable dags retrieved from /opt/airflow/dags/re_train.py
[2025-05-17T14:59:24.151+0000] {processor.py:179} INFO - Processing /opt/airflow/dags/re_train.py took 0.052 seconds
[2025-05-17T14:59:55.236+0000] {processor.py:157} INFO - Started process (PID=859) to work on /opt/airflow/dags/re_train.py
[2025-05-17T14:59:55.238+0000] {processor.py:829} INFO - Processing file /opt/airflow/dags/re_train.py for tasks to queue
[2025-05-17T14:59:55.240+0000] {logging_mixin.py:151} INFO - [2025-05-17T14:59:55.240+0000] {dagbag.py:539} INFO - Filling up the DagBag from /opt/airflow/dags/re_train.py
[2025-05-17T14:59:55.259+0000] {processor.py:841} WARNING - No viable dags retrieved from /opt/airflow/dags/re_train.py
[2025-05-17T14:59:55.280+0000] {processor.py:179} INFO - Processing /opt/airflow/dags/re_train.py took 0.051 seconds
[2025-05-17T15:00:28.969+0000] {processor.py:157} INFO - Started process (PID=917) to work on /opt/airflow/dags/re_train.py
[2025-05-17T15:00:28.971+0000] {processor.py:829} INFO - Processing file /opt/airflow/dags/re_train.py for tasks to queue
[2025-05-17T15:00:28.973+0000] {logging_mixin.py:151} INFO - [2025-05-17T15:00:28.972+0000] {dagbag.py:539} INFO - Filling up the DagBag from /opt/airflow/dags/re_train.py
[2025-05-17T15:00:28.986+0000] {processor.py:841} WARNING - No viable dags retrieved from /opt/airflow/dags/re_train.py
[2025-05-17T15:00:29.000+0000] {processor.py:179} INFO - Processing /opt/airflow/dags/re_train.py took 0.035 seconds
[2025-05-17T15:01:00.830+0000] {processor.py:157} INFO - Started process (PID=989) to work on /opt/airflow/dags/re_train.py
[2025-05-17T15:01:00.832+0000] {processor.py:829} INFO - Processing file /opt/airflow/dags/re_train.py for tasks to queue
[2025-05-17T15:01:00.833+0000] {logging_mixin.py:151} INFO - [2025-05-17T15:01:00.833+0000] {dagbag.py:539} INFO - Filling up the DagBag from /opt/airflow/dags/re_train.py
[2025-05-17T15:01:00.848+0000] {processor.py:841} WARNING - No viable dags retrieved from /opt/airflow/dags/re_train.py
[2025-05-17T15:01:00.867+0000] {processor.py:179} INFO - Processing /opt/airflow/dags/re_train.py took 0.041 seconds
[2025-05-17T15:01:34.806+0000] {processor.py:157} INFO - Started process (PID=1089) to work on /opt/airflow/dags/re_train.py
[2025-05-17T15:01:34.808+0000] {processor.py:829} INFO - Processing file /opt/airflow/dags/re_train.py for tasks to queue
[2025-05-17T15:01:34.810+0000] {logging_mixin.py:151} INFO - [2025-05-17T15:01:34.809+0000] {dagbag.py:539} INFO - Filling up the DagBag from /opt/airflow/dags/re_train.py
[2025-05-17T15:01:34.829+0000] {processor.py:841} WARNING - No viable dags retrieved from /opt/airflow/dags/re_train.py
[2025-05-17T15:01:34.854+0000] {processor.py:179} INFO - Processing /opt/airflow/dags/re_train.py took 0.055 seconds
[2025-05-17T15:02:04.957+0000] {processor.py:157} INFO - Started process (PID=1100) to work on /opt/airflow/dags/re_train.py
[2025-05-17T15:02:04.959+0000] {processor.py:829} INFO - Processing file /opt/airflow/dags/re_train.py for tasks to queue
[2025-05-17T15:02:04.961+0000] {logging_mixin.py:151} INFO - [2025-05-17T15:02:04.961+0000] {dagbag.py:539} INFO - Filling up the DagBag from /opt/airflow/dags/re_train.py
[2025-05-17T15:02:04.984+0000] {processor.py:841} WARNING - No viable dags retrieved from /opt/airflow/dags/re_train.py
[2025-05-17T15:02:05.011+0000] {processor.py:179} INFO - Processing /opt/airflow/dags/re_train.py took 0.059 seconds
[2025-05-17T15:07:58.425+0000] {processor.py:157} INFO - Started process (PID=176) to work on /opt/airflow/dags/re_train.py
[2025-05-17T15:07:58.429+0000] {processor.py:829} INFO - Processing file /opt/airflow/dags/re_train.py for tasks to queue
[2025-05-17T15:07:58.432+0000] {logging_mixin.py:151} INFO - [2025-05-17T15:07:58.432+0000] {dagbag.py:539} INFO - Filling up the DagBag from /opt/airflow/dags/re_train.py
[2025-05-17T15:07:58.473+0000] {processor.py:841} WARNING - No viable dags retrieved from /opt/airflow/dags/re_train.py
[2025-05-17T15:07:58.517+0000] {processor.py:179} INFO - Processing /opt/airflow/dags/re_train.py took 0.099 seconds
[2025-05-17T15:08:29.274+0000] {processor.py:157} INFO - Started process (PID=262) to work on /opt/airflow/dags/re_train.py
[2025-05-17T15:08:29.283+0000] {processor.py:829} INFO - Processing file /opt/airflow/dags/re_train.py for tasks to queue
[2025-05-17T15:08:29.305+0000] {logging_mixin.py:151} INFO - [2025-05-17T15:08:29.304+0000] {dagbag.py:539} INFO - Filling up the DagBag from /opt/airflow/dags/re_train.py
[2025-05-17T15:08:29.431+0000] {processor.py:841} WARNING - No viable dags retrieved from /opt/airflow/dags/re_train.py
[2025-05-17T15:08:29.491+0000] {processor.py:179} INFO - Processing /opt/airflow/dags/re_train.py took 0.249 seconds
[2025-05-17T15:08:59.824+0000] {processor.py:157} INFO - Started process (PID=272) to work on /opt/airflow/dags/re_train.py
[2025-05-17T15:08:59.826+0000] {processor.py:829} INFO - Processing file /opt/airflow/dags/re_train.py for tasks to queue
[2025-05-17T15:08:59.829+0000] {logging_mixin.py:151} INFO - [2025-05-17T15:08:59.828+0000] {dagbag.py:539} INFO - Filling up the DagBag from /opt/airflow/dags/re_train.py
[2025-05-17T15:08:59.844+0000] {processor.py:841} WARNING - No viable dags retrieved from /opt/airflow/dags/re_train.py
[2025-05-17T15:08:59.870+0000] {processor.py:179} INFO - Processing /opt/airflow/dags/re_train.py took 0.052 seconds
[2025-05-17T15:09:30.877+0000] {processor.py:157} INFO - Started process (PID=374) to work on /opt/airflow/dags/re_train.py
[2025-05-17T15:09:30.879+0000] {processor.py:829} INFO - Processing file /opt/airflow/dags/re_train.py for tasks to queue
[2025-05-17T15:09:30.880+0000] {logging_mixin.py:151} INFO - [2025-05-17T15:09:30.880+0000] {dagbag.py:539} INFO - Filling up the DagBag from /opt/airflow/dags/re_train.py
[2025-05-17T15:09:30.898+0000] {processor.py:841} WARNING - No viable dags retrieved from /opt/airflow/dags/re_train.py
[2025-05-17T15:09:30.911+0000] {processor.py:179} INFO - Processing /opt/airflow/dags/re_train.py took 0.037 seconds
[2025-05-17T15:10:01.197+0000] {processor.py:157} INFO - Started process (PID=410) to work on /opt/airflow/dags/re_train.py
[2025-05-17T15:10:01.199+0000] {processor.py:829} INFO - Processing file /opt/airflow/dags/re_train.py for tasks to queue
[2025-05-17T15:10:01.202+0000] {logging_mixin.py:151} INFO - [2025-05-17T15:10:01.199+0000] {dagbag.py:539} INFO - Filling up the DagBag from /opt/airflow/dags/re_train.py
[2025-05-17T15:10:01.218+0000] {processor.py:841} WARNING - No viable dags retrieved from /opt/airflow/dags/re_train.py
[2025-05-17T15:10:01.243+0000] {processor.py:179} INFO - Processing /opt/airflow/dags/re_train.py took 0.049 seconds
[2025-05-17T15:10:34.132+0000] {processor.py:157} INFO - Started process (PID=521) to work on /opt/airflow/dags/re_train.py
[2025-05-17T15:10:34.135+0000] {processor.py:829} INFO - Processing file /opt/airflow/dags/re_train.py for tasks to queue
[2025-05-17T15:10:34.137+0000] {logging_mixin.py:151} INFO - [2025-05-17T15:10:34.136+0000] {dagbag.py:539} INFO - Filling up the DagBag from /opt/airflow/dags/re_train.py
[2025-05-17T15:10:34.153+0000] {processor.py:841} WARNING - No viable dags retrieved from /opt/airflow/dags/re_train.py
[2025-05-17T15:10:34.186+0000] {processor.py:179} INFO - Processing /opt/airflow/dags/re_train.py took 0.059 seconds
[2025-05-17T15:11:08.681+0000] {processor.py:157} INFO - Started process (PID=675) to work on /opt/airflow/dags/re_train.py
[2025-05-17T15:11:08.683+0000] {processor.py:829} INFO - Processing file /opt/airflow/dags/re_train.py for tasks to queue
[2025-05-17T15:11:08.685+0000] {logging_mixin.py:151} INFO - [2025-05-17T15:11:08.684+0000] {dagbag.py:539} INFO - Filling up the DagBag from /opt/airflow/dags/re_train.py
[2025-05-17T15:11:08.702+0000] {processor.py:841} WARNING - No viable dags retrieved from /opt/airflow/dags/re_train.py
[2025-05-17T15:11:08.730+0000] {processor.py:179} INFO - Processing /opt/airflow/dags/re_train.py took 0.054 seconds
[2025-05-17T15:11:39.595+0000] {processor.py:157} INFO - Started process (PID=835) to work on /opt/airflow/dags/re_train.py
[2025-05-17T15:11:39.597+0000] {processor.py:829} INFO - Processing file /opt/airflow/dags/re_train.py for tasks to queue
[2025-05-17T15:11:39.599+0000] {logging_mixin.py:151} INFO - [2025-05-17T15:11:39.598+0000] {dagbag.py:539} INFO - Filling up the DagBag from /opt/airflow/dags/re_train.py
[2025-05-17T15:11:39.619+0000] {processor.py:841} WARNING - No viable dags retrieved from /opt/airflow/dags/re_train.py
[2025-05-17T15:11:39.856+0000] {processor.py:179} INFO - Processing /opt/airflow/dags/re_train.py took 0.267 seconds
[2025-05-17T15:12:10.316+0000] {processor.py:157} INFO - Started process (PID=961) to work on /opt/airflow/dags/re_train.py
[2025-05-17T15:12:10.318+0000] {processor.py:829} INFO - Processing file /opt/airflow/dags/re_train.py for tasks to queue
[2025-05-17T15:12:10.321+0000] {logging_mixin.py:151} INFO - [2025-05-17T15:12:10.320+0000] {dagbag.py:539} INFO - Filling up the DagBag from /opt/airflow/dags/re_train.py
[2025-05-17T15:12:10.342+0000] {processor.py:841} WARNING - No viable dags retrieved from /opt/airflow/dags/re_train.py
[2025-05-17T15:12:10.367+0000] {processor.py:179} INFO - Processing /opt/airflow/dags/re_train.py took 0.055 seconds
[2025-05-17T15:12:40.907+0000] {processor.py:157} INFO - Started process (PID=994) to work on /opt/airflow/dags/re_train.py
[2025-05-17T15:12:40.909+0000] {processor.py:829} INFO - Processing file /opt/airflow/dags/re_train.py for tasks to queue
[2025-05-17T15:12:40.913+0000] {logging_mixin.py:151} INFO - [2025-05-17T15:12:40.912+0000] {dagbag.py:539} INFO - Filling up the DagBag from /opt/airflow/dags/re_train.py
[2025-05-17T15:12:40.931+0000] {processor.py:841} WARNING - No viable dags retrieved from /opt/airflow/dags/re_train.py
[2025-05-17T15:12:40.956+0000] {processor.py:179} INFO - Processing /opt/airflow/dags/re_train.py took 0.056 seconds
[2025-05-17T15:13:14.358+0000] {processor.py:157} INFO - Started process (PID=1098) to work on /opt/airflow/dags/re_train.py
[2025-05-17T15:13:14.359+0000] {processor.py:829} INFO - Processing file /opt/airflow/dags/re_train.py for tasks to queue
[2025-05-17T15:13:14.360+0000] {logging_mixin.py:151} INFO - [2025-05-17T15:13:14.360+0000] {dagbag.py:539} INFO - Filling up the DagBag from /opt/airflow/dags/re_train.py
[2025-05-17T15:13:14.376+0000] {processor.py:841} WARNING - No viable dags retrieved from /opt/airflow/dags/re_train.py
[2025-05-17T15:13:14.395+0000] {processor.py:179} INFO - Processing /opt/airflow/dags/re_train.py took 0.041 seconds
[2025-05-17T15:13:47.419+0000] {processor.py:157} INFO - Started process (PID=1115) to work on /opt/airflow/dags/re_train.py
[2025-05-17T15:13:47.420+0000] {processor.py:829} INFO - Processing file /opt/airflow/dags/re_train.py for tasks to queue
[2025-05-17T15:13:47.421+0000] {logging_mixin.py:151} INFO - [2025-05-17T15:13:47.421+0000] {dagbag.py:539} INFO - Filling up the DagBag from /opt/airflow/dags/re_train.py
[2025-05-17T15:13:47.431+0000] {processor.py:841} WARNING - No viable dags retrieved from /opt/airflow/dags/re_train.py
[2025-05-17T15:13:47.445+0000] {processor.py:179} INFO - Processing /opt/airflow/dags/re_train.py took 0.031 seconds
[2025-05-17T15:14:18.842+0000] {processor.py:157} INFO - Started process (PID=1210) to work on /opt/airflow/dags/re_train.py
[2025-05-17T15:14:18.844+0000] {processor.py:829} INFO - Processing file /opt/airflow/dags/re_train.py for tasks to queue
[2025-05-17T15:14:18.846+0000] {logging_mixin.py:151} INFO - [2025-05-17T15:14:18.846+0000] {dagbag.py:539} INFO - Filling up the DagBag from /opt/airflow/dags/re_train.py
[2025-05-17T15:14:18.865+0000] {processor.py:841} WARNING - No viable dags retrieved from /opt/airflow/dags/re_train.py
[2025-05-17T15:14:18.886+0000] {processor.py:179} INFO - Processing /opt/airflow/dags/re_train.py took 0.049 seconds
[2025-05-17T15:14:50.687+0000] {processor.py:157} INFO - Started process (PID=1290) to work on /opt/airflow/dags/re_train.py
[2025-05-17T15:14:50.689+0000] {processor.py:829} INFO - Processing file /opt/airflow/dags/re_train.py for tasks to queue
[2025-05-17T15:14:50.690+0000] {logging_mixin.py:151} INFO - [2025-05-17T15:14:50.690+0000] {dagbag.py:539} INFO - Filling up the DagBag from /opt/airflow/dags/re_train.py
[2025-05-17T15:14:50.704+0000] {processor.py:841} WARNING - No viable dags retrieved from /opt/airflow/dags/re_train.py
[2025-05-17T15:14:50.740+0000] {processor.py:179} INFO - Processing /opt/airflow/dags/re_train.py took 0.058 seconds
[2025-05-17T15:15:20.885+0000] {processor.py:157} INFO - Started process (PID=1322) to work on /opt/airflow/dags/re_train.py
[2025-05-17T15:15:20.890+0000] {processor.py:829} INFO - Processing file /opt/airflow/dags/re_train.py for tasks to queue
[2025-05-17T15:15:20.893+0000] {logging_mixin.py:151} INFO - [2025-05-17T15:15:20.892+0000] {dagbag.py:539} INFO - Filling up the DagBag from /opt/airflow/dags/re_train.py
[2025-05-17T15:15:20.911+0000] {processor.py:841} WARNING - No viable dags retrieved from /opt/airflow/dags/re_train.py
[2025-05-17T15:15:20.937+0000] {processor.py:179} INFO - Processing /opt/airflow/dags/re_train.py took 0.059 seconds
[2025-05-17T15:15:51.100+0000] {processor.py:157} INFO - Started process (PID=1418) to work on /opt/airflow/dags/re_train.py
[2025-05-17T15:15:51.102+0000] {processor.py:829} INFO - Processing file /opt/airflow/dags/re_train.py for tasks to queue
[2025-05-17T15:15:51.103+0000] {logging_mixin.py:151} INFO - [2025-05-17T15:15:51.103+0000] {dagbag.py:539} INFO - Filling up the DagBag from /opt/airflow/dags/re_train.py
[2025-05-17T15:15:51.123+0000] {processor.py:841} WARNING - No viable dags retrieved from /opt/airflow/dags/re_train.py
[2025-05-17T15:15:51.150+0000] {processor.py:179} INFO - Processing /opt/airflow/dags/re_train.py took 0.055 seconds
[2025-05-17T15:16:24.520+0000] {processor.py:157} INFO - Started process (PID=1447) to work on /opt/airflow/dags/re_train.py
[2025-05-17T15:16:24.521+0000] {processor.py:829} INFO - Processing file /opt/airflow/dags/re_train.py for tasks to queue
[2025-05-17T15:16:24.523+0000] {logging_mixin.py:151} INFO - [2025-05-17T15:16:24.522+0000] {dagbag.py:539} INFO - Filling up the DagBag from /opt/airflow/dags/re_train.py
[2025-05-17T15:16:24.535+0000] {processor.py:841} WARNING - No viable dags retrieved from /opt/airflow/dags/re_train.py
[2025-05-17T15:16:24.558+0000] {processor.py:179} INFO - Processing /opt/airflow/dags/re_train.py took 0.042 seconds
[2025-05-17T15:16:56.615+0000] {processor.py:157} INFO - Started process (PID=1532) to work on /opt/airflow/dags/re_train.py
[2025-05-17T15:16:56.617+0000] {processor.py:829} INFO - Processing file /opt/airflow/dags/re_train.py for tasks to queue
[2025-05-17T15:16:56.620+0000] {logging_mixin.py:151} INFO - [2025-05-17T15:16:56.619+0000] {dagbag.py:539} INFO - Filling up the DagBag from /opt/airflow/dags/re_train.py
[2025-05-17T15:16:56.636+0000] {processor.py:841} WARNING - No viable dags retrieved from /opt/airflow/dags/re_train.py
[2025-05-17T15:16:56.662+0000] {processor.py:179} INFO - Processing /opt/airflow/dags/re_train.py took 0.057 seconds
[2025-05-17T15:17:30.340+0000] {processor.py:157} INFO - Started process (PID=1610) to work on /opt/airflow/dags/re_train.py
[2025-05-17T15:17:30.344+0000] {processor.py:829} INFO - Processing file /opt/airflow/dags/re_train.py for tasks to queue
[2025-05-17T15:17:30.350+0000] {logging_mixin.py:151} INFO - [2025-05-17T15:17:30.348+0000] {dagbag.py:539} INFO - Filling up the DagBag from /opt/airflow/dags/re_train.py
[2025-05-17T15:17:30.372+0000] {processor.py:841} WARNING - No viable dags retrieved from /opt/airflow/dags/re_train.py
[2025-05-17T15:17:30.412+0000] {processor.py:179} INFO - Processing /opt/airflow/dags/re_train.py took 0.079 seconds
[2025-05-17T15:18:01.017+0000] {processor.py:157} INFO - Started process (PID=1642) to work on /opt/airflow/dags/re_train.py
[2025-05-17T15:18:01.019+0000] {processor.py:829} INFO - Processing file /opt/airflow/dags/re_train.py for tasks to queue
[2025-05-17T15:18:01.020+0000] {logging_mixin.py:151} INFO - [2025-05-17T15:18:01.020+0000] {dagbag.py:539} INFO - Filling up the DagBag from /opt/airflow/dags/re_train.py
[2025-05-17T15:18:01.031+0000] {processor.py:841} WARNING - No viable dags retrieved from /opt/airflow/dags/re_train.py
[2025-05-17T15:18:01.053+0000] {processor.py:179} INFO - Processing /opt/airflow/dags/re_train.py took 0.041 seconds
[2025-05-17T15:18:31.395+0000] {processor.py:157} INFO - Started process (PID=1739) to work on /opt/airflow/dags/re_train.py
[2025-05-17T15:18:31.397+0000] {processor.py:829} INFO - Processing file /opt/airflow/dags/re_train.py for tasks to queue
[2025-05-17T15:18:31.399+0000] {logging_mixin.py:151} INFO - [2025-05-17T15:18:31.399+0000] {dagbag.py:539} INFO - Filling up the DagBag from /opt/airflow/dags/re_train.py
[2025-05-17T15:18:31.442+0000] {processor.py:841} WARNING - No viable dags retrieved from /opt/airflow/dags/re_train.py
[2025-05-17T15:18:31.466+0000] {processor.py:179} INFO - Processing /opt/airflow/dags/re_train.py took 0.078 seconds
[2025-05-17T15:19:01.784+0000] {processor.py:157} INFO - Started process (PID=1763) to work on /opt/airflow/dags/re_train.py
[2025-05-17T15:19:01.786+0000] {processor.py:829} INFO - Processing file /opt/airflow/dags/re_train.py for tasks to queue
[2025-05-17T15:19:01.787+0000] {logging_mixin.py:151} INFO - [2025-05-17T15:19:01.787+0000] {dagbag.py:539} INFO - Filling up the DagBag from /opt/airflow/dags/re_train.py
[2025-05-17T15:19:01.803+0000] {processor.py:841} WARNING - No viable dags retrieved from /opt/airflow/dags/re_train.py
[2025-05-17T15:19:01.833+0000] {processor.py:179} INFO - Processing /opt/airflow/dags/re_train.py took 0.056 seconds
[2025-05-17T15:19:34.959+0000] {processor.py:157} INFO - Started process (PID=1851) to work on /opt/airflow/dags/re_train.py
[2025-05-17T15:19:34.962+0000] {processor.py:829} INFO - Processing file /opt/airflow/dags/re_train.py for tasks to queue
[2025-05-17T15:19:34.970+0000] {logging_mixin.py:151} INFO - [2025-05-17T15:19:34.969+0000] {dagbag.py:539} INFO - Filling up the DagBag from /opt/airflow/dags/re_train.py
[2025-05-17T15:19:34.989+0000] {processor.py:841} WARNING - No viable dags retrieved from /opt/airflow/dags/re_train.py
[2025-05-17T15:19:35.038+0000] {processor.py:179} INFO - Processing /opt/airflow/dags/re_train.py took 0.085 seconds
[2025-05-17T15:20:08.188+0000] {processor.py:157} INFO - Started process (PID=1939) to work on /opt/airflow/dags/re_train.py
[2025-05-17T15:20:08.190+0000] {processor.py:829} INFO - Processing file /opt/airflow/dags/re_train.py for tasks to queue
[2025-05-17T15:20:08.191+0000] {logging_mixin.py:151} INFO - [2025-05-17T15:20:08.190+0000] {dagbag.py:539} INFO - Filling up the DagBag from /opt/airflow/dags/re_train.py
[2025-05-17T15:20:08.202+0000] {processor.py:841} WARNING - No viable dags retrieved from /opt/airflow/dags/re_train.py
[2025-05-17T15:20:08.218+0000] {processor.py:179} INFO - Processing /opt/airflow/dags/re_train.py took 0.033 seconds
[2025-05-17T15:20:40.227+0000] {processor.py:157} INFO - Started process (PID=1960) to work on /opt/airflow/dags/re_train.py
[2025-05-17T15:20:40.229+0000] {processor.py:829} INFO - Processing file /opt/airflow/dags/re_train.py for tasks to queue
[2025-05-17T15:20:40.230+0000] {logging_mixin.py:151} INFO - [2025-05-17T15:20:40.229+0000] {dagbag.py:539} INFO - Filling up the DagBag from /opt/airflow/dags/re_train.py
[2025-05-17T15:20:40.243+0000] {processor.py:841} WARNING - No viable dags retrieved from /opt/airflow/dags/re_train.py
[2025-05-17T15:20:40.262+0000] {processor.py:179} INFO - Processing /opt/airflow/dags/re_train.py took 0.041 seconds
[2025-05-17T15:21:13.362+0000] {processor.py:157} INFO - Started process (PID=2064) to work on /opt/airflow/dags/re_train.py
[2025-05-17T15:21:13.364+0000] {processor.py:829} INFO - Processing file /opt/airflow/dags/re_train.py for tasks to queue
[2025-05-17T15:21:13.365+0000] {logging_mixin.py:151} INFO - [2025-05-17T15:21:13.365+0000] {dagbag.py:539} INFO - Filling up the DagBag from /opt/airflow/dags/re_train.py
[2025-05-17T15:21:13.381+0000] {processor.py:841} WARNING - No viable dags retrieved from /opt/airflow/dags/re_train.py
[2025-05-17T15:21:13.401+0000] {processor.py:179} INFO - Processing /opt/airflow/dags/re_train.py took 0.044 seconds
[2025-05-17T15:21:43.877+0000] {processor.py:157} INFO - Started process (PID=2117) to work on /opt/airflow/dags/re_train.py
[2025-05-17T15:21:43.883+0000] {processor.py:829} INFO - Processing file /opt/airflow/dags/re_train.py for tasks to queue
[2025-05-17T15:21:43.889+0000] {logging_mixin.py:151} INFO - [2025-05-17T15:21:43.886+0000] {dagbag.py:539} INFO - Filling up the DagBag from /opt/airflow/dags/re_train.py
[2025-05-17T15:21:43.913+0000] {processor.py:841} WARNING - No viable dags retrieved from /opt/airflow/dags/re_train.py
[2025-05-17T15:21:43.952+0000] {processor.py:179} INFO - Processing /opt/airflow/dags/re_train.py took 0.081 seconds
[2025-05-17T15:22:14.255+0000] {processor.py:157} INFO - Started process (PID=2173) to work on /opt/airflow/dags/re_train.py
[2025-05-17T15:22:14.257+0000] {processor.py:829} INFO - Processing file /opt/airflow/dags/re_train.py for tasks to queue
[2025-05-17T15:22:14.258+0000] {logging_mixin.py:151} INFO - [2025-05-17T15:22:14.258+0000] {dagbag.py:539} INFO - Filling up the DagBag from /opt/airflow/dags/re_train.py
[2025-05-17T15:22:14.285+0000] {processor.py:841} WARNING - No viable dags retrieved from /opt/airflow/dags/re_train.py
[2025-05-17T15:22:14.302+0000] {processor.py:179} INFO - Processing /opt/airflow/dags/re_train.py took 0.049 seconds
[2025-05-17T15:22:47.606+0000] {processor.py:157} INFO - Started process (PID=2266) to work on /opt/airflow/dags/re_train.py
[2025-05-17T15:22:47.608+0000] {processor.py:829} INFO - Processing file /opt/airflow/dags/re_train.py for tasks to queue
[2025-05-17T15:22:47.609+0000] {logging_mixin.py:151} INFO - [2025-05-17T15:22:47.609+0000] {dagbag.py:539} INFO - Filling up the DagBag from /opt/airflow/dags/re_train.py
[2025-05-17T15:22:47.633+0000] {processor.py:841} WARNING - No viable dags retrieved from /opt/airflow/dags/re_train.py
[2025-05-17T15:22:47.656+0000] {processor.py:179} INFO - Processing /opt/airflow/dags/re_train.py took 0.056 seconds
[2025-05-17T15:23:19.859+0000] {processor.py:157} INFO - Started process (PID=2286) to work on /opt/airflow/dags/re_train.py
[2025-05-17T15:23:19.861+0000] {processor.py:829} INFO - Processing file /opt/airflow/dags/re_train.py for tasks to queue
[2025-05-17T15:23:19.866+0000] {logging_mixin.py:151} INFO - [2025-05-17T15:23:19.863+0000] {dagbag.py:539} INFO - Filling up the DagBag from /opt/airflow/dags/re_train.py
[2025-05-17T15:23:19.917+0000] {processor.py:841} WARNING - No viable dags retrieved from /opt/airflow/dags/re_train.py
[2025-05-17T15:23:19.964+0000] {processor.py:179} INFO - Processing /opt/airflow/dags/re_train.py took 0.117 seconds
[2025-05-17T15:23:53.948+0000] {processor.py:157} INFO - Started process (PID=2387) to work on /opt/airflow/dags/re_train.py
[2025-05-17T15:23:53.950+0000] {processor.py:829} INFO - Processing file /opt/airflow/dags/re_train.py for tasks to queue
[2025-05-17T15:23:53.958+0000] {logging_mixin.py:151} INFO - [2025-05-17T15:23:53.957+0000] {dagbag.py:539} INFO - Filling up the DagBag from /opt/airflow/dags/re_train.py
[2025-05-17T15:23:53.988+0000] {processor.py:841} WARNING - No viable dags retrieved from /opt/airflow/dags/re_train.py
[2025-05-17T15:23:54.026+0000] {processor.py:179} INFO - Processing /opt/airflow/dags/re_train.py took 0.085 seconds
[2025-05-17T15:24:24.167+0000] {processor.py:157} INFO - Started process (PID=2397) to work on /opt/airflow/dags/re_train.py
[2025-05-17T15:24:24.169+0000] {processor.py:829} INFO - Processing file /opt/airflow/dags/re_train.py for tasks to queue
[2025-05-17T15:24:24.171+0000] {logging_mixin.py:151} INFO - [2025-05-17T15:24:24.170+0000] {dagbag.py:539} INFO - Filling up the DagBag from /opt/airflow/dags/re_train.py
[2025-05-17T15:24:24.190+0000] {processor.py:841} WARNING - No viable dags retrieved from /opt/airflow/dags/re_train.py
[2025-05-17T15:24:24.210+0000] {processor.py:179} INFO - Processing /opt/airflow/dags/re_train.py took 0.048 seconds
[2025-05-17T15:24:54.752+0000] {processor.py:157} INFO - Started process (PID=2494) to work on /opt/airflow/dags/re_train.py
[2025-05-17T15:24:54.755+0000] {processor.py:829} INFO - Processing file /opt/airflow/dags/re_train.py for tasks to queue
[2025-05-17T15:24:54.757+0000] {logging_mixin.py:151} INFO - [2025-05-17T15:24:54.757+0000] {dagbag.py:539} INFO - Filling up the DagBag from /opt/airflow/dags/re_train.py
[2025-05-17T15:24:54.774+0000] {processor.py:841} WARNING - No viable dags retrieved from /opt/airflow/dags/re_train.py
[2025-05-17T15:24:54.794+0000] {processor.py:179} INFO - Processing /opt/airflow/dags/re_train.py took 0.047 seconds
[2025-05-17T15:25:27.124+0000] {processor.py:157} INFO - Started process (PID=2532) to work on /opt/airflow/dags/re_train.py
[2025-05-17T15:25:27.126+0000] {processor.py:829} INFO - Processing file /opt/airflow/dags/re_train.py for tasks to queue
[2025-05-17T15:25:27.127+0000] {logging_mixin.py:151} INFO - [2025-05-17T15:25:27.126+0000] {dagbag.py:539} INFO - Filling up the DagBag from /opt/airflow/dags/re_train.py
[2025-05-17T15:25:27.142+0000] {processor.py:841} WARNING - No viable dags retrieved from /opt/airflow/dags/re_train.py
[2025-05-17T15:25:27.162+0000] {processor.py:179} INFO - Processing /opt/airflow/dags/re_train.py took 0.046 seconds
[2025-05-17T15:25:59.207+0000] {processor.py:157} INFO - Started process (PID=2604) to work on /opt/airflow/dags/re_train.py
[2025-05-17T15:25:59.209+0000] {processor.py:829} INFO - Processing file /opt/airflow/dags/re_train.py for tasks to queue
[2025-05-17T15:25:59.211+0000] {logging_mixin.py:151} INFO - [2025-05-17T15:25:59.211+0000] {dagbag.py:539} INFO - Filling up the DagBag from /opt/airflow/dags/re_train.py
[2025-05-17T15:25:59.225+0000] {processor.py:841} WARNING - No viable dags retrieved from /opt/airflow/dags/re_train.py
[2025-05-17T15:25:59.242+0000] {processor.py:179} INFO - Processing /opt/airflow/dags/re_train.py took 0.039 seconds
[2025-05-17T15:26:33.209+0000] {processor.py:157} INFO - Started process (PID=2701) to work on /opt/airflow/dags/re_train.py
[2025-05-17T15:26:33.211+0000] {processor.py:829} INFO - Processing file /opt/airflow/dags/re_train.py for tasks to queue
[2025-05-17T15:26:33.213+0000] {logging_mixin.py:151} INFO - [2025-05-17T15:26:33.212+0000] {dagbag.py:539} INFO - Filling up the DagBag from /opt/airflow/dags/re_train.py
[2025-05-17T15:26:33.233+0000] {processor.py:841} WARNING - No viable dags retrieved from /opt/airflow/dags/re_train.py
[2025-05-17T15:26:33.261+0000] {processor.py:179} INFO - Processing /opt/airflow/dags/re_train.py took 0.067 seconds
[2025-05-17T15:27:05.161+0000] {processor.py:157} INFO - Started process (PID=2718) to work on /opt/airflow/dags/re_train.py
[2025-05-17T15:27:05.163+0000] {processor.py:829} INFO - Processing file /opt/airflow/dags/re_train.py for tasks to queue
[2025-05-17T15:27:05.165+0000] {logging_mixin.py:151} INFO - [2025-05-17T15:27:05.165+0000] {dagbag.py:539} INFO - Filling up the DagBag from /opt/airflow/dags/re_train.py
[2025-05-17T15:27:05.184+0000] {processor.py:841} WARNING - No viable dags retrieved from /opt/airflow/dags/re_train.py
[2025-05-17T15:27:05.210+0000] {processor.py:179} INFO - Processing /opt/airflow/dags/re_train.py took 0.056 seconds
[2025-05-17T15:27:37.493+0000] {processor.py:157} INFO - Started process (PID=2814) to work on /opt/airflow/dags/re_train.py
[2025-05-17T15:27:37.495+0000] {processor.py:829} INFO - Processing file /opt/airflow/dags/re_train.py for tasks to queue
[2025-05-17T15:27:37.496+0000] {logging_mixin.py:151} INFO - [2025-05-17T15:27:37.496+0000] {dagbag.py:539} INFO - Filling up the DagBag from /opt/airflow/dags/re_train.py
[2025-05-17T15:27:37.508+0000] {processor.py:841} WARNING - No viable dags retrieved from /opt/airflow/dags/re_train.py
[2025-05-17T15:27:37.537+0000] {processor.py:179} INFO - Processing /opt/airflow/dags/re_train.py took 0.049 seconds
[2025-05-17T15:28:08.088+0000] {processor.py:157} INFO - Started process (PID=2888) to work on /opt/airflow/dags/re_train.py
[2025-05-17T15:28:08.091+0000] {processor.py:829} INFO - Processing file /opt/airflow/dags/re_train.py for tasks to queue
[2025-05-17T15:28:08.093+0000] {logging_mixin.py:151} INFO - [2025-05-17T15:28:08.092+0000] {dagbag.py:539} INFO - Filling up the DagBag from /opt/airflow/dags/re_train.py
[2025-05-17T15:28:08.111+0000] {processor.py:841} WARNING - No viable dags retrieved from /opt/airflow/dags/re_train.py
[2025-05-17T15:28:08.132+0000] {processor.py:179} INFO - Processing /opt/airflow/dags/re_train.py took 0.049 seconds
[2025-05-17T15:28:38.582+0000] {processor.py:157} INFO - Started process (PID=2921) to work on /opt/airflow/dags/re_train.py
[2025-05-17T15:28:38.584+0000] {processor.py:829} INFO - Processing file /opt/airflow/dags/re_train.py for tasks to queue
[2025-05-17T15:28:38.585+0000] {logging_mixin.py:151} INFO - [2025-05-17T15:28:38.585+0000] {dagbag.py:539} INFO - Filling up the DagBag from /opt/airflow/dags/re_train.py
[2025-05-17T15:28:38.600+0000] {processor.py:841} WARNING - No viable dags retrieved from /opt/airflow/dags/re_train.py
[2025-05-17T15:28:38.624+0000] {processor.py:179} INFO - Processing /opt/airflow/dags/re_train.py took 0.048 seconds
[2025-05-17T15:29:11.495+0000] {processor.py:157} INFO - Started process (PID=3024) to work on /opt/airflow/dags/re_train.py
[2025-05-17T15:29:11.497+0000] {processor.py:829} INFO - Processing file /opt/airflow/dags/re_train.py for tasks to queue
[2025-05-17T15:29:11.499+0000] {logging_mixin.py:151} INFO - [2025-05-17T15:29:11.498+0000] {dagbag.py:539} INFO - Filling up the DagBag from /opt/airflow/dags/re_train.py
[2025-05-17T15:29:11.511+0000] {processor.py:841} WARNING - No viable dags retrieved from /opt/airflow/dags/re_train.py
[2025-05-17T15:29:11.537+0000] {processor.py:179} INFO - Processing /opt/airflow/dags/re_train.py took 0.047 seconds
[2025-05-17T15:29:44.354+0000] {processor.py:157} INFO - Started process (PID=3061) to work on /opt/airflow/dags/re_train.py
[2025-05-17T15:29:44.355+0000] {processor.py:829} INFO - Processing file /opt/airflow/dags/re_train.py for tasks to queue
[2025-05-17T15:29:44.357+0000] {logging_mixin.py:151} INFO - [2025-05-17T15:29:44.356+0000] {dagbag.py:539} INFO - Filling up the DagBag from /opt/airflow/dags/re_train.py
[2025-05-17T15:29:44.370+0000] {processor.py:841} WARNING - No viable dags retrieved from /opt/airflow/dags/re_train.py
[2025-05-17T15:29:44.388+0000] {processor.py:179} INFO - Processing /opt/airflow/dags/re_train.py took 0.039 seconds
[2025-05-17T15:30:17.318+0000] {processor.py:157} INFO - Started process (PID=3136) to work on /opt/airflow/dags/re_train.py
[2025-05-17T15:30:17.320+0000] {processor.py:829} INFO - Processing file /opt/airflow/dags/re_train.py for tasks to queue
[2025-05-17T15:30:17.321+0000] {logging_mixin.py:151} INFO - [2025-05-17T15:30:17.321+0000] {dagbag.py:539} INFO - Filling up the DagBag from /opt/airflow/dags/re_train.py
[2025-05-17T15:30:17.339+0000] {processor.py:841} WARNING - No viable dags retrieved from /opt/airflow/dags/re_train.py
[2025-05-17T15:30:17.361+0000] {processor.py:179} INFO - Processing /opt/airflow/dags/re_train.py took 0.048 seconds
[2025-05-17T15:30:50.567+0000] {processor.py:157} INFO - Started process (PID=3237) to work on /opt/airflow/dags/re_train.py
[2025-05-17T15:30:50.571+0000] {processor.py:829} INFO - Processing file /opt/airflow/dags/re_train.py for tasks to queue
[2025-05-17T15:30:50.577+0000] {logging_mixin.py:151} INFO - [2025-05-17T15:30:50.574+0000] {dagbag.py:539} INFO - Filling up the DagBag from /opt/airflow/dags/re_train.py
[2025-05-17T15:30:50.605+0000] {processor.py:841} WARNING - No viable dags retrieved from /opt/airflow/dags/re_train.py
[2025-05-17T15:30:50.641+0000] {processor.py:179} INFO - Processing /opt/airflow/dags/re_train.py took 0.081 seconds
[2025-05-17T15:31:22.581+0000] {processor.py:157} INFO - Started process (PID=3248) to work on /opt/airflow/dags/re_train.py
[2025-05-17T15:31:22.583+0000] {processor.py:829} INFO - Processing file /opt/airflow/dags/re_train.py for tasks to queue
[2025-05-17T15:31:22.584+0000] {logging_mixin.py:151} INFO - [2025-05-17T15:31:22.584+0000] {dagbag.py:539} INFO - Filling up the DagBag from /opt/airflow/dags/re_train.py
[2025-05-17T15:31:22.599+0000] {processor.py:841} WARNING - No viable dags retrieved from /opt/airflow/dags/re_train.py
[2025-05-17T15:31:22.621+0000] {processor.py:179} INFO - Processing /opt/airflow/dags/re_train.py took 0.043 seconds
