[2025-05-17T15:42:31.785+0000] {taskinstance.py:1157} INFO - Dependencies all met for dep_context=non-requeueable deps ti=<TaskInstance: gold_news_pipeline.run_producer scheduled__2025-05-17T15:31:58.407469+00:00 [queued]>
[2025-05-17T15:42:31.800+0000] {taskinstance.py:1157} INFO - Dependencies all met for dep_context=requeueable deps ti=<TaskInstance: gold_news_pipeline.run_producer scheduled__2025-05-17T15:31:58.407469+00:00 [queued]>
[2025-05-17T15:42:31.801+0000] {taskinstance.py:1359} INFO - Starting attempt 1 of 1
[2025-05-17T15:42:31.826+0000] {taskinstance.py:1380} INFO - Executing <Task(BashOperator): run_producer> on 2025-05-17 15:31:58.407469+00:00
[2025-05-17T15:42:31.835+0000] {standard_task_runner.py:57} INFO - Started process 4645 to run task
[2025-05-17T15:42:31.843+0000] {standard_task_runner.py:84} INFO - Running: ['***', 'tasks', 'run', 'gold_news_pipeline', 'run_producer', 'scheduled__2025-05-17T15:31:58.407469+00:00', '--job-id', '5', '--raw', '--subdir', 'DAGS_FOLDER/dag_news.py', '--cfg-path', '/tmp/tmpcq0mkpib']
[2025-05-17T15:42:31.855+0000] {standard_task_runner.py:85} INFO - Job 5: Subtask run_producer
[2025-05-17T15:42:31.964+0000] {task_command.py:415} INFO - Running <TaskInstance: gold_news_pipeline.run_producer scheduled__2025-05-17T15:31:58.407469+00:00 [running]> on host 75a565b94570
[2025-05-17T15:42:32.187+0000] {taskinstance.py:1660} INFO - Exporting env vars: AIRFLOW_CTX_DAG_OWNER='***' AIRFLOW_CTX_DAG_ID='gold_news_pipeline' AIRFLOW_CTX_TASK_ID='run_producer' AIRFLOW_CTX_EXECUTION_DATE='2025-05-17T15:31:58.407469+00:00' AIRFLOW_CTX_TRY_NUMBER='1' AIRFLOW_CTX_DAG_RUN_ID='scheduled__2025-05-17T15:31:58.407469+00:00'
[2025-05-17T15:42:32.192+0000] {subprocess.py:63} INFO - Tmp dir root location: /tmp
[2025-05-17T15:42:32.194+0000] {subprocess.py:75} INFO - Running command: ['/bin/bash', '-c', 'docker exec gold_price_project-kafka-1 python3 /scripts/news_producer.py']
[2025-05-17T15:42:32.219+0000] {subprocess.py:86} INFO - Output:
[2025-05-17T15:42:34.298+0000] {subprocess.py:93} INFO - Starting news ingestion for gold market...
[2025-05-17T15:42:34.303+0000] {subprocess.py:93} INFO - Searching for keywords: gold price OR XAUUSD OR gold market OR Federal Reserve OR interest rates OR tariffs OR geopolitical tensions OR inflation OR US dollar OR safe-haven assets
[2025-05-17T15:42:34.304+0000] {subprocess.py:93} INFO - 
[2025-05-17T15:42:34.306+0000] {subprocess.py:93} INFO - Fetched 10 articles at 2025-05-17 15:42:33
[2025-05-17T15:42:34.307+0000] {subprocess.py:93} INFO - Sent to Kafka: Trump-tied World Liberty Financial Rebuffs U.S. Se...
[2025-05-17T15:42:34.308+0000] {subprocess.py:93} INFO - Sent to Kafka: America just imported a mountain of gold. Here's w...
[2025-05-17T15:42:34.308+0000] {subprocess.py:93} INFO - Sent to Kafka: America just imported a mountain of gold. Here's w...
[2025-05-17T15:42:34.309+0000] {subprocess.py:93} INFO - Sent to Kafka: How to trade gold and bitcoin after the big stock ...
[2025-05-17T15:42:34.309+0000] {subprocess.py:93} INFO - Sent to Kafka: Why More Americans Are Turning to Gold to Secure T...
[2025-05-17T15:42:34.310+0000] {subprocess.py:93} INFO - Sent to Kafka: Gold declines as traders book profits on U.S.-Chin...
[2025-05-17T15:42:34.310+0000] {subprocess.py:93} INFO - Sent to Kafka: Fidelity macro director recommends 4:1 Gold, Bitco...
[2025-05-17T15:42:34.311+0000] {subprocess.py:93} INFO - Sent to Kafka: Gold declines as traders book profits on U.S.-Chin...
[2025-05-17T15:42:34.312+0000] {subprocess.py:93} INFO - Sent to Kafka: Gold plunges to a 6-month low — is this the golden...
[2025-05-17T15:42:34.312+0000] {subprocess.py:93} INFO - Sent to Kafka: Medallion secures $17m commitments to advance Rave...
[2025-05-17T15:42:34.313+0000] {subprocess.py:93} INFO - 
[2025-05-17T15:42:34.313+0000] {subprocess.py:93} INFO - Waiting for next poll...
[2025-05-17T15:42:34.362+0000] {subprocess.py:97} INFO - Command exited with return code 0
[2025-05-17T15:42:34.414+0000] {taskinstance.py:1398} INFO - Marking task as SUCCESS. dag_id=gold_news_pipeline, task_id=run_producer, execution_date=20250517T153158, start_date=20250517T154231, end_date=20250517T154234
[2025-05-17T15:42:34.472+0000] {local_task_job_runner.py:228} INFO - Task exited with return code 0
[2025-05-17T15:42:34.499+0000] {taskinstance.py:2776} INFO - 1 downstream tasks scheduled from follow-on schedule check
