[2025-05-20T10:11:05.725+0000] {processor.py:157} INFO - Started process (PID=175) to work on /opt/airflow/dags/re_train.py
[2025-05-20T10:11:05.728+0000] {processor.py:829} INFO - Processing file /opt/airflow/dags/re_train.py for tasks to queue
[2025-05-20T10:11:05.730+0000] {logging_mixin.py:151} INFO - [2025-05-20T10:11:05.729+0000] {dagbag.py:539} INFO - Filling up the DagBag from /opt/airflow/dags/re_train.py
[2025-05-20T10:11:05.764+0000] {processor.py:841} WARNING - No viable dags retrieved from /opt/airflow/dags/re_train.py
[2025-05-20T10:11:05.839+0000] {processor.py:179} INFO - Processing /opt/airflow/dags/re_train.py took 0.124 seconds
[2025-05-20T10:11:36.619+0000] {processor.py:157} INFO - Started process (PID=241) to work on /opt/airflow/dags/re_train.py
[2025-05-20T10:11:36.655+0000] {processor.py:829} INFO - Processing file /opt/airflow/dags/re_train.py for tasks to queue
[2025-05-20T10:11:36.664+0000] {logging_mixin.py:151} INFO - [2025-05-20T10:11:36.662+0000] {dagbag.py:539} INFO - Filling up the DagBag from /opt/airflow/dags/re_train.py
[2025-05-20T10:11:36.819+0000] {processor.py:841} WARNING - No viable dags retrieved from /opt/airflow/dags/re_train.py
[2025-05-20T10:11:36.873+0000] {processor.py:179} INFO - Processing /opt/airflow/dags/re_train.py took 0.263 seconds
[2025-05-20T10:12:07.241+0000] {processor.py:157} INFO - Started process (PID=273) to work on /opt/airflow/dags/re_train.py
[2025-05-20T10:12:07.246+0000] {processor.py:829} INFO - Processing file /opt/airflow/dags/re_train.py for tasks to queue
[2025-05-20T10:12:07.248+0000] {logging_mixin.py:151} INFO - [2025-05-20T10:12:07.247+0000] {dagbag.py:539} INFO - Filling up the DagBag from /opt/airflow/dags/re_train.py
[2025-05-20T10:12:07.267+0000] {processor.py:841} WARNING - No viable dags retrieved from /opt/airflow/dags/re_train.py
[2025-05-20T10:12:07.316+0000] {processor.py:179} INFO - Processing /opt/airflow/dags/re_train.py took 0.086 seconds
[2025-05-20T10:12:37.592+0000] {processor.py:157} INFO - Started process (PID=349) to work on /opt/airflow/dags/re_train.py
[2025-05-20T10:12:37.593+0000] {processor.py:829} INFO - Processing file /opt/airflow/dags/re_train.py for tasks to queue
[2025-05-20T10:12:37.594+0000] {logging_mixin.py:151} INFO - [2025-05-20T10:12:37.594+0000] {dagbag.py:539} INFO - Filling up the DagBag from /opt/airflow/dags/re_train.py
[2025-05-20T10:12:37.605+0000] {processor.py:841} WARNING - No viable dags retrieved from /opt/airflow/dags/re_train.py
[2025-05-20T10:12:37.622+0000] {processor.py:179} INFO - Processing /opt/airflow/dags/re_train.py took 0.035 seconds
[2025-05-20T10:13:07.798+0000] {processor.py:157} INFO - Started process (PID=381) to work on /opt/airflow/dags/re_train.py
[2025-05-20T10:13:07.804+0000] {processor.py:829} INFO - Processing file /opt/airflow/dags/re_train.py for tasks to queue
[2025-05-20T10:13:07.819+0000] {logging_mixin.py:151} INFO - [2025-05-20T10:13:07.818+0000] {dagbag.py:539} INFO - Filling up the DagBag from /opt/airflow/dags/re_train.py
[2025-05-20T10:13:07.949+0000] {processor.py:841} WARNING - No viable dags retrieved from /opt/airflow/dags/re_train.py
[2025-05-20T10:13:08.145+0000] {processor.py:179} INFO - Processing /opt/airflow/dags/re_train.py took 0.366 seconds
[2025-05-20T10:13:38.600+0000] {processor.py:157} INFO - Started process (PID=553) to work on /opt/airflow/dags/re_train.py
[2025-05-20T10:13:38.634+0000] {processor.py:829} INFO - Processing file /opt/airflow/dags/re_train.py for tasks to queue
[2025-05-20T10:13:38.671+0000] {logging_mixin.py:151} INFO - [2025-05-20T10:13:38.639+0000] {dagbag.py:539} INFO - Filling up the DagBag from /opt/airflow/dags/re_train.py
[2025-05-20T10:13:38.777+0000] {processor.py:841} WARNING - No viable dags retrieved from /opt/airflow/dags/re_train.py
[2025-05-20T10:13:38.850+0000] {processor.py:179} INFO - Processing /opt/airflow/dags/re_train.py took 0.319 seconds
[2025-05-20T10:14:09.816+0000] {processor.py:157} INFO - Started process (PID=771) to work on /opt/airflow/dags/re_train.py
[2025-05-20T10:14:09.823+0000] {processor.py:829} INFO - Processing file /opt/airflow/dags/re_train.py for tasks to queue
[2025-05-20T10:14:09.846+0000] {logging_mixin.py:151} INFO - [2025-05-20T10:14:09.844+0000] {dagbag.py:539} INFO - Filling up the DagBag from /opt/airflow/dags/re_train.py
[2025-05-20T10:14:09.896+0000] {processor.py:841} WARNING - No viable dags retrieved from /opt/airflow/dags/re_train.py
[2025-05-20T10:14:09.944+0000] {processor.py:179} INFO - Processing /opt/airflow/dags/re_train.py took 0.681 seconds
[2025-05-20T10:14:40.413+0000] {processor.py:157} INFO - Started process (PID=898) to work on /opt/airflow/dags/re_train.py
[2025-05-20T10:14:40.425+0000] {processor.py:829} INFO - Processing file /opt/airflow/dags/re_train.py for tasks to queue
[2025-05-20T10:14:40.430+0000] {logging_mixin.py:151} INFO - [2025-05-20T10:14:40.429+0000] {dagbag.py:539} INFO - Filling up the DagBag from /opt/airflow/dags/re_train.py
[2025-05-20T10:14:40.717+0000] {processor.py:841} WARNING - No viable dags retrieved from /opt/airflow/dags/re_train.py
[2025-05-20T10:14:40.862+0000] {processor.py:179} INFO - Processing /opt/airflow/dags/re_train.py took 0.465 seconds
[2025-05-20T10:15:11.076+0000] {processor.py:157} INFO - Started process (PID=1079) to work on /opt/airflow/dags/re_train.py
[2025-05-20T10:15:11.078+0000] {processor.py:829} INFO - Processing file /opt/airflow/dags/re_train.py for tasks to queue
[2025-05-20T10:15:11.079+0000] {logging_mixin.py:151} INFO - [2025-05-20T10:15:11.079+0000] {dagbag.py:539} INFO - Filling up the DagBag from /opt/airflow/dags/re_train.py
[2025-05-20T10:15:11.100+0000] {processor.py:841} WARNING - No viable dags retrieved from /opt/airflow/dags/re_train.py
[2025-05-20T10:15:11.129+0000] {processor.py:179} INFO - Processing /opt/airflow/dags/re_train.py took 0.060 seconds
[2025-05-20T10:15:41.235+0000] {processor.py:157} INFO - Started process (PID=1155) to work on /opt/airflow/dags/re_train.py
[2025-05-20T10:15:41.238+0000] {processor.py:829} INFO - Processing file /opt/airflow/dags/re_train.py for tasks to queue
[2025-05-20T10:15:41.240+0000] {logging_mixin.py:151} INFO - [2025-05-20T10:15:41.239+0000] {dagbag.py:539} INFO - Filling up the DagBag from /opt/airflow/dags/re_train.py
[2025-05-20T10:15:41.261+0000] {processor.py:841} WARNING - No viable dags retrieved from /opt/airflow/dags/re_train.py
[2025-05-20T10:15:41.293+0000] {processor.py:179} INFO - Processing /opt/airflow/dags/re_train.py took 0.071 seconds
[2025-05-20T10:16:11.978+0000] {processor.py:157} INFO - Started process (PID=1329) to work on /opt/airflow/dags/re_train.py
[2025-05-20T10:16:11.982+0000] {processor.py:829} INFO - Processing file /opt/airflow/dags/re_train.py for tasks to queue
[2025-05-20T10:16:11.985+0000] {logging_mixin.py:151} INFO - [2025-05-20T10:16:11.984+0000] {dagbag.py:539} INFO - Filling up the DagBag from /opt/airflow/dags/re_train.py
[2025-05-20T10:16:12.013+0000] {processor.py:841} WARNING - No viable dags retrieved from /opt/airflow/dags/re_train.py
[2025-05-20T10:16:12.049+0000] {processor.py:179} INFO - Processing /opt/airflow/dags/re_train.py took 0.079 seconds
[2025-05-20T10:16:42.506+0000] {processor.py:157} INFO - Started process (PID=1551) to work on /opt/airflow/dags/re_train.py
[2025-05-20T10:16:42.508+0000] {processor.py:829} INFO - Processing file /opt/airflow/dags/re_train.py for tasks to queue
[2025-05-20T10:16:42.511+0000] {logging_mixin.py:151} INFO - [2025-05-20T10:16:42.510+0000] {dagbag.py:539} INFO - Filling up the DagBag from /opt/airflow/dags/re_train.py
[2025-05-20T10:16:42.534+0000] {processor.py:841} WARNING - No viable dags retrieved from /opt/airflow/dags/re_train.py
[2025-05-20T10:16:42.602+0000] {processor.py:179} INFO - Processing /opt/airflow/dags/re_train.py took 0.103 seconds
[2025-05-20T10:17:12.957+0000] {processor.py:157} INFO - Started process (PID=1825) to work on /opt/airflow/dags/re_train.py
[2025-05-20T10:17:12.960+0000] {processor.py:829} INFO - Processing file /opt/airflow/dags/re_train.py for tasks to queue
[2025-05-20T10:17:12.962+0000] {logging_mixin.py:151} INFO - [2025-05-20T10:17:12.961+0000] {dagbag.py:539} INFO - Filling up the DagBag from /opt/airflow/dags/re_train.py
[2025-05-20T10:17:12.986+0000] {processor.py:841} WARNING - No viable dags retrieved from /opt/airflow/dags/re_train.py
[2025-05-20T10:17:13.022+0000] {processor.py:179} INFO - Processing /opt/airflow/dags/re_train.py took 0.071 seconds
[2025-05-20T10:17:43.541+0000] {processor.py:157} INFO - Started process (PID=2032) to work on /opt/airflow/dags/re_train.py
[2025-05-20T10:17:43.549+0000] {processor.py:829} INFO - Processing file /opt/airflow/dags/re_train.py for tasks to queue
[2025-05-20T10:17:43.551+0000] {logging_mixin.py:151} INFO - [2025-05-20T10:17:43.550+0000] {dagbag.py:539} INFO - Filling up the DagBag from /opt/airflow/dags/re_train.py
[2025-05-20T10:17:43.630+0000] {processor.py:841} WARNING - No viable dags retrieved from /opt/airflow/dags/re_train.py
[2025-05-20T10:17:43.673+0000] {processor.py:179} INFO - Processing /opt/airflow/dags/re_train.py took 0.138 seconds
[2025-05-20T10:18:14.065+0000] {processor.py:157} INFO - Started process (PID=2120) to work on /opt/airflow/dags/re_train.py
[2025-05-20T10:18:14.067+0000] {processor.py:829} INFO - Processing file /opt/airflow/dags/re_train.py for tasks to queue
[2025-05-20T10:18:14.081+0000] {logging_mixin.py:151} INFO - [2025-05-20T10:18:14.080+0000] {dagbag.py:539} INFO - Filling up the DagBag from /opt/airflow/dags/re_train.py
[2025-05-20T10:18:14.109+0000] {processor.py:841} WARNING - No viable dags retrieved from /opt/airflow/dags/re_train.py
[2025-05-20T10:18:14.136+0000] {processor.py:179} INFO - Processing /opt/airflow/dags/re_train.py took 0.079 seconds
[2025-05-20T10:18:44.665+0000] {processor.py:157} INFO - Started process (PID=2221) to work on /opt/airflow/dags/re_train.py
[2025-05-20T10:18:44.669+0000] {processor.py:829} INFO - Processing file /opt/airflow/dags/re_train.py for tasks to queue
[2025-05-20T10:18:44.674+0000] {logging_mixin.py:151} INFO - [2025-05-20T10:18:44.672+0000] {dagbag.py:539} INFO - Filling up the DagBag from /opt/airflow/dags/re_train.py
[2025-05-20T10:18:44.719+0000] {processor.py:841} WARNING - No viable dags retrieved from /opt/airflow/dags/re_train.py
[2025-05-20T10:18:44.753+0000] {processor.py:179} INFO - Processing /opt/airflow/dags/re_train.py took 0.097 seconds
[2025-05-20T10:19:15.570+0000] {processor.py:157} INFO - Started process (PID=2423) to work on /opt/airflow/dags/re_train.py
[2025-05-20T10:19:15.585+0000] {processor.py:829} INFO - Processing file /opt/airflow/dags/re_train.py for tasks to queue
[2025-05-20T10:19:15.589+0000] {logging_mixin.py:151} INFO - [2025-05-20T10:19:15.588+0000] {dagbag.py:539} INFO - Filling up the DagBag from /opt/airflow/dags/re_train.py
[2025-05-20T10:19:15.791+0000] {processor.py:841} WARNING - No viable dags retrieved from /opt/airflow/dags/re_train.py
[2025-05-20T10:19:15.834+0000] {processor.py:179} INFO - Processing /opt/airflow/dags/re_train.py took 0.274 seconds
[2025-05-20T10:19:45.950+0000] {processor.py:157} INFO - Started process (PID=2627) to work on /opt/airflow/dags/re_train.py
[2025-05-20T10:19:45.953+0000] {processor.py:829} INFO - Processing file /opt/airflow/dags/re_train.py for tasks to queue
[2025-05-20T10:19:45.954+0000] {logging_mixin.py:151} INFO - [2025-05-20T10:19:45.954+0000] {dagbag.py:539} INFO - Filling up the DagBag from /opt/airflow/dags/re_train.py
[2025-05-20T10:19:45.975+0000] {processor.py:841} WARNING - No viable dags retrieved from /opt/airflow/dags/re_train.py
[2025-05-20T10:19:46.004+0000] {processor.py:179} INFO - Processing /opt/airflow/dags/re_train.py took 0.060 seconds
[2025-05-20T10:20:18.393+0000] {processor.py:157} INFO - Started process (PID=2839) to work on /opt/airflow/dags/re_train.py
[2025-05-20T10:20:18.398+0000] {processor.py:829} INFO - Processing file /opt/airflow/dags/re_train.py for tasks to queue
[2025-05-20T10:20:18.401+0000] {logging_mixin.py:151} INFO - [2025-05-20T10:20:18.400+0000] {dagbag.py:539} INFO - Filling up the DagBag from /opt/airflow/dags/re_train.py
[2025-05-20T10:20:18.423+0000] {processor.py:841} WARNING - No viable dags retrieved from /opt/airflow/dags/re_train.py
[2025-05-20T10:20:18.470+0000] {processor.py:179} INFO - Processing /opt/airflow/dags/re_train.py took 0.087 seconds
[2025-05-20T10:20:48.781+0000] {processor.py:157} INFO - Started process (PID=2974) to work on /opt/airflow/dags/re_train.py
[2025-05-20T10:20:48.784+0000] {processor.py:829} INFO - Processing file /opt/airflow/dags/re_train.py for tasks to queue
[2025-05-20T10:20:48.787+0000] {logging_mixin.py:151} INFO - [2025-05-20T10:20:48.785+0000] {dagbag.py:539} INFO - Filling up the DagBag from /opt/airflow/dags/re_train.py
[2025-05-20T10:20:48.808+0000] {processor.py:841} WARNING - No viable dags retrieved from /opt/airflow/dags/re_train.py
[2025-05-20T10:20:48.841+0000] {processor.py:179} INFO - Processing /opt/airflow/dags/re_train.py took 0.069 seconds
[2025-05-20T10:21:10.334+0000] {processor.py:157} INFO - Started process (PID=176) to work on /opt/airflow/dags/re_train.py
[2025-05-20T10:21:10.339+0000] {processor.py:829} INFO - Processing file /opt/airflow/dags/re_train.py for tasks to queue
[2025-05-20T10:21:10.341+0000] {logging_mixin.py:151} INFO - [2025-05-20T10:21:10.341+0000] {dagbag.py:539} INFO - Filling up the DagBag from /opt/airflow/dags/re_train.py
[2025-05-20T10:21:10.358+0000] {processor.py:841} WARNING - No viable dags retrieved from /opt/airflow/dags/re_train.py
[2025-05-20T10:21:10.379+0000] {processor.py:179} INFO - Processing /opt/airflow/dags/re_train.py took 0.051 seconds
[2025-05-20T10:21:40.567+0000] {processor.py:157} INFO - Started process (PID=269) to work on /opt/airflow/dags/re_train.py
[2025-05-20T10:21:40.569+0000] {processor.py:829} INFO - Processing file /opt/airflow/dags/re_train.py for tasks to queue
[2025-05-20T10:21:40.570+0000] {logging_mixin.py:151} INFO - [2025-05-20T10:21:40.570+0000] {dagbag.py:539} INFO - Filling up the DagBag from /opt/airflow/dags/re_train.py
[2025-05-20T10:21:40.583+0000] {processor.py:841} WARNING - No viable dags retrieved from /opt/airflow/dags/re_train.py
[2025-05-20T10:21:40.605+0000] {processor.py:179} INFO - Processing /opt/airflow/dags/re_train.py took 0.045 seconds
[2025-05-20T10:22:11.037+0000] {processor.py:157} INFO - Started process (PID=308) to work on /opt/airflow/dags/re_train.py
[2025-05-20T10:22:11.043+0000] {processor.py:829} INFO - Processing file /opt/airflow/dags/re_train.py for tasks to queue
[2025-05-20T10:22:11.049+0000] {logging_mixin.py:151} INFO - [2025-05-20T10:22:11.049+0000] {dagbag.py:539} INFO - Filling up the DagBag from /opt/airflow/dags/re_train.py
[2025-05-20T10:22:11.074+0000] {processor.py:841} WARNING - No viable dags retrieved from /opt/airflow/dags/re_train.py
[2025-05-20T10:22:11.112+0000] {processor.py:179} INFO - Processing /opt/airflow/dags/re_train.py took 0.084 seconds
[2025-05-20T10:22:41.319+0000] {processor.py:157} INFO - Started process (PID=512) to work on /opt/airflow/dags/re_train.py
[2025-05-20T10:22:41.321+0000] {processor.py:829} INFO - Processing file /opt/airflow/dags/re_train.py for tasks to queue
[2025-05-20T10:22:41.323+0000] {logging_mixin.py:151} INFO - [2025-05-20T10:22:41.322+0000] {dagbag.py:539} INFO - Filling up the DagBag from /opt/airflow/dags/re_train.py
[2025-05-20T10:22:41.336+0000] {processor.py:841} WARNING - No viable dags retrieved from /opt/airflow/dags/re_train.py
[2025-05-20T10:22:41.361+0000] {processor.py:179} INFO - Processing /opt/airflow/dags/re_train.py took 0.049 seconds
[2025-05-20T10:23:12.269+0000] {processor.py:157} INFO - Started process (PID=724) to work on /opt/airflow/dags/re_train.py
[2025-05-20T10:23:12.273+0000] {processor.py:829} INFO - Processing file /opt/airflow/dags/re_train.py for tasks to queue
[2025-05-20T10:23:12.276+0000] {logging_mixin.py:151} INFO - [2025-05-20T10:23:12.275+0000] {dagbag.py:539} INFO - Filling up the DagBag from /opt/airflow/dags/re_train.py
[2025-05-20T10:23:12.305+0000] {processor.py:841} WARNING - No viable dags retrieved from /opt/airflow/dags/re_train.py
[2025-05-20T10:23:12.336+0000] {processor.py:179} INFO - Processing /opt/airflow/dags/re_train.py took 0.078 seconds
[2025-05-20T10:23:42.808+0000] {processor.py:157} INFO - Started process (PID=945) to work on /opt/airflow/dags/re_train.py
[2025-05-20T10:23:42.816+0000] {processor.py:829} INFO - Processing file /opt/airflow/dags/re_train.py for tasks to queue
[2025-05-20T10:23:42.818+0000] {logging_mixin.py:151} INFO - [2025-05-20T10:23:42.818+0000] {dagbag.py:539} INFO - Filling up the DagBag from /opt/airflow/dags/re_train.py
[2025-05-20T10:23:42.870+0000] {processor.py:841} WARNING - No viable dags retrieved from /opt/airflow/dags/re_train.py
[2025-05-20T10:23:42.907+0000] {processor.py:179} INFO - Processing /opt/airflow/dags/re_train.py took 0.107 seconds
[2025-05-20T10:24:13.591+0000] {processor.py:157} INFO - Started process (PID=1141) to work on /opt/airflow/dags/re_train.py
[2025-05-20T10:24:13.594+0000] {processor.py:829} INFO - Processing file /opt/airflow/dags/re_train.py for tasks to queue
[2025-05-20T10:24:13.597+0000] {logging_mixin.py:151} INFO - [2025-05-20T10:24:13.596+0000] {dagbag.py:539} INFO - Filling up the DagBag from /opt/airflow/dags/re_train.py
[2025-05-20T10:24:13.628+0000] {processor.py:841} WARNING - No viable dags retrieved from /opt/airflow/dags/re_train.py
[2025-05-20T10:24:13.682+0000] {processor.py:179} INFO - Processing /opt/airflow/dags/re_train.py took 0.101 seconds
[2025-05-20T10:24:43.764+0000] {processor.py:157} INFO - Started process (PID=1191) to work on /opt/airflow/dags/re_train.py
[2025-05-20T10:24:43.765+0000] {processor.py:829} INFO - Processing file /opt/airflow/dags/re_train.py for tasks to queue
[2025-05-20T10:24:43.766+0000] {logging_mixin.py:151} INFO - [2025-05-20T10:24:43.766+0000] {dagbag.py:539} INFO - Filling up the DagBag from /opt/airflow/dags/re_train.py
[2025-05-20T10:24:43.783+0000] {processor.py:841} WARNING - No viable dags retrieved from /opt/airflow/dags/re_train.py
[2025-05-20T10:24:43.800+0000] {processor.py:179} INFO - Processing /opt/airflow/dags/re_train.py took 0.039 seconds
[2025-05-20T10:25:14.555+0000] {processor.py:157} INFO - Started process (PID=1207) to work on /opt/airflow/dags/re_train.py
[2025-05-20T10:25:14.558+0000] {processor.py:829} INFO - Processing file /opt/airflow/dags/re_train.py for tasks to queue
[2025-05-20T10:25:14.560+0000] {logging_mixin.py:151} INFO - [2025-05-20T10:25:14.559+0000] {dagbag.py:539} INFO - Filling up the DagBag from /opt/airflow/dags/re_train.py
[2025-05-20T10:25:14.578+0000] {processor.py:841} WARNING - No viable dags retrieved from /opt/airflow/dags/re_train.py
[2025-05-20T10:25:14.601+0000] {processor.py:179} INFO - Processing /opt/airflow/dags/re_train.py took 0.051 seconds
[2025-05-20T10:25:44.804+0000] {processor.py:157} INFO - Started process (PID=1223) to work on /opt/airflow/dags/re_train.py
[2025-05-20T10:25:44.805+0000] {processor.py:829} INFO - Processing file /opt/airflow/dags/re_train.py for tasks to queue
[2025-05-20T10:25:44.806+0000] {logging_mixin.py:151} INFO - [2025-05-20T10:25:44.806+0000] {dagbag.py:539} INFO - Filling up the DagBag from /opt/airflow/dags/re_train.py
[2025-05-20T10:25:44.815+0000] {processor.py:841} WARNING - No viable dags retrieved from /opt/airflow/dags/re_train.py
[2025-05-20T10:25:44.832+0000] {processor.py:179} INFO - Processing /opt/airflow/dags/re_train.py took 0.033 seconds
[2025-05-20T10:26:15.060+0000] {processor.py:157} INFO - Started process (PID=1239) to work on /opt/airflow/dags/re_train.py
[2025-05-20T10:26:15.064+0000] {processor.py:829} INFO - Processing file /opt/airflow/dags/re_train.py for tasks to queue
[2025-05-20T10:26:15.066+0000] {logging_mixin.py:151} INFO - [2025-05-20T10:26:15.066+0000] {dagbag.py:539} INFO - Filling up the DagBag from /opt/airflow/dags/re_train.py
[2025-05-20T10:26:15.084+0000] {processor.py:841} WARNING - No viable dags retrieved from /opt/airflow/dags/re_train.py
[2025-05-20T10:26:15.108+0000] {processor.py:179} INFO - Processing /opt/airflow/dags/re_train.py took 0.055 seconds
[2025-05-20T10:26:45.352+0000] {processor.py:157} INFO - Started process (PID=1255) to work on /opt/airflow/dags/re_train.py
[2025-05-20T10:26:45.354+0000] {processor.py:829} INFO - Processing file /opt/airflow/dags/re_train.py for tasks to queue
[2025-05-20T10:26:45.355+0000] {logging_mixin.py:151} INFO - [2025-05-20T10:26:45.355+0000] {dagbag.py:539} INFO - Filling up the DagBag from /opt/airflow/dags/re_train.py
[2025-05-20T10:26:45.368+0000] {processor.py:841} WARNING - No viable dags retrieved from /opt/airflow/dags/re_train.py
[2025-05-20T10:26:45.390+0000] {processor.py:179} INFO - Processing /opt/airflow/dags/re_train.py took 0.042 seconds
[2025-05-20T10:27:15.509+0000] {processor.py:157} INFO - Started process (PID=1271) to work on /opt/airflow/dags/re_train.py
[2025-05-20T10:27:15.511+0000] {processor.py:829} INFO - Processing file /opt/airflow/dags/re_train.py for tasks to queue
[2025-05-20T10:27:15.512+0000] {logging_mixin.py:151} INFO - [2025-05-20T10:27:15.511+0000] {dagbag.py:539} INFO - Filling up the DagBag from /opt/airflow/dags/re_train.py
[2025-05-20T10:27:15.524+0000] {processor.py:841} WARNING - No viable dags retrieved from /opt/airflow/dags/re_train.py
[2025-05-20T10:27:15.542+0000] {processor.py:179} INFO - Processing /opt/airflow/dags/re_train.py took 0.037 seconds
[2025-05-20T10:27:46.143+0000] {processor.py:157} INFO - Started process (PID=1287) to work on /opt/airflow/dags/re_train.py
[2025-05-20T10:27:46.145+0000] {processor.py:829} INFO - Processing file /opt/airflow/dags/re_train.py for tasks to queue
[2025-05-20T10:27:46.146+0000] {logging_mixin.py:151} INFO - [2025-05-20T10:27:46.146+0000] {dagbag.py:539} INFO - Filling up the DagBag from /opt/airflow/dags/re_train.py
[2025-05-20T10:27:46.160+0000] {processor.py:841} WARNING - No viable dags retrieved from /opt/airflow/dags/re_train.py
[2025-05-20T10:27:46.178+0000] {processor.py:179} INFO - Processing /opt/airflow/dags/re_train.py took 0.039 seconds
[2025-05-20T10:28:16.523+0000] {processor.py:157} INFO - Started process (PID=1309) to work on /opt/airflow/dags/re_train.py
[2025-05-20T10:28:16.526+0000] {processor.py:829} INFO - Processing file /opt/airflow/dags/re_train.py for tasks to queue
[2025-05-20T10:28:16.528+0000] {logging_mixin.py:151} INFO - [2025-05-20T10:28:16.528+0000] {dagbag.py:539} INFO - Filling up the DagBag from /opt/airflow/dags/re_train.py
[2025-05-20T10:28:16.567+0000] {processor.py:841} WARNING - No viable dags retrieved from /opt/airflow/dags/re_train.py
[2025-05-20T10:28:16.609+0000] {processor.py:179} INFO - Processing /opt/airflow/dags/re_train.py took 0.093 seconds
[2025-05-20T10:29:26.694+0000] {processor.py:157} INFO - Started process (PID=176) to work on /opt/airflow/dags/re_train.py
[2025-05-20T10:29:26.699+0000] {processor.py:829} INFO - Processing file /opt/airflow/dags/re_train.py for tasks to queue
[2025-05-20T10:29:26.706+0000] {logging_mixin.py:151} INFO - [2025-05-20T10:29:26.705+0000] {dagbag.py:539} INFO - Filling up the DagBag from /opt/airflow/dags/re_train.py
[2025-05-20T10:29:26.729+0000] {processor.py:841} WARNING - No viable dags retrieved from /opt/airflow/dags/re_train.py
[2025-05-20T10:29:26.768+0000] {processor.py:179} INFO - Processing /opt/airflow/dags/re_train.py took 0.079 seconds
[2025-05-20T10:29:57.198+0000] {processor.py:157} INFO - Started process (PID=186) to work on /opt/airflow/dags/re_train.py
[2025-05-20T10:29:57.209+0000] {processor.py:829} INFO - Processing file /opt/airflow/dags/re_train.py for tasks to queue
[2025-05-20T10:29:57.214+0000] {logging_mixin.py:151} INFO - [2025-05-20T10:29:57.213+0000] {dagbag.py:539} INFO - Filling up the DagBag from /opt/airflow/dags/re_train.py
[2025-05-20T10:29:57.241+0000] {processor.py:841} WARNING - No viable dags retrieved from /opt/airflow/dags/re_train.py
[2025-05-20T10:29:57.283+0000] {processor.py:179} INFO - Processing /opt/airflow/dags/re_train.py took 0.096 seconds
[2025-05-20T10:30:27.588+0000] {processor.py:157} INFO - Started process (PID=199) to work on /opt/airflow/dags/re_train.py
[2025-05-20T10:30:27.589+0000] {processor.py:829} INFO - Processing file /opt/airflow/dags/re_train.py for tasks to queue
[2025-05-20T10:30:27.590+0000] {logging_mixin.py:151} INFO - [2025-05-20T10:30:27.590+0000] {dagbag.py:539} INFO - Filling up the DagBag from /opt/airflow/dags/re_train.py
[2025-05-20T10:30:27.600+0000] {processor.py:841} WARNING - No viable dags retrieved from /opt/airflow/dags/re_train.py
[2025-05-20T10:30:27.616+0000] {processor.py:179} INFO - Processing /opt/airflow/dags/re_train.py took 0.034 seconds
[2025-05-20T10:30:57.866+0000] {processor.py:157} INFO - Started process (PID=215) to work on /opt/airflow/dags/re_train.py
[2025-05-20T10:30:57.868+0000] {processor.py:829} INFO - Processing file /opt/airflow/dags/re_train.py for tasks to queue
[2025-05-20T10:30:57.869+0000] {logging_mixin.py:151} INFO - [2025-05-20T10:30:57.868+0000] {dagbag.py:539} INFO - Filling up the DagBag from /opt/airflow/dags/re_train.py
[2025-05-20T10:30:57.879+0000] {processor.py:841} WARNING - No viable dags retrieved from /opt/airflow/dags/re_train.py
[2025-05-20T10:30:57.894+0000] {processor.py:179} INFO - Processing /opt/airflow/dags/re_train.py took 0.032 seconds
[2025-05-20T10:31:28.185+0000] {processor.py:157} INFO - Started process (PID=231) to work on /opt/airflow/dags/re_train.py
[2025-05-20T10:31:28.186+0000] {processor.py:829} INFO - Processing file /opt/airflow/dags/re_train.py for tasks to queue
[2025-05-20T10:31:28.187+0000] {logging_mixin.py:151} INFO - [2025-05-20T10:31:28.187+0000] {dagbag.py:539} INFO - Filling up the DagBag from /opt/airflow/dags/re_train.py
[2025-05-20T10:31:28.200+0000] {processor.py:841} WARNING - No viable dags retrieved from /opt/airflow/dags/re_train.py
[2025-05-20T10:31:28.215+0000] {processor.py:179} INFO - Processing /opt/airflow/dags/re_train.py took 0.035 seconds
[2025-05-20T10:31:58.470+0000] {processor.py:157} INFO - Started process (PID=326) to work on /opt/airflow/dags/re_train.py
[2025-05-20T10:31:58.471+0000] {processor.py:829} INFO - Processing file /opt/airflow/dags/re_train.py for tasks to queue
[2025-05-20T10:31:58.472+0000] {logging_mixin.py:151} INFO - [2025-05-20T10:31:58.472+0000] {dagbag.py:539} INFO - Filling up the DagBag from /opt/airflow/dags/re_train.py
[2025-05-20T10:31:58.489+0000] {processor.py:841} WARNING - No viable dags retrieved from /opt/airflow/dags/re_train.py
[2025-05-20T10:31:58.508+0000] {processor.py:179} INFO - Processing /opt/airflow/dags/re_train.py took 0.043 seconds
[2025-05-20T10:37:51.862+0000] {processor.py:157} INFO - Started process (PID=176) to work on /opt/airflow/dags/re_train.py
[2025-05-20T10:37:51.871+0000] {processor.py:829} INFO - Processing file /opt/airflow/dags/re_train.py for tasks to queue
[2025-05-20T10:37:51.879+0000] {logging_mixin.py:151} INFO - [2025-05-20T10:37:51.878+0000] {dagbag.py:539} INFO - Filling up the DagBag from /opt/airflow/dags/re_train.py
[2025-05-20T10:37:51.927+0000] {processor.py:841} WARNING - No viable dags retrieved from /opt/airflow/dags/re_train.py
[2025-05-20T10:37:51.974+0000] {processor.py:179} INFO - Processing /opt/airflow/dags/re_train.py took 0.121 seconds
[2025-05-20T10:38:22.312+0000] {processor.py:157} INFO - Started process (PID=223) to work on /opt/airflow/dags/re_train.py
[2025-05-20T10:38:22.315+0000] {processor.py:829} INFO - Processing file /opt/airflow/dags/re_train.py for tasks to queue
[2025-05-20T10:38:22.321+0000] {logging_mixin.py:151} INFO - [2025-05-20T10:38:22.319+0000] {dagbag.py:539} INFO - Filling up the DagBag from /opt/airflow/dags/re_train.py
[2025-05-20T10:38:22.346+0000] {processor.py:841} WARNING - No viable dags retrieved from /opt/airflow/dags/re_train.py
[2025-05-20T10:38:22.381+0000] {processor.py:179} INFO - Processing /opt/airflow/dags/re_train.py took 0.075 seconds
[2025-05-20T10:38:52.989+0000] {processor.py:157} INFO - Started process (PID=256) to work on /opt/airflow/dags/re_train.py
[2025-05-20T10:38:52.991+0000] {processor.py:829} INFO - Processing file /opt/airflow/dags/re_train.py for tasks to queue
[2025-05-20T10:38:52.993+0000] {logging_mixin.py:151} INFO - [2025-05-20T10:38:52.992+0000] {dagbag.py:539} INFO - Filling up the DagBag from /opt/airflow/dags/re_train.py
[2025-05-20T10:38:53.063+0000] {processor.py:841} WARNING - No viable dags retrieved from /opt/airflow/dags/re_train.py
[2025-05-20T10:38:53.126+0000] {processor.py:179} INFO - Processing /opt/airflow/dags/re_train.py took 0.147 seconds
[2025-05-20T10:39:24.092+0000] {processor.py:157} INFO - Started process (PID=333) to work on /opt/airflow/dags/re_train.py
[2025-05-20T10:39:24.094+0000] {processor.py:829} INFO - Processing file /opt/airflow/dags/re_train.py for tasks to queue
[2025-05-20T10:39:24.096+0000] {logging_mixin.py:151} INFO - [2025-05-20T10:39:24.095+0000] {dagbag.py:539} INFO - Filling up the DagBag from /opt/airflow/dags/re_train.py
[2025-05-20T10:39:24.117+0000] {processor.py:841} WARNING - No viable dags retrieved from /opt/airflow/dags/re_train.py
[2025-05-20T10:39:24.147+0000] {processor.py:179} INFO - Processing /opt/airflow/dags/re_train.py took 0.063 seconds
[2025-05-20T10:39:54.385+0000] {processor.py:157} INFO - Started process (PID=388) to work on /opt/airflow/dags/re_train.py
[2025-05-20T10:39:54.390+0000] {processor.py:829} INFO - Processing file /opt/airflow/dags/re_train.py for tasks to queue
[2025-05-20T10:39:54.392+0000] {logging_mixin.py:151} INFO - [2025-05-20T10:39:54.392+0000] {dagbag.py:539} INFO - Filling up the DagBag from /opt/airflow/dags/re_train.py
[2025-05-20T10:39:54.426+0000] {processor.py:841} WARNING - No viable dags retrieved from /opt/airflow/dags/re_train.py
[2025-05-20T10:39:54.482+0000] {processor.py:179} INFO - Processing /opt/airflow/dags/re_train.py took 0.110 seconds
[2025-05-20T10:40:24.948+0000] {processor.py:157} INFO - Started process (PID=437) to work on /opt/airflow/dags/re_train.py
[2025-05-20T10:40:24.950+0000] {processor.py:829} INFO - Processing file /opt/airflow/dags/re_train.py for tasks to queue
[2025-05-20T10:40:24.951+0000] {logging_mixin.py:151} INFO - [2025-05-20T10:40:24.951+0000] {dagbag.py:539} INFO - Filling up the DagBag from /opt/airflow/dags/re_train.py
[2025-05-20T10:40:24.963+0000] {processor.py:841} WARNING - No viable dags retrieved from /opt/airflow/dags/re_train.py
[2025-05-20T10:40:24.983+0000] {processor.py:179} INFO - Processing /opt/airflow/dags/re_train.py took 0.039 seconds
[2025-05-20T10:40:55.422+0000] {processor.py:157} INFO - Started process (PID=523) to work on /opt/airflow/dags/re_train.py
[2025-05-20T10:40:55.428+0000] {processor.py:829} INFO - Processing file /opt/airflow/dags/re_train.py for tasks to queue
[2025-05-20T10:40:55.431+0000] {logging_mixin.py:151} INFO - [2025-05-20T10:40:55.431+0000] {dagbag.py:539} INFO - Filling up the DagBag from /opt/airflow/dags/re_train.py
[2025-05-20T10:40:55.547+0000] {processor.py:841} WARNING - No viable dags retrieved from /opt/airflow/dags/re_train.py
[2025-05-20T10:40:55.605+0000] {processor.py:179} INFO - Processing /opt/airflow/dags/re_train.py took 0.189 seconds
[2025-05-20T10:41:26.111+0000] {processor.py:157} INFO - Started process (PID=544) to work on /opt/airflow/dags/re_train.py
[2025-05-20T10:41:26.112+0000] {processor.py:829} INFO - Processing file /opt/airflow/dags/re_train.py for tasks to queue
[2025-05-20T10:41:26.113+0000] {logging_mixin.py:151} INFO - [2025-05-20T10:41:26.113+0000] {dagbag.py:539} INFO - Filling up the DagBag from /opt/airflow/dags/re_train.py
[2025-05-20T10:41:26.126+0000] {processor.py:841} WARNING - No viable dags retrieved from /opt/airflow/dags/re_train.py
[2025-05-20T10:41:26.148+0000] {processor.py:179} INFO - Processing /opt/airflow/dags/re_train.py took 0.041 seconds
[2025-05-20T10:42:42.228+0000] {processor.py:157} INFO - Started process (PID=177) to work on /opt/airflow/dags/re_train.py
[2025-05-20T10:42:42.231+0000] {processor.py:829} INFO - Processing file /opt/airflow/dags/re_train.py for tasks to queue
[2025-05-20T10:42:42.234+0000] {logging_mixin.py:151} INFO - [2025-05-20T10:42:42.233+0000] {dagbag.py:539} INFO - Filling up the DagBag from /opt/airflow/dags/re_train.py
[2025-05-20T10:42:42.394+0000] {processor.py:841} WARNING - No viable dags retrieved from /opt/airflow/dags/re_train.py
[2025-05-20T10:42:42.458+0000] {processor.py:179} INFO - Processing /opt/airflow/dags/re_train.py took 0.248 seconds
[2025-05-20T10:43:12.996+0000] {processor.py:157} INFO - Started process (PID=270) to work on /opt/airflow/dags/re_train.py
[2025-05-20T10:43:12.998+0000] {processor.py:829} INFO - Processing file /opt/airflow/dags/re_train.py for tasks to queue
[2025-05-20T10:43:13.000+0000] {logging_mixin.py:151} INFO - [2025-05-20T10:43:13.000+0000] {dagbag.py:539} INFO - Filling up the DagBag from /opt/airflow/dags/re_train.py
[2025-05-20T10:43:13.016+0000] {processor.py:841} WARNING - No viable dags retrieved from /opt/airflow/dags/re_train.py
[2025-05-20T10:43:13.050+0000] {processor.py:179} INFO - Processing /opt/airflow/dags/re_train.py took 0.061 seconds
[2025-05-20T10:43:43.311+0000] {processor.py:157} INFO - Started process (PID=292) to work on /opt/airflow/dags/re_train.py
[2025-05-20T10:43:43.315+0000] {processor.py:829} INFO - Processing file /opt/airflow/dags/re_train.py for tasks to queue
[2025-05-20T10:43:43.318+0000] {logging_mixin.py:151} INFO - [2025-05-20T10:43:43.317+0000] {dagbag.py:539} INFO - Filling up the DagBag from /opt/airflow/dags/re_train.py
[2025-05-20T10:43:43.334+0000] {processor.py:841} WARNING - No viable dags retrieved from /opt/airflow/dags/re_train.py
[2025-05-20T10:43:43.361+0000] {processor.py:179} INFO - Processing /opt/airflow/dags/re_train.py took 0.059 seconds
[2025-05-20T10:44:13.598+0000] {processor.py:157} INFO - Started process (PID=377) to work on /opt/airflow/dags/re_train.py
[2025-05-20T10:44:13.600+0000] {processor.py:829} INFO - Processing file /opt/airflow/dags/re_train.py for tasks to queue
[2025-05-20T10:44:13.601+0000] {logging_mixin.py:151} INFO - [2025-05-20T10:44:13.601+0000] {dagbag.py:539} INFO - Filling up the DagBag from /opt/airflow/dags/re_train.py
[2025-05-20T10:44:13.614+0000] {processor.py:841} WARNING - No viable dags retrieved from /opt/airflow/dags/re_train.py
[2025-05-20T10:44:13.630+0000] {processor.py:179} INFO - Processing /opt/airflow/dags/re_train.py took 0.036 seconds
[2025-05-20T10:44:43.921+0000] {processor.py:157} INFO - Started process (PID=445) to work on /opt/airflow/dags/re_train.py
[2025-05-20T10:44:43.924+0000] {processor.py:829} INFO - Processing file /opt/airflow/dags/re_train.py for tasks to queue
[2025-05-20T10:44:43.927+0000] {logging_mixin.py:151} INFO - [2025-05-20T10:44:43.926+0000] {dagbag.py:539} INFO - Filling up the DagBag from /opt/airflow/dags/re_train.py
[2025-05-20T10:44:43.954+0000] {processor.py:841} WARNING - No viable dags retrieved from /opt/airflow/dags/re_train.py
[2025-05-20T10:44:43.986+0000] {processor.py:179} INFO - Processing /opt/airflow/dags/re_train.py took 0.073 seconds
[2025-05-20T10:45:14.150+0000] {processor.py:157} INFO - Started process (PID=564) to work on /opt/airflow/dags/re_train.py
[2025-05-20T10:45:14.157+0000] {processor.py:829} INFO - Processing file /opt/airflow/dags/re_train.py for tasks to queue
[2025-05-20T10:45:14.204+0000] {logging_mixin.py:151} INFO - [2025-05-20T10:45:14.190+0000] {dagbag.py:539} INFO - Filling up the DagBag from /opt/airflow/dags/re_train.py
[2025-05-20T10:45:14.415+0000] {processor.py:841} WARNING - No viable dags retrieved from /opt/airflow/dags/re_train.py
[2025-05-20T10:45:14.620+0000] {processor.py:179} INFO - Processing /opt/airflow/dags/re_train.py took 0.490 seconds
[2025-05-20T10:45:45.455+0000] {processor.py:157} INFO - Started process (PID=793) to work on /opt/airflow/dags/re_train.py
[2025-05-20T10:45:45.466+0000] {processor.py:829} INFO - Processing file /opt/airflow/dags/re_train.py for tasks to queue
[2025-05-20T10:45:45.470+0000] {logging_mixin.py:151} INFO - [2025-05-20T10:45:45.469+0000] {dagbag.py:539} INFO - Filling up the DagBag from /opt/airflow/dags/re_train.py
[2025-05-20T10:45:45.550+0000] {processor.py:841} WARNING - No viable dags retrieved from /opt/airflow/dags/re_train.py
[2025-05-20T10:45:45.704+0000] {processor.py:179} INFO - Processing /opt/airflow/dags/re_train.py took 0.257 seconds
[2025-05-20T10:46:16.347+0000] {processor.py:157} INFO - Started process (PID=991) to work on /opt/airflow/dags/re_train.py
[2025-05-20T10:46:16.349+0000] {processor.py:829} INFO - Processing file /opt/airflow/dags/re_train.py for tasks to queue
[2025-05-20T10:46:16.354+0000] {logging_mixin.py:151} INFO - [2025-05-20T10:46:16.353+0000] {dagbag.py:539} INFO - Filling up the DagBag from /opt/airflow/dags/re_train.py
[2025-05-20T10:46:16.401+0000] {processor.py:841} WARNING - No viable dags retrieved from /opt/airflow/dags/re_train.py
[2025-05-20T10:46:16.453+0000] {processor.py:179} INFO - Processing /opt/airflow/dags/re_train.py took 0.107 seconds
[2025-05-20T10:46:46.819+0000] {processor.py:157} INFO - Started process (PID=1235) to work on /opt/airflow/dags/re_train.py
[2025-05-20T10:46:46.821+0000] {processor.py:829} INFO - Processing file /opt/airflow/dags/re_train.py for tasks to queue
[2025-05-20T10:46:46.824+0000] {logging_mixin.py:151} INFO - [2025-05-20T10:46:46.823+0000] {dagbag.py:539} INFO - Filling up the DagBag from /opt/airflow/dags/re_train.py
[2025-05-20T10:46:46.854+0000] {processor.py:841} WARNING - No viable dags retrieved from /opt/airflow/dags/re_train.py
[2025-05-20T10:46:46.896+0000] {processor.py:179} INFO - Processing /opt/airflow/dags/re_train.py took 0.090 seconds
[2025-05-20T10:47:17.363+0000] {processor.py:157} INFO - Started process (PID=1357) to work on /opt/airflow/dags/re_train.py
[2025-05-20T10:47:17.365+0000] {processor.py:829} INFO - Processing file /opt/airflow/dags/re_train.py for tasks to queue
[2025-05-20T10:47:17.367+0000] {logging_mixin.py:151} INFO - [2025-05-20T10:47:17.366+0000] {dagbag.py:539} INFO - Filling up the DagBag from /opt/airflow/dags/re_train.py
[2025-05-20T10:47:17.379+0000] {processor.py:841} WARNING - No viable dags retrieved from /opt/airflow/dags/re_train.py
[2025-05-20T10:47:17.411+0000] {processor.py:179} INFO - Processing /opt/airflow/dags/re_train.py took 0.052 seconds
[2025-05-20T10:47:47.689+0000] {processor.py:157} INFO - Started process (PID=1452) to work on /opt/airflow/dags/re_train.py
[2025-05-20T10:47:47.691+0000] {processor.py:829} INFO - Processing file /opt/airflow/dags/re_train.py for tasks to queue
[2025-05-20T10:47:47.693+0000] {logging_mixin.py:151} INFO - [2025-05-20T10:47:47.693+0000] {dagbag.py:539} INFO - Filling up the DagBag from /opt/airflow/dags/re_train.py
[2025-05-20T10:47:47.714+0000] {processor.py:841} WARNING - No viable dags retrieved from /opt/airflow/dags/re_train.py
[2025-05-20T10:47:47.741+0000] {processor.py:179} INFO - Processing /opt/airflow/dags/re_train.py took 0.058 seconds
[2025-05-20T10:48:17.994+0000] {processor.py:157} INFO - Started process (PID=1465) to work on /opt/airflow/dags/re_train.py
[2025-05-20T10:48:17.995+0000] {processor.py:829} INFO - Processing file /opt/airflow/dags/re_train.py for tasks to queue
[2025-05-20T10:48:17.997+0000] {logging_mixin.py:151} INFO - [2025-05-20T10:48:17.997+0000] {dagbag.py:539} INFO - Filling up the DagBag from /opt/airflow/dags/re_train.py
[2025-05-20T10:48:18.016+0000] {processor.py:841} WARNING - No viable dags retrieved from /opt/airflow/dags/re_train.py
[2025-05-20T10:48:18.040+0000] {processor.py:179} INFO - Processing /opt/airflow/dags/re_train.py took 0.051 seconds
[2025-05-20T10:48:48.370+0000] {processor.py:157} INFO - Started process (PID=1567) to work on /opt/airflow/dags/re_train.py
[2025-05-20T10:48:48.371+0000] {processor.py:829} INFO - Processing file /opt/airflow/dags/re_train.py for tasks to queue
[2025-05-20T10:48:48.372+0000] {logging_mixin.py:151} INFO - [2025-05-20T10:48:48.372+0000] {dagbag.py:539} INFO - Filling up the DagBag from /opt/airflow/dags/re_train.py
[2025-05-20T10:48:48.387+0000] {processor.py:841} WARNING - No viable dags retrieved from /opt/airflow/dags/re_train.py
[2025-05-20T10:48:48.404+0000] {processor.py:179} INFO - Processing /opt/airflow/dags/re_train.py took 0.039 seconds
[2025-05-20T10:49:18.624+0000] {processor.py:157} INFO - Started process (PID=1592) to work on /opt/airflow/dags/re_train.py
[2025-05-20T10:49:18.626+0000] {processor.py:829} INFO - Processing file /opt/airflow/dags/re_train.py for tasks to queue
[2025-05-20T10:49:18.627+0000] {logging_mixin.py:151} INFO - [2025-05-20T10:49:18.627+0000] {dagbag.py:539} INFO - Filling up the DagBag from /opt/airflow/dags/re_train.py
[2025-05-20T10:49:18.646+0000] {processor.py:841} WARNING - No viable dags retrieved from /opt/airflow/dags/re_train.py
[2025-05-20T10:49:18.662+0000] {processor.py:179} INFO - Processing /opt/airflow/dags/re_train.py took 0.042 seconds
[2025-05-20T10:49:49.435+0000] {processor.py:157} INFO - Started process (PID=1676) to work on /opt/airflow/dags/re_train.py
[2025-05-20T10:49:49.436+0000] {processor.py:829} INFO - Processing file /opt/airflow/dags/re_train.py for tasks to queue
[2025-05-20T10:49:49.437+0000] {logging_mixin.py:151} INFO - [2025-05-20T10:49:49.437+0000] {dagbag.py:539} INFO - Filling up the DagBag from /opt/airflow/dags/re_train.py
[2025-05-20T10:49:49.449+0000] {processor.py:841} WARNING - No viable dags retrieved from /opt/airflow/dags/re_train.py
[2025-05-20T10:49:49.467+0000] {processor.py:179} INFO - Processing /opt/airflow/dags/re_train.py took 0.036 seconds
[2025-05-20T10:51:17.512+0000] {processor.py:157} INFO - Started process (PID=176) to work on /opt/airflow/dags/re_train.py
[2025-05-20T10:51:17.516+0000] {processor.py:829} INFO - Processing file /opt/airflow/dags/re_train.py for tasks to queue
[2025-05-20T10:51:17.521+0000] {logging_mixin.py:151} INFO - [2025-05-20T10:51:17.521+0000] {dagbag.py:539} INFO - Filling up the DagBag from /opt/airflow/dags/re_train.py
[2025-05-20T10:51:17.596+0000] {processor.py:841} WARNING - No viable dags retrieved from /opt/airflow/dags/re_train.py
[2025-05-20T10:51:17.672+0000] {processor.py:179} INFO - Processing /opt/airflow/dags/re_train.py took 0.180 seconds
[2025-05-20T10:51:47.833+0000] {processor.py:157} INFO - Started process (PID=255) to work on /opt/airflow/dags/re_train.py
[2025-05-20T10:51:47.835+0000] {processor.py:829} INFO - Processing file /opt/airflow/dags/re_train.py for tasks to queue
[2025-05-20T10:51:47.837+0000] {logging_mixin.py:151} INFO - [2025-05-20T10:51:47.837+0000] {dagbag.py:539} INFO - Filling up the DagBag from /opt/airflow/dags/re_train.py
[2025-05-20T10:51:47.854+0000] {processor.py:841} WARNING - No viable dags retrieved from /opt/airflow/dags/re_train.py
[2025-05-20T10:51:47.882+0000] {processor.py:179} INFO - Processing /opt/airflow/dags/re_train.py took 0.057 seconds
[2025-05-20T10:52:18.189+0000] {processor.py:157} INFO - Started process (PID=287) to work on /opt/airflow/dags/re_train.py
[2025-05-20T10:52:18.191+0000] {processor.py:829} INFO - Processing file /opt/airflow/dags/re_train.py for tasks to queue
[2025-05-20T10:52:18.194+0000] {logging_mixin.py:151} INFO - [2025-05-20T10:52:18.193+0000] {dagbag.py:539} INFO - Filling up the DagBag from /opt/airflow/dags/re_train.py
[2025-05-20T10:52:18.212+0000] {processor.py:841} WARNING - No viable dags retrieved from /opt/airflow/dags/re_train.py
[2025-05-20T10:52:18.255+0000] {processor.py:179} INFO - Processing /opt/airflow/dags/re_train.py took 0.071 seconds
[2025-05-20T10:52:48.460+0000] {processor.py:157} INFO - Started process (PID=359) to work on /opt/airflow/dags/re_train.py
[2025-05-20T10:52:48.462+0000] {processor.py:829} INFO - Processing file /opt/airflow/dags/re_train.py for tasks to queue
[2025-05-20T10:52:48.463+0000] {logging_mixin.py:151} INFO - [2025-05-20T10:52:48.463+0000] {dagbag.py:539} INFO - Filling up the DagBag from /opt/airflow/dags/re_train.py
[2025-05-20T10:52:48.478+0000] {processor.py:841} WARNING - No viable dags retrieved from /opt/airflow/dags/re_train.py
[2025-05-20T10:52:48.497+0000] {processor.py:179} INFO - Processing /opt/airflow/dags/re_train.py took 0.040 seconds
[2025-05-20T10:53:18.754+0000] {processor.py:157} INFO - Started process (PID=425) to work on /opt/airflow/dags/re_train.py
[2025-05-20T10:53:18.755+0000] {processor.py:829} INFO - Processing file /opt/airflow/dags/re_train.py for tasks to queue
[2025-05-20T10:53:18.756+0000] {logging_mixin.py:151} INFO - [2025-05-20T10:53:18.756+0000] {dagbag.py:539} INFO - Filling up the DagBag from /opt/airflow/dags/re_train.py
[2025-05-20T10:53:18.769+0000] {processor.py:841} WARNING - No viable dags retrieved from /opt/airflow/dags/re_train.py
[2025-05-20T10:53:18.785+0000] {processor.py:179} INFO - Processing /opt/airflow/dags/re_train.py took 0.035 seconds
[2025-05-20T10:53:48.997+0000] {processor.py:157} INFO - Started process (PID=468) to work on /opt/airflow/dags/re_train.py
[2025-05-20T10:53:48.999+0000] {processor.py:829} INFO - Processing file /opt/airflow/dags/re_train.py for tasks to queue
[2025-05-20T10:53:49.001+0000] {logging_mixin.py:151} INFO - [2025-05-20T10:53:49.001+0000] {dagbag.py:539} INFO - Filling up the DagBag from /opt/airflow/dags/re_train.py
[2025-05-20T10:53:49.021+0000] {processor.py:841} WARNING - No viable dags retrieved from /opt/airflow/dags/re_train.py
[2025-05-20T10:53:49.046+0000] {processor.py:179} INFO - Processing /opt/airflow/dags/re_train.py took 0.054 seconds
[2025-05-20T10:54:19.852+0000] {processor.py:157} INFO - Started process (PID=568) to work on /opt/airflow/dags/re_train.py
[2025-05-20T10:54:19.854+0000] {processor.py:829} INFO - Processing file /opt/airflow/dags/re_train.py for tasks to queue
[2025-05-20T10:54:19.855+0000] {logging_mixin.py:151} INFO - [2025-05-20T10:54:19.854+0000] {dagbag.py:539} INFO - Filling up the DagBag from /opt/airflow/dags/re_train.py
[2025-05-20T10:54:19.868+0000] {processor.py:841} WARNING - No viable dags retrieved from /opt/airflow/dags/re_train.py
[2025-05-20T10:54:19.886+0000] {processor.py:179} INFO - Processing /opt/airflow/dags/re_train.py took 0.037 seconds
[2025-05-20T10:54:50.274+0000] {processor.py:157} INFO - Started process (PID=613) to work on /opt/airflow/dags/re_train.py
[2025-05-20T10:54:50.275+0000] {processor.py:829} INFO - Processing file /opt/airflow/dags/re_train.py for tasks to queue
[2025-05-20T10:54:50.277+0000] {logging_mixin.py:151} INFO - [2025-05-20T10:54:50.276+0000] {dagbag.py:539} INFO - Filling up the DagBag from /opt/airflow/dags/re_train.py
[2025-05-20T10:54:50.290+0000] {processor.py:841} WARNING - No viable dags retrieved from /opt/airflow/dags/re_train.py
[2025-05-20T10:54:50.310+0000] {processor.py:179} INFO - Processing /opt/airflow/dags/re_train.py took 0.040 seconds
[2025-05-20T10:55:20.567+0000] {processor.py:157} INFO - Started process (PID=678) to work on /opt/airflow/dags/re_train.py
[2025-05-20T10:55:20.569+0000] {processor.py:829} INFO - Processing file /opt/airflow/dags/re_train.py for tasks to queue
[2025-05-20T10:55:20.572+0000] {logging_mixin.py:151} INFO - [2025-05-20T10:55:20.571+0000] {dagbag.py:539} INFO - Filling up the DagBag from /opt/airflow/dags/re_train.py
[2025-05-20T10:55:20.589+0000] {processor.py:841} WARNING - No viable dags retrieved from /opt/airflow/dags/re_train.py
[2025-05-20T10:55:20.609+0000] {processor.py:179} INFO - Processing /opt/airflow/dags/re_train.py took 0.046 seconds
[2025-05-20T10:55:51.062+0000] {processor.py:157} INFO - Started process (PID=908) to work on /opt/airflow/dags/re_train.py
[2025-05-20T10:55:51.064+0000] {processor.py:829} INFO - Processing file /opt/airflow/dags/re_train.py for tasks to queue
[2025-05-20T10:55:51.066+0000] {logging_mixin.py:151} INFO - [2025-05-20T10:55:51.065+0000] {dagbag.py:539} INFO - Filling up the DagBag from /opt/airflow/dags/re_train.py
[2025-05-20T10:55:51.088+0000] {processor.py:841} WARNING - No viable dags retrieved from /opt/airflow/dags/re_train.py
[2025-05-20T10:55:51.137+0000] {processor.py:179} INFO - Processing /opt/airflow/dags/re_train.py took 0.082 seconds
[2025-05-20T10:56:21.230+0000] {processor.py:157} INFO - Started process (PID=1149) to work on /opt/airflow/dags/re_train.py
[2025-05-20T10:56:21.236+0000] {processor.py:829} INFO - Processing file /opt/airflow/dags/re_train.py for tasks to queue
[2025-05-20T10:56:21.239+0000] {logging_mixin.py:151} INFO - [2025-05-20T10:56:21.238+0000] {dagbag.py:539} INFO - Filling up the DagBag from /opt/airflow/dags/re_train.py
[2025-05-20T10:56:21.268+0000] {processor.py:841} WARNING - No viable dags retrieved from /opt/airflow/dags/re_train.py
[2025-05-20T10:56:21.303+0000] {processor.py:179} INFO - Processing /opt/airflow/dags/re_train.py took 0.082 seconds
[2025-05-20T10:56:51.611+0000] {processor.py:157} INFO - Started process (PID=1418) to work on /opt/airflow/dags/re_train.py
[2025-05-20T10:56:51.618+0000] {processor.py:829} INFO - Processing file /opt/airflow/dags/re_train.py for tasks to queue
[2025-05-20T10:56:51.621+0000] {logging_mixin.py:151} INFO - [2025-05-20T10:56:51.620+0000] {dagbag.py:539} INFO - Filling up the DagBag from /opt/airflow/dags/re_train.py
[2025-05-20T10:56:51.644+0000] {processor.py:841} WARNING - No viable dags retrieved from /opt/airflow/dags/re_train.py
[2025-05-20T10:56:51.676+0000] {processor.py:179} INFO - Processing /opt/airflow/dags/re_train.py took 0.072 seconds
[2025-05-20T10:57:21.921+0000] {processor.py:157} INFO - Started process (PID=1675) to work on /opt/airflow/dags/re_train.py
[2025-05-20T10:57:21.923+0000] {processor.py:829} INFO - Processing file /opt/airflow/dags/re_train.py for tasks to queue
[2025-05-20T10:57:21.927+0000] {logging_mixin.py:151} INFO - [2025-05-20T10:57:21.926+0000] {dagbag.py:539} INFO - Filling up the DagBag from /opt/airflow/dags/re_train.py
[2025-05-20T10:57:21.951+0000] {processor.py:841} WARNING - No viable dags retrieved from /opt/airflow/dags/re_train.py
[2025-05-20T10:57:22.000+0000] {processor.py:179} INFO - Processing /opt/airflow/dags/re_train.py took 0.090 seconds
[2025-05-20T10:57:52.304+0000] {processor.py:157} INFO - Started process (PID=1768) to work on /opt/airflow/dags/re_train.py
[2025-05-20T10:57:52.307+0000] {processor.py:829} INFO - Processing file /opt/airflow/dags/re_train.py for tasks to queue
[2025-05-20T10:57:52.310+0000] {logging_mixin.py:151} INFO - [2025-05-20T10:57:52.310+0000] {dagbag.py:539} INFO - Filling up the DagBag from /opt/airflow/dags/re_train.py
[2025-05-20T10:57:52.330+0000] {processor.py:841} WARNING - No viable dags retrieved from /opt/airflow/dags/re_train.py
[2025-05-20T10:57:52.363+0000] {processor.py:179} INFO - Processing /opt/airflow/dags/re_train.py took 0.066 seconds
[2025-05-20T10:58:22.652+0000] {processor.py:157} INFO - Started process (PID=1781) to work on /opt/airflow/dags/re_train.py
[2025-05-20T10:58:22.655+0000] {processor.py:829} INFO - Processing file /opt/airflow/dags/re_train.py for tasks to queue
[2025-05-20T10:58:22.660+0000] {logging_mixin.py:151} INFO - [2025-05-20T10:58:22.658+0000] {dagbag.py:539} INFO - Filling up the DagBag from /opt/airflow/dags/re_train.py
[2025-05-20T10:58:22.692+0000] {processor.py:841} WARNING - No viable dags retrieved from /opt/airflow/dags/re_train.py
[2025-05-20T10:58:22.743+0000] {processor.py:179} INFO - Processing /opt/airflow/dags/re_train.py took 0.098 seconds
[2025-05-20T10:58:53.542+0000] {processor.py:157} INFO - Started process (PID=1878) to work on /opt/airflow/dags/re_train.py
[2025-05-20T10:58:53.544+0000] {processor.py:829} INFO - Processing file /opt/airflow/dags/re_train.py for tasks to queue
[2025-05-20T10:58:53.545+0000] {logging_mixin.py:151} INFO - [2025-05-20T10:58:53.545+0000] {dagbag.py:539} INFO - Filling up the DagBag from /opt/airflow/dags/re_train.py
[2025-05-20T10:58:53.560+0000] {processor.py:841} WARNING - No viable dags retrieved from /opt/airflow/dags/re_train.py
[2025-05-20T10:58:53.577+0000] {processor.py:179} INFO - Processing /opt/airflow/dags/re_train.py took 0.039 seconds
[2025-05-20T10:59:23.876+0000] {processor.py:157} INFO - Started process (PID=1922) to work on /opt/airflow/dags/re_train.py
[2025-05-20T10:59:23.877+0000] {processor.py:829} INFO - Processing file /opt/airflow/dags/re_train.py for tasks to queue
[2025-05-20T10:59:23.878+0000] {logging_mixin.py:151} INFO - [2025-05-20T10:59:23.878+0000] {dagbag.py:539} INFO - Filling up the DagBag from /opt/airflow/dags/re_train.py
[2025-05-20T10:59:23.890+0000] {processor.py:841} WARNING - No viable dags retrieved from /opt/airflow/dags/re_train.py
[2025-05-20T10:59:23.906+0000] {processor.py:179} INFO - Processing /opt/airflow/dags/re_train.py took 0.034 seconds
[2025-05-20T10:59:54.159+0000] {processor.py:157} INFO - Started process (PID=2003) to work on /opt/airflow/dags/re_train.py
[2025-05-20T10:59:54.160+0000] {processor.py:829} INFO - Processing file /opt/airflow/dags/re_train.py for tasks to queue
[2025-05-20T10:59:54.162+0000] {logging_mixin.py:151} INFO - [2025-05-20T10:59:54.161+0000] {dagbag.py:539} INFO - Filling up the DagBag from /opt/airflow/dags/re_train.py
[2025-05-20T10:59:54.171+0000] {processor.py:841} WARNING - No viable dags retrieved from /opt/airflow/dags/re_train.py
[2025-05-20T10:59:54.186+0000] {processor.py:179} INFO - Processing /opt/airflow/dags/re_train.py took 0.032 seconds
[2025-05-20T11:00:24.491+0000] {processor.py:157} INFO - Started process (PID=2089) to work on /opt/airflow/dags/re_train.py
[2025-05-20T11:00:24.492+0000] {processor.py:829} INFO - Processing file /opt/airflow/dags/re_train.py for tasks to queue
[2025-05-20T11:00:24.493+0000] {logging_mixin.py:151} INFO - [2025-05-20T11:00:24.493+0000] {dagbag.py:539} INFO - Filling up the DagBag from /opt/airflow/dags/re_train.py
[2025-05-20T11:00:24.503+0000] {processor.py:841} WARNING - No viable dags retrieved from /opt/airflow/dags/re_train.py
[2025-05-20T11:00:24.519+0000] {processor.py:179} INFO - Processing /opt/airflow/dags/re_train.py took 0.032 seconds
[2025-05-20T11:00:54.998+0000] {processor.py:157} INFO - Started process (PID=2228) to work on /opt/airflow/dags/re_train.py
[2025-05-20T11:00:55.000+0000] {processor.py:829} INFO - Processing file /opt/airflow/dags/re_train.py for tasks to queue
[2025-05-20T11:00:55.001+0000] {logging_mixin.py:151} INFO - [2025-05-20T11:00:55.001+0000] {dagbag.py:539} INFO - Filling up the DagBag from /opt/airflow/dags/re_train.py
[2025-05-20T11:00:55.022+0000] {processor.py:841} WARNING - No viable dags retrieved from /opt/airflow/dags/re_train.py
[2025-05-20T11:00:55.048+0000] {processor.py:179} INFO - Processing /opt/airflow/dags/re_train.py took 0.056 seconds
[2025-05-20T11:01:25.502+0000] {processor.py:157} INFO - Started process (PID=2372) to work on /opt/airflow/dags/re_train.py
[2025-05-20T11:01:25.506+0000] {processor.py:829} INFO - Processing file /opt/airflow/dags/re_train.py for tasks to queue
[2025-05-20T11:01:25.508+0000] {logging_mixin.py:151} INFO - [2025-05-20T11:01:25.508+0000] {dagbag.py:539} INFO - Filling up the DagBag from /opt/airflow/dags/re_train.py
[2025-05-20T11:01:25.537+0000] {processor.py:841} WARNING - No viable dags retrieved from /opt/airflow/dags/re_train.py
[2025-05-20T11:01:25.570+0000] {processor.py:179} INFO - Processing /opt/airflow/dags/re_train.py took 0.076 seconds
[2025-05-20T11:01:55.767+0000] {processor.py:157} INFO - Started process (PID=2529) to work on /opt/airflow/dags/re_train.py
[2025-05-20T11:01:55.779+0000] {processor.py:829} INFO - Processing file /opt/airflow/dags/re_train.py for tasks to queue
[2025-05-20T11:01:55.782+0000] {logging_mixin.py:151} INFO - [2025-05-20T11:01:55.781+0000] {dagbag.py:539} INFO - Filling up the DagBag from /opt/airflow/dags/re_train.py
[2025-05-20T11:01:55.807+0000] {processor.py:841} WARNING - No viable dags retrieved from /opt/airflow/dags/re_train.py
[2025-05-20T11:01:55.849+0000] {processor.py:179} INFO - Processing /opt/airflow/dags/re_train.py took 0.091 seconds
[2025-05-20T11:02:26.441+0000] {processor.py:157} INFO - Started process (PID=2586) to work on /opt/airflow/dags/re_train.py
[2025-05-20T11:02:26.442+0000] {processor.py:829} INFO - Processing file /opt/airflow/dags/re_train.py for tasks to queue
[2025-05-20T11:02:26.443+0000] {logging_mixin.py:151} INFO - [2025-05-20T11:02:26.443+0000] {dagbag.py:539} INFO - Filling up the DagBag from /opt/airflow/dags/re_train.py
[2025-05-20T11:02:26.460+0000] {processor.py:841} WARNING - No viable dags retrieved from /opt/airflow/dags/re_train.py
[2025-05-20T11:02:26.478+0000] {processor.py:179} INFO - Processing /opt/airflow/dags/re_train.py took 0.041 seconds
[2025-05-20T11:02:56.739+0000] {processor.py:157} INFO - Started process (PID=2684) to work on /opt/airflow/dags/re_train.py
[2025-05-20T11:02:56.741+0000] {processor.py:829} INFO - Processing file /opt/airflow/dags/re_train.py for tasks to queue
[2025-05-20T11:02:56.742+0000] {logging_mixin.py:151} INFO - [2025-05-20T11:02:56.741+0000] {dagbag.py:539} INFO - Filling up the DagBag from /opt/airflow/dags/re_train.py
[2025-05-20T11:02:56.757+0000] {processor.py:841} WARNING - No viable dags retrieved from /opt/airflow/dags/re_train.py
[2025-05-20T11:02:56.778+0000] {processor.py:179} INFO - Processing /opt/airflow/dags/re_train.py took 0.043 seconds
[2025-05-20T11:03:26.887+0000] {processor.py:157} INFO - Started process (PID=2783) to work on /opt/airflow/dags/re_train.py
[2025-05-20T11:03:26.889+0000] {processor.py:829} INFO - Processing file /opt/airflow/dags/re_train.py for tasks to queue
[2025-05-20T11:03:26.892+0000] {logging_mixin.py:151} INFO - [2025-05-20T11:03:26.892+0000] {dagbag.py:539} INFO - Filling up the DagBag from /opt/airflow/dags/re_train.py
[2025-05-20T11:03:26.909+0000] {processor.py:841} WARNING - No viable dags retrieved from /opt/airflow/dags/re_train.py
[2025-05-20T11:03:26.932+0000] {processor.py:179} INFO - Processing /opt/airflow/dags/re_train.py took 0.052 seconds
[2025-05-20T11:03:57.427+0000] {processor.py:157} INFO - Started process (PID=2915) to work on /opt/airflow/dags/re_train.py
[2025-05-20T11:03:57.432+0000] {processor.py:829} INFO - Processing file /opt/airflow/dags/re_train.py for tasks to queue
[2025-05-20T11:03:57.434+0000] {logging_mixin.py:151} INFO - [2025-05-20T11:03:57.433+0000] {dagbag.py:539} INFO - Filling up the DagBag from /opt/airflow/dags/re_train.py
[2025-05-20T11:03:57.467+0000] {processor.py:841} WARNING - No viable dags retrieved from /opt/airflow/dags/re_train.py
[2025-05-20T11:03:57.511+0000] {processor.py:179} INFO - Processing /opt/airflow/dags/re_train.py took 0.092 seconds
[2025-05-20T11:04:27.734+0000] {processor.py:157} INFO - Started process (PID=3142) to work on /opt/airflow/dags/re_train.py
[2025-05-20T11:04:27.736+0000] {processor.py:829} INFO - Processing file /opt/airflow/dags/re_train.py for tasks to queue
[2025-05-20T11:04:27.739+0000] {logging_mixin.py:151} INFO - [2025-05-20T11:04:27.738+0000] {dagbag.py:539} INFO - Filling up the DagBag from /opt/airflow/dags/re_train.py
[2025-05-20T11:04:27.760+0000] {processor.py:841} WARNING - No viable dags retrieved from /opt/airflow/dags/re_train.py
[2025-05-20T11:04:27.791+0000] {processor.py:179} INFO - Processing /opt/airflow/dags/re_train.py took 0.065 seconds
[2025-05-20T11:04:58.442+0000] {processor.py:157} INFO - Started process (PID=3404) to work on /opt/airflow/dags/re_train.py
[2025-05-20T11:04:58.444+0000] {processor.py:829} INFO - Processing file /opt/airflow/dags/re_train.py for tasks to queue
[2025-05-20T11:04:58.458+0000] {logging_mixin.py:151} INFO - [2025-05-20T11:04:58.458+0000] {dagbag.py:539} INFO - Filling up the DagBag from /opt/airflow/dags/re_train.py
[2025-05-20T11:04:58.483+0000] {processor.py:841} WARNING - No viable dags retrieved from /opt/airflow/dags/re_train.py
[2025-05-20T11:04:58.537+0000] {processor.py:179} INFO - Processing /opt/airflow/dags/re_train.py took 0.111 seconds
[2025-05-20T11:05:28.693+0000] {processor.py:157} INFO - Started process (PID=3596) to work on /opt/airflow/dags/re_train.py
[2025-05-20T11:05:28.699+0000] {processor.py:829} INFO - Processing file /opt/airflow/dags/re_train.py for tasks to queue
[2025-05-20T11:05:28.702+0000] {logging_mixin.py:151} INFO - [2025-05-20T11:05:28.702+0000] {dagbag.py:539} INFO - Filling up the DagBag from /opt/airflow/dags/re_train.py
[2025-05-20T11:05:28.739+0000] {processor.py:841} WARNING - No viable dags retrieved from /opt/airflow/dags/re_train.py
[2025-05-20T11:05:28.804+0000] {processor.py:179} INFO - Processing /opt/airflow/dags/re_train.py took 0.118 seconds
[2025-05-20T11:05:59.312+0000] {processor.py:157} INFO - Started process (PID=3694) to work on /opt/airflow/dags/re_train.py
[2025-05-20T11:05:59.315+0000] {processor.py:829} INFO - Processing file /opt/airflow/dags/re_train.py for tasks to queue
[2025-05-20T11:05:59.317+0000] {logging_mixin.py:151} INFO - [2025-05-20T11:05:59.316+0000] {dagbag.py:539} INFO - Filling up the DagBag from /opt/airflow/dags/re_train.py
[2025-05-20T11:05:59.329+0000] {processor.py:841} WARNING - No viable dags retrieved from /opt/airflow/dags/re_train.py
[2025-05-20T11:05:59.346+0000] {processor.py:179} INFO - Processing /opt/airflow/dags/re_train.py took 0.041 seconds
[2025-05-20T11:06:29.686+0000] {processor.py:157} INFO - Started process (PID=3774) to work on /opt/airflow/dags/re_train.py
[2025-05-20T11:06:29.688+0000] {processor.py:829} INFO - Processing file /opt/airflow/dags/re_train.py for tasks to queue
[2025-05-20T11:06:29.691+0000] {logging_mixin.py:151} INFO - [2025-05-20T11:06:29.690+0000] {dagbag.py:539} INFO - Filling up the DagBag from /opt/airflow/dags/re_train.py
[2025-05-20T11:06:29.702+0000] {processor.py:841} WARNING - No viable dags retrieved from /opt/airflow/dags/re_train.py
[2025-05-20T11:06:29.728+0000] {processor.py:179} INFO - Processing /opt/airflow/dags/re_train.py took 0.048 seconds
[2025-05-20T11:07:00.197+0000] {processor.py:157} INFO - Started process (PID=3819) to work on /opt/airflow/dags/re_train.py
[2025-05-20T11:07:00.208+0000] {processor.py:829} INFO - Processing file /opt/airflow/dags/re_train.py for tasks to queue
[2025-05-20T11:07:00.212+0000] {logging_mixin.py:151} INFO - [2025-05-20T11:07:00.211+0000] {dagbag.py:539} INFO - Filling up the DagBag from /opt/airflow/dags/re_train.py
[2025-05-20T11:07:00.233+0000] {processor.py:841} WARNING - No viable dags retrieved from /opt/airflow/dags/re_train.py
[2025-05-20T11:07:00.265+0000] {processor.py:179} INFO - Processing /opt/airflow/dags/re_train.py took 0.075 seconds
[2025-05-20T11:07:30.565+0000] {processor.py:157} INFO - Started process (PID=3885) to work on /opt/airflow/dags/re_train.py
[2025-05-20T11:07:30.567+0000] {processor.py:829} INFO - Processing file /opt/airflow/dags/re_train.py for tasks to queue
[2025-05-20T11:07:30.568+0000] {logging_mixin.py:151} INFO - [2025-05-20T11:07:30.567+0000] {dagbag.py:539} INFO - Filling up the DagBag from /opt/airflow/dags/re_train.py
[2025-05-20T11:07:30.576+0000] {processor.py:841} WARNING - No viable dags retrieved from /opt/airflow/dags/re_train.py
[2025-05-20T11:07:30.591+0000] {processor.py:179} INFO - Processing /opt/airflow/dags/re_train.py took 0.029 seconds
[2025-05-20T11:08:00.797+0000] {processor.py:157} INFO - Started process (PID=3962) to work on /opt/airflow/dags/re_train.py
[2025-05-20T11:08:00.799+0000] {processor.py:829} INFO - Processing file /opt/airflow/dags/re_train.py for tasks to queue
[2025-05-20T11:08:00.800+0000] {logging_mixin.py:151} INFO - [2025-05-20T11:08:00.800+0000] {dagbag.py:539} INFO - Filling up the DagBag from /opt/airflow/dags/re_train.py
[2025-05-20T11:08:00.812+0000] {processor.py:841} WARNING - No viable dags retrieved from /opt/airflow/dags/re_train.py
[2025-05-20T11:08:00.828+0000] {processor.py:179} INFO - Processing /opt/airflow/dags/re_train.py took 0.036 seconds
[2025-05-20T11:08:31.080+0000] {processor.py:157} INFO - Started process (PID=3997) to work on /opt/airflow/dags/re_train.py
[2025-05-20T11:08:31.082+0000] {processor.py:829} INFO - Processing file /opt/airflow/dags/re_train.py for tasks to queue
[2025-05-20T11:08:31.083+0000] {logging_mixin.py:151} INFO - [2025-05-20T11:08:31.083+0000] {dagbag.py:539} INFO - Filling up the DagBag from /opt/airflow/dags/re_train.py
[2025-05-20T11:08:31.098+0000] {processor.py:841} WARNING - No viable dags retrieved from /opt/airflow/dags/re_train.py
[2025-05-20T11:08:31.118+0000] {processor.py:179} INFO - Processing /opt/airflow/dags/re_train.py took 0.043 seconds
[2025-05-20T11:09:01.755+0000] {processor.py:157} INFO - Started process (PID=4099) to work on /opt/airflow/dags/re_train.py
[2025-05-20T11:09:01.756+0000] {processor.py:829} INFO - Processing file /opt/airflow/dags/re_train.py for tasks to queue
[2025-05-20T11:09:01.757+0000] {logging_mixin.py:151} INFO - [2025-05-20T11:09:01.757+0000] {dagbag.py:539} INFO - Filling up the DagBag from /opt/airflow/dags/re_train.py
[2025-05-20T11:09:01.767+0000] {processor.py:841} WARNING - No viable dags retrieved from /opt/airflow/dags/re_train.py
[2025-05-20T11:09:01.783+0000] {processor.py:179} INFO - Processing /opt/airflow/dags/re_train.py took 0.032 seconds
[2025-05-20T11:09:31.853+0000] {processor.py:157} INFO - Started process (PID=4133) to work on /opt/airflow/dags/re_train.py
[2025-05-20T11:09:31.855+0000] {processor.py:829} INFO - Processing file /opt/airflow/dags/re_train.py for tasks to queue
[2025-05-20T11:09:31.857+0000] {logging_mixin.py:151} INFO - [2025-05-20T11:09:31.857+0000] {dagbag.py:539} INFO - Filling up the DagBag from /opt/airflow/dags/re_train.py
[2025-05-20T11:09:31.872+0000] {processor.py:841} WARNING - No viable dags retrieved from /opt/airflow/dags/re_train.py
[2025-05-20T11:09:31.913+0000] {processor.py:179} INFO - Processing /opt/airflow/dags/re_train.py took 0.065 seconds
[2025-05-20T11:10:02.212+0000] {processor.py:157} INFO - Started process (PID=4204) to work on /opt/airflow/dags/re_train.py
[2025-05-20T11:10:02.213+0000] {processor.py:829} INFO - Processing file /opt/airflow/dags/re_train.py for tasks to queue
[2025-05-20T11:10:02.215+0000] {logging_mixin.py:151} INFO - [2025-05-20T11:10:02.215+0000] {dagbag.py:539} INFO - Filling up the DagBag from /opt/airflow/dags/re_train.py
[2025-05-20T11:10:02.235+0000] {processor.py:841} WARNING - No viable dags retrieved from /opt/airflow/dags/re_train.py
[2025-05-20T11:10:02.253+0000] {processor.py:179} INFO - Processing /opt/airflow/dags/re_train.py took 0.045 seconds
[2025-05-20T11:10:32.554+0000] {processor.py:157} INFO - Started process (PID=4276) to work on /opt/airflow/dags/re_train.py
[2025-05-20T11:10:32.556+0000] {processor.py:829} INFO - Processing file /opt/airflow/dags/re_train.py for tasks to queue
[2025-05-20T11:10:32.559+0000] {logging_mixin.py:151} INFO - [2025-05-20T11:10:32.558+0000] {dagbag.py:539} INFO - Filling up the DagBag from /opt/airflow/dags/re_train.py
[2025-05-20T11:10:32.578+0000] {processor.py:841} WARNING - No viable dags retrieved from /opt/airflow/dags/re_train.py
[2025-05-20T11:10:32.607+0000] {processor.py:179} INFO - Processing /opt/airflow/dags/re_train.py took 0.060 seconds
[2025-05-20T11:11:02.868+0000] {processor.py:157} INFO - Started process (PID=4307) to work on /opt/airflow/dags/re_train.py
[2025-05-20T11:11:02.870+0000] {processor.py:829} INFO - Processing file /opt/airflow/dags/re_train.py for tasks to queue
[2025-05-20T11:11:02.871+0000] {logging_mixin.py:151} INFO - [2025-05-20T11:11:02.871+0000] {dagbag.py:539} INFO - Filling up the DagBag from /opt/airflow/dags/re_train.py
[2025-05-20T11:11:02.888+0000] {processor.py:841} WARNING - No viable dags retrieved from /opt/airflow/dags/re_train.py
[2025-05-20T11:11:02.909+0000] {processor.py:179} INFO - Processing /opt/airflow/dags/re_train.py took 0.046 seconds
[2025-05-20T11:11:33.243+0000] {processor.py:157} INFO - Started process (PID=4403) to work on /opt/airflow/dags/re_train.py
[2025-05-20T11:11:33.246+0000] {processor.py:829} INFO - Processing file /opt/airflow/dags/re_train.py for tasks to queue
[2025-05-20T11:11:33.248+0000] {logging_mixin.py:151} INFO - [2025-05-20T11:11:33.248+0000] {dagbag.py:539} INFO - Filling up the DagBag from /opt/airflow/dags/re_train.py
[2025-05-20T11:11:33.277+0000] {processor.py:841} WARNING - No viable dags retrieved from /opt/airflow/dags/re_train.py
[2025-05-20T11:11:33.307+0000] {processor.py:179} INFO - Processing /opt/airflow/dags/re_train.py took 0.070 seconds
[2025-05-20T11:12:03.386+0000] {processor.py:157} INFO - Started process (PID=4437) to work on /opt/airflow/dags/re_train.py
[2025-05-20T11:12:03.392+0000] {processor.py:829} INFO - Processing file /opt/airflow/dags/re_train.py for tasks to queue
[2025-05-20T11:12:03.400+0000] {logging_mixin.py:151} INFO - [2025-05-20T11:12:03.399+0000] {dagbag.py:539} INFO - Filling up the DagBag from /opt/airflow/dags/re_train.py
[2025-05-20T11:12:03.435+0000] {processor.py:841} WARNING - No viable dags retrieved from /opt/airflow/dags/re_train.py
[2025-05-20T11:12:03.472+0000] {processor.py:179} INFO - Processing /opt/airflow/dags/re_train.py took 0.103 seconds
[2025-05-20T11:12:33.743+0000] {processor.py:157} INFO - Started process (PID=4514) to work on /opt/airflow/dags/re_train.py
[2025-05-20T11:12:33.745+0000] {processor.py:829} INFO - Processing file /opt/airflow/dags/re_train.py for tasks to queue
[2025-05-20T11:12:33.747+0000] {logging_mixin.py:151} INFO - [2025-05-20T11:12:33.747+0000] {dagbag.py:539} INFO - Filling up the DagBag from /opt/airflow/dags/re_train.py
[2025-05-20T11:12:33.758+0000] {processor.py:841} WARNING - No viable dags retrieved from /opt/airflow/dags/re_train.py
[2025-05-20T11:12:33.776+0000] {processor.py:179} INFO - Processing /opt/airflow/dags/re_train.py took 0.038 seconds
[2025-05-20T11:13:04.175+0000] {processor.py:157} INFO - Started process (PID=4599) to work on /opt/airflow/dags/re_train.py
[2025-05-20T11:13:04.177+0000] {processor.py:829} INFO - Processing file /opt/airflow/dags/re_train.py for tasks to queue
[2025-05-20T11:13:04.178+0000] {logging_mixin.py:151} INFO - [2025-05-20T11:13:04.178+0000] {dagbag.py:539} INFO - Filling up the DagBag from /opt/airflow/dags/re_train.py
[2025-05-20T11:13:04.196+0000] {processor.py:841} WARNING - No viable dags retrieved from /opt/airflow/dags/re_train.py
[2025-05-20T11:13:04.213+0000] {processor.py:179} INFO - Processing /opt/airflow/dags/re_train.py took 0.044 seconds
[2025-05-20T11:13:34.462+0000] {processor.py:157} INFO - Started process (PID=4622) to work on /opt/airflow/dags/re_train.py
[2025-05-20T11:13:34.463+0000] {processor.py:829} INFO - Processing file /opt/airflow/dags/re_train.py for tasks to queue
[2025-05-20T11:13:34.464+0000] {logging_mixin.py:151} INFO - [2025-05-20T11:13:34.464+0000] {dagbag.py:539} INFO - Filling up the DagBag from /opt/airflow/dags/re_train.py
[2025-05-20T11:13:34.478+0000] {processor.py:841} WARNING - No viable dags retrieved from /opt/airflow/dags/re_train.py
[2025-05-20T11:13:34.494+0000] {processor.py:179} INFO - Processing /opt/airflow/dags/re_train.py took 0.039 seconds
[2025-05-20T11:14:04.975+0000] {processor.py:157} INFO - Started process (PID=4649) to work on /opt/airflow/dags/re_train.py
[2025-05-20T11:14:04.976+0000] {processor.py:829} INFO - Processing file /opt/airflow/dags/re_train.py for tasks to queue
[2025-05-20T11:14:04.979+0000] {logging_mixin.py:151} INFO - [2025-05-20T11:14:04.977+0000] {dagbag.py:539} INFO - Filling up the DagBag from /opt/airflow/dags/re_train.py
[2025-05-20T11:14:04.995+0000] {processor.py:841} WARNING - No viable dags retrieved from /opt/airflow/dags/re_train.py
[2025-05-20T11:14:05.018+0000] {processor.py:179} INFO - Processing /opt/airflow/dags/re_train.py took 0.046 seconds
[2025-05-20T11:14:35.532+0000] {processor.py:157} INFO - Started process (PID=4669) to work on /opt/airflow/dags/re_train.py
[2025-05-20T11:14:35.533+0000] {processor.py:829} INFO - Processing file /opt/airflow/dags/re_train.py for tasks to queue
[2025-05-20T11:14:35.535+0000] {logging_mixin.py:151} INFO - [2025-05-20T11:14:35.534+0000] {dagbag.py:539} INFO - Filling up the DagBag from /opt/airflow/dags/re_train.py
[2025-05-20T11:14:35.547+0000] {processor.py:841} WARNING - No viable dags retrieved from /opt/airflow/dags/re_train.py
[2025-05-20T11:14:35.562+0000] {processor.py:179} INFO - Processing /opt/airflow/dags/re_train.py took 0.035 seconds
[2025-05-20T11:15:05.800+0000] {processor.py:157} INFO - Started process (PID=4684) to work on /opt/airflow/dags/re_train.py
[2025-05-20T11:15:05.802+0000] {processor.py:829} INFO - Processing file /opt/airflow/dags/re_train.py for tasks to queue
[2025-05-20T11:15:05.803+0000] {logging_mixin.py:151} INFO - [2025-05-20T11:15:05.803+0000] {dagbag.py:539} INFO - Filling up the DagBag from /opt/airflow/dags/re_train.py
[2025-05-20T11:15:05.817+0000] {processor.py:841} WARNING - No viable dags retrieved from /opt/airflow/dags/re_train.py
[2025-05-20T11:15:05.838+0000] {processor.py:179} INFO - Processing /opt/airflow/dags/re_train.py took 0.043 seconds
[2025-05-20T11:15:36.690+0000] {processor.py:157} INFO - Started process (PID=4757) to work on /opt/airflow/dags/re_train.py
[2025-05-20T11:15:36.699+0000] {processor.py:829} INFO - Processing file /opt/airflow/dags/re_train.py for tasks to queue
[2025-05-20T11:15:36.717+0000] {logging_mixin.py:151} INFO - [2025-05-20T11:15:36.717+0000] {dagbag.py:539} INFO - Filling up the DagBag from /opt/airflow/dags/re_train.py
[2025-05-20T11:15:36.737+0000] {processor.py:841} WARNING - No viable dags retrieved from /opt/airflow/dags/re_train.py
[2025-05-20T11:15:36.770+0000] {processor.py:179} INFO - Processing /opt/airflow/dags/re_train.py took 0.088 seconds
[2025-05-20T11:16:07.003+0000] {processor.py:157} INFO - Started process (PID=4864) to work on /opt/airflow/dags/re_train.py
[2025-05-20T11:16:07.004+0000] {processor.py:829} INFO - Processing file /opt/airflow/dags/re_train.py for tasks to queue
[2025-05-20T11:16:07.006+0000] {logging_mixin.py:151} INFO - [2025-05-20T11:16:07.005+0000] {dagbag.py:539} INFO - Filling up the DagBag from /opt/airflow/dags/re_train.py
[2025-05-20T11:16:07.016+0000] {processor.py:841} WARNING - No viable dags retrieved from /opt/airflow/dags/re_train.py
[2025-05-20T11:16:07.033+0000] {processor.py:179} INFO - Processing /opt/airflow/dags/re_train.py took 0.033 seconds
[2025-05-20T11:16:37.316+0000] {processor.py:157} INFO - Started process (PID=4879) to work on /opt/airflow/dags/re_train.py
[2025-05-20T11:16:37.318+0000] {processor.py:829} INFO - Processing file /opt/airflow/dags/re_train.py for tasks to queue
[2025-05-20T11:16:37.319+0000] {logging_mixin.py:151} INFO - [2025-05-20T11:16:37.319+0000] {dagbag.py:539} INFO - Filling up the DagBag from /opt/airflow/dags/re_train.py
[2025-05-20T11:16:37.328+0000] {processor.py:841} WARNING - No viable dags retrieved from /opt/airflow/dags/re_train.py
[2025-05-20T11:16:37.344+0000] {processor.py:179} INFO - Processing /opt/airflow/dags/re_train.py took 0.032 seconds
[2025-05-20T11:17:07.680+0000] {processor.py:157} INFO - Started process (PID=4894) to work on /opt/airflow/dags/re_train.py
[2025-05-20T11:17:07.686+0000] {processor.py:829} INFO - Processing file /opt/airflow/dags/re_train.py for tasks to queue
[2025-05-20T11:17:07.690+0000] {logging_mixin.py:151} INFO - [2025-05-20T11:17:07.690+0000] {dagbag.py:539} INFO - Filling up the DagBag from /opt/airflow/dags/re_train.py
[2025-05-20T11:17:07.764+0000] {processor.py:841} WARNING - No viable dags retrieved from /opt/airflow/dags/re_train.py
[2025-05-20T11:17:07.834+0000] {processor.py:179} INFO - Processing /opt/airflow/dags/re_train.py took 0.164 seconds
[2025-05-20T11:17:38.287+0000] {processor.py:157} INFO - Started process (PID=4909) to work on /opt/airflow/dags/re_train.py
[2025-05-20T11:17:38.289+0000] {processor.py:829} INFO - Processing file /opt/airflow/dags/re_train.py for tasks to queue
[2025-05-20T11:17:38.291+0000] {logging_mixin.py:151} INFO - [2025-05-20T11:17:38.291+0000] {dagbag.py:539} INFO - Filling up the DagBag from /opt/airflow/dags/re_train.py
[2025-05-20T11:17:38.307+0000] {processor.py:841} WARNING - No viable dags retrieved from /opt/airflow/dags/re_train.py
[2025-05-20T11:17:38.338+0000] {processor.py:179} INFO - Processing /opt/airflow/dags/re_train.py took 0.057 seconds
[2025-05-20T11:18:08.587+0000] {processor.py:157} INFO - Started process (PID=4924) to work on /opt/airflow/dags/re_train.py
[2025-05-20T11:18:08.590+0000] {processor.py:829} INFO - Processing file /opt/airflow/dags/re_train.py for tasks to queue
[2025-05-20T11:18:08.591+0000] {logging_mixin.py:151} INFO - [2025-05-20T11:18:08.591+0000] {dagbag.py:539} INFO - Filling up the DagBag from /opt/airflow/dags/re_train.py
[2025-05-20T11:18:08.610+0000] {processor.py:841} WARNING - No viable dags retrieved from /opt/airflow/dags/re_train.py
[2025-05-20T11:18:08.644+0000] {processor.py:179} INFO - Processing /opt/airflow/dags/re_train.py took 0.063 seconds
[2025-05-20T11:18:39.288+0000] {processor.py:157} INFO - Started process (PID=4939) to work on /opt/airflow/dags/re_train.py
[2025-05-20T11:18:39.291+0000] {processor.py:829} INFO - Processing file /opt/airflow/dags/re_train.py for tasks to queue
[2025-05-20T11:18:39.294+0000] {logging_mixin.py:151} INFO - [2025-05-20T11:18:39.293+0000] {dagbag.py:539} INFO - Filling up the DagBag from /opt/airflow/dags/re_train.py
[2025-05-20T11:18:39.315+0000] {processor.py:841} WARNING - No viable dags retrieved from /opt/airflow/dags/re_train.py
[2025-05-20T11:18:39.344+0000] {processor.py:179} INFO - Processing /opt/airflow/dags/re_train.py took 0.061 seconds
