[2025-05-09T19:04:42.746+0000] {taskinstance.py:1157} INFO - Dependencies all met for dep_context=non-requeueable deps ti=<TaskInstance: gold_news_pipeline.run_consumer manual__2025-05-09T19:04:29.768616+00:00 [queued]>
[2025-05-09T19:04:42.759+0000] {taskinstance.py:1157} INFO - Dependencies all met for dep_context=requeueable deps ti=<TaskInstance: gold_news_pipeline.run_consumer manual__2025-05-09T19:04:29.768616+00:00 [queued]>
[2025-05-09T19:04:42.760+0000] {taskinstance.py:1359} INFO - Starting attempt 1 of 1
[2025-05-09T19:04:42.778+0000] {taskinstance.py:1380} INFO - Executing <Task(BashOperator): run_consumer> on 2025-05-09 19:04:29.768616+00:00
[2025-05-09T19:04:42.783+0000] {standard_task_runner.py:57} INFO - Started process 4680 to run task
[2025-05-09T19:04:42.788+0000] {standard_task_runner.py:84} INFO - Running: ['***', 'tasks', 'run', 'gold_news_pipeline', 'run_consumer', 'manual__2025-05-09T19:04:29.768616+00:00', '--job-id', '59', '--raw', '--subdir', 'DAGS_FOLDER/dag_streaming.py', '--cfg-path', '/tmp/tmpoin_nzec']
[2025-05-09T19:04:42.792+0000] {standard_task_runner.py:85} INFO - Job 59: Subtask run_consumer
[2025-05-09T19:04:42.858+0000] {task_command.py:415} INFO - Running <TaskInstance: gold_news_pipeline.run_consumer manual__2025-05-09T19:04:29.768616+00:00 [running]> on host 666ef047fba4
[2025-05-09T19:04:42.964+0000] {taskinstance.py:1660} INFO - Exporting env vars: AIRFLOW_CTX_DAG_OWNER='***' AIRFLOW_CTX_DAG_ID='gold_news_pipeline' AIRFLOW_CTX_TASK_ID='run_consumer' AIRFLOW_CTX_EXECUTION_DATE='2025-05-09T19:04:29.768616+00:00' AIRFLOW_CTX_TRY_NUMBER='1' AIRFLOW_CTX_DAG_RUN_ID='manual__2025-05-09T19:04:29.768616+00:00'
[2025-05-09T19:04:42.967+0000] {subprocess.py:63} INFO - Tmp dir root location: /tmp
[2025-05-09T19:04:42.968+0000] {subprocess.py:75} INFO - Running command: ['/bin/bash', '-c', 'docker exec gold_price_project-spark-1 spark-submit --packages org.apache.spark:spark-sql-kafka-0-10_2.12:3.5.0,com.datastax.spark:spark-cassandra-connector_2.12:3.4.0 /scripts/spark_news.py']
[2025-05-09T19:04:42.992+0000] {subprocess.py:86} INFO - Output:
[2025-05-09T19:04:48.456+0000] {subprocess.py:93} INFO - :: loading settings :: url = jar:file:/opt/spark/jars/ivy-2.5.1.jar!/org/apache/ivy/core/settings/ivysettings.xml
[2025-05-09T19:04:48.682+0000] {subprocess.py:93} INFO - Ivy Default Cache set to: /root/.ivy2/cache
[2025-05-09T19:04:48.684+0000] {subprocess.py:93} INFO - The jars for the packages stored in: /root/.ivy2/jars
[2025-05-09T19:04:48.699+0000] {subprocess.py:93} INFO - org.apache.spark#spark-sql-kafka-0-10_2.12 added as a dependency
[2025-05-09T19:04:48.701+0000] {subprocess.py:93} INFO - com.datastax.spark#spark-cassandra-connector_2.12 added as a dependency
[2025-05-09T19:04:48.703+0000] {subprocess.py:93} INFO - :: resolving dependencies :: org.apache.spark#spark-submit-parent-f6aa2b80-a663-4f33-a460-3ef0614be61c;1.0
[2025-05-09T19:04:48.704+0000] {subprocess.py:93} INFO - 	confs: [default]
[2025-05-09T19:04:51.923+0000] {subprocess.py:93} INFO - 	found org.apache.spark#spark-sql-kafka-0-10_2.12;3.5.0 in central
[2025-05-09T19:04:52.543+0000] {subprocess.py:93} INFO - 	found org.apache.spark#spark-token-provider-kafka-0-10_2.12;3.5.0 in central
[2025-05-09T19:04:52.706+0000] {subprocess.py:93} INFO - 	found org.apache.kafka#kafka-clients;3.4.1 in central
[2025-05-09T19:04:52.917+0000] {subprocess.py:93} INFO - 	found org.lz4#lz4-java;1.8.0 in central
[2025-05-09T19:04:53.104+0000] {subprocess.py:93} INFO - 	found org.xerial.snappy#snappy-java;1.1.10.3 in central
[2025-05-09T19:04:54.185+0000] {subprocess.py:93} INFO - 	found org.slf4j#slf4j-api;2.0.7 in central
[2025-05-09T19:04:55.711+0000] {subprocess.py:93} INFO - 	found org.apache.hadoop#hadoop-client-runtime;3.3.4 in central
[2025-05-09T19:04:55.904+0000] {subprocess.py:93} INFO - 	found org.apache.hadoop#hadoop-client-api;3.3.4 in central
[2025-05-09T19:04:57.638+0000] {subprocess.py:93} INFO - 	found commons-logging#commons-logging;1.1.3 in central
[2025-05-09T19:04:57.777+0000] {subprocess.py:93} INFO - 	found com.google.code.findbugs#jsr305;3.0.0 in central
[2025-05-09T19:04:59.955+0000] {subprocess.py:93} INFO - 	found org.apache.commons#commons-pool2;2.11.1 in central
[2025-05-09T19:04:59.978+0000] {subprocess.py:93} INFO - 	found com.datastax.spark#spark-cassandra-connector_2.12;3.4.0 in central
[2025-05-09T19:04:59.997+0000] {subprocess.py:93} INFO - 	found com.datastax.spark#spark-cassandra-connector-driver_2.12;3.4.0 in central
[2025-05-09T19:05:00.017+0000] {subprocess.py:93} INFO - 	found com.datastax.oss#java-driver-core-shaded;4.13.0 in central
[2025-05-09T19:05:00.036+0000] {subprocess.py:93} INFO - 	found com.datastax.oss#native-protocol;1.5.0 in central
[2025-05-09T19:05:00.049+0000] {subprocess.py:93} INFO - 	found com.datastax.oss#java-driver-shaded-guava;25.1-jre-graal-sub-1 in central
[2025-05-09T19:05:00.062+0000] {subprocess.py:93} INFO - 	found com.typesafe#config;1.4.1 in central
[2025-05-09T19:05:00.081+0000] {subprocess.py:93} INFO - 	found io.dropwizard.metrics#metrics-core;4.1.18 in central
[2025-05-09T19:05:00.094+0000] {subprocess.py:93} INFO - 	found org.hdrhistogram#HdrHistogram;2.1.12 in central
[2025-05-09T19:05:00.105+0000] {subprocess.py:93} INFO - 	found org.reactivestreams#reactive-streams;1.0.3 in central
[2025-05-09T19:05:00.115+0000] {subprocess.py:93} INFO - 	found com.github.stephenc.jcip#jcip-annotations;1.0-1 in central
[2025-05-09T19:05:00.144+0000] {subprocess.py:93} INFO - 	found com.github.spotbugs#spotbugs-annotations;3.1.12 in central
[2025-05-09T19:05:00.162+0000] {subprocess.py:93} INFO - 	found com.google.code.findbugs#jsr305;3.0.2 in central
[2025-05-09T19:05:00.180+0000] {subprocess.py:93} INFO - 	found com.datastax.oss#java-driver-mapper-runtime;4.13.0 in central
[2025-05-09T19:05:00.211+0000] {subprocess.py:93} INFO - 	found com.datastax.oss#java-driver-query-builder;4.13.0 in central
[2025-05-09T19:05:01.199+0000] {subprocess.py:93} INFO - 	found org.apache.commons#commons-lang3;3.10 in central
[2025-05-09T19:05:02.459+0000] {subprocess.py:93} INFO - 	found com.thoughtworks.paranamer#paranamer;2.8 in central
[2025-05-09T19:05:02.591+0000] {subprocess.py:93} INFO - 	found org.scala-lang#scala-reflect;2.12.11 in central
[2025-05-09T19:05:02.683+0000] {subprocess.py:93} INFO - downloading https://repo1.maven.org/maven2/org/apache/spark/spark-sql-kafka-0-10_2.12/3.5.0/spark-sql-kafka-0-10_2.12-3.5.0.jar ...
[2025-05-09T19:05:02.849+0000] {subprocess.py:93} INFO - 	[SUCCESSFUL ] org.apache.spark#spark-sql-kafka-0-10_2.12;3.5.0!spark-sql-kafka-0-10_2.12.jar (230ms)
[2025-05-09T19:05:02.920+0000] {subprocess.py:93} INFO - downloading https://repo1.maven.org/maven2/com/datastax/spark/spark-cassandra-connector_2.12/3.4.0/spark-cassandra-connector_2.12-3.4.0.jar ...
[2025-05-09T19:05:03.303+0000] {subprocess.py:93} INFO - downloading https://repo1.maven.org/maven2/org/apache/spark/spark-token-provider-kafka-0-10_2.12/3.5.0/spark-token-provider-kafka-0-10_2.12-3.5.0.jar ...
[2025-05-09T19:05:03.381+0000] {subprocess.py:93} INFO - 	[SUCCESSFUL ] org.apache.spark#spark-token-provider-kafka-0-10_2.12;3.5.0!spark-token-provider-kafka-0-10_2.12.jar (128ms)
[2025-05-09T19:05:03.431+0000] {subprocess.py:93} INFO - downloading https://repo1.maven.org/maven2/org/apache/kafka/kafka-clients/3.4.1/kafka-clients-3.4.1.jar ...
[2025-05-09T19:05:04.398+0000] {subprocess.py:93} INFO - 	[SUCCESSFUL ] org.apache.kafka#kafka-clients;3.4.1!kafka-clients.jar (1029ms)
[2025-05-09T19:05:04.458+0000] {subprocess.py:93} INFO - downloading https://repo1.maven.org/maven2/org/apache/commons/commons-pool2/2.11.1/commons-pool2-2.11.1.jar ...
[2025-05-09T19:05:04.539+0000] {subprocess.py:93} INFO - 	[SUCCESSFUL ] org.apache.commons#commons-pool2;2.11.1!commons-pool2.jar (138ms)
[2025-05-09T19:05:04.603+0000] {subprocess.py:93} INFO - downloading https://repo1.maven.org/maven2/org/apache/hadoop/hadoop-client-runtime/3.3.4/hadoop-client-runtime-3.3.4.jar ...
[2025-05-09T19:05:11.520+0000] {subprocess.py:93} INFO - 	[SUCCESSFUL ] org.apache.hadoop#hadoop-client-runtime;3.3.4!hadoop-client-runtime.jar (6981ms)
[2025-05-09T19:05:11.585+0000] {subprocess.py:93} INFO - downloading https://repo1.maven.org/maven2/org/lz4/lz4-java/1.8.0/lz4-java-1.8.0.jar ...
[2025-05-09T19:05:11.718+0000] {subprocess.py:93} INFO - 	[SUCCESSFUL ] org.lz4#lz4-java;1.8.0!lz4-java.jar (197ms)
[2025-05-09T19:05:11.782+0000] {subprocess.py:93} INFO - downloading https://repo1.maven.org/maven2/org/xerial/snappy/snappy-java/1.1.10.3/snappy-java-1.1.10.3.jar ...
[2025-05-09T19:05:12.076+0000] {subprocess.py:93} INFO - 	[SUCCESSFUL ] org.xerial.snappy#snappy-java;1.1.10.3!snappy-java.jar(bundle) (356ms)
[2025-05-09T19:05:12.152+0000] {subprocess.py:93} INFO - downloading https://repo1.maven.org/maven2/org/slf4j/slf4j-api/2.0.7/slf4j-api-2.0.7.jar ...
[2025-05-09T19:05:12.236+0000] {subprocess.py:93} INFO - 	[SUCCESSFUL ] org.slf4j#slf4j-api;2.0.7!slf4j-api.jar (157ms)
[2025-05-09T19:05:12.310+0000] {subprocess.py:93} INFO - downloading https://repo1.maven.org/maven2/org/apache/hadoop/hadoop-client-api/3.3.4/hadoop-client-api-3.3.4.jar ...
[2025-05-09T19:05:14.748+0000] {subprocess.py:93} INFO - 	[SUCCESSFUL ] org.apache.hadoop#hadoop-client-api;3.3.4!hadoop-client-api.jar (2512ms)
[2025-05-09T19:05:14.812+0000] {subprocess.py:93} INFO - downloading https://repo1.maven.org/maven2/commons-logging/commons-logging/1.1.3/commons-logging-1.1.3.jar ...
[2025-05-09T19:05:14.883+0000] {subprocess.py:93} INFO - 	[SUCCESSFUL ] commons-logging#commons-logging;1.1.3!commons-logging.jar (132ms)
[2025-05-09T19:05:14.901+0000] {subprocess.py:93} INFO - :: resolution report :: resolve 13918ms :: artifacts dl 12283ms
[2025-05-09T19:05:14.902+0000] {subprocess.py:93} INFO - 	:: modules in use:
[2025-05-09T19:05:14.905+0000] {subprocess.py:93} INFO - 	com.datastax.oss#java-driver-core-shaded;4.13.0 from central in [default]
[2025-05-09T19:05:14.907+0000] {subprocess.py:93} INFO - 	com.datastax.oss#java-driver-mapper-runtime;4.13.0 from central in [default]
[2025-05-09T19:05:14.909+0000] {subprocess.py:93} INFO - 	com.datastax.oss#java-driver-query-builder;4.13.0 from central in [default]
[2025-05-09T19:05:14.911+0000] {subprocess.py:93} INFO - 	com.datastax.oss#java-driver-shaded-guava;25.1-jre-graal-sub-1 from central in [default]
[2025-05-09T19:05:14.912+0000] {subprocess.py:93} INFO - 	com.datastax.oss#native-protocol;1.5.0 from central in [default]
[2025-05-09T19:05:14.912+0000] {subprocess.py:93} INFO - 	com.datastax.spark#spark-cassandra-connector-driver_2.12;3.4.0 from central in [default]
[2025-05-09T19:05:14.913+0000] {subprocess.py:93} INFO - 	com.datastax.spark#spark-cassandra-connector_2.12;3.4.0 from central in [default]
[2025-05-09T19:05:14.914+0000] {subprocess.py:93} INFO - 	com.github.spotbugs#spotbugs-annotations;3.1.12 from central in [default]
[2025-05-09T19:05:14.914+0000] {subprocess.py:93} INFO - 	com.github.stephenc.jcip#jcip-annotations;1.0-1 from central in [default]
[2025-05-09T19:05:14.917+0000] {subprocess.py:93} INFO - 	com.google.code.findbugs#jsr305;3.0.2 from central in [default]
[2025-05-09T19:05:14.918+0000] {subprocess.py:93} INFO - 	com.thoughtworks.paranamer#paranamer;2.8 from central in [default]
[2025-05-09T19:05:14.918+0000] {subprocess.py:93} INFO - 	com.typesafe#config;1.4.1 from central in [default]
[2025-05-09T19:05:14.919+0000] {subprocess.py:93} INFO - 	commons-logging#commons-logging;1.1.3 from central in [default]
[2025-05-09T19:05:14.919+0000] {subprocess.py:93} INFO - 	io.dropwizard.metrics#metrics-core;4.1.18 from central in [default]
[2025-05-09T19:05:14.920+0000] {subprocess.py:93} INFO - 	org.apache.commons#commons-lang3;3.10 from central in [default]
[2025-05-09T19:05:14.920+0000] {subprocess.py:93} INFO - 	org.apache.commons#commons-pool2;2.11.1 from central in [default]
[2025-05-09T19:05:14.921+0000] {subprocess.py:93} INFO - 	org.apache.hadoop#hadoop-client-api;3.3.4 from central in [default]
[2025-05-09T19:05:14.922+0000] {subprocess.py:93} INFO - 	org.apache.hadoop#hadoop-client-runtime;3.3.4 from central in [default]
[2025-05-09T19:05:14.923+0000] {subprocess.py:93} INFO - 	org.apache.kafka#kafka-clients;3.4.1 from central in [default]
[2025-05-09T19:05:14.924+0000] {subprocess.py:93} INFO - 	org.apache.spark#spark-sql-kafka-0-10_2.12;3.5.0 from central in [default]
[2025-05-09T19:05:14.926+0000] {subprocess.py:93} INFO - 	org.apache.spark#spark-token-provider-kafka-0-10_2.12;3.5.0 from central in [default]
[2025-05-09T19:05:14.927+0000] {subprocess.py:93} INFO - 	org.hdrhistogram#HdrHistogram;2.1.12 from central in [default]
[2025-05-09T19:05:14.928+0000] {subprocess.py:93} INFO - 	org.lz4#lz4-java;1.8.0 from central in [default]
[2025-05-09T19:05:14.928+0000] {subprocess.py:93} INFO - 	org.reactivestreams#reactive-streams;1.0.3 from central in [default]
[2025-05-09T19:05:14.929+0000] {subprocess.py:93} INFO - 	org.scala-lang#scala-reflect;2.12.11 from central in [default]
[2025-05-09T19:05:14.929+0000] {subprocess.py:93} INFO - 	org.slf4j#slf4j-api;2.0.7 from central in [default]
[2025-05-09T19:05:14.930+0000] {subprocess.py:93} INFO - 	org.xerial.snappy#snappy-java;1.1.10.3 from central in [default]
[2025-05-09T19:05:14.930+0000] {subprocess.py:93} INFO - 	:: evicted modules:
[2025-05-09T19:05:14.931+0000] {subprocess.py:93} INFO - 	com.google.code.findbugs#jsr305;3.0.0 by [com.google.code.findbugs#jsr305;3.0.2] in [default]
[2025-05-09T19:05:14.931+0000] {subprocess.py:93} INFO - 	org.slf4j#slf4j-api;1.7.26 by [org.slf4j#slf4j-api;2.0.7] in [default]
[2025-05-09T19:05:14.932+0000] {subprocess.py:93} INFO - 	---------------------------------------------------------------------
[2025-05-09T19:05:14.933+0000] {subprocess.py:93} INFO - 	|                  |            modules            ||   artifacts   |
[2025-05-09T19:05:14.933+0000] {subprocess.py:93} INFO - 	|       conf       | number| search|dwnlded|evicted|| number|dwnlded|
[2025-05-09T19:05:14.934+0000] {subprocess.py:93} INFO - 	---------------------------------------------------------------------
[2025-05-09T19:05:14.934+0000] {subprocess.py:93} INFO - 	|      default     |   29  |   14  |   14  |   2   ||   27  |   10  |
[2025-05-09T19:05:14.935+0000] {subprocess.py:93} INFO - 	---------------------------------------------------------------------
[2025-05-09T19:05:14.935+0000] {subprocess.py:93} INFO - 
[2025-05-09T19:05:14.936+0000] {subprocess.py:93} INFO - :: problems summary ::
[2025-05-09T19:05:14.936+0000] {subprocess.py:93} INFO - :::: WARNINGS
[2025-05-09T19:05:14.936+0000] {subprocess.py:93} INFO - 		[FAILED     ] com.datastax.spark#spark-cassandra-connector_2.12;3.4.0!spark-cassandra-connector_2.12.jar: Downloaded file size (0) doesn't match expected Content Length (1637723) for https://repo1.maven.org/maven2/com/datastax/spark/spark-cassandra-connector_2.12/3.4.0/spark-cassandra-connector_2.12-3.4.0.jar. Please retry. (389ms)
[2025-05-09T19:05:14.937+0000] {subprocess.py:93} INFO - 
[2025-05-09T19:05:14.937+0000] {subprocess.py:93} INFO - 		[FAILED     ] com.datastax.spark#spark-cassandra-connector_2.12;3.4.0!spark-cassandra-connector_2.12.jar: Downloaded file size (0) doesn't match expected Content Length (1637723) for https://repo1.maven.org/maven2/com/datastax/spark/spark-cassandra-connector_2.12/3.4.0/spark-cassandra-connector_2.12-3.4.0.jar. Please retry. (389ms)
[2025-05-09T19:05:14.938+0000] {subprocess.py:93} INFO - 
[2025-05-09T19:05:14.938+0000] {subprocess.py:93} INFO - 	==== central: tried
[2025-05-09T19:05:14.938+0000] {subprocess.py:93} INFO - 
[2025-05-09T19:05:14.939+0000] {subprocess.py:93} INFO - 	  https://repo1.maven.org/maven2/com/datastax/spark/spark-cassandra-connector_2.12/3.4.0/spark-cassandra-connector_2.12-3.4.0.jar
[2025-05-09T19:05:14.939+0000] {subprocess.py:93} INFO - 
[2025-05-09T19:05:14.940+0000] {subprocess.py:93} INFO - 		::::::::::::::::::::::::::::::::::::::::::::::
[2025-05-09T19:05:14.940+0000] {subprocess.py:93} INFO - 
[2025-05-09T19:05:14.940+0000] {subprocess.py:93} INFO - 		::              FAILED DOWNLOADS            ::
[2025-05-09T19:05:14.941+0000] {subprocess.py:93} INFO - 
[2025-05-09T19:05:14.942+0000] {subprocess.py:93} INFO - 		:: ^ see resolution messages for details  ^ ::
[2025-05-09T19:05:14.943+0000] {subprocess.py:93} INFO - 
[2025-05-09T19:05:14.944+0000] {subprocess.py:93} INFO - 		::::::::::::::::::::::::::::::::::::::::::::::
[2025-05-09T19:05:14.944+0000] {subprocess.py:93} INFO - 
[2025-05-09T19:05:14.945+0000] {subprocess.py:93} INFO - 		:: com.datastax.spark#spark-cassandra-connector_2.12;3.4.0!spark-cassandra-connector_2.12.jar
[2025-05-09T19:05:14.945+0000] {subprocess.py:93} INFO - 
[2025-05-09T19:05:14.946+0000] {subprocess.py:93} INFO - 		::::::::::::::::::::::::::::::::::::::::::::::
[2025-05-09T19:05:14.946+0000] {subprocess.py:93} INFO - 
[2025-05-09T19:05:14.946+0000] {subprocess.py:93} INFO - 
[2025-05-09T19:05:14.946+0000] {subprocess.py:93} INFO - 
[2025-05-09T19:05:14.947+0000] {subprocess.py:93} INFO - :: USE VERBOSE OR DEBUG MESSAGE LEVEL FOR MORE DETAILS
[2025-05-09T19:05:14.947+0000] {subprocess.py:93} INFO - Exception in thread "main" java.lang.RuntimeException: [download failed: com.datastax.spark#spark-cassandra-connector_2.12;3.4.0!spark-cassandra-connector_2.12.jar]
[2025-05-09T19:05:14.947+0000] {subprocess.py:93} INFO - 	at org.apache.spark.deploy.SparkSubmitUtils$.resolveMavenCoordinates(SparkSubmit.scala:1608)
[2025-05-09T19:05:14.947+0000] {subprocess.py:93} INFO - 	at org.apache.spark.util.DependencyUtils$.resolveMavenDependencies(DependencyUtils.scala:185)
[2025-05-09T19:05:14.948+0000] {subprocess.py:93} INFO - 	at org.apache.spark.deploy.SparkSubmit.prepareSubmitEnvironment(SparkSubmit.scala:334)
[2025-05-09T19:05:14.948+0000] {subprocess.py:93} INFO - 	at org.apache.spark.deploy.SparkSubmit.org$apache$spark$deploy$SparkSubmit$$runMain(SparkSubmit.scala:964)
[2025-05-09T19:05:14.948+0000] {subprocess.py:93} INFO - 	at org.apache.spark.deploy.SparkSubmit.doRunMain$1(SparkSubmit.scala:194)
[2025-05-09T19:05:14.948+0000] {subprocess.py:93} INFO - 	at org.apache.spark.deploy.SparkSubmit.submit(SparkSubmit.scala:217)
[2025-05-09T19:05:14.949+0000] {subprocess.py:93} INFO - 	at org.apache.spark.deploy.SparkSubmit.doSubmit(SparkSubmit.scala:91)
[2025-05-09T19:05:14.949+0000] {subprocess.py:93} INFO - 	at org.apache.spark.deploy.SparkSubmit$$anon$2.doSubmit(SparkSubmit.scala:1120)
[2025-05-09T19:05:14.949+0000] {subprocess.py:93} INFO - 	at org.apache.spark.deploy.SparkSubmit$.main(SparkSubmit.scala:1129)
[2025-05-09T19:05:14.950+0000] {subprocess.py:93} INFO - 	at org.apache.spark.deploy.SparkSubmit.main(SparkSubmit.scala)
[2025-05-09T19:05:14.964+0000] {subprocess.py:97} INFO - Command exited with return code 1
[2025-05-09T19:05:14.980+0000] {taskinstance.py:1935} ERROR - Task failed with exception
Traceback (most recent call last):
  File "/home/airflow/.local/lib/python3.8/site-packages/airflow/operators/bash.py", line 210, in execute
    raise AirflowException(
airflow.exceptions.AirflowException: Bash command failed. The command returned a non-zero exit code 1.
[2025-05-09T19:05:14.985+0000] {taskinstance.py:1398} INFO - Marking task as FAILED. dag_id=gold_news_pipeline, task_id=run_consumer, execution_date=20250509T190429, start_date=20250509T190442, end_date=20250509T190514
[2025-05-09T19:05:15.002+0000] {standard_task_runner.py:104} ERROR - Failed to execute job 59 for task run_consumer (Bash command failed. The command returned a non-zero exit code 1.; 4680)
[2025-05-09T19:05:15.043+0000] {local_task_job_runner.py:228} INFO - Task exited with return code 1
[2025-05-09T19:05:15.075+0000] {taskinstance.py:2776} INFO - 0 downstream tasks scheduled from follow-on schedule check
