[2025-05-12T19:32:53.902+0000] {taskinstance.py:1157} INFO - Dependencies all met for dep_context=non-requeueable deps ti=<TaskInstance: gold_news_pipeline.run_producer scheduled__2025-05-12T19:22:49.609919+00:00 [queued]>
[2025-05-12T19:32:53.921+0000] {taskinstance.py:1157} INFO - Dependencies all met for dep_context=requeueable deps ti=<TaskInstance: gold_news_pipeline.run_producer scheduled__2025-05-12T19:22:49.609919+00:00 [queued]>
[2025-05-12T19:32:53.922+0000] {taskinstance.py:1359} INFO - Starting attempt 1 of 1
[2025-05-12T19:32:53.948+0000] {taskinstance.py:1380} INFO - Executing <Task(BashOperator): run_producer> on 2025-05-12 19:22:49.609919+00:00
[2025-05-12T19:32:53.957+0000] {standard_task_runner.py:57} INFO - Started process 855 to run task
[2025-05-12T19:32:53.981+0000] {standard_task_runner.py:84} INFO - Running: ['***', 'tasks', 'run', 'gold_news_pipeline', 'run_producer', 'scheduled__2025-05-12T19:22:49.609919+00:00', '--job-id', '146', '--raw', '--subdir', 'DAGS_FOLDER/dag_news.py', '--cfg-path', '/tmp/tmpdqtb4idh']
[2025-05-12T19:32:53.985+0000] {standard_task_runner.py:85} INFO - Job 146: Subtask run_producer
[2025-05-12T19:32:54.090+0000] {task_command.py:415} INFO - Running <TaskInstance: gold_news_pipeline.run_producer scheduled__2025-05-12T19:22:49.609919+00:00 [running]> on host a84f8d9926dd
[2025-05-12T19:32:54.257+0000] {taskinstance.py:1660} INFO - Exporting env vars: AIRFLOW_CTX_DAG_OWNER='***' AIRFLOW_CTX_DAG_ID='gold_news_pipeline' AIRFLOW_CTX_TASK_ID='run_producer' AIRFLOW_CTX_EXECUTION_DATE='2025-05-12T19:22:49.609919+00:00' AIRFLOW_CTX_TRY_NUMBER='1' AIRFLOW_CTX_DAG_RUN_ID='scheduled__2025-05-12T19:22:49.609919+00:00'
[2025-05-12T19:32:54.260+0000] {subprocess.py:63} INFO - Tmp dir root location: /tmp
[2025-05-12T19:32:54.262+0000] {subprocess.py:75} INFO - Running command: ['/bin/bash', '-c', 'docker exec gold_price_project-kafka-1 python3 /scripts/news_producer.py']
[2025-05-12T19:32:54.282+0000] {subprocess.py:86} INFO - Output:
[2025-05-12T19:32:55.288+0000] {subprocess.py:93} INFO - Starting news ingestion for gold market...
[2025-05-12T19:32:55.289+0000] {subprocess.py:93} INFO - Searching for keywords: gold price OR XAUUSD OR gold market OR Federal Reserve OR interest rates OR tariffs OR geopolitical tensions OR inflation OR US dollar OR safe-haven assets
[2025-05-12T19:32:55.290+0000] {subprocess.py:93} INFO - 
[2025-05-12T19:32:55.291+0000] {subprocess.py:93} INFO - Fetched 10 articles at 2025-05-12 19:32:55
[2025-05-12T19:32:55.294+0000] {subprocess.py:93} INFO - Sent to Kafka: Gold could soar 80% to $6,000 if there's even a mi...
[2025-05-12T19:32:55.295+0000] {subprocess.py:93} INFO - Sent to Kafka: SECURITY AFFAIRS MALWARE NEWSLETTER ROUND 45...
[2025-05-12T19:32:55.295+0000] {subprocess.py:93} INFO - Sent to Kafka: Security Affairs newsletter Round 523 by Pierluigi...
[2025-05-12T19:32:55.296+0000] {subprocess.py:93} INFO - Sent to Kafka: Crypto Analyst Predicts Bitcoin To Hit $200,000 At...
[2025-05-12T19:32:55.299+0000] {subprocess.py:93} INFO - Sent to Kafka: Best Altcoins to Buy as Bitcoin Nears All-Time Hig...
[2025-05-12T19:32:55.300+0000] {subprocess.py:93} INFO - Sent to Kafka: Google will pay Texas $1.4 billion over its locati...
[2025-05-12T19:32:55.300+0000] {subprocess.py:93} INFO - Sent to Kafka: In Volatile Markets, RWAs Like Gold Are A Lifeline...
[2025-05-12T19:32:55.301+0000] {subprocess.py:93} INFO - Sent to Kafka: Top Blog SEO Tips for Higher Search Rankings | Sim...
[2025-05-12T19:32:55.301+0000] {subprocess.py:93} INFO - Sent to Kafka: George W. Bush Lit The Dollar Fire On Which Trump ...
[2025-05-12T19:32:55.302+0000] {subprocess.py:93} INFO - Sent to Kafka: The 3 Easy New Ways Anyone Can Funnel Money Direct...
[2025-05-12T19:32:55.303+0000] {subprocess.py:93} INFO - 
[2025-05-12T19:32:55.304+0000] {subprocess.py:93} INFO - Waiting for next poll...
[2025-05-12T19:32:55.357+0000] {subprocess.py:97} INFO - Command exited with return code 0
[2025-05-12T19:32:55.419+0000] {taskinstance.py:1398} INFO - Marking task as SUCCESS. dag_id=gold_news_pipeline, task_id=run_producer, execution_date=20250512T192249, start_date=20250512T193253, end_date=20250512T193255
[2025-05-12T19:32:55.482+0000] {local_task_job_runner.py:228} INFO - Task exited with return code 0
[2025-05-12T19:32:55.522+0000] {taskinstance.py:2776} INFO - 1 downstream tasks scheduled from follow-on schedule check
