[2025-05-12T18:43:32.545+0000] {taskinstance.py:1157} INFO - Dependencies all met for dep_context=non-requeueable deps ti=<TaskInstance: gold_news_pipeline.run_consumer scheduled__2025-05-12T18:32:49.609919+00:00 [queued]>
[2025-05-12T18:43:32.585+0000] {taskinstance.py:1157} INFO - Dependencies all met for dep_context=requeueable deps ti=<TaskInstance: gold_news_pipeline.run_consumer scheduled__2025-05-12T18:32:49.609919+00:00 [queued]>
[2025-05-12T18:43:32.631+0000] {taskinstance.py:1359} INFO - Starting attempt 1 of 4
[2025-05-12T18:43:32.692+0000] {taskinstance.py:1380} INFO - Executing <Task(BashOperator): run_consumer> on 2025-05-12 18:32:49.609919+00:00
[2025-05-12T18:43:32.707+0000] {standard_task_runner.py:57} INFO - Started process 419 to run task
[2025-05-12T18:43:32.725+0000] {standard_task_runner.py:84} INFO - Running: ['***', 'tasks', 'run', 'gold_news_pipeline', 'run_consumer', 'scheduled__2025-05-12T18:32:49.609919+00:00', '--job-id', '113', '--raw', '--subdir', 'DAGS_FOLDER/dag_news.py', '--cfg-path', '/tmp/tmp2_4gm6kl']
[2025-05-12T18:43:32.732+0000] {standard_task_runner.py:85} INFO - Job 113: Subtask run_consumer
[2025-05-12T18:43:32.902+0000] {task_command.py:415} INFO - Running <TaskInstance: gold_news_pipeline.run_consumer scheduled__2025-05-12T18:32:49.609919+00:00 [running]> on host 002c8bd4eccc
[2025-05-12T18:43:33.226+0000] {taskinstance.py:1660} INFO - Exporting env vars: AIRFLOW_CTX_DAG_OWNER='***' AIRFLOW_CTX_DAG_ID='gold_news_pipeline' AIRFLOW_CTX_TASK_ID='run_consumer' AIRFLOW_CTX_EXECUTION_DATE='2025-05-12T18:32:49.609919+00:00' AIRFLOW_CTX_TRY_NUMBER='1' AIRFLOW_CTX_DAG_RUN_ID='scheduled__2025-05-12T18:32:49.609919+00:00'
[2025-05-12T18:43:33.236+0000] {subprocess.py:63} INFO - Tmp dir root location: /tmp
[2025-05-12T18:43:33.239+0000] {subprocess.py:75} INFO - Running command: ['/bin/bash', '-c', 'docker exec gold_price_project-spark-1 bash -c "export PYSPARK_PYTHON=/usr/bin/python3.8 && spark-submit --conf spark.pyspark.python=/usr/bin/python3.8 --packages org.apache.spark:spark-sql-kafka-0-10_2.12:3.5.0,com.datastax.spark:spark-cassandra-connector_2.12:3.5.0 /scripts/spark_news.py"']
[2025-05-12T18:43:33.277+0000] {subprocess.py:86} INFO - Output:
[2025-05-12T18:43:40.934+0000] {subprocess.py:93} INFO - :: loading settings :: url = jar:file:/opt/spark/jars/ivy-2.5.1.jar!/org/apache/ivy/core/settings/ivysettings.xml
[2025-05-12T18:43:41.393+0000] {subprocess.py:93} INFO - Ivy Default Cache set to: /root/.ivy2/cache
[2025-05-12T18:43:41.395+0000] {subprocess.py:93} INFO - The jars for the packages stored in: /root/.ivy2/jars
[2025-05-12T18:43:41.417+0000] {subprocess.py:93} INFO - org.apache.spark#spark-sql-kafka-0-10_2.12 added as a dependency
[2025-05-12T18:43:41.418+0000] {subprocess.py:93} INFO - com.datastax.spark#spark-cassandra-connector_2.12 added as a dependency
[2025-05-12T18:43:41.422+0000] {subprocess.py:93} INFO - :: resolving dependencies :: org.apache.spark#spark-submit-parent-613ebce8-6881-43a8-8dd4-7db7d7ea0547;1.0
[2025-05-12T18:43:41.423+0000] {subprocess.py:93} INFO - 	confs: [default]
[2025-05-12T18:43:44.941+0000] {subprocess.py:93} INFO - 	found com.datastax.spark#spark-cassandra-connector_2.12;3.5.0 in central
[2025-05-12T18:43:45.098+0000] {subprocess.py:93} INFO - 	found com.datastax.spark#spark-cassandra-connector-driver_2.12;3.5.0 in central
[2025-05-12T18:43:45.267+0000] {subprocess.py:93} INFO - 	found org.scala-lang.modules#scala-collection-compat_2.12;2.11.0 in central
[2025-05-12T18:43:47.870+0000] {subprocess.py:93} INFO - 	found com.datastax.oss#java-driver-core-shaded;4.13.0 in central
[2025-05-12T18:43:48.116+0000] {subprocess.py:93} INFO - 	found com.datastax.oss#native-protocol;1.5.0 in central
[2025-05-12T18:43:48.355+0000] {subprocess.py:93} INFO - 	found com.datastax.oss#java-driver-shaded-guava;25.1-jre-graal-sub-1 in central
[2025-05-12T18:43:48.560+0000] {subprocess.py:93} INFO - 	found com.typesafe#config;1.4.1 in central
[2025-05-12T18:43:49.462+0000] {subprocess.py:93} INFO - 	found org.slf4j#slf4j-api;1.7.26 in central
[2025-05-12T18:43:50.352+0000] {subprocess.py:93} INFO - 	found io.dropwizard.metrics#metrics-core;4.1.18 in central
[2025-05-12T18:43:50.518+0000] {subprocess.py:93} INFO - 	found org.hdrhistogram#HdrHistogram;2.1.12 in central
[2025-05-12T18:43:50.663+0000] {subprocess.py:93} INFO - 	found org.reactivestreams#reactive-streams;1.0.3 in central
[2025-05-12T18:43:54.293+0000] {subprocess.py:93} INFO - 	found com.github.stephenc.jcip#jcip-annotations;1.0-1 in central
[2025-05-12T18:43:54.464+0000] {subprocess.py:93} INFO - 	found com.github.spotbugs#spotbugs-annotations;3.1.12 in central
[2025-05-12T18:43:54.919+0000] {subprocess.py:93} INFO - 	found com.google.code.findbugs#jsr305;3.0.2 in central
[2025-05-12T18:43:55.211+0000] {subprocess.py:93} INFO - 	found com.datastax.oss#java-driver-mapper-runtime;4.13.0 in central
[2025-05-12T18:43:55.360+0000] {subprocess.py:93} INFO - 	found com.datastax.oss#java-driver-query-builder;4.13.0 in central
[2025-05-12T18:43:57.230+0000] {subprocess.py:93} INFO - 	found org.apache.commons#commons-lang3;3.10 in central
[2025-05-12T18:43:58.422+0000] {subprocess.py:93} INFO - 	found com.thoughtworks.paranamer#paranamer;2.8 in central
[2025-05-12T18:43:58.542+0000] {subprocess.py:93} INFO - 	found org.scala-lang#scala-reflect;2.12.11 in central
[2025-05-12T18:43:58.619+0000] {subprocess.py:93} INFO - downloading https://repo1.maven.org/maven2/com/datastax/spark/spark-cassandra-connector_2.12/3.5.0/spark-cassandra-connector_2.12-3.5.0.jar ...
[2025-05-12T18:43:58.950+0000] {subprocess.py:93} INFO - 	[SUCCESSFUL ] com.datastax.spark#spark-cassandra-connector_2.12;3.5.0!spark-cassandra-connector_2.12.jar (353ms)
[2025-05-12T18:43:58.998+0000] {subprocess.py:93} INFO - downloading https://repo1.maven.org/maven2/com/datastax/spark/spark-cassandra-connector-driver_2.12/3.5.0/spark-cassandra-connector-driver_2.12-3.5.0.jar ...
[2025-05-12T18:43:59.255+0000] {subprocess.py:93} INFO - 	[SUCCESSFUL ] com.datastax.spark#spark-cassandra-connector-driver_2.12;3.5.0!spark-cassandra-connector-driver_2.12.jar (326ms)
[2025-05-12T18:43:59.309+0000] {subprocess.py:93} INFO - downloading https://repo1.maven.org/maven2/org/scala-lang/modules/scala-collection-compat_2.12/2.11.0/scala-collection-compat_2.12-2.11.0.jar ...
[2025-05-12T18:43:59.414+0000] {subprocess.py:93} INFO - 	[SUCCESSFUL ] org.scala-lang.modules#scala-collection-compat_2.12;2.11.0!scala-collection-compat_2.12.jar (141ms)
[2025-05-12T18:43:59.467+0000] {subprocess.py:93} INFO - downloading https://repo1.maven.org/maven2/com/datastax/oss/java-driver-core-shaded/4.13.0/java-driver-core-shaded-4.13.0.jar ...
[2025-05-12T18:44:00.543+0000] {subprocess.py:93} INFO - 	[SUCCESSFUL ] com.datastax.oss#java-driver-core-shaded;4.13.0!java-driver-core-shaded.jar (1145ms)
[2025-05-12T18:44:00.602+0000] {subprocess.py:93} INFO - downloading https://repo1.maven.org/maven2/com/datastax/oss/java-driver-mapper-runtime/4.13.0/java-driver-mapper-runtime-4.13.0.jar ...
[2025-05-12T18:44:00.674+0000] {subprocess.py:93} INFO - 	[SUCCESSFUL ] com.datastax.oss#java-driver-mapper-runtime;4.13.0!java-driver-mapper-runtime.jar(bundle) (122ms)
[2025-05-12T18:44:00.722+0000] {subprocess.py:93} INFO - downloading https://repo1.maven.org/maven2/org/apache/commons/commons-lang3/3.10/commons-lang3-3.10.jar ...
[2025-05-12T18:44:00.833+0000] {subprocess.py:93} INFO - 	[SUCCESSFUL ] org.apache.commons#commons-lang3;3.10!commons-lang3.jar (163ms)
[2025-05-12T18:44:00.887+0000] {subprocess.py:93} INFO - downloading https://repo1.maven.org/maven2/com/thoughtworks/paranamer/paranamer/2.8/paranamer-2.8.jar ...
[2025-05-12T18:44:01.000+0000] {subprocess.py:93} INFO - 	[SUCCESSFUL ] com.thoughtworks.paranamer#paranamer;2.8!paranamer.jar(bundle) (153ms)
[2025-05-12T18:44:01.057+0000] {subprocess.py:93} INFO - downloading https://repo1.maven.org/maven2/org/scala-lang/scala-reflect/2.12.11/scala-reflect-2.12.11.jar ...
[2025-05-12T18:44:01.546+0000] {subprocess.py:93} INFO - 	[SUCCESSFUL ] org.scala-lang#scala-reflect;2.12.11!scala-reflect.jar (536ms)
[2025-05-12T18:44:01.621+0000] {subprocess.py:93} INFO - downloading https://repo1.maven.org/maven2/com/datastax/oss/native-protocol/1.5.0/native-protocol-1.5.0.jar ...
[2025-05-12T18:44:01.757+0000] {subprocess.py:93} INFO - 	[SUCCESSFUL ] com.datastax.oss#native-protocol;1.5.0!native-protocol.jar(bundle) (182ms)
[2025-05-12T18:44:01.818+0000] {subprocess.py:93} INFO - downloading https://repo1.maven.org/maven2/com/datastax/oss/java-driver-shaded-guava/25.1-jre-graal-sub-1/java-driver-shaded-guava-25.1-jre-graal-sub-1.jar ...
[2025-05-12T18:44:02.241+0000] {subprocess.py:93} INFO - 	[SUCCESSFUL ] com.datastax.oss#java-driver-shaded-guava;25.1-jre-graal-sub-1!java-driver-shaded-guava.jar (505ms)
[2025-05-12T18:44:02.316+0000] {subprocess.py:93} INFO - downloading https://repo1.maven.org/maven2/com/typesafe/config/1.4.1/config-1.4.1.jar ...
[2025-05-12T18:44:02.396+0000] {subprocess.py:93} INFO - 	[SUCCESSFUL ] com.typesafe#config;1.4.1!config.jar(bundle) (161ms)
[2025-05-12T18:44:02.490+0000] {subprocess.py:93} INFO - downloading https://repo1.maven.org/maven2/org/slf4j/slf4j-api/1.7.26/slf4j-api-1.7.26.jar ...
[2025-05-12T18:44:02.585+0000] {subprocess.py:93} INFO - 	[SUCCESSFUL ] org.slf4j#slf4j-api;1.7.26!slf4j-api.jar (143ms)
[2025-05-12T18:44:02.643+0000] {subprocess.py:93} INFO - downloading https://repo1.maven.org/maven2/io/dropwizard/metrics/metrics-core/4.1.18/metrics-core-4.1.18.jar ...
[2025-05-12T18:44:02.869+0000] {subprocess.py:93} INFO - 	[SUCCESSFUL ] io.dropwizard.metrics#metrics-core;4.1.18!metrics-core.jar(bundle) (287ms)
[2025-05-12T18:44:02.907+0000] {subprocess.py:93} INFO - downloading https://repo1.maven.org/maven2/org/hdrhistogram/HdrHistogram/2.1.12/HdrHistogram-2.1.12.jar ...
[2025-05-12T18:44:02.999+0000] {subprocess.py:93} INFO - 	[SUCCESSFUL ] org.hdrhistogram#HdrHistogram;2.1.12!HdrHistogram.jar(bundle) (155ms)
[2025-05-12T18:44:03.082+0000] {subprocess.py:93} INFO - downloading https://repo1.maven.org/maven2/org/reactivestreams/reactive-streams/1.0.3/reactive-streams-1.0.3.jar ...
[2025-05-12T18:44:03.164+0000] {subprocess.py:93} INFO - 	[SUCCESSFUL ] org.reactivestreams#reactive-streams;1.0.3!reactive-streams.jar (138ms)
[2025-05-12T18:44:03.225+0000] {subprocess.py:93} INFO - downloading https://repo1.maven.org/maven2/com/github/stephenc/jcip/jcip-annotations/1.0-1/jcip-annotations-1.0-1.jar ...
[2025-05-12T18:44:03.290+0000] {subprocess.py:93} INFO - 	[SUCCESSFUL ] com.github.stephenc.jcip#jcip-annotations;1.0-1!jcip-annotations.jar (139ms)
[2025-05-12T18:44:03.397+0000] {subprocess.py:93} INFO - downloading https://repo1.maven.org/maven2/com/github/spotbugs/spotbugs-annotations/3.1.12/spotbugs-annotations-3.1.12.jar ...
[2025-05-12T18:44:03.530+0000] {subprocess.py:93} INFO - 	[SUCCESSFUL ] com.github.spotbugs#spotbugs-annotations;3.1.12!spotbugs-annotations.jar (175ms)
[2025-05-12T18:44:03.606+0000] {subprocess.py:93} INFO - downloading https://repo1.maven.org/maven2/com/google/code/findbugs/jsr305/3.0.2/jsr305-3.0.2.jar ...
[2025-05-12T18:44:03.671+0000] {subprocess.py:93} INFO - 	[SUCCESSFUL ] com.google.code.findbugs#jsr305;3.0.2!jsr305.jar (171ms)
[2025-05-12T18:44:03.708+0000] {subprocess.py:93} INFO - downloading https://repo1.maven.org/maven2/com/datastax/oss/java-driver-query-builder/4.13.0/java-driver-query-builder-4.13.0.jar ...
[2025-05-12T18:44:03.806+0000] {subprocess.py:93} INFO - 	[SUCCESSFUL ] com.datastax.oss#java-driver-query-builder;4.13.0!java-driver-query-builder.jar(bundle) (151ms)
[2025-05-12T18:44:03.808+0000] {subprocess.py:93} INFO - :: resolution report :: resolve 17152ms :: artifacts dl 5230ms
[2025-05-12T18:44:03.823+0000] {subprocess.py:93} INFO - 	:: modules in use:
[2025-05-12T18:44:03.824+0000] {subprocess.py:93} INFO - 	com.datastax.oss#java-driver-core-shaded;4.13.0 from central in [default]
[2025-05-12T18:44:03.825+0000] {subprocess.py:93} INFO - 	com.datastax.oss#java-driver-mapper-runtime;4.13.0 from central in [default]
[2025-05-12T18:44:03.826+0000] {subprocess.py:93} INFO - 	com.datastax.oss#java-driver-query-builder;4.13.0 from central in [default]
[2025-05-12T18:44:03.826+0000] {subprocess.py:93} INFO - 	com.datastax.oss#java-driver-shaded-guava;25.1-jre-graal-sub-1 from central in [default]
[2025-05-12T18:44:03.839+0000] {subprocess.py:93} INFO - 	com.datastax.oss#native-protocol;1.5.0 from central in [default]
[2025-05-12T18:44:03.845+0000] {subprocess.py:93} INFO - 	com.datastax.spark#spark-cassandra-connector-driver_2.12;3.5.0 from central in [default]
[2025-05-12T18:44:03.851+0000] {subprocess.py:93} INFO - 	com.datastax.spark#spark-cassandra-connector_2.12;3.5.0 from central in [default]
[2025-05-12T18:44:03.866+0000] {subprocess.py:93} INFO - 	com.github.spotbugs#spotbugs-annotations;3.1.12 from central in [default]
[2025-05-12T18:44:03.867+0000] {subprocess.py:93} INFO - 	com.github.stephenc.jcip#jcip-annotations;1.0-1 from central in [default]
[2025-05-12T18:44:03.868+0000] {subprocess.py:93} INFO - 	com.google.code.findbugs#jsr305;3.0.2 from central in [default]
[2025-05-12T18:44:03.878+0000] {subprocess.py:93} INFO - 	com.thoughtworks.paranamer#paranamer;2.8 from central in [default]
[2025-05-12T18:44:03.879+0000] {subprocess.py:93} INFO - 	com.typesafe#config;1.4.1 from central in [default]
[2025-05-12T18:44:03.880+0000] {subprocess.py:93} INFO - 	io.dropwizard.metrics#metrics-core;4.1.18 from central in [default]
[2025-05-12T18:44:03.881+0000] {subprocess.py:93} INFO - 	org.apache.commons#commons-lang3;3.10 from central in [default]
[2025-05-12T18:44:03.882+0000] {subprocess.py:93} INFO - 	org.hdrhistogram#HdrHistogram;2.1.12 from central in [default]
[2025-05-12T18:44:03.883+0000] {subprocess.py:93} INFO - 	org.reactivestreams#reactive-streams;1.0.3 from central in [default]
[2025-05-12T18:44:03.883+0000] {subprocess.py:93} INFO - 	org.scala-lang#scala-reflect;2.12.11 from central in [default]
[2025-05-12T18:44:03.884+0000] {subprocess.py:93} INFO - 	org.scala-lang.modules#scala-collection-compat_2.12;2.11.0 from central in [default]
[2025-05-12T18:44:03.885+0000] {subprocess.py:93} INFO - 	org.slf4j#slf4j-api;1.7.26 from central in [default]
[2025-05-12T18:44:03.886+0000] {subprocess.py:93} INFO - 	---------------------------------------------------------------------
[2025-05-12T18:44:03.887+0000] {subprocess.py:93} INFO - 	|                  |            modules            ||   artifacts   |
[2025-05-12T18:44:03.891+0000] {subprocess.py:93} INFO - 	|       conf       | number| search|dwnlded|evicted|| number|dwnlded|
[2025-05-12T18:44:03.893+0000] {subprocess.py:93} INFO - 	---------------------------------------------------------------------
[2025-05-12T18:44:03.894+0000] {subprocess.py:93} INFO - 	|      default     |   20  |   19  |   19  |   0   ||   19  |   19  |
[2025-05-12T18:44:03.895+0000] {subprocess.py:93} INFO - 	---------------------------------------------------------------------
[2025-05-12T18:44:03.898+0000] {subprocess.py:93} INFO - 
[2025-05-12T18:44:03.899+0000] {subprocess.py:93} INFO - :: problems summary ::
[2025-05-12T18:44:03.900+0000] {subprocess.py:93} INFO - :::: WARNINGS
[2025-05-12T18:44:03.901+0000] {subprocess.py:93} INFO - 	problem while downloading module descriptor: https://repo1.maven.org/maven2/org/apache/spark/spark-sql-kafka-0-10_2.12/3.5.0/spark-sql-kafka-0-10_2.12-3.5.0.pom: Downloaded file size (0) doesn't match expected Content Length (14867) for https://repo1.maven.org/maven2/org/apache/spark/spark-sql-kafka-0-10_2.12/3.5.0/spark-sql-kafka-0-10_2.12-3.5.0.pom. Please retry. (164ms)
[2025-05-12T18:44:03.912+0000] {subprocess.py:93} INFO - 
[2025-05-12T18:44:03.915+0000] {subprocess.py:93} INFO - 		module not found: org.apache.spark#spark-sql-kafka-0-10_2.12;3.5.0
[2025-05-12T18:44:03.916+0000] {subprocess.py:93} INFO - 
[2025-05-12T18:44:03.925+0000] {subprocess.py:93} INFO - 	==== local-m2-cache: tried
[2025-05-12T18:44:03.929+0000] {subprocess.py:93} INFO - 
[2025-05-12T18:44:03.931+0000] {subprocess.py:93} INFO - 	  file:/root/.m2/repository/org/apache/spark/spark-sql-kafka-0-10_2.12/3.5.0/spark-sql-kafka-0-10_2.12-3.5.0.pom
[2025-05-12T18:44:03.933+0000] {subprocess.py:93} INFO - 
[2025-05-12T18:44:03.933+0000] {subprocess.py:93} INFO - 	  -- artifact org.apache.spark#spark-sql-kafka-0-10_2.12;3.5.0!spark-sql-kafka-0-10_2.12.jar:
[2025-05-12T18:44:03.935+0000] {subprocess.py:93} INFO - 
[2025-05-12T18:44:03.937+0000] {subprocess.py:93} INFO - 	  file:/root/.m2/repository/org/apache/spark/spark-sql-kafka-0-10_2.12/3.5.0/spark-sql-kafka-0-10_2.12-3.5.0.jar
[2025-05-12T18:44:03.938+0000] {subprocess.py:93} INFO - 
[2025-05-12T18:44:03.939+0000] {subprocess.py:93} INFO - 	==== local-ivy-cache: tried
[2025-05-12T18:44:03.944+0000] {subprocess.py:93} INFO - 
[2025-05-12T18:44:03.955+0000] {subprocess.py:93} INFO - 	  /root/.ivy2/local/org.apache.spark/spark-sql-kafka-0-10_2.12/3.5.0/ivys/ivy.xml
[2025-05-12T18:44:03.974+0000] {subprocess.py:93} INFO - 
[2025-05-12T18:44:03.988+0000] {subprocess.py:93} INFO - 	  -- artifact org.apache.spark#spark-sql-kafka-0-10_2.12;3.5.0!spark-sql-kafka-0-10_2.12.jar:
[2025-05-12T18:44:04.003+0000] {subprocess.py:93} INFO - 
[2025-05-12T18:44:04.007+0000] {subprocess.py:93} INFO - 	  /root/.ivy2/local/org.apache.spark/spark-sql-kafka-0-10_2.12/3.5.0/jars/spark-sql-kafka-0-10_2.12.jar
[2025-05-12T18:44:04.009+0000] {subprocess.py:93} INFO - 
[2025-05-12T18:44:04.017+0000] {subprocess.py:93} INFO - 	==== central: tried
[2025-05-12T18:44:04.023+0000] {subprocess.py:93} INFO - 
[2025-05-12T18:44:04.037+0000] {subprocess.py:93} INFO - 	  https://repo1.maven.org/maven2/org/apache/spark/spark-sql-kafka-0-10_2.12/3.5.0/spark-sql-kafka-0-10_2.12-3.5.0.pom
[2025-05-12T18:44:04.040+0000] {subprocess.py:93} INFO - 
[2025-05-12T18:44:04.049+0000] {subprocess.py:93} INFO - 	==== spark-packages: tried
[2025-05-12T18:44:04.054+0000] {subprocess.py:93} INFO - 
[2025-05-12T18:44:04.081+0000] {subprocess.py:93} INFO - 	  https://repos.spark-packages.org/org/apache/spark/spark-sql-kafka-0-10_2.12/3.5.0/spark-sql-kafka-0-10_2.12-3.5.0.pom
[2025-05-12T18:44:04.083+0000] {subprocess.py:93} INFO - 
[2025-05-12T18:44:04.084+0000] {subprocess.py:93} INFO - 	  -- artifact org.apache.spark#spark-sql-kafka-0-10_2.12;3.5.0!spark-sql-kafka-0-10_2.12.jar:
[2025-05-12T18:44:04.086+0000] {subprocess.py:93} INFO - 
[2025-05-12T18:44:04.098+0000] {subprocess.py:93} INFO - 	  https://repos.spark-packages.org/org/apache/spark/spark-sql-kafka-0-10_2.12/3.5.0/spark-sql-kafka-0-10_2.12-3.5.0.jar
[2025-05-12T18:44:04.100+0000] {subprocess.py:93} INFO - 
[2025-05-12T18:44:04.111+0000] {subprocess.py:93} INFO - 		::::::::::::::::::::::::::::::::::::::::::::::
[2025-05-12T18:44:04.116+0000] {subprocess.py:93} INFO - 
[2025-05-12T18:44:04.121+0000] {subprocess.py:93} INFO - 		::          UNRESOLVED DEPENDENCIES         ::
[2025-05-12T18:44:04.123+0000] {subprocess.py:93} INFO - 
[2025-05-12T18:44:04.127+0000] {subprocess.py:93} INFO - 		::::::::::::::::::::::::::::::::::::::::::::::
[2025-05-12T18:44:04.128+0000] {subprocess.py:93} INFO - 
[2025-05-12T18:44:04.129+0000] {subprocess.py:93} INFO - 		:: org.apache.spark#spark-sql-kafka-0-10_2.12;3.5.0: not found
[2025-05-12T18:44:04.130+0000] {subprocess.py:93} INFO - 
[2025-05-12T18:44:04.131+0000] {subprocess.py:93} INFO - 		::::::::::::::::::::::::::::::::::::::::::::::
[2025-05-12T18:44:04.132+0000] {subprocess.py:93} INFO - 
[2025-05-12T18:44:04.141+0000] {subprocess.py:93} INFO - 
[2025-05-12T18:44:04.153+0000] {subprocess.py:93} INFO - 
[2025-05-12T18:44:04.157+0000] {subprocess.py:93} INFO - :: USE VERBOSE OR DEBUG MESSAGE LEVEL FOR MORE DETAILS
[2025-05-12T18:44:04.158+0000] {subprocess.py:93} INFO - Exception in thread "main" java.lang.RuntimeException: [unresolved dependency: org.apache.spark#spark-sql-kafka-0-10_2.12;3.5.0: not found]
[2025-05-12T18:44:04.159+0000] {subprocess.py:93} INFO - 	at org.apache.spark.deploy.SparkSubmitUtils$.resolveMavenCoordinates(SparkSubmit.scala:1608)
[2025-05-12T18:44:04.160+0000] {subprocess.py:93} INFO - 	at org.apache.spark.util.DependencyUtils$.resolveMavenDependencies(DependencyUtils.scala:185)
[2025-05-12T18:44:04.161+0000] {subprocess.py:93} INFO - 	at org.apache.spark.deploy.SparkSubmit.prepareSubmitEnvironment(SparkSubmit.scala:334)
[2025-05-12T18:44:04.161+0000] {subprocess.py:93} INFO - 	at org.apache.spark.deploy.SparkSubmit.org$apache$spark$deploy$SparkSubmit$$runMain(SparkSubmit.scala:964)
[2025-05-12T18:44:04.162+0000] {subprocess.py:93} INFO - 	at org.apache.spark.deploy.SparkSubmit.doRunMain$1(SparkSubmit.scala:194)
[2025-05-12T18:44:04.164+0000] {subprocess.py:93} INFO - 	at org.apache.spark.deploy.SparkSubmit.submit(SparkSubmit.scala:217)
[2025-05-12T18:44:04.166+0000] {subprocess.py:93} INFO - 	at org.apache.spark.deploy.SparkSubmit.doSubmit(SparkSubmit.scala:91)
[2025-05-12T18:44:04.168+0000] {subprocess.py:93} INFO - 	at org.apache.spark.deploy.SparkSubmit$$anon$2.doSubmit(SparkSubmit.scala:1120)
[2025-05-12T18:44:04.169+0000] {subprocess.py:93} INFO - 	at org.apache.spark.deploy.SparkSubmit$.main(SparkSubmit.scala:1129)
[2025-05-12T18:44:04.170+0000] {subprocess.py:93} INFO - 	at org.apache.spark.deploy.SparkSubmit.main(SparkSubmit.scala)
[2025-05-12T18:44:04.185+0000] {subprocess.py:97} INFO - Command exited with return code 1
[2025-05-12T18:44:04.254+0000] {taskinstance.py:1935} ERROR - Task failed with exception
Traceback (most recent call last):
  File "/home/airflow/.local/lib/python3.8/site-packages/airflow/operators/bash.py", line 210, in execute
    raise AirflowException(
airflow.exceptions.AirflowException: Bash command failed. The command returned a non-zero exit code 1.
[2025-05-12T18:44:04.285+0000] {taskinstance.py:1398} INFO - Marking task as UP_FOR_RETRY. dag_id=gold_news_pipeline, task_id=run_consumer, execution_date=20250512T183249, start_date=20250512T184332, end_date=20250512T184404
[2025-05-12T18:44:04.428+0000] {standard_task_runner.py:104} ERROR - Failed to execute job 113 for task run_consumer (Bash command failed. The command returned a non-zero exit code 1.; 419)
[2025-05-12T18:44:04.525+0000] {local_task_job_runner.py:228} INFO - Task exited with return code 1
[2025-05-12T18:44:04.649+0000] {taskinstance.py:2776} INFO - 0 downstream tasks scheduled from follow-on schedule check
