[2025-05-20T13:54:36.100+0000] {taskinstance.py:1157} INFO - Dependencies all met for dep_context=non-requeueable deps ti=<TaskInstance: start_kafka_spark.run_spark_script manual__2025-05-20T13:54:34.542271+00:00 [queued]>
[2025-05-20T13:54:36.116+0000] {taskinstance.py:1157} INFO - Dependencies all met for dep_context=requeueable deps ti=<TaskInstance: start_kafka_spark.run_spark_script manual__2025-05-20T13:54:34.542271+00:00 [queued]>
[2025-05-20T13:54:36.116+0000] {taskinstance.py:1359} INFO - Starting attempt 1 of 2
[2025-05-20T13:54:36.143+0000] {taskinstance.py:1380} INFO - Executing <Task(BashOperator): run_spark_script> on 2025-05-20 13:54:34.542271+00:00
[2025-05-20T13:54:36.155+0000] {standard_task_runner.py:57} INFO - Started process 1541 to run task
[2025-05-20T13:54:36.163+0000] {standard_task_runner.py:84} INFO - Running: ['***', 'tasks', 'run', 'start_kafka_spark', 'run_spark_script', 'manual__2025-05-20T13:54:34.542271+00:00', '--job-id', '26', '--raw', '--subdir', 'DAGS_FOLDER/streaming_lance.py', '--cfg-path', '/tmp/tmpfbqf_4wl']
[2025-05-20T13:54:36.173+0000] {standard_task_runner.py:85} INFO - Job 26: Subtask run_spark_script
[2025-05-20T13:54:36.297+0000] {task_command.py:415} INFO - Running <TaskInstance: start_kafka_spark.run_spark_script manual__2025-05-20T13:54:34.542271+00:00 [running]> on host 341131c8572d
[2025-05-20T13:54:36.429+0000] {taskinstance.py:1660} INFO - Exporting env vars: AIRFLOW_CTX_DAG_OWNER='***' AIRFLOW_CTX_DAG_ID='start_kafka_spark' AIRFLOW_CTX_TASK_ID='run_spark_script' AIRFLOW_CTX_EXECUTION_DATE='2025-05-20T13:54:34.542271+00:00' AIRFLOW_CTX_TRY_NUMBER='1' AIRFLOW_CTX_DAG_RUN_ID='manual__2025-05-20T13:54:34.542271+00:00'
[2025-05-20T13:54:36.434+0000] {subprocess.py:63} INFO - Tmp dir root location: /tmp
[2025-05-20T13:54:36.435+0000] {subprocess.py:75} INFO - Running command: ['/bin/bash', '-c', '\n            docker exec gold_price_project-spark-1 python3 /scripts/gold_price_streaming.py &\n        ']
[2025-05-20T13:54:36.451+0000] {subprocess.py:86} INFO - Output:
[2025-05-20T13:54:42.190+0000] {subprocess.py:93} INFO - Setting default log level to "WARN".
[2025-05-20T13:54:42.191+0000] {subprocess.py:93} INFO - To adjust logging level use sc.setLogLevel(newLevel). For SparkR, use setLogLevel(newLevel).
[2025-05-20T13:54:42.519+0000] {subprocess.py:93} INFO - 25/05/20 13:54:42 WARN NativeCodeLoader: Unable to load native-hadoop library for your platform... using builtin-java classes where applicable
[2025-05-20T13:54:48.466+0000] {subprocess.py:93} INFO - Traceback (most recent call last):
[2025-05-20T13:54:48.467+0000] {subprocess.py:93} INFO -   File "/scripts/gold_price_streaming.py", line 23, in <module>
[2025-05-20T13:54:48.468+0000] {subprocess.py:93} INFO -     kafka_df = spark \
[2025-05-20T13:54:48.469+0000] {subprocess.py:93} INFO -   File "/opt/spark/python/pyspark/sql/streaming/readwriter.py", line 304, in load
[2025-05-20T13:54:48.469+0000] {subprocess.py:93} INFO -     return self._df(self._jreader.load())
[2025-05-20T13:54:48.469+0000] {subprocess.py:93} INFO -   File "/opt/spark/python/lib/py4j-0.10.9.7-src.zip/py4j/java_gateway.py", line 1322, in __call__
[2025-05-20T13:54:48.470+0000] {subprocess.py:93} INFO -   File "/opt/spark/python/pyspark/errors/exceptions/captured.py", line 185, in deco
[2025-05-20T13:54:48.470+0000] {subprocess.py:93} INFO -     raise converted from None
[2025-05-20T13:54:48.471+0000] {subprocess.py:93} INFO - pyspark.errors.exceptions.captured.AnalysisException: Failed to find data source: kafka. Please deploy the application as per the deployment section of Structured Streaming + Kafka Integration Guide.
[2025-05-20T13:54:49.020+0000] {subprocess.py:97} INFO - Command exited with return code 0
[2025-05-20T13:54:49.063+0000] {taskinstance.py:1398} INFO - Marking task as SUCCESS. dag_id=start_kafka_spark, task_id=run_spark_script, execution_date=20250520T135434, start_date=20250520T135436, end_date=20250520T135449
[2025-05-20T13:54:49.117+0000] {local_task_job_runner.py:228} INFO - Task exited with return code 0
[2025-05-20T13:54:49.152+0000] {taskinstance.py:2776} INFO - 0 downstream tasks scheduled from follow-on schedule check
