[2025-05-21T10:54:39.272+0000] {taskinstance.py:1157} INFO - Dependencies all met for dep_context=non-requeueable deps ti=<TaskInstance: gold_news_pipeline.analyze_news manual__2025-05-21T10:54:11.648634+00:00 [queued]>
[2025-05-21T10:54:39.287+0000] {taskinstance.py:1157} INFO - Dependencies all met for dep_context=requeueable deps ti=<TaskInstance: gold_news_pipeline.analyze_news manual__2025-05-21T10:54:11.648634+00:00 [queued]>
[2025-05-21T10:54:39.288+0000] {taskinstance.py:1359} INFO - Starting attempt 1 of 1
[2025-05-21T10:54:39.310+0000] {taskinstance.py:1380} INFO - Executing <Task(BashOperator): analyze_news> on 2025-05-21 10:54:11.648634+00:00
[2025-05-21T10:54:39.319+0000] {standard_task_runner.py:57} INFO - Started process 816 to run task
[2025-05-21T10:54:39.323+0000] {standard_task_runner.py:84} INFO - Running: ['***', 'tasks', 'run', 'gold_news_pipeline', 'analyze_news', 'manual__2025-05-21T10:54:11.648634+00:00', '--job-id', '119', '--raw', '--subdir', 'DAGS_FOLDER/news_batch.py', '--cfg-path', '/tmp/tmp9oz5my51']
[2025-05-21T10:54:39.326+0000] {standard_task_runner.py:85} INFO - Job 119: Subtask analyze_news
[2025-05-21T10:54:39.393+0000] {task_command.py:415} INFO - Running <TaskInstance: gold_news_pipeline.analyze_news manual__2025-05-21T10:54:11.648634+00:00 [running]> on host 5c6832b8ad2a
[2025-05-21T10:54:39.524+0000] {taskinstance.py:1660} INFO - Exporting env vars: AIRFLOW_CTX_DAG_OWNER='***' AIRFLOW_CTX_DAG_ID='gold_news_pipeline' AIRFLOW_CTX_TASK_ID='analyze_news' AIRFLOW_CTX_EXECUTION_DATE='2025-05-21T10:54:11.648634+00:00' AIRFLOW_CTX_TRY_NUMBER='1' AIRFLOW_CTX_DAG_RUN_ID='manual__2025-05-21T10:54:11.648634+00:00'
[2025-05-21T10:54:39.526+0000] {subprocess.py:63} INFO - Tmp dir root location: /tmp
[2025-05-21T10:54:39.527+0000] {subprocess.py:75} INFO - Running command: ['/bin/bash', '-c', 'docker exec gold_price_project-spark-1 spark-submit /scripts/analyze_news.py hdfs://namenode:9000/gold_price/news/raw/year=2025/month=5/day=21']
[2025-05-21T10:54:39.543+0000] {subprocess.py:86} INFO - Output:
[2025-05-21T10:54:47.100+0000] {subprocess.py:93} INFO - 25/05/21 10:54:47 INFO SparkContext: Running Spark version 3.5.1
[2025-05-21T10:54:47.108+0000] {subprocess.py:93} INFO - 25/05/21 10:54:47 INFO SparkContext: OS info Linux, 5.15.167.4-microsoft-standard-WSL2, amd64
[2025-05-21T10:54:47.109+0000] {subprocess.py:93} INFO - 25/05/21 10:54:47 INFO SparkContext: Java version 11.0.22
[2025-05-21T10:54:47.247+0000] {subprocess.py:93} INFO - 25/05/21 10:54:47 WARN NativeCodeLoader: Unable to load native-hadoop library for your platform... using builtin-java classes where applicable
[2025-05-21T10:54:47.506+0000] {subprocess.py:93} INFO - 25/05/21 10:54:47 INFO ResourceUtils: ==============================================================
[2025-05-21T10:54:47.507+0000] {subprocess.py:93} INFO - 25/05/21 10:54:47 INFO ResourceUtils: No custom resources configured for spark.driver.
[2025-05-21T10:54:47.508+0000] {subprocess.py:93} INFO - 25/05/21 10:54:47 INFO ResourceUtils: ==============================================================
[2025-05-21T10:54:47.509+0000] {subprocess.py:93} INFO - 25/05/21 10:54:47 INFO SparkContext: Submitted application: GoldMarketNewsAnalysis
[2025-05-21T10:54:47.570+0000] {subprocess.py:93} INFO - 25/05/21 10:54:47 INFO ResourceProfile: Default ResourceProfile created, executor resources: Map(cores -> name: cores, amount: 1, script: , vendor: , memory -> name: memory, amount: 1024, script: , vendor: , offHeap -> name: offHeap, amount: 0, script: , vendor: ), task resources: Map(cpus -> name: cpus, amount: 1.0)
[2025-05-21T10:54:47.618+0000] {subprocess.py:93} INFO - 25/05/21 10:54:47 INFO ResourceProfile: Limiting resource is cpu
[2025-05-21T10:54:47.621+0000] {subprocess.py:93} INFO - 25/05/21 10:54:47 INFO ResourceProfileManager: Added ResourceProfile id: 0
[2025-05-21T10:54:47.804+0000] {subprocess.py:93} INFO - 25/05/21 10:54:47 INFO SecurityManager: Changing view acls to: root
[2025-05-21T10:54:47.807+0000] {subprocess.py:93} INFO - 25/05/21 10:54:47 INFO SecurityManager: Changing modify acls to: root
[2025-05-21T10:54:47.812+0000] {subprocess.py:93} INFO - 25/05/21 10:54:47 INFO SecurityManager: Changing view acls groups to:
[2025-05-21T10:54:47.813+0000] {subprocess.py:93} INFO - 25/05/21 10:54:47 INFO SecurityManager: Changing modify acls groups to:
[2025-05-21T10:54:47.814+0000] {subprocess.py:93} INFO - 25/05/21 10:54:47 INFO SecurityManager: SecurityManager: authentication disabled; ui acls disabled; users with view permissions: root; groups with view permissions: EMPTY; users with modify permissions: root; groups with modify permissions: EMPTY
[2025-05-21T10:54:48.466+0000] {subprocess.py:93} INFO - 25/05/21 10:54:48 INFO Utils: Successfully started service 'sparkDriver' on port 44405.
[2025-05-21T10:54:48.518+0000] {subprocess.py:93} INFO - 25/05/21 10:54:48 INFO SparkEnv: Registering MapOutputTracker
[2025-05-21T10:54:48.600+0000] {subprocess.py:93} INFO - 25/05/21 10:54:48 INFO SparkEnv: Registering BlockManagerMaster
[2025-05-21T10:54:48.627+0000] {subprocess.py:93} INFO - 25/05/21 10:54:48 INFO BlockManagerMasterEndpoint: Using org.apache.spark.storage.DefaultTopologyMapper for getting topology information
[2025-05-21T10:54:48.629+0000] {subprocess.py:93} INFO - 25/05/21 10:54:48 INFO BlockManagerMasterEndpoint: BlockManagerMasterEndpoint up
[2025-05-21T10:54:48.636+0000] {subprocess.py:93} INFO - 25/05/21 10:54:48 INFO SparkEnv: Registering BlockManagerMasterHeartbeat
[2025-05-21T10:54:48.681+0000] {subprocess.py:93} INFO - 25/05/21 10:54:48 INFO DiskBlockManager: Created local directory at /tmp/blockmgr-6e1934bd-f8ae-44dd-b5f6-88187c2df01e
[2025-05-21T10:54:48.726+0000] {subprocess.py:93} INFO - 25/05/21 10:54:48 INFO MemoryStore: MemoryStore started with capacity 434.4 MiB
[2025-05-21T10:54:48.759+0000] {subprocess.py:93} INFO - 25/05/21 10:54:48 INFO SparkEnv: Registering OutputCommitCoordinator
[2025-05-21T10:54:49.125+0000] {subprocess.py:93} INFO - 25/05/21 10:54:49 INFO JettyUtils: Start Jetty 0.0.0.0:4040 for SparkUI
[2025-05-21T10:54:49.387+0000] {subprocess.py:93} INFO - 25/05/21 10:54:49 INFO Utils: Successfully started service 'SparkUI' on port 4040.
[2025-05-21T10:54:49.634+0000] {subprocess.py:93} INFO - 25/05/21 10:54:49 INFO Executor: Starting executor ID driver on host 8567accc62ca
[2025-05-21T10:54:49.635+0000] {subprocess.py:93} INFO - 25/05/21 10:54:49 INFO Executor: OS info Linux, 5.15.167.4-microsoft-standard-WSL2, amd64
[2025-05-21T10:54:49.636+0000] {subprocess.py:93} INFO - 25/05/21 10:54:49 INFO Executor: Java version 11.0.22
[2025-05-21T10:54:49.660+0000] {subprocess.py:93} INFO - 25/05/21 10:54:49 INFO Executor: Starting executor with user classpath (userClassPathFirst = false): ''
[2025-05-21T10:54:49.661+0000] {subprocess.py:93} INFO - 25/05/21 10:54:49 INFO Executor: Created or updated repl class loader org.apache.spark.util.MutableURLClassLoader@1373017d for default.
[2025-05-21T10:54:49.724+0000] {subprocess.py:93} INFO - 25/05/21 10:54:49 INFO Utils: Successfully started service 'org.apache.spark.network.netty.NettyBlockTransferService' on port 33167.
[2025-05-21T10:54:49.726+0000] {subprocess.py:93} INFO - 25/05/21 10:54:49 INFO NettyBlockTransferService: Server created on 8567accc62ca:33167
[2025-05-21T10:54:49.733+0000] {subprocess.py:93} INFO - 25/05/21 10:54:49 INFO BlockManager: Using org.apache.spark.storage.RandomBlockReplicationPolicy for block replication policy
[2025-05-21T10:54:49.749+0000] {subprocess.py:93} INFO - 25/05/21 10:54:49 INFO BlockManagerMaster: Registering BlockManager BlockManagerId(driver, 8567accc62ca, 33167, None)
[2025-05-21T10:54:49.760+0000] {subprocess.py:93} INFO - 25/05/21 10:54:49 INFO BlockManagerMasterEndpoint: Registering block manager 8567accc62ca:33167 with 434.4 MiB RAM, BlockManagerId(driver, 8567accc62ca, 33167, None)
[2025-05-21T10:54:49.765+0000] {subprocess.py:93} INFO - 25/05/21 10:54:49 INFO BlockManagerMaster: Registered BlockManager BlockManagerId(driver, 8567accc62ca, 33167, None)
[2025-05-21T10:54:49.768+0000] {subprocess.py:93} INFO - 25/05/21 10:54:49 INFO BlockManager: Initialized BlockManager: BlockManagerId(driver, 8567accc62ca, 33167, None)
[2025-05-21T10:54:50.644+0000] {subprocess.py:93} INFO - INFO:__main__:Lecture du fichier JSON depuis : /gold_price/news/raw/year=2025/month=5/day=21/news_data.json
[2025-05-21T10:54:50.764+0000] {subprocess.py:93} INFO - 25/05/21 10:54:50 INFO SharedState: Setting hive.metastore.warehouse.dir ('null') to the value of spark.sql.warehouse.dir.
[2025-05-21T10:54:50.779+0000] {subprocess.py:93} INFO - 25/05/21 10:54:50 INFO SharedState: Warehouse path is 'file:/opt/spark-apps/spark-warehouse'.
[2025-05-21T10:54:54.742+0000] {subprocess.py:93} INFO - 25/05/21 10:54:54 INFO InMemoryFileIndex: It took 222 ms to list leaf files for 1 paths.
[2025-05-21T10:54:55.107+0000] {subprocess.py:93} INFO - 25/05/21 10:54:55 INFO InMemoryFileIndex: It took 24 ms to list leaf files for 1 paths.
[2025-05-21T10:54:59.481+0000] {subprocess.py:93} INFO - 25/05/21 10:54:59 INFO FileSourceStrategy: Pushed Filters:
[2025-05-21T10:54:59.512+0000] {subprocess.py:93} INFO - 25/05/21 10:54:59 INFO FileSourceStrategy: Post-Scan Filters:
[2025-05-21T10:55:00.122+0000] {subprocess.py:93} INFO - 25/05/21 10:55:00 INFO MemoryStore: Block broadcast_0 stored as values in memory (estimated size 199.6 KiB, free 434.2 MiB)
[2025-05-21T10:55:00.225+0000] {subprocess.py:93} INFO - 25/05/21 10:55:00 INFO MemoryStore: Block broadcast_0_piece0 stored as bytes in memory (estimated size 34.3 KiB, free 434.2 MiB)
[2025-05-21T10:55:00.229+0000] {subprocess.py:93} INFO - 25/05/21 10:55:00 INFO BlockManagerInfo: Added broadcast_0_piece0 in memory on 8567accc62ca:33167 (size: 34.3 KiB, free: 434.4 MiB)
[2025-05-21T10:55:00.239+0000] {subprocess.py:93} INFO - 25/05/21 10:55:00 INFO SparkContext: Created broadcast 0 from json at <unknown>:0
[2025-05-21T10:55:00.260+0000] {subprocess.py:93} INFO - 25/05/21 10:55:00 INFO FileSourceScanExec: Planning scan with bin packing, max size: 4194304 bytes, open cost is considered as scanning 4194304 bytes.
[2025-05-21T10:55:00.529+0000] {subprocess.py:93} INFO - 25/05/21 10:55:00 INFO SparkContext: Starting job: json at <unknown>:0
[2025-05-21T10:55:00.571+0000] {subprocess.py:93} INFO - 25/05/21 10:55:00 INFO DAGScheduler: Got job 0 (json at <unknown>:0) with 1 output partitions
[2025-05-21T10:55:00.573+0000] {subprocess.py:93} INFO - 25/05/21 10:55:00 INFO DAGScheduler: Final stage: ResultStage 0 (json at <unknown>:0)
[2025-05-21T10:55:00.574+0000] {subprocess.py:93} INFO - 25/05/21 10:55:00 INFO DAGScheduler: Parents of final stage: List()
[2025-05-21T10:55:00.578+0000] {subprocess.py:93} INFO - 25/05/21 10:55:00 INFO DAGScheduler: Missing parents: List()
[2025-05-21T10:55:00.584+0000] {subprocess.py:93} INFO - 25/05/21 10:55:00 INFO DAGScheduler: Submitting ResultStage 0 (MapPartitionsRDD[3] at json at <unknown>:0), which has no missing parents
[2025-05-21T10:55:00.746+0000] {subprocess.py:93} INFO - 25/05/21 10:55:00 INFO MemoryStore: Block broadcast_1 stored as values in memory (estimated size 16.2 KiB, free 434.2 MiB)
[2025-05-21T10:55:00.757+0000] {subprocess.py:93} INFO - 25/05/21 10:55:00 INFO MemoryStore: Block broadcast_1_piece0 stored as bytes in memory (estimated size 7.6 KiB, free 434.1 MiB)
[2025-05-21T10:55:00.759+0000] {subprocess.py:93} INFO - 25/05/21 10:55:00 INFO BlockManagerInfo: Added broadcast_1_piece0 in memory on 8567accc62ca:33167 (size: 7.6 KiB, free: 434.4 MiB)
[2025-05-21T10:55:00.760+0000] {subprocess.py:93} INFO - 25/05/21 10:55:00 INFO SparkContext: Created broadcast 1 from broadcast at DAGScheduler.scala:1585
[2025-05-21T10:55:00.784+0000] {subprocess.py:93} INFO - 25/05/21 10:55:00 INFO DAGScheduler: Submitting 1 missing tasks from ResultStage 0 (MapPartitionsRDD[3] at json at <unknown>:0) (first 15 tasks are for partitions Vector(0))
[2025-05-21T10:55:00.786+0000] {subprocess.py:93} INFO - 25/05/21 10:55:00 INFO TaskSchedulerImpl: Adding task set 0.0 with 1 tasks resource profile 0
[2025-05-21T10:55:00.865+0000] {subprocess.py:93} INFO - 25/05/21 10:55:00 INFO TaskSetManager: Starting task 0.0 in stage 0.0 (TID 0) (8567accc62ca, executor driver, partition 0, ANY, 8258 bytes)
[2025-05-21T10:55:00.893+0000] {subprocess.py:93} INFO - 25/05/21 10:55:00 INFO Executor: Running task 0.0 in stage 0.0 (TID 0)
[2025-05-21T10:55:01.093+0000] {subprocess.py:93} INFO - 25/05/21 10:55:01 INFO FileScanRDD: Reading File path: hdfs://namenode:9000/gold_price/news/raw/year=2025/month=5/day=21/news_data.json, range: 0-82797, partition values: [empty row]
[2025-05-21T10:55:01.903+0000] {subprocess.py:93} INFO - 25/05/21 10:55:01 INFO CodeGenerator: Code generated in 727.954618 ms
[2025-05-21T10:55:02.494+0000] {subprocess.py:93} INFO - 25/05/21 10:55:02 INFO Executor: Finished task 0.0 in stage 0.0 (TID 0). 2007 bytes result sent to driver
[2025-05-21T10:55:02.523+0000] {subprocess.py:93} INFO - 25/05/21 10:55:02 INFO TaskSetManager: Finished task 0.0 in stage 0.0 (TID 0) in 1679 ms on 8567accc62ca (executor driver) (1/1)
[2025-05-21T10:55:02.527+0000] {subprocess.py:93} INFO - 25/05/21 10:55:02 INFO TaskSchedulerImpl: Removed TaskSet 0.0, whose tasks have all completed, from pool
[2025-05-21T10:55:02.541+0000] {subprocess.py:93} INFO - 25/05/21 10:55:02 INFO DAGScheduler: ResultStage 0 (json at <unknown>:0) finished in 1.922 s
[2025-05-21T10:55:02.550+0000] {subprocess.py:93} INFO - 25/05/21 10:55:02 INFO DAGScheduler: Job 0 is finished. Cancelling potential speculative or zombie tasks for this job
[2025-05-21T10:55:02.551+0000] {subprocess.py:93} INFO - 25/05/21 10:55:02 INFO TaskSchedulerImpl: Killing all running tasks in stage 0: Stage finished
[2025-05-21T10:55:02.556+0000] {subprocess.py:93} INFO - 25/05/21 10:55:02 INFO DAGScheduler: Job 0 finished: json at <unknown>:0, took 2.026757 s
[2025-05-21T10:55:02.625+0000] {subprocess.py:93} INFO - 25/05/21 10:55:02 INFO FileSourceStrategy: Pushed Filters:
[2025-05-21T10:55:02.626+0000] {subprocess.py:93} INFO - 25/05/21 10:55:02 INFO FileSourceStrategy: Post-Scan Filters:
[2025-05-21T10:55:02.636+0000] {subprocess.py:93} INFO - 25/05/21 10:55:02 INFO MemoryStore: Block broadcast_2 stored as values in memory (estimated size 199.5 KiB, free 434.0 MiB)
[2025-05-21T10:55:02.650+0000] {subprocess.py:93} INFO - 25/05/21 10:55:02 INFO MemoryStore: Block broadcast_2_piece0 stored as bytes in memory (estimated size 34.3 KiB, free 433.9 MiB)
[2025-05-21T10:55:02.654+0000] {subprocess.py:93} INFO - 25/05/21 10:55:02 INFO BlockManagerInfo: Added broadcast_2_piece0 in memory on 8567accc62ca:33167 (size: 34.3 KiB, free: 434.3 MiB)
[2025-05-21T10:55:02.656+0000] {subprocess.py:93} INFO - 25/05/21 10:55:02 INFO SparkContext: Created broadcast 2 from javaToPython at <unknown>:0
[2025-05-21T10:55:02.895+0000] {subprocess.py:93} INFO - Traceback (most recent call last):
[2025-05-21T10:55:02.896+0000] {subprocess.py:93} INFO -   File "/scripts/analyze_news.py", line 48, in <module>
[2025-05-21T10:55:02.897+0000] {subprocess.py:93} INFO -     news_rdd = news_df.rdd.map(lambda row: (
[2025-05-21T10:55:02.899+0000] {subprocess.py:93} INFO -   File "/opt/spark/python/lib/pyspark.zip/pyspark/sql/dataframe.py", line 214, in rdd
[2025-05-21T10:55:02.901+0000] {subprocess.py:93} INFO -   File "/opt/spark/python/lib/py4j-0.10.9.7-src.zip/py4j/java_gateway.py", line 1322, in __call__
[2025-05-21T10:55:02.901+0000] {subprocess.py:93} INFO -   File "/opt/spark/python/lib/pyspark.zip/pyspark/errors/exceptions/captured.py", line 185, in deco
[2025-05-21T10:55:02.911+0000] {subprocess.py:93} INFO - pyspark.errors.exceptions.captured.AnalysisException: Since Spark 2.3, the queries from raw JSON/CSV files are disallowed when the
[2025-05-21T10:55:02.912+0000] {subprocess.py:93} INFO - referenced columns only include the internal corrupt record column
[2025-05-21T10:55:02.913+0000] {subprocess.py:93} INFO - (named _corrupt_record by default). For example:
[2025-05-21T10:55:02.914+0000] {subprocess.py:93} INFO - spark.read.schema(schema).csv(file).filter($"_corrupt_record".isNotNull).count()
[2025-05-21T10:55:02.914+0000] {subprocess.py:93} INFO - and spark.read.schema(schema).csv(file).select("_corrupt_record").show().
[2025-05-21T10:55:02.915+0000] {subprocess.py:93} INFO - Instead, you can cache or save the parsed results and then send the same query.
[2025-05-21T10:55:02.915+0000] {subprocess.py:93} INFO - For example, val df = spark.read.schema(schema).csv(file).cache() and then
[2025-05-21T10:55:02.916+0000] {subprocess.py:93} INFO - df.filter($"_corrupt_record".isNotNull).count().
[2025-05-21T10:55:03.076+0000] {subprocess.py:93} INFO - 25/05/21 10:55:03 INFO SparkContext: Invoking stop() from shutdown hook
[2025-05-21T10:55:03.079+0000] {subprocess.py:93} INFO - 25/05/21 10:55:03 INFO SparkContext: SparkContext is stopping with exitCode 0.
[2025-05-21T10:55:03.127+0000] {subprocess.py:93} INFO - 25/05/21 10:55:03 INFO SparkUI: Stopped Spark web UI at http://8567accc62ca:4040
[2025-05-21T10:55:03.163+0000] {subprocess.py:93} INFO - 25/05/21 10:55:03 INFO MapOutputTrackerMasterEndpoint: MapOutputTrackerMasterEndpoint stopped!
[2025-05-21T10:55:03.186+0000] {subprocess.py:93} INFO - 25/05/21 10:55:03 INFO MemoryStore: MemoryStore cleared
[2025-05-21T10:55:03.187+0000] {subprocess.py:93} INFO - 25/05/21 10:55:03 INFO BlockManager: BlockManager stopped
[2025-05-21T10:55:03.198+0000] {subprocess.py:93} INFO - 25/05/21 10:55:03 INFO BlockManagerMaster: BlockManagerMaster stopped
[2025-05-21T10:55:03.205+0000] {subprocess.py:93} INFO - 25/05/21 10:55:03 INFO OutputCommitCoordinator$OutputCommitCoordinatorEndpoint: OutputCommitCoordinator stopped!
[2025-05-21T10:55:03.216+0000] {subprocess.py:93} INFO - 25/05/21 10:55:03 INFO SparkContext: Successfully stopped SparkContext
[2025-05-21T10:55:03.218+0000] {subprocess.py:93} INFO - 25/05/21 10:55:03 INFO ShutdownHookManager: Shutdown hook called
[2025-05-21T10:55:03.220+0000] {subprocess.py:93} INFO - 25/05/21 10:55:03 INFO ShutdownHookManager: Deleting directory /tmp/spark-ff7beaa6-88e3-4328-849d-52f012e85b14
[2025-05-21T10:55:03.225+0000] {subprocess.py:93} INFO - 25/05/21 10:55:03 INFO ShutdownHookManager: Deleting directory /tmp/spark-ed0ade7a-546e-49d4-acb4-d989dd4fb9da
[2025-05-21T10:55:03.229+0000] {subprocess.py:93} INFO - 25/05/21 10:55:03 INFO ShutdownHookManager: Deleting directory /tmp/spark-ed0ade7a-546e-49d4-acb4-d989dd4fb9da/pyspark-b1c7ca33-4dfe-4ad8-90f7-eb429df1efe5
[2025-05-21T10:55:03.344+0000] {subprocess.py:97} INFO - Command exited with return code 1
[2025-05-21T10:55:03.358+0000] {taskinstance.py:1935} ERROR - Task failed with exception
Traceback (most recent call last):
  File "/home/airflow/.local/lib/python3.9/site-packages/airflow/operators/bash.py", line 210, in execute
    raise AirflowException(
airflow.exceptions.AirflowException: Bash command failed. The command returned a non-zero exit code 1.
[2025-05-21T10:55:03.363+0000] {taskinstance.py:1398} INFO - Marking task as FAILED. dag_id=gold_news_pipeline, task_id=analyze_news, execution_date=20250521T105411, start_date=20250521T105439, end_date=20250521T105503
[2025-05-21T10:55:03.363+0000] {news_batch.py:190} ERROR - Tâche échouée : analyze_news, logs : http://localhost:8080/log?execution_date=2025-05-21T10%3A54%3A11.648634%2B00%3A00&task_id=analyze_news&dag_id=gold_news_pipeline&map_index=-1
[2025-05-21T10:55:03.381+0000] {standard_task_runner.py:104} ERROR - Failed to execute job 119 for task analyze_news (Bash command failed. The command returned a non-zero exit code 1.; 816)
[2025-05-21T10:55:03.401+0000] {local_task_job_runner.py:228} INFO - Task exited with return code 1
[2025-05-21T10:55:03.424+0000] {taskinstance.py:2776} INFO - 0 downstream tasks scheduled from follow-on schedule check
