[2025-05-12T19:12:51.964+0000] {taskinstance.py:1157} INFO - Dependencies all met for dep_context=non-requeueable deps ti=<TaskInstance: gold_news_pipeline.run_producer scheduled__2025-05-12T19:02:49.609919+00:00 [queued]>
[2025-05-12T19:12:51.977+0000] {taskinstance.py:1157} INFO - Dependencies all met for dep_context=requeueable deps ti=<TaskInstance: gold_news_pipeline.run_producer scheduled__2025-05-12T19:02:49.609919+00:00 [queued]>
[2025-05-12T19:12:51.978+0000] {taskinstance.py:1359} INFO - Starting attempt 1 of 1
[2025-05-12T19:12:51.994+0000] {taskinstance.py:1380} INFO - Executing <Task(BashOperator): run_producer> on 2025-05-12 19:02:49.609919+00:00
[2025-05-12T19:12:52.001+0000] {standard_task_runner.py:57} INFO - Started process 1598 to run task
[2025-05-12T19:12:52.006+0000] {standard_task_runner.py:84} INFO - Running: ['***', 'tasks', 'run', 'gold_news_pipeline', 'run_producer', 'scheduled__2025-05-12T19:02:49.609919+00:00', '--job-id', '135', '--raw', '--subdir', 'DAGS_FOLDER/dag_news.py', '--cfg-path', '/tmp/tmpqw5jcfqw']
[2025-05-12T19:12:52.009+0000] {standard_task_runner.py:85} INFO - Job 135: Subtask run_producer
[2025-05-12T19:12:52.071+0000] {task_command.py:415} INFO - Running <TaskInstance: gold_news_pipeline.run_producer scheduled__2025-05-12T19:02:49.609919+00:00 [running]> on host 15c1ad31969b
[2025-05-12T19:12:52.190+0000] {taskinstance.py:1660} INFO - Exporting env vars: AIRFLOW_CTX_DAG_OWNER='***' AIRFLOW_CTX_DAG_ID='gold_news_pipeline' AIRFLOW_CTX_TASK_ID='run_producer' AIRFLOW_CTX_EXECUTION_DATE='2025-05-12T19:02:49.609919+00:00' AIRFLOW_CTX_TRY_NUMBER='1' AIRFLOW_CTX_DAG_RUN_ID='scheduled__2025-05-12T19:02:49.609919+00:00'
[2025-05-12T19:12:52.193+0000] {subprocess.py:63} INFO - Tmp dir root location: /tmp
[2025-05-12T19:12:52.194+0000] {subprocess.py:75} INFO - Running command: ['/bin/bash', '-c', 'docker exec gold_price_project-kafka-1 python3 /scripts/news_producer.py']
[2025-05-12T19:12:52.209+0000] {subprocess.py:86} INFO - Output:
[2025-05-12T19:12:53.345+0000] {subprocess.py:93} INFO - Starting news ingestion for gold market...
[2025-05-12T19:12:53.347+0000] {subprocess.py:93} INFO - Searching for keywords: gold price OR XAUUSD OR gold market OR Federal Reserve OR interest rates OR tariffs OR geopolitical tensions OR inflation OR US dollar OR safe-haven assets
[2025-05-12T19:12:53.347+0000] {subprocess.py:93} INFO - 
[2025-05-12T19:12:53.348+0000] {subprocess.py:93} INFO - Fetched 10 articles at 2025-05-12 19:12:53
[2025-05-12T19:12:53.349+0000] {subprocess.py:93} INFO - Sent to Kafka: SECURITY AFFAIRS MALWARE NEWSLETTER ROUND 45...
[2025-05-12T19:12:53.349+0000] {subprocess.py:93} INFO - Sent to Kafka: Security Affairs newsletter Round 523 by Pierluigi...
[2025-05-12T19:12:53.350+0000] {subprocess.py:93} INFO - Sent to Kafka: Crypto Analyst Predicts Bitcoin To Hit $200,000 At...
[2025-05-12T19:12:53.351+0000] {subprocess.py:93} INFO - Sent to Kafka: Best Altcoins to Buy as Bitcoin Nears All-Time Hig...
[2025-05-12T19:12:53.352+0000] {subprocess.py:93} INFO - Sent to Kafka: Google will pay Texas $1.4 billion over its locati...
[2025-05-12T19:12:53.352+0000] {subprocess.py:93} INFO - Sent to Kafka: In Volatile Markets, RWAs Like Gold Are A Lifeline...
[2025-05-12T19:12:53.353+0000] {subprocess.py:93} INFO - Sent to Kafka: Top Blog SEO Tips for Higher Search Rankings | Sim...
[2025-05-12T19:12:53.354+0000] {subprocess.py:93} INFO - Sent to Kafka: George W. Bush Lit The Dollar Fire On Which Trump ...
[2025-05-12T19:12:53.354+0000] {subprocess.py:93} INFO - Sent to Kafka: The 3 Easy New Ways Anyone Can Funnel Money Direct...
[2025-05-12T19:12:53.355+0000] {subprocess.py:93} INFO - Sent to Kafka: How To Invest In Web3 In 2025...
[2025-05-12T19:12:53.356+0000] {subprocess.py:93} INFO - 
[2025-05-12T19:12:53.356+0000] {subprocess.py:93} INFO - Waiting for next poll...
[2025-05-12T19:12:53.397+0000] {subprocess.py:97} INFO - Command exited with return code 0
[2025-05-12T19:12:53.432+0000] {taskinstance.py:1398} INFO - Marking task as SUCCESS. dag_id=gold_news_pipeline, task_id=run_producer, execution_date=20250512T190249, start_date=20250512T191251, end_date=20250512T191253
[2025-05-12T19:12:53.464+0000] {local_task_job_runner.py:228} INFO - Task exited with return code 0
[2025-05-12T19:12:53.493+0000] {taskinstance.py:2776} INFO - 1 downstream tasks scheduled from follow-on schedule check
