[2025-05-20T21:20:01.787+0000] {taskinstance.py:1157} INFO - Dependencies all met for dep_context=non-requeueable deps ti=<TaskInstance: gold_model_finetuning_bash_container.prepare_fine_tune manual__2025-05-20T21:19:56.669291+00:00 [queued]>
[2025-05-20T21:20:01.798+0000] {taskinstance.py:1157} INFO - Dependencies all met for dep_context=requeueable deps ti=<TaskInstance: gold_model_finetuning_bash_container.prepare_fine_tune manual__2025-05-20T21:19:56.669291+00:00 [queued]>
[2025-05-20T21:20:01.799+0000] {taskinstance.py:1359} INFO - Starting attempt 1 of 1
[2025-05-20T21:20:01.824+0000] {taskinstance.py:1380} INFO - Executing <Task(PythonOperator): prepare_fine_tune> on 2025-05-20 21:19:56.669291+00:00
[2025-05-20T21:20:01.842+0000] {standard_task_runner.py:57} INFO - Started process 854 to run task
[2025-05-20T21:20:01.852+0000] {standard_task_runner.py:84} INFO - Running: ['***', 'tasks', 'run', 'gold_model_finetuning_bash_container', 'prepare_fine_tune', 'manual__2025-05-20T21:19:56.669291+00:00', '--job-id', '81', '--raw', '--subdir', 'DAGS_FOLDER/re_train.py', '--cfg-path', '/tmp/tmps2qtcjps']
[2025-05-20T21:20:01.860+0000] {standard_task_runner.py:85} INFO - Job 81: Subtask prepare_fine_tune
[2025-05-20T21:20:01.960+0000] {task_command.py:415} INFO - Running <TaskInstance: gold_model_finetuning_bash_container.prepare_fine_tune manual__2025-05-20T21:19:56.669291+00:00 [running]> on host be9154bb65cb
[2025-05-20T21:20:02.080+0000] {taskinstance.py:1660} INFO - Exporting env vars: AIRFLOW_CTX_DAG_OWNER='***' AIRFLOW_CTX_DAG_ID='gold_model_finetuning_bash_container' AIRFLOW_CTX_TASK_ID='prepare_fine_tune' AIRFLOW_CTX_EXECUTION_DATE='2025-05-20T21:19:56.669291+00:00' AIRFLOW_CTX_TRY_NUMBER='1' AIRFLOW_CTX_DAG_RUN_ID='manual__2025-05-20T21:19:56.669291+00:00'
[2025-05-20T21:20:02.082+0000] {re_train.py:22} INFO - Début de la tâche prepare_fine_tune
[2025-05-20T21:20:02.083+0000] {re_train.py:25} INFO - Année et mois actuels : 2025, 5
[2025-05-20T21:20:02.083+0000] {re_train.py:27} INFO - Tracking URI défini avec succès
[2025-05-20T21:20:02.247+0000] {migration.py:213} INFO - Context impl SQLiteImpl.
[2025-05-20T21:20:02.248+0000] {migration.py:216} INFO - Will assume non-transactional DDL.
[2025-05-20T21:20:02.340+0000] {re_train.py:29} INFO - Nombre de runs trouvés : 2
[2025-05-20T21:20:02.347+0000] {re_train.py:32} INFO - Run ID initial sélectionné : 2ecb49acb66c4ef88019df2dfdbd2f99
[2025-05-20T21:20:02.393+0000] {re_train.py:39} INFO - Paramètres poussés dans XCom avec succès
[2025-05-20T21:20:02.394+0000] {python.py:194} INFO - Done. Returned value was: None
[2025-05-20T21:20:02.409+0000] {taskinstance.py:1398} INFO - Marking task as SUCCESS. dag_id=gold_model_finetuning_bash_container, task_id=prepare_fine_tune, execution_date=20250520T211956, start_date=20250520T212001, end_date=20250520T212002
[2025-05-20T21:20:02.465+0000] {local_task_job_runner.py:228} INFO - Task exited with return code 0
[2025-05-20T21:20:02.502+0000] {taskinstance.py:2776} INFO - 1 downstream tasks scheduled from follow-on schedule check
