[2025-05-21T10:28:15.625+0000] {taskinstance.py:1157} INFO - Dependencies all met for dep_context=non-requeueable deps ti=<TaskInstance: gold_news_pipeline.ingest_news manual__2025-05-21T10:28:13.543111+00:00 [queued]>
[2025-05-21T10:28:15.682+0000] {taskinstance.py:1157} INFO - Dependencies all met for dep_context=requeueable deps ti=<TaskInstance: gold_news_pipeline.ingest_news manual__2025-05-21T10:28:13.543111+00:00 [queued]>
[2025-05-21T10:28:15.686+0000] {taskinstance.py:1359} INFO - Starting attempt 1 of 1
[2025-05-21T10:28:15.745+0000] {taskinstance.py:1380} INFO - Executing <Task(PythonOperator): ingest_news> on 2025-05-21 10:28:13.543111+00:00
[2025-05-21T10:28:15.769+0000] {standard_task_runner.py:57} INFO - Started process 1654 to run task
[2025-05-21T10:28:15.779+0000] {standard_task_runner.py:84} INFO - Running: ['***', 'tasks', 'run', 'gold_news_pipeline', 'ingest_news', 'manual__2025-05-21T10:28:13.543111+00:00', '--job-id', '109', '--raw', '--subdir', 'DAGS_FOLDER/news_batch.py', '--cfg-path', '/tmp/tmp2e1sdsfh']
[2025-05-21T10:28:15.810+0000] {standard_task_runner.py:85} INFO - Job 109: Subtask ingest_news
[2025-05-21T10:28:16.006+0000] {task_command.py:415} INFO - Running <TaskInstance: gold_news_pipeline.ingest_news manual__2025-05-21T10:28:13.543111+00:00 [running]> on host cf1d2898936c
[2025-05-21T10:28:16.187+0000] {taskinstance.py:1660} INFO - Exporting env vars: AIRFLOW_CTX_DAG_OWNER='***' AIRFLOW_CTX_DAG_ID='gold_news_pipeline' AIRFLOW_CTX_TASK_ID='ingest_news' AIRFLOW_CTX_EXECUTION_DATE='2025-05-21T10:28:13.543111+00:00' AIRFLOW_CTX_TRY_NUMBER='1' AIRFLOW_CTX_DAG_RUN_ID='manual__2025-05-21T10:28:13.543111+00:00'
[2025-05-21T10:28:16.190+0000] {news_batch.py:40} INFO - Requête API NewsAPI, page 1...
[2025-05-21T10:28:16.606+0000] {news_batch.py:40} INFO - Requête API NewsAPI, page 2...
[2025-05-21T10:28:17.261+0000] {news_batch.py:40} INFO - Requête API NewsAPI, page 3...
[2025-05-21T10:28:17.545+0000] {news_batch.py:40} INFO - Requête API NewsAPI, page 4...
[2025-05-21T10:28:17.804+0000] {news_batch.py:40} INFO - Requête API NewsAPI, page 5...
[2025-05-21T10:28:18.076+0000] {news_batch.py:40} INFO - Requête API NewsAPI, page 6...
[2025-05-21T10:28:18.431+0000] {news_batch.py:40} INFO - Requête API NewsAPI, page 7...
[2025-05-21T10:28:18.742+0000] {news_batch.py:40} INFO - Requête API NewsAPI, page 8...
[2025-05-21T10:28:19.026+0000] {news_batch.py:40} INFO - Requête API NewsAPI, page 9...
[2025-05-21T10:28:19.308+0000] {news_batch.py:40} INFO - Requête API NewsAPI, page 10...
[2025-05-21T10:28:19.604+0000] {news_batch.py:40} INFO - Requête API NewsAPI, page 11...
[2025-05-21T10:28:19.866+0000] {news_batch.py:82} ERROR - Erreur lors de la requête API NewsAPI : 426 Client Error: Upgrade Required for url: https://newsapi.org/v2/everything?q=gold+market+OR+gold+price&apiKey=a461cd91622142459cf65995e3a403ed&language=en&sortBy=publishedAt&pageSize=10&page=11
[2025-05-21T10:28:19.868+0000] {taskinstance.py:1935} ERROR - Task failed with exception
Traceback (most recent call last):
  File "/home/airflow/.local/lib/python3.9/site-packages/airflow/operators/python.py", line 192, in execute
    return_value = self.execute_callable()
  File "/home/airflow/.local/lib/python3.9/site-packages/airflow/operators/python.py", line 209, in execute_callable
    return self.python_callable(*self.op_args, **self.op_kwargs)
  File "/opt/airflow/dags/news_batch.py", line 42, in ingest_news
    response.raise_for_status()  # Lève une exception si la requête échoue
  File "/home/airflow/.local/lib/python3.9/site-packages/requests/models.py", line 1021, in raise_for_status
    raise HTTPError(http_error_msg, response=self)
requests.exceptions.HTTPError: 426 Client Error: Upgrade Required for url: https://newsapi.org/v2/everything?q=gold+market+OR+gold+price&apiKey=a461cd91622142459cf65995e3a403ed&language=en&sortBy=publishedAt&pageSize=10&page=11
[2025-05-21T10:28:19.885+0000] {taskinstance.py:1398} INFO - Marking task as FAILED. dag_id=gold_news_pipeline, task_id=ingest_news, execution_date=20250521T102813, start_date=20250521T102815, end_date=20250521T102819
[2025-05-21T10:28:19.908+0000] {standard_task_runner.py:104} ERROR - Failed to execute job 109 for task ingest_news (426 Client Error: Upgrade Required for url: https://newsapi.org/v2/everything?q=gold+market+OR+gold+price&apiKey=a461cd91622142459cf65995e3a403ed&language=en&sortBy=publishedAt&pageSize=10&page=11; 1654)
[2025-05-21T10:28:19.933+0000] {local_task_job_runner.py:228} INFO - Task exited with return code 1
[2025-05-21T10:28:19.975+0000] {taskinstance.py:2776} INFO - 0 downstream tasks scheduled from follow-on schedule check
