[2025-05-21T13:40:42.049+0000] {taskinstance.py:1157} INFO - Dependencies all met for dep_context=non-requeueable deps ti=<TaskInstance: gold_news_pipeline.ingest_news manual__2025-05-21T13:40:39.817082+00:00 [queued]>
[2025-05-21T13:40:42.062+0000] {taskinstance.py:1157} INFO - Dependencies all met for dep_context=requeueable deps ti=<TaskInstance: gold_news_pipeline.ingest_news manual__2025-05-21T13:40:39.817082+00:00 [queued]>
[2025-05-21T13:40:42.063+0000] {taskinstance.py:1359} INFO - Starting attempt 1 of 1
[2025-05-21T13:40:42.080+0000] {taskinstance.py:1380} INFO - Executing <Task(PythonOperator): ingest_news> on 2025-05-21 13:40:39.817082+00:00
[2025-05-21T13:40:42.090+0000] {standard_task_runner.py:57} INFO - Started process 6640 to run task
[2025-05-21T13:40:42.095+0000] {standard_task_runner.py:84} INFO - Running: ['***', 'tasks', 'run', 'gold_news_pipeline', 'ingest_news', 'manual__2025-05-21T13:40:39.817082+00:00', '--job-id', '155', '--raw', '--subdir', 'DAGS_FOLDER/news_batch.py', '--cfg-path', '/tmp/tmp39thdcj1']
[2025-05-21T13:40:42.098+0000] {standard_task_runner.py:85} INFO - Job 155: Subtask ingest_news
[2025-05-21T13:40:42.164+0000] {task_command.py:415} INFO - Running <TaskInstance: gold_news_pipeline.ingest_news manual__2025-05-21T13:40:39.817082+00:00 [running]> on host 5c6832b8ad2a
[2025-05-21T13:40:42.272+0000] {taskinstance.py:1660} INFO - Exporting env vars: AIRFLOW_CTX_DAG_OWNER='***' AIRFLOW_CTX_DAG_ID='gold_news_pipeline' AIRFLOW_CTX_TASK_ID='ingest_news' AIRFLOW_CTX_EXECUTION_DATE='2025-05-21T13:40:39.817082+00:00' AIRFLOW_CTX_TRY_NUMBER='1' AIRFLOW_CTX_DAG_RUN_ID='manual__2025-05-21T13:40:39.817082+00:00'
[2025-05-21T13:40:42.276+0000] {news_batch.py:43} INFO - Requête API NewsAPI, page 1...
[2025-05-21T13:40:42.965+0000] {news_batch.py:43} INFO - Requête API NewsAPI, page 2...
[2025-05-21T13:40:43.229+0000] {news_batch.py:43} INFO - Requête API NewsAPI, page 3...
[2025-05-21T13:40:43.502+0000] {news_batch.py:43} INFO - Requête API NewsAPI, page 4...
[2025-05-21T13:40:43.768+0000] {news_batch.py:43} INFO - Requête API NewsAPI, page 5...
[2025-05-21T13:40:44.047+0000] {news_batch.py:43} INFO - Requête API NewsAPI, page 6...
[2025-05-21T13:40:44.350+0000] {news_batch.py:43} INFO - Requête API NewsAPI, page 7...
[2025-05-21T13:40:44.615+0000] {news_batch.py:43} INFO - Requête API NewsAPI, page 8...
[2025-05-21T13:40:44.888+0000] {news_batch.py:43} INFO - Requête API NewsAPI, page 9...
[2025-05-21T13:40:45.498+0000] {news_batch.py:43} INFO - Requête API NewsAPI, page 10...
[2025-05-21T13:40:46.115+0000] {news_batch.py:71} INFO - Écriture des données dans /app/news_gold_market_20250521_134046.json...
[2025-05-21T13:40:46.144+0000] {news_batch.py:80} INFO - Total de 99 news ingérées et sauvegardées dans /app/news_gold_market_20250521_134046.json
[2025-05-21T13:40:46.148+0000] {python.py:194} INFO - Done. Returned value was: True
[2025-05-21T13:40:46.180+0000] {taskinstance.py:1398} INFO - Marking task as SUCCESS. dag_id=gold_news_pipeline, task_id=ingest_news, execution_date=20250521T134039, start_date=20250521T134042, end_date=20250521T134046
[2025-05-21T13:40:46.212+0000] {local_task_job_runner.py:228} INFO - Task exited with return code 0
[2025-05-21T13:40:46.256+0000] {taskinstance.py:2776} INFO - 1 downstream tasks scheduled from follow-on schedule check
