[2025-05-09T19:32:29.724+0000] {taskinstance.py:1157} INFO - Dependencies all met for dep_context=non-requeueable deps ti=<TaskInstance: gold_news_pipeline.run_producer scheduled__2025-05-09T19:21:57.104967+00:00 [queued]>
[2025-05-09T19:32:29.738+0000] {taskinstance.py:1157} INFO - Dependencies all met for dep_context=requeueable deps ti=<TaskInstance: gold_news_pipeline.run_producer scheduled__2025-05-09T19:21:57.104967+00:00 [queued]>
[2025-05-09T19:32:29.738+0000] {taskinstance.py:1359} INFO - Starting attempt 1 of 1
[2025-05-09T19:32:29.757+0000] {taskinstance.py:1380} INFO - Executing <Task(BashOperator): run_producer> on 2025-05-09 19:21:57.104967+00:00
[2025-05-09T19:32:29.765+0000] {standard_task_runner.py:57} INFO - Started process 395 to run task
[2025-05-09T19:32:29.771+0000] {standard_task_runner.py:84} INFO - Running: ['***', 'tasks', 'run', 'gold_news_pipeline', 'run_producer', 'scheduled__2025-05-09T19:21:57.104967+00:00', '--job-id', '66', '--raw', '--subdir', 'DAGS_FOLDER/dag_streaming.py', '--cfg-path', '/tmp/tmp_g3l6kko']
[2025-05-09T19:32:29.780+0000] {standard_task_runner.py:85} INFO - Job 66: Subtask run_producer
[2025-05-09T19:32:29.902+0000] {task_command.py:415} INFO - Running <TaskInstance: gold_news_pipeline.run_producer scheduled__2025-05-09T19:21:57.104967+00:00 [running]> on host 6df022cfc9bf
[2025-05-09T19:32:30.059+0000] {taskinstance.py:1660} INFO - Exporting env vars: AIRFLOW_CTX_DAG_OWNER='***' AIRFLOW_CTX_DAG_ID='gold_news_pipeline' AIRFLOW_CTX_TASK_ID='run_producer' AIRFLOW_CTX_EXECUTION_DATE='2025-05-09T19:21:57.104967+00:00' AIRFLOW_CTX_TRY_NUMBER='1' AIRFLOW_CTX_DAG_RUN_ID='scheduled__2025-05-09T19:21:57.104967+00:00'
[2025-05-09T19:32:30.062+0000] {subprocess.py:63} INFO - Tmp dir root location: /tmp
[2025-05-09T19:32:30.064+0000] {subprocess.py:75} INFO - Running command: ['/bin/bash', '-c', 'docker exec gold_price_project-kafka-1 python3 /scripts/news_producer.py']
[2025-05-09T19:32:30.078+0000] {subprocess.py:86} INFO - Output:
[2025-05-09T19:32:31.039+0000] {subprocess.py:93} INFO - Starting news ingestion for gold market...
[2025-05-09T19:32:31.040+0000] {subprocess.py:93} INFO - Searching for keywords: gold price OR XAUUSD OR gold market OR Federal Reserve OR interest rates OR tariffs OR geopolitical tensions OR inflation OR US dollar OR safe-haven assets
[2025-05-09T19:32:31.040+0000] {subprocess.py:93} INFO - 
[2025-05-09T19:32:31.043+0000] {subprocess.py:93} INFO - Fetched 10 articles at 2025-05-09 19:32:30
[2025-05-09T19:32:31.044+0000] {subprocess.py:93} INFO - Sent to Kafka: How Is AI Redefining Content in the Attention Econ...
[2025-05-09T19:32:31.045+0000] {subprocess.py:93} INFO - Sent to Kafka: Latin Metals Appoints Eduardo Leon as Vice Preside...
[2025-05-09T19:32:31.046+0000] {subprocess.py:93} INFO - Sent to Kafka: The LockBit ransomware site was breached, database...
[2025-05-09T19:32:31.046+0000] {subprocess.py:93} INFO - Sent to Kafka: Trump Says Fed Chair 'Is Not in Love With Me' as C...
[2025-05-09T19:32:31.047+0000] {subprocess.py:93} INFO - Sent to Kafka: Is US President Trump A Bitcoin Whale? Son Eric Sa...
[2025-05-09T19:32:31.048+0000] {subprocess.py:93} INFO - Sent to Kafka: RFK Jr.’s Former Running Mate Shanahan Says He ‘Li...
[2025-05-09T19:32:31.049+0000] {subprocess.py:93} INFO - Sent to Kafka: McEwen Mining: Q1 2025 Results...
[2025-05-09T19:32:31.052+0000] {subprocess.py:93} INFO - Sent to Kafka: IIFL Finance Q4 Results: Profit falls 42% to Rs 25...
[2025-05-09T19:32:31.055+0000] {subprocess.py:93} INFO - Sent to Kafka: Gold ETFs Record Strongest Inflows Since 2022, Say...
[2025-05-09T19:32:31.061+0000] {subprocess.py:93} INFO - Sent to Kafka: (PR) Lenovo Unveils the New Legion 9i (18", 10) Ga...
[2025-05-09T19:32:31.062+0000] {subprocess.py:93} INFO - 
[2025-05-09T19:32:31.064+0000] {subprocess.py:93} INFO - Waiting for next poll...
[2025-05-09T19:32:31.145+0000] {subprocess.py:97} INFO - Command exited with return code 0
[2025-05-09T19:32:31.221+0000] {taskinstance.py:1398} INFO - Marking task as SUCCESS. dag_id=gold_news_pipeline, task_id=run_producer, execution_date=20250509T192157, start_date=20250509T193229, end_date=20250509T193231
[2025-05-09T19:32:31.275+0000] {local_task_job_runner.py:228} INFO - Task exited with return code 0
[2025-05-09T19:32:31.364+0000] {taskinstance.py:2776} INFO - 1 downstream tasks scheduled from follow-on schedule check
