[2025-05-17T18:23:22.613+0000] {taskinstance.py:1157} INFO - Dependencies all met for dep_context=non-requeueable deps ti=<TaskInstance: gold_news_pipeline.run_producer manual__2025-05-17T18:23:13.837174+00:00 [queued]>
[2025-05-17T18:23:22.632+0000] {taskinstance.py:1157} INFO - Dependencies all met for dep_context=requeueable deps ti=<TaskInstance: gold_news_pipeline.run_producer manual__2025-05-17T18:23:13.837174+00:00 [queued]>
[2025-05-17T18:23:22.633+0000] {taskinstance.py:1359} INFO - Starting attempt 1 of 1
[2025-05-17T18:23:22.658+0000] {taskinstance.py:1380} INFO - Executing <Task(BashOperator): run_producer> on 2025-05-17 18:23:13.837174+00:00
[2025-05-17T18:23:22.668+0000] {standard_task_runner.py:57} INFO - Started process 5916 to run task
[2025-05-17T18:23:22.674+0000] {standard_task_runner.py:84} INFO - Running: ['***', 'tasks', 'run', 'gold_news_pipeline', 'run_producer', 'manual__2025-05-17T18:23:13.837174+00:00', '--job-id', '15', '--raw', '--subdir', 'DAGS_FOLDER/dag_news.py', '--cfg-path', '/tmp/tmpq9iw8n21']
[2025-05-17T18:23:22.678+0000] {standard_task_runner.py:85} INFO - Job 15: Subtask run_producer
[2025-05-17T18:23:22.758+0000] {task_command.py:415} INFO - Running <TaskInstance: gold_news_pipeline.run_producer manual__2025-05-17T18:23:13.837174+00:00 [running]> on host 4b92f5eadd4f
[2025-05-17T18:23:22.892+0000] {taskinstance.py:1660} INFO - Exporting env vars: AIRFLOW_CTX_DAG_OWNER='***' AIRFLOW_CTX_DAG_ID='gold_news_pipeline' AIRFLOW_CTX_TASK_ID='run_producer' AIRFLOW_CTX_EXECUTION_DATE='2025-05-17T18:23:13.837174+00:00' AIRFLOW_CTX_TRY_NUMBER='1' AIRFLOW_CTX_DAG_RUN_ID='manual__2025-05-17T18:23:13.837174+00:00'
[2025-05-17T18:23:22.896+0000] {subprocess.py:63} INFO - Tmp dir root location: /tmp
[2025-05-17T18:23:22.898+0000] {subprocess.py:75} INFO - Running command: ['/bin/bash', '-c', 'docker exec gold_price_project-kafka-1 python3 /scripts/news_producer.py']
[2025-05-17T18:23:22.934+0000] {subprocess.py:86} INFO - Output:
[2025-05-17T18:23:25.564+0000] {subprocess.py:93} INFO - Starting news ingestion for gold market...
[2025-05-17T18:23:25.567+0000] {subprocess.py:93} INFO - Searching for keywords: gold price OR XAUUSD OR gold market OR Federal Reserve OR interest rates OR tariffs OR geopolitical tensions OR inflation OR US dollar OR safe-haven assets
[2025-05-17T18:23:25.570+0000] {subprocess.py:93} INFO - 
[2025-05-17T18:23:25.574+0000] {subprocess.py:93} INFO - Fetched 10 articles at 2025-05-17 18:23:25
[2025-05-17T18:23:25.575+0000] {subprocess.py:93} INFO - Sent to Kafka: Gold prices are falling: 3 gold investments that c...
[2025-05-17T18:23:25.578+0000] {subprocess.py:93} INFO - Sent to Kafka: Bitcoin breaks out while Coinbase breaks down: Fin...
[2025-05-17T18:23:25.581+0000] {subprocess.py:93} INFO - Sent to Kafka: Sovereign Wealth Funds Are Racing For Bitcoin, Rev...
[2025-05-17T18:23:25.582+0000] {subprocess.py:93} INFO - Sent to Kafka: Trump-tied World Liberty Financial Rebuffs U.S. Se...
[2025-05-17T18:23:25.583+0000] {subprocess.py:93} INFO - Sent to Kafka: America just imported a mountain of gold. Here's w...
[2025-05-17T18:23:25.588+0000] {subprocess.py:93} INFO - Sent to Kafka: America just imported a mountain of gold. Here's w...
[2025-05-17T18:23:25.590+0000] {subprocess.py:93} INFO - Sent to Kafka: How to trade gold and bitcoin after the big stock ...
[2025-05-17T18:23:25.593+0000] {subprocess.py:93} INFO - Sent to Kafka: Why More Americans Are Turning to Gold to Secure T...
[2025-05-17T18:23:25.595+0000] {subprocess.py:93} INFO - Sent to Kafka: Gold declines as traders book profits on U.S.-Chin...
[2025-05-17T18:23:25.597+0000] {subprocess.py:93} INFO - Sent to Kafka: Fidelity macro director recommends 4:1 Gold, Bitco...
[2025-05-17T18:23:25.598+0000] {subprocess.py:93} INFO - 
[2025-05-17T18:23:25.600+0000] {subprocess.py:93} INFO - Waiting for next poll...
[2025-05-17T18:23:25.667+0000] {subprocess.py:97} INFO - Command exited with return code 0
[2025-05-17T18:23:25.813+0000] {taskinstance.py:1398} INFO - Marking task as SUCCESS. dag_id=gold_news_pipeline, task_id=run_producer, execution_date=20250517T182313, start_date=20250517T182322, end_date=20250517T182325
[2025-05-17T18:23:25.879+0000] {local_task_job_runner.py:228} INFO - Task exited with return code 0
[2025-05-17T18:23:25.937+0000] {taskinstance.py:2776} INFO - 1 downstream tasks scheduled from follow-on schedule check
