[2025-05-09T19:44:06.260+0000] {taskinstance.py:1157} INFO - Dependencies all met for dep_context=non-requeueable deps ti=<TaskInstance: gold_news_pipeline.run_consumer scheduled__2025-05-09T19:34:00.453562+00:00 [queued]>
[2025-05-09T19:44:06.276+0000] {taskinstance.py:1157} INFO - Dependencies all met for dep_context=requeueable deps ti=<TaskInstance: gold_news_pipeline.run_consumer scheduled__2025-05-09T19:34:00.453562+00:00 [queued]>
[2025-05-09T19:44:06.277+0000] {taskinstance.py:1359} INFO - Starting attempt 1 of 1
[2025-05-09T19:44:06.297+0000] {taskinstance.py:1380} INFO - Executing <Task(BashOperator): run_consumer> on 2025-05-09 19:34:00.453562+00:00
[2025-05-09T19:44:06.303+0000] {standard_task_runner.py:57} INFO - Started process 1646 to run task
[2025-05-09T19:44:06.312+0000] {standard_task_runner.py:84} INFO - Running: ['***', 'tasks', 'run', 'gold_news_pipeline', 'run_consumer', 'scheduled__2025-05-09T19:34:00.453562+00:00', '--job-id', '72', '--raw', '--subdir', 'DAGS_FOLDER/dag_streaming.py', '--cfg-path', '/tmp/tmpxs3f5nw5']
[2025-05-09T19:44:06.317+0000] {standard_task_runner.py:85} INFO - Job 72: Subtask run_consumer
[2025-05-09T19:44:06.418+0000] {task_command.py:415} INFO - Running <TaskInstance: gold_news_pipeline.run_consumer scheduled__2025-05-09T19:34:00.453562+00:00 [running]> on host 6df022cfc9bf
[2025-05-09T19:44:06.549+0000] {taskinstance.py:1660} INFO - Exporting env vars: AIRFLOW_CTX_DAG_OWNER='***' AIRFLOW_CTX_DAG_ID='gold_news_pipeline' AIRFLOW_CTX_TASK_ID='run_consumer' AIRFLOW_CTX_EXECUTION_DATE='2025-05-09T19:34:00.453562+00:00' AIRFLOW_CTX_TRY_NUMBER='1' AIRFLOW_CTX_DAG_RUN_ID='scheduled__2025-05-09T19:34:00.453562+00:00'
[2025-05-09T19:44:06.552+0000] {subprocess.py:63} INFO - Tmp dir root location: /tmp
[2025-05-09T19:44:06.554+0000] {subprocess.py:75} INFO - Running command: ['/bin/bash', '-c', 'docker exec gold_price_project-spark-1 spark-submit --packages org.apache.spark:spark-sql-kafka-0-10_2.12:3.5.0,com.datastax.spark:spark-cassandra-connector_2.12:3.5.0 /scripts/spark_news.py']
[2025-05-09T19:44:06.569+0000] {subprocess.py:86} INFO - Output:
[2025-05-09T19:44:10.479+0000] {subprocess.py:93} INFO - :: loading settings :: url = jar:file:/opt/spark/jars/ivy-2.5.1.jar!/org/apache/ivy/core/settings/ivysettings.xml
[2025-05-09T19:44:10.711+0000] {subprocess.py:93} INFO - Ivy Default Cache set to: /root/.ivy2/cache
[2025-05-09T19:44:10.717+0000] {subprocess.py:93} INFO - The jars for the packages stored in: /root/.ivy2/jars
[2025-05-09T19:44:10.724+0000] {subprocess.py:93} INFO - org.apache.spark#spark-sql-kafka-0-10_2.12 added as a dependency
[2025-05-09T19:44:10.725+0000] {subprocess.py:93} INFO - com.datastax.spark#spark-cassandra-connector_2.12 added as a dependency
[2025-05-09T19:44:10.727+0000] {subprocess.py:93} INFO - :: resolving dependencies :: org.apache.spark#spark-submit-parent-0f4ea908-8af5-4fd0-854e-3c888b9298c7;1.0
[2025-05-09T19:44:10.728+0000] {subprocess.py:93} INFO - 	confs: [default]
[2025-05-09T19:44:11.171+0000] {subprocess.py:93} INFO - 	found org.apache.spark#spark-sql-kafka-0-10_2.12;3.5.0 in central
[2025-05-09T19:44:11.300+0000] {subprocess.py:93} INFO - 	found org.apache.spark#spark-token-provider-kafka-0-10_2.12;3.5.0 in central
[2025-05-09T19:44:11.368+0000] {subprocess.py:93} INFO - 	found org.apache.kafka#kafka-clients;3.4.1 in central
[2025-05-09T19:44:11.414+0000] {subprocess.py:93} INFO - 	found org.lz4#lz4-java;1.8.0 in central
[2025-05-09T19:44:11.464+0000] {subprocess.py:93} INFO - 	found org.xerial.snappy#snappy-java;1.1.10.3 in central
[2025-05-09T19:44:11.508+0000] {subprocess.py:93} INFO - 	found org.slf4j#slf4j-api;2.0.7 in central
[2025-05-09T19:44:11.554+0000] {subprocess.py:93} INFO - 	found org.apache.hadoop#hadoop-client-runtime;3.3.4 in central
[2025-05-09T19:44:11.610+0000] {subprocess.py:93} INFO - 	found org.apache.hadoop#hadoop-client-api;3.3.4 in central
[2025-05-09T19:44:11.667+0000] {subprocess.py:93} INFO - 	found commons-logging#commons-logging;1.1.3 in central
[2025-05-09T19:44:11.762+0000] {subprocess.py:93} INFO - 	found com.google.code.findbugs#jsr305;3.0.0 in central
[2025-05-09T19:44:11.839+0000] {subprocess.py:93} INFO - 	found org.apache.commons#commons-pool2;2.11.1 in central
[2025-05-09T19:44:11.888+0000] {subprocess.py:93} INFO - 	found com.datastax.spark#spark-cassandra-connector_2.12;3.5.0 in central
[2025-05-09T19:44:11.920+0000] {subprocess.py:93} INFO - 	found com.datastax.spark#spark-cassandra-connector-driver_2.12;3.5.0 in central
[2025-05-09T19:44:12.023+0000] {subprocess.py:93} INFO - 	found org.scala-lang.modules#scala-collection-compat_2.12;2.11.0 in central
[2025-05-09T19:44:12.071+0000] {subprocess.py:93} INFO - 	found com.datastax.oss#java-driver-core-shaded;4.13.0 in central
[2025-05-09T19:44:12.107+0000] {subprocess.py:93} INFO - 	found com.datastax.oss#native-protocol;1.5.0 in central
[2025-05-09T19:44:12.144+0000] {subprocess.py:93} INFO - 	found com.datastax.oss#java-driver-shaded-guava;25.1-jre-graal-sub-1 in central
[2025-05-09T19:44:12.173+0000] {subprocess.py:93} INFO - 	found com.typesafe#config;1.4.1 in central
[2025-05-09T19:44:12.218+0000] {subprocess.py:93} INFO - 	found io.dropwizard.metrics#metrics-core;4.1.18 in central
[2025-05-09T19:44:12.245+0000] {subprocess.py:93} INFO - 	found org.hdrhistogram#HdrHistogram;2.1.12 in central
[2025-05-09T19:44:12.270+0000] {subprocess.py:93} INFO - 	found org.reactivestreams#reactive-streams;1.0.3 in central
[2025-05-09T19:44:12.291+0000] {subprocess.py:93} INFO - 	found com.github.stephenc.jcip#jcip-annotations;1.0-1 in central
[2025-05-09T19:44:12.323+0000] {subprocess.py:93} INFO - 	found com.github.spotbugs#spotbugs-annotations;3.1.12 in central
[2025-05-09T19:44:12.354+0000] {subprocess.py:93} INFO - 	found com.google.code.findbugs#jsr305;3.0.2 in central
[2025-05-09T19:44:12.389+0000] {subprocess.py:93} INFO - 	found com.datastax.oss#java-driver-mapper-runtime;4.13.0 in central
[2025-05-09T19:44:12.416+0000] {subprocess.py:93} INFO - 	found com.datastax.oss#java-driver-query-builder;4.13.0 in central
[2025-05-09T19:44:12.448+0000] {subprocess.py:93} INFO - 	found org.apache.commons#commons-lang3;3.10 in central
[2025-05-09T19:44:12.463+0000] {subprocess.py:93} INFO - 	found com.thoughtworks.paranamer#paranamer;2.8 in central
[2025-05-09T19:44:12.488+0000] {subprocess.py:93} INFO - 	found org.scala-lang#scala-reflect;2.12.11 in central
[2025-05-09T19:44:12.610+0000] {subprocess.py:93} INFO - :: resolution report :: resolve 1801ms :: artifacts dl 75ms
[2025-05-09T19:44:12.611+0000] {subprocess.py:93} INFO - 	:: modules in use:
[2025-05-09T19:44:12.617+0000] {subprocess.py:93} INFO - 	com.datastax.oss#java-driver-core-shaded;4.13.0 from central in [default]
[2025-05-09T19:44:12.621+0000] {subprocess.py:93} INFO - 	com.datastax.oss#java-driver-mapper-runtime;4.13.0 from central in [default]
[2025-05-09T19:44:12.622+0000] {subprocess.py:93} INFO - 	com.datastax.oss#java-driver-query-builder;4.13.0 from central in [default]
[2025-05-09T19:44:12.623+0000] {subprocess.py:93} INFO - 	com.datastax.oss#java-driver-shaded-guava;25.1-jre-graal-sub-1 from central in [default]
[2025-05-09T19:44:12.624+0000] {subprocess.py:93} INFO - 	com.datastax.oss#native-protocol;1.5.0 from central in [default]
[2025-05-09T19:44:12.625+0000] {subprocess.py:93} INFO - 	com.datastax.spark#spark-cassandra-connector-driver_2.12;3.5.0 from central in [default]
[2025-05-09T19:44:12.626+0000] {subprocess.py:93} INFO - 	com.datastax.spark#spark-cassandra-connector_2.12;3.5.0 from central in [default]
[2025-05-09T19:44:12.626+0000] {subprocess.py:93} INFO - 	com.github.spotbugs#spotbugs-annotations;3.1.12 from central in [default]
[2025-05-09T19:44:12.627+0000] {subprocess.py:93} INFO - 	com.github.stephenc.jcip#jcip-annotations;1.0-1 from central in [default]
[2025-05-09T19:44:12.628+0000] {subprocess.py:93} INFO - 	com.google.code.findbugs#jsr305;3.0.2 from central in [default]
[2025-05-09T19:44:12.630+0000] {subprocess.py:93} INFO - 	com.thoughtworks.paranamer#paranamer;2.8 from central in [default]
[2025-05-09T19:44:12.631+0000] {subprocess.py:93} INFO - 	com.typesafe#config;1.4.1 from central in [default]
[2025-05-09T19:44:12.636+0000] {subprocess.py:93} INFO - 	commons-logging#commons-logging;1.1.3 from central in [default]
[2025-05-09T19:44:12.638+0000] {subprocess.py:93} INFO - 	io.dropwizard.metrics#metrics-core;4.1.18 from central in [default]
[2025-05-09T19:44:12.641+0000] {subprocess.py:93} INFO - 	org.apache.commons#commons-lang3;3.10 from central in [default]
[2025-05-09T19:44:12.641+0000] {subprocess.py:93} INFO - 	org.apache.commons#commons-pool2;2.11.1 from central in [default]
[2025-05-09T19:44:12.642+0000] {subprocess.py:93} INFO - 	org.apache.hadoop#hadoop-client-api;3.3.4 from central in [default]
[2025-05-09T19:44:12.643+0000] {subprocess.py:93} INFO - 	org.apache.hadoop#hadoop-client-runtime;3.3.4 from central in [default]
[2025-05-09T19:44:12.644+0000] {subprocess.py:93} INFO - 	org.apache.kafka#kafka-clients;3.4.1 from central in [default]
[2025-05-09T19:44:12.645+0000] {subprocess.py:93} INFO - 	org.apache.spark#spark-sql-kafka-0-10_2.12;3.5.0 from central in [default]
[2025-05-09T19:44:12.645+0000] {subprocess.py:93} INFO - 	org.apache.spark#spark-token-provider-kafka-0-10_2.12;3.5.0 from central in [default]
[2025-05-09T19:44:12.646+0000] {subprocess.py:93} INFO - 	org.hdrhistogram#HdrHistogram;2.1.12 from central in [default]
[2025-05-09T19:44:12.646+0000] {subprocess.py:93} INFO - 	org.lz4#lz4-java;1.8.0 from central in [default]
[2025-05-09T19:44:12.647+0000] {subprocess.py:93} INFO - 	org.reactivestreams#reactive-streams;1.0.3 from central in [default]
[2025-05-09T19:44:12.647+0000] {subprocess.py:93} INFO - 	org.scala-lang#scala-reflect;2.12.11 from central in [default]
[2025-05-09T19:44:12.648+0000] {subprocess.py:93} INFO - 	org.scala-lang.modules#scala-collection-compat_2.12;2.11.0 from central in [default]
[2025-05-09T19:44:12.649+0000] {subprocess.py:93} INFO - 	org.slf4j#slf4j-api;2.0.7 from central in [default]
[2025-05-09T19:44:12.651+0000] {subprocess.py:93} INFO - 	org.xerial.snappy#snappy-java;1.1.10.3 from central in [default]
[2025-05-09T19:44:12.652+0000] {subprocess.py:93} INFO - 	:: evicted modules:
[2025-05-09T19:44:12.653+0000] {subprocess.py:93} INFO - 	com.google.code.findbugs#jsr305;3.0.0 by [com.google.code.findbugs#jsr305;3.0.2] in [default]
[2025-05-09T19:44:12.653+0000] {subprocess.py:93} INFO - 	org.slf4j#slf4j-api;1.7.26 by [org.slf4j#slf4j-api;2.0.7] in [default]
[2025-05-09T19:44:12.654+0000] {subprocess.py:93} INFO - 	---------------------------------------------------------------------
[2025-05-09T19:44:12.654+0000] {subprocess.py:93} INFO - 	|                  |            modules            ||   artifacts   |
[2025-05-09T19:44:12.655+0000] {subprocess.py:93} INFO - 	|       conf       | number| search|dwnlded|evicted|| number|dwnlded|
[2025-05-09T19:44:12.655+0000] {subprocess.py:93} INFO - 	---------------------------------------------------------------------
[2025-05-09T19:44:12.656+0000] {subprocess.py:93} INFO - 	|      default     |   30  |   0   |   0   |   2   ||   28  |   0   |
[2025-05-09T19:44:12.656+0000] {subprocess.py:93} INFO - 	---------------------------------------------------------------------
[2025-05-09T19:44:12.658+0000] {subprocess.py:93} INFO - :: retrieving :: org.apache.spark#spark-submit-parent-0f4ea908-8af5-4fd0-854e-3c888b9298c7
[2025-05-09T19:44:12.659+0000] {subprocess.py:93} INFO - 	confs: [default]
[2025-05-09T19:44:12.898+0000] {subprocess.py:93} INFO - 	2 artifacts copied, 26 already retrieved (32177kB/232ms)
[2025-05-09T19:44:13.311+0000] {subprocess.py:93} INFO - 25/05/09 19:44:13 WARN NativeCodeLoader: Unable to load native-hadoop library for your platform... using builtin-java classes where applicable
[2025-05-09T19:44:15.150+0000] {subprocess.py:93} INFO - 25/05/09 19:44:15 INFO SparkContext: Running Spark version 3.5.1
[2025-05-09T19:44:15.151+0000] {subprocess.py:93} INFO - 25/05/09 19:44:15 INFO SparkContext: OS info Linux, 5.15.167.4-microsoft-standard-WSL2, amd64
[2025-05-09T19:44:15.151+0000] {subprocess.py:93} INFO - 25/05/09 19:44:15 INFO SparkContext: Java version 11.0.22
[2025-05-09T19:44:15.203+0000] {subprocess.py:93} INFO - 25/05/09 19:44:15 INFO ResourceUtils: ==============================================================
[2025-05-09T19:44:15.204+0000] {subprocess.py:93} INFO - 25/05/09 19:44:15 INFO ResourceUtils: No custom resources configured for spark.driver.
[2025-05-09T19:44:15.205+0000] {subprocess.py:93} INFO - 25/05/09 19:44:15 INFO ResourceUtils: ==============================================================
[2025-05-09T19:44:15.205+0000] {subprocess.py:93} INFO - 25/05/09 19:44:15 INFO SparkContext: Submitted application: GoldNewsProcessing
[2025-05-09T19:44:15.241+0000] {subprocess.py:93} INFO - 25/05/09 19:44:15 INFO ResourceProfile: Default ResourceProfile created, executor resources: Map(cores -> name: cores, amount: 1, script: , vendor: , memory -> name: memory, amount: 1024, script: , vendor: , offHeap -> name: offHeap, amount: 0, script: , vendor: ), task resources: Map(cpus -> name: cpus, amount: 1.0)
[2025-05-09T19:44:15.271+0000] {subprocess.py:93} INFO - 25/05/09 19:44:15 INFO ResourceProfile: Limiting resource is cpu
[2025-05-09T19:44:15.274+0000] {subprocess.py:93} INFO - 25/05/09 19:44:15 INFO ResourceProfileManager: Added ResourceProfile id: 0
[2025-05-09T19:44:15.390+0000] {subprocess.py:93} INFO - 25/05/09 19:44:15 INFO SecurityManager: Changing view acls to: root
[2025-05-09T19:44:15.392+0000] {subprocess.py:93} INFO - 25/05/09 19:44:15 INFO SecurityManager: Changing modify acls to: root
[2025-05-09T19:44:15.393+0000] {subprocess.py:93} INFO - 25/05/09 19:44:15 INFO SecurityManager: Changing view acls groups to:
[2025-05-09T19:44:15.395+0000] {subprocess.py:93} INFO - 25/05/09 19:44:15 INFO SecurityManager: Changing modify acls groups to:
[2025-05-09T19:44:15.397+0000] {subprocess.py:93} INFO - 25/05/09 19:44:15 INFO SecurityManager: SecurityManager: authentication disabled; ui acls disabled; users with view permissions: root; groups with view permissions: EMPTY; users with modify permissions: root; groups with modify permissions: EMPTY
[2025-05-09T19:44:15.911+0000] {subprocess.py:93} INFO - 25/05/09 19:44:15 INFO Utils: Successfully started service 'sparkDriver' on port 38647.
[2025-05-09T19:44:15.962+0000] {subprocess.py:93} INFO - 25/05/09 19:44:15 INFO SparkEnv: Registering MapOutputTracker
[2025-05-09T19:44:16.029+0000] {subprocess.py:93} INFO - 25/05/09 19:44:16 INFO SparkEnv: Registering BlockManagerMaster
[2025-05-09T19:44:16.073+0000] {subprocess.py:93} INFO - 25/05/09 19:44:16 INFO BlockManagerMasterEndpoint: Using org.apache.spark.storage.DefaultTopologyMapper for getting topology information
[2025-05-09T19:44:16.075+0000] {subprocess.py:93} INFO - 25/05/09 19:44:16 INFO BlockManagerMasterEndpoint: BlockManagerMasterEndpoint up
[2025-05-09T19:44:16.097+0000] {subprocess.py:93} INFO - 25/05/09 19:44:16 INFO SparkEnv: Registering BlockManagerMasterHeartbeat
[2025-05-09T19:44:16.163+0000] {subprocess.py:93} INFO - 25/05/09 19:44:16 INFO DiskBlockManager: Created local directory at /tmp/blockmgr-b2b7e1bb-e034-4057-a31f-0d0b35d1a385
[2025-05-09T19:44:16.186+0000] {subprocess.py:93} INFO - 25/05/09 19:44:16 INFO MemoryStore: MemoryStore started with capacity 434.4 MiB
[2025-05-09T19:44:16.210+0000] {subprocess.py:93} INFO - 25/05/09 19:44:16 INFO SparkEnv: Registering OutputCommitCoordinator
[2025-05-09T19:44:16.432+0000] {subprocess.py:93} INFO - 25/05/09 19:44:16 INFO JettyUtils: Start Jetty 0.0.0.0:4040 for SparkUI
[2025-05-09T19:44:16.660+0000] {subprocess.py:93} INFO - 25/05/09 19:44:16 WARN Utils: Service 'SparkUI' could not bind on port 4040. Attempting port 4041.
[2025-05-09T19:44:16.675+0000] {subprocess.py:93} INFO - 25/05/09 19:44:16 INFO Utils: Successfully started service 'SparkUI' on port 4041.
[2025-05-09T19:44:16.728+0000] {subprocess.py:93} INFO - 25/05/09 19:44:16 INFO SparkContext: Added JAR file:///root/.ivy2/jars/org.apache.spark_spark-sql-kafka-0-10_2.12-3.5.0.jar at spark://377ab47e54ce:38647/jars/org.apache.spark_spark-sql-kafka-0-10_2.12-3.5.0.jar with timestamp 1746819855135
[2025-05-09T19:44:16.729+0000] {subprocess.py:93} INFO - 25/05/09 19:44:16 INFO SparkContext: Added JAR file:///root/.ivy2/jars/com.datastax.spark_spark-cassandra-connector_2.12-3.5.0.jar at spark://377ab47e54ce:38647/jars/com.datastax.spark_spark-cassandra-connector_2.12-3.5.0.jar with timestamp 1746819855135
[2025-05-09T19:44:16.730+0000] {subprocess.py:93} INFO - 25/05/09 19:44:16 INFO SparkContext: Added JAR file:///root/.ivy2/jars/org.apache.spark_spark-token-provider-kafka-0-10_2.12-3.5.0.jar at spark://377ab47e54ce:38647/jars/org.apache.spark_spark-token-provider-kafka-0-10_2.12-3.5.0.jar with timestamp 1746819855135
[2025-05-09T19:44:16.731+0000] {subprocess.py:93} INFO - 25/05/09 19:44:16 INFO SparkContext: Added JAR file:///root/.ivy2/jars/org.apache.kafka_kafka-clients-3.4.1.jar at spark://377ab47e54ce:38647/jars/org.apache.kafka_kafka-clients-3.4.1.jar with timestamp 1746819855135
[2025-05-09T19:44:16.733+0000] {subprocess.py:93} INFO - 25/05/09 19:44:16 INFO SparkContext: Added JAR file:///root/.ivy2/jars/org.apache.commons_commons-pool2-2.11.1.jar at spark://377ab47e54ce:38647/jars/org.apache.commons_commons-pool2-2.11.1.jar with timestamp 1746819855135
[2025-05-09T19:44:16.735+0000] {subprocess.py:93} INFO - 25/05/09 19:44:16 INFO SparkContext: Added JAR file:///root/.ivy2/jars/org.apache.hadoop_hadoop-client-runtime-3.3.4.jar at spark://377ab47e54ce:38647/jars/org.apache.hadoop_hadoop-client-runtime-3.3.4.jar with timestamp 1746819855135
[2025-05-09T19:44:16.736+0000] {subprocess.py:93} INFO - 25/05/09 19:44:16 INFO SparkContext: Added JAR file:///root/.ivy2/jars/org.lz4_lz4-java-1.8.0.jar at spark://377ab47e54ce:38647/jars/org.lz4_lz4-java-1.8.0.jar with timestamp 1746819855135
[2025-05-09T19:44:16.737+0000] {subprocess.py:93} INFO - 25/05/09 19:44:16 INFO SparkContext: Added JAR file:///root/.ivy2/jars/org.xerial.snappy_snappy-java-1.1.10.3.jar at spark://377ab47e54ce:38647/jars/org.xerial.snappy_snappy-java-1.1.10.3.jar with timestamp 1746819855135
[2025-05-09T19:44:16.738+0000] {subprocess.py:93} INFO - 25/05/09 19:44:16 INFO SparkContext: Added JAR file:///root/.ivy2/jars/org.slf4j_slf4j-api-2.0.7.jar at spark://377ab47e54ce:38647/jars/org.slf4j_slf4j-api-2.0.7.jar with timestamp 1746819855135
[2025-05-09T19:44:16.738+0000] {subprocess.py:93} INFO - 25/05/09 19:44:16 INFO SparkContext: Added JAR file:///root/.ivy2/jars/org.apache.hadoop_hadoop-client-api-3.3.4.jar at spark://377ab47e54ce:38647/jars/org.apache.hadoop_hadoop-client-api-3.3.4.jar with timestamp 1746819855135
[2025-05-09T19:44:16.739+0000] {subprocess.py:93} INFO - 25/05/09 19:44:16 INFO SparkContext: Added JAR file:///root/.ivy2/jars/commons-logging_commons-logging-1.1.3.jar at spark://377ab47e54ce:38647/jars/commons-logging_commons-logging-1.1.3.jar with timestamp 1746819855135
[2025-05-09T19:44:16.739+0000] {subprocess.py:93} INFO - 25/05/09 19:44:16 INFO SparkContext: Added JAR file:///root/.ivy2/jars/com.datastax.spark_spark-cassandra-connector-driver_2.12-3.5.0.jar at spark://377ab47e54ce:38647/jars/com.datastax.spark_spark-cassandra-connector-driver_2.12-3.5.0.jar with timestamp 1746819855135
[2025-05-09T19:44:16.740+0000] {subprocess.py:93} INFO - 25/05/09 19:44:16 INFO SparkContext: Added JAR file:///root/.ivy2/jars/org.scala-lang.modules_scala-collection-compat_2.12-2.11.0.jar at spark://377ab47e54ce:38647/jars/org.scala-lang.modules_scala-collection-compat_2.12-2.11.0.jar with timestamp 1746819855135
[2025-05-09T19:44:16.740+0000] {subprocess.py:93} INFO - 25/05/09 19:44:16 INFO SparkContext: Added JAR file:///root/.ivy2/jars/com.datastax.oss_java-driver-core-shaded-4.13.0.jar at spark://377ab47e54ce:38647/jars/com.datastax.oss_java-driver-core-shaded-4.13.0.jar with timestamp 1746819855135
[2025-05-09T19:44:16.741+0000] {subprocess.py:93} INFO - 25/05/09 19:44:16 INFO SparkContext: Added JAR file:///root/.ivy2/jars/com.datastax.oss_java-driver-mapper-runtime-4.13.0.jar at spark://377ab47e54ce:38647/jars/com.datastax.oss_java-driver-mapper-runtime-4.13.0.jar with timestamp 1746819855135
[2025-05-09T19:44:16.741+0000] {subprocess.py:93} INFO - 25/05/09 19:44:16 INFO SparkContext: Added JAR file:///root/.ivy2/jars/org.apache.commons_commons-lang3-3.10.jar at spark://377ab47e54ce:38647/jars/org.apache.commons_commons-lang3-3.10.jar with timestamp 1746819855135
[2025-05-09T19:44:16.742+0000] {subprocess.py:93} INFO - 25/05/09 19:44:16 INFO SparkContext: Added JAR file:///root/.ivy2/jars/com.thoughtworks.paranamer_paranamer-2.8.jar at spark://377ab47e54ce:38647/jars/com.thoughtworks.paranamer_paranamer-2.8.jar with timestamp 1746819855135
[2025-05-09T19:44:16.742+0000] {subprocess.py:93} INFO - 25/05/09 19:44:16 INFO SparkContext: Added JAR file:///root/.ivy2/jars/org.scala-lang_scala-reflect-2.12.11.jar at spark://377ab47e54ce:38647/jars/org.scala-lang_scala-reflect-2.12.11.jar with timestamp 1746819855135
[2025-05-09T19:44:16.743+0000] {subprocess.py:93} INFO - 25/05/09 19:44:16 INFO SparkContext: Added JAR file:///root/.ivy2/jars/com.datastax.oss_native-protocol-1.5.0.jar at spark://377ab47e54ce:38647/jars/com.datastax.oss_native-protocol-1.5.0.jar with timestamp 1746819855135
[2025-05-09T19:44:16.743+0000] {subprocess.py:93} INFO - 25/05/09 19:44:16 INFO SparkContext: Added JAR file:///root/.ivy2/jars/com.datastax.oss_java-driver-shaded-guava-25.1-jre-graal-sub-1.jar at spark://377ab47e54ce:38647/jars/com.datastax.oss_java-driver-shaded-guava-25.1-jre-graal-sub-1.jar with timestamp 1746819855135
[2025-05-09T19:44:16.743+0000] {subprocess.py:93} INFO - 25/05/09 19:44:16 INFO SparkContext: Added JAR file:///root/.ivy2/jars/com.typesafe_config-1.4.1.jar at spark://377ab47e54ce:38647/jars/com.typesafe_config-1.4.1.jar with timestamp 1746819855135
[2025-05-09T19:44:16.744+0000] {subprocess.py:93} INFO - 25/05/09 19:44:16 INFO SparkContext: Added JAR file:///root/.ivy2/jars/io.dropwizard.metrics_metrics-core-4.1.18.jar at spark://377ab47e54ce:38647/jars/io.dropwizard.metrics_metrics-core-4.1.18.jar with timestamp 1746819855135
[2025-05-09T19:44:16.745+0000] {subprocess.py:93} INFO - 25/05/09 19:44:16 INFO SparkContext: Added JAR file:///root/.ivy2/jars/org.hdrhistogram_HdrHistogram-2.1.12.jar at spark://377ab47e54ce:38647/jars/org.hdrhistogram_HdrHistogram-2.1.12.jar with timestamp 1746819855135
[2025-05-09T19:44:16.745+0000] {subprocess.py:93} INFO - 25/05/09 19:44:16 INFO SparkContext: Added JAR file:///root/.ivy2/jars/org.reactivestreams_reactive-streams-1.0.3.jar at spark://377ab47e54ce:38647/jars/org.reactivestreams_reactive-streams-1.0.3.jar with timestamp 1746819855135
[2025-05-09T19:44:16.746+0000] {subprocess.py:93} INFO - 25/05/09 19:44:16 INFO SparkContext: Added JAR file:///root/.ivy2/jars/com.github.stephenc.jcip_jcip-annotations-1.0-1.jar at spark://377ab47e54ce:38647/jars/com.github.stephenc.jcip_jcip-annotations-1.0-1.jar with timestamp 1746819855135
[2025-05-09T19:44:16.746+0000] {subprocess.py:93} INFO - 25/05/09 19:44:16 INFO SparkContext: Added JAR file:///root/.ivy2/jars/com.github.spotbugs_spotbugs-annotations-3.1.12.jar at spark://377ab47e54ce:38647/jars/com.github.spotbugs_spotbugs-annotations-3.1.12.jar with timestamp 1746819855135
[2025-05-09T19:44:16.746+0000] {subprocess.py:93} INFO - 25/05/09 19:44:16 INFO SparkContext: Added JAR file:///root/.ivy2/jars/com.google.code.findbugs_jsr305-3.0.2.jar at spark://377ab47e54ce:38647/jars/com.google.code.findbugs_jsr305-3.0.2.jar with timestamp 1746819855135
[2025-05-09T19:44:16.747+0000] {subprocess.py:93} INFO - 25/05/09 19:44:16 INFO SparkContext: Added JAR file:///root/.ivy2/jars/com.datastax.oss_java-driver-query-builder-4.13.0.jar at spark://377ab47e54ce:38647/jars/com.datastax.oss_java-driver-query-builder-4.13.0.jar with timestamp 1746819855135
[2025-05-09T19:44:16.747+0000] {subprocess.py:93} INFO - 25/05/09 19:44:16 INFO SparkContext: Added file file:///root/.ivy2/jars/org.apache.spark_spark-sql-kafka-0-10_2.12-3.5.0.jar at file:///root/.ivy2/jars/org.apache.spark_spark-sql-kafka-0-10_2.12-3.5.0.jar with timestamp 1746819855135
[2025-05-09T19:44:16.748+0000] {subprocess.py:93} INFO - 25/05/09 19:44:16 INFO Utils: Copying /root/.ivy2/jars/org.apache.spark_spark-sql-kafka-0-10_2.12-3.5.0.jar to /tmp/spark-9cdfb6d7-6ddc-46fa-9264-d49bbd98e237/userFiles-4e57a08d-f54e-4330-80ca-b21f5918a60e/org.apache.spark_spark-sql-kafka-0-10_2.12-3.5.0.jar
[2025-05-09T19:44:16.763+0000] {subprocess.py:93} INFO - 25/05/09 19:44:16 INFO SparkContext: Added file file:///root/.ivy2/jars/com.datastax.spark_spark-cassandra-connector_2.12-3.5.0.jar at file:///root/.ivy2/jars/com.datastax.spark_spark-cassandra-connector_2.12-3.5.0.jar with timestamp 1746819855135
[2025-05-09T19:44:16.764+0000] {subprocess.py:93} INFO - 25/05/09 19:44:16 INFO Utils: Copying /root/.ivy2/jars/com.datastax.spark_spark-cassandra-connector_2.12-3.5.0.jar to /tmp/spark-9cdfb6d7-6ddc-46fa-9264-d49bbd98e237/userFiles-4e57a08d-f54e-4330-80ca-b21f5918a60e/com.datastax.spark_spark-cassandra-connector_2.12-3.5.0.jar
[2025-05-09T19:44:16.775+0000] {subprocess.py:93} INFO - 25/05/09 19:44:16 INFO SparkContext: Added file file:///root/.ivy2/jars/org.apache.spark_spark-token-provider-kafka-0-10_2.12-3.5.0.jar at file:///root/.ivy2/jars/org.apache.spark_spark-token-provider-kafka-0-10_2.12-3.5.0.jar with timestamp 1746819855135
[2025-05-09T19:44:16.776+0000] {subprocess.py:93} INFO - 25/05/09 19:44:16 INFO Utils: Copying /root/.ivy2/jars/org.apache.spark_spark-token-provider-kafka-0-10_2.12-3.5.0.jar to /tmp/spark-9cdfb6d7-6ddc-46fa-9264-d49bbd98e237/userFiles-4e57a08d-f54e-4330-80ca-b21f5918a60e/org.apache.spark_spark-token-provider-kafka-0-10_2.12-3.5.0.jar
[2025-05-09T19:44:16.781+0000] {subprocess.py:93} INFO - 25/05/09 19:44:16 INFO SparkContext: Added file file:///root/.ivy2/jars/org.apache.kafka_kafka-clients-3.4.1.jar at file:///root/.ivy2/jars/org.apache.kafka_kafka-clients-3.4.1.jar with timestamp 1746819855135
[2025-05-09T19:44:16.782+0000] {subprocess.py:93} INFO - 25/05/09 19:44:16 INFO Utils: Copying /root/.ivy2/jars/org.apache.kafka_kafka-clients-3.4.1.jar to /tmp/spark-9cdfb6d7-6ddc-46fa-9264-d49bbd98e237/userFiles-4e57a08d-f54e-4330-80ca-b21f5918a60e/org.apache.kafka_kafka-clients-3.4.1.jar
[2025-05-09T19:44:16.816+0000] {subprocess.py:93} INFO - 25/05/09 19:44:16 INFO SparkContext: Added file file:///root/.ivy2/jars/org.apache.commons_commons-pool2-2.11.1.jar at file:///root/.ivy2/jars/org.apache.commons_commons-pool2-2.11.1.jar with timestamp 1746819855135
[2025-05-09T19:44:16.817+0000] {subprocess.py:93} INFO - 25/05/09 19:44:16 INFO Utils: Copying /root/.ivy2/jars/org.apache.commons_commons-pool2-2.11.1.jar to /tmp/spark-9cdfb6d7-6ddc-46fa-9264-d49bbd98e237/userFiles-4e57a08d-f54e-4330-80ca-b21f5918a60e/org.apache.commons_commons-pool2-2.11.1.jar
[2025-05-09T19:44:16.823+0000] {subprocess.py:93} INFO - 25/05/09 19:44:16 INFO SparkContext: Added file file:///root/.ivy2/jars/org.apache.hadoop_hadoop-client-runtime-3.3.4.jar at file:///root/.ivy2/jars/org.apache.hadoop_hadoop-client-runtime-3.3.4.jar with timestamp 1746819855135
[2025-05-09T19:44:16.824+0000] {subprocess.py:93} INFO - 25/05/09 19:44:16 INFO Utils: Copying /root/.ivy2/jars/org.apache.hadoop_hadoop-client-runtime-3.3.4.jar to /tmp/spark-9cdfb6d7-6ddc-46fa-9264-d49bbd98e237/userFiles-4e57a08d-f54e-4330-80ca-b21f5918a60e/org.apache.hadoop_hadoop-client-runtime-3.3.4.jar
[2025-05-09T19:44:16.932+0000] {subprocess.py:93} INFO - 25/05/09 19:44:16 INFO SparkContext: Added file file:///root/.ivy2/jars/org.lz4_lz4-java-1.8.0.jar at file:///root/.ivy2/jars/org.lz4_lz4-java-1.8.0.jar with timestamp 1746819855135
[2025-05-09T19:44:16.933+0000] {subprocess.py:93} INFO - 25/05/09 19:44:16 INFO Utils: Copying /root/.ivy2/jars/org.lz4_lz4-java-1.8.0.jar to /tmp/spark-9cdfb6d7-6ddc-46fa-9264-d49bbd98e237/userFiles-4e57a08d-f54e-4330-80ca-b21f5918a60e/org.lz4_lz4-java-1.8.0.jar
[2025-05-09T19:44:16.950+0000] {subprocess.py:93} INFO - 25/05/09 19:44:16 INFO SparkContext: Added file file:///root/.ivy2/jars/org.xerial.snappy_snappy-java-1.1.10.3.jar at file:///root/.ivy2/jars/org.xerial.snappy_snappy-java-1.1.10.3.jar with timestamp 1746819855135
[2025-05-09T19:44:16.951+0000] {subprocess.py:93} INFO - 25/05/09 19:44:16 INFO Utils: Copying /root/.ivy2/jars/org.xerial.snappy_snappy-java-1.1.10.3.jar to /tmp/spark-9cdfb6d7-6ddc-46fa-9264-d49bbd98e237/userFiles-4e57a08d-f54e-4330-80ca-b21f5918a60e/org.xerial.snappy_snappy-java-1.1.10.3.jar
[2025-05-09T19:44:16.971+0000] {subprocess.py:93} INFO - 25/05/09 19:44:16 INFO SparkContext: Added file file:///root/.ivy2/jars/org.slf4j_slf4j-api-2.0.7.jar at file:///root/.ivy2/jars/org.slf4j_slf4j-api-2.0.7.jar with timestamp 1746819855135
[2025-05-09T19:44:16.972+0000] {subprocess.py:93} INFO - 25/05/09 19:44:16 INFO Utils: Copying /root/.ivy2/jars/org.slf4j_slf4j-api-2.0.7.jar to /tmp/spark-9cdfb6d7-6ddc-46fa-9264-d49bbd98e237/userFiles-4e57a08d-f54e-4330-80ca-b21f5918a60e/org.slf4j_slf4j-api-2.0.7.jar
[2025-05-09T19:44:16.978+0000] {subprocess.py:93} INFO - 25/05/09 19:44:16 INFO SparkContext: Added file file:///root/.ivy2/jars/org.apache.hadoop_hadoop-client-api-3.3.4.jar at file:///root/.ivy2/jars/org.apache.hadoop_hadoop-client-api-3.3.4.jar with timestamp 1746819855135
[2025-05-09T19:44:16.979+0000] {subprocess.py:93} INFO - 25/05/09 19:44:16 INFO Utils: Copying /root/.ivy2/jars/org.apache.hadoop_hadoop-client-api-3.3.4.jar to /tmp/spark-9cdfb6d7-6ddc-46fa-9264-d49bbd98e237/userFiles-4e57a08d-f54e-4330-80ca-b21f5918a60e/org.apache.hadoop_hadoop-client-api-3.3.4.jar
[2025-05-09T19:44:17.071+0000] {subprocess.py:93} INFO - 25/05/09 19:44:17 INFO SparkContext: Added file file:///root/.ivy2/jars/commons-logging_commons-logging-1.1.3.jar at file:///root/.ivy2/jars/commons-logging_commons-logging-1.1.3.jar with timestamp 1746819855135
[2025-05-09T19:44:17.072+0000] {subprocess.py:93} INFO - 25/05/09 19:44:17 INFO Utils: Copying /root/.ivy2/jars/commons-logging_commons-logging-1.1.3.jar to /tmp/spark-9cdfb6d7-6ddc-46fa-9264-d49bbd98e237/userFiles-4e57a08d-f54e-4330-80ca-b21f5918a60e/commons-logging_commons-logging-1.1.3.jar
[2025-05-09T19:44:17.077+0000] {subprocess.py:93} INFO - 25/05/09 19:44:17 INFO SparkContext: Added file file:///root/.ivy2/jars/com.datastax.spark_spark-cassandra-connector-driver_2.12-3.5.0.jar at file:///root/.ivy2/jars/com.datastax.spark_spark-cassandra-connector-driver_2.12-3.5.0.jar with timestamp 1746819855135
[2025-05-09T19:44:17.078+0000] {subprocess.py:93} INFO - 25/05/09 19:44:17 INFO Utils: Copying /root/.ivy2/jars/com.datastax.spark_spark-cassandra-connector-driver_2.12-3.5.0.jar to /tmp/spark-9cdfb6d7-6ddc-46fa-9264-d49bbd98e237/userFiles-4e57a08d-f54e-4330-80ca-b21f5918a60e/com.datastax.spark_spark-cassandra-connector-driver_2.12-3.5.0.jar
[2025-05-09T19:44:17.090+0000] {subprocess.py:93} INFO - 25/05/09 19:44:17 INFO SparkContext: Added file file:///root/.ivy2/jars/org.scala-lang.modules_scala-collection-compat_2.12-2.11.0.jar at file:///root/.ivy2/jars/org.scala-lang.modules_scala-collection-compat_2.12-2.11.0.jar with timestamp 1746819855135
[2025-05-09T19:44:17.090+0000] {subprocess.py:93} INFO - 25/05/09 19:44:17 INFO Utils: Copying /root/.ivy2/jars/org.scala-lang.modules_scala-collection-compat_2.12-2.11.0.jar to /tmp/spark-9cdfb6d7-6ddc-46fa-9264-d49bbd98e237/userFiles-4e57a08d-f54e-4330-80ca-b21f5918a60e/org.scala-lang.modules_scala-collection-compat_2.12-2.11.0.jar
[2025-05-09T19:44:17.096+0000] {subprocess.py:93} INFO - 25/05/09 19:44:17 INFO SparkContext: Added file file:///root/.ivy2/jars/com.datastax.oss_java-driver-core-shaded-4.13.0.jar at file:///root/.ivy2/jars/com.datastax.oss_java-driver-core-shaded-4.13.0.jar with timestamp 1746819855135
[2025-05-09T19:44:17.096+0000] {subprocess.py:93} INFO - 25/05/09 19:44:17 INFO Utils: Copying /root/.ivy2/jars/com.datastax.oss_java-driver-core-shaded-4.13.0.jar to /tmp/spark-9cdfb6d7-6ddc-46fa-9264-d49bbd98e237/userFiles-4e57a08d-f54e-4330-80ca-b21f5918a60e/com.datastax.oss_java-driver-core-shaded-4.13.0.jar
[2025-05-09T19:44:17.140+0000] {subprocess.py:93} INFO - 25/05/09 19:44:17 INFO SparkContext: Added file file:///root/.ivy2/jars/com.datastax.oss_java-driver-mapper-runtime-4.13.0.jar at file:///root/.ivy2/jars/com.datastax.oss_java-driver-mapper-runtime-4.13.0.jar with timestamp 1746819855135
[2025-05-09T19:44:17.141+0000] {subprocess.py:93} INFO - 25/05/09 19:44:17 INFO Utils: Copying /root/.ivy2/jars/com.datastax.oss_java-driver-mapper-runtime-4.13.0.jar to /tmp/spark-9cdfb6d7-6ddc-46fa-9264-d49bbd98e237/userFiles-4e57a08d-f54e-4330-80ca-b21f5918a60e/com.datastax.oss_java-driver-mapper-runtime-4.13.0.jar
[2025-05-09T19:44:17.146+0000] {subprocess.py:93} INFO - 25/05/09 19:44:17 INFO SparkContext: Added file file:///root/.ivy2/jars/org.apache.commons_commons-lang3-3.10.jar at file:///root/.ivy2/jars/org.apache.commons_commons-lang3-3.10.jar with timestamp 1746819855135
[2025-05-09T19:44:17.147+0000] {subprocess.py:93} INFO - 25/05/09 19:44:17 INFO Utils: Copying /root/.ivy2/jars/org.apache.commons_commons-lang3-3.10.jar to /tmp/spark-9cdfb6d7-6ddc-46fa-9264-d49bbd98e237/userFiles-4e57a08d-f54e-4330-80ca-b21f5918a60e/org.apache.commons_commons-lang3-3.10.jar
[2025-05-09T19:44:17.153+0000] {subprocess.py:93} INFO - 25/05/09 19:44:17 INFO SparkContext: Added file file:///root/.ivy2/jars/com.thoughtworks.paranamer_paranamer-2.8.jar at file:///root/.ivy2/jars/com.thoughtworks.paranamer_paranamer-2.8.jar with timestamp 1746819855135
[2025-05-09T19:44:17.154+0000] {subprocess.py:93} INFO - 25/05/09 19:44:17 INFO Utils: Copying /root/.ivy2/jars/com.thoughtworks.paranamer_paranamer-2.8.jar to /tmp/spark-9cdfb6d7-6ddc-46fa-9264-d49bbd98e237/userFiles-4e57a08d-f54e-4330-80ca-b21f5918a60e/com.thoughtworks.paranamer_paranamer-2.8.jar
[2025-05-09T19:44:17.159+0000] {subprocess.py:93} INFO - 25/05/09 19:44:17 INFO SparkContext: Added file file:///root/.ivy2/jars/org.scala-lang_scala-reflect-2.12.11.jar at file:///root/.ivy2/jars/org.scala-lang_scala-reflect-2.12.11.jar with timestamp 1746819855135
[2025-05-09T19:44:17.159+0000] {subprocess.py:93} INFO - 25/05/09 19:44:17 INFO Utils: Copying /root/.ivy2/jars/org.scala-lang_scala-reflect-2.12.11.jar to /tmp/spark-9cdfb6d7-6ddc-46fa-9264-d49bbd98e237/userFiles-4e57a08d-f54e-4330-80ca-b21f5918a60e/org.scala-lang_scala-reflect-2.12.11.jar
[2025-05-09T19:44:17.176+0000] {subprocess.py:93} INFO - 25/05/09 19:44:17 INFO SparkContext: Added file file:///root/.ivy2/jars/com.datastax.oss_native-protocol-1.5.0.jar at file:///root/.ivy2/jars/com.datastax.oss_native-protocol-1.5.0.jar with timestamp 1746819855135
[2025-05-09T19:44:17.178+0000] {subprocess.py:93} INFO - 25/05/09 19:44:17 INFO Utils: Copying /root/.ivy2/jars/com.datastax.oss_native-protocol-1.5.0.jar to /tmp/spark-9cdfb6d7-6ddc-46fa-9264-d49bbd98e237/userFiles-4e57a08d-f54e-4330-80ca-b21f5918a60e/com.datastax.oss_native-protocol-1.5.0.jar
[2025-05-09T19:44:17.192+0000] {subprocess.py:93} INFO - 25/05/09 19:44:17 INFO SparkContext: Added file file:///root/.ivy2/jars/com.datastax.oss_java-driver-shaded-guava-25.1-jre-graal-sub-1.jar at file:///root/.ivy2/jars/com.datastax.oss_java-driver-shaded-guava-25.1-jre-graal-sub-1.jar with timestamp 1746819855135
[2025-05-09T19:44:17.193+0000] {subprocess.py:93} INFO - 25/05/09 19:44:17 INFO Utils: Copying /root/.ivy2/jars/com.datastax.oss_java-driver-shaded-guava-25.1-jre-graal-sub-1.jar to /tmp/spark-9cdfb6d7-6ddc-46fa-9264-d49bbd98e237/userFiles-4e57a08d-f54e-4330-80ca-b21f5918a60e/com.datastax.oss_java-driver-shaded-guava-25.1-jre-graal-sub-1.jar
[2025-05-09T19:44:17.210+0000] {subprocess.py:93} INFO - 25/05/09 19:44:17 INFO SparkContext: Added file file:///root/.ivy2/jars/com.typesafe_config-1.4.1.jar at file:///root/.ivy2/jars/com.typesafe_config-1.4.1.jar with timestamp 1746819855135
[2025-05-09T19:44:17.211+0000] {subprocess.py:93} INFO - 25/05/09 19:44:17 INFO Utils: Copying /root/.ivy2/jars/com.typesafe_config-1.4.1.jar to /tmp/spark-9cdfb6d7-6ddc-46fa-9264-d49bbd98e237/userFiles-4e57a08d-f54e-4330-80ca-b21f5918a60e/com.typesafe_config-1.4.1.jar
[2025-05-09T19:44:17.221+0000] {subprocess.py:93} INFO - 25/05/09 19:44:17 INFO SparkContext: Added file file:///root/.ivy2/jars/io.dropwizard.metrics_metrics-core-4.1.18.jar at file:///root/.ivy2/jars/io.dropwizard.metrics_metrics-core-4.1.18.jar with timestamp 1746819855135
[2025-05-09T19:44:17.223+0000] {subprocess.py:93} INFO - 25/05/09 19:44:17 INFO Utils: Copying /root/.ivy2/jars/io.dropwizard.metrics_metrics-core-4.1.18.jar to /tmp/spark-9cdfb6d7-6ddc-46fa-9264-d49bbd98e237/userFiles-4e57a08d-f54e-4330-80ca-b21f5918a60e/io.dropwizard.metrics_metrics-core-4.1.18.jar
[2025-05-09T19:44:17.245+0000] {subprocess.py:93} INFO - 25/05/09 19:44:17 INFO SparkContext: Added file file:///root/.ivy2/jars/org.hdrhistogram_HdrHistogram-2.1.12.jar at file:///root/.ivy2/jars/org.hdrhistogram_HdrHistogram-2.1.12.jar with timestamp 1746819855135
[2025-05-09T19:44:17.246+0000] {subprocess.py:93} INFO - 25/05/09 19:44:17 INFO Utils: Copying /root/.ivy2/jars/org.hdrhistogram_HdrHistogram-2.1.12.jar to /tmp/spark-9cdfb6d7-6ddc-46fa-9264-d49bbd98e237/userFiles-4e57a08d-f54e-4330-80ca-b21f5918a60e/org.hdrhistogram_HdrHistogram-2.1.12.jar
[2025-05-09T19:44:17.264+0000] {subprocess.py:93} INFO - 25/05/09 19:44:17 INFO SparkContext: Added file file:///root/.ivy2/jars/org.reactivestreams_reactive-streams-1.0.3.jar at file:///root/.ivy2/jars/org.reactivestreams_reactive-streams-1.0.3.jar with timestamp 1746819855135
[2025-05-09T19:44:17.265+0000] {subprocess.py:93} INFO - 25/05/09 19:44:17 INFO Utils: Copying /root/.ivy2/jars/org.reactivestreams_reactive-streams-1.0.3.jar to /tmp/spark-9cdfb6d7-6ddc-46fa-9264-d49bbd98e237/userFiles-4e57a08d-f54e-4330-80ca-b21f5918a60e/org.reactivestreams_reactive-streams-1.0.3.jar
[2025-05-09T19:44:17.273+0000] {subprocess.py:93} INFO - 25/05/09 19:44:17 INFO SparkContext: Added file file:///root/.ivy2/jars/com.github.stephenc.jcip_jcip-annotations-1.0-1.jar at file:///root/.ivy2/jars/com.github.stephenc.jcip_jcip-annotations-1.0-1.jar with timestamp 1746819855135
[2025-05-09T19:44:17.277+0000] {subprocess.py:93} INFO - 25/05/09 19:44:17 INFO Utils: Copying /root/.ivy2/jars/com.github.stephenc.jcip_jcip-annotations-1.0-1.jar to /tmp/spark-9cdfb6d7-6ddc-46fa-9264-d49bbd98e237/userFiles-4e57a08d-f54e-4330-80ca-b21f5918a60e/com.github.stephenc.jcip_jcip-annotations-1.0-1.jar
[2025-05-09T19:44:17.282+0000] {subprocess.py:93} INFO - 25/05/09 19:44:17 INFO SparkContext: Added file file:///root/.ivy2/jars/com.github.spotbugs_spotbugs-annotations-3.1.12.jar at file:///root/.ivy2/jars/com.github.spotbugs_spotbugs-annotations-3.1.12.jar with timestamp 1746819855135
[2025-05-09T19:44:17.283+0000] {subprocess.py:93} INFO - 25/05/09 19:44:17 INFO Utils: Copying /root/.ivy2/jars/com.github.spotbugs_spotbugs-annotations-3.1.12.jar to /tmp/spark-9cdfb6d7-6ddc-46fa-9264-d49bbd98e237/userFiles-4e57a08d-f54e-4330-80ca-b21f5918a60e/com.github.spotbugs_spotbugs-annotations-3.1.12.jar
[2025-05-09T19:44:17.289+0000] {subprocess.py:93} INFO - 25/05/09 19:44:17 INFO SparkContext: Added file file:///root/.ivy2/jars/com.google.code.findbugs_jsr305-3.0.2.jar at file:///root/.ivy2/jars/com.google.code.findbugs_jsr305-3.0.2.jar with timestamp 1746819855135
[2025-05-09T19:44:17.291+0000] {subprocess.py:93} INFO - 25/05/09 19:44:17 INFO Utils: Copying /root/.ivy2/jars/com.google.code.findbugs_jsr305-3.0.2.jar to /tmp/spark-9cdfb6d7-6ddc-46fa-9264-d49bbd98e237/userFiles-4e57a08d-f54e-4330-80ca-b21f5918a60e/com.google.code.findbugs_jsr305-3.0.2.jar
[2025-05-09T19:44:17.300+0000] {subprocess.py:93} INFO - 25/05/09 19:44:17 INFO SparkContext: Added file file:///root/.ivy2/jars/com.datastax.oss_java-driver-query-builder-4.13.0.jar at file:///root/.ivy2/jars/com.datastax.oss_java-driver-query-builder-4.13.0.jar with timestamp 1746819855135
[2025-05-09T19:44:17.305+0000] {subprocess.py:93} INFO - 25/05/09 19:44:17 INFO Utils: Copying /root/.ivy2/jars/com.datastax.oss_java-driver-query-builder-4.13.0.jar to /tmp/spark-9cdfb6d7-6ddc-46fa-9264-d49bbd98e237/userFiles-4e57a08d-f54e-4330-80ca-b21f5918a60e/com.datastax.oss_java-driver-query-builder-4.13.0.jar
[2025-05-09T19:44:17.440+0000] {subprocess.py:93} INFO - 25/05/09 19:44:17 INFO Executor: Starting executor ID driver on host 377ab47e54ce
[2025-05-09T19:44:17.441+0000] {subprocess.py:93} INFO - 25/05/09 19:44:17 INFO Executor: OS info Linux, 5.15.167.4-microsoft-standard-WSL2, amd64
[2025-05-09T19:44:17.441+0000] {subprocess.py:93} INFO - 25/05/09 19:44:17 INFO Executor: Java version 11.0.22
[2025-05-09T19:44:17.450+0000] {subprocess.py:93} INFO - 25/05/09 19:44:17 INFO Executor: Starting executor with user classpath (userClassPathFirst = false): ''
[2025-05-09T19:44:17.451+0000] {subprocess.py:93} INFO - 25/05/09 19:44:17 INFO Executor: Created or updated repl class loader org.apache.spark.util.MutableURLClassLoader@34dbffc9 for default.
[2025-05-09T19:44:17.471+0000] {subprocess.py:93} INFO - 25/05/09 19:44:17 INFO Executor: Fetching file:///root/.ivy2/jars/org.apache.spark_spark-sql-kafka-0-10_2.12-3.5.0.jar with timestamp 1746819855135
[2025-05-09T19:44:17.515+0000] {subprocess.py:93} INFO - 25/05/09 19:44:17 INFO Utils: /root/.ivy2/jars/org.apache.spark_spark-sql-kafka-0-10_2.12-3.5.0.jar has been previously copied to /tmp/spark-9cdfb6d7-6ddc-46fa-9264-d49bbd98e237/userFiles-4e57a08d-f54e-4330-80ca-b21f5918a60e/org.apache.spark_spark-sql-kafka-0-10_2.12-3.5.0.jar
[2025-05-09T19:44:17.521+0000] {subprocess.py:93} INFO - 25/05/09 19:44:17 INFO Executor: Fetching file:///root/.ivy2/jars/org.apache.commons_commons-lang3-3.10.jar with timestamp 1746819855135
[2025-05-09T19:44:17.522+0000] {subprocess.py:93} INFO - 25/05/09 19:44:17 INFO Utils: /root/.ivy2/jars/org.apache.commons_commons-lang3-3.10.jar has been previously copied to /tmp/spark-9cdfb6d7-6ddc-46fa-9264-d49bbd98e237/userFiles-4e57a08d-f54e-4330-80ca-b21f5918a60e/org.apache.commons_commons-lang3-3.10.jar
[2025-05-09T19:44:17.531+0000] {subprocess.py:93} INFO - 25/05/09 19:44:17 INFO Executor: Fetching file:///root/.ivy2/jars/org.apache.hadoop_hadoop-client-api-3.3.4.jar with timestamp 1746819855135
[2025-05-09T19:44:17.553+0000] {subprocess.py:93} INFO - 25/05/09 19:44:17 INFO Utils: /root/.ivy2/jars/org.apache.hadoop_hadoop-client-api-3.3.4.jar has been previously copied to /tmp/spark-9cdfb6d7-6ddc-46fa-9264-d49bbd98e237/userFiles-4e57a08d-f54e-4330-80ca-b21f5918a60e/org.apache.hadoop_hadoop-client-api-3.3.4.jar
[2025-05-09T19:44:17.557+0000] {subprocess.py:93} INFO - 25/05/09 19:44:17 INFO Executor: Fetching file:///root/.ivy2/jars/org.apache.hadoop_hadoop-client-runtime-3.3.4.jar with timestamp 1746819855135
[2025-05-09T19:44:17.585+0000] {subprocess.py:93} INFO - 25/05/09 19:44:17 INFO Utils: /root/.ivy2/jars/org.apache.hadoop_hadoop-client-runtime-3.3.4.jar has been previously copied to /tmp/spark-9cdfb6d7-6ddc-46fa-9264-d49bbd98e237/userFiles-4e57a08d-f54e-4330-80ca-b21f5918a60e/org.apache.hadoop_hadoop-client-runtime-3.3.4.jar
[2025-05-09T19:44:17.589+0000] {subprocess.py:93} INFO - 25/05/09 19:44:17 INFO Executor: Fetching file:///root/.ivy2/jars/com.datastax.oss_java-driver-shaded-guava-25.1-jre-graal-sub-1.jar with timestamp 1746819855135
[2025-05-09T19:44:17.593+0000] {subprocess.py:93} INFO - 25/05/09 19:44:17 INFO Utils: /root/.ivy2/jars/com.datastax.oss_java-driver-shaded-guava-25.1-jre-graal-sub-1.jar has been previously copied to /tmp/spark-9cdfb6d7-6ddc-46fa-9264-d49bbd98e237/userFiles-4e57a08d-f54e-4330-80ca-b21f5918a60e/com.datastax.oss_java-driver-shaded-guava-25.1-jre-graal-sub-1.jar
[2025-05-09T19:44:17.597+0000] {subprocess.py:93} INFO - 25/05/09 19:44:17 INFO Executor: Fetching file:///root/.ivy2/jars/io.dropwizard.metrics_metrics-core-4.1.18.jar with timestamp 1746819855135
[2025-05-09T19:44:17.598+0000] {subprocess.py:93} INFO - 25/05/09 19:44:17 INFO Utils: /root/.ivy2/jars/io.dropwizard.metrics_metrics-core-4.1.18.jar has been previously copied to /tmp/spark-9cdfb6d7-6ddc-46fa-9264-d49bbd98e237/userFiles-4e57a08d-f54e-4330-80ca-b21f5918a60e/io.dropwizard.metrics_metrics-core-4.1.18.jar
[2025-05-09T19:44:17.602+0000] {subprocess.py:93} INFO - 25/05/09 19:44:17 INFO Executor: Fetching file:///root/.ivy2/jars/org.scala-lang.modules_scala-collection-compat_2.12-2.11.0.jar with timestamp 1746819855135
[2025-05-09T19:44:17.603+0000] {subprocess.py:93} INFO - 25/05/09 19:44:17 INFO Utils: /root/.ivy2/jars/org.scala-lang.modules_scala-collection-compat_2.12-2.11.0.jar has been previously copied to /tmp/spark-9cdfb6d7-6ddc-46fa-9264-d49bbd98e237/userFiles-4e57a08d-f54e-4330-80ca-b21f5918a60e/org.scala-lang.modules_scala-collection-compat_2.12-2.11.0.jar
[2025-05-09T19:44:17.608+0000] {subprocess.py:93} INFO - 25/05/09 19:44:17 INFO Executor: Fetching file:///root/.ivy2/jars/com.datastax.oss_java-driver-core-shaded-4.13.0.jar with timestamp 1746819855135
[2025-05-09T19:44:17.613+0000] {subprocess.py:93} INFO - 25/05/09 19:44:17 INFO Utils: /root/.ivy2/jars/com.datastax.oss_java-driver-core-shaded-4.13.0.jar has been previously copied to /tmp/spark-9cdfb6d7-6ddc-46fa-9264-d49bbd98e237/userFiles-4e57a08d-f54e-4330-80ca-b21f5918a60e/com.datastax.oss_java-driver-core-shaded-4.13.0.jar
[2025-05-09T19:44:17.617+0000] {subprocess.py:93} INFO - 25/05/09 19:44:17 INFO Executor: Fetching file:///root/.ivy2/jars/com.typesafe_config-1.4.1.jar with timestamp 1746819855135
[2025-05-09T19:44:17.618+0000] {subprocess.py:93} INFO - 25/05/09 19:44:17 INFO Utils: /root/.ivy2/jars/com.typesafe_config-1.4.1.jar has been previously copied to /tmp/spark-9cdfb6d7-6ddc-46fa-9264-d49bbd98e237/userFiles-4e57a08d-f54e-4330-80ca-b21f5918a60e/com.typesafe_config-1.4.1.jar
[2025-05-09T19:44:17.623+0000] {subprocess.py:93} INFO - 25/05/09 19:44:17 INFO Executor: Fetching file:///root/.ivy2/jars/org.xerial.snappy_snappy-java-1.1.10.3.jar with timestamp 1746819855135
[2025-05-09T19:44:17.625+0000] {subprocess.py:93} INFO - 25/05/09 19:44:17 INFO Utils: /root/.ivy2/jars/org.xerial.snappy_snappy-java-1.1.10.3.jar has been previously copied to /tmp/spark-9cdfb6d7-6ddc-46fa-9264-d49bbd98e237/userFiles-4e57a08d-f54e-4330-80ca-b21f5918a60e/org.xerial.snappy_snappy-java-1.1.10.3.jar
[2025-05-09T19:44:17.629+0000] {subprocess.py:93} INFO - 25/05/09 19:44:17 INFO Executor: Fetching file:///root/.ivy2/jars/org.reactivestreams_reactive-streams-1.0.3.jar with timestamp 1746819855135
[2025-05-09T19:44:17.630+0000] {subprocess.py:93} INFO - 25/05/09 19:44:17 INFO Utils: /root/.ivy2/jars/org.reactivestreams_reactive-streams-1.0.3.jar has been previously copied to /tmp/spark-9cdfb6d7-6ddc-46fa-9264-d49bbd98e237/userFiles-4e57a08d-f54e-4330-80ca-b21f5918a60e/org.reactivestreams_reactive-streams-1.0.3.jar
[2025-05-09T19:44:17.635+0000] {subprocess.py:93} INFO - 25/05/09 19:44:17 INFO Executor: Fetching file:///root/.ivy2/jars/org.apache.spark_spark-token-provider-kafka-0-10_2.12-3.5.0.jar with timestamp 1746819855135
[2025-05-09T19:44:17.636+0000] {subprocess.py:93} INFO - 25/05/09 19:44:17 INFO Utils: /root/.ivy2/jars/org.apache.spark_spark-token-provider-kafka-0-10_2.12-3.5.0.jar has been previously copied to /tmp/spark-9cdfb6d7-6ddc-46fa-9264-d49bbd98e237/userFiles-4e57a08d-f54e-4330-80ca-b21f5918a60e/org.apache.spark_spark-token-provider-kafka-0-10_2.12-3.5.0.jar
[2025-05-09T19:44:17.640+0000] {subprocess.py:93} INFO - 25/05/09 19:44:17 INFO Executor: Fetching file:///root/.ivy2/jars/org.slf4j_slf4j-api-2.0.7.jar with timestamp 1746819855135
[2025-05-09T19:44:17.641+0000] {subprocess.py:93} INFO - 25/05/09 19:44:17 INFO Utils: /root/.ivy2/jars/org.slf4j_slf4j-api-2.0.7.jar has been previously copied to /tmp/spark-9cdfb6d7-6ddc-46fa-9264-d49bbd98e237/userFiles-4e57a08d-f54e-4330-80ca-b21f5918a60e/org.slf4j_slf4j-api-2.0.7.jar
[2025-05-09T19:44:17.645+0000] {subprocess.py:93} INFO - 25/05/09 19:44:17 INFO Executor: Fetching file:///root/.ivy2/jars/com.github.stephenc.jcip_jcip-annotations-1.0-1.jar with timestamp 1746819855135
[2025-05-09T19:44:17.646+0000] {subprocess.py:93} INFO - 25/05/09 19:44:17 INFO Utils: /root/.ivy2/jars/com.github.stephenc.jcip_jcip-annotations-1.0-1.jar has been previously copied to /tmp/spark-9cdfb6d7-6ddc-46fa-9264-d49bbd98e237/userFiles-4e57a08d-f54e-4330-80ca-b21f5918a60e/com.github.stephenc.jcip_jcip-annotations-1.0-1.jar
[2025-05-09T19:44:17.650+0000] {subprocess.py:93} INFO - 25/05/09 19:44:17 INFO Executor: Fetching file:///root/.ivy2/jars/com.datastax.oss_java-driver-query-builder-4.13.0.jar with timestamp 1746819855135
[2025-05-09T19:44:17.651+0000] {subprocess.py:93} INFO - 25/05/09 19:44:17 INFO Utils: /root/.ivy2/jars/com.datastax.oss_java-driver-query-builder-4.13.0.jar has been previously copied to /tmp/spark-9cdfb6d7-6ddc-46fa-9264-d49bbd98e237/userFiles-4e57a08d-f54e-4330-80ca-b21f5918a60e/com.datastax.oss_java-driver-query-builder-4.13.0.jar
[2025-05-09T19:44:17.655+0000] {subprocess.py:93} INFO - 25/05/09 19:44:17 INFO Executor: Fetching file:///root/.ivy2/jars/org.apache.commons_commons-pool2-2.11.1.jar with timestamp 1746819855135
[2025-05-09T19:44:17.656+0000] {subprocess.py:93} INFO - 25/05/09 19:44:17 INFO Utils: /root/.ivy2/jars/org.apache.commons_commons-pool2-2.11.1.jar has been previously copied to /tmp/spark-9cdfb6d7-6ddc-46fa-9264-d49bbd98e237/userFiles-4e57a08d-f54e-4330-80ca-b21f5918a60e/org.apache.commons_commons-pool2-2.11.1.jar
[2025-05-09T19:44:17.659+0000] {subprocess.py:93} INFO - 25/05/09 19:44:17 INFO Executor: Fetching file:///root/.ivy2/jars/com.datastax.oss_native-protocol-1.5.0.jar with timestamp 1746819855135
[2025-05-09T19:44:17.660+0000] {subprocess.py:93} INFO - 25/05/09 19:44:17 INFO Utils: /root/.ivy2/jars/com.datastax.oss_native-protocol-1.5.0.jar has been previously copied to /tmp/spark-9cdfb6d7-6ddc-46fa-9264-d49bbd98e237/userFiles-4e57a08d-f54e-4330-80ca-b21f5918a60e/com.datastax.oss_native-protocol-1.5.0.jar
[2025-05-09T19:44:17.663+0000] {subprocess.py:93} INFO - 25/05/09 19:44:17 INFO Executor: Fetching file:///root/.ivy2/jars/commons-logging_commons-logging-1.1.3.jar with timestamp 1746819855135
[2025-05-09T19:44:17.665+0000] {subprocess.py:93} INFO - 25/05/09 19:44:17 INFO Utils: /root/.ivy2/jars/commons-logging_commons-logging-1.1.3.jar has been previously copied to /tmp/spark-9cdfb6d7-6ddc-46fa-9264-d49bbd98e237/userFiles-4e57a08d-f54e-4330-80ca-b21f5918a60e/commons-logging_commons-logging-1.1.3.jar
[2025-05-09T19:44:17.668+0000] {subprocess.py:93} INFO - 25/05/09 19:44:17 INFO Executor: Fetching file:///root/.ivy2/jars/com.thoughtworks.paranamer_paranamer-2.8.jar with timestamp 1746819855135
[2025-05-09T19:44:17.669+0000] {subprocess.py:93} INFO - 25/05/09 19:44:17 INFO Utils: /root/.ivy2/jars/com.thoughtworks.paranamer_paranamer-2.8.jar has been previously copied to /tmp/spark-9cdfb6d7-6ddc-46fa-9264-d49bbd98e237/userFiles-4e57a08d-f54e-4330-80ca-b21f5918a60e/com.thoughtworks.paranamer_paranamer-2.8.jar
[2025-05-09T19:44:17.672+0000] {subprocess.py:93} INFO - 25/05/09 19:44:17 INFO Executor: Fetching file:///root/.ivy2/jars/com.google.code.findbugs_jsr305-3.0.2.jar with timestamp 1746819855135
[2025-05-09T19:44:17.673+0000] {subprocess.py:93} INFO - 25/05/09 19:44:17 INFO Utils: /root/.ivy2/jars/com.google.code.findbugs_jsr305-3.0.2.jar has been previously copied to /tmp/spark-9cdfb6d7-6ddc-46fa-9264-d49bbd98e237/userFiles-4e57a08d-f54e-4330-80ca-b21f5918a60e/com.google.code.findbugs_jsr305-3.0.2.jar
[2025-05-09T19:44:17.676+0000] {subprocess.py:93} INFO - 25/05/09 19:44:17 INFO Executor: Fetching file:///root/.ivy2/jars/org.scala-lang_scala-reflect-2.12.11.jar with timestamp 1746819855135
[2025-05-09T19:44:17.680+0000] {subprocess.py:93} INFO - 25/05/09 19:44:17 INFO Utils: /root/.ivy2/jars/org.scala-lang_scala-reflect-2.12.11.jar has been previously copied to /tmp/spark-9cdfb6d7-6ddc-46fa-9264-d49bbd98e237/userFiles-4e57a08d-f54e-4330-80ca-b21f5918a60e/org.scala-lang_scala-reflect-2.12.11.jar
[2025-05-09T19:44:17.683+0000] {subprocess.py:93} INFO - 25/05/09 19:44:17 INFO Executor: Fetching file:///root/.ivy2/jars/com.datastax.spark_spark-cassandra-connector_2.12-3.5.0.jar with timestamp 1746819855135
[2025-05-09T19:44:17.686+0000] {subprocess.py:93} INFO - 25/05/09 19:44:17 INFO Utils: /root/.ivy2/jars/com.datastax.spark_spark-cassandra-connector_2.12-3.5.0.jar has been previously copied to /tmp/spark-9cdfb6d7-6ddc-46fa-9264-d49bbd98e237/userFiles-4e57a08d-f54e-4330-80ca-b21f5918a60e/com.datastax.spark_spark-cassandra-connector_2.12-3.5.0.jar
[2025-05-09T19:44:17.689+0000] {subprocess.py:93} INFO - 25/05/09 19:44:17 INFO Executor: Fetching file:///root/.ivy2/jars/com.github.spotbugs_spotbugs-annotations-3.1.12.jar with timestamp 1746819855135
[2025-05-09T19:44:17.690+0000] {subprocess.py:93} INFO - 25/05/09 19:44:17 INFO Utils: /root/.ivy2/jars/com.github.spotbugs_spotbugs-annotations-3.1.12.jar has been previously copied to /tmp/spark-9cdfb6d7-6ddc-46fa-9264-d49bbd98e237/userFiles-4e57a08d-f54e-4330-80ca-b21f5918a60e/com.github.spotbugs_spotbugs-annotations-3.1.12.jar
[2025-05-09T19:44:17.692+0000] {subprocess.py:93} INFO - 25/05/09 19:44:17 INFO Executor: Fetching file:///root/.ivy2/jars/org.hdrhistogram_HdrHistogram-2.1.12.jar with timestamp 1746819855135
[2025-05-09T19:44:17.693+0000] {subprocess.py:93} INFO - 25/05/09 19:44:17 INFO Utils: /root/.ivy2/jars/org.hdrhistogram_HdrHistogram-2.1.12.jar has been previously copied to /tmp/spark-9cdfb6d7-6ddc-46fa-9264-d49bbd98e237/userFiles-4e57a08d-f54e-4330-80ca-b21f5918a60e/org.hdrhistogram_HdrHistogram-2.1.12.jar
[2025-05-09T19:44:17.697+0000] {subprocess.py:93} INFO - 25/05/09 19:44:17 INFO Executor: Fetching file:///root/.ivy2/jars/com.datastax.oss_java-driver-mapper-runtime-4.13.0.jar with timestamp 1746819855135
[2025-05-09T19:44:17.698+0000] {subprocess.py:93} INFO - 25/05/09 19:44:17 INFO Utils: /root/.ivy2/jars/com.datastax.oss_java-driver-mapper-runtime-4.13.0.jar has been previously copied to /tmp/spark-9cdfb6d7-6ddc-46fa-9264-d49bbd98e237/userFiles-4e57a08d-f54e-4330-80ca-b21f5918a60e/com.datastax.oss_java-driver-mapper-runtime-4.13.0.jar
[2025-05-09T19:44:17.700+0000] {subprocess.py:93} INFO - 25/05/09 19:44:17 INFO Executor: Fetching file:///root/.ivy2/jars/com.datastax.spark_spark-cassandra-connector-driver_2.12-3.5.0.jar with timestamp 1746819855135
[2025-05-09T19:44:17.701+0000] {subprocess.py:93} INFO - 25/05/09 19:44:17 INFO Utils: /root/.ivy2/jars/com.datastax.spark_spark-cassandra-connector-driver_2.12-3.5.0.jar has been previously copied to /tmp/spark-9cdfb6d7-6ddc-46fa-9264-d49bbd98e237/userFiles-4e57a08d-f54e-4330-80ca-b21f5918a60e/com.datastax.spark_spark-cassandra-connector-driver_2.12-3.5.0.jar
[2025-05-09T19:44:17.704+0000] {subprocess.py:93} INFO - 25/05/09 19:44:17 INFO Executor: Fetching file:///root/.ivy2/jars/org.lz4_lz4-java-1.8.0.jar with timestamp 1746819855135
[2025-05-09T19:44:17.705+0000] {subprocess.py:93} INFO - 25/05/09 19:44:17 INFO Utils: /root/.ivy2/jars/org.lz4_lz4-java-1.8.0.jar has been previously copied to /tmp/spark-9cdfb6d7-6ddc-46fa-9264-d49bbd98e237/userFiles-4e57a08d-f54e-4330-80ca-b21f5918a60e/org.lz4_lz4-java-1.8.0.jar
[2025-05-09T19:44:17.707+0000] {subprocess.py:93} INFO - 25/05/09 19:44:17 INFO Executor: Fetching file:///root/.ivy2/jars/org.apache.kafka_kafka-clients-3.4.1.jar with timestamp 1746819855135
[2025-05-09T19:44:17.712+0000] {subprocess.py:93} INFO - 25/05/09 19:44:17 INFO Utils: /root/.ivy2/jars/org.apache.kafka_kafka-clients-3.4.1.jar has been previously copied to /tmp/spark-9cdfb6d7-6ddc-46fa-9264-d49bbd98e237/userFiles-4e57a08d-f54e-4330-80ca-b21f5918a60e/org.apache.kafka_kafka-clients-3.4.1.jar
[2025-05-09T19:44:17.718+0000] {subprocess.py:93} INFO - 25/05/09 19:44:17 INFO Executor: Fetching spark://377ab47e54ce:38647/jars/com.datastax.oss_java-driver-core-shaded-4.13.0.jar with timestamp 1746819855135
[2025-05-09T19:44:17.770+0000] {subprocess.py:93} INFO - 25/05/09 19:44:17 INFO TransportClientFactory: Successfully created connection to 377ab47e54ce/172.18.0.4:38647 after 36 ms (0 ms spent in bootstraps)
[2025-05-09T19:44:17.783+0000] {subprocess.py:93} INFO - 25/05/09 19:44:17 INFO Utils: Fetching spark://377ab47e54ce:38647/jars/com.datastax.oss_java-driver-core-shaded-4.13.0.jar to /tmp/spark-9cdfb6d7-6ddc-46fa-9264-d49bbd98e237/userFiles-4e57a08d-f54e-4330-80ca-b21f5918a60e/fetchFileTemp18297036381905773370.tmp
[2025-05-09T19:44:17.949+0000] {subprocess.py:93} INFO - 25/05/09 19:44:17 INFO Utils: /tmp/spark-9cdfb6d7-6ddc-46fa-9264-d49bbd98e237/userFiles-4e57a08d-f54e-4330-80ca-b21f5918a60e/fetchFileTemp18297036381905773370.tmp has been previously copied to /tmp/spark-9cdfb6d7-6ddc-46fa-9264-d49bbd98e237/userFiles-4e57a08d-f54e-4330-80ca-b21f5918a60e/com.datastax.oss_java-driver-core-shaded-4.13.0.jar
[2025-05-09T19:44:17.955+0000] {subprocess.py:93} INFO - 25/05/09 19:44:17 INFO Executor: Adding file:/tmp/spark-9cdfb6d7-6ddc-46fa-9264-d49bbd98e237/userFiles-4e57a08d-f54e-4330-80ca-b21f5918a60e/com.datastax.oss_java-driver-core-shaded-4.13.0.jar to class loader default
[2025-05-09T19:44:17.956+0000] {subprocess.py:93} INFO - 25/05/09 19:44:17 INFO Executor: Fetching spark://377ab47e54ce:38647/jars/org.slf4j_slf4j-api-2.0.7.jar with timestamp 1746819855135
[2025-05-09T19:44:17.958+0000] {subprocess.py:93} INFO - 25/05/09 19:44:17 INFO Utils: Fetching spark://377ab47e54ce:38647/jars/org.slf4j_slf4j-api-2.0.7.jar to /tmp/spark-9cdfb6d7-6ddc-46fa-9264-d49bbd98e237/userFiles-4e57a08d-f54e-4330-80ca-b21f5918a60e/fetchFileTemp9653577064848162063.tmp
[2025-05-09T19:44:17.962+0000] {subprocess.py:93} INFO - 25/05/09 19:44:17 INFO Utils: /tmp/spark-9cdfb6d7-6ddc-46fa-9264-d49bbd98e237/userFiles-4e57a08d-f54e-4330-80ca-b21f5918a60e/fetchFileTemp9653577064848162063.tmp has been previously copied to /tmp/spark-9cdfb6d7-6ddc-46fa-9264-d49bbd98e237/userFiles-4e57a08d-f54e-4330-80ca-b21f5918a60e/org.slf4j_slf4j-api-2.0.7.jar
[2025-05-09T19:44:17.966+0000] {subprocess.py:93} INFO - 25/05/09 19:44:17 INFO Executor: Adding file:/tmp/spark-9cdfb6d7-6ddc-46fa-9264-d49bbd98e237/userFiles-4e57a08d-f54e-4330-80ca-b21f5918a60e/org.slf4j_slf4j-api-2.0.7.jar to class loader default
[2025-05-09T19:44:17.967+0000] {subprocess.py:93} INFO - 25/05/09 19:44:17 INFO Executor: Fetching spark://377ab47e54ce:38647/jars/com.datastax.spark_spark-cassandra-connector-driver_2.12-3.5.0.jar with timestamp 1746819855135
[2025-05-09T19:44:17.968+0000] {subprocess.py:93} INFO - 25/05/09 19:44:17 INFO Utils: Fetching spark://377ab47e54ce:38647/jars/com.datastax.spark_spark-cassandra-connector-driver_2.12-3.5.0.jar to /tmp/spark-9cdfb6d7-6ddc-46fa-9264-d49bbd98e237/userFiles-4e57a08d-f54e-4330-80ca-b21f5918a60e/fetchFileTemp6628622239962589602.tmp
[2025-05-09T19:44:17.990+0000] {subprocess.py:93} INFO - 25/05/09 19:44:17 INFO Utils: /tmp/spark-9cdfb6d7-6ddc-46fa-9264-d49bbd98e237/userFiles-4e57a08d-f54e-4330-80ca-b21f5918a60e/fetchFileTemp6628622239962589602.tmp has been previously copied to /tmp/spark-9cdfb6d7-6ddc-46fa-9264-d49bbd98e237/userFiles-4e57a08d-f54e-4330-80ca-b21f5918a60e/com.datastax.spark_spark-cassandra-connector-driver_2.12-3.5.0.jar
[2025-05-09T19:44:17.995+0000] {subprocess.py:93} INFO - 25/05/09 19:44:17 INFO Executor: Adding file:/tmp/spark-9cdfb6d7-6ddc-46fa-9264-d49bbd98e237/userFiles-4e57a08d-f54e-4330-80ca-b21f5918a60e/com.datastax.spark_spark-cassandra-connector-driver_2.12-3.5.0.jar to class loader default
[2025-05-09T19:44:17.996+0000] {subprocess.py:93} INFO - 25/05/09 19:44:17 INFO Executor: Fetching spark://377ab47e54ce:38647/jars/com.github.stephenc.jcip_jcip-annotations-1.0-1.jar with timestamp 1746819855135
[2025-05-09T19:44:18.004+0000] {subprocess.py:93} INFO - 25/05/09 19:44:17 INFO Utils: Fetching spark://377ab47e54ce:38647/jars/com.github.stephenc.jcip_jcip-annotations-1.0-1.jar to /tmp/spark-9cdfb6d7-6ddc-46fa-9264-d49bbd98e237/userFiles-4e57a08d-f54e-4330-80ca-b21f5918a60e/fetchFileTemp13045657741554557215.tmp
[2025-05-09T19:44:18.012+0000] {subprocess.py:93} INFO - 25/05/09 19:44:18 INFO Utils: /tmp/spark-9cdfb6d7-6ddc-46fa-9264-d49bbd98e237/userFiles-4e57a08d-f54e-4330-80ca-b21f5918a60e/fetchFileTemp13045657741554557215.tmp has been previously copied to /tmp/spark-9cdfb6d7-6ddc-46fa-9264-d49bbd98e237/userFiles-4e57a08d-f54e-4330-80ca-b21f5918a60e/com.github.stephenc.jcip_jcip-annotations-1.0-1.jar
[2025-05-09T19:44:18.015+0000] {subprocess.py:93} INFO - 25/05/09 19:44:18 INFO Executor: Adding file:/tmp/spark-9cdfb6d7-6ddc-46fa-9264-d49bbd98e237/userFiles-4e57a08d-f54e-4330-80ca-b21f5918a60e/com.github.stephenc.jcip_jcip-annotations-1.0-1.jar to class loader default
[2025-05-09T19:44:18.022+0000] {subprocess.py:93} INFO - 25/05/09 19:44:18 INFO Executor: Fetching spark://377ab47e54ce:38647/jars/org.apache.kafka_kafka-clients-3.4.1.jar with timestamp 1746819855135
[2025-05-09T19:44:18.023+0000] {subprocess.py:93} INFO - 25/05/09 19:44:18 INFO Utils: Fetching spark://377ab47e54ce:38647/jars/org.apache.kafka_kafka-clients-3.4.1.jar to /tmp/spark-9cdfb6d7-6ddc-46fa-9264-d49bbd98e237/userFiles-4e57a08d-f54e-4330-80ca-b21f5918a60e/fetchFileTemp3756043676613294085.tmp
[2025-05-09T19:44:18.087+0000] {subprocess.py:93} INFO - 25/05/09 19:44:18 INFO Utils: /tmp/spark-9cdfb6d7-6ddc-46fa-9264-d49bbd98e237/userFiles-4e57a08d-f54e-4330-80ca-b21f5918a60e/fetchFileTemp3756043676613294085.tmp has been previously copied to /tmp/spark-9cdfb6d7-6ddc-46fa-9264-d49bbd98e237/userFiles-4e57a08d-f54e-4330-80ca-b21f5918a60e/org.apache.kafka_kafka-clients-3.4.1.jar
[2025-05-09T19:44:18.093+0000] {subprocess.py:93} INFO - 25/05/09 19:44:18 INFO Executor: Adding file:/tmp/spark-9cdfb6d7-6ddc-46fa-9264-d49bbd98e237/userFiles-4e57a08d-f54e-4330-80ca-b21f5918a60e/org.apache.kafka_kafka-clients-3.4.1.jar to class loader default
[2025-05-09T19:44:18.095+0000] {subprocess.py:93} INFO - 25/05/09 19:44:18 INFO Executor: Fetching spark://377ab47e54ce:38647/jars/org.apache.commons_commons-pool2-2.11.1.jar with timestamp 1746819855135
[2025-05-09T19:44:18.096+0000] {subprocess.py:93} INFO - 25/05/09 19:44:18 INFO Utils: Fetching spark://377ab47e54ce:38647/jars/org.apache.commons_commons-pool2-2.11.1.jar to /tmp/spark-9cdfb6d7-6ddc-46fa-9264-d49bbd98e237/userFiles-4e57a08d-f54e-4330-80ca-b21f5918a60e/fetchFileTemp13606572391041105814.tmp
[2025-05-09T19:44:18.099+0000] {subprocess.py:93} INFO - 25/05/09 19:44:18 INFO Utils: /tmp/spark-9cdfb6d7-6ddc-46fa-9264-d49bbd98e237/userFiles-4e57a08d-f54e-4330-80ca-b21f5918a60e/fetchFileTemp13606572391041105814.tmp has been previously copied to /tmp/spark-9cdfb6d7-6ddc-46fa-9264-d49bbd98e237/userFiles-4e57a08d-f54e-4330-80ca-b21f5918a60e/org.apache.commons_commons-pool2-2.11.1.jar
[2025-05-09T19:44:18.103+0000] {subprocess.py:93} INFO - 25/05/09 19:44:18 INFO Executor: Adding file:/tmp/spark-9cdfb6d7-6ddc-46fa-9264-d49bbd98e237/userFiles-4e57a08d-f54e-4330-80ca-b21f5918a60e/org.apache.commons_commons-pool2-2.11.1.jar to class loader default
[2025-05-09T19:44:18.104+0000] {subprocess.py:93} INFO - 25/05/09 19:44:18 INFO Executor: Fetching spark://377ab47e54ce:38647/jars/org.apache.hadoop_hadoop-client-runtime-3.3.4.jar with timestamp 1746819855135
[2025-05-09T19:44:18.106+0000] {subprocess.py:93} INFO - 25/05/09 19:44:18 INFO Utils: Fetching spark://377ab47e54ce:38647/jars/org.apache.hadoop_hadoop-client-runtime-3.3.4.jar to /tmp/spark-9cdfb6d7-6ddc-46fa-9264-d49bbd98e237/userFiles-4e57a08d-f54e-4330-80ca-b21f5918a60e/fetchFileTemp15935292874134647266.tmp
[2025-05-09T19:44:18.524+0000] {subprocess.py:93} INFO - 25/05/09 19:44:18 INFO Utils: /tmp/spark-9cdfb6d7-6ddc-46fa-9264-d49bbd98e237/userFiles-4e57a08d-f54e-4330-80ca-b21f5918a60e/fetchFileTemp15935292874134647266.tmp has been previously copied to /tmp/spark-9cdfb6d7-6ddc-46fa-9264-d49bbd98e237/userFiles-4e57a08d-f54e-4330-80ca-b21f5918a60e/org.apache.hadoop_hadoop-client-runtime-3.3.4.jar
[2025-05-09T19:44:18.544+0000] {subprocess.py:93} INFO - 25/05/09 19:44:18 INFO Executor: Adding file:/tmp/spark-9cdfb6d7-6ddc-46fa-9264-d49bbd98e237/userFiles-4e57a08d-f54e-4330-80ca-b21f5918a60e/org.apache.hadoop_hadoop-client-runtime-3.3.4.jar to class loader default
[2025-05-09T19:44:18.546+0000] {subprocess.py:93} INFO - 25/05/09 19:44:18 INFO Executor: Fetching spark://377ab47e54ce:38647/jars/com.datastax.oss_native-protocol-1.5.0.jar with timestamp 1746819855135
[2025-05-09T19:44:18.553+0000] {subprocess.py:93} INFO - 25/05/09 19:44:18 INFO Utils: Fetching spark://377ab47e54ce:38647/jars/com.datastax.oss_native-protocol-1.5.0.jar to /tmp/spark-9cdfb6d7-6ddc-46fa-9264-d49bbd98e237/userFiles-4e57a08d-f54e-4330-80ca-b21f5918a60e/fetchFileTemp14838768448720178467.tmp
[2025-05-09T19:44:18.558+0000] {subprocess.py:93} INFO - 25/05/09 19:44:18 INFO Utils: /tmp/spark-9cdfb6d7-6ddc-46fa-9264-d49bbd98e237/userFiles-4e57a08d-f54e-4330-80ca-b21f5918a60e/fetchFileTemp14838768448720178467.tmp has been previously copied to /tmp/spark-9cdfb6d7-6ddc-46fa-9264-d49bbd98e237/userFiles-4e57a08d-f54e-4330-80ca-b21f5918a60e/com.datastax.oss_native-protocol-1.5.0.jar
[2025-05-09T19:44:18.570+0000] {subprocess.py:93} INFO - 25/05/09 19:44:18 INFO Executor: Adding file:/tmp/spark-9cdfb6d7-6ddc-46fa-9264-d49bbd98e237/userFiles-4e57a08d-f54e-4330-80ca-b21f5918a60e/com.datastax.oss_native-protocol-1.5.0.jar to class loader default
[2025-05-09T19:44:18.571+0000] {subprocess.py:93} INFO - 25/05/09 19:44:18 INFO Executor: Fetching spark://377ab47e54ce:38647/jars/org.scala-lang.modules_scala-collection-compat_2.12-2.11.0.jar with timestamp 1746819855135
[2025-05-09T19:44:18.572+0000] {subprocess.py:93} INFO - 25/05/09 19:44:18 INFO Utils: Fetching spark://377ab47e54ce:38647/jars/org.scala-lang.modules_scala-collection-compat_2.12-2.11.0.jar to /tmp/spark-9cdfb6d7-6ddc-46fa-9264-d49bbd98e237/userFiles-4e57a08d-f54e-4330-80ca-b21f5918a60e/fetchFileTemp13148490544621240240.tmp
[2025-05-09T19:44:18.574+0000] {subprocess.py:93} INFO - 25/05/09 19:44:18 INFO Utils: /tmp/spark-9cdfb6d7-6ddc-46fa-9264-d49bbd98e237/userFiles-4e57a08d-f54e-4330-80ca-b21f5918a60e/fetchFileTemp13148490544621240240.tmp has been previously copied to /tmp/spark-9cdfb6d7-6ddc-46fa-9264-d49bbd98e237/userFiles-4e57a08d-f54e-4330-80ca-b21f5918a60e/org.scala-lang.modules_scala-collection-compat_2.12-2.11.0.jar
[2025-05-09T19:44:18.585+0000] {subprocess.py:93} INFO - 25/05/09 19:44:18 INFO Executor: Adding file:/tmp/spark-9cdfb6d7-6ddc-46fa-9264-d49bbd98e237/userFiles-4e57a08d-f54e-4330-80ca-b21f5918a60e/org.scala-lang.modules_scala-collection-compat_2.12-2.11.0.jar to class loader default
[2025-05-09T19:44:18.586+0000] {subprocess.py:93} INFO - 25/05/09 19:44:18 INFO Executor: Fetching spark://377ab47e54ce:38647/jars/com.datastax.oss_java-driver-query-builder-4.13.0.jar with timestamp 1746819855135
[2025-05-09T19:44:18.586+0000] {subprocess.py:93} INFO - 25/05/09 19:44:18 INFO Utils: Fetching spark://377ab47e54ce:38647/jars/com.datastax.oss_java-driver-query-builder-4.13.0.jar to /tmp/spark-9cdfb6d7-6ddc-46fa-9264-d49bbd98e237/userFiles-4e57a08d-f54e-4330-80ca-b21f5918a60e/fetchFileTemp7752515825088301282.tmp
[2025-05-09T19:44:18.593+0000] {subprocess.py:93} INFO - 25/05/09 19:44:18 INFO Utils: /tmp/spark-9cdfb6d7-6ddc-46fa-9264-d49bbd98e237/userFiles-4e57a08d-f54e-4330-80ca-b21f5918a60e/fetchFileTemp7752515825088301282.tmp has been previously copied to /tmp/spark-9cdfb6d7-6ddc-46fa-9264-d49bbd98e237/userFiles-4e57a08d-f54e-4330-80ca-b21f5918a60e/com.datastax.oss_java-driver-query-builder-4.13.0.jar
[2025-05-09T19:44:18.599+0000] {subprocess.py:93} INFO - 25/05/09 19:44:18 INFO Executor: Adding file:/tmp/spark-9cdfb6d7-6ddc-46fa-9264-d49bbd98e237/userFiles-4e57a08d-f54e-4330-80ca-b21f5918a60e/com.datastax.oss_java-driver-query-builder-4.13.0.jar to class loader default
[2025-05-09T19:44:18.600+0000] {subprocess.py:93} INFO - 25/05/09 19:44:18 INFO Executor: Fetching spark://377ab47e54ce:38647/jars/org.apache.spark_spark-sql-kafka-0-10_2.12-3.5.0.jar with timestamp 1746819855135
[2025-05-09T19:44:18.601+0000] {subprocess.py:93} INFO - 25/05/09 19:44:18 INFO Utils: Fetching spark://377ab47e54ce:38647/jars/org.apache.spark_spark-sql-kafka-0-10_2.12-3.5.0.jar to /tmp/spark-9cdfb6d7-6ddc-46fa-9264-d49bbd98e237/userFiles-4e57a08d-f54e-4330-80ca-b21f5918a60e/fetchFileTemp3380048353408694144.tmp
[2025-05-09T19:44:18.607+0000] {subprocess.py:93} INFO - 25/05/09 19:44:18 INFO Utils: /tmp/spark-9cdfb6d7-6ddc-46fa-9264-d49bbd98e237/userFiles-4e57a08d-f54e-4330-80ca-b21f5918a60e/fetchFileTemp3380048353408694144.tmp has been previously copied to /tmp/spark-9cdfb6d7-6ddc-46fa-9264-d49bbd98e237/userFiles-4e57a08d-f54e-4330-80ca-b21f5918a60e/org.apache.spark_spark-sql-kafka-0-10_2.12-3.5.0.jar
[2025-05-09T19:44:18.611+0000] {subprocess.py:93} INFO - 25/05/09 19:44:18 INFO Executor: Adding file:/tmp/spark-9cdfb6d7-6ddc-46fa-9264-d49bbd98e237/userFiles-4e57a08d-f54e-4330-80ca-b21f5918a60e/org.apache.spark_spark-sql-kafka-0-10_2.12-3.5.0.jar to class loader default
[2025-05-09T19:44:18.613+0000] {subprocess.py:93} INFO - 25/05/09 19:44:18 INFO Executor: Fetching spark://377ab47e54ce:38647/jars/com.google.code.findbugs_jsr305-3.0.2.jar with timestamp 1746819855135
[2025-05-09T19:44:18.614+0000] {subprocess.py:93} INFO - 25/05/09 19:44:18 INFO Utils: Fetching spark://377ab47e54ce:38647/jars/com.google.code.findbugs_jsr305-3.0.2.jar to /tmp/spark-9cdfb6d7-6ddc-46fa-9264-d49bbd98e237/userFiles-4e57a08d-f54e-4330-80ca-b21f5918a60e/fetchFileTemp6339766191337930186.tmp
[2025-05-09T19:44:18.616+0000] {subprocess.py:93} INFO - 25/05/09 19:44:18 INFO Utils: /tmp/spark-9cdfb6d7-6ddc-46fa-9264-d49bbd98e237/userFiles-4e57a08d-f54e-4330-80ca-b21f5918a60e/fetchFileTemp6339766191337930186.tmp has been previously copied to /tmp/spark-9cdfb6d7-6ddc-46fa-9264-d49bbd98e237/userFiles-4e57a08d-f54e-4330-80ca-b21f5918a60e/com.google.code.findbugs_jsr305-3.0.2.jar
[2025-05-09T19:44:18.620+0000] {subprocess.py:93} INFO - 25/05/09 19:44:18 INFO Executor: Adding file:/tmp/spark-9cdfb6d7-6ddc-46fa-9264-d49bbd98e237/userFiles-4e57a08d-f54e-4330-80ca-b21f5918a60e/com.google.code.findbugs_jsr305-3.0.2.jar to class loader default
[2025-05-09T19:44:18.621+0000] {subprocess.py:93} INFO - 25/05/09 19:44:18 INFO Executor: Fetching spark://377ab47e54ce:38647/jars/com.thoughtworks.paranamer_paranamer-2.8.jar with timestamp 1746819855135
[2025-05-09T19:44:18.623+0000] {subprocess.py:93} INFO - 25/05/09 19:44:18 INFO Utils: Fetching spark://377ab47e54ce:38647/jars/com.thoughtworks.paranamer_paranamer-2.8.jar to /tmp/spark-9cdfb6d7-6ddc-46fa-9264-d49bbd98e237/userFiles-4e57a08d-f54e-4330-80ca-b21f5918a60e/fetchFileTemp14652331750208828894.tmp
[2025-05-09T19:44:18.625+0000] {subprocess.py:93} INFO - 25/05/09 19:44:18 INFO Utils: /tmp/spark-9cdfb6d7-6ddc-46fa-9264-d49bbd98e237/userFiles-4e57a08d-f54e-4330-80ca-b21f5918a60e/fetchFileTemp14652331750208828894.tmp has been previously copied to /tmp/spark-9cdfb6d7-6ddc-46fa-9264-d49bbd98e237/userFiles-4e57a08d-f54e-4330-80ca-b21f5918a60e/com.thoughtworks.paranamer_paranamer-2.8.jar
[2025-05-09T19:44:18.630+0000] {subprocess.py:93} INFO - 25/05/09 19:44:18 INFO Executor: Adding file:/tmp/spark-9cdfb6d7-6ddc-46fa-9264-d49bbd98e237/userFiles-4e57a08d-f54e-4330-80ca-b21f5918a60e/com.thoughtworks.paranamer_paranamer-2.8.jar to class loader default
[2025-05-09T19:44:18.631+0000] {subprocess.py:93} INFO - 25/05/09 19:44:18 INFO Executor: Fetching spark://377ab47e54ce:38647/jars/org.xerial.snappy_snappy-java-1.1.10.3.jar with timestamp 1746819855135
[2025-05-09T19:44:18.632+0000] {subprocess.py:93} INFO - 25/05/09 19:44:18 INFO Utils: Fetching spark://377ab47e54ce:38647/jars/org.xerial.snappy_snappy-java-1.1.10.3.jar to /tmp/spark-9cdfb6d7-6ddc-46fa-9264-d49bbd98e237/userFiles-4e57a08d-f54e-4330-80ca-b21f5918a60e/fetchFileTemp48568156240890895.tmp
[2025-05-09T19:44:18.646+0000] {subprocess.py:93} INFO - 25/05/09 19:44:18 INFO Utils: /tmp/spark-9cdfb6d7-6ddc-46fa-9264-d49bbd98e237/userFiles-4e57a08d-f54e-4330-80ca-b21f5918a60e/fetchFileTemp48568156240890895.tmp has been previously copied to /tmp/spark-9cdfb6d7-6ddc-46fa-9264-d49bbd98e237/userFiles-4e57a08d-f54e-4330-80ca-b21f5918a60e/org.xerial.snappy_snappy-java-1.1.10.3.jar
[2025-05-09T19:44:18.651+0000] {subprocess.py:93} INFO - 25/05/09 19:44:18 INFO Executor: Adding file:/tmp/spark-9cdfb6d7-6ddc-46fa-9264-d49bbd98e237/userFiles-4e57a08d-f54e-4330-80ca-b21f5918a60e/org.xerial.snappy_snappy-java-1.1.10.3.jar to class loader default
[2025-05-09T19:44:18.652+0000] {subprocess.py:93} INFO - 25/05/09 19:44:18 INFO Executor: Fetching spark://377ab47e54ce:38647/jars/org.hdrhistogram_HdrHistogram-2.1.12.jar with timestamp 1746819855135
[2025-05-09T19:44:18.653+0000] {subprocess.py:93} INFO - 25/05/09 19:44:18 INFO Utils: Fetching spark://377ab47e54ce:38647/jars/org.hdrhistogram_HdrHistogram-2.1.12.jar to /tmp/spark-9cdfb6d7-6ddc-46fa-9264-d49bbd98e237/userFiles-4e57a08d-f54e-4330-80ca-b21f5918a60e/fetchFileTemp13962442361284873072.tmp
[2025-05-09T19:44:18.658+0000] {subprocess.py:93} INFO - 25/05/09 19:44:18 INFO Utils: /tmp/spark-9cdfb6d7-6ddc-46fa-9264-d49bbd98e237/userFiles-4e57a08d-f54e-4330-80ca-b21f5918a60e/fetchFileTemp13962442361284873072.tmp has been previously copied to /tmp/spark-9cdfb6d7-6ddc-46fa-9264-d49bbd98e237/userFiles-4e57a08d-f54e-4330-80ca-b21f5918a60e/org.hdrhistogram_HdrHistogram-2.1.12.jar
[2025-05-09T19:44:18.661+0000] {subprocess.py:93} INFO - 25/05/09 19:44:18 INFO Executor: Adding file:/tmp/spark-9cdfb6d7-6ddc-46fa-9264-d49bbd98e237/userFiles-4e57a08d-f54e-4330-80ca-b21f5918a60e/org.hdrhistogram_HdrHistogram-2.1.12.jar to class loader default
[2025-05-09T19:44:18.663+0000] {subprocess.py:93} INFO - 25/05/09 19:44:18 INFO Executor: Fetching spark://377ab47e54ce:38647/jars/org.apache.hadoop_hadoop-client-api-3.3.4.jar with timestamp 1746819855135
[2025-05-09T19:44:18.670+0000] {subprocess.py:93} INFO - 25/05/09 19:44:18 INFO Utils: Fetching spark://377ab47e54ce:38647/jars/org.apache.hadoop_hadoop-client-api-3.3.4.jar to /tmp/spark-9cdfb6d7-6ddc-46fa-9264-d49bbd98e237/userFiles-4e57a08d-f54e-4330-80ca-b21f5918a60e/fetchFileTemp7639267561053892019.tmp
[2025-05-09T19:44:18.940+0000] {subprocess.py:93} INFO - 25/05/09 19:44:18 INFO Utils: /tmp/spark-9cdfb6d7-6ddc-46fa-9264-d49bbd98e237/userFiles-4e57a08d-f54e-4330-80ca-b21f5918a60e/fetchFileTemp7639267561053892019.tmp has been previously copied to /tmp/spark-9cdfb6d7-6ddc-46fa-9264-d49bbd98e237/userFiles-4e57a08d-f54e-4330-80ca-b21f5918a60e/org.apache.hadoop_hadoop-client-api-3.3.4.jar
[2025-05-09T19:44:18.957+0000] {subprocess.py:93} INFO - 25/05/09 19:44:18 INFO Executor: Adding file:/tmp/spark-9cdfb6d7-6ddc-46fa-9264-d49bbd98e237/userFiles-4e57a08d-f54e-4330-80ca-b21f5918a60e/org.apache.hadoop_hadoop-client-api-3.3.4.jar to class loader default
[2025-05-09T19:44:18.958+0000] {subprocess.py:93} INFO - 25/05/09 19:44:18 INFO Executor: Fetching spark://377ab47e54ce:38647/jars/org.scala-lang_scala-reflect-2.12.11.jar with timestamp 1746819855135
[2025-05-09T19:44:18.961+0000] {subprocess.py:93} INFO - 25/05/09 19:44:18 INFO Utils: Fetching spark://377ab47e54ce:38647/jars/org.scala-lang_scala-reflect-2.12.11.jar to /tmp/spark-9cdfb6d7-6ddc-46fa-9264-d49bbd98e237/userFiles-4e57a08d-f54e-4330-80ca-b21f5918a60e/fetchFileTemp783913973966853437.tmp
[2025-05-09T19:44:18.994+0000] {subprocess.py:93} INFO - 25/05/09 19:44:18 INFO Utils: /tmp/spark-9cdfb6d7-6ddc-46fa-9264-d49bbd98e237/userFiles-4e57a08d-f54e-4330-80ca-b21f5918a60e/fetchFileTemp783913973966853437.tmp has been previously copied to /tmp/spark-9cdfb6d7-6ddc-46fa-9264-d49bbd98e237/userFiles-4e57a08d-f54e-4330-80ca-b21f5918a60e/org.scala-lang_scala-reflect-2.12.11.jar
[2025-05-09T19:44:18.999+0000] {subprocess.py:93} INFO - 25/05/09 19:44:18 INFO Executor: Adding file:/tmp/spark-9cdfb6d7-6ddc-46fa-9264-d49bbd98e237/userFiles-4e57a08d-f54e-4330-80ca-b21f5918a60e/org.scala-lang_scala-reflect-2.12.11.jar to class loader default
[2025-05-09T19:44:19.000+0000] {subprocess.py:93} INFO - 25/05/09 19:44:18 INFO Executor: Fetching spark://377ab47e54ce:38647/jars/com.datastax.oss_java-driver-mapper-runtime-4.13.0.jar with timestamp 1746819855135
[2025-05-09T19:44:19.002+0000] {subprocess.py:93} INFO - 25/05/09 19:44:18 INFO Utils: Fetching spark://377ab47e54ce:38647/jars/com.datastax.oss_java-driver-mapper-runtime-4.13.0.jar to /tmp/spark-9cdfb6d7-6ddc-46fa-9264-d49bbd98e237/userFiles-4e57a08d-f54e-4330-80ca-b21f5918a60e/fetchFileTemp12105499884409027839.tmp
[2025-05-09T19:44:19.005+0000] {subprocess.py:93} INFO - 25/05/09 19:44:19 INFO Utils: /tmp/spark-9cdfb6d7-6ddc-46fa-9264-d49bbd98e237/userFiles-4e57a08d-f54e-4330-80ca-b21f5918a60e/fetchFileTemp12105499884409027839.tmp has been previously copied to /tmp/spark-9cdfb6d7-6ddc-46fa-9264-d49bbd98e237/userFiles-4e57a08d-f54e-4330-80ca-b21f5918a60e/com.datastax.oss_java-driver-mapper-runtime-4.13.0.jar
[2025-05-09T19:44:19.010+0000] {subprocess.py:93} INFO - 25/05/09 19:44:19 INFO Executor: Adding file:/tmp/spark-9cdfb6d7-6ddc-46fa-9264-d49bbd98e237/userFiles-4e57a08d-f54e-4330-80ca-b21f5918a60e/com.datastax.oss_java-driver-mapper-runtime-4.13.0.jar to class loader default
[2025-05-09T19:44:19.011+0000] {subprocess.py:93} INFO - 25/05/09 19:44:19 INFO Executor: Fetching spark://377ab47e54ce:38647/jars/org.apache.commons_commons-lang3-3.10.jar with timestamp 1746819855135
[2025-05-09T19:44:19.014+0000] {subprocess.py:93} INFO - 25/05/09 19:44:19 INFO Utils: Fetching spark://377ab47e54ce:38647/jars/org.apache.commons_commons-lang3-3.10.jar to /tmp/spark-9cdfb6d7-6ddc-46fa-9264-d49bbd98e237/userFiles-4e57a08d-f54e-4330-80ca-b21f5918a60e/fetchFileTemp8633263827058054776.tmp
[2025-05-09T19:44:19.019+0000] {subprocess.py:93} INFO - 25/05/09 19:44:19 INFO Utils: /tmp/spark-9cdfb6d7-6ddc-46fa-9264-d49bbd98e237/userFiles-4e57a08d-f54e-4330-80ca-b21f5918a60e/fetchFileTemp8633263827058054776.tmp has been previously copied to /tmp/spark-9cdfb6d7-6ddc-46fa-9264-d49bbd98e237/userFiles-4e57a08d-f54e-4330-80ca-b21f5918a60e/org.apache.commons_commons-lang3-3.10.jar
[2025-05-09T19:44:19.029+0000] {subprocess.py:93} INFO - 25/05/09 19:44:19 INFO Executor: Adding file:/tmp/spark-9cdfb6d7-6ddc-46fa-9264-d49bbd98e237/userFiles-4e57a08d-f54e-4330-80ca-b21f5918a60e/org.apache.commons_commons-lang3-3.10.jar to class loader default
[2025-05-09T19:44:19.033+0000] {subprocess.py:93} INFO - 25/05/09 19:44:19 INFO Executor: Fetching spark://377ab47e54ce:38647/jars/com.github.spotbugs_spotbugs-annotations-3.1.12.jar with timestamp 1746819855135
[2025-05-09T19:44:19.044+0000] {subprocess.py:93} INFO - 25/05/09 19:44:19 INFO Utils: Fetching spark://377ab47e54ce:38647/jars/com.github.spotbugs_spotbugs-annotations-3.1.12.jar to /tmp/spark-9cdfb6d7-6ddc-46fa-9264-d49bbd98e237/userFiles-4e57a08d-f54e-4330-80ca-b21f5918a60e/fetchFileTemp13875886001292817962.tmp
[2025-05-09T19:44:19.046+0000] {subprocess.py:93} INFO - 25/05/09 19:44:19 INFO Utils: /tmp/spark-9cdfb6d7-6ddc-46fa-9264-d49bbd98e237/userFiles-4e57a08d-f54e-4330-80ca-b21f5918a60e/fetchFileTemp13875886001292817962.tmp has been previously copied to /tmp/spark-9cdfb6d7-6ddc-46fa-9264-d49bbd98e237/userFiles-4e57a08d-f54e-4330-80ca-b21f5918a60e/com.github.spotbugs_spotbugs-annotations-3.1.12.jar
[2025-05-09T19:44:19.058+0000] {subprocess.py:93} INFO - 25/05/09 19:44:19 INFO Executor: Adding file:/tmp/spark-9cdfb6d7-6ddc-46fa-9264-d49bbd98e237/userFiles-4e57a08d-f54e-4330-80ca-b21f5918a60e/com.github.spotbugs_spotbugs-annotations-3.1.12.jar to class loader default
[2025-05-09T19:44:19.060+0000] {subprocess.py:93} INFO - 25/05/09 19:44:19 INFO Executor: Fetching spark://377ab47e54ce:38647/jars/com.datastax.spark_spark-cassandra-connector_2.12-3.5.0.jar with timestamp 1746819855135
[2025-05-09T19:44:19.064+0000] {subprocess.py:93} INFO - 25/05/09 19:44:19 INFO Utils: Fetching spark://377ab47e54ce:38647/jars/com.datastax.spark_spark-cassandra-connector_2.12-3.5.0.jar to /tmp/spark-9cdfb6d7-6ddc-46fa-9264-d49bbd98e237/userFiles-4e57a08d-f54e-4330-80ca-b21f5918a60e/fetchFileTemp17012787094972297781.tmp
[2025-05-09T19:44:19.095+0000] {subprocess.py:93} INFO - 25/05/09 19:44:19 INFO Utils: /tmp/spark-9cdfb6d7-6ddc-46fa-9264-d49bbd98e237/userFiles-4e57a08d-f54e-4330-80ca-b21f5918a60e/fetchFileTemp17012787094972297781.tmp has been previously copied to /tmp/spark-9cdfb6d7-6ddc-46fa-9264-d49bbd98e237/userFiles-4e57a08d-f54e-4330-80ca-b21f5918a60e/com.datastax.spark_spark-cassandra-connector_2.12-3.5.0.jar
[2025-05-09T19:44:19.097+0000] {subprocess.py:93} INFO - 25/05/09 19:44:19 INFO Executor: Adding file:/tmp/spark-9cdfb6d7-6ddc-46fa-9264-d49bbd98e237/userFiles-4e57a08d-f54e-4330-80ca-b21f5918a60e/com.datastax.spark_spark-cassandra-connector_2.12-3.5.0.jar to class loader default
[2025-05-09T19:44:19.097+0000] {subprocess.py:93} INFO - 25/05/09 19:44:19 INFO Executor: Fetching spark://377ab47e54ce:38647/jars/org.reactivestreams_reactive-streams-1.0.3.jar with timestamp 1746819855135
[2025-05-09T19:44:19.098+0000] {subprocess.py:93} INFO - 25/05/09 19:44:19 INFO Utils: Fetching spark://377ab47e54ce:38647/jars/org.reactivestreams_reactive-streams-1.0.3.jar to /tmp/spark-9cdfb6d7-6ddc-46fa-9264-d49bbd98e237/userFiles-4e57a08d-f54e-4330-80ca-b21f5918a60e/fetchFileTemp6300964468721836375.tmp
[2025-05-09T19:44:19.101+0000] {subprocess.py:93} INFO - 25/05/09 19:44:19 INFO Utils: /tmp/spark-9cdfb6d7-6ddc-46fa-9264-d49bbd98e237/userFiles-4e57a08d-f54e-4330-80ca-b21f5918a60e/fetchFileTemp6300964468721836375.tmp has been previously copied to /tmp/spark-9cdfb6d7-6ddc-46fa-9264-d49bbd98e237/userFiles-4e57a08d-f54e-4330-80ca-b21f5918a60e/org.reactivestreams_reactive-streams-1.0.3.jar
[2025-05-09T19:44:19.109+0000] {subprocess.py:93} INFO - 25/05/09 19:44:19 INFO Executor: Adding file:/tmp/spark-9cdfb6d7-6ddc-46fa-9264-d49bbd98e237/userFiles-4e57a08d-f54e-4330-80ca-b21f5918a60e/org.reactivestreams_reactive-streams-1.0.3.jar to class loader default
[2025-05-09T19:44:19.112+0000] {subprocess.py:93} INFO - 25/05/09 19:44:19 INFO Executor: Fetching spark://377ab47e54ce:38647/jars/org.apache.spark_spark-token-provider-kafka-0-10_2.12-3.5.0.jar with timestamp 1746819855135
[2025-05-09T19:44:19.122+0000] {subprocess.py:93} INFO - 25/05/09 19:44:19 INFO Utils: Fetching spark://377ab47e54ce:38647/jars/org.apache.spark_spark-token-provider-kafka-0-10_2.12-3.5.0.jar to /tmp/spark-9cdfb6d7-6ddc-46fa-9264-d49bbd98e237/userFiles-4e57a08d-f54e-4330-80ca-b21f5918a60e/fetchFileTemp9405248042813489310.tmp
[2025-05-09T19:44:19.124+0000] {subprocess.py:93} INFO - 25/05/09 19:44:19 INFO Utils: /tmp/spark-9cdfb6d7-6ddc-46fa-9264-d49bbd98e237/userFiles-4e57a08d-f54e-4330-80ca-b21f5918a60e/fetchFileTemp9405248042813489310.tmp has been previously copied to /tmp/spark-9cdfb6d7-6ddc-46fa-9264-d49bbd98e237/userFiles-4e57a08d-f54e-4330-80ca-b21f5918a60e/org.apache.spark_spark-token-provider-kafka-0-10_2.12-3.5.0.jar
[2025-05-09T19:44:19.134+0000] {subprocess.py:93} INFO - 25/05/09 19:44:19 INFO Executor: Adding file:/tmp/spark-9cdfb6d7-6ddc-46fa-9264-d49bbd98e237/userFiles-4e57a08d-f54e-4330-80ca-b21f5918a60e/org.apache.spark_spark-token-provider-kafka-0-10_2.12-3.5.0.jar to class loader default
[2025-05-09T19:44:19.138+0000] {subprocess.py:93} INFO - 25/05/09 19:44:19 INFO Executor: Fetching spark://377ab47e54ce:38647/jars/com.datastax.oss_java-driver-shaded-guava-25.1-jre-graal-sub-1.jar with timestamp 1746819855135
[2025-05-09T19:44:19.139+0000] {subprocess.py:93} INFO - 25/05/09 19:44:19 INFO Utils: Fetching spark://377ab47e54ce:38647/jars/com.datastax.oss_java-driver-shaded-guava-25.1-jre-graal-sub-1.jar to /tmp/spark-9cdfb6d7-6ddc-46fa-9264-d49bbd98e237/userFiles-4e57a08d-f54e-4330-80ca-b21f5918a60e/fetchFileTemp5085650120770174807.tmp
[2025-05-09T19:44:19.169+0000] {subprocess.py:93} INFO - 25/05/09 19:44:19 INFO Utils: /tmp/spark-9cdfb6d7-6ddc-46fa-9264-d49bbd98e237/userFiles-4e57a08d-f54e-4330-80ca-b21f5918a60e/fetchFileTemp5085650120770174807.tmp has been previously copied to /tmp/spark-9cdfb6d7-6ddc-46fa-9264-d49bbd98e237/userFiles-4e57a08d-f54e-4330-80ca-b21f5918a60e/com.datastax.oss_java-driver-shaded-guava-25.1-jre-graal-sub-1.jar
[2025-05-09T19:44:19.178+0000] {subprocess.py:93} INFO - 25/05/09 19:44:19 INFO Executor: Adding file:/tmp/spark-9cdfb6d7-6ddc-46fa-9264-d49bbd98e237/userFiles-4e57a08d-f54e-4330-80ca-b21f5918a60e/com.datastax.oss_java-driver-shaded-guava-25.1-jre-graal-sub-1.jar to class loader default
[2025-05-09T19:44:19.179+0000] {subprocess.py:93} INFO - 25/05/09 19:44:19 INFO Executor: Fetching spark://377ab47e54ce:38647/jars/org.lz4_lz4-java-1.8.0.jar with timestamp 1746819855135
[2025-05-09T19:44:19.180+0000] {subprocess.py:93} INFO - 25/05/09 19:44:19 INFO Utils: Fetching spark://377ab47e54ce:38647/jars/org.lz4_lz4-java-1.8.0.jar to /tmp/spark-9cdfb6d7-6ddc-46fa-9264-d49bbd98e237/userFiles-4e57a08d-f54e-4330-80ca-b21f5918a60e/fetchFileTemp10347340607446651079.tmp
[2025-05-09T19:44:19.189+0000] {subprocess.py:93} INFO - 25/05/09 19:44:19 INFO Utils: /tmp/spark-9cdfb6d7-6ddc-46fa-9264-d49bbd98e237/userFiles-4e57a08d-f54e-4330-80ca-b21f5918a60e/fetchFileTemp10347340607446651079.tmp has been previously copied to /tmp/spark-9cdfb6d7-6ddc-46fa-9264-d49bbd98e237/userFiles-4e57a08d-f54e-4330-80ca-b21f5918a60e/org.lz4_lz4-java-1.8.0.jar
[2025-05-09T19:44:19.197+0000] {subprocess.py:93} INFO - 25/05/09 19:44:19 INFO Executor: Adding file:/tmp/spark-9cdfb6d7-6ddc-46fa-9264-d49bbd98e237/userFiles-4e57a08d-f54e-4330-80ca-b21f5918a60e/org.lz4_lz4-java-1.8.0.jar to class loader default
[2025-05-09T19:44:19.201+0000] {subprocess.py:93} INFO - 25/05/09 19:44:19 INFO Executor: Fetching spark://377ab47e54ce:38647/jars/com.typesafe_config-1.4.1.jar with timestamp 1746819855135
[2025-05-09T19:44:19.210+0000] {subprocess.py:93} INFO - 25/05/09 19:44:19 INFO Utils: Fetching spark://377ab47e54ce:38647/jars/com.typesafe_config-1.4.1.jar to /tmp/spark-9cdfb6d7-6ddc-46fa-9264-d49bbd98e237/userFiles-4e57a08d-f54e-4330-80ca-b21f5918a60e/fetchFileTemp12293941333492821005.tmp
[2025-05-09T19:44:19.213+0000] {subprocess.py:93} INFO - 25/05/09 19:44:19 INFO Utils: /tmp/spark-9cdfb6d7-6ddc-46fa-9264-d49bbd98e237/userFiles-4e57a08d-f54e-4330-80ca-b21f5918a60e/fetchFileTemp12293941333492821005.tmp has been previously copied to /tmp/spark-9cdfb6d7-6ddc-46fa-9264-d49bbd98e237/userFiles-4e57a08d-f54e-4330-80ca-b21f5918a60e/com.typesafe_config-1.4.1.jar
[2025-05-09T19:44:19.219+0000] {subprocess.py:93} INFO - 25/05/09 19:44:19 INFO Executor: Adding file:/tmp/spark-9cdfb6d7-6ddc-46fa-9264-d49bbd98e237/userFiles-4e57a08d-f54e-4330-80ca-b21f5918a60e/com.typesafe_config-1.4.1.jar to class loader default
[2025-05-09T19:44:19.220+0000] {subprocess.py:93} INFO - 25/05/09 19:44:19 INFO Executor: Fetching spark://377ab47e54ce:38647/jars/io.dropwizard.metrics_metrics-core-4.1.18.jar with timestamp 1746819855135
[2025-05-09T19:44:19.221+0000] {subprocess.py:93} INFO - 25/05/09 19:44:19 INFO Utils: Fetching spark://377ab47e54ce:38647/jars/io.dropwizard.metrics_metrics-core-4.1.18.jar to /tmp/spark-9cdfb6d7-6ddc-46fa-9264-d49bbd98e237/userFiles-4e57a08d-f54e-4330-80ca-b21f5918a60e/fetchFileTemp12559995395429566850.tmp
[2025-05-09T19:44:19.226+0000] {subprocess.py:93} INFO - 25/05/09 19:44:19 INFO Utils: /tmp/spark-9cdfb6d7-6ddc-46fa-9264-d49bbd98e237/userFiles-4e57a08d-f54e-4330-80ca-b21f5918a60e/fetchFileTemp12559995395429566850.tmp has been previously copied to /tmp/spark-9cdfb6d7-6ddc-46fa-9264-d49bbd98e237/userFiles-4e57a08d-f54e-4330-80ca-b21f5918a60e/io.dropwizard.metrics_metrics-core-4.1.18.jar
[2025-05-09T19:44:19.229+0000] {subprocess.py:93} INFO - 25/05/09 19:44:19 INFO Executor: Adding file:/tmp/spark-9cdfb6d7-6ddc-46fa-9264-d49bbd98e237/userFiles-4e57a08d-f54e-4330-80ca-b21f5918a60e/io.dropwizard.metrics_metrics-core-4.1.18.jar to class loader default
[2025-05-09T19:44:19.230+0000] {subprocess.py:93} INFO - 25/05/09 19:44:19 INFO Executor: Fetching spark://377ab47e54ce:38647/jars/commons-logging_commons-logging-1.1.3.jar with timestamp 1746819855135
[2025-05-09T19:44:19.231+0000] {subprocess.py:93} INFO - 25/05/09 19:44:19 INFO Utils: Fetching spark://377ab47e54ce:38647/jars/commons-logging_commons-logging-1.1.3.jar to /tmp/spark-9cdfb6d7-6ddc-46fa-9264-d49bbd98e237/userFiles-4e57a08d-f54e-4330-80ca-b21f5918a60e/fetchFileTemp16641978960777034107.tmp
[2025-05-09T19:44:19.234+0000] {subprocess.py:93} INFO - 25/05/09 19:44:19 INFO Utils: /tmp/spark-9cdfb6d7-6ddc-46fa-9264-d49bbd98e237/userFiles-4e57a08d-f54e-4330-80ca-b21f5918a60e/fetchFileTemp16641978960777034107.tmp has been previously copied to /tmp/spark-9cdfb6d7-6ddc-46fa-9264-d49bbd98e237/userFiles-4e57a08d-f54e-4330-80ca-b21f5918a60e/commons-logging_commons-logging-1.1.3.jar
[2025-05-09T19:44:19.239+0000] {subprocess.py:93} INFO - 25/05/09 19:44:19 INFO Executor: Adding file:/tmp/spark-9cdfb6d7-6ddc-46fa-9264-d49bbd98e237/userFiles-4e57a08d-f54e-4330-80ca-b21f5918a60e/commons-logging_commons-logging-1.1.3.jar to class loader default
[2025-05-09T19:44:19.262+0000] {subprocess.py:93} INFO - 25/05/09 19:44:19 INFO Utils: Successfully started service 'org.apache.spark.network.netty.NettyBlockTransferService' on port 37581.
[2025-05-09T19:44:19.264+0000] {subprocess.py:93} INFO - 25/05/09 19:44:19 INFO NettyBlockTransferService: Server created on 377ab47e54ce:37581
[2025-05-09T19:44:19.269+0000] {subprocess.py:93} INFO - 25/05/09 19:44:19 INFO BlockManager: Using org.apache.spark.storage.RandomBlockReplicationPolicy for block replication policy
[2025-05-09T19:44:19.282+0000] {subprocess.py:93} INFO - 25/05/09 19:44:19 INFO BlockManagerMaster: Registering BlockManager BlockManagerId(driver, 377ab47e54ce, 37581, None)
[2025-05-09T19:44:19.290+0000] {subprocess.py:93} INFO - 25/05/09 19:44:19 INFO BlockManagerMasterEndpoint: Registering block manager 377ab47e54ce:37581 with 434.4 MiB RAM, BlockManagerId(driver, 377ab47e54ce, 37581, None)
[2025-05-09T19:44:19.295+0000] {subprocess.py:93} INFO - 25/05/09 19:44:19 INFO BlockManagerMaster: Registered BlockManager BlockManagerId(driver, 377ab47e54ce, 37581, None)
[2025-05-09T19:44:19.299+0000] {subprocess.py:93} INFO - 25/05/09 19:44:19 INFO BlockManager: Initialized BlockManager: BlockManagerId(driver, 377ab47e54ce, 37581, None)
[2025-05-09T19:44:23.177+0000] {subprocess.py:93} INFO - 25/05/09 19:44:23 INFO SharedState: Setting hive.metastore.warehouse.dir ('null') to the value of spark.sql.warehouse.dir.
[2025-05-09T19:44:23.187+0000] {subprocess.py:93} INFO - 25/05/09 19:44:23 INFO SharedState: Warehouse path is 'file:/opt/spark-apps/spark-warehouse'.
[2025-05-09T19:44:24.292+0000] {local_task_job_runner.py:294} WARNING - State of this instance has been externally set to failed. Terminating instance.
[2025-05-09T19:44:24.308+0000] {process_utils.py:131} INFO - Sending 15 to group 1646. PIDs of all processes in the group: [1647, 1646]
[2025-05-09T19:44:24.312+0000] {process_utils.py:86} INFO - Sending the signal 15 to group 1646
[2025-05-09T19:44:24.317+0000] {taskinstance.py:1630} ERROR - Received SIGTERM. Terminating subprocesses.
[2025-05-09T19:44:24.333+0000] {subprocess.py:104} INFO - Sending SIGTERM signal to process group
[2025-05-09T19:44:24.470+0000] {process_utils.py:79} INFO - Process psutil.Process(pid=1647, status='terminated', started='19:44:06') (1647) terminated with exit code None
[2025-05-09T19:44:24.473+0000] {process_utils.py:79} INFO - Process psutil.Process(pid=1646, status='terminated', exitcode=0, started='19:44:05') (1646) terminated with exit code 0
