[2025-05-20T13:52:00.767+0000] {taskinstance.py:1157} INFO - Dependencies all met for dep_context=non-requeueable deps ti=<TaskInstance: start_kafka_spark.verify_hdfs_data manual__2025-05-20T13:46:18.165134+00:00 [queued]>
[2025-05-20T13:52:00.781+0000] {taskinstance.py:1157} INFO - Dependencies all met for dep_context=requeueable deps ti=<TaskInstance: start_kafka_spark.verify_hdfs_data manual__2025-05-20T13:46:18.165134+00:00 [queued]>
[2025-05-20T13:52:00.782+0000] {taskinstance.py:1359} INFO - Starting attempt 2 of 2
[2025-05-20T13:52:00.799+0000] {taskinstance.py:1380} INFO - Executing <Task(BashOperator): verify_hdfs_data> on 2025-05-20 13:46:18.165134+00:00
[2025-05-20T13:52:00.805+0000] {standard_task_runner.py:57} INFO - Started process 1409 to run task
[2025-05-20T13:52:00.809+0000] {standard_task_runner.py:84} INFO - Running: ['***', 'tasks', 'run', 'start_kafka_spark', 'verify_hdfs_data', 'manual__2025-05-20T13:46:18.165134+00:00', '--job-id', '25', '--raw', '--subdir', 'DAGS_FOLDER/streaming_lance.py', '--cfg-path', '/tmp/tmp3mzsltty']
[2025-05-20T13:52:00.814+0000] {standard_task_runner.py:85} INFO - Job 25: Subtask verify_hdfs_data
[2025-05-20T13:52:00.883+0000] {task_command.py:415} INFO - Running <TaskInstance: start_kafka_spark.verify_hdfs_data manual__2025-05-20T13:46:18.165134+00:00 [running]> on host 341131c8572d
[2025-05-20T13:52:00.985+0000] {taskinstance.py:1660} INFO - Exporting env vars: AIRFLOW_CTX_DAG_OWNER='***' AIRFLOW_CTX_DAG_ID='start_kafka_spark' AIRFLOW_CTX_TASK_ID='verify_hdfs_data' AIRFLOW_CTX_EXECUTION_DATE='2025-05-20T13:46:18.165134+00:00' AIRFLOW_CTX_TRY_NUMBER='2' AIRFLOW_CTX_DAG_RUN_ID='manual__2025-05-20T13:46:18.165134+00:00'
[2025-05-20T13:52:00.987+0000] {subprocess.py:63} INFO - Tmp dir root location: /tmp
[2025-05-20T13:52:00.988+0000] {subprocess.py:75} INFO - Running command: ['/bin/bash', '-c', '\n            # Vérifier si des données existent dans HDFS pour aujourd\'hui\n            hdfs_output=$(docker exec -i namenode bash -c "hdfs dfs -ls /gold_price/aggregates/year=2025/month=05/day=20" 2>/dev/null)\n\n            if [ -n "$hdfs_output" ]; then\n                echo "Données HDFS présentes pour aujourd\'hui (2025-05-20)"\n                curl -X POST -H "Content-Type: application/json" -d \'{"content":"✅ Données HDFS présentes pour 2025-05-20 ! Pipeline fonctionne."}\' https://discord.com/api/webhooks/1374382502981931008/BRaqnl_BHNxEep-dItvMinlhhcd9Tk5-sj3RbKdG3qDzLjwfYGRze8IZTxRoaiQj0DE2\n            else\n                echo "Aucune donnée HDFS trouvée pour aujourd\'hui (2025-05-20)"\n                curl -X POST -H "Content-Type: application/json" -d \'{"content":"❌ Aucune donnée HDFS trouvée pour 2025-05-20. Vérifiez le pipeline."}\' https://discord.com/api/webhooks/1374382502981931008/BRaqnl_BHNxEep-dItvMinlhhcd9Tk5-sj3RbKdG3qDzLjwfYGRze8IZTxRoaiQj0DE2\n            fi\n        ']
[2025-05-20T13:52:01.000+0000] {subprocess.py:86} INFO - Output:
[2025-05-20T13:52:04.218+0000] {subprocess.py:93} INFO - Aucune donnée HDFS trouvée pour aujourd'hui (2025-05-20)
[2025-05-20T13:52:04.227+0000] {subprocess.py:93} INFO -   % Total    % Received % Xferd  Average Speed   Time    Time     Time  Current
[2025-05-20T13:52:04.228+0000] {subprocess.py:93} INFO -                                  Dload  Upload   Total   Spent    Left  Speed
[2025-05-20T13:52:04.679+0000] {subprocess.py:93} INFO -   0     0    0     0    0     0      0      0 --:--:-- --:--:-- --:--:--     0100    86    0     0  100    86      0    308 --:--:-- --:--:-- --:--:--   307100    86    0     0  100    86      0    190 --:--:-- --:--:-- --:--:--   190
[2025-05-20T13:52:04.683+0000] {subprocess.py:97} INFO - Command exited with return code 0
[2025-05-20T13:52:04.719+0000] {taskinstance.py:1398} INFO - Marking task as SUCCESS. dag_id=start_kafka_spark, task_id=verify_hdfs_data, execution_date=20250520T134618, start_date=20250520T135200, end_date=20250520T135204
[2025-05-20T13:52:04.784+0000] {local_task_job_runner.py:228} INFO - Task exited with return code 0
[2025-05-20T13:52:04.810+0000] {taskinstance.py:2776} INFO - 0 downstream tasks scheduled from follow-on schedule check
