[2025-05-09T19:32:35.573+0000] {taskinstance.py:1157} INFO - Dependencies all met for dep_context=non-requeueable deps ti=<TaskInstance: gold_news_pipeline.run_consumer scheduled__2025-05-09T19:21:57.104967+00:00 [queued]>
[2025-05-09T19:32:35.604+0000] {taskinstance.py:1157} INFO - Dependencies all met for dep_context=requeueable deps ti=<TaskInstance: gold_news_pipeline.run_consumer scheduled__2025-05-09T19:21:57.104967+00:00 [queued]>
[2025-05-09T19:32:35.605+0000] {taskinstance.py:1359} INFO - Starting attempt 1 of 1
[2025-05-09T19:32:35.646+0000] {taskinstance.py:1380} INFO - Executing <Task(BashOperator): run_consumer> on 2025-05-09 19:21:57.104967+00:00
[2025-05-09T19:32:35.661+0000] {standard_task_runner.py:57} INFO - Started process 419 to run task
[2025-05-09T19:32:35.673+0000] {standard_task_runner.py:84} INFO - Running: ['***', 'tasks', 'run', 'gold_news_pipeline', 'run_consumer', 'scheduled__2025-05-09T19:21:57.104967+00:00', '--job-id', '67', '--raw', '--subdir', 'DAGS_FOLDER/dag_streaming.py', '--cfg-path', '/tmp/tmp87kbyaz7']
[2025-05-09T19:32:35.678+0000] {standard_task_runner.py:85} INFO - Job 67: Subtask run_consumer
[2025-05-09T19:32:35.872+0000] {task_command.py:415} INFO - Running <TaskInstance: gold_news_pipeline.run_consumer scheduled__2025-05-09T19:21:57.104967+00:00 [running]> on host 6df022cfc9bf
[2025-05-09T19:32:36.042+0000] {taskinstance.py:1660} INFO - Exporting env vars: AIRFLOW_CTX_DAG_OWNER='***' AIRFLOW_CTX_DAG_ID='gold_news_pipeline' AIRFLOW_CTX_TASK_ID='run_consumer' AIRFLOW_CTX_EXECUTION_DATE='2025-05-09T19:21:57.104967+00:00' AIRFLOW_CTX_TRY_NUMBER='1' AIRFLOW_CTX_DAG_RUN_ID='scheduled__2025-05-09T19:21:57.104967+00:00'
[2025-05-09T19:32:36.045+0000] {subprocess.py:63} INFO - Tmp dir root location: /tmp
[2025-05-09T19:32:36.046+0000] {subprocess.py:75} INFO - Running command: ['/bin/bash', '-c', 'docker exec gold_price_project-spark-1 spark-submit --packages org.apache.spark:spark-sql-kafka-0-10_2.12:3.5.0,com.datastax.spark:spark-cassandra-connector_2.12:3.5.0 /scripts/spark_news.py']
[2025-05-09T19:32:36.075+0000] {subprocess.py:86} INFO - Output:
[2025-05-09T19:32:40.862+0000] {subprocess.py:93} INFO - :: loading settings :: url = jar:file:/opt/spark/jars/ivy-2.5.1.jar!/org/apache/ivy/core/settings/ivysettings.xml
[2025-05-09T19:32:41.052+0000] {subprocess.py:93} INFO - Ivy Default Cache set to: /root/.ivy2/cache
[2025-05-09T19:32:41.053+0000] {subprocess.py:93} INFO - The jars for the packages stored in: /root/.ivy2/jars
[2025-05-09T19:32:41.082+0000] {subprocess.py:93} INFO - org.apache.spark#spark-sql-kafka-0-10_2.12 added as a dependency
[2025-05-09T19:32:41.085+0000] {subprocess.py:93} INFO - com.datastax.spark#spark-cassandra-connector_2.12 added as a dependency
[2025-05-09T19:32:41.086+0000] {subprocess.py:93} INFO - :: resolving dependencies :: org.apache.spark#spark-submit-parent-e8a4a44e-2768-4f91-acdc-ffd87dd0ca41;1.0
[2025-05-09T19:32:41.087+0000] {subprocess.py:93} INFO - 	confs: [default]
[2025-05-09T19:32:45.847+0000] {local_task_job_runner.py:294} WARNING - State of this instance has been externally set to failed. Terminating instance.
[2025-05-09T19:32:45.853+0000] {process_utils.py:131} INFO - Sending 15 to group 419. PIDs of all processes in the group: [422, 419]
[2025-05-09T19:32:45.854+0000] {process_utils.py:86} INFO - Sending the signal 15 to group 419
[2025-05-09T19:32:45.855+0000] {taskinstance.py:1630} ERROR - Received SIGTERM. Terminating subprocesses.
[2025-05-09T19:32:45.856+0000] {subprocess.py:104} INFO - Sending SIGTERM signal to process group
[2025-05-09T19:32:45.907+0000] {process_utils.py:79} INFO - Process psutil.Process(pid=419, status='terminated', exitcode=0, started='19:32:35') (419) terminated with exit code 0
[2025-05-09T19:32:45.908+0000] {process_utils.py:79} INFO - Process psutil.Process(pid=422, status='terminated', started='19:32:36') (422) terminated with exit code None
